<!--
 Licensed to the Apache Software Foundation (ASF) under one
 or more contributor license agreements. See the NOTICE file
 distributed with this work for additional information
 regarding copyright ownership. The ASF licenses this file
 to you under the Apache License, Version 2.0 (the
 "License"); you may not use this file except in compliance
 with the License. You may obtain a copy of the License at

     http://www.apache.org/licenses/LICENSE-2.0

 Unless required by applicable law or agreed to in writing,
 software distributed under the License is distributed on an
 "AS IS" BASIS, WITHOUT WARRANTIES OR CONDITIONS OF ANY
 KIND, either express or implied. See the License for the
 specific language governing permissions and limitations
 under the License.
-->

<?xml version="1.0" encoding="UTF-8"?>
<testsuite name="JUnit Vintage" tests="1133" skipped="0" failures="0" errors="0" time="0.436" hostname="johcue-VirtualBox" timestamp="2024-11-30T14:41:17">
<properties>
<property name="awt.toolkit" value="sun.awt.X11.XToolkit"/>
<property name="file.encoding" value="UTF-8"/>
<property name="file.separator" value="/"/>
<property name="java.awt.graphicsenv" value="sun.awt.X11GraphicsEnvironment"/>
<property name="java.awt.printerjob" value="sun.print.PSPrinterJob"/>
<property name="java.class.path" value="randoop-tests:/home/johcue/Documents/SwD/commons-imaging/target/classes:/home/johcue/Documents/SwD/commons-imaging/randoop-all-4.3.3.jar:/home/johcue/.m2/repository/org/junit/platform/junit-platform-console-standalone/1.9.2/junit-platform-console-standalone-1.9.2.jar"/>
<property name="java.class.version" value="55.0"/>
<property name="java.home" value="/usr/lib/jvm/java-11-openjdk-amd64"/>
<property name="java.io.tmpdir" value="/tmp"/>
<property name="java.library.path" value="/usr/java/packages/lib:/usr/lib/x86_64-linux-gnu/jni:/lib/x86_64-linux-gnu:/usr/lib/x86_64-linux-gnu:/usr/lib/jni:/lib:/usr/lib"/>
<property name="java.runtime.name" value="OpenJDK Runtime Environment"/>
<property name="java.runtime.version" value="11.0.25+9-post-Ubuntu-1ubuntu124.04"/>
<property name="java.specification.maintenance.version" value="3"/>
<property name="java.specification.name" value="Java Platform API Specification"/>
<property name="java.specification.vendor" value="Oracle Corporation"/>
<property name="java.specification.version" value="11"/>
<property name="java.vendor" value="Ubuntu"/>
<property name="java.vendor.url" value="https://ubuntu.com/"/>
<property name="java.vendor.url.bug" value="https://bugs.launchpad.net/ubuntu/+source/openjdk-lts"/>
<property name="java.version" value="11.0.25"/>
<property name="java.version.date" value="2024-10-15"/>
<property name="java.vm.compressedOopsMode" value="Zero based"/>
<property name="java.vm.info" value="mixed mode, sharing"/>
<property name="java.vm.name" value="OpenJDK 64-Bit Server VM"/>
<property name="java.vm.specification.name" value="Java Virtual Machine Specification"/>
<property name="java.vm.specification.vendor" value="Oracle Corporation"/>
<property name="java.vm.specification.version" value="11"/>
<property name="java.vm.vendor" value="Ubuntu"/>
<property name="java.vm.version" value="11.0.25+9-post-Ubuntu-1ubuntu124.04"/>
<property name="jdk.debug" value="release"/>
<property name="line.separator" value="
"/>
<property name="os.arch" value="amd64"/>
<property name="os.name" value="Linux"/>
<property name="os.version" value="6.8.0-49-generic"/>
<property name="path.separator" value=":"/>
<property name="sun.arch.data.model" value="64"/>
<property name="sun.boot.library.path" value="/usr/lib/jvm/java-11-openjdk-amd64/lib"/>
<property name="sun.cpu.endian" value="little"/>
<property name="sun.cpu.isalist" value=""/>
<property name="sun.desktop" value="gnome"/>
<property name="sun.io.unicode.encoding" value="UnicodeLittle"/>
<property name="sun.java.command" value="org.junit.platform.console.ConsoleLauncher --scan-classpath --reports-dir=./junit-reports"/>
<property name="sun.java.launcher" value="SUN_STANDARD"/>
<property name="sun.jnu.encoding" value="UTF-8"/>
<property name="sun.management.compiler" value="HotSpot 64-Bit Tiered Compilers"/>
<property name="sun.os.patch.level" value="unknown"/>
<property name="user.country" value="US"/>
<property name="user.dir" value="/home/johcue/Documents/SwD/commons-imaging"/>
<property name="user.home" value="/home/johcue"/>
<property name="user.language" value="en"/>
<property name="user.name" value="johcue"/>
<property name="user.timezone" value="Europe/Rome"/>
</properties>
<testcase name="test0717" classname="RegressionTest1" time="0">
<system-out><![CDATA[
unique-id: [engine:junit-vintage]/[runner:RegressionTest]/[test:RegressionTest1]/[test:test0717(RegressionTest1)]
display-name: test0717
]]></system-out>
</testcase>
<testcase name="test0091" classname="RegressionTest0" time="0">
<system-out><![CDATA[
unique-id: [engine:junit-vintage]/[runner:RegressionTest]/[test:RegressionTest0]/[test:test0091(RegressionTest0)]
display-name: test0091
]]></system-out>
</testcase>
<testcase name="test0162" classname="RegressionTest0" time="0">
<system-out><![CDATA[
unique-id: [engine:junit-vintage]/[runner:RegressionTest]/[test:RegressionTest0]/[test:test0162(RegressionTest0)]
display-name: test0162
]]></system-out>
</testcase>
<testcase name="test0646" classname="RegressionTest1" time="0">
<system-out><![CDATA[
unique-id: [engine:junit-vintage]/[runner:RegressionTest]/[test:RegressionTest1]/[test:test0646(RegressionTest1)]
display-name: test0646
]]></system-out>
</testcase>
<testcase name="test0396" classname="RegressionTest0" time="0">
<system-out><![CDATA[
unique-id: [engine:junit-vintage]/[runner:RegressionTest]/[test:RegressionTest0]/[test:test0396(RegressionTest0)]
display-name: test0396
]]></system-out>
</testcase>
<testcase name="test0432" classname="RegressionTest0" time="0">
<system-out><![CDATA[
unique-id: [engine:junit-vintage]/[runner:RegressionTest]/[test:RegressionTest0]/[test:test0432(RegressionTest0)]
display-name: test0432
]]></system-out>
</testcase>
<testcase name="test0014" classname="RegressionTest0" time="0">
<system-out><![CDATA[
unique-id: [engine:junit-vintage]/[runner:RegressionTest]/[test:RegressionTest0]/[test:test0014(RegressionTest0)]
display-name: test0014
]]></system-out>
</testcase>
<testcase name="test0830" classname="RegressionTest1" time="0">
<system-out><![CDATA[
unique-id: [engine:junit-vintage]/[runner:RegressionTest]/[test:RegressionTest1]/[test:test0830(RegressionTest1)]
display-name: test0830
]]></system-out>
</testcase>
<testcase name="test0304" classname="RegressionTest0" time="0">
<system-out><![CDATA[
unique-id: [engine:junit-vintage]/[runner:RegressionTest]/[test:RegressionTest0]/[test:test0304(RegressionTest0)]
display-name: test0304
]]></system-out>
</testcase>
<testcase name="test1114" classname="RegressionTest2" time="0">
<system-out><![CDATA[
unique-id: [engine:junit-vintage]/[runner:RegressionTest]/[test:RegressionTest2]/[test:test1114(RegressionTest2)]
display-name: test1114
]]></system-out>
</testcase>
<testcase name="test0361" classname="RegressionTest0" time="0">
<system-out><![CDATA[
unique-id: [engine:junit-vintage]/[runner:RegressionTest]/[test:RegressionTest0]/[test:test0361(RegressionTest0)]
display-name: test0361
]]></system-out>
</testcase>
<testcase name="test0540" classname="RegressionTest1" time="0">
<system-out><![CDATA[
unique-id: [engine:junit-vintage]/[runner:RegressionTest]/[test:RegressionTest1]/[test:test0540(RegressionTest1)]
display-name: test0540
]]></system-out>
</testcase>
<testcase name="test0518" classname="RegressionTest1" time="0">
<system-out><![CDATA[
unique-id: [engine:junit-vintage]/[runner:RegressionTest]/[test:RegressionTest1]/[test:test0518(RegressionTest1)]
display-name: test0518
]]></system-out>
</testcase>
<testcase name="test0901" classname="RegressionTest1" time="0">
<system-out><![CDATA[
unique-id: [engine:junit-vintage]/[runner:RegressionTest]/[test:RegressionTest1]/[test:test0901(RegressionTest1)]
display-name: test0901
]]></system-out>
</testcase>
<testcase name="test0865" classname="RegressionTest1" time="0">
<system-out><![CDATA[
unique-id: [engine:junit-vintage]/[runner:RegressionTest]/[test:RegressionTest1]/[test:test0865(RegressionTest1)]
display-name: test0865
]]></system-out>
</testcase>
<testcase name="test0339" classname="RegressionTest0" time="0">
<system-out><![CDATA[
unique-id: [engine:junit-vintage]/[runner:RegressionTest]/[test:RegressionTest0]/[test:test0339(RegressionTest0)]
display-name: test0339
]]></system-out>
</testcase>
<testcase name="test0774" classname="RegressionTest1" time="0">
<system-out><![CDATA[
unique-id: [engine:junit-vintage]/[runner:RegressionTest]/[test:RegressionTest1]/[test:test0774(RegressionTest1)]
display-name: test0774
]]></system-out>
</testcase>
<testcase name="test0177" classname="RegressionTest0" time="0">
<system-out><![CDATA[
unique-id: [engine:junit-vintage]/[runner:RegressionTest]/[test:RegressionTest0]/[test:test0177(RegressionTest0)]
display-name: test0177
]]></system-out>
</testcase>
<testcase name="test0560" classname="RegressionTest1" time="0">
<system-out><![CDATA[
unique-id: [engine:junit-vintage]/[runner:RegressionTest]/[test:RegressionTest1]/[test:test0560(RegressionTest1)]
display-name: test0560
]]></system-out>
</testcase>
<testcase name="test0105" classname="RegressionTest0" time="0">
<system-out><![CDATA[
unique-id: [engine:junit-vintage]/[runner:RegressionTest]/[test:RegressionTest0]/[test:test0105(RegressionTest0)]
display-name: test0105
]]></system-out>
</testcase>
<testcase name="test0666" classname="RegressionTest1" time="0">
<system-out><![CDATA[
unique-id: [engine:junit-vintage]/[runner:RegressionTest]/[test:RegressionTest1]/[test:test0666(RegressionTest1)]
display-name: test0666
]]></system-out>
</testcase>
<testcase name="test0845" classname="RegressionTest1" time="0">
<system-out><![CDATA[
unique-id: [engine:junit-vintage]/[runner:RegressionTest]/[test:RegressionTest1]/[test:test0845(RegressionTest1)]
display-name: test0845
]]></system-out>
</testcase>
<testcase name="test0290" classname="RegressionTest0" time="0">
<system-out><![CDATA[
unique-id: [engine:junit-vintage]/[runner:RegressionTest]/[test:RegressionTest0]/[test:test0290(RegressionTest0)]
display-name: test0290
]]></system-out>
</testcase>
<testcase name="test0794" classname="RegressionTest1" time="0">
<system-out><![CDATA[
unique-id: [engine:junit-vintage]/[runner:RegressionTest]/[test:RegressionTest1]/[test:test0794(RegressionTest1)]
display-name: test0794
]]></system-out>
</testcase>
<testcase name="test0916" classname="RegressionTest1" time="0">
<system-out><![CDATA[
unique-id: [engine:junit-vintage]/[runner:RegressionTest]/[test:RegressionTest1]/[test:test0916(RegressionTest1)]
display-name: test0916
]]></system-out>
</testcase>
<testcase name="test0049" classname="RegressionTest0" time="0">
<system-out><![CDATA[
unique-id: [engine:junit-vintage]/[runner:RegressionTest]/[test:RegressionTest0]/[test:test0049(RegressionTest0)]
display-name: test0049
]]></system-out>
</testcase>
<testcase name="test0233" classname="RegressionTest0" time="0">
<system-out><![CDATA[
unique-id: [engine:junit-vintage]/[runner:RegressionTest]/[test:RegressionTest0]/[test:test0233(RegressionTest0)]
display-name: test0233
]]></system-out>
</testcase>
<testcase name="test1043" classname="RegressionTest2" time="0">
<system-out><![CDATA[
unique-id: [engine:junit-vintage]/[runner:RegressionTest]/[test:RegressionTest2]/[test:test1043(RegressionTest2)]
display-name: test1043
]]></system-out>
</testcase>
<testcase name="test0611" classname="RegressionTest1" time="0">
<system-out><![CDATA[
unique-id: [engine:junit-vintage]/[runner:RegressionTest]/[test:RegressionTest1]/[test:test0611(RegressionTest1)]
display-name: test0611
]]></system-out>
</testcase>
<testcase name="test0467" classname="RegressionTest0" time="0">
<system-out><![CDATA[
unique-id: [engine:junit-vintage]/[runner:RegressionTest]/[test:RegressionTest0]/[test:test0467(RegressionTest0)]
display-name: test0467
]]></system-out>
</testcase>
<testcase name="test0850" classname="RegressionTest1" time="0">
<system-out><![CDATA[
unique-id: [engine:junit-vintage]/[runner:RegressionTest]/[test:RegressionTest1]/[test:test0850(RegressionTest1)]
display-name: test0850
]]></system-out>
</testcase>
<testcase name="test0737" classname="RegressionTest1" time="0">
<system-out><![CDATA[
unique-id: [engine:junit-vintage]/[runner:RegressionTest]/[test:RegressionTest1]/[test:test0737(RegressionTest1)]
display-name: test0737
]]></system-out>
</testcase>
<testcase name="test0520" classname="RegressionTest1" time="0">
<system-out><![CDATA[
unique-id: [engine:junit-vintage]/[runner:RegressionTest]/[test:RegressionTest1]/[test:test0520(RegressionTest1)]
display-name: test0520
]]></system-out>
</testcase>
<testcase name="test1080" classname="RegressionTest2" time="0">
<system-out><![CDATA[
unique-id: [engine:junit-vintage]/[runner:RegressionTest]/[test:RegressionTest2]/[test:test1080(RegressionTest2)]
display-name: test1080
]]></system-out>
</testcase>
<testcase name="test0503" classname="RegressionTest1" time="0">
<system-out><![CDATA[
unique-id: [engine:junit-vintage]/[runner:RegressionTest]/[test:RegressionTest1]/[test:test0503(RegressionTest1)]
display-name: test0503
]]></system-out>
</testcase>
<testcase name="test0270" classname="RegressionTest0" time="0">
<system-out><![CDATA[
unique-id: [engine:junit-vintage]/[runner:RegressionTest]/[test:RegressionTest0]/[test:test0270(RegressionTest0)]
display-name: test0270
]]></system-out>
</testcase>
<testcase name="test0885" classname="RegressionTest1" time="0">
<system-out><![CDATA[
unique-id: [engine:junit-vintage]/[runner:RegressionTest]/[test:RegressionTest1]/[test:test0885(RegressionTest1)]
display-name: test0885
]]></system-out>
</testcase>
<testcase name="test0288" classname="RegressionTest0" time="0.001">
<system-out><![CDATA[
unique-id: [engine:junit-vintage]/[runner:RegressionTest]/[test:RegressionTest0]/[test:test0288(RegressionTest0)]
display-name: test0288
]]></system-out>
</testcase>
<testcase name="test0359" classname="RegressionTest0" time="0">
<system-out><![CDATA[
unique-id: [engine:junit-vintage]/[runner:RegressionTest]/[test:RegressionTest0]/[test:test0359(RegressionTest0)]
display-name: test0359
]]></system-out>
</testcase>
<testcase name="test1098" classname="RegressionTest2" time="0">
<system-out><![CDATA[
unique-id: [engine:junit-vintage]/[runner:RegressionTest]/[test:RegressionTest2]/[test:test1098(RegressionTest2)]
display-name: test1098
]]></system-out>
</testcase>
<testcase name="test0029" classname="RegressionTest0" time="0">
<system-out><![CDATA[
unique-id: [engine:junit-vintage]/[runner:RegressionTest]/[test:RegressionTest0]/[test:test0029(RegressionTest0)]
display-name: test0029
]]></system-out>
</testcase>
<testcase name="test1063" classname="RegressionTest2" time="0">
<system-out><![CDATA[
unique-id: [engine:junit-vintage]/[runner:RegressionTest]/[test:RegressionTest2]/[test:test1063(RegressionTest2)]
display-name: test1063
]]></system-out>
</testcase>
<testcase name="test0253" classname="RegressionTest0" time="0">
<system-out><![CDATA[
unique-id: [engine:junit-vintage]/[runner:RegressionTest]/[test:RegressionTest0]/[test:test0253(RegressionTest0)]
display-name: test0253
]]></system-out>
</testcase>
<testcase name="test0538" classname="RegressionTest1" time="0">
<system-out><![CDATA[
unique-id: [engine:junit-vintage]/[runner:RegressionTest]/[test:RegressionTest1]/[test:test0538(RegressionTest1)]
display-name: test0538
]]></system-out>
</testcase>
<testcase name="test0157" classname="RegressionTest0" time="0">
<system-out><![CDATA[
unique-id: [engine:junit-vintage]/[runner:RegressionTest]/[test:RegressionTest0]/[test:test0157(RegressionTest0)]
display-name: test0157
]]></system-out>
</testcase>
<testcase name="test0626" classname="RegressionTest1" time="0">
<system-out><![CDATA[
unique-id: [engine:junit-vintage]/[runner:RegressionTest]/[test:RegressionTest1]/[test:test0626(RegressionTest1)]
display-name: test0626
]]></system-out>
</testcase>
<testcase name="test0973" classname="RegressionTest1" time="0">
<system-out><![CDATA[
unique-id: [engine:junit-vintage]/[runner:RegressionTest]/[test:RegressionTest1]/[test:test0973(RegressionTest1)]
display-name: test0973
]]></system-out>
</testcase>
<testcase name="test0487" classname="RegressionTest0" time="0">
<system-out><![CDATA[
unique-id: [engine:junit-vintage]/[runner:RegressionTest]/[test:RegressionTest0]/[test:test0487(RegressionTest0)]
display-name: test0487
]]></system-out>
</testcase>
<testcase name="test0122" classname="RegressionTest0" time="0">
<system-out><![CDATA[
unique-id: [engine:junit-vintage]/[runner:RegressionTest]/[test:RegressionTest0]/[test:test0122(RegressionTest0)]
display-name: test0122
]]></system-out>
</testcase>
<testcase name="test0248" classname="RegressionTest0" time="0">
<system-out><![CDATA[
unique-id: [engine:junit-vintage]/[runner:RegressionTest]/[test:RegressionTest0]/[test:test0248(RegressionTest0)]
display-name: test0248
]]></system-out>
</testcase>
<testcase name="test0381" classname="RegressionTest0" time="0">
<system-out><![CDATA[
unique-id: [engine:junit-vintage]/[runner:RegressionTest]/[test:RegressionTest0]/[test:test0381(RegressionTest0)]
display-name: test0381
]]></system-out>
</testcase>
<testcase name="test0757" classname="RegressionTest1" time="0">
<system-out><![CDATA[
unique-id: [engine:junit-vintage]/[runner:RegressionTest]/[test:RegressionTest1]/[test:test0757(RegressionTest1)]
display-name: test0757
]]></system-out>
</testcase>
<testcase name="test0034" classname="RegressionTest0" time="0">
<system-out><![CDATA[
unique-id: [engine:junit-vintage]/[runner:RegressionTest]/[test:RegressionTest0]/[test:test0034(RegressionTest0)]
display-name: test0034
]]></system-out>
</testcase>
<testcase name="test0631" classname="RegressionTest1" time="0">
<system-out><![CDATA[
unique-id: [engine:junit-vintage]/[runner:RegressionTest]/[test:RegressionTest1]/[test:test0631(RegressionTest1)]
display-name: test0631
]]></system-out>
</testcase>
<testcase name="test0882" classname="RegressionTest1" time="0">
<system-out><![CDATA[
unique-id: [engine:junit-vintage]/[runner:RegressionTest]/[test:RegressionTest1]/[test:test0882(RegressionTest1)]
display-name: test0882
]]></system-out>
</testcase>
<testcase name="test1058" classname="RegressionTest2" time="0">
<system-out><![CDATA[
unique-id: [engine:junit-vintage]/[runner:RegressionTest]/[test:RegressionTest2]/[test:test1058(RegressionTest2)]
display-name: test1058
]]></system-out>
</testcase>
<testcase name="test0273" classname="RegressionTest0" time="0">
<system-out><![CDATA[
unique-id: [engine:junit-vintage]/[runner:RegressionTest]/[test:RegressionTest0]/[test:test0273(RegressionTest0)]
display-name: test0273
]]></system-out>
</testcase>
<testcase name="test1083" classname="RegressionTest2" time="0">
<system-out><![CDATA[
unique-id: [engine:junit-vintage]/[runner:RegressionTest]/[test:RegressionTest2]/[test:test1083(RegressionTest2)]
display-name: test1083
]]></system-out>
</testcase>
<testcase name="test0142" classname="RegressionTest0" time="0">
<system-out><![CDATA[
unique-id: [engine:junit-vintage]/[runner:RegressionTest]/[test:RegressionTest0]/[test:test0142(RegressionTest0)]
display-name: test0142
]]></system-out>
</testcase>
<testcase name="test0988" classname="RegressionTest1" time="0">
<system-out><![CDATA[
unique-id: [engine:junit-vintage]/[runner:RegressionTest]/[test:RegressionTest1]/[test:test0988(RegressionTest1)]
display-name: test0988
]]></system-out>
</testcase>
<testcase name="test0523" classname="RegressionTest1" time="0">
<system-out><![CDATA[
unique-id: [engine:junit-vintage]/[runner:RegressionTest]/[test:RegressionTest1]/[test:test0523(RegressionTest1)]
display-name: test0523
]]></system-out>
</testcase>
<testcase name="test0250" classname="RegressionTest0" time="0">
<system-out><![CDATA[
unique-id: [engine:junit-vintage]/[runner:RegressionTest]/[test:RegressionTest0]/[test:test0250(RegressionTest0)]
display-name: test0250
]]></system-out>
</testcase>
<testcase name="test0268" classname="RegressionTest0" time="0">
<system-out><![CDATA[
unique-id: [engine:junit-vintage]/[runner:RegressionTest]/[test:RegressionTest0]/[test:test0268(RegressionTest0)]
display-name: test0268
]]></system-out>
</testcase>
<testcase name="test0379" classname="RegressionTest0" time="0">
<system-out><![CDATA[
unique-id: [engine:junit-vintage]/[runner:RegressionTest]/[test:RegressionTest0]/[test:test0379(RegressionTest0)]
display-name: test0379
]]></system-out>
</testcase>
<testcase name="test0651" classname="RegressionTest1" time="0">
<system-out><![CDATA[
unique-id: [engine:junit-vintage]/[runner:RegressionTest]/[test:RegressionTest1]/[test:test0651(RegressionTest1)]
display-name: test0651
]]></system-out>
</testcase>
<testcase name="test1060" classname="RegressionTest2" time="0">
<system-out><![CDATA[
unique-id: [engine:junit-vintage]/[runner:RegressionTest]/[test:RegressionTest2]/[test:test1060(RegressionTest2)]
display-name: test1060
]]></system-out>
</testcase>
<testcase name="test1078" classname="RegressionTest2" time="0">
<system-out><![CDATA[
unique-id: [engine:junit-vintage]/[runner:RegressionTest]/[test:RegressionTest2]/[test:test1078(RegressionTest2)]
display-name: test1078
]]></system-out>
</testcase>
<testcase name="test0754" classname="RegressionTest1" time="0">
<system-out><![CDATA[
unique-id: [engine:junit-vintage]/[runner:RegressionTest]/[test:RegressionTest1]/[test:test0754(RegressionTest1)]
display-name: test0754
]]></system-out>
</testcase>
<testcase name="test0376" classname="RegressionTest0" time="0">
<system-out><![CDATA[
unique-id: [engine:junit-vintage]/[runner:RegressionTest]/[test:RegressionTest0]/[test:test0376(RegressionTest0)]
display-name: test0376
]]></system-out>
</testcase>
<testcase name="test0993" classname="RegressionTest1" time="0">
<system-out><![CDATA[
unique-id: [engine:junit-vintage]/[runner:RegressionTest]/[test:RegressionTest1]/[test:test0993(RegressionTest1)]
display-name: test0993
]]></system-out>
</testcase>
<testcase name="test0102" classname="RegressionTest0" time="0">
<system-out><![CDATA[
unique-id: [engine:junit-vintage]/[runner:RegressionTest]/[test:RegressionTest0]/[test:test0102(RegressionTest0)]
display-name: test0102
]]></system-out>
</testcase>
<testcase name="test0216" classname="RegressionTest0" time="0">
<system-out><![CDATA[
unique-id: [engine:junit-vintage]/[runner:RegressionTest]/[test:RegressionTest0]/[test:test0216(RegressionTest0)]
display-name: test0216
]]></system-out>
</testcase>
<testcase name="test1026" classname="RegressionTest2" time="0">
<system-out><![CDATA[
unique-id: [engine:junit-vintage]/[runner:RegressionTest]/[test:RegressionTest2]/[test:test1026(RegressionTest2)]
display-name: test1026
]]></system-out>
</testcase>
<testcase name="test0145" classname="RegressionTest0" time="0">
<system-out><![CDATA[
unique-id: [engine:junit-vintage]/[runner:RegressionTest]/[test:RegressionTest0]/[test:test0145(RegressionTest0)]
display-name: test0145
]]></system-out>
</testcase>
<testcase name="test0742" classname="RegressionTest1" time="0">
<system-out><![CDATA[
unique-id: [engine:junit-vintage]/[runner:RegressionTest]/[test:RegressionTest1]/[test:test0742(RegressionTest1)]
display-name: test0742
]]></system-out>
</testcase>
<testcase name="test0110" classname="RegressionTest0" time="0">
<system-out><![CDATA[
unique-id: [engine:junit-vintage]/[runner:RegressionTest]/[test:RegressionTest0]/[test:test0110(RegressionTest0)]
display-name: test0110
]]></system-out>
</testcase>
<testcase name="test0208" classname="RegressionTest0" time="0">
<system-out><![CDATA[
unique-id: [engine:junit-vintage]/[runner:RegressionTest]/[test:RegressionTest0]/[test:test0208(RegressionTest0)]
display-name: test0208
]]></system-out>
</testcase>
<testcase name="test1018" classname="RegressionTest2" time="0">
<system-out><![CDATA[
unique-id: [engine:junit-vintage]/[runner:RegressionTest]/[test:RegressionTest2]/[test:test1018(RegressionTest2)]
display-name: test1018
]]></system-out>
</testcase>
<testcase name="test0734" classname="RegressionTest1" time="0">
<system-out><![CDATA[
unique-id: [engine:junit-vintage]/[runner:RegressionTest]/[test:RegressionTest1]/[test:test0734(RegressionTest1)]
display-name: test0734
]]></system-out>
</testcase>
<testcase name="test0848" classname="RegressionTest1" time="0">
<system-out><![CDATA[
unique-id: [engine:junit-vintage]/[runner:RegressionTest]/[test:RegressionTest1]/[test:test0848(RegressionTest1)]
display-name: test0848
]]></system-out>
</testcase>
<testcase name="test0543" classname="RegressionTest1" time="0">
<system-out><![CDATA[
unique-id: [engine:junit-vintage]/[runner:RegressionTest]/[test:RegressionTest1]/[test:test0543(RegressionTest1)]
display-name: test0543
]]></system-out>
</testcase>
<testcase name="test0813" classname="RegressionTest1" time="0">
<system-out><![CDATA[
unique-id: [engine:junit-vintage]/[runner:RegressionTest]/[test:RegressionTest1]/[test:test0813(RegressionTest1)]
display-name: test0813
]]></system-out>
</testcase>
<testcase name="test0265" classname="RegressionTest0" time="0">
<system-out><![CDATA[
unique-id: [engine:junit-vintage]/[runner:RegressionTest]/[test:RegressionTest0]/[test:test0265(RegressionTest0)]
display-name: test0265
]]></system-out>
</testcase>
<testcase name="test1075" classname="RegressionTest2" time="0">
<system-out><![CDATA[
unique-id: [engine:junit-vintage]/[runner:RegressionTest]/[test:RegressionTest2]/[test:test1075(RegressionTest2)]
display-name: test1075
]]></system-out>
</testcase>
<testcase name="test0535" classname="RegressionTest1" time="0">
<system-out><![CDATA[
unique-id: [engine:junit-vintage]/[runner:RegressionTest]/[test:RegressionTest1]/[test:test0535(RegressionTest1)]
display-name: test0535
]]></system-out>
</testcase>
<testcase name="test0578" classname="RegressionTest1" time="0">
<system-out><![CDATA[
unique-id: [engine:junit-vintage]/[runner:RegressionTest]/[test:RegressionTest1]/[test:test0578(RegressionTest1)]
display-name: test0578
]]></system-out>
</testcase>
<testcase name="test0805" classname="RegressionTest1" time="0">
<system-out><![CDATA[
unique-id: [engine:junit-vintage]/[runner:RegressionTest]/[test:RegressionTest1]/[test:test0805(RegressionTest1)]
display-name: test0805
]]></system-out>
</testcase>
<testcase name="test0961" classname="RegressionTest1" time="0">
<system-out><![CDATA[
unique-id: [engine:junit-vintage]/[runner:RegressionTest]/[test:RegressionTest1]/[test:test0961(RegressionTest1)]
display-name: test0961
]]></system-out>
</testcase>
<testcase name="test0791" classname="RegressionTest1" time="0">
<system-out><![CDATA[
unique-id: [engine:junit-vintage]/[runner:RegressionTest]/[test:RegressionTest1]/[test:test0791(RegressionTest1)]
display-name: test0791
]]></system-out>
</testcase>
<testcase name="test0953" classname="RegressionTest1" time="0">
<system-out><![CDATA[
unique-id: [engine:junit-vintage]/[runner:RegressionTest]/[test:RegressionTest1]/[test:test0953(RegressionTest1)]
display-name: test0953
]]></system-out>
</testcase>
<testcase name="test0356" classname="RegressionTest0" time="0">
<system-out><![CDATA[
unique-id: [engine:junit-vintage]/[runner:RegressionTest]/[test:RegressionTest0]/[test:test0356(RegressionTest0)]
display-name: test0356
]]></system-out>
</testcase>
<testcase name="test0364" classname="RegressionTest0" time="0">
<system-out><![CDATA[
unique-id: [engine:junit-vintage]/[runner:RegressionTest]/[test:RegressionTest0]/[test:test0364(RegressionTest0)]
display-name: test0364
]]></system-out>
</testcase>
<testcase name="test0919" classname="RegressionTest1" time="0">
<system-out><![CDATA[
unique-id: [engine:junit-vintage]/[runner:RegressionTest]/[test:RegressionTest1]/[test:test0919(RegressionTest1)]
display-name: test0919
]]></system-out>
</testcase>
<testcase name="test0051" classname="RegressionTest0" time="0">
<system-out><![CDATA[
unique-id: [engine:junit-vintage]/[runner:RegressionTest]/[test:RegressionTest0]/[test:test0051(RegressionTest0)]
display-name: test0051
]]></system-out>
</testcase>
<testcase name="test0464" classname="RegressionTest0" time="0">
<system-out><![CDATA[
unique-id: [engine:junit-vintage]/[runner:RegressionTest]/[test:RegressionTest0]/[test:test0464(RegressionTest0)]
display-name: test0464
]]></system-out>
</testcase>
<testcase name="test0629" classname="RegressionTest1" time="0">
<system-out><![CDATA[
unique-id: [engine:junit-vintage]/[runner:RegressionTest]/[test:RegressionTest1]/[test:test0629(RegressionTest1)]
display-name: test0629
]]></system-out>
</testcase>
<testcase name="test0897" classname="RegressionTest1" time="0">
<system-out><![CDATA[
unique-id: [engine:junit-vintage]/[runner:RegressionTest]/[test:RegressionTest1]/[test:test0897(RegressionTest1)]
display-name: test0897
]]></system-out>
</testcase>
<testcase name="test0046" classname="RegressionTest0" time="0">
<system-out><![CDATA[
unique-id: [engine:junit-vintage]/[runner:RegressionTest]/[test:RegressionTest0]/[test:test0046(RegressionTest0)]
display-name: test0046
]]></system-out>
</testcase>
<testcase name="test0472" classname="RegressionTest0" time="0">
<system-out><![CDATA[
unique-id: [engine:junit-vintage]/[runner:RegressionTest]/[test:RegressionTest0]/[test:test0472(RegressionTest0)]
display-name: test0472
]]></system-out>
</testcase>
<testcase name="test0789" classname="RegressionTest1" time="0">
<system-out><![CDATA[
unique-id: [engine:junit-vintage]/[runner:RegressionTest]/[test:RegressionTest1]/[test:test0789(RegressionTest1)]
display-name: test0789
]]></system-out>
</testcase>
<testcase name="test0797" classname="RegressionTest1" time="0">
<system-out><![CDATA[
unique-id: [engine:junit-vintage]/[runner:RegressionTest]/[test:RegressionTest1]/[test:test0797(RegressionTest1)]
display-name: test0797
]]></system-out>
</testcase>
<testcase name="test0054" classname="RegressionTest0" time="0">
<system-out><![CDATA[
unique-id: [engine:junit-vintage]/[runner:RegressionTest]/[test:RegressionTest0]/[test:test0054(RegressionTest0)]
display-name: test0054
]]></system-out>
</testcase>
<testcase name="test0002" classname="RegressionTest0" time="0.001">
<system-out><![CDATA[
unique-id: [engine:junit-vintage]/[runner:RegressionTest]/[test:RegressionTest0]/[test:test0002(RegressionTest0)]
display-name: test0002
]]></system-out>
</testcase>
<testcase name="test1126" classname="RegressionTest2" time="0">
<system-out><![CDATA[
unique-id: [engine:junit-vintage]/[runner:RegressionTest]/[test:RegressionTest2]/[test:test1126(RegressionTest2)]
display-name: test1126
]]></system-out>
</testcase>
<testcase name="test0316" classname="RegressionTest0" time="0">
<system-out><![CDATA[
unique-id: [engine:junit-vintage]/[runner:RegressionTest]/[test:RegressionTest0]/[test:test0316(RegressionTest0)]
display-name: test0316
]]></system-out>
</testcase>
<testcase name="test0913" classname="RegressionTest1" time="0">
<system-out><![CDATA[
unique-id: [engine:junit-vintage]/[runner:RegressionTest]/[test:RegressionTest1]/[test:test0913(RegressionTest1)]
display-name: test0913
]]></system-out>
</testcase>
<testcase name="test0108" classname="RegressionTest0" time="0">
<system-out><![CDATA[
unique-id: [engine:junit-vintage]/[runner:RegressionTest]/[test:RegressionTest0]/[test:test0108(RegressionTest0)]
display-name: test0108
]]></system-out>
</testcase>
<testcase name="test0921" classname="RegressionTest1" time="0">
<system-out><![CDATA[
unique-id: [engine:junit-vintage]/[runner:RegressionTest]/[test:RegressionTest1]/[test:test0921(RegressionTest1)]
display-name: test0921
]]></system-out>
</testcase>
<testcase name="test0210" classname="RegressionTest0" time="0">
<system-out><![CDATA[
unique-id: [engine:junit-vintage]/[runner:RegressionTest]/[test:RegressionTest0]/[test:test0210(RegressionTest0)]
display-name: test0210
]]></system-out>
</testcase>
<testcase name="test1020" classname="RegressionTest2" time="0">
<system-out><![CDATA[
unique-id: [engine:junit-vintage]/[runner:RegressionTest]/[test:RegressionTest2]/[test:test1020(RegressionTest2)]
display-name: test1020
]]></system-out>
</testcase>
<testcase name="test0808" classname="RegressionTest1" time="0">
<system-out><![CDATA[
unique-id: [engine:junit-vintage]/[runner:RegressionTest]/[test:RegressionTest1]/[test:test0808(RegressionTest1)]
display-name: test0808
]]></system-out>
</testcase>
<testcase name="test0705" classname="RegressionTest1" time="0">
<system-out><![CDATA[
unique-id: [engine:junit-vintage]/[runner:RegressionTest]/[test:RegressionTest1]/[test:test0705(RegressionTest1)]
display-name: test0705
]]></system-out>
</testcase>
<testcase name="test0683" classname="RegressionTest1" time="0">
<system-out><![CDATA[
unique-id: [engine:junit-vintage]/[runner:RegressionTest]/[test:RegressionTest1]/[test:test0683(RegressionTest1)]
display-name: test0683
]]></system-out>
</testcase>
<testcase name="test0686" classname="RegressionTest1" time="0">
<system-out><![CDATA[
unique-id: [engine:junit-vintage]/[runner:RegressionTest]/[test:RegressionTest1]/[test:test0686(RegressionTest1)]
display-name: test0686
]]></system-out>
</testcase>
<testcase name="test0956" classname="RegressionTest1" time="0">
<system-out><![CDATA[
unique-id: [engine:junit-vintage]/[runner:RegressionTest]/[test:RegressionTest1]/[test:test0956(RegressionTest1)]
display-name: test0956
]]></system-out>
</testcase>
<testcase name="test0086" classname="RegressionTest0" time="0">
<system-out><![CDATA[
unique-id: [engine:junit-vintage]/[runner:RegressionTest]/[test:RegressionTest0]/[test:test0086(RegressionTest0)]
display-name: test0086
]]></system-out>
</testcase>
<testcase name="test0678" classname="RegressionTest1" time="0">
<system-out><![CDATA[
unique-id: [engine:junit-vintage]/[runner:RegressionTest]/[test:RegressionTest1]/[test:test0678(RegressionTest1)]
display-name: test0678
]]></system-out>
</testcase>
<testcase name="test0948" classname="RegressionTest1" time="0">
<system-out><![CDATA[
unique-id: [engine:junit-vintage]/[runner:RegressionTest]/[test:RegressionTest1]/[test:test0948(RegressionTest1)]
display-name: test0948
]]></system-out>
</testcase>
<testcase name="test0691" classname="RegressionTest1" time="0">
<system-out><![CDATA[
unique-id: [engine:junit-vintage]/[runner:RegressionTest]/[test:RegressionTest1]/[test:test0691(RegressionTest1)]
display-name: test0691
]]></system-out>
</testcase>
<testcase name="test0435" classname="RegressionTest0" time="0">
<system-out><![CDATA[
unique-id: [engine:junit-vintage]/[runner:RegressionTest]/[test:RegressionTest0]/[test:test0435(RegressionTest0)]
display-name: test0435
]]></system-out>
</testcase>
<testcase name="test0427" classname="RegressionTest0" time="0">
<system-out><![CDATA[
unique-id: [engine:junit-vintage]/[runner:RegressionTest]/[test:RegressionTest0]/[test:test0427(RegressionTest0)]
display-name: test0427
]]></system-out>
</testcase>
<testcase name="test0810" classname="RegressionTest1" time="0">
<system-out><![CDATA[
unique-id: [engine:junit-vintage]/[runner:RegressionTest]/[test:RegressionTest1]/[test:test0810(RegressionTest1)]
display-name: test0810
]]></system-out>
</testcase>
<testcase name="test0213" classname="RegressionTest0" time="0">
<system-out><![CDATA[
unique-id: [engine:junit-vintage]/[runner:RegressionTest]/[test:RegressionTest0]/[test:test0213(RegressionTest0)]
display-name: test0213
]]></system-out>
</testcase>
<testcase name="test1023" classname="RegressionTest2" time="0">
<system-out><![CDATA[
unique-id: [engine:junit-vintage]/[runner:RegressionTest]/[test:RegressionTest2]/[test:test1023(RegressionTest2)]
display-name: test1023
]]></system-out>
</testcase>
<testcase name="test0221" classname="RegressionTest0" time="0">
<system-out><![CDATA[
unique-id: [engine:junit-vintage]/[runner:RegressionTest]/[test:RegressionTest0]/[test:test0221(RegressionTest0)]
display-name: test0221
]]></system-out>
</testcase>
<testcase name="test0319" classname="RegressionTest0" time="0">
<system-out><![CDATA[
unique-id: [engine:junit-vintage]/[runner:RegressionTest]/[test:RegressionTest0]/[test:test0319(RegressionTest0)]
display-name: test0319
]]></system-out>
</testcase>
<testcase name="test0702" classname="RegressionTest1" time="0">
<system-out><![CDATA[
unique-id: [engine:junit-vintage]/[runner:RegressionTest]/[test:RegressionTest1]/[test:test0702(RegressionTest1)]
display-name: test0702
]]></system-out>
</testcase>
<testcase name="test1129" classname="RegressionTest2" time="0">
<system-out><![CDATA[
unique-id: [engine:junit-vintage]/[runner:RegressionTest]/[test:RegressionTest2]/[test:test1129(RegressionTest2)]
display-name: test1129
]]></system-out>
</testcase>
<testcase name="test1131" classname="RegressionTest2" time="0">
<system-out><![CDATA[
unique-id: [engine:junit-vintage]/[runner:RegressionTest]/[test:RegressionTest2]/[test:test1131(RegressionTest2)]
display-name: test1131
]]></system-out>
</testcase>
<testcase name="test1031" classname="RegressionTest2" time="0">
<system-out><![CDATA[
unique-id: [engine:junit-vintage]/[runner:RegressionTest]/[test:RegressionTest2]/[test:test1031(RegressionTest2)]
display-name: test1031
]]></system-out>
</testcase>
<testcase name="test0327" classname="RegressionTest0" time="0">
<system-out><![CDATA[
unique-id: [engine:junit-vintage]/[runner:RegressionTest]/[test:RegressionTest0]/[test:test0327(RegressionTest0)]
display-name: test0327
]]></system-out>
</testcase>
<testcase name="test0094" classname="RegressionTest0" time="0">
<system-out><![CDATA[
unique-id: [engine:junit-vintage]/[runner:RegressionTest]/[test:RegressionTest0]/[test:test0094(RegressionTest0)]
display-name: test0094
]]></system-out>
</testcase>
<testcase name="test0194" classname="RegressionTest0" time="0">
<system-out><![CDATA[
unique-id: [engine:junit-vintage]/[runner:RegressionTest]/[test:RegressionTest0]/[test:test0194(RegressionTest0)]
display-name: test0194
]]></system-out>
</testcase>
<testcase name="test0321" classname="RegressionTest0" time="0">
<system-out><![CDATA[
unique-id: [engine:junit-vintage]/[runner:RegressionTest]/[test:RegressionTest0]/[test:test0321(RegressionTest0)]
display-name: test0321
]]></system-out>
</testcase>
<testcase name="test0089" classname="RegressionTest0" time="0">
<system-out><![CDATA[
unique-id: [engine:junit-vintage]/[runner:RegressionTest]/[test:RegressionTest0]/[test:test0089(RegressionTest0)]
display-name: test0089
]]></system-out>
</testcase>
<testcase name="test0959" classname="RegressionTest1" time="0">
<system-out><![CDATA[
unique-id: [engine:junit-vintage]/[runner:RegressionTest]/[test:RegressionTest1]/[test:test0959(RegressionTest1)]
display-name: test0959
]]></system-out>
</testcase>
<testcase name="test0575" classname="RegressionTest1" time="0">
<system-out><![CDATA[
unique-id: [engine:junit-vintage]/[runner:RegressionTest]/[test:RegressionTest1]/[test:test0575(RegressionTest1)]
display-name: test0575
]]></system-out>
</testcase>
<testcase name="test0189" classname="RegressionTest0" time="0.011">
<system-out><![CDATA[
unique-id: [engine:junit-vintage]/[runner:RegressionTest]/[test:RegressionTest0]/[test:test0189(RegressionTest0)]
display-name: test0189
]]></system-out>
</testcase>
<testcase name="test0572" classname="RegressionTest1" time="0">
<system-out><![CDATA[
unique-id: [engine:junit-vintage]/[runner:RegressionTest]/[test:RegressionTest1]/[test:test0572(RegressionTest1)]
display-name: test0572
]]></system-out>
</testcase>
<testcase name="test0197" classname="RegressionTest0" time="0">
<system-out><![CDATA[
unique-id: [engine:junit-vintage]/[runner:RegressionTest]/[test:RegressionTest0]/[test:test0197(RegressionTest0)]
display-name: test0197
]]></system-out>
</testcase>
<testcase name="test0580" classname="RegressionTest1" time="0">
<system-out><![CDATA[
unique-id: [engine:junit-vintage]/[runner:RegressionTest]/[test:RegressionTest1]/[test:test0580(RegressionTest1)]
display-name: test0580
]]></system-out>
</testcase>
<testcase name="test0680" classname="RegressionTest1" time="0">
<system-out><![CDATA[
unique-id: [engine:junit-vintage]/[runner:RegressionTest]/[test:RegressionTest1]/[test:test0680(RegressionTest1)]
display-name: test0680
]]></system-out>
</testcase>
<testcase name="test0324" classname="RegressionTest0" time="0">
<system-out><![CDATA[
unique-id: [engine:junit-vintage]/[runner:RegressionTest]/[test:RegressionTest0]/[test:test0324(RegressionTest0)]
display-name: test0324
]]></system-out>
</testcase>
<testcase name="test0459" classname="RegressionTest0" time="0">
<system-out><![CDATA[
unique-id: [engine:junit-vintage]/[runner:RegressionTest]/[test:RegressionTest0]/[test:test0459(RegressionTest0)]
display-name: test0459
]]></system-out>
</testcase>
<testcase name="test0689" classname="RegressionTest1" time="0">
<system-out><![CDATA[
unique-id: [engine:junit-vintage]/[runner:RegressionTest]/[test:RegressionTest1]/[test:test0689(RegressionTest1)]
display-name: test0689
]]></system-out>
</testcase>
<testcase name="test0475" classname="RegressionTest0" time="0">
<system-out><![CDATA[
unique-id: [engine:junit-vintage]/[runner:RegressionTest]/[test:RegressionTest0]/[test:test0475(RegressionTest0)]
display-name: test0475
]]></system-out>
</testcase>
<testcase name="test0225" classname="RegressionTest0" time="0">
<system-out><![CDATA[
unique-id: [engine:junit-vintage]/[runner:RegressionTest]/[test:RegressionTest0]/[test:test0225(RegressionTest0)]
display-name: test0225
]]></system-out>
</testcase>
<testcase name="test0638" classname="RegressionTest1" time="0">
<system-out><![CDATA[
unique-id: [engine:junit-vintage]/[runner:RegressionTest]/[test:RegressionTest1]/[test:test0638(RegressionTest1)]
display-name: test0638
]]></system-out>
</testcase>
<testcase name="test0908" classname="RegressionTest1" time="0">
<system-out><![CDATA[
unique-id: [engine:junit-vintage]/[runner:RegressionTest]/[test:RegressionTest1]/[test:test0908(RegressionTest1)]
display-name: test0908
]]></system-out>
</testcase>
<testcase name="test0526" classname="RegressionTest1" time="0">
<system-out><![CDATA[
unique-id: [engine:junit-vintage]/[runner:RegressionTest]/[test:RegressionTest1]/[test:test0526(RegressionTest1)]
display-name: test0526
]]></system-out>
</testcase>
<testcase name="test0282" classname="RegressionTest0" time="0">
<system-out><![CDATA[
unique-id: [engine:junit-vintage]/[runner:RegressionTest]/[test:RegressionTest0]/[test:test0282(RegressionTest0)]
display-name: test0282
]]></system-out>
</testcase>
<testcase name="test0873" classname="RegressionTest1" time="0">
<system-out><![CDATA[
unique-id: [engine:junit-vintage]/[runner:RegressionTest]/[test:RegressionTest1]/[test:test0873(RegressionTest1)]
display-name: test0873
]]></system-out>
</testcase>
<testcase name="test0057" classname="RegressionTest0" time="0">
<system-out><![CDATA[
unique-id: [engine:junit-vintage]/[runner:RegressionTest]/[test:RegressionTest0]/[test:test0057(RegressionTest0)]
display-name: test0057
]]></system-out>
</testcase>
<testcase name="test0418" classname="RegressionTest0" time="0">
<system-out><![CDATA[
unique-id: [engine:junit-vintage]/[runner:RegressionTest]/[test:RegressionTest0]/[test:test0418(RegressionTest0)]
display-name: test0418
]]></system-out>
</testcase>
<testcase name="test0022" classname="RegressionTest0" time="0">
<system-out><![CDATA[
unique-id: [engine:junit-vintage]/[runner:RegressionTest]/[test:RegressionTest0]/[test:test0022(RegressionTest0)]
display-name: test0022
]]></system-out>
</testcase>
<testcase name="test1106" classname="RegressionTest2" time="0">
<system-out><![CDATA[
unique-id: [engine:junit-vintage]/[runner:RegressionTest]/[test:RegressionTest2]/[test:test1106(RegressionTest2)]
display-name: test1106
]]></system-out>
</testcase>
<testcase name="test0822" classname="RegressionTest1" time="0">
<system-out><![CDATA[
unique-id: [engine:junit-vintage]/[runner:RegressionTest]/[test:RegressionTest1]/[test:test0822(RegressionTest1)]
display-name: test0822
]]></system-out>
</testcase>
<testcase name="test0205" classname="RegressionTest0" time="0">
<system-out><![CDATA[
unique-id: [engine:junit-vintage]/[runner:RegressionTest]/[test:RegressionTest0]/[test:test0205(RegressionTest0)]
display-name: test0205
]]></system-out>
</testcase>
<testcase name="test0552" classname="RegressionTest1" time="0">
<system-out><![CDATA[
unique-id: [engine:junit-vintage]/[runner:RegressionTest]/[test:RegressionTest1]/[test:test0552(RegressionTest1)]
display-name: test0552
]]></system-out>
</testcase>
<testcase name="test0256" classname="RegressionTest0" time="0">
<system-out><![CDATA[
unique-id: [engine:junit-vintage]/[runner:RegressionTest]/[test:RegressionTest0]/[test:test0256(RegressionTest0)]
display-name: test0256
]]></system-out>
</testcase>
<testcase name="test0853" classname="RegressionTest1" time="0">
<system-out><![CDATA[
unique-id: [engine:junit-vintage]/[runner:RegressionTest]/[test:RegressionTest1]/[test:test0853(RegressionTest1)]
display-name: test0853
]]></system-out>
</testcase>
<testcase name="test0587" classname="RegressionTest1" time="0">
<system-out><![CDATA[
unique-id: [engine:junit-vintage]/[runner:RegressionTest]/[test:RegressionTest1]/[test:test0587(RegressionTest1)]
display-name: test0587
]]></system-out>
</testcase>
<testcase name="test0098" classname="RegressionTest0" time="0">
<system-out><![CDATA[
unique-id: [engine:junit-vintage]/[runner:RegressionTest]/[test:RegressionTest0]/[test:test0098(RegressionTest0)]
display-name: test0098
]]></system-out>
</testcase>
<testcase name="test0660" classname="RegressionTest1" time="0">
<system-out><![CDATA[
unique-id: [engine:junit-vintage]/[runner:RegressionTest]/[test:RegressionTest1]/[test:test0660(RegressionTest1)]
display-name: test0660
]]></system-out>
</testcase>
<testcase name="test0816" classname="RegressionTest1" time="0">
<system-out><![CDATA[
unique-id: [engine:junit-vintage]/[runner:RegressionTest]/[test:RegressionTest1]/[test:test0816(RegressionTest1)]
display-name: test0816
]]></system-out>
</testcase>
<testcase name="test1122" classname="RegressionTest2" time="0">
<system-out><![CDATA[
unique-id: [engine:junit-vintage]/[runner:RegressionTest]/[test:RegressionTest2]/[test:test1122(RegressionTest2)]
display-name: test1122
]]></system-out>
</testcase>
<testcase name="test0745" classname="RegressionTest1" time="0">
<system-out><![CDATA[
unique-id: [engine:junit-vintage]/[runner:RegressionTest]/[test:RegressionTest1]/[test:test0745(RegressionTest1)]
display-name: test0745
]]></system-out>
</testcase>
<testcase name="test0981" classname="RegressionTest1" time="0">
<system-out><![CDATA[
unique-id: [engine:junit-vintage]/[runner:RegressionTest]/[test:RegressionTest1]/[test:test0981(RegressionTest1)]
display-name: test0981
]]></system-out>
</testcase>
<testcase name="test0729" classname="RegressionTest1" time="0">
<system-out><![CDATA[
unique-id: [engine:junit-vintage]/[runner:RegressionTest]/[test:RegressionTest1]/[test:test0729(RegressionTest1)]
display-name: test0729
]]></system-out>
</testcase>
<testcase name="test0511" classname="RegressionTest1" time="0">
<system-out><![CDATA[
unique-id: [engine:junit-vintage]/[runner:RegressionTest]/[test:RegressionTest1]/[test:test0511(RegressionTest1)]
display-name: test0511
]]></system-out>
</testcase>
<testcase name="test0603" classname="RegressionTest1" time="0">
<system-out><![CDATA[
unique-id: [engine:junit-vintage]/[runner:RegressionTest]/[test:RegressionTest1]/[test:test0603(RegressionTest1)]
display-name: test0603
]]></system-out>
</testcase>
<testcase name="test0241" classname="RegressionTest0" time="0">
<system-out><![CDATA[
unique-id: [engine:junit-vintage]/[runner:RegressionTest]/[test:RegressionTest0]/[test:test0241(RegressionTest0)]
display-name: test0241
]]></system-out>
</testcase>
<testcase name="test0333" classname="RegressionTest0" time="0">
<system-out><![CDATA[
unique-id: [engine:junit-vintage]/[runner:RegressionTest]/[test:RegressionTest0]/[test:test0333(RegressionTest0)]
display-name: test0333
]]></system-out>
</testcase>
<testcase name="test0924" classname="RegressionTest1" time="0">
<system-out><![CDATA[
unique-id: [engine:junit-vintage]/[runner:RegressionTest]/[test:RegressionTest1]/[test:test0924(RegressionTest1)]
display-name: test0924
]]></system-out>
</testcase>
<testcase name="test0837" classname="RegressionTest1" time="0">
<system-out><![CDATA[
unique-id: [engine:junit-vintage]/[runner:RegressionTest]/[test:RegressionTest1]/[test:test0837(RegressionTest1)]
display-name: test0837
]]></system-out>
</testcase>
<testcase name="test0403" classname="RegressionTest0" time="0">
<system-out><![CDATA[
unique-id: [engine:junit-vintage]/[runner:RegressionTest]/[test:RegressionTest0]/[test:test0403(RegressionTest0)]
display-name: test0403
]]></system-out>
</testcase>
<testcase name="test0904" classname="RegressionTest1" time="0">
<system-out><![CDATA[
unique-id: [engine:junit-vintage]/[runner:RegressionTest]/[test:RegressionTest1]/[test:test0904(RegressionTest1)]
display-name: test0904
]]></system-out>
</testcase>
<testcase name="test1072" classname="RegressionTest2" time="0">
<system-out><![CDATA[
unique-id: [engine:junit-vintage]/[runner:RegressionTest]/[test:RegressionTest2]/[test:test1072(RegressionTest2)]
display-name: test1072
]]></system-out>
</testcase>
<testcase name="test0384" classname="RegressionTest0" time="0">
<system-out><![CDATA[
unique-id: [engine:junit-vintage]/[runner:RegressionTest]/[test:RegressionTest0]/[test:test0384(RegressionTest0)]
display-name: test0384
]]></system-out>
</testcase>
<testcase name="test0546" classname="RegressionTest1" time="0">
<system-out><![CDATA[
unique-id: [engine:junit-vintage]/[runner:RegressionTest]/[test:RegressionTest1]/[test:test0546(RegressionTest1)]
display-name: test0546
]]></system-out>
</testcase>
<testcase name="test0771" classname="RegressionTest1" time="0">
<system-out><![CDATA[
unique-id: [engine:junit-vintage]/[runner:RegressionTest]/[test:RegressionTest1]/[test:test0771(RegressionTest1)]
display-name: test0771
]]></system-out>
</testcase>
<testcase name="test1055" classname="RegressionTest2" time="0">
<system-out><![CDATA[
unique-id: [engine:junit-vintage]/[runner:RegressionTest]/[test:RegressionTest2]/[test:test1055(RegressionTest2)]
display-name: test1055
]]></system-out>
</testcase>
<testcase name="test0634" classname="RegressionTest1" time="0">
<system-out><![CDATA[
unique-id: [engine:junit-vintage]/[runner:RegressionTest]/[test:RegressionTest1]/[test:test0634(RegressionTest1)]
display-name: test0634
]]></system-out>
</testcase>
<testcase name="test0368" classname="RegressionTest0" time="0">
<system-out><![CDATA[
unique-id: [engine:junit-vintage]/[runner:RegressionTest]/[test:RegressionTest0]/[test:test0368(RegressionTest0)]
display-name: test0368
]]></system-out>
</testcase>
<testcase name="test0618" classname="RegressionTest1" time="0">
<system-out><![CDATA[
unique-id: [engine:junit-vintage]/[runner:RegressionTest]/[test:RegressionTest1]/[test:test0618(RegressionTest1)]
display-name: test0618
]]></system-out>
</testcase>
<testcase name="test0965" classname="RegressionTest1" time="0">
<system-out><![CDATA[
unique-id: [engine:junit-vintage]/[runner:RegressionTest]/[test:RegressionTest1]/[test:test0965(RegressionTest1)]
display-name: test0965
]]></system-out>
</testcase>
<testcase name="test0114" classname="RegressionTest0" time="0.001">
<system-out><![CDATA[
unique-id: [engine:junit-vintage]/[runner:RegressionTest]/[test:RegressionTest0]/[test:test0114(RegressionTest0)]
display-name: test0114
]]></system-out>
</testcase>
<testcase name="test0669" classname="RegressionTest1" time="0">
<system-out><![CDATA[
unique-id: [engine:junit-vintage]/[runner:RegressionTest]/[test:RegressionTest1]/[test:test0669(RegressionTest1)]
display-name: test0669
]]></system-out>
</testcase>
<testcase name="test0117" classname="RegressionTest0" time="0">
<system-out><![CDATA[
unique-id: [engine:junit-vintage]/[runner:RegressionTest]/[test:RegressionTest0]/[test:test0117(RegressionTest0)]
display-name: test0117
]]></system-out>
</testcase>
<testcase name="test1071" classname="RegressionTest2" time="0">
<system-out><![CDATA[
unique-id: [engine:junit-vintage]/[runner:RegressionTest]/[test:RegressionTest2]/[test:test1071(RegressionTest2)]
display-name: test1071
]]></system-out>
</testcase>
<testcase name="test0999" classname="RegressionTest1" time="0">
<system-out><![CDATA[
unique-id: [engine:junit-vintage]/[runner:RegressionTest]/[test:RegressionTest1]/[test:test0999(RegressionTest1)]
display-name: test0999
]]></system-out>
</testcase>
<testcase name="test0765" classname="RegressionTest1" time="0">
<system-out><![CDATA[
unique-id: [engine:junit-vintage]/[runner:RegressionTest]/[test:RegressionTest1]/[test:test0765(RegressionTest1)]
display-name: test0765
]]></system-out>
</testcase>
<testcase name="test0495" classname="RegressionTest0" time="0">
<system-out><![CDATA[
unique-id: [engine:junit-vintage]/[runner:RegressionTest]/[test:RegressionTest0]/[test:test0495(RegressionTest0)]
display-name: test0495
]]></system-out>
</testcase>
<testcase name="test0165" classname="RegressionTest0" time="0">
<system-out><![CDATA[
unique-id: [engine:junit-vintage]/[runner:RegressionTest]/[test:RegressionTest0]/[test:test0165(RegressionTest0)]
display-name: test0165
]]></system-out>
</testcase>
<testcase name="test0749" classname="RegressionTest1" time="0">
<system-out><![CDATA[
unique-id: [engine:junit-vintage]/[runner:RegressionTest]/[test:RegressionTest1]/[test:test0749(RegressionTest1)]
display-name: test0749
]]></system-out>
</testcase>
<testcase name="test1091" classname="RegressionTest2" time="0">
<system-out><![CDATA[
unique-id: [engine:junit-vintage]/[runner:RegressionTest]/[test:RegressionTest2]/[test:test1091(RegressionTest2)]
display-name: test1091
]]></system-out>
</testcase>
<testcase name="test0399" classname="RegressionTest0" time="0">
<system-out><![CDATA[
unique-id: [engine:junit-vintage]/[runner:RegressionTest]/[test:RegressionTest0]/[test:test0399(RegressionTest0)]
display-name: test0399
]]></system-out>
</testcase>
<testcase name="test0348" classname="RegressionTest0" time="0">
<system-out><![CDATA[
unique-id: [engine:junit-vintage]/[runner:RegressionTest]/[test:RegressionTest0]/[test:test0348(RegressionTest0)]
display-name: test0348
]]></system-out>
</testcase>
<testcase name="test0148" classname="RegressionTest0" time="0">
<system-out><![CDATA[
unique-id: [engine:junit-vintage]/[runner:RegressionTest]/[test:RegressionTest0]/[test:test0148(RegressionTest0)]
display-name: test0148
]]></system-out>
</testcase>
<testcase name="test0996" classname="RegressionTest1" time="0">
<system-out><![CDATA[
unique-id: [engine:junit-vintage]/[runner:RegressionTest]/[test:RegressionTest1]/[test:test0996(RegressionTest1)]
display-name: test0996
]]></system-out>
</testcase>
<testcase name="test0400" classname="RegressionTest0" time="0">
<system-out><![CDATA[
unique-id: [engine:junit-vintage]/[runner:RegressionTest]/[test:RegressionTest0]/[test:test0400(RegressionTest0)]
display-name: test0400
]]></system-out>
</testcase>
<testcase name="test0857" classname="RegressionTest1" time="0">
<system-out><![CDATA[
unique-id: [engine:junit-vintage]/[runner:RegressionTest]/[test:RegressionTest1]/[test:test0857(RegressionTest1)]
display-name: test0857
]]></system-out>
</testcase>
<testcase name="test0888" classname="RegressionTest1" time="0">
<system-out><![CDATA[
unique-id: [engine:junit-vintage]/[runner:RegressionTest]/[test:RegressionTest1]/[test:test0888(RegressionTest1)]
display-name: test0888
]]></system-out>
</testcase>
<testcase name="test0168" classname="RegressionTest0" time="0.004">
<system-out><![CDATA[
unique-id: [engine:junit-vintage]/[runner:RegressionTest]/[test:RegressionTest0]/[test:test0168(RegressionTest0)]
display-name: test0168
]]></system-out>
</testcase>
<testcase name="test0479" classname="RegressionTest0" time="0">
<system-out><![CDATA[
unique-id: [engine:junit-vintage]/[runner:RegressionTest]/[test:RegressionTest0]/[test:test0479(RegressionTest0)]
display-name: test0479
]]></system-out>
</testcase>
<testcase name="test0990" classname="RegressionTest1" time="0">
<system-out><![CDATA[
unique-id: [engine:junit-vintage]/[runner:RegressionTest]/[test:RegressionTest1]/[test:test0990(RegressionTest1)]
display-name: test0990
]]></system-out>
</testcase>
<testcase name="test0762" classname="RegressionTest1" time="0">
<system-out><![CDATA[
unique-id: [engine:junit-vintage]/[runner:RegressionTest]/[test:RegressionTest1]/[test:test0762(RegressionTest1)]
display-name: test0762
]]></system-out>
</testcase>
<testcase name="test0276" classname="RegressionTest0" time="0">
<system-out><![CDATA[
unique-id: [engine:junit-vintage]/[runner:RegressionTest]/[test:RegressionTest0]/[test:test0276(RegressionTest0)]
display-name: test0276
]]></system-out>
</testcase>
<testcase name="test1052" classname="RegressionTest2" time="0">
<system-out><![CDATA[
unique-id: [engine:junit-vintage]/[runner:RegressionTest]/[test:RegressionTest2]/[test:test1052(RegressionTest2)]
display-name: test1052
]]></system-out>
</testcase>
<testcase name="test0006" classname="RegressionTest0" time="0">
<system-out><![CDATA[
unique-id: [engine:junit-vintage]/[runner:RegressionTest]/[test:RegressionTest0]/[test:test0006(RegressionTest0)]
display-name: test0006
]]></system-out>
</testcase>
<testcase name="test0746" classname="RegressionTest1" time="0">
<system-out><![CDATA[
unique-id: [engine:junit-vintage]/[runner:RegressionTest]/[test:RegressionTest1]/[test:test0746(RegressionTest1)]
display-name: test0746
]]></system-out>
</testcase>
<testcase name="test0476" classname="RegressionTest0" time="0">
<system-out><![CDATA[
unique-id: [engine:junit-vintage]/[runner:RegressionTest]/[test:RegressionTest0]/[test:test0476(RegressionTest0)]
display-name: test0476
]]></system-out>
</testcase>
<testcase name="test0654" classname="RegressionTest1" time="0">
<system-out><![CDATA[
unique-id: [engine:junit-vintage]/[runner:RegressionTest]/[test:RegressionTest1]/[test:test0654(RegressionTest1)]
display-name: test0654
]]></system-out>
</testcase>
<testcase name="test0037" classname="RegressionTest0" time="0">
<system-out><![CDATA[
unique-id: [engine:junit-vintage]/[runner:RegressionTest]/[test:RegressionTest0]/[test:test0037(RegressionTest0)]
display-name: test0037
]]></system-out>
</testcase>
<testcase name="test0907" classname="RegressionTest1" time="0">
<system-out><![CDATA[
unique-id: [engine:junit-vintage]/[runner:RegressionTest]/[test:RegressionTest1]/[test:test0907(RegressionTest1)]
display-name: test0907
]]></system-out>
</testcase>
<testcase name="test0441" classname="RegressionTest0" time="0">
<system-out><![CDATA[
unique-id: [engine:junit-vintage]/[runner:RegressionTest]/[test:RegressionTest0]/[test:test0441(RegressionTest0)]
display-name: test0441
]]></system-out>
</testcase>
<testcase name="test0663" classname="RegressionTest1" time="0">
<system-out><![CDATA[
unique-id: [engine:junit-vintage]/[runner:RegressionTest]/[test:RegressionTest1]/[test:test0663(RegressionTest1)]
display-name: test0663
]]></system-out>
</testcase>
<testcase name="test0584" classname="RegressionTest1" time="0">
<system-out><![CDATA[
unique-id: [engine:junit-vintage]/[runner:RegressionTest]/[test:RegressionTest1]/[test:test0584(RegressionTest1)]
display-name: test0584
]]></system-out>
</testcase>
<testcase name="test0777" classname="RegressionTest1" time="0">
<system-out><![CDATA[
unique-id: [engine:junit-vintage]/[runner:RegressionTest]/[test:RegressionTest1]/[test:test0777(RegressionTest1)]
display-name: test0777
]]></system-out>
</testcase>
<testcase name="test0698" classname="RegressionTest1" time="0">
<system-out><![CDATA[
unique-id: [engine:junit-vintage]/[runner:RegressionTest]/[test:RegressionTest1]/[test:test0698(RegressionTest1)]
display-name: test0698
]]></system-out>
</testcase>
<testcase name="test0968" classname="RegressionTest1" time="0">
<system-out><![CDATA[
unique-id: [engine:junit-vintage]/[runner:RegressionTest]/[test:RegressionTest1]/[test:test0968(RegressionTest1)]
display-name: test0968
]]></system-out>
</testcase>
<testcase name="test0129" classname="RegressionTest0" time="0">
<system-out><![CDATA[
unique-id: [engine:junit-vintage]/[runner:RegressionTest]/[test:RegressionTest0]/[test:test0129(RegressionTest0)]
display-name: test0129
]]></system-out>
</testcase>
<testcase name="test0066" classname="RegressionTest0" time="0">
<system-out><![CDATA[
unique-id: [engine:junit-vintage]/[runner:RegressionTest]/[test:RegressionTest0]/[test:test0066(RegressionTest0)]
display-name: test0066
]]></system-out>
</testcase>
<testcase name="test0492" classname="RegressionTest0" time="0">
<system-out><![CDATA[
unique-id: [engine:junit-vintage]/[runner:RegressionTest]/[test:RegressionTest0]/[test:test0492(RegressionTest0)]
display-name: test0492
]]></system-out>
</testcase>
<testcase name="test0031" classname="RegressionTest0" time="0">
<system-out><![CDATA[
unique-id: [engine:junit-vintage]/[runner:RegressionTest]/[test:RegressionTest0]/[test:test0031(RegressionTest0)]
display-name: test0031
]]></system-out>
</testcase>
<testcase name="test0870" classname="RegressionTest1" time="0">
<system-out><![CDATA[
unique-id: [engine:junit-vintage]/[runner:RegressionTest]/[test:RegressionTest1]/[test:test0870(RegressionTest1)]
display-name: test0870
]]></system-out>
</testcase>
<testcase name="test0301" classname="RegressionTest0" time="0">
<system-out><![CDATA[
unique-id: [engine:junit-vintage]/[runner:RegressionTest]/[test:RegressionTest0]/[test:test0301(RegressionTest0)]
display-name: test0301
]]></system-out>
</testcase>
<testcase name="test0387" classname="RegressionTest0" time="0">
<system-out><![CDATA[
unique-id: [engine:junit-vintage]/[runner:RegressionTest]/[test:RegressionTest0]/[test:test0387(RegressionTest0)]
display-name: test0387
]]></system-out>
</testcase>
<testcase name="test0352" classname="RegressionTest0" time="0">
<system-out><![CDATA[
unique-id: [engine:junit-vintage]/[runner:RegressionTest]/[test:RegressionTest0]/[test:test0352(RegressionTest0)]
display-name: test0352
]]></system-out>
</testcase>
<testcase name="test0009" classname="RegressionTest0" time="0">
<system-out><![CDATA[
unique-id: [engine:junit-vintage]/[runner:RegressionTest]/[test:RegressionTest0]/[test:test0009(RegressionTest0)]
display-name: test0009
]]></system-out>
</testcase>
<testcase name="test0082" classname="RegressionTest0" time="0">
<system-out><![CDATA[
unique-id: [engine:junit-vintage]/[runner:RegressionTest]/[test:RegressionTest0]/[test:test0082(RegressionTest0)]
display-name: test0082
]]></system-out>
</testcase>
<testcase name="test0222" classname="RegressionTest0" time="0">
<system-out><![CDATA[
unique-id: [engine:junit-vintage]/[runner:RegressionTest]/[test:RegressionTest0]/[test:test0222(RegressionTest0)]
display-name: test0222
]]></system-out>
</testcase>
<testcase name="test0622" classname="RegressionTest1" time="0">
<system-out><![CDATA[
unique-id: [engine:junit-vintage]/[runner:RegressionTest]/[test:RegressionTest1]/[test:test0622(RegressionTest1)]
display-name: test0622
]]></system-out>
</testcase>
<testcase name="test0606" classname="RegressionTest1" time="0">
<system-out><![CDATA[
unique-id: [engine:junit-vintage]/[runner:RegressionTest]/[test:RegressionTest1]/[test:test0606(RegressionTest1)]
display-name: test0606
]]></system-out>
</testcase>
<testcase name="test0130" classname="RegressionTest0" time="0">
<system-out><![CDATA[
unique-id: [engine:junit-vintage]/[runner:RegressionTest]/[test:RegressionTest0]/[test:test0130(RegressionTest0)]
display-name: test0130
]]></system-out>
</testcase>
<testcase name="test0714" classname="RegressionTest1" time="0">
<system-out><![CDATA[
unique-id: [engine:junit-vintage]/[runner:RegressionTest]/[test:RegressionTest1]/[test:test0714(RegressionTest1)]
display-name: test0714
]]></system-out>
</testcase>
<testcase name="test1040" classname="RegressionTest2" time="0">
<system-out><![CDATA[
unique-id: [engine:junit-vintage]/[runner:RegressionTest]/[test:RegressionTest2]/[test:test1040(RegressionTest2)]
display-name: test1040
]]></system-out>
</testcase>
<testcase name="test0390" classname="RegressionTest0" time="0">
<system-out><![CDATA[
unique-id: [engine:junit-vintage]/[runner:RegressionTest]/[test:RegressionTest0]/[test:test0390(RegressionTest0)]
display-name: test0390
]]></system-out>
</testcase>
<testcase name="test1087" classname="RegressionTest2" time="0">
<system-out><![CDATA[
unique-id: [engine:junit-vintage]/[runner:RegressionTest]/[test:RegressionTest2]/[test:test1087(RegressionTest2)]
display-name: test1087
]]></system-out>
</testcase>
<testcase name="test0025" classname="RegressionTest0" time="0">
<system-out><![CDATA[
unique-id: [engine:junit-vintage]/[runner:RegressionTest]/[test:RegressionTest0]/[test:test0025(RegressionTest0)]
display-name: test0025
]]></system-out>
</testcase>
<testcase name="test0336" classname="RegressionTest0" time="0">
<system-out><![CDATA[
unique-id: [engine:junit-vintage]/[runner:RegressionTest]/[test:RegressionTest0]/[test:test0336(RegressionTest0)]
display-name: test0336
]]></system-out>
</testcase>
<testcase name="test0711" classname="RegressionTest1" time="0">
<system-out><![CDATA[
unique-id: [engine:junit-vintage]/[runner:RegressionTest]/[test:RegressionTest1]/[test:test0711(RegressionTest1)]
display-name: test0711
]]></system-out>
</testcase>
<testcase name="test1046" classname="RegressionTest2" time="0">
<system-out><![CDATA[
unique-id: [engine:junit-vintage]/[runner:RegressionTest]/[test:RegressionTest2]/[test:test1046(RegressionTest2)]
display-name: test1046
]]></system-out>
</testcase>
<testcase name="test0133" classname="RegressionTest0" time="0">
<system-out><![CDATA[
unique-id: [engine:junit-vintage]/[runner:RegressionTest]/[test:RegressionTest0]/[test:test0133(RegressionTest0)]
display-name: test0133
]]></system-out>
</testcase>
<testcase name="test0285" classname="RegressionTest0" time="0">
<system-out><![CDATA[
unique-id: [engine:junit-vintage]/[runner:RegressionTest]/[test:RegressionTest0]/[test:test0285(RegressionTest0)]
display-name: test0285
]]></system-out>
</testcase>
<testcase name="test1125" classname="RegressionTest2" time="0">
<system-out><![CDATA[
unique-id: [engine:junit-vintage]/[runner:RegressionTest]/[test:RegressionTest2]/[test:test1125(RegressionTest2)]
display-name: test1125
]]></system-out>
</testcase>
<testcase name="test0558" classname="RegressionTest1" time="0">
<system-out><![CDATA[
unique-id: [engine:junit-vintage]/[runner:RegressionTest]/[test:RegressionTest1]/[test:test0558(RegressionTest1)]
display-name: test0558
]]></system-out>
</testcase>
<testcase name="test0984" classname="RegressionTest1" time="0">
<system-out><![CDATA[
unique-id: [engine:junit-vintage]/[runner:RegressionTest]/[test:RegressionTest1]/[test:test0984(RegressionTest1)]
display-name: test0984
]]></system-out>
</testcase>
<testcase name="test0415" classname="RegressionTest0" time="0">
<system-out><![CDATA[
unique-id: [engine:junit-vintage]/[runner:RegressionTest]/[test:RegressionTest0]/[test:test0415(RegressionTest0)]
display-name: test0415
]]></system-out>
</testcase>
<testcase name="test0307" classname="RegressionTest0" time="0">
<system-out><![CDATA[
unique-id: [engine:junit-vintage]/[runner:RegressionTest]/[test:RegressionTest0]/[test:test0307(RegressionTest0)]
display-name: test0307
]]></system-out>
</testcase>
<testcase name="test0876" classname="RegressionTest1" time="0">
<system-out><![CDATA[
unique-id: [engine:junit-vintage]/[runner:RegressionTest]/[test:RegressionTest1]/[test:test0876(RegressionTest1)]
display-name: test0876
]]></system-out>
</testcase>
<testcase name="test0228" classname="RegressionTest0" time="0">
<system-out><![CDATA[
unique-id: [engine:junit-vintage]/[runner:RegressionTest]/[test:RegressionTest0]/[test:test0228(RegressionTest0)]
display-name: test0228
]]></system-out>
</testcase>
<testcase name="test0393" classname="RegressionTest0" time="0">
<system-out><![CDATA[
unique-id: [engine:junit-vintage]/[runner:RegressionTest]/[test:RegressionTest0]/[test:test0393(RegressionTest0)]
display-name: test0393
]]></system-out>
</testcase>
<testcase name="test0939" classname="RegressionTest1" time="0">
<system-out><![CDATA[
unique-id: [engine:junit-vintage]/[runner:RegressionTest]/[test:RegressionTest1]/[test:test0939(RegressionTest1)]
display-name: test0939
]]></system-out>
</testcase>
<testcase name="test0412" classname="RegressionTest0" time="0">
<system-out><![CDATA[
unique-id: [engine:junit-vintage]/[runner:RegressionTest]/[test:RegressionTest0]/[test:test0412(RegressionTest0)]
display-name: test0412
]]></system-out>
</testcase>
<testcase name="test0555" classname="RegressionTest1" time="0">
<system-out><![CDATA[
unique-id: [engine:junit-vintage]/[runner:RegressionTest]/[test:RegressionTest1]/[test:test0555(RegressionTest1)]
display-name: test0555
]]></system-out>
</testcase>
<testcase name="test0825" classname="RegressionTest1" time="0">
<system-out><![CDATA[
unique-id: [engine:junit-vintage]/[runner:RegressionTest]/[test:RegressionTest1]/[test:test0825(RegressionTest1)]
display-name: test0825
]]></system-out>
</testcase>
<testcase name="test1109" classname="RegressionTest2" time="0">
<system-out><![CDATA[
unique-id: [engine:junit-vintage]/[runner:RegressionTest]/[test:RegressionTest2]/[test:test1109(RegressionTest2)]
display-name: test1109
]]></system-out>
</testcase>
<testcase name="test0692" classname="RegressionTest1" time="0">
<system-out><![CDATA[
unique-id: [engine:junit-vintage]/[runner:RegressionTest]/[test:RegressionTest1]/[test:test0692(RegressionTest1)]
display-name: test0692
]]></system-out>
</testcase>
<testcase name="test0447" classname="RegressionTest0" time="0">
<system-out><![CDATA[
unique-id: [engine:junit-vintage]/[runner:RegressionTest]/[test:RegressionTest0]/[test:test0447(RegressionTest0)]
display-name: test0447
]]></system-out>
</testcase>
<testcase name="test0190" classname="RegressionTest0" time="0.001">
<system-out><![CDATA[
unique-id: [engine:junit-vintage]/[runner:RegressionTest]/[test:RegressionTest0]/[test:test0190(RegressionTest0)]
display-name: test0190
]]></system-out>
</testcase>
<testcase name="test0930" classname="RegressionTest1" time="0">
<system-out><![CDATA[
unique-id: [engine:junit-vintage]/[runner:RegressionTest]/[test:RegressionTest1]/[test:test0930(RegressionTest1)]
display-name: test0930
]]></system-out>
</testcase>
<testcase name="test0060" classname="RegressionTest0" time="0">
<system-out><![CDATA[
unique-id: [engine:junit-vintage]/[runner:RegressionTest]/[test:RegressionTest0]/[test:test0060(RegressionTest0)]
display-name: test0060
]]></system-out>
</testcase>
<testcase name="test1011" classname="RegressionTest2" time="0">
<system-out><![CDATA[
unique-id: [engine:junit-vintage]/[runner:RegressionTest]/[test:RegressionTest2]/[test:test1011(RegressionTest2)]
display-name: test1011
]]></system-out>
</testcase>
<testcase name="test1014" classname="RegressionTest2" time="0">
<system-out><![CDATA[
unique-id: [engine:junit-vintage]/[runner:RegressionTest]/[test:RegressionTest2]/[test:test1014(RegressionTest2)]
display-name: test1014
]]></system-out>
</testcase>
<testcase name="test0730" classname="RegressionTest1" time="0">
<system-out><![CDATA[
unique-id: [engine:junit-vintage]/[runner:RegressionTest]/[test:RegressionTest1]/[test:test0730(RegressionTest1)]
display-name: test0730
]]></system-out>
</testcase>
<testcase name="test0244" classname="RegressionTest0" time="0">
<system-out><![CDATA[
unique-id: [engine:junit-vintage]/[runner:RegressionTest]/[test:RegressionTest0]/[test:test0244(RegressionTest0)]
display-name: test0244
]]></system-out>
</testcase>
<testcase name="test0174" classname="RegressionTest0" time="0">
<system-out><![CDATA[
unique-id: [engine:junit-vintage]/[runner:RegressionTest]/[test:RegressionTest0]/[test:test0174(RegressionTest0)]
display-name: test0174
]]></system-out>
</testcase>
<testcase name="test0444" classname="RegressionTest0" time="0">
<system-out><![CDATA[
unique-id: [engine:junit-vintage]/[runner:RegressionTest]/[test:RegressionTest0]/[test:test0444(RegressionTest0)]
display-name: test0444
]]></system-out>
</testcase>
<testcase name="test0609" classname="RegressionTest1" time="0">
<system-out><![CDATA[
unique-id: [engine:junit-vintage]/[runner:RegressionTest]/[test:RegressionTest1]/[test:test0609(RegressionTest1)]
display-name: test0609
]]></system-out>
</testcase>
<testcase name="test0069" classname="RegressionTest0" time="0">
<system-out><![CDATA[
unique-id: [engine:junit-vintage]/[runner:RegressionTest]/[test:RegressionTest0]/[test:test0069(RegressionTest0)]
display-name: test0069
]]></system-out>
</testcase>
<testcase name="test1049" classname="RegressionTest2" time="0">
<system-out><![CDATA[
unique-id: [engine:junit-vintage]/[runner:RegressionTest]/[test:RegressionTest2]/[test:test1049(RegressionTest2)]
display-name: test1049
]]></system-out>
</testcase>
<testcase name="test0695" classname="RegressionTest1" time="0">
<system-out><![CDATA[
unique-id: [engine:junit-vintage]/[runner:RegressionTest]/[test:RegressionTest1]/[test:test0695(RegressionTest1)]
display-name: test0695
]]></system-out>
</testcase>
<testcase name="test0460" classname="RegressionTest0" time="0">
<system-out><![CDATA[
unique-id: [engine:junit-vintage]/[runner:RegressionTest]/[test:RegressionTest0]/[test:test0460(RegressionTest0)]
display-name: test0460
]]></system-out>
</testcase>
<testcase name="test0828" classname="RegressionTest1" time="0">
<system-out><![CDATA[
unique-id: [engine:junit-vintage]/[runner:RegressionTest]/[test:RegressionTest1]/[test:test0828(RegressionTest1)]
display-name: test0828
]]></system-out>
</testcase>
<testcase name="test0936" classname="RegressionTest1" time="0">
<system-out><![CDATA[
unique-id: [engine:junit-vintage]/[runner:RegressionTest]/[test:RegressionTest1]/[test:test0936(RegressionTest1)]
display-name: test0936
]]></system-out>
</testcase>
<testcase name="test1103" classname="RegressionTest2" time="0">
<system-out><![CDATA[
unique-id: [engine:junit-vintage]/[runner:RegressionTest]/[test:RegressionTest2]/[test:test1103(RegressionTest2)]
display-name: test1103
]]></system-out>
</testcase>
<testcase name="test0063" classname="RegressionTest0" time="0">
<system-out><![CDATA[
unique-id: [engine:junit-vintage]/[runner:RegressionTest]/[test:RegressionTest0]/[test:test0063(RegressionTest0)]
display-name: test0063
]]></system-out>
</testcase>
<testcase name="test0171" classname="RegressionTest0" time="0">
<system-out><![CDATA[
unique-id: [engine:junit-vintage]/[runner:RegressionTest]/[test:RegressionTest0]/[test:test0171(RegressionTest0)]
display-name: test0171
]]></system-out>
</testcase>
<testcase name="test0841" classname="RegressionTest1" time="0">
<system-out><![CDATA[
unique-id: [engine:junit-vintage]/[runner:RegressionTest]/[test:RegressionTest1]/[test:test0841(RegressionTest1)]
display-name: test0841
]]></system-out>
</testcase>
<testcase name="test0463" classname="RegressionTest0" time="0">
<system-out><![CDATA[
unique-id: [engine:junit-vintage]/[runner:RegressionTest]/[test:RegressionTest0]/[test:test0463(RegressionTest0)]
display-name: test0463
]]></system-out>
</testcase>
<testcase name="test0733" classname="RegressionTest1" time="0">
<system-out><![CDATA[
unique-id: [engine:junit-vintage]/[runner:RegressionTest]/[test:RegressionTest1]/[test:test0733(RegressionTest1)]
display-name: test0733
]]></system-out>
</testcase>
<testcase name="test0933" classname="RegressionTest1" time="0">
<system-out><![CDATA[
unique-id: [engine:junit-vintage]/[runner:RegressionTest]/[test:RegressionTest1]/[test:test0933(RegressionTest1)]
display-name: test0933
]]></system-out>
</testcase>
<testcase name="test0040" classname="RegressionTest0" time="0">
<system-out><![CDATA[
unique-id: [engine:junit-vintage]/[runner:RegressionTest]/[test:RegressionTest0]/[test:test0040(RegressionTest0)]
display-name: test0040
]]></system-out>
</testcase>
<testcase name="test0075" classname="RegressionTest0" time="0">
<system-out><![CDATA[
unique-id: [engine:junit-vintage]/[runner:RegressionTest]/[test:RegressionTest0]/[test:test0075(RegressionTest0)]
display-name: test0075
]]></system-out>
</testcase>
<testcase name="test0559" classname="RegressionTest1" time="0">
<system-out><![CDATA[
unique-id: [engine:junit-vintage]/[runner:RegressionTest]/[test:RegressionTest1]/[test:test0559(RegressionTest1)]
display-name: test0559
]]></system-out>
</testcase>
<testcase name="test0416" classname="RegressionTest0" time="0">
<system-out><![CDATA[
unique-id: [engine:junit-vintage]/[runner:RegressionTest]/[test:RegressionTest0]/[test:test0416(RegressionTest0)]
display-name: test0416
]]></system-out>
</testcase>
<testcase name="test0483" classname="RegressionTest0" time="0">
<system-out><![CDATA[
unique-id: [engine:junit-vintage]/[runner:RegressionTest]/[test:RegressionTest0]/[test:test0483(RegressionTest0)]
display-name: test0483
]]></system-out>
</testcase>
<testcase name="test0662" classname="RegressionTest1" time="0">
<system-out><![CDATA[
unique-id: [engine:junit-vintage]/[runner:RegressionTest]/[test:RegressionTest1]/[test:test0662(RegressionTest1)]
display-name: test0662
]]></system-out>
</testcase>
<testcase name="test1120" classname="RegressionTest2" time="0">
<system-out><![CDATA[
unique-id: [engine:junit-vintage]/[runner:RegressionTest]/[test:RegressionTest2]/[test:test1120(RegressionTest2)]
display-name: test1120
]]></system-out>
</testcase>
<testcase name="test0101" classname="RegressionTest0" time="0.001">
<system-out><![CDATA[
unique-id: [engine:junit-vintage]/[runner:RegressionTest]/[test:RegressionTest0]/[test:test0101(RegressionTest0)]
display-name: test0101
]]></system-out>
</testcase>
<testcase name="test0008" classname="RegressionTest0" time="0">
<system-out><![CDATA[
unique-id: [engine:junit-vintage]/[runner:RegressionTest]/[test:RegressionTest0]/[test:test0008(RegressionTest0)]
display-name: test0008
]]></system-out>
</testcase>
<testcase name="test0065" classname="RegressionTest0" time="0">
<system-out><![CDATA[
unique-id: [engine:junit-vintage]/[runner:RegressionTest]/[test:RegressionTest0]/[test:test0065(RegressionTest0)]
display-name: test0065
]]></system-out>
</testcase>
<testcase name="test0569" classname="RegressionTest1" time="0">
<system-out><![CDATA[
unique-id: [engine:junit-vintage]/[runner:RegressionTest]/[test:RegressionTest1]/[test:test0569(RegressionTest1)]
display-name: test0569
]]></system-out>
</testcase>
<testcase name="test0534" classname="RegressionTest1" time="0">
<system-out><![CDATA[
unique-id: [engine:junit-vintage]/[runner:RegressionTest]/[test:RegressionTest1]/[test:test0534(RegressionTest1)]
display-name: test0534
]]></system-out>
</testcase>
<testcase name="test0605" classname="RegressionTest1" time="0">
<system-out><![CDATA[
unique-id: [engine:junit-vintage]/[runner:RegressionTest]/[test:RegressionTest1]/[test:test0605(RegressionTest1)]
display-name: test0605
]]></system-out>
</testcase>
<testcase name="test1027" classname="RegressionTest2" time="0">
<system-out><![CDATA[
unique-id: [engine:junit-vintage]/[runner:RegressionTest]/[test:RegressionTest2]/[test:test1027(RegressionTest2)]
display-name: test1027
]]></system-out>
</testcase>
<testcase name="test0030" classname="RegressionTest0" time="0">
<system-out><![CDATA[
unique-id: [engine:junit-vintage]/[runner:RegressionTest]/[test:RegressionTest0]/[test:test0030(RegressionTest0)]
display-name: test0030
]]></system-out>
</testcase>
<testcase name="test0987" classname="RegressionTest1" time="0">
<system-out><![CDATA[
unique-id: [engine:junit-vintage]/[runner:RegressionTest]/[test:RegressionTest1]/[test:test0987(RegressionTest1)]
display-name: test0987
]]></system-out>
</testcase>
<testcase name="test0426" classname="RegressionTest0" time="0">
<system-out><![CDATA[
unique-id: [engine:junit-vintage]/[runner:RegressionTest]/[test:RegressionTest0]/[test:test0426(RegressionTest0)]
display-name: test0426
]]></system-out>
</testcase>
<testcase name="test0591" classname="RegressionTest1" time="0">
<system-out><![CDATA[
unique-id: [engine:junit-vintage]/[runner:RegressionTest]/[test:RegressionTest1]/[test:test0591(RegressionTest1)]
display-name: test0591
]]></system-out>
</testcase>
<testcase name="test0330" classname="RegressionTest0" time="0">
<system-out><![CDATA[
unique-id: [engine:junit-vintage]/[runner:RegressionTest]/[test:RegressionTest0]/[test:test0330(RegressionTest0)]
display-name: test0330
]]></system-out>
</testcase>
<testcase name="test0514" classname="RegressionTest1" time="0">
<system-out><![CDATA[
unique-id: [engine:junit-vintage]/[runner:RegressionTest]/[test:RegressionTest1]/[test:test0514(RegressionTest1)]
display-name: test0514
]]></system-out>
</testcase>
<testcase name="test1002" classname="RegressionTest2" time="0">
<system-out><![CDATA[
unique-id: [engine:junit-vintage]/[runner:RegressionTest]/[test:RegressionTest2]/[test:test1002(RegressionTest2)]
display-name: test1002
]]></system-out>
</testcase>
<testcase name="test0018" classname="RegressionTest0" time="0">
<system-out><![CDATA[
unique-id: [engine:junit-vintage]/[runner:RegressionTest]/[test:RegressionTest0]/[test:test0018(RegressionTest0)]
display-name: test0018
]]></system-out>
</testcase>
<testcase name="test0687" classname="RegressionTest1" time="0">
<system-out><![CDATA[
unique-id: [engine:junit-vintage]/[runner:RegressionTest]/[test:RegressionTest1]/[test:test0687(RegressionTest1)]
display-name: test0687
]]></system-out>
</testcase>
<testcase name="test0579" classname="RegressionTest1" time="0">
<system-out><![CDATA[
unique-id: [engine:junit-vintage]/[runner:RegressionTest]/[test:RegressionTest1]/[test:test0579(RegressionTest1)]
display-name: test0579
]]></system-out>
</testcase>
<testcase name="test0581" classname="RegressionTest1" time="0">
<system-out><![CDATA[
unique-id: [engine:junit-vintage]/[runner:RegressionTest]/[test:RegressionTest1]/[test:test0581(RegressionTest1)]
display-name: test0581
]]></system-out>
</testcase>
<testcase name="test0085" classname="RegressionTest0" time="0">
<system-out><![CDATA[
unique-id: [engine:junit-vintage]/[runner:RegressionTest]/[test:RegressionTest0]/[test:test0085(RegressionTest0)]
display-name: test0085
]]></system-out>
</testcase>
<testcase name="test0436" classname="RegressionTest0" time="0">
<system-out><![CDATA[
unique-id: [engine:junit-vintage]/[runner:RegressionTest]/[test:RegressionTest0]/[test:test0436(RegressionTest0)]
display-name: test0436
]]></system-out>
</testcase>
<testcase name="test0997" classname="RegressionTest1" time="0">
<system-out><![CDATA[
unique-id: [engine:junit-vintage]/[runner:RegressionTest]/[test:RegressionTest1]/[test:test0997(RegressionTest1)]
display-name: test0997
]]></system-out>
</testcase>
<testcase name="test0020" classname="RegressionTest0" time="0">
<system-out><![CDATA[
unique-id: [engine:junit-vintage]/[runner:RegressionTest]/[test:RegressionTest0]/[test:test0020(RegressionTest0)]
display-name: test0020
]]></system-out>
</testcase>
<testcase name="test0498" classname="RegressionTest0" time="0">
<system-out><![CDATA[
unique-id: [engine:junit-vintage]/[runner:RegressionTest]/[test:RegressionTest0]/[test:test0498(RegressionTest0)]
display-name: test0498
]]></system-out>
</testcase>
<testcase name="test0758" classname="RegressionTest1" time="0">
<system-out><![CDATA[
unique-id: [engine:junit-vintage]/[runner:RegressionTest]/[test:RegressionTest1]/[test:test0758(RegressionTest1)]
display-name: test0758
]]></system-out>
</testcase>
<testcase name="test1130" classname="RegressionTest2" time="0">
<system-out><![CDATA[
unique-id: [engine:junit-vintage]/[runner:RegressionTest]/[test:RegressionTest2]/[test:test1130(RegressionTest2)]
display-name: test1130
]]></system-out>
</testcase>
<testcase name="test0697" classname="RegressionTest1" time="0.004">
<system-out><![CDATA[
unique-id: [engine:junit-vintage]/[runner:RegressionTest]/[test:RegressionTest1]/[test:test0697(RegressionTest1)]
display-name: test0697
]]></system-out>
</testcase>
<testcase name="test0493" classname="RegressionTest0" time="0">
<system-out><![CDATA[
unique-id: [engine:junit-vintage]/[runner:RegressionTest]/[test:RegressionTest0]/[test:test0493(RegressionTest0)]
display-name: test0493
]]></system-out>
</testcase>
<testcase name="test0193" classname="RegressionTest0" time="0">
<system-out><![CDATA[
unique-id: [engine:junit-vintage]/[runner:RegressionTest]/[test:RegressionTest0]/[test:test0193(RegressionTest0)]
display-name: test0193
]]></system-out>
</testcase>
<testcase name="test0524" classname="RegressionTest1" time="0">
<system-out><![CDATA[
unique-id: [engine:junit-vintage]/[runner:RegressionTest]/[test:RegressionTest1]/[test:test0524(RegressionTest1)]
display-name: test0524
]]></system-out>
</testcase>
<testcase name="test0045" classname="RegressionTest0" time="0">
<system-out><![CDATA[
unique-id: [engine:junit-vintage]/[runner:RegressionTest]/[test:RegressionTest0]/[test:test0045(RegressionTest0)]
display-name: test0045
]]></system-out>
</testcase>
<testcase name="test1047" classname="RegressionTest2" time="0">
<system-out><![CDATA[
unique-id: [engine:junit-vintage]/[runner:RegressionTest]/[test:RegressionTest2]/[test:test1047(RegressionTest2)]
display-name: test1047
]]></system-out>
</testcase>
<testcase name="test0411" classname="RegressionTest0" time="0">
<system-out><![CDATA[
unique-id: [engine:junit-vintage]/[runner:RegressionTest]/[test:RegressionTest0]/[test:test0411(RegressionTest0)]
display-name: test0411
]]></system-out>
</testcase>
<testcase name="test0642" classname="RegressionTest1" time="0">
<system-out><![CDATA[
unique-id: [engine:junit-vintage]/[runner:RegressionTest]/[test:RegressionTest1]/[test:test0642(RegressionTest1)]
display-name: test0642
]]></system-out>
</testcase>
<testcase name="test0677" classname="RegressionTest1" time="0">
<system-out><![CDATA[
unique-id: [engine:junit-vintage]/[runner:RegressionTest]/[test:RegressionTest1]/[test:test0677(RegressionTest1)]
display-name: test0677
]]></system-out>
</testcase>
<testcase name="test0738" classname="RegressionTest1" time="0">
<system-out><![CDATA[
unique-id: [engine:junit-vintage]/[runner:RegressionTest]/[test:RegressionTest1]/[test:test0738(RegressionTest1)]
display-name: test0738
]]></system-out>
</testcase>
<testcase name="test0770" classname="RegressionTest1" time="0">
<system-out><![CDATA[
unique-id: [engine:junit-vintage]/[runner:RegressionTest]/[test:RegressionTest1]/[test:test0770(RegressionTest1)]
display-name: test0770
]]></system-out>
</testcase>
<testcase name="test0982" classname="RegressionTest1" time="0">
<system-out><![CDATA[
unique-id: [engine:junit-vintage]/[runner:RegressionTest]/[test:RegressionTest1]/[test:test0982(RegressionTest1)]
display-name: test0982
]]></system-out>
</testcase>
<testcase name="test0456" classname="RegressionTest0" time="0">
<system-out><![CDATA[
unique-id: [engine:junit-vintage]/[runner:RegressionTest]/[test:RegressionTest0]/[test:test0456(RegressionTest0)]
display-name: test0456
]]></system-out>
</testcase>
<testcase name="test0599" classname="RegressionTest1" time="0">
<system-out><![CDATA[
unique-id: [engine:junit-vintage]/[runner:RegressionTest]/[test:RegressionTest1]/[test:test0599(RegressionTest1)]
display-name: test0599
]]></system-out>
</testcase>
<testcase name="test0126" classname="RegressionTest0" time="0">
<system-out><![CDATA[
unique-id: [engine:junit-vintage]/[runner:RegressionTest]/[test:RegressionTest0]/[test:test0126(RegressionTest0)]
display-name: test0126
]]></system-out>
</testcase>
<testcase name="test0365" classname="RegressionTest0" time="0">
<system-out><![CDATA[
unique-id: [engine:junit-vintage]/[runner:RegressionTest]/[test:RegressionTest0]/[test:test0365(RegressionTest0)]
display-name: test0365
]]></system-out>
</testcase>
<testcase name="test0473" classname="RegressionTest0" time="0">
<system-out><![CDATA[
unique-id: [engine:junit-vintage]/[runner:RegressionTest]/[test:RegressionTest0]/[test:test0473(RegressionTest0)]
display-name: test0473
]]></system-out>
</testcase>
<testcase name="test0915" classname="RegressionTest1" time="0">
<system-out><![CDATA[
unique-id: [engine:junit-vintage]/[runner:RegressionTest]/[test:RegressionTest1]/[test:test0915(RegressionTest1)]
display-name: test0915
]]></system-out>
</testcase>
<testcase name="test0682" classname="RegressionTest1" time="0">
<system-out><![CDATA[
unique-id: [engine:junit-vintage]/[runner:RegressionTest]/[test:RegressionTest1]/[test:test0682(RegressionTest1)]
display-name: test0682
]]></system-out>
</testcase>
<testcase name="test0831" classname="RegressionTest1" time="0">
<system-out><![CDATA[
unique-id: [engine:junit-vintage]/[runner:RegressionTest]/[test:RegressionTest1]/[test:test0831(RegressionTest1)]
display-name: test0831
]]></system-out>
</testcase>
<testcase name="test1110" classname="RegressionTest2" time="0">
<system-out><![CDATA[
unique-id: [engine:junit-vintage]/[runner:RegressionTest]/[test:RegressionTest2]/[test:test1110(RegressionTest2)]
display-name: test1110
]]></system-out>
</testcase>
<testcase name="test0657" classname="RegressionTest1" time="0">
<system-out><![CDATA[
unique-id: [engine:junit-vintage]/[runner:RegressionTest]/[test:RegressionTest1]/[test:test0657(RegressionTest1)]
display-name: test0657
]]></system-out>
</testcase>
<testcase name="test0173" classname="RegressionTest0" time="0">
<system-out><![CDATA[
unique-id: [engine:junit-vintage]/[runner:RegressionTest]/[test:RegressionTest0]/[test:test0173(RegressionTest0)]
display-name: test0173
]]></system-out>
</testcase>
<testcase name="test0406" classname="RegressionTest0" time="0">
<system-out><![CDATA[
unique-id: [engine:junit-vintage]/[runner:RegressionTest]/[test:RegressionTest0]/[test:test0406(RegressionTest0)]
display-name: test0406
]]></system-out>
</testcase>
<testcase name="test0234" classname="RegressionTest0" time="0">
<system-out><![CDATA[
unique-id: [engine:junit-vintage]/[runner:RegressionTest]/[test:RegressionTest0]/[test:test0234(RegressionTest0)]
display-name: test0234
]]></system-out>
</testcase>
<testcase name="test0549" classname="RegressionTest1" time="0">
<system-out><![CDATA[
unique-id: [engine:junit-vintage]/[runner:RegressionTest]/[test:RegressionTest1]/[test:test0549(RegressionTest1)]
display-name: test0549
]]></system-out>
</testcase>
<testcase name="test0723" classname="RegressionTest1" time="0">
<system-out><![CDATA[
unique-id: [engine:junit-vintage]/[runner:RegressionTest]/[test:RegressionTest1]/[test:test0723(RegressionTest1)]
display-name: test0723
]]></system-out>
</testcase>
<testcase name="test0790" classname="RegressionTest1" time="0">
<system-out><![CDATA[
unique-id: [engine:junit-vintage]/[runner:RegressionTest]/[test:RegressionTest1]/[test:test0790(RegressionTest1)]
display-name: test0790
]]></system-out>
</testcase>
<testcase name="test0962" classname="RegressionTest1" time="0">
<system-out><![CDATA[
unique-id: [engine:junit-vintage]/[runner:RegressionTest]/[test:RegressionTest1]/[test:test0962(RegressionTest1)]
display-name: test0962
]]></system-out>
</testcase>
<testcase name="test0106" classname="RegressionTest0" time="0">
<system-out><![CDATA[
unique-id: [engine:junit-vintage]/[runner:RegressionTest]/[test:RegressionTest0]/[test:test0106(RegressionTest0)]
display-name: test0106
]]></system-out>
</testcase>
<testcase name="test0507" classname="RegressionTest1" time="0">
<system-out><![CDATA[
unique-id: [engine:junit-vintage]/[runner:RegressionTest]/[test:RegressionTest1]/[test:test0507(RegressionTest1)]
display-name: test0507
]]></system-out>
</testcase>
<testcase name="test0854" classname="RegressionTest1" time="0">
<system-out><![CDATA[
unique-id: [engine:junit-vintage]/[runner:RegressionTest]/[test:RegressionTest1]/[test:test0854(RegressionTest1)]
display-name: test0854
]]></system-out>
</testcase>
<testcase name="test1108" classname="RegressionTest2" time="0">
<system-out><![CDATA[
unique-id: [engine:junit-vintage]/[runner:RegressionTest]/[test:RegressionTest2]/[test:test1108(RegressionTest2)]
display-name: test1108
]]></system-out>
</testcase>
<testcase name="test0615" classname="RegressionTest1" time="0">
<system-out><![CDATA[
unique-id: [engine:junit-vintage]/[runner:RegressionTest]/[test:RegressionTest1]/[test:test0615(RegressionTest1)]
display-name: test0615
]]></system-out>
</testcase>
<testcase name="test0050" classname="RegressionTest0" time="0">
<system-out><![CDATA[
unique-id: [engine:junit-vintage]/[runner:RegressionTest]/[test:RegressionTest0]/[test:test0050(RegressionTest0)]
display-name: test0050
]]></system-out>
</testcase>
<testcase name="test0554" classname="RegressionTest1" time="0">
<system-out><![CDATA[
unique-id: [engine:junit-vintage]/[runner:RegressionTest]/[test:RegressionTest1]/[test:test0554(RegressionTest1)]
display-name: test0554
]]></system-out>
</testcase>
<testcase name="test1094" classname="RegressionTest2" time="0">
<system-out><![CDATA[
unique-id: [engine:junit-vintage]/[runner:RegressionTest]/[test:RegressionTest2]/[test:test1094(RegressionTest2)]
display-name: test1094
]]></system-out>
</testcase>
<testcase name="test0350" classname="RegressionTest0" time="0">
<system-out><![CDATA[
unique-id: [engine:junit-vintage]/[runner:RegressionTest]/[test:RegressionTest0]/[test:test0350(RegressionTest0)]
display-name: test0350
]]></system-out>
</testcase>
<testcase name="test0750" classname="RegressionTest1" time="0">
<system-out><![CDATA[
unique-id: [engine:junit-vintage]/[runner:RegressionTest]/[test:RegressionTest1]/[test:test0750(RegressionTest1)]
display-name: test0750
]]></system-out>
</testcase>
<testcase name="test0232" classname="RegressionTest0" time="0.001">
<system-out><![CDATA[
unique-id: [engine:junit-vintage]/[runner:RegressionTest]/[test:RegressionTest0]/[test:test0232(RegressionTest0)]
display-name: test0232
]]></system-out>
</testcase>
<testcase name="test0303" classname="RegressionTest0" time="0">
<system-out><![CDATA[
unique-id: [engine:junit-vintage]/[runner:RegressionTest]/[test:RegressionTest0]/[test:test0303(RegressionTest0)]
display-name: test0303
]]></system-out>
</testcase>
<testcase name="test1042" classname="RegressionTest2" time="0">
<system-out><![CDATA[
unique-id: [engine:junit-vintage]/[runner:RegressionTest]/[test:RegressionTest2]/[test:test1042(RegressionTest2)]
display-name: test1042
]]></system-out>
</testcase>
<testcase name="test0259" classname="RegressionTest0" time="0">
<system-out><![CDATA[
unique-id: [engine:junit-vintage]/[runner:RegressionTest]/[test:RegressionTest0]/[test:test0259(RegressionTest0)]
display-name: test0259
]]></system-out>
</testcase>
<testcase name="test0370" classname="RegressionTest0" time="0">
<system-out><![CDATA[
unique-id: [engine:junit-vintage]/[runner:RegressionTest]/[test:RegressionTest0]/[test:test0370(RegressionTest0)]
display-name: test0370
]]></system-out>
</testcase>
<testcase name="test0708" classname="RegressionTest1" time="0">
<system-out><![CDATA[
unique-id: [engine:junit-vintage]/[runner:RegressionTest]/[test:RegressionTest1]/[test:test0708(RegressionTest1)]
display-name: test0708
]]></system-out>
</testcase>
<testcase name="test0864" classname="RegressionTest1" time="0">
<system-out><![CDATA[
unique-id: [engine:junit-vintage]/[runner:RegressionTest]/[test:RegressionTest1]/[test:test0864(RegressionTest1)]
display-name: test0864
]]></system-out>
</testcase>
<testcase name="test0153" classname="RegressionTest0" time="0">
<system-out><![CDATA[
unique-id: [engine:junit-vintage]/[runner:RegressionTest]/[test:RegressionTest0]/[test:test0153(RegressionTest0)]
display-name: test0153
]]></system-out>
</testcase>
<testcase name="test0821" classname="RegressionTest1" time="0">
<system-out><![CDATA[
unique-id: [engine:junit-vintage]/[runner:RegressionTest]/[test:RegressionTest1]/[test:test0821(RegressionTest1)]
display-name: test0821
]]></system-out>
</testcase>
<testcase name="test0338" classname="RegressionTest0" time="0">
<system-out><![CDATA[
unique-id: [engine:junit-vintage]/[runner:RegressionTest]/[test:RegressionTest0]/[test:test0338(RegressionTest0)]
display-name: test0338
]]></system-out>
</testcase>
<testcase name="test0718" classname="RegressionTest1" time="0">
<system-out><![CDATA[
unique-id: [engine:junit-vintage]/[runner:RegressionTest]/[test:RegressionTest1]/[test:test0718(RegressionTest1)]
display-name: test0718
]]></system-out>
</testcase>
<testcase name="test0257" classname="RegressionTest0" time="0">
<system-out><![CDATA[
unique-id: [engine:junit-vintage]/[runner:RegressionTest]/[test:RegressionTest0]/[test:test0257(RegressionTest0)]
display-name: test0257
]]></system-out>
</testcase>
<testcase name="test0856" classname="RegressionTest1" time="0">
<system-out><![CDATA[
unique-id: [engine:junit-vintage]/[runner:RegressionTest]/[test:RegressionTest1]/[test:test0856(RegressionTest1)]
display-name: test0856
]]></system-out>
</testcase>
<testcase name="test1067" classname="RegressionTest2" time="0">
<system-out><![CDATA[
unique-id: [engine:junit-vintage]/[runner:RegressionTest]/[test:RegressionTest2]/[test:test1067(RegressionTest2)]
display-name: test1067
]]></system-out>
</testcase>
<testcase name="test0899" classname="RegressionTest1" time="0">
<system-out><![CDATA[
unique-id: [engine:junit-vintage]/[runner:RegressionTest]/[test:RegressionTest1]/[test:test0899(RegressionTest1)]
display-name: test0899
]]></system-out>
</testcase>
<testcase name="test0291" classname="RegressionTest0" time="0">
<system-out><![CDATA[
unique-id: [engine:junit-vintage]/[runner:RegressionTest]/[test:RegressionTest0]/[test:test0291(RegressionTest0)]
display-name: test0291
]]></system-out>
</testcase>
<testcase name="test0313" classname="RegressionTest0" time="0">
<system-out><![CDATA[
unique-id: [engine:junit-vintage]/[runner:RegressionTest]/[test:RegressionTest0]/[test:test0313(RegressionTest0)]
display-name: test0313
]]></system-out>
</testcase>
<testcase name="test0178" classname="RegressionTest0" time="0.004">
<system-out><![CDATA[
unique-id: [engine:junit-vintage]/[runner:RegressionTest]/[test:RegressionTest0]/[test:test0178(RegressionTest0)]
display-name: test0178
]]></system-out>
</testcase>
<testcase name="test0935" classname="RegressionTest1" time="0">
<system-out><![CDATA[
unique-id: [engine:junit-vintage]/[runner:RegressionTest]/[test:RegressionTest1]/[test:test0935(RegressionTest1)]
display-name: test0935
]]></system-out>
</testcase>
<testcase name="test0143" classname="RegressionTest0" time="0">
<system-out><![CDATA[
unique-id: [engine:junit-vintage]/[runner:RegressionTest]/[test:RegressionTest0]/[test:test0143(RegressionTest0)]
display-name: test0143
]]></system-out>
</testcase>
<testcase name="test0740" classname="RegressionTest1" time="0">
<system-out><![CDATA[
unique-id: [engine:junit-vintage]/[runner:RegressionTest]/[test:RegressionTest1]/[test:test0740(RegressionTest1)]
display-name: test0740
]]></system-out>
</testcase>
<testcase name="test0945" classname="RegressionTest1" time="0">
<system-out><![CDATA[
unique-id: [engine:junit-vintage]/[runner:RegressionTest]/[test:RegressionTest1]/[test:test0945(RegressionTest1)]
display-name: test0945
]]></system-out>
</testcase>
<testcase name="test0632" classname="RegressionTest1" time="0">
<system-out><![CDATA[
unique-id: [engine:junit-vintage]/[runner:RegressionTest]/[test:RegressionTest1]/[test:test0632(RegressionTest1)]
display-name: test0632
]]></system-out>
</testcase>
<testcase name="test0380" classname="RegressionTest0" time="0">
<system-out><![CDATA[
unique-id: [engine:junit-vintage]/[runner:RegressionTest]/[test:RegressionTest0]/[test:test0380(RegressionTest0)]
display-name: test0380
]]></system-out>
</testcase>
<testcase name="test0149" classname="RegressionTest0" time="0">
<system-out><![CDATA[
unique-id: [engine:junit-vintage]/[runner:RegressionTest]/[test:RegressionTest0]/[test:test0149(RegressionTest0)]
display-name: test0149
]]></system-out>
</testcase>
<testcase name="test0249" classname="RegressionTest0" time="0">
<system-out><![CDATA[
unique-id: [engine:junit-vintage]/[runner:RegressionTest]/[test:RegressionTest0]/[test:test0249(RegressionTest0)]
display-name: test0249
]]></system-out>
</testcase>
<testcase name="test0889" classname="RegressionTest1" time="0">
<system-out><![CDATA[
unique-id: [engine:junit-vintage]/[runner:RegressionTest]/[test:RegressionTest1]/[test:test0889(RegressionTest1)]
display-name: test0889
]]></system-out>
</testcase>
<testcase name="test0267" classname="RegressionTest0" time="0">
<system-out><![CDATA[
unique-id: [engine:junit-vintage]/[runner:RegressionTest]/[test:RegressionTest0]/[test:test0267(RegressionTest0)]
display-name: test0267
]]></system-out>
</testcase>
<testcase name="test1077" classname="RegressionTest2" time="0">
<system-out><![CDATA[
unique-id: [engine:junit-vintage]/[runner:RegressionTest]/[test:RegressionTest2]/[test:test1077(RegressionTest2)]
display-name: test1077
]]></system-out>
</testcase>
<testcase name="test0367" classname="RegressionTest0" time="0">
<system-out><![CDATA[
unique-id: [engine:junit-vintage]/[runner:RegressionTest]/[test:RegressionTest0]/[test:test0367(RegressionTest0)]
display-name: test0367
]]></system-out>
</testcase>
<testcase name="test0589" classname="RegressionTest1" time="0">
<system-out><![CDATA[
unique-id: [engine:junit-vintage]/[runner:RegressionTest]/[test:RegressionTest1]/[test:test0589(RegressionTest1)]
display-name: test0589
]]></system-out>
</testcase>
<testcase name="test0183" classname="RegressionTest0" time="0">
<system-out><![CDATA[
unique-id: [engine:junit-vintage]/[runner:RegressionTest]/[test:RegressionTest0]/[test:test0183(RegressionTest0)]
display-name: test0183
]]></system-out>
</testcase>
<testcase name="test0446" classname="RegressionTest0" time="0">
<system-out><![CDATA[
unique-id: [engine:junit-vintage]/[runner:RegressionTest]/[test:RegressionTest0]/[test:test0446(RegressionTest0)]
display-name: test0446
]]></system-out>
</testcase>
<testcase name="test0972" classname="RegressionTest1" time="0">
<system-out><![CDATA[
unique-id: [engine:junit-vintage]/[runner:RegressionTest]/[test:RegressionTest1]/[test:test0972(RegressionTest1)]
display-name: test0972
]]></system-out>
</testcase>
<testcase name="test0375" classname="RegressionTest0" time="0">
<system-out><![CDATA[
unique-id: [engine:junit-vintage]/[runner:RegressionTest]/[test:RegressionTest0]/[test:test0375(RegressionTest0)]
display-name: test0375
]]></system-out>
</testcase>
<testcase name="test1012" classname="RegressionTest2" time="0">
<system-out><![CDATA[
unique-id: [engine:junit-vintage]/[runner:RegressionTest]/[test:RegressionTest2]/[test:test1012(RegressionTest2)]
display-name: test1012
]]></system-out>
</testcase>
<testcase name="test0116" classname="RegressionTest0" time="0">
<system-out><![CDATA[
unique-id: [engine:junit-vintage]/[runner:RegressionTest]/[test:RegressionTest0]/[test:test0116(RegressionTest0)]
display-name: test0116
]]></system-out>
</testcase>
<testcase name="test0332" classname="RegressionTest0" time="0">
<system-out><![CDATA[
unique-id: [engine:junit-vintage]/[runner:RegressionTest]/[test:RegressionTest0]/[test:test0332(RegressionTest0)]
display-name: test0332
]]></system-out>
</testcase>
<testcase name="test0340" classname="RegressionTest0" time="0">
<system-out><![CDATA[
unique-id: [engine:junit-vintage]/[runner:RegressionTest]/[test:RegressionTest0]/[test:test0340(RegressionTest0)]
display-name: test0340
]]></system-out>
</testcase>
<testcase name="test0894" classname="RegressionTest1" time="0">
<system-out><![CDATA[
unique-id: [engine:junit-vintage]/[runner:RegressionTest]/[test:RegressionTest1]/[test:test0894(RegressionTest1)]
display-name: test0894
]]></system-out>
</testcase>
<testcase name="test0308" classname="RegressionTest0" time="0">
<system-out><![CDATA[
unique-id: [engine:junit-vintage]/[runner:RegressionTest]/[test:RegressionTest0]/[test:test0308(RegressionTest0)]
display-name: test0308
]]></system-out>
</testcase>
<testcase name="test0964" classname="RegressionTest1" time="0">
<system-out><![CDATA[
unique-id: [engine:junit-vintage]/[runner:RegressionTest]/[test:RegressionTest1]/[test:test0964(RegressionTest1)]
display-name: test0964
]]></system-out>
</testcase>
<testcase name="test1118" classname="RegressionTest2" time="0">
<system-out><![CDATA[
unique-id: [engine:junit-vintage]/[runner:RegressionTest]/[test:RegressionTest2]/[test:test1118(RegressionTest2)]
display-name: test1118
]]></system-out>
</testcase>
<testcase name="test0010" classname="RegressionTest0" time="0">
<system-out><![CDATA[
unique-id: [engine:junit-vintage]/[runner:RegressionTest]/[test:RegressionTest0]/[test:test0010(RegressionTest0)]
display-name: test0010
]]></system-out>
</testcase>
<testcase name="test0721" classname="RegressionTest1" time="0">
<system-out><![CDATA[
unique-id: [engine:junit-vintage]/[runner:RegressionTest]/[test:RegressionTest1]/[test:test0721(RegressionTest1)]
display-name: test0721
]]></system-out>
</testcase>
<testcase name="test0564" classname="RegressionTest1" time="0">
<system-out><![CDATA[
unique-id: [engine:junit-vintage]/[runner:RegressionTest]/[test:RegressionTest1]/[test:test0564(RegressionTest1)]
display-name: test0564
]]></system-out>
</testcase>
<testcase name="test0756" classname="RegressionTest1" time="0">
<system-out><![CDATA[
unique-id: [engine:junit-vintage]/[runner:RegressionTest]/[test:RegressionTest1]/[test:test0756(RegressionTest1)]
display-name: test0756
]]></system-out>
</testcase>
<testcase name="test0748" classname="RegressionTest1" time="0">
<system-out><![CDATA[
unique-id: [engine:junit-vintage]/[runner:RegressionTest]/[test:RegressionTest1]/[test:test0748(RegressionTest1)]
display-name: test0748
]]></system-out>
</testcase>
<testcase name="test0713" classname="RegressionTest1" time="0">
<system-out><![CDATA[
unique-id: [engine:junit-vintage]/[runner:RegressionTest]/[test:RegressionTest1]/[test:test0713(RegressionTest1)]
display-name: test0713
]]></system-out>
</testcase>
<testcase name="test0035" classname="RegressionTest0" time="0">
<system-out><![CDATA[
unique-id: [engine:junit-vintage]/[runner:RegressionTest]/[test:RegressionTest0]/[test:test0035(RegressionTest0)]
display-name: test0035
]]></system-out>
</testcase>
<testcase name="test0191" classname="RegressionTest0" time="0">
<system-out><![CDATA[
unique-id: [engine:junit-vintage]/[runner:RegressionTest]/[test:RegressionTest0]/[test:test0191(RegressionTest0)]
display-name: test0191
]]></system-out>
</testcase>
<testcase name="test0905" classname="RegressionTest1" time="0">
<system-out><![CDATA[
unique-id: [engine:junit-vintage]/[runner:RegressionTest]/[test:RegressionTest1]/[test:test0905(RegressionTest1)]
display-name: test0905
]]></system-out>
</testcase>
<testcase name="test0910" classname="RegressionTest1" time="0">
<system-out><![CDATA[
unique-id: [engine:junit-vintage]/[runner:RegressionTest]/[test:RegressionTest1]/[test:test0910(RegressionTest1)]
display-name: test0910
]]></system-out>
</testcase>
<testcase name="test0286" classname="RegressionTest0" time="0">
<system-out><![CDATA[
unique-id: [engine:junit-vintage]/[runner:RegressionTest]/[test:RegressionTest0]/[test:test0286(RegressionTest0)]
display-name: test0286
]]></system-out>
</testcase>
<testcase name="test1096" classname="RegressionTest2" time="0">
<system-out><![CDATA[
unique-id: [engine:junit-vintage]/[runner:RegressionTest]/[test:RegressionTest2]/[test:test1096(RegressionTest2)]
display-name: test1096
]]></system-out>
</testcase>
<testcase name="test0883" classname="RegressionTest1" time="0">
<system-out><![CDATA[
unique-id: [engine:junit-vintage]/[runner:RegressionTest]/[test:RegressionTest1]/[test:test0883(RegressionTest1)]
display-name: test0883
]]></system-out>
</testcase>
<testcase name="test1037" classname="RegressionTest2" time="0">
<system-out><![CDATA[
unique-id: [engine:junit-vintage]/[runner:RegressionTest]/[test:RegressionTest2]/[test:test1037(RegressionTest2)]
display-name: test1037
]]></system-out>
</testcase>
<testcase name="test0802" classname="RegressionTest1" time="0">
<system-out><![CDATA[
unique-id: [engine:junit-vintage]/[runner:RegressionTest]/[test:RegressionTest1]/[test:test0802(RegressionTest1)]
display-name: test0802
]]></system-out>
</testcase>
<testcase name="test0421" classname="RegressionTest0" time="0">
<system-out><![CDATA[
unique-id: [engine:junit-vintage]/[runner:RegressionTest]/[test:RegressionTest0]/[test:test0421(RegressionTest0)]
display-name: test0421
]]></system-out>
</testcase>
<testcase name="test0775" classname="RegressionTest1" time="0">
<system-out><![CDATA[
unique-id: [engine:junit-vintage]/[runner:RegressionTest]/[test:RegressionTest1]/[test:test0775(RegressionTest1)]
display-name: test0775
]]></system-out>
</testcase>
<testcase name="test0219" classname="RegressionTest0" time="0">
<system-out><![CDATA[
unique-id: [engine:junit-vintage]/[runner:RegressionTest]/[test:RegressionTest0]/[test:test0219(RegressionTest0)]
display-name: test0219
]]></system-out>
</testcase>
<testcase name="test1029" classname="RegressionTest2" time="0">
<system-out><![CDATA[
unique-id: [engine:junit-vintage]/[runner:RegressionTest]/[test:RegressionTest2]/[test:test1029(RegressionTest2)]
display-name: test1029
]]></system-out>
</testcase>
<testcase name="test0672" classname="RegressionTest1" time="0">
<system-out><![CDATA[
unique-id: [engine:junit-vintage]/[runner:RegressionTest]/[test:RegressionTest1]/[test:test0672(RegressionTest1)]
display-name: test0672
]]></system-out>
</testcase>
<testcase name="test0297" classname="RegressionTest0" time="0">
<system-out><![CDATA[
unique-id: [engine:junit-vintage]/[runner:RegressionTest]/[test:RegressionTest0]/[test:test0297(RegressionTest0)]
display-name: test0297
]]></system-out>
</testcase>
<testcase name="test0780" classname="RegressionTest1" time="0">
<system-out><![CDATA[
unique-id: [engine:junit-vintage]/[runner:RegressionTest]/[test:RegressionTest1]/[test:test0780(RegressionTest1)]
display-name: test0780
]]></system-out>
</testcase>
<testcase name="test0667" classname="RegressionTest1" time="0">
<system-out><![CDATA[
unique-id: [engine:junit-vintage]/[runner:RegressionTest]/[test:RegressionTest1]/[test:test0667(RegressionTest1)]
display-name: test0667
]]></system-out>
</testcase>
<testcase name="test0124" classname="RegressionTest0" time="0">
<system-out><![CDATA[
unique-id: [engine:junit-vintage]/[runner:RegressionTest]/[test:RegressionTest0]/[test:test0124(RegressionTest0)]
display-name: test0124
]]></system-out>
</testcase>
<testcase name="test0224" classname="RegressionTest0" time="0">
<system-out><![CDATA[
unique-id: [engine:junit-vintage]/[runner:RegressionTest]/[test:RegressionTest0]/[test:test0224(RegressionTest0)]
display-name: test0224
]]></system-out>
</testcase>
<testcase name="test0083" classname="RegressionTest0" time="0">
<system-out><![CDATA[
unique-id: [engine:junit-vintage]/[runner:RegressionTest]/[test:RegressionTest0]/[test:test0083(RegressionTest0)]
display-name: test0083
]]></system-out>
</testcase>
<testcase name="test1009" classname="RegressionTest2" time="0">
<system-out><![CDATA[
unique-id: [engine:junit-vintage]/[runner:RegressionTest]/[test:RegressionTest2]/[test:test1009(RegressionTest2)]
display-name: test1009
]]></system-out>
</testcase>
<testcase name="test0516" classname="RegressionTest1" time="0">
<system-out><![CDATA[
unique-id: [engine:junit-vintage]/[runner:RegressionTest]/[test:RegressionTest1]/[test:test0516(RegressionTest1)]
display-name: test0516
]]></system-out>
</testcase>
<testcase name="test0016" classname="RegressionTest0" time="0.001">
<system-out><![CDATA[
unique-id: [engine:junit-vintage]/[runner:RegressionTest]/[test:RegressionTest0]/[test:test0016(RegressionTest0)]
display-name: test0016
]]></system-out>
</testcase>
<testcase name="test0179" classname="RegressionTest0" time="0">
<system-out><![CDATA[
unique-id: [engine:junit-vintage]/[runner:RegressionTest]/[test:RegressionTest0]/[test:test0179(RegressionTest0)]
display-name: test0179
]]></system-out>
</testcase>
<testcase name="test0751" classname="RegressionTest1" time="0">
<system-out><![CDATA[
unique-id: [engine:junit-vintage]/[runner:RegressionTest]/[test:RegressionTest1]/[test:test0751(RegressionTest1)]
display-name: test0751
]]></system-out>
</testcase>
<testcase name="test1076" classname="RegressionTest2" time="0">
<system-out><![CDATA[
unique-id: [engine:junit-vintage]/[runner:RegressionTest]/[test:RegressionTest2]/[test:test1076(RegressionTest2)]
display-name: test1076
]]></system-out>
</testcase>
<testcase name="test0934" classname="RegressionTest1" time="0">
<system-out><![CDATA[
unique-id: [engine:junit-vintage]/[runner:RegressionTest]/[test:RegressionTest1]/[test:test0934(RegressionTest1)]
display-name: test0934
]]></system-out>
</testcase>
<testcase name="test1041" classname="RegressionTest2" time="0">
<system-out><![CDATA[
unique-id: [engine:junit-vintage]/[runner:RegressionTest]/[test:RegressionTest2]/[test:test1041(RegressionTest2)]
display-name: test1041
]]></system-out>
</testcase>
<testcase name="test0144" classname="RegressionTest0" time="0">
<system-out><![CDATA[
unique-id: [engine:junit-vintage]/[runner:RegressionTest]/[test:RegressionTest0]/[test:test0144(RegressionTest0)]
display-name: test0144
]]></system-out>
</testcase>
<testcase name="test0347" classname="RegressionTest0" time="0">
<system-out><![CDATA[
unique-id: [engine:junit-vintage]/[runner:RegressionTest]/[test:RegressionTest0]/[test:test0347(RegressionTest0)]
display-name: test0347
]]></system-out>
</testcase>
<testcase name="test0583" classname="RegressionTest1" time="0">
<system-out><![CDATA[
unique-id: [engine:junit-vintage]/[runner:RegressionTest]/[test:RegressionTest1]/[test:test0583(RegressionTest1)]
display-name: test0583
]]></system-out>
</testcase>
<testcase name="test0440" classname="RegressionTest0" time="0">
<system-out><![CDATA[
unique-id: [engine:junit-vintage]/[runner:RegressionTest]/[test:RegressionTest0]/[test:test0440(RegressionTest0)]
display-name: test0440
]]></system-out>
</testcase>
<testcase name="test0786" classname="RegressionTest1" time="0">
<system-out><![CDATA[
unique-id: [engine:junit-vintage]/[runner:RegressionTest]/[test:RegressionTest1]/[test:test0786(RegressionTest1)]
display-name: test0786
]]></system-out>
</testcase>
<testcase name="test0944" classname="RegressionTest1" time="0">
<system-out><![CDATA[
unique-id: [engine:junit-vintage]/[runner:RegressionTest]/[test:RegressionTest1]/[test:test0944(RegressionTest1)]
display-name: test0944
]]></system-out>
</testcase>
<testcase name="test0969" classname="RegressionTest1" time="0">
<system-out><![CDATA[
unique-id: [engine:junit-vintage]/[runner:RegressionTest]/[test:RegressionTest1]/[test:test0969(RegressionTest1)]
display-name: test0969
]]></system-out>
</testcase>
<testcase name="test0648" classname="RegressionTest1" time="0">
<system-out><![CDATA[
unique-id: [engine:junit-vintage]/[runner:RegressionTest]/[test:RegressionTest1]/[test:test0648(RegressionTest1)]
display-name: test0648
]]></system-out>
</testcase>
<testcase name="test1019" classname="RegressionTest2" time="0">
<system-out><![CDATA[
unique-id: [engine:junit-vintage]/[runner:RegressionTest]/[test:RegressionTest2]/[test:test1019(RegressionTest2)]
display-name: test1019
]]></system-out>
</testcase>
<testcase name="test0465" classname="RegressionTest0" time="0">
<system-out><![CDATA[
unique-id: [engine:junit-vintage]/[runner:RegressionTest]/[test:RegressionTest0]/[test:test0465(RegressionTest0)]
display-name: test0465
]]></system-out>
</testcase>
<testcase name="test0709" classname="RegressionTest1" time="0">
<system-out><![CDATA[
unique-id: [engine:junit-vintage]/[runner:RegressionTest]/[test:RegressionTest1]/[test:test0709(RegressionTest1)]
display-name: test0709
]]></system-out>
</testcase>
<testcase name="test1102" classname="RegressionTest2" time="0">
<system-out><![CDATA[
unique-id: [engine:junit-vintage]/[runner:RegressionTest]/[test:RegressionTest2]/[test:test1102(RegressionTest2)]
display-name: test1102
]]></system-out>
</testcase>
<testcase name="test0169" classname="RegressionTest0" time="0.001">
<system-out><![CDATA[
unique-id: [engine:junit-vintage]/[runner:RegressionTest]/[test:RegressionTest0]/[test:test0169(RegressionTest0)]
display-name: test0169
]]></system-out>
</testcase>
<testcase name="test0506" classname="RegressionTest1" time="0">
<system-out><![CDATA[
unique-id: [engine:junit-vintage]/[runner:RegressionTest]/[test:RegressionTest1]/[test:test0506(RegressionTest1)]
display-name: test0506
]]></system-out>
</testcase>
<testcase name="test1066" classname="RegressionTest2" time="0">
<system-out><![CDATA[
unique-id: [engine:junit-vintage]/[runner:RegressionTest]/[test:RegressionTest2]/[test:test1066(RegressionTest2)]
display-name: test1066
]]></system-out>
</testcase>
<testcase name="test0430" classname="RegressionTest0" time="0">
<system-out><![CDATA[
unique-id: [engine:junit-vintage]/[runner:RegressionTest]/[test:RegressionTest0]/[test:test0430(RegressionTest0)]
display-name: test0430
]]></system-out>
</testcase>
<testcase name="test0573" classname="RegressionTest1" time="0">
<system-out><![CDATA[
unique-id: [engine:junit-vintage]/[runner:RegressionTest]/[test:RegressionTest1]/[test:test0573(RegressionTest1)]
display-name: test0573
]]></system-out>
</testcase>
<testcase name="test0357" classname="RegressionTest0" time="0">
<system-out><![CDATA[
unique-id: [engine:junit-vintage]/[runner:RegressionTest]/[test:RegressionTest0]/[test:test0357(RegressionTest0)]
display-name: test0357
]]></system-out>
</testcase>
<testcase name="test0719" classname="RegressionTest1" time="0">
<system-out><![CDATA[
unique-id: [engine:junit-vintage]/[runner:RegressionTest]/[test:RegressionTest1]/[test:test0719(RegressionTest1)]
display-name: test0719
]]></system-out>
</testcase>
<testcase name="test0766" classname="RegressionTest1" time="0">
<system-out><![CDATA[
unique-id: [engine:junit-vintage]/[runner:RegressionTest]/[test:RegressionTest1]/[test:test0766(RegressionTest1)]
display-name: test0766
]]></system-out>
</testcase>
<testcase name="test0979" classname="RegressionTest1" time="0">
<system-out><![CDATA[
unique-id: [engine:junit-vintage]/[runner:RegressionTest]/[test:RegressionTest1]/[test:test0979(RegressionTest1)]
display-name: test0979
]]></system-out>
</testcase>
<testcase name="test1061" classname="RegressionTest2" time="0">
<system-out><![CDATA[
unique-id: [engine:junit-vintage]/[runner:RegressionTest]/[test:RegressionTest2]/[test:test1061(RegressionTest2)]
display-name: test1061
]]></system-out>
</testcase>
<testcase name="test0312" classname="RegressionTest0" time="0">
<system-out><![CDATA[
unique-id: [engine:junit-vintage]/[runner:RegressionTest]/[test:RegressionTest0]/[test:test0312(RegressionTest0)]
display-name: test0312
]]></system-out>
</testcase>
<testcase name="test0658" classname="RegressionTest1" time="0">
<system-out><![CDATA[
unique-id: [engine:junit-vintage]/[runner:RegressionTest]/[test:RegressionTest1]/[test:test0658(RegressionTest1)]
display-name: test0658
]]></system-out>
</testcase>
<testcase name="test0302" classname="RegressionTest0" time="0">
<system-out><![CDATA[
unique-id: [engine:junit-vintage]/[runner:RegressionTest]/[test:RegressionTest0]/[test:test0302(RegressionTest0)]
display-name: test0302
]]></system-out>
</testcase>
<testcase name="test0093" classname="RegressionTest0" time="0">
<system-out><![CDATA[
unique-id: [engine:junit-vintage]/[runner:RegressionTest]/[test:RegressionTest0]/[test:test0093(RegressionTest0)]
display-name: test0093
]]></system-out>
</testcase>
<testcase name="test0154" classname="RegressionTest0" time="0">
<system-out><![CDATA[
unique-id: [engine:junit-vintage]/[runner:RegressionTest]/[test:RegressionTest0]/[test:test0154(RegressionTest0)]
display-name: test0154
]]></system-out>
</testcase>
<testcase name="test1051" classname="RegressionTest2" time="0">
<system-out><![CDATA[
unique-id: [engine:junit-vintage]/[runner:RegressionTest]/[test:RegressionTest2]/[test:test1051(RegressionTest2)]
display-name: test1051
]]></system-out>
</testcase>
<testcase name="test0776" classname="RegressionTest1" time="0">
<system-out><![CDATA[
unique-id: [engine:junit-vintage]/[runner:RegressionTest]/[test:RegressionTest1]/[test:test0776(RegressionTest1)]
display-name: test0776
]]></system-out>
</testcase>
<testcase name="test0989" classname="RegressionTest1" time="0">
<system-out><![CDATA[
unique-id: [engine:junit-vintage]/[runner:RegressionTest]/[test:RegressionTest1]/[test:test0989(RegressionTest1)]
display-name: test0989
]]></system-out>
</testcase>
<testcase name="test0563" classname="RegressionTest1" time="0">
<system-out><![CDATA[
unique-id: [engine:junit-vintage]/[runner:RegressionTest]/[test:RegressionTest1]/[test:test0563(RegressionTest1)]
display-name: test0563
]]></system-out>
</testcase>
<testcase name="test0420" classname="RegressionTest0" time="0">
<system-out><![CDATA[
unique-id: [engine:junit-vintage]/[runner:RegressionTest]/[test:RegressionTest0]/[test:test0420(RegressionTest0)]
display-name: test0420
]]></system-out>
</testcase>
<testcase name="test0893" classname="RegressionTest1" time="0">
<system-out><![CDATA[
unique-id: [engine:junit-vintage]/[runner:RegressionTest]/[test:RegressionTest1]/[test:test0893(RegressionTest1)]
display-name: test0893
]]></system-out>
</testcase>
<testcase name="test0229" classname="RegressionTest0" time="0">
<system-out><![CDATA[
unique-id: [engine:junit-vintage]/[runner:RegressionTest]/[test:RegressionTest0]/[test:test0229(RegressionTest0)]
display-name: test0229
]]></system-out>
</testcase>
<testcase name="test0668" classname="RegressionTest1" time="0">
<system-out><![CDATA[
unique-id: [engine:junit-vintage]/[runner:RegressionTest]/[test:RegressionTest1]/[test:test0668(RegressionTest1)]
display-name: test0668
]]></system-out>
</testcase>
<testcase name="test0262" classname="RegressionTest0" time="0">
<system-out><![CDATA[
unique-id: [engine:junit-vintage]/[runner:RegressionTest]/[test:RegressionTest0]/[test:test0262(RegressionTest0)]
display-name: test0262
]]></system-out>
</testcase>
<testcase name="test0159" classname="RegressionTest0" time="0">
<system-out><![CDATA[
unique-id: [engine:junit-vintage]/[runner:RegressionTest]/[test:RegressionTest0]/[test:test0159(RegressionTest0)]
display-name: test0159
]]></system-out>
</testcase>
<testcase name="test0296" classname="RegressionTest0" time="0">
<system-out><![CDATA[
unique-id: [engine:junit-vintage]/[runner:RegressionTest]/[test:RegressionTest0]/[test:test0296(RegressionTest0)]
display-name: test0296
]]></system-out>
</testcase>
<testcase name="test0287" classname="RegressionTest0" time="0">
<system-out><![CDATA[
unique-id: [engine:junit-vintage]/[runner:RegressionTest]/[test:RegressionTest0]/[test:test0287(RegressionTest0)]
display-name: test0287
]]></system-out>
</testcase>
<testcase name="test1101" classname="RegressionTest2" time="0">
<system-out><![CDATA[
unique-id: [engine:junit-vintage]/[runner:RegressionTest]/[test:RegressionTest2]/[test:test1101(RegressionTest2)]
display-name: test1101
]]></system-out>
</testcase>
<testcase name="test0261" classname="RegressionTest0" time="0">
<system-out><![CDATA[
unique-id: [engine:junit-vintage]/[runner:RegressionTest]/[test:RegressionTest0]/[test:test0261(RegressionTest0)]
display-name: test0261
]]></system-out>
</testcase>
<testcase name="test0827" classname="RegressionTest1" time="0">
<system-out><![CDATA[
unique-id: [engine:junit-vintage]/[runner:RegressionTest]/[test:RegressionTest1]/[test:test0827(RegressionTest1)]
display-name: test0827
]]></system-out>
</testcase>
<testcase name="test0500" classname="RegressionTest0" time="0">
<system-out><![CDATA[
unique-id: [engine:junit-vintage]/[runner:RegressionTest]/[test:RegressionTest0]/[test:test0500(RegressionTest0)]
display-name: test0500
]]></system-out>
</testcase>
<testcase name="test0643" classname="RegressionTest1" time="0">
<system-out><![CDATA[
unique-id: [engine:junit-vintage]/[runner:RegressionTest]/[test:RegressionTest1]/[test:test0643(RegressionTest1)]
display-name: test0643
]]></system-out>
</testcase>
<testcase name="test1127" classname="RegressionTest2" time="0">
<system-out><![CDATA[
unique-id: [engine:junit-vintage]/[runner:RegressionTest]/[test:RegressionTest2]/[test:test1127(RegressionTest2)]
display-name: test1127
]]></system-out>
</testcase>
<testcase name="test0826" classname="RegressionTest1" time="0">
<system-out><![CDATA[
unique-id: [engine:junit-vintage]/[runner:RegressionTest]/[test:RegressionTest1]/[test:test0826(RegressionTest1)]
display-name: test0826
]]></system-out>
</testcase>
<testcase name="test0801" classname="RegressionTest1" time="0">
<system-out><![CDATA[
unique-id: [engine:junit-vintage]/[runner:RegressionTest]/[test:RegressionTest1]/[test:test0801(RegressionTest1)]
display-name: test0801
]]></system-out>
</testcase>
<testcase name="test0322" classname="RegressionTest0" time="0">
<system-out><![CDATA[
unique-id: [engine:junit-vintage]/[runner:RegressionTest]/[test:RegressionTest0]/[test:test0322(RegressionTest0)]
display-name: test0322
]]></system-out>
</testcase>
<testcase name="test0026" classname="RegressionTest0" time="0">
<system-out><![CDATA[
unique-id: [engine:junit-vintage]/[runner:RegressionTest]/[test:RegressionTest0]/[test:test0026(RegressionTest0)]
display-name: test0026
]]></system-out>
</testcase>
<testcase name="test0731" classname="RegressionTest1" time="0">
<system-out><![CDATA[
unique-id: [engine:junit-vintage]/[runner:RegressionTest]/[test:RegressionTest1]/[test:test0731(RegressionTest1)]
display-name: test0731
]]></system-out>
</testcase>
<testcase name="test0281" classname="RegressionTest0" time="0">
<system-out><![CDATA[
unique-id: [engine:junit-vintage]/[runner:RegressionTest]/[test:RegressionTest0]/[test:test0281(RegressionTest0)]
display-name: test0281
]]></system-out>
</testcase>
<testcase name="test0649" classname="RegressionTest1" time="0">
<system-out><![CDATA[
unique-id: [engine:junit-vintage]/[runner:RegressionTest]/[test:RegressionTest1]/[test:test0649(RegressionTest1)]
display-name: test0649
]]></system-out>
</testcase>
<testcase name="test0499" classname="RegressionTest0" time="0">
<system-out><![CDATA[
unique-id: [engine:junit-vintage]/[runner:RegressionTest]/[test:RegressionTest0]/[test:test0499(RegressionTest0)]
display-name: test0499
]]></system-out>
</testcase>
<testcase name="test0134" classname="RegressionTest0" time="0">
<system-out><![CDATA[
unique-id: [engine:junit-vintage]/[runner:RegressionTest]/[test:RegressionTest0]/[test:test0134(RegressionTest0)]
display-name: test0134
]]></system-out>
</testcase>
<testcase name="test0214" classname="RegressionTest0" time="0">
<system-out><![CDATA[
unique-id: [engine:junit-vintage]/[runner:RegressionTest]/[test:RegressionTest0]/[test:test0214(RegressionTest0)]
display-name: test0214
]]></system-out>
</testcase>
<testcase name="test0690" classname="RegressionTest1" time="0">
<system-out><![CDATA[
unique-id: [engine:junit-vintage]/[runner:RegressionTest]/[test:RegressionTest1]/[test:test0690(RegressionTest1)]
display-name: test0690
]]></system-out>
</testcase>
<testcase name="test0623" classname="RegressionTest1" time="0">
<system-out><![CDATA[
unique-id: [engine:junit-vintage]/[runner:RegressionTest]/[test:RegressionTest1]/[test:test0623(RegressionTest1)]
display-name: test0623
]]></system-out>
</testcase>
<testcase name="test0954" classname="RegressionTest1" time="0">
<system-out><![CDATA[
unique-id: [engine:junit-vintage]/[runner:RegressionTest]/[test:RegressionTest1]/[test:test0954(RegressionTest1)]
display-name: test0954
]]></system-out>
</testcase>
<testcase name="test0084" classname="RegressionTest0" time="0">
<system-out><![CDATA[
unique-id: [engine:junit-vintage]/[runner:RegressionTest]/[test:RegressionTest0]/[test:test0084(RegressionTest0)]
display-name: test0084
]]></system-out>
</testcase>
<testcase name="test0242" classname="RegressionTest0" time="0">
<system-out><![CDATA[
unique-id: [engine:junit-vintage]/[runner:RegressionTest]/[test:RegressionTest0]/[test:test0242(RegressionTest0)]
display-name: test0242
]]></system-out>
</testcase>
<testcase name="test1086" classname="RegressionTest2" time="0">
<system-out><![CDATA[
unique-id: [engine:junit-vintage]/[runner:RegressionTest]/[test:RegressionTest2]/[test:test1086(RegressionTest2)]
display-name: test1086
]]></system-out>
</testcase>
<testcase name="test0445" classname="RegressionTest0" time="0">
<system-out><![CDATA[
unique-id: [engine:junit-vintage]/[runner:RegressionTest]/[test:RegressionTest0]/[test:test0445(RegressionTest0)]
display-name: test0445
]]></system-out>
</testcase>
<testcase name="test0515" classname="RegressionTest1" time="0">
<system-out><![CDATA[
unique-id: [engine:junit-vintage]/[runner:RegressionTest]/[test:RegressionTest1]/[test:test0515(RegressionTest1)]
display-name: test0515
]]></system-out>
</testcase>
<testcase name="test0588" classname="RegressionTest1" time="0">
<system-out><![CDATA[
unique-id: [engine:junit-vintage]/[runner:RegressionTest]/[test:RegressionTest1]/[test:test0588(RegressionTest1)]
display-name: test0588
]]></system-out>
</testcase>
<testcase name="test0011" classname="RegressionTest0" time="0">
<system-out><![CDATA[
unique-id: [engine:junit-vintage]/[runner:RegressionTest]/[test:RegressionTest0]/[test:test0011(RegressionTest0)]
display-name: test0011
]]></system-out>
</testcase>
<testcase name="test0807" classname="RegressionTest1" time="0">
<system-out><![CDATA[
unique-id: [engine:junit-vintage]/[runner:RegressionTest]/[test:RegressionTest1]/[test:test0807(RegressionTest1)]
display-name: test0807
]]></system-out>
</testcase>
<testcase name="test0846" classname="RegressionTest1" time="0">
<system-out><![CDATA[
unique-id: [engine:junit-vintage]/[runner:RegressionTest]/[test:RegressionTest1]/[test:test0846(RegressionTest1)]
display-name: test0846
]]></system-out>
</testcase>
<testcase name="test0337" classname="RegressionTest0" time="0">
<system-out><![CDATA[
unique-id: [engine:junit-vintage]/[runner:RegressionTest]/[test:RegressionTest0]/[test:test0337(RegressionTest0)]
display-name: test0337
]]></system-out>
</testcase>
<testcase name="test0007" classname="RegressionTest0" time="0">
<system-out><![CDATA[
unique-id: [engine:junit-vintage]/[runner:RegressionTest]/[test:RegressionTest0]/[test:test0007(RegressionTest0)]
display-name: test0007
]]></system-out>
</testcase>
<testcase name="test0188" classname="RegressionTest0" time="0">
<system-out><![CDATA[
unique-id: [engine:junit-vintage]/[runner:RegressionTest]/[test:RegressionTest0]/[test:test0188(RegressionTest0)]
display-name: test0188
]]></system-out>
</testcase>
<testcase name="test1121" classname="RegressionTest2" time="0">
<system-out><![CDATA[
unique-id: [engine:junit-vintage]/[runner:RegressionTest]/[test:RegressionTest2]/[test:test1121(RegressionTest2)]
display-name: test1121
]]></system-out>
</testcase>
<testcase name="test0484" classname="RegressionTest0" time="0">
<system-out><![CDATA[
unique-id: [engine:junit-vintage]/[runner:RegressionTest]/[test:RegressionTest0]/[test:test0484(RegressionTest0)]
display-name: test0484
]]></system-out>
</testcase>
<testcase name="test0671" classname="RegressionTest1" time="0">
<system-out><![CDATA[
unique-id: [engine:junit-vintage]/[runner:RegressionTest]/[test:RegressionTest1]/[test:test0671(RegressionTest1)]
display-name: test0671
]]></system-out>
</testcase>
<testcase name="test0785" classname="RegressionTest1" time="0">
<system-out><![CDATA[
unique-id: [engine:junit-vintage]/[runner:RegressionTest]/[test:RegressionTest1]/[test:test0785(RegressionTest1)]
display-name: test0785
]]></system-out>
</testcase>
<testcase name="test0925" classname="RegressionTest1" time="0">
<system-out><![CDATA[
unique-id: [engine:junit-vintage]/[runner:RegressionTest]/[test:RegressionTest1]/[test:test0925(RegressionTest1)]
display-name: test0925
]]></system-out>
</testcase>
<testcase name="test0900" classname="RegressionTest1" time="0">
<system-out><![CDATA[
unique-id: [engine:junit-vintage]/[runner:RegressionTest]/[test:RegressionTest1]/[test:test0900(RegressionTest1)]
display-name: test0900
]]></system-out>
</testcase>
<testcase name="test0604" classname="RegressionTest1" time="0">
<system-out><![CDATA[
unique-id: [engine:junit-vintage]/[runner:RegressionTest]/[test:RegressionTest1]/[test:test0604(RegressionTest1)]
display-name: test0604
]]></system-out>
</testcase>
<testcase name="test0525" classname="RegressionTest1" time="0">
<system-out><![CDATA[
unique-id: [engine:junit-vintage]/[runner:RegressionTest]/[test:RegressionTest1]/[test:test0525(RegressionTest1)]
display-name: test0525
]]></system-out>
</testcase>
<testcase name="test0592" classname="RegressionTest1" time="0">
<system-out><![CDATA[
unique-id: [engine:junit-vintage]/[runner:RegressionTest]/[test:RegressionTest1]/[test:test0592(RegressionTest1)]
display-name: test0592
]]></system-out>
</testcase>
<testcase name="test0992" classname="RegressionTest1" time="0">
<system-out><![CDATA[
unique-id: [engine:junit-vintage]/[runner:RegressionTest]/[test:RegressionTest1]/[test:test0992(RegressionTest1)]
display-name: test0992
]]></system-out>
</testcase>
<testcase name="test0417" classname="RegressionTest0" time="0">
<system-out><![CDATA[
unique-id: [engine:junit-vintage]/[runner:RegressionTest]/[test:RegressionTest0]/[test:test0417(RegressionTest0)]
display-name: test0417
]]></system-out>
</testcase>
<testcase name="test0474" classname="RegressionTest0" time="0">
<system-out><![CDATA[
unique-id: [engine:junit-vintage]/[runner:RegressionTest]/[test:RegressionTest0]/[test:test0474(RegressionTest0)]
display-name: test0474
]]></system-out>
</testcase>
<testcase name="test1111" classname="RegressionTest2" time="0">
<system-out><![CDATA[
unique-id: [engine:junit-vintage]/[runner:RegressionTest]/[test:RegressionTest2]/[test:test1111(RegressionTest2)]
display-name: test1111
]]></system-out>
</testcase>
<testcase name="test0074" classname="RegressionTest0" time="0">
<system-out><![CDATA[
unique-id: [engine:junit-vintage]/[runner:RegressionTest]/[test:RegressionTest0]/[test:test0074(RegressionTest0)]
display-name: test0074
]]></system-out>
</testcase>
<testcase name="test0017" classname="RegressionTest0" time="0">
<system-out><![CDATA[
unique-id: [engine:junit-vintage]/[runner:RegressionTest]/[test:RegressionTest0]/[test:test0017(RegressionTest0)]
display-name: test0017
]]></system-out>
</testcase>
<testcase name="test0395" classname="RegressionTest0" time="0">
<system-out><![CDATA[
unique-id: [engine:junit-vintage]/[runner:RegressionTest]/[test:RegressionTest0]/[test:test0395(RegressionTest0)]
display-name: test0395
]]></system-out>
</testcase>
<testcase name="test1032" classname="RegressionTest2" time="0">
<system-out><![CDATA[
unique-id: [engine:junit-vintage]/[runner:RegressionTest]/[test:RegressionTest2]/[test:test1032(RegressionTest2)]
display-name: test1032
]]></system-out>
</testcase>
<testcase name="test0099" classname="RegressionTest0" time="0">
<system-out><![CDATA[
unique-id: [engine:junit-vintage]/[runner:RegressionTest]/[test:RegressionTest0]/[test:test0099(RegressionTest0)]
display-name: test0099
]]></system-out>
</testcase>
<testcase name="test0582" classname="RegressionTest1" time="0">
<system-out><![CDATA[
unique-id: [engine:junit-vintage]/[runner:RegressionTest]/[test:RegressionTest1]/[test:test0582(RegressionTest1)]
display-name: test0582
]]></system-out>
</testcase>
<testcase name="test0795" classname="RegressionTest1" time="0">
<system-out><![CDATA[
unique-id: [engine:junit-vintage]/[runner:RegressionTest]/[test:RegressionTest1]/[test:test0795(RegressionTest1)]
display-name: test0795
]]></system-out>
</testcase>
<testcase name="test0639" classname="RegressionTest1" time="0">
<system-out><![CDATA[
unique-id: [engine:junit-vintage]/[runner:RegressionTest]/[test:RegressionTest1]/[test:test0639(RegressionTest1)]
display-name: test0639
]]></system-out>
</testcase>
<testcase name="test0874" classname="RegressionTest1" time="0">
<system-out><![CDATA[
unique-id: [engine:junit-vintage]/[runner:RegressionTest]/[test:RegressionTest1]/[test:test0874(RegressionTest1)]
display-name: test0874
]]></system-out>
</testcase>
<testcase name="test0318" classname="RegressionTest0" time="0">
<system-out><![CDATA[
unique-id: [engine:junit-vintage]/[runner:RegressionTest]/[test:RegressionTest0]/[test:test0318(RegressionTest0)]
display-name: test0318
]]></system-out>
</testcase>
<testcase name="test0614" classname="RegressionTest1" time="0">
<system-out><![CDATA[
unique-id: [engine:junit-vintage]/[runner:RegressionTest]/[test:RegressionTest1]/[test:test0614(RegressionTest1)]
display-name: test0614
]]></system-out>
</testcase>
<testcase name="test1028" classname="RegressionTest2" time="0">
<system-out><![CDATA[
unique-id: [engine:junit-vintage]/[runner:RegressionTest]/[test:RegressionTest2]/[test:test1028(RegressionTest2)]
display-name: test1028
]]></system-out>
</testcase>
<testcase name="test0198" classname="RegressionTest0" time="0">
<system-out><![CDATA[
unique-id: [engine:junit-vintage]/[runner:RegressionTest]/[test:RegressionTest0]/[test:test0198(RegressionTest0)]
display-name: test0198
]]></system-out>
</testcase>
<testcase name="test0760" classname="RegressionTest1" time="0">
<system-out><![CDATA[
unique-id: [engine:junit-vintage]/[runner:RegressionTest]/[test:RegressionTest1]/[test:test0760(RegressionTest1)]
display-name: test0760
]]></system-out>
</testcase>
<testcase name="test1095" classname="RegressionTest2" time="0">
<system-out><![CDATA[
unique-id: [engine:junit-vintage]/[runner:RegressionTest]/[test:RegressionTest2]/[test:test1095(RegressionTest2)]
display-name: test1095
]]></system-out>
</testcase>
<testcase name="test0277" classname="RegressionTest0" time="0">
<system-out><![CDATA[
unique-id: [engine:junit-vintage]/[runner:RegressionTest]/[test:RegressionTest0]/[test:test0277(RegressionTest0)]
display-name: test0277
]]></system-out>
</testcase>
<testcase name="test0681" classname="RegressionTest1" time="0">
<system-out><![CDATA[
unique-id: [engine:junit-vintage]/[runner:RegressionTest]/[test:RegressionTest1]/[test:test0681(RegressionTest1)]
display-name: test0681
]]></system-out>
</testcase>
<testcase name="test0125" classname="RegressionTest0" time="0">
<system-out><![CDATA[
unique-id: [engine:junit-vintage]/[runner:RegressionTest]/[test:RegressionTest0]/[test:test0125(RegressionTest0)]
display-name: test0125
]]></system-out>
</testcase>
<testcase name="test0811" classname="RegressionTest1" time="0">
<system-out><![CDATA[
unique-id: [engine:junit-vintage]/[runner:RegressionTest]/[test:RegressionTest1]/[test:test0811(RegressionTest1)]
display-name: test0811
]]></system-out>
</testcase>
<testcase name="test1022" classname="RegressionTest2" time="0">
<system-out><![CDATA[
unique-id: [engine:junit-vintage]/[runner:RegressionTest]/[test:RegressionTest2]/[test:test1022(RegressionTest2)]
display-name: test1022
]]></system-out>
</testcase>
<testcase name="test0328" classname="RegressionTest0" time="0">
<system-out><![CDATA[
unique-id: [engine:junit-vintage]/[runner:RegressionTest]/[test:RegressionTest0]/[test:test0328(RegressionTest0)]
display-name: test0328
]]></system-out>
</testcase>
<testcase name="test0385" classname="RegressionTest0" time="0">
<system-out><![CDATA[
unique-id: [engine:junit-vintage]/[runner:RegressionTest]/[test:RegressionTest0]/[test:test0385(RegressionTest0)]
display-name: test0385
]]></system-out>
</testcase>
<testcase name="test0884" classname="RegressionTest1" time="0">
<system-out><![CDATA[
unique-id: [engine:junit-vintage]/[runner:RegressionTest]/[test:RegressionTest1]/[test:test0884(RegressionTest1)]
display-name: test0884
]]></system-out>
</testcase>
<testcase name="test0963" classname="RegressionTest1" time="0">
<system-out><![CDATA[
unique-id: [engine:junit-vintage]/[runner:RegressionTest]/[test:RegressionTest1]/[test:test0963(RegressionTest1)]
display-name: test0963
]]></system-out>
</testcase>
<testcase name="test1117" classname="RegressionTest2" time="0">
<system-out><![CDATA[
unique-id: [engine:junit-vintage]/[runner:RegressionTest]/[test:RegressionTest2]/[test:test1117(RegressionTest2)]
display-name: test1117
]]></system-out>
</testcase>
<testcase name="test0703" classname="RegressionTest1" time="0">
<system-out><![CDATA[
unique-id: [engine:junit-vintage]/[runner:RegressionTest]/[test:RegressionTest1]/[test:test0703(RegressionTest1)]
display-name: test0703
]]></system-out>
</testcase>
<testcase name="test1038" classname="RegressionTest2" time="0">
<system-out><![CDATA[
unique-id: [engine:junit-vintage]/[runner:RegressionTest]/[test:RegressionTest2]/[test:test1038(RegressionTest2)]
display-name: test1038
]]></system-out>
</testcase>
<testcase name="test0407" classname="RegressionTest0" time="0">
<system-out><![CDATA[
unique-id: [engine:junit-vintage]/[runner:RegressionTest]/[test:RegressionTest0]/[test:test0407(RegressionTest0)]
display-name: test0407
]]></system-out>
</testcase>
<testcase name="test0817" classname="RegressionTest1" time="0">
<system-out><![CDATA[
unique-id: [engine:junit-vintage]/[runner:RegressionTest]/[test:RegressionTest1]/[test:test0817(RegressionTest1)]
display-name: test0817
]]></system-out>
</testcase>
<testcase name="test0633" classname="RegressionTest1" time="0">
<system-out><![CDATA[
unique-id: [engine:junit-vintage]/[runner:RegressionTest]/[test:RegressionTest1]/[test:test0633(RegressionTest1)]
display-name: test0633
]]></system-out>
</testcase>
<testcase name="test0341" classname="RegressionTest0" time="0">
<system-out><![CDATA[
unique-id: [engine:junit-vintage]/[runner:RegressionTest]/[test:RegressionTest0]/[test:test0341(RegressionTest0)]
display-name: test0341
]]></system-out>
</testcase>
<testcase name="test0998" classname="RegressionTest1" time="0">
<system-out><![CDATA[
unique-id: [engine:junit-vintage]/[runner:RegressionTest]/[test:RegressionTest1]/[test:test0998(RegressionTest1)]
display-name: test0998
]]></system-out>
</testcase>
<testcase name="test0036" classname="RegressionTest0" time="0.001">
<system-out><![CDATA[
unique-id: [engine:junit-vintage]/[runner:RegressionTest]/[test:RegressionTest0]/[test:test0036(RegressionTest0)]
display-name: test0036
]]></system-out>
</testcase>
<testcase name="test0598" classname="RegressionTest1" time="0">
<system-out><![CDATA[
unique-id: [engine:junit-vintage]/[runner:RegressionTest]/[test:RegressionTest1]/[test:test0598(RegressionTest1)]
display-name: test0598
]]></system-out>
</testcase>
<testcase name="test0747" classname="RegressionTest1" time="0">
<system-out><![CDATA[
unique-id: [engine:junit-vintage]/[runner:RegressionTest]/[test:RegressionTest1]/[test:test0747(RegressionTest1)]
display-name: test0747
]]></system-out>
</testcase>
<testcase name="test0366" classname="RegressionTest0" time="0">
<system-out><![CDATA[
unique-id: [engine:junit-vintage]/[runner:RegressionTest]/[test:RegressionTest0]/[test:test0366(RegressionTest0)]
display-name: test0366
]]></system-out>
</testcase>
<testcase name="test0182" classname="RegressionTest0" time="0.003">
<system-out><![CDATA[
unique-id: [engine:junit-vintage]/[runner:RegressionTest]/[test:RegressionTest0]/[test:test0182(RegressionTest0)]
display-name: test0182
]]></system-out>
</testcase>
<testcase name="test0001" classname="RegressionTest0" time="0.005">
<system-out><![CDATA[
unique-id: [engine:junit-vintage]/[runner:RegressionTest]/[test:RegressionTest0]/[test:test0001(RegressionTest0)]
display-name: test0001
]]></system-out>
</testcase>
<testcase name="test0204" classname="RegressionTest0" time="0">
<system-out><![CDATA[
unique-id: [engine:junit-vintage]/[runner:RegressionTest]/[test:RegressionTest0]/[test:test0204(RegressionTest0)]
display-name: test0204
]]></system-out>
</testcase>
<testcase name="test1057" classname="RegressionTest2" time="0">
<system-out><![CDATA[
unique-id: [engine:junit-vintage]/[runner:RegressionTest]/[test:RegressionTest2]/[test:test1057(RegressionTest2)]
display-name: test1057
]]></system-out>
</testcase>
<testcase name="test0652" classname="RegressionTest1" time="0">
<system-out><![CDATA[
unique-id: [engine:junit-vintage]/[runner:RegressionTest]/[test:RegressionTest1]/[test:test0652(RegressionTest1)]
display-name: test0652
]]></system-out>
</testcase>
<testcase name="test0252" classname="RegressionTest0" time="0">
<system-out><![CDATA[
unique-id: [engine:junit-vintage]/[runner:RegressionTest]/[test:RegressionTest0]/[test:test0252(RegressionTest0)]
display-name: test0252
]]></system-out>
</testcase>
<testcase name="test0722" classname="RegressionTest1" time="0">
<system-out><![CDATA[
unique-id: [engine:junit-vintage]/[runner:RegressionTest]/[test:RegressionTest1]/[test:test0722(RegressionTest1)]
display-name: test0722
]]></system-out>
</testcase>
<testcase name="test0239" classname="RegressionTest0" time="0">
<system-out><![CDATA[
unique-id: [engine:junit-vintage]/[runner:RegressionTest]/[test:RegressionTest0]/[test:test0239(RegressionTest0)]
display-name: test0239
]]></system-out>
</testcase>
<testcase name="test0360" classname="RegressionTest0" time="0">
<system-out><![CDATA[
unique-id: [engine:junit-vintage]/[runner:RegressionTest]/[test:RegressionTest0]/[test:test0360(RegressionTest0)]
display-name: test0360
]]></system-out>
</testcase>
<testcase name="test0728" classname="RegressionTest1" time="0">
<system-out><![CDATA[
unique-id: [engine:junit-vintage]/[runner:RegressionTest]/[test:RegressionTest1]/[test:test0728(RegressionTest1)]
display-name: test0728
]]></system-out>
</testcase>
<testcase name="test0401" classname="RegressionTest0" time="0">
<system-out><![CDATA[
unique-id: [engine:junit-vintage]/[runner:RegressionTest]/[test:RegressionTest0]/[test:test0401(RegressionTest0)]
display-name: test0401
]]></system-out>
</testcase>
<testcase name="test0544" classname="RegressionTest1" time="0">
<system-out><![CDATA[
unique-id: [engine:junit-vintage]/[runner:RegressionTest]/[test:RegressionTest1]/[test:test0544(RegressionTest1)]
display-name: test0544
]]></system-out>
</testcase>
<testcase name="test0055" classname="RegressionTest0" time="0.001">
<system-out><![CDATA[
unique-id: [engine:junit-vintage]/[runner:RegressionTest]/[test:RegressionTest0]/[test:test0055(RegressionTest0)]
display-name: test0055
]]></system-out>
</testcase>
<testcase name="test1070" classname="RegressionTest2" time="0">
<system-out><![CDATA[
unique-id: [engine:junit-vintage]/[runner:RegressionTest]/[test:RegressionTest2]/[test:test1070(RegressionTest2)]
display-name: test1070
]]></system-out>
</testcase>
<testcase name="test0836" classname="RegressionTest1" time="0">
<system-out><![CDATA[
unique-id: [engine:junit-vintage]/[runner:RegressionTest]/[test:RegressionTest1]/[test:test0836(RegressionTest1)]
display-name: test0836
]]></system-out>
</testcase>
<testcase name="test1003" classname="RegressionTest2" time="0">
<system-out><![CDATA[
unique-id: [engine:junit-vintage]/[runner:RegressionTest]/[test:RegressionTest2]/[test:test1003(RegressionTest2)]
display-name: test1003
]]></system-out>
</testcase>
<testcase name="test0163" classname="RegressionTest0" time="0">
<system-out><![CDATA[
unique-id: [engine:junit-vintage]/[runner:RegressionTest]/[test:RegressionTest0]/[test:test0163(RegressionTest0)]
display-name: test0163
]]></system-out>
</testcase>
<testcase name="test0455" classname="RegressionTest0" time="0">
<system-out><![CDATA[
unique-id: [engine:junit-vintage]/[runner:RegressionTest]/[test:RegressionTest0]/[test:test0455(RegressionTest0)]
display-name: test0455
]]></system-out>
</testcase>
<testcase name="test0271" classname="RegressionTest0" time="0">
<system-out><![CDATA[
unique-id: [engine:junit-vintage]/[runner:RegressionTest]/[test:RegressionTest0]/[test:test0271(RegressionTest0)]
display-name: test0271
]]></system-out>
</testcase>
<testcase name="test0741" classname="RegressionTest1" time="0">
<system-out><![CDATA[
unique-id: [engine:junit-vintage]/[runner:RegressionTest]/[test:RegressionTest1]/[test:test0741(RegressionTest1)]
display-name: test0741
]]></system-out>
</testcase>
<testcase name="test0258" classname="RegressionTest0" time="0">
<system-out><![CDATA[
unique-id: [engine:junit-vintage]/[runner:RegressionTest]/[test:RegressionTest0]/[test:test0258(RegressionTest0)]
display-name: test0258
]]></system-out>
</testcase>
<testcase name="test0329" classname="RegressionTest0" time="0">
<system-out><![CDATA[
unique-id: [engine:junit-vintage]/[runner:RegressionTest]/[test:RegressionTest0]/[test:test0329(RegressionTest0)]
display-name: test0329
]]></system-out>
</testcase>
<testcase name="test0855" classname="RegressionTest1" time="0">
<system-out><![CDATA[
unique-id: [engine:junit-vintage]/[runner:RegressionTest]/[test:RegressionTest1]/[test:test0855(RegressionTest1)]
display-name: test0855
]]></system-out>
</testcase>
<testcase name="test0926" classname="RegressionTest1" time="0">
<system-out><![CDATA[
unique-id: [engine:junit-vintage]/[runner:RegressionTest]/[test:RegressionTest1]/[test:test0926(RegressionTest1)]
display-name: test0926
]]></system-out>
</testcase>
<testcase name="test0621" classname="RegressionTest1" time="0">
<system-out><![CDATA[
unique-id: [engine:junit-vintage]/[runner:RegressionTest]/[test:RegressionTest1]/[test:test0621(RegressionTest1)]
display-name: test0621
]]></system-out>
</testcase>
<testcase name="test1033" classname="RegressionTest2" time="0">
<system-out><![CDATA[
unique-id: [engine:junit-vintage]/[runner:RegressionTest]/[test:RegressionTest2]/[test:test1033(RegressionTest2)]
display-name: test1033
]]></system-out>
</testcase>
<testcase name="test0508" classname="RegressionTest1" time="0">
<system-out><![CDATA[
unique-id: [engine:junit-vintage]/[runner:RegressionTest]/[test:RegressionTest1]/[test:test0508(RegressionTest1)]
display-name: test0508
]]></system-out>
</testcase>
<testcase name="test0223" classname="RegressionTest0" time="0">
<system-out><![CDATA[
unique-id: [engine:junit-vintage]/[runner:RegressionTest]/[test:RegressionTest0]/[test:test0223(RegressionTest0)]
display-name: test0223
]]></system-out>
</testcase>
<testcase name="test0656" classname="RegressionTest1" time="0">
<system-out><![CDATA[
unique-id: [engine:junit-vintage]/[runner:RegressionTest]/[test:RegressionTest1]/[test:test0656(RegressionTest1)]
display-name: test0656
]]></system-out>
</testcase>
<testcase name="test0187" classname="RegressionTest0" time="0">
<system-out><![CDATA[
unique-id: [engine:junit-vintage]/[runner:RegressionTest]/[test:RegressionTest0]/[test:test0187(RegressionTest0)]
display-name: test0187
]]></system-out>
</testcase>
<testcase name="test0152" classname="RegressionTest0" time="0">
<system-out><![CDATA[
unique-id: [engine:junit-vintage]/[runner:RegressionTest]/[test:RegressionTest0]/[test:test0152(RegressionTest0)]
display-name: test0152
]]></system-out>
</testcase>
<testcase name="test0422" classname="RegressionTest0" time="0">
<system-out><![CDATA[
unique-id: [engine:junit-vintage]/[runner:RegressionTest]/[test:RegressionTest0]/[test:test0422(RegressionTest0)]
display-name: test0422
]]></system-out>
</testcase>
<testcase name="test0243" classname="RegressionTest0" time="0">
<system-out><![CDATA[
unique-id: [engine:junit-vintage]/[runner:RegressionTest]/[test:RegressionTest0]/[test:test0243(RegressionTest0)]
display-name: test0243
]]></system-out>
</testcase>
<testcase name="test1053" classname="RegressionTest2" time="0">
<system-out><![CDATA[
unique-id: [engine:junit-vintage]/[runner:RegressionTest]/[test:RegressionTest2]/[test:test1053(RegressionTest2)]
display-name: test1053
]]></system-out>
</testcase>
<testcase name="test0172" classname="RegressionTest0" time="0.004">
<system-out><![CDATA[
unique-id: [engine:junit-vintage]/[runner:RegressionTest]/[test:RegressionTest0]/[test:test0172(RegressionTest0)]
display-name: test0172
]]></system-out>
</testcase>
<testcase name="test0457" classname="RegressionTest0" time="0">
<system-out><![CDATA[
unique-id: [engine:junit-vintage]/[runner:RegressionTest]/[test:RegressionTest0]/[test:test0457(RegressionTest0)]
display-name: test0457
]]></system-out>
</testcase>
<testcase name="test0840" classname="RegressionTest1" time="0">
<system-out><![CDATA[
unique-id: [engine:junit-vintage]/[runner:RegressionTest]/[test:RegressionTest1]/[test:test0840(RegressionTest1)]
display-name: test0840
]]></system-out>
</testcase>
<testcase name="test0004" classname="RegressionTest0" time="0">
<system-out><![CDATA[
unique-id: [engine:junit-vintage]/[runner:RegressionTest]/[test:RegressionTest0]/[test:test0004(RegressionTest0)]
display-name: test0004
]]></system-out>
</testcase>
<testcase name="test0601" classname="RegressionTest1" time="0">
<system-out><![CDATA[
unique-id: [engine:junit-vintage]/[runner:RegressionTest]/[test:RegressionTest1]/[test:test0601(RegressionTest1)]
display-name: test0601
]]></system-out>
</testcase>
<testcase name="test0727" classname="RegressionTest1" time="0">
<system-out><![CDATA[
unique-id: [engine:junit-vintage]/[runner:RegressionTest]/[test:RegressionTest1]/[test:test0727(RegressionTest1)]
display-name: test0727
]]></system-out>
</testcase>
<testcase name="test0906" classname="RegressionTest1" time="0">
<system-out><![CDATA[
unique-id: [engine:junit-vintage]/[runner:RegressionTest]/[test:RegressionTest1]/[test:test0906(RegressionTest1)]
display-name: test0906
]]></system-out>
</testcase>
<testcase name="test0477" classname="RegressionTest0" time="0">
<system-out><![CDATA[
unique-id: [engine:junit-vintage]/[runner:RegressionTest]/[test:RegressionTest0]/[test:test0477(RegressionTest0)]
display-name: test0477
]]></system-out>
</testcase>
<testcase name="test0351" classname="RegressionTest0" time="0">
<system-out><![CDATA[
unique-id: [engine:junit-vintage]/[runner:RegressionTest]/[test:RegressionTest0]/[test:test0351(RegressionTest0)]
display-name: test0351
]]></system-out>
</testcase>
<testcase name="test0349" classname="RegressionTest0" time="0">
<system-out><![CDATA[
unique-id: [engine:junit-vintage]/[runner:RegressionTest]/[test:RegressionTest0]/[test:test0349(RegressionTest0)]
display-name: test0349
]]></system-out>
</testcase>
<testcase name="test0059" classname="RegressionTest0" time="0">
<system-out><![CDATA[
unique-id: [engine:junit-vintage]/[runner:RegressionTest]/[test:RegressionTest0]/[test:test0059(RegressionTest0)]
display-name: test0059
]]></system-out>
</testcase>
<testcase name="test0911" classname="RegressionTest1" time="0">
<system-out><![CDATA[
unique-id: [engine:junit-vintage]/[runner:RegressionTest]/[test:RegressionTest1]/[test:test0911(RegressionTest1)]
display-name: test0911
]]></system-out>
</testcase>
<testcase name="test0784" classname="RegressionTest1" time="0">
<system-out><![CDATA[
unique-id: [engine:junit-vintage]/[runner:RegressionTest]/[test:RegressionTest1]/[test:test0784(RegressionTest1)]
display-name: test0784
]]></system-out>
</testcase>
<testcase name="test0115" classname="RegressionTest0" time="0">
<system-out><![CDATA[
unique-id: [engine:junit-vintage]/[runner:RegressionTest]/[test:RegressionTest0]/[test:test0115(RegressionTest0)]
display-name: test0115
]]></system-out>
</testcase>
<testcase name="test0280" classname="RegressionTest0" time="0">
<system-out><![CDATA[
unique-id: [engine:junit-vintage]/[runner:RegressionTest]/[test:RegressionTest0]/[test:test0280(RegressionTest0)]
display-name: test0280
]]></system-out>
</testcase>
<testcase name="test1090" classname="RegressionTest2" time="0">
<system-out><![CDATA[
unique-id: [engine:junit-vintage]/[runner:RegressionTest]/[test:RegressionTest2]/[test:test1090(RegressionTest2)]
display-name: test1090
]]></system-out>
</testcase>
<testcase name="test1104" classname="RegressionTest2" time="0">
<system-out><![CDATA[
unique-id: [engine:junit-vintage]/[runner:RegressionTest]/[test:RegressionTest2]/[test:test1104(RegressionTest2)]
display-name: test1104
]]></system-out>
</testcase>
<testcase name="test0167" classname="RegressionTest0" time="0">
<system-out><![CDATA[
unique-id: [engine:junit-vintage]/[runner:RegressionTest]/[test:RegressionTest0]/[test:test0167(RegressionTest0)]
display-name: test0167
]]></system-out>
</testcase>
<testcase name="test0550" classname="RegressionTest1" time="0">
<system-out><![CDATA[
unique-id: [engine:junit-vintage]/[runner:RegressionTest]/[test:RegressionTest1]/[test:test0550(RegressionTest1)]
display-name: test0550
]]></system-out>
</testcase>
<testcase name="test0712" classname="RegressionTest1" time="0">
<system-out><![CDATA[
unique-id: [engine:junit-vintage]/[runner:RegressionTest]/[test:RegressionTest1]/[test:test0712(RegressionTest1)]
display-name: test0712
]]></system-out>
</testcase>
<testcase name="test0676" classname="RegressionTest1" time="0">
<system-out><![CDATA[
unique-id: [engine:junit-vintage]/[runner:RegressionTest]/[test:RegressionTest1]/[test:test0676(RegressionTest1)]
display-name: test0676
]]></system-out>
</testcase>
<testcase name="test0203" classname="RegressionTest0" time="0">
<system-out><![CDATA[
unique-id: [engine:junit-vintage]/[runner:RegressionTest]/[test:RegressionTest0]/[test:test0203(RegressionTest0)]
display-name: test0203
]]></system-out>
</testcase>
<testcase name="test1013" classname="RegressionTest2" time="0">
<system-out><![CDATA[
unique-id: [engine:junit-vintage]/[runner:RegressionTest]/[test:RegressionTest2]/[test:test1013(RegressionTest2)]
display-name: test1013
]]></system-out>
</testcase>
<testcase name="test0192" classname="RegressionTest0" time="0">
<system-out><![CDATA[
unique-id: [engine:junit-vintage]/[runner:RegressionTest]/[test:RegressionTest0]/[test:test0192(RegressionTest0)]
display-name: test0192
]]></system-out>
</testcase>
<testcase name="test0079" classname="RegressionTest0" time="0.001">
<system-out><![CDATA[
unique-id: [engine:junit-vintage]/[runner:RegressionTest]/[test:RegressionTest0]/[test:test0079(RegressionTest0)]
display-name: test0079
]]></system-out>
</testcase>
<testcase name="test0462" classname="RegressionTest0" time="0">
<system-out><![CDATA[
unique-id: [engine:junit-vintage]/[runner:RegressionTest]/[test:RegressionTest0]/[test:test0462(RegressionTest0)]
display-name: test0462
]]></system-out>
</testcase>
<testcase name="test0096" classname="RegressionTest0" time="0">
<system-out><![CDATA[
unique-id: [engine:junit-vintage]/[runner:RegressionTest]/[test:RegressionTest0]/[test:test0096(RegressionTest0)]
display-name: test0096
]]></system-out>
</testcase>
<testcase name="test0799" classname="RegressionTest1" time="0">
<system-out><![CDATA[
unique-id: [engine:junit-vintage]/[runner:RegressionTest]/[test:RegressionTest1]/[test:test0799(RegressionTest1)]
display-name: test0799
]]></system-out>
</testcase>
<testcase name="test0800" classname="RegressionTest1" time="0">
<system-out><![CDATA[
unique-id: [engine:junit-vintage]/[runner:RegressionTest]/[test:RegressionTest1]/[test:test0800(RegressionTest1)]
display-name: test0800
]]></system-out>
</testcase>
<testcase name="test0331" classname="RegressionTest0" time="0">
<system-out><![CDATA[
unique-id: [engine:junit-vintage]/[runner:RegressionTest]/[test:RegressionTest0]/[test:test0331(RegressionTest0)]
display-name: test0331
]]></system-out>
</testcase>
<testcase name="test0570" classname="RegressionTest1" time="0">
<system-out><![CDATA[
unique-id: [engine:junit-vintage]/[runner:RegressionTest]/[test:RegressionTest1]/[test:test0570(RegressionTest1)]
display-name: test0570
]]></system-out>
</testcase>
<testcase name="test0061" classname="RegressionTest0" time="0">
<system-out><![CDATA[
unique-id: [engine:junit-vintage]/[runner:RegressionTest]/[test:RegressionTest0]/[test:test0061(RegressionTest0)]
display-name: test0061
]]></system-out>
</testcase>
<testcase name="test0931" classname="RegressionTest1" time="0">
<system-out><![CDATA[
unique-id: [engine:junit-vintage]/[runner:RegressionTest]/[test:RegressionTest1]/[test:test0931(RegressionTest1)]
display-name: test0931
]]></system-out>
</testcase>
<testcase name="test0818" classname="RegressionTest1" time="0">
<system-out><![CDATA[
unique-id: [engine:junit-vintage]/[runner:RegressionTest]/[test:RegressionTest1]/[test:test0818(RegressionTest1)]
display-name: test0818
]]></system-out>
</testcase>
<testcase name="test0295" classname="RegressionTest0" time="0">
<system-out><![CDATA[
unique-id: [engine:junit-vintage]/[runner:RegressionTest]/[test:RegressionTest0]/[test:test0295(RegressionTest0)]
display-name: test0295
]]></system-out>
</testcase>
<testcase name="test0309" classname="RegressionTest0" time="0">
<system-out><![CDATA[
unique-id: [engine:junit-vintage]/[runner:RegressionTest]/[test:RegressionTest0]/[test:test0309(RegressionTest0)]
display-name: test0309
]]></system-out>
</testcase>
<testcase name="test0565" classname="RegressionTest1" time="0">
<system-out><![CDATA[
unique-id: [engine:junit-vintage]/[runner:RegressionTest]/[test:RegressionTest1]/[test:test0565(RegressionTest1)]
display-name: test0565
]]></system-out>
</testcase>
<testcase name="test1119" classname="RegressionTest2" time="0">
<system-out><![CDATA[
unique-id: [engine:junit-vintage]/[runner:RegressionTest]/[test:RegressionTest2]/[test:test1119(RegressionTest2)]
display-name: test1119
]]></system-out>
</testcase>
<testcase name="test0835" classname="RegressionTest1" time="0">
<system-out><![CDATA[
unique-id: [engine:junit-vintage]/[runner:RegressionTest]/[test:RegressionTest1]/[test:test0835(RegressionTest1)]
display-name: test0835
]]></system-out>
</testcase>
<testcase name="test0590" classname="RegressionTest1" time="0">
<system-out><![CDATA[
unique-id: [engine:junit-vintage]/[runner:RegressionTest]/[test:RegressionTest1]/[test:test0590(RegressionTest1)]
display-name: test0590
]]></system-out>
</testcase>
<testcase name="test0100" classname="RegressionTest0" time="0">
<system-out><![CDATA[
unique-id: [engine:junit-vintage]/[runner:RegressionTest]/[test:RegressionTest0]/[test:test0100(RegressionTest0)]
display-name: test0100
]]></system-out>
</testcase>
<testcase name="test0815" classname="RegressionTest1" time="0">
<system-out><![CDATA[
unique-id: [engine:junit-vintage]/[runner:RegressionTest]/[test:RegressionTest1]/[test:test0815(RegressionTest1)]
display-name: test0815
]]></system-out>
</testcase>
<testcase name="test0314" classname="RegressionTest0" time="0.001">
<system-out><![CDATA[
unique-id: [engine:junit-vintage]/[runner:RegressionTest]/[test:RegressionTest0]/[test:test0314(RegressionTest0)]
display-name: test0314
]]></system-out>
</testcase>
<testcase name="test1124" classname="RegressionTest2" time="0">
<system-out><![CDATA[
unique-id: [engine:junit-vintage]/[runner:RegressionTest]/[test:RegressionTest2]/[test:test1124(RegressionTest2)]
display-name: test1124
]]></system-out>
</testcase>
<testcase name="test0334" classname="RegressionTest0" time="0">
<system-out><![CDATA[
unique-id: [engine:junit-vintage]/[runner:RegressionTest]/[test:RegressionTest0]/[test:test0334(RegressionTest0)]
display-name: test0334
]]></system-out>
</testcase>
<testcase name="test0696" classname="RegressionTest1" time="0">
<system-out><![CDATA[
unique-id: [engine:junit-vintage]/[runner:RegressionTest]/[test:RegressionTest1]/[test:test0696(RegressionTest1)]
display-name: test0696
]]></system-out>
</testcase>
<testcase name="test0081" classname="RegressionTest0" time="0">
<system-out><![CDATA[
unique-id: [engine:junit-vintage]/[runner:RegressionTest]/[test:RegressionTest0]/[test:test0081(RegressionTest0)]
display-name: test0081
]]></system-out>
</testcase>
<testcase name="test0206" classname="RegressionTest0" time="0">
<system-out><![CDATA[
unique-id: [engine:junit-vintage]/[runner:RegressionTest]/[test:RegressionTest0]/[test:test0206(RegressionTest0)]
display-name: test0206
]]></system-out>
</testcase>
<testcase name="test0946" classname="RegressionTest1" time="0">
<system-out><![CDATA[
unique-id: [engine:junit-vintage]/[runner:RegressionTest]/[test:RegressionTest1]/[test:test0946(RegressionTest1)]
display-name: test0946
]]></system-out>
</testcase>
<testcase name="test1016" classname="RegressionTest2" time="0.001">
<system-out><![CDATA[
unique-id: [engine:junit-vintage]/[runner:RegressionTest]/[test:RegressionTest2]/[test:test1016(RegressionTest2)]
display-name: test1016
]]></system-out>
</testcase>
<testcase name="test0585" classname="RegressionTest1" time="0">
<system-out><![CDATA[
unique-id: [engine:junit-vintage]/[runner:RegressionTest]/[test:RegressionTest1]/[test:test0585(RegressionTest1)]
display-name: test0585
]]></system-out>
</testcase>
<testcase name="test0076" classname="RegressionTest0" time="0">
<system-out><![CDATA[
unique-id: [engine:junit-vintage]/[runner:RegressionTest]/[test:RegressionTest0]/[test:test0076(RegressionTest0)]
display-name: test0076
]]></system-out>
</testcase>
<testcase name="test0442" classname="RegressionTest0" time="0">
<system-out><![CDATA[
unique-id: [engine:junit-vintage]/[runner:RegressionTest]/[test:RegressionTest0]/[test:test0442(RegressionTest0)]
display-name: test0442
]]></system-out>
</testcase>
<testcase name="test0693" classname="RegressionTest1" time="0">
<system-out><![CDATA[
unique-id: [engine:junit-vintage]/[runner:RegressionTest]/[test:RegressionTest1]/[test:test0693(RegressionTest1)]
display-name: test0693
]]></system-out>
</testcase>
<testcase name="test0707" classname="RegressionTest1" time="0">
<system-out><![CDATA[
unique-id: [engine:junit-vintage]/[runner:RegressionTest]/[test:RegressionTest1]/[test:test0707(RegressionTest1)]
display-name: test0707
]]></system-out>
</testcase>
<testcase name="test0437" classname="RegressionTest0" time="0">
<system-out><![CDATA[
unique-id: [engine:junit-vintage]/[runner:RegressionTest]/[test:RegressionTest0]/[test:test0437(RegressionTest0)]
display-name: test0437
]]></system-out>
</testcase>
<testcase name="test0820" classname="RegressionTest1" time="0">
<system-out><![CDATA[
unique-id: [engine:junit-vintage]/[runner:RegressionTest]/[test:RegressionTest1]/[test:test0820(RegressionTest1)]
display-name: test0820
]]></system-out>
</testcase>
<testcase name="test0275" classname="RegressionTest0" time="0">
<system-out><![CDATA[
unique-id: [engine:junit-vintage]/[runner:RegressionTest]/[test:RegressionTest0]/[test:test0275(RegressionTest0)]
display-name: test0275
]]></system-out>
</testcase>
<testcase name="test1085" classname="RegressionTest2" time="0">
<system-out><![CDATA[
unique-id: [engine:junit-vintage]/[runner:RegressionTest]/[test:RegressionTest2]/[test:test1085(RegressionTest2)]
display-name: test1085
]]></system-out>
</testcase>
<testcase name="test0354" classname="RegressionTest0" time="0">
<system-out><![CDATA[
unique-id: [engine:junit-vintage]/[runner:RegressionTest]/[test:RegressionTest0]/[test:test0354(RegressionTest0)]
display-name: test0354
]]></system-out>
</testcase>
<testcase name="test0880" classname="RegressionTest1" time="0">
<system-out><![CDATA[
unique-id: [engine:junit-vintage]/[runner:RegressionTest]/[test:RegressionTest1]/[test:test0880(RegressionTest1)]
display-name: test0880
]]></system-out>
</testcase>
<testcase name="test0872" classname="RegressionTest1" time="0">
<system-out><![CDATA[
unique-id: [engine:junit-vintage]/[runner:RegressionTest]/[test:RegressionTest1]/[test:test0872(RegressionTest1)]
display-name: test0872
]]></system-out>
</testcase>
<testcase name="test0346" classname="RegressionTest0" time="0">
<system-out><![CDATA[
unique-id: [engine:junit-vintage]/[runner:RegressionTest]/[test:RegressionTest0]/[test:test0346(RegressionTest0)]
display-name: test0346
]]></system-out>
</testcase>
<testcase name="test0838" classname="RegressionTest1" time="0">
<system-out><![CDATA[
unique-id: [engine:junit-vintage]/[runner:RegressionTest]/[test:RegressionTest1]/[test:test0838(RegressionTest1)]
display-name: test0838
]]></system-out>
</testcase>
<testcase name="test1050" classname="RegressionTest2" time="0">
<system-out><![CDATA[
unique-id: [engine:junit-vintage]/[runner:RegressionTest]/[test:RegressionTest2]/[test:test1050(RegressionTest2)]
display-name: test1050
]]></system-out>
</testcase>
<testcase name="test0240" classname="RegressionTest0" time="0">
<system-out><![CDATA[
unique-id: [engine:junit-vintage]/[runner:RegressionTest]/[test:RegressionTest0]/[test:test0240(RegressionTest0)]
display-name: test0240
]]></system-out>
</testcase>
<testcase name="test0283" classname="RegressionTest0" time="0">
<system-out><![CDATA[
unique-id: [engine:junit-vintage]/[runner:RegressionTest]/[test:RegressionTest0]/[test:test0283(RegressionTest0)]
display-name: test0283
]]></system-out>
</testcase>
<testcase name="test0951" classname="RegressionTest1" time="0">
<system-out><![CDATA[
unique-id: [engine:junit-vintage]/[runner:RegressionTest]/[test:RegressionTest1]/[test:test0951(RegressionTest1)]
display-name: test0951
]]></system-out>
</testcase>
<testcase name="test1093" classname="RegressionTest2" time="0">
<system-out><![CDATA[
unique-id: [engine:junit-vintage]/[runner:RegressionTest]/[test:RegressionTest2]/[test:test1093(RegressionTest2)]
display-name: test1093
]]></system-out>
</testcase>
<testcase name="test0978" classname="RegressionTest1" time="0">
<system-out><![CDATA[
unique-id: [engine:junit-vintage]/[runner:RegressionTest]/[test:RegressionTest1]/[test:test0978(RegressionTest1)]
display-name: test0978
]]></system-out>
</testcase>
<testcase name="test0943" classname="RegressionTest1" time="0">
<system-out><![CDATA[
unique-id: [engine:junit-vintage]/[runner:RegressionTest]/[test:RegressionTest1]/[test:test0943(RegressionTest1)]
display-name: test0943
]]></system-out>
</testcase>
<testcase name="test0986" classname="RegressionTest1" time="0">
<system-out><![CDATA[
unique-id: [engine:junit-vintage]/[runner:RegressionTest]/[test:RegressionTest1]/[test:test0986(RegressionTest1)]
display-name: test0986
]]></system-out>
</testcase>
<testcase name="test0661" classname="RegressionTest1" time="0">
<system-out><![CDATA[
unique-id: [engine:junit-vintage]/[runner:RegressionTest]/[test:RegressionTest1]/[test:test0661(RegressionTest1)]
display-name: test0661
]]></system-out>
</testcase>
<testcase name="test0135" classname="RegressionTest0" time="0">
<system-out><![CDATA[
unique-id: [engine:junit-vintage]/[runner:RegressionTest]/[test:RegressionTest0]/[test:test0135(RegressionTest0)]
display-name: test0135
]]></system-out>
</testcase>
<testcase name="test0056" classname="RegressionTest0" time="0">
<system-out><![CDATA[
unique-id: [engine:junit-vintage]/[runner:RegressionTest]/[test:RegressionTest0]/[test:test0056(RegressionTest0)]
display-name: test0056
]]></system-out>
</testcase>
<testcase name="test0619" classname="RegressionTest1" time="0">
<system-out><![CDATA[
unique-id: [engine:junit-vintage]/[runner:RegressionTest]/[test:RegressionTest1]/[test:test0619(RegressionTest1)]
display-name: test0619
]]></system-out>
</testcase>
<testcase name="test0064" classname="RegressionTest0" time="0">
<system-out><![CDATA[
unique-id: [engine:junit-vintage]/[runner:RegressionTest]/[test:RegressionTest0]/[test:test0064(RegressionTest0)]
display-name: test0064
]]></system-out>
</testcase>
<testcase name="test0653" classname="RegressionTest1" time="0">
<system-out><![CDATA[
unique-id: [engine:junit-vintage]/[runner:RegressionTest]/[test:RegressionTest1]/[test:test0653(RegressionTest1)]
display-name: test0653
]]></system-out>
</testcase>
<testcase name="test1001" classname="RegressionTest2" time="0">
<system-out><![CDATA[
unique-id: [engine:junit-vintage]/[runner:RegressionTest]/[test:RegressionTest2]/[test:test1001(RegressionTest2)]
display-name: test1001
]]></system-out>
</testcase>
<testcase name="test0553" classname="RegressionTest1" time="0">
<system-out><![CDATA[
unique-id: [engine:junit-vintage]/[runner:RegressionTest]/[test:RegressionTest1]/[test:test0553(RegressionTest1)]
display-name: test0553
]]></system-out>
</testcase>
<testcase name="test1107" classname="RegressionTest2" time="0">
<system-out><![CDATA[
unique-id: [engine:junit-vintage]/[runner:RegressionTest]/[test:RegressionTest2]/[test:test1107(RegressionTest2)]
display-name: test1107
]]></system-out>
</testcase>
<testcase name="test0545" classname="RegressionTest1" time="0">
<system-out><![CDATA[
unique-id: [engine:junit-vintage]/[runner:RegressionTest]/[test:RegressionTest1]/[test:test0545(RegressionTest1)]
display-name: test0545
]]></system-out>
</testcase>
<testcase name="test0724" classname="RegressionTest1" time="0">
<system-out><![CDATA[
unique-id: [engine:junit-vintage]/[runner:RegressionTest]/[test:RegressionTest1]/[test:test0724(RegressionTest1)]
display-name: test0724
]]></system-out>
</testcase>
<testcase name="test0732" classname="RegressionTest1" time="0">
<system-out><![CDATA[
unique-id: [engine:junit-vintage]/[runner:RegressionTest]/[test:RegressionTest1]/[test:test0732(RegressionTest1)]
display-name: test0732
]]></system-out>
</testcase>
<testcase name="test0929" classname="RegressionTest1" time="0">
<system-out><![CDATA[
unique-id: [engine:junit-vintage]/[runner:RegressionTest]/[test:RegressionTest1]/[test:test0929(RegressionTest1)]
display-name: test0929
]]></system-out>
</testcase>
<testcase name="test0402" classname="RegressionTest0" time="0">
<system-out><![CDATA[
unique-id: [engine:junit-vintage]/[runner:RegressionTest]/[test:RegressionTest0]/[test:test0402(RegressionTest0)]
display-name: test0402
]]></system-out>
</testcase>
<testcase name="test0616" classname="RegressionTest1" time="0">
<system-out><![CDATA[
unique-id: [engine:junit-vintage]/[runner:RegressionTest]/[test:RegressionTest1]/[test:test0616(RegressionTest1)]
display-name: test0616
]]></system-out>
</testcase>
<testcase name="test0624" classname="RegressionTest1" time="0">
<system-out><![CDATA[
unique-id: [engine:junit-vintage]/[runner:RegressionTest]/[test:RegressionTest1]/[test:test0624(RegressionTest1)]
display-name: test0624
]]></system-out>
</testcase>
<testcase name="test0132" classname="RegressionTest0" time="0">
<system-out><![CDATA[
unique-id: [engine:junit-vintage]/[runner:RegressionTest]/[test:RegressionTest0]/[test:test0132(RegressionTest0)]
display-name: test0132
]]></system-out>
</testcase>
<testcase name="test0980" classname="RegressionTest1" time="0">
<system-out><![CDATA[
unique-id: [engine:junit-vintage]/[runner:RegressionTest]/[test:RegressionTest1]/[test:test0980(RegressionTest1)]
display-name: test0980
]]></system-out>
</testcase>
<testcase name="test0497" classname="RegressionTest0" time="0">
<system-out><![CDATA[
unique-id: [engine:junit-vintage]/[runner:RegressionTest]/[test:RegressionTest0]/[test:test0497(RegressionTest0)]
display-name: test0497
]]></system-out>
</testcase>
<testcase name="test0489" classname="RegressionTest0" time="0">
<system-out><![CDATA[
unique-id: [engine:junit-vintage]/[runner:RegressionTest]/[test:RegressionTest0]/[test:test0489(RegressionTest0)]
display-name: test0489
]]></system-out>
</testcase>
<testcase name="test0175" classname="RegressionTest0" time="0">
<system-out><![CDATA[
unique-id: [engine:junit-vintage]/[runner:RegressionTest]/[test:RegressionTest0]/[test:test0175(RegressionTest0)]
display-name: test0175
]]></system-out>
</testcase>
<testcase name="test0659" classname="RegressionTest1" time="0">
<system-out><![CDATA[
unique-id: [engine:junit-vintage]/[runner:RegressionTest]/[test:RegressionTest1]/[test:test0659(RegressionTest1)]
display-name: test0659
]]></system-out>
</testcase>
<testcase name="test0383" classname="RegressionTest0" time="0">
<system-out><![CDATA[
unique-id: [engine:junit-vintage]/[runner:RegressionTest]/[test:RegressionTest0]/[test:test0383(RegressionTest0)]
display-name: test0383
]]></system-out>
</testcase>
<testcase name="test0140" classname="RegressionTest0" time="0">
<system-out><![CDATA[
unique-id: [engine:junit-vintage]/[runner:RegressionTest]/[test:RegressionTest0]/[test:test0140(RegressionTest0)]
display-name: test0140
]]></system-out>
</testcase>
<testcase name="test0238" classname="RegressionTest0" time="0">
<system-out><![CDATA[
unique-id: [engine:junit-vintage]/[runner:RegressionTest]/[test:RegressionTest0]/[test:test0238(RegressionTest0)]
display-name: test0238
]]></system-out>
</testcase>
<testcase name="test1048" classname="RegressionTest2" time="0">
<system-out><![CDATA[
unique-id: [engine:junit-vintage]/[runner:RegressionTest]/[test:RegressionTest2]/[test:test1048(RegressionTest2)]
display-name: test1048
]]></system-out>
</testcase>
<testcase name="test0764" classname="RegressionTest1" time="0">
<system-out><![CDATA[
unique-id: [engine:junit-vintage]/[runner:RegressionTest]/[test:RegressionTest1]/[test:test0764(RegressionTest1)]
display-name: test0764
]]></system-out>
</testcase>
<testcase name="test0410" classname="RegressionTest0" time="0">
<system-out><![CDATA[
unique-id: [engine:junit-vintage]/[runner:RegressionTest]/[test:RegressionTest0]/[test:test0410(RegressionTest0)]
display-name: test0410
]]></system-out>
</testcase>
<testcase name="test0513" classname="RegressionTest1" time="0">
<system-out><![CDATA[
unique-id: [engine:junit-vintage]/[runner:RegressionTest]/[test:RegressionTest1]/[test:test0513(RegressionTest1)]
display-name: test0513
]]></system-out>
</testcase>
<testcase name="test0548" classname="RegressionTest1" time="0">
<system-out><![CDATA[
unique-id: [engine:junit-vintage]/[runner:RegressionTest]/[test:RegressionTest1]/[test:test0548(RegressionTest1)]
display-name: test0548
]]></system-out>
</testcase>
<testcase name="test0278" classname="RegressionTest0" time="0">
<system-out><![CDATA[
unique-id: [engine:junit-vintage]/[runner:RegressionTest]/[test:RegressionTest0]/[test:test0278(RegressionTest0)]
display-name: test0278
]]></system-out>
</testcase>
<testcase name="test0505" classname="RegressionTest1" time="0">
<system-out><![CDATA[
unique-id: [engine:junit-vintage]/[runner:RegressionTest]/[test:RegressionTest1]/[test:test0505(RegressionTest1)]
display-name: test0505
]]></system-out>
</testcase>
<testcase name="test1088" classname="RegressionTest2" time="0">
<system-out><![CDATA[
unique-id: [engine:junit-vintage]/[runner:RegressionTest]/[test:RegressionTest2]/[test:test1088(RegressionTest2)]
display-name: test1088
]]></system-out>
</testcase>
<testcase name="test0405" classname="RegressionTest0" time="0">
<system-out><![CDATA[
unique-id: [engine:junit-vintage]/[runner:RegressionTest]/[test:RegressionTest0]/[test:test0405(RegressionTest0)]
display-name: test0405
]]></system-out>
</testcase>
<testcase name="test1045" classname="RegressionTest2" time="0">
<system-out><![CDATA[
unique-id: [engine:junit-vintage]/[runner:RegressionTest]/[test:RegressionTest2]/[test:test1045(RegressionTest2)]
display-name: test1045
]]></system-out>
</testcase>
<testcase name="test0235" classname="RegressionTest0" time="0">
<system-out><![CDATA[
unique-id: [engine:junit-vintage]/[runner:RegressionTest]/[test:RegressionTest0]/[test:test0235(RegressionTest0)]
display-name: test0235
]]></system-out>
</testcase>
<testcase name="test0761" classname="RegressionTest1" time="0">
<system-out><![CDATA[
unique-id: [engine:junit-vintage]/[runner:RegressionTest]/[test:RegressionTest1]/[test:test0761(RegressionTest1)]
display-name: test0761
]]></system-out>
</testcase>
<testcase name="test0391" classname="RegressionTest0" time="0">
<system-out><![CDATA[
unique-id: [engine:junit-vintage]/[runner:RegressionTest]/[test:RegressionTest0]/[test:test0391(RegressionTest0)]
display-name: test0391
]]></system-out>
</testcase>
<testcase name="test0878" classname="RegressionTest1" time="0">
<system-out><![CDATA[
unique-id: [engine:junit-vintage]/[runner:RegressionTest]/[test:RegressionTest1]/[test:test0878(RegressionTest1)]
display-name: test0878
]]></system-out>
</testcase>
<testcase name="test0386" classname="RegressionTest0" time="0">
<system-out><![CDATA[
unique-id: [engine:junit-vintage]/[runner:RegressionTest]/[test:RegressionTest0]/[test:test0386(RegressionTest0)]
display-name: test0386
]]></system-out>
</testcase>
<testcase name="test0021" classname="RegressionTest0" time="0">
<system-out><![CDATA[
unique-id: [engine:junit-vintage]/[runner:RegressionTest]/[test:RegressionTest0]/[test:test0021(RegressionTest0)]
display-name: test0021
]]></system-out>
</testcase>
<testcase name="test0983" classname="RegressionTest1" time="0">
<system-out><![CDATA[
unique-id: [engine:junit-vintage]/[runner:RegressionTest]/[test:RegressionTest1]/[test:test0983(RegressionTest1)]
display-name: test0983
]]></system-out>
</testcase>
<testcase name="test0494" classname="RegressionTest0" time="0">
<system-out><![CDATA[
unique-id: [engine:junit-vintage]/[runner:RegressionTest]/[test:RegressionTest0]/[test:test0494(RegressionTest0)]
display-name: test0494
]]></system-out>
</testcase>
<testcase name="test0394" classname="RegressionTest0" time="0">
<system-out><![CDATA[
unique-id: [engine:junit-vintage]/[runner:RegressionTest]/[test:RegressionTest0]/[test:test0394(RegressionTest0)]
display-name: test0394
]]></system-out>
</testcase>
<testcase name="test0875" classname="RegressionTest1" time="0">
<system-out><![CDATA[
unique-id: [engine:junit-vintage]/[runner:RegressionTest]/[test:RegressionTest1]/[test:test0875(RegressionTest1)]
display-name: test0875
]]></system-out>
</testcase>
<testcase name="test0127" classname="RegressionTest0" time="0">
<system-out><![CDATA[
unique-id: [engine:junit-vintage]/[runner:RegressionTest]/[test:RegressionTest0]/[test:test0127(RegressionTest0)]
display-name: test0127
]]></system-out>
</testcase>
<testcase name="test0510" classname="RegressionTest1" time="0">
<system-out><![CDATA[
unique-id: [engine:junit-vintage]/[runner:RegressionTest]/[test:RegressionTest1]/[test:test0510(RegressionTest1)]
display-name: test0510
]]></system-out>
</testcase>
<testcase name="test0027" classname="RegressionTest0" time="0.008">
<system-out><![CDATA[
unique-id: [engine:junit-vintage]/[runner:RegressionTest]/[test:RegressionTest0]/[test:test0027(RegressionTest0)]
display-name: test0027
]]></system-out>
</testcase>
<testcase name="test0767" classname="RegressionTest1" time="0">
<system-out><![CDATA[
unique-id: [engine:junit-vintage]/[runner:RegressionTest]/[test:RegressionTest1]/[test:test0767(RegressionTest1)]
display-name: test0767
]]></system-out>
</testcase>
<testcase name="test0867" classname="RegressionTest1" time="0">
<system-out><![CDATA[
unique-id: [engine:junit-vintage]/[runner:RegressionTest]/[test:RegressionTest1]/[test:test0867(RegressionTest1)]
display-name: test0867
]]></system-out>
</testcase>
<testcase name="test0759" classname="RegressionTest1" time="0">
<system-out><![CDATA[
unique-id: [engine:junit-vintage]/[runner:RegressionTest]/[test:RegressionTest1]/[test:test0759(RegressionTest1)]
display-name: test0759
]]></system-out>
</testcase>
<testcase name="test0019" classname="RegressionTest0" time="0">
<system-out><![CDATA[
unique-id: [engine:junit-vintage]/[runner:RegressionTest]/[test:RegressionTest0]/[test:test0019(RegressionTest0)]
display-name: test0019
]]></system-out>
</testcase>
<testcase name="test0389" classname="RegressionTest0" time="0">
<system-out><![CDATA[
unique-id: [engine:junit-vintage]/[runner:RegressionTest]/[test:RegressionTest0]/[test:test0389(RegressionTest0)]
display-name: test0389
]]></system-out>
</testcase>
<testcase name="test0772" classname="RegressionTest1" time="0">
<system-out><![CDATA[
unique-id: [engine:junit-vintage]/[runner:RegressionTest]/[test:RegressionTest1]/[test:test0772(RegressionTest1)]
display-name: test0772
]]></system-out>
</testcase>
<testcase name="test0024" classname="RegressionTest0" time="0">
<system-out><![CDATA[
unique-id: [engine:junit-vintage]/[runner:RegressionTest]/[test:RegressionTest0]/[test:test0024(RegressionTest0)]
display-name: test0024
]]></system-out>
</testcase>
<testcase name="test0898" classname="RegressionTest1" time="0">
<system-out><![CDATA[
unique-id: [engine:junit-vintage]/[runner:RegressionTest]/[test:RegressionTest1]/[test:test0898(RegressionTest1)]
display-name: test0898
]]></system-out>
</testcase>
<testcase name="test0847" classname="RegressionTest1" time="0">
<system-out><![CDATA[
unique-id: [engine:junit-vintage]/[runner:RegressionTest]/[test:RegressionTest1]/[test:test0847(RegressionTest1)]
display-name: test0847
]]></system-out>
</testcase>
<testcase name="test0812" classname="RegressionTest1" time="0">
<system-out><![CDATA[
unique-id: [engine:junit-vintage]/[runner:RegressionTest]/[test:RegressionTest1]/[test:test0812(RegressionTest1)]
display-name: test0812
]]></system-out>
</testcase>
<testcase name="test0032" classname="RegressionTest0" time="0">
<system-out><![CDATA[
unique-id: [engine:junit-vintage]/[runner:RegressionTest]/[test:RegressionTest0]/[test:test0032(RegressionTest0)]
display-name: test0032
]]></system-out>
</testcase>
<testcase name="test0542" classname="RegressionTest1" time="0">
<system-out><![CDATA[
unique-id: [engine:junit-vintage]/[runner:RegressionTest]/[test:RegressionTest1]/[test:test0542(RegressionTest1)]
display-name: test0542
]]></system-out>
</testcase>
<testcase name="test0292" classname="RegressionTest0" time="0">
<system-out><![CDATA[
unique-id: [engine:junit-vintage]/[runner:RegressionTest]/[test:RegressionTest0]/[test:test0292(RegressionTest0)]
display-name: test0292
]]></system-out>
</testcase>
<testcase name="test0408" classname="RegressionTest0" time="0">
<system-out><![CDATA[
unique-id: [engine:junit-vintage]/[runner:RegressionTest]/[test:RegressionTest0]/[test:test0408(RegressionTest0)]
display-name: test0408
]]></system-out>
</testcase>
<testcase name="test0266" classname="RegressionTest0" time="0">
<system-out><![CDATA[
unique-id: [engine:junit-vintage]/[runner:RegressionTest]/[test:RegressionTest0]/[test:test0266(RegressionTest0)]
display-name: test0266
]]></system-out>
</testcase>
<testcase name="test0231" classname="RegressionTest0" time="0">
<system-out><![CDATA[
unique-id: [engine:junit-vintage]/[runner:RegressionTest]/[test:RegressionTest0]/[test:test0231(RegressionTest0)]
display-name: test0231
]]></system-out>
</testcase>
<testcase name="test0613" classname="RegressionTest1" time="0">
<system-out><![CDATA[
unique-id: [engine:junit-vintage]/[runner:RegressionTest]/[test:RegressionTest1]/[test:test0613(RegressionTest1)]
display-name: test0613
]]></system-out>
</testcase>
<testcase name="test0670" classname="RegressionTest1" time="0">
<system-out><![CDATA[
unique-id: [engine:junit-vintage]/[runner:RegressionTest]/[test:RegressionTest1]/[test:test0670(RegressionTest1)]
display-name: test0670
]]></system-out>
</testcase>
<testcase name="test0434" classname="RegressionTest0" time="0">
<system-out><![CDATA[
unique-id: [engine:junit-vintage]/[runner:RegressionTest]/[test:RegressionTest0]/[test:test0434(RegressionTest0)]
display-name: test0434
]]></system-out>
</testcase>
<testcase name="test0577" classname="RegressionTest1" time="0">
<system-out><![CDATA[
unique-id: [engine:junit-vintage]/[runner:RegressionTest]/[test:RegressionTest1]/[test:test0577(RegressionTest1)]
display-name: test0577
]]></system-out>
</testcase>
<testcase name="test0073" classname="RegressionTest0" time="0">
<system-out><![CDATA[
unique-id: [engine:junit-vintage]/[runner:RegressionTest]/[test:RegressionTest0]/[test:test0073(RegressionTest0)]
display-name: test0073
]]></system-out>
</testcase>
<testcase name="test0469" classname="RegressionTest0" time="0">
<system-out><![CDATA[
unique-id: [engine:junit-vintage]/[runner:RegressionTest]/[test:RegressionTest0]/[test:test0469(RegressionTest0)]
display-name: test0469
]]></system-out>
</testcase>
<testcase name="test0209" classname="RegressionTest0" time="0">
<system-out><![CDATA[
unique-id: [engine:junit-vintage]/[runner:RegressionTest]/[test:RegressionTest0]/[test:test0209(RegressionTest0)]
display-name: test0209
]]></system-out>
</testcase>
<testcase name="test0491" classname="RegressionTest0" time="0">
<system-out><![CDATA[
unique-id: [engine:junit-vintage]/[runner:RegressionTest]/[test:RegressionTest0]/[test:test0491(RegressionTest0)]
display-name: test0491
]]></system-out>
</testcase>
<testcase name="test0991" classname="RegressionTest1" time="0">
<system-out><![CDATA[
unique-id: [engine:junit-vintage]/[runner:RegressionTest]/[test:RegressionTest1]/[test:test0991(RegressionTest1)]
display-name: test0991
]]></system-out>
</testcase>
<testcase name="test0164" classname="RegressionTest0" time="0">
<system-out><![CDATA[
unique-id: [engine:junit-vintage]/[runner:RegressionTest]/[test:RegressionTest0]/[test:test0164(RegressionTest0)]
display-name: test0164
]]></system-out>
</testcase>
<testcase name="test0940" classname="RegressionTest1" time="0">
<system-out><![CDATA[
unique-id: [engine:junit-vintage]/[runner:RegressionTest]/[test:RegressionTest1]/[test:test0940(RegressionTest1)]
display-name: test0940
]]></system-out>
</testcase>
<testcase name="test0343" classname="RegressionTest0" time="0">
<system-out><![CDATA[
unique-id: [engine:junit-vintage]/[runner:RegressionTest]/[test:RegressionTest0]/[test:test0343(RegressionTest0)]
display-name: test0343
]]></system-out>
</testcase>
<testcase name="test0501" classname="RegressionTest1" time="0">
<system-out><![CDATA[
unique-id: [engine:junit-vintage]/[runner:RegressionTest]/[test:RegressionTest1]/[test:test0501(RegressionTest1)]
display-name: test0501
]]></system-out>
</testcase>
<testcase name="test0832" classname="RegressionTest1" time="0">
<system-out><![CDATA[
unique-id: [engine:junit-vintage]/[runner:RegressionTest]/[test:RegressionTest1]/[test:test0832(RegressionTest1)]
display-name: test0832
]]></system-out>
</testcase>
<testcase name="test0012" classname="RegressionTest0" time="0">
<system-out><![CDATA[
unique-id: [engine:junit-vintage]/[runner:RegressionTest]/[test:RegressionTest0]/[test:test0012(RegressionTest0)]
display-name: test0012
]]></system-out>
</testcase>
<testcase name="test0806" classname="RegressionTest1" time="0">
<system-out><![CDATA[
unique-id: [engine:junit-vintage]/[runner:RegressionTest]/[test:RegressionTest1]/[test:test0806(RegressionTest1)]
display-name: test0806
]]></system-out>
</testcase>
<testcase name="test0679" classname="RegressionTest1" time="0">
<system-out><![CDATA[
unique-id: [engine:junit-vintage]/[runner:RegressionTest]/[test:RegressionTest1]/[test:test0679(RegressionTest1)]
display-name: test0679
]]></system-out>
</testcase>
<testcase name="test0251" classname="RegressionTest0" time="0">
<system-out><![CDATA[
unique-id: [engine:junit-vintage]/[runner:RegressionTest]/[test:RegressionTest0]/[test:test0251(RegressionTest0)]
display-name: test0251
]]></system-out>
</testcase>
<testcase name="test0485" classname="RegressionTest0" time="0">
<system-out><![CDATA[
unique-id: [engine:junit-vintage]/[runner:RegressionTest]/[test:RegressionTest0]/[test:test0485(RegressionTest0)]
display-name: test0485
]]></system-out>
</testcase>
<testcase name="test0428" classname="RegressionTest0" time="0">
<system-out><![CDATA[
unique-id: [engine:junit-vintage]/[runner:RegressionTest]/[test:RegressionTest0]/[test:test0428(RegressionTest0)]
display-name: test0428
]]></system-out>
</testcase>
<testcase name="test0272" classname="RegressionTest0" time="0">
<system-out><![CDATA[
unique-id: [engine:junit-vintage]/[runner:RegressionTest]/[test:RegressionTest0]/[test:test0272(RegressionTest0)]
display-name: test0272
]]></system-out>
</testcase>
<testcase name="test1112" classname="RegressionTest2" time="0">
<system-out><![CDATA[
unique-id: [engine:junit-vintage]/[runner:RegressionTest]/[test:RegressionTest2]/[test:test1112(RegressionTest2)]
display-name: test1112
]]></system-out>
</testcase>
<testcase name="test1056" classname="RegressionTest2" time="0">
<system-out><![CDATA[
unique-id: [engine:junit-vintage]/[runner:RegressionTest]/[test:RegressionTest2]/[test:test1056(RegressionTest2)]
display-name: test1056
]]></system-out>
</testcase>
<testcase name="test0215" classname="RegressionTest0" time="0">
<system-out><![CDATA[
unique-id: [engine:junit-vintage]/[runner:RegressionTest]/[test:RegressionTest0]/[test:test0215(RegressionTest0)]
display-name: test0215
]]></system-out>
</testcase>
<testcase name="test0597" classname="RegressionTest1" time="0">
<system-out><![CDATA[
unique-id: [engine:junit-vintage]/[runner:RegressionTest]/[test:RegressionTest1]/[test:test0597(RegressionTest1)]
display-name: test0597
]]></system-out>
</testcase>
<testcase name="test1004" classname="RegressionTest2" time="0">
<system-out><![CDATA[
unique-id: [engine:junit-vintage]/[runner:RegressionTest]/[test:RegressionTest2]/[test:test1004(RegressionTest2)]
display-name: test1004
]]></system-out>
</testcase>
<testcase name="test0180" classname="RegressionTest0" time="0">
<system-out><![CDATA[
unique-id: [engine:junit-vintage]/[runner:RegressionTest]/[test:RegressionTest0]/[test:test0180(RegressionTest0)]
display-name: test0180
]]></system-out>
</testcase>
<testcase name="test0650" classname="RegressionTest1" time="0">
<system-out><![CDATA[
unique-id: [engine:junit-vintage]/[runner:RegressionTest]/[test:RegressionTest1]/[test:test0650(RegressionTest1)]
display-name: test0650
]]></system-out>
</testcase>
<testcase name="test0863" classname="RegressionTest1" time="0">
<system-out><![CDATA[
unique-id: [engine:junit-vintage]/[runner:RegressionTest]/[test:RegressionTest1]/[test:test0863(RegressionTest1)]
display-name: test0863
]]></system-out>
</testcase>
<testcase name="test0454" classname="RegressionTest0" time="0">
<system-out><![CDATA[
unique-id: [engine:junit-vintage]/[runner:RegressionTest]/[test:RegressionTest0]/[test:test0454(RegressionTest0)]
display-name: test0454
]]></system-out>
</testcase>
<testcase name="test0704" classname="RegressionTest1" time="0">
<system-out><![CDATA[
unique-id: [engine:junit-vintage]/[runner:RegressionTest]/[test:RegressionTest1]/[test:test0704(RegressionTest1)]
display-name: test0704
]]></system-out>
</testcase>
<testcase name="test1039" classname="RegressionTest2" time="0">
<system-out><![CDATA[
unique-id: [engine:junit-vintage]/[runner:RegressionTest]/[test:RegressionTest2]/[test:test1039(RegressionTest2)]
display-name: test1039
]]></system-out>
</testcase>
<testcase name="test0088" classname="RegressionTest0" time="0">
<system-out><![CDATA[
unique-id: [engine:junit-vintage]/[runner:RegressionTest]/[test:RegressionTest0]/[test:test0088(RegressionTest0)]
display-name: test0088
]]></system-out>
</testcase>
<testcase name="test0470" classname="RegressionTest0" time="0">
<system-out><![CDATA[
unique-id: [engine:junit-vintage]/[runner:RegressionTest]/[test:RegressionTest0]/[test:test0470(RegressionTest0)]
display-name: test0470
]]></system-out>
</testcase>
<testcase name="test0685" classname="RegressionTest1" time="0">
<system-out><![CDATA[
unique-id: [engine:junit-vintage]/[runner:RegressionTest]/[test:RegressionTest1]/[test:test0685(RegressionTest1)]
display-name: test0685
]]></system-out>
</testcase>
<testcase name="test0562" classname="RegressionTest1" time="0">
<system-out><![CDATA[
unique-id: [engine:junit-vintage]/[runner:RegressionTest]/[test:RegressionTest1]/[test:test0562(RegressionTest1)]
display-name: test0562
]]></system-out>
</testcase>
<testcase name="test0123" classname="RegressionTest0" time="0">
<system-out><![CDATA[
unique-id: [engine:junit-vintage]/[runner:RegressionTest]/[test:RegressionTest0]/[test:test0123(RegressionTest0)]
display-name: test0123
]]></system-out>
</testcase>
<testcase name="test1005" classname="RegressionTest2" time="0">
<system-out><![CDATA[
unique-id: [engine:junit-vintage]/[runner:RegressionTest]/[test:RegressionTest2]/[test:test1005(RegressionTest2)]
display-name: test1005
]]></system-out>
</testcase>
<testcase name="test0053" classname="RegressionTest0" time="0">
<system-out><![CDATA[
unique-id: [engine:junit-vintage]/[runner:RegressionTest]/[test:RegressionTest0]/[test:test0053(RegressionTest0)]
display-name: test0053
]]></system-out>
</testcase>
<testcase name="test0323" classname="RegressionTest0" time="0">
<system-out><![CDATA[
unique-id: [engine:junit-vintage]/[runner:RegressionTest]/[test:RegressionTest0]/[test:test0323(RegressionTest0)]
display-name: test0323
]]></system-out>
</testcase>
<testcase name="test1097" classname="RegressionTest2" time="0">
<system-out><![CDATA[
unique-id: [engine:junit-vintage]/[runner:RegressionTest]/[test:RegressionTest2]/[test:test1097(RegressionTest2)]
display-name: test1097
]]></system-out>
</testcase>
<testcase name="test0317" classname="RegressionTest0" time="0">
<system-out><![CDATA[
unique-id: [engine:junit-vintage]/[runner:RegressionTest]/[test:RegressionTest0]/[test:test0317(RegressionTest0)]
display-name: test0317
]]></system-out>
</testcase>
<testcase name="test0326" classname="RegressionTest0" time="0">
<system-out><![CDATA[
unique-id: [engine:junit-vintage]/[runner:RegressionTest]/[test:RegressionTest0]/[test:test0326(RegressionTest0)]
display-name: test0326
]]></system-out>
</testcase>
<testcase name="test0974" classname="RegressionTest1" time="0">
<system-out><![CDATA[
unique-id: [engine:junit-vintage]/[runner:RegressionTest]/[test:RegressionTest1]/[test:test0974(RegressionTest1)]
display-name: test0974
]]></system-out>
</testcase>
<testcase name="test1132" classname="RegressionTest2" time="0">
<system-out><![CDATA[
unique-id: [engine:junit-vintage]/[runner:RegressionTest]/[test:RegressionTest2]/[test:test1132(RegressionTest2)]
display-name: test1132
]]></system-out>
</testcase>
<testcase name="test0200" classname="RegressionTest0" time="0">
<system-out><![CDATA[
unique-id: [engine:junit-vintage]/[runner:RegressionTest]/[test:RegressionTest0]/[test:test0200(RegressionTest0)]
display-name: test0200
]]></system-out>
</testcase>
<testcase name="test0923" classname="RegressionTest1" time="0">
<system-out><![CDATA[
unique-id: [engine:junit-vintage]/[runner:RegressionTest]/[test:RegressionTest1]/[test:test0923(RegressionTest1)]
display-name: test0923
]]></system-out>
</testcase>
<testcase name="test0199" classname="RegressionTest0" time="0">
<system-out><![CDATA[
unique-id: [engine:junit-vintage]/[runner:RegressionTest]/[test:RegressionTest0]/[test:test0199(RegressionTest0)]
display-name: test0199
]]></system-out>
</testcase>
<testcase name="test1024" classname="RegressionTest2" time="0">
<system-out><![CDATA[
unique-id: [engine:junit-vintage]/[runner:RegressionTest]/[test:RegressionTest2]/[test:test1024(RegressionTest2)]
display-name: test1024
]]></system-out>
</testcase>
<testcase name="test0796" classname="RegressionTest1" time="0">
<system-out><![CDATA[
unique-id: [engine:junit-vintage]/[runner:RegressionTest]/[test:RegressionTest1]/[test:test0796(RegressionTest1)]
display-name: test0796
]]></system-out>
</testcase>
<testcase name="test1116" classname="RegressionTest2" time="0">
<system-out><![CDATA[
unique-id: [engine:junit-vintage]/[runner:RegressionTest]/[test:RegressionTest2]/[test:test1116(RegressionTest2)]
display-name: test1116
]]></system-out>
</testcase>
<testcase name="test0181" classname="RegressionTest0" time="0">
<system-out><![CDATA[
unique-id: [engine:junit-vintage]/[runner:RegressionTest]/[test:RegressionTest0]/[test:test0181(RegressionTest0)]
display-name: test0181
]]></system-out>
</testcase>
<testcase name="test0949" classname="RegressionTest1" time="0">
<system-out><![CDATA[
unique-id: [engine:junit-vintage]/[runner:RegressionTest]/[test:RegressionTest1]/[test:test0949(RegressionTest1)]
display-name: test0949
]]></system-out>
</testcase>
<testcase name="test0342" classname="RegressionTest0" time="0">
<system-out><![CDATA[
unique-id: [engine:junit-vintage]/[runner:RegressionTest]/[test:RegressionTest0]/[test:test0342(RegressionTest0)]
display-name: test0342
]]></system-out>
</testcase>
<testcase name="test0688" classname="RegressionTest1" time="0">
<system-out><![CDATA[
unique-id: [engine:junit-vintage]/[runner:RegressionTest]/[test:RegressionTest1]/[test:test0688(RegressionTest1)]
display-name: test0688
]]></system-out>
</testcase>
<testcase name="test0184" classname="RegressionTest0" time="0.001">
<system-out><![CDATA[
unique-id: [engine:junit-vintage]/[runner:RegressionTest]/[test:RegressionTest0]/[test:test0184(RegressionTest0)]
display-name: test0184
]]></system-out>
</testcase>
<testcase name="test0720" classname="RegressionTest1" time="0">
<system-out><![CDATA[
unique-id: [engine:junit-vintage]/[runner:RegressionTest]/[test:RegressionTest1]/[test:test0720(RegressionTest1)]
display-name: test0720
]]></system-out>
</testcase>
<testcase name="test1021" classname="RegressionTest2" time="0">
<system-out><![CDATA[
unique-id: [engine:junit-vintage]/[runner:RegressionTest]/[test:RegressionTest2]/[test:test1021(RegressionTest2)]
display-name: test1021
]]></system-out>
</testcase>
<testcase name="test0450" classname="RegressionTest0" time="0">
<system-out><![CDATA[
unique-id: [engine:junit-vintage]/[runner:RegressionTest]/[test:RegressionTest0]/[test:test0450(RegressionTest0)]
display-name: test0450
]]></system-out>
</testcase>
<testcase name="test0793" classname="RegressionTest1" time="0">
<system-out><![CDATA[
unique-id: [engine:junit-vintage]/[runner:RegressionTest]/[test:RegressionTest1]/[test:test0793(RegressionTest1)]
display-name: test0793
]]></system-out>
</testcase>
<testcase name="test0920" classname="RegressionTest1" time="0">
<system-out><![CDATA[
unique-id: [engine:junit-vintage]/[runner:RegressionTest]/[test:RegressionTest1]/[test:test0920(RegressionTest1)]
display-name: test0920
]]></system-out>
</testcase>
<testcase name="test1008" classname="RegressionTest2" time="0">
<system-out><![CDATA[
unique-id: [engine:junit-vintage]/[runner:RegressionTest]/[test:RegressionTest2]/[test:test1008(RegressionTest2)]
display-name: test1008
]]></system-out>
</testcase>
<testcase name="test0593" classname="RegressionTest1" time="0">
<system-out><![CDATA[
unique-id: [engine:junit-vintage]/[runner:RegressionTest]/[test:RegressionTest1]/[test:test0593(RegressionTest1)]
display-name: test0593
]]></system-out>
</testcase>
<testcase name="test0311" classname="RegressionTest0" time="0">
<system-out><![CDATA[
unique-id: [engine:junit-vintage]/[runner:RegressionTest]/[test:RegressionTest0]/[test:test0311(RegressionTest0)]
display-name: test0311
]]></system-out>
</testcase>
<testcase name="test0533" classname="RegressionTest1" time="0">
<system-out><![CDATA[
unique-id: [engine:junit-vintage]/[runner:RegressionTest]/[test:RegressionTest1]/[test:test0533(RegressionTest1)]
display-name: test0533
]]></system-out>
</testcase>
<testcase name="test0612" classname="RegressionTest1" time="0">
<system-out><![CDATA[
unique-id: [engine:junit-vintage]/[runner:RegressionTest]/[test:RegressionTest1]/[test:test0612(RegressionTest1)]
display-name: test0612
]]></system-out>
</testcase>
<testcase name="test0015" classname="RegressionTest0" time="0">
<system-out><![CDATA[
unique-id: [engine:junit-vintage]/[runner:RegressionTest]/[test:RegressionTest0]/[test:test0015(RegressionTest0)]
display-name: test0015
]]></system-out>
</testcase>
<testcase name="test0517" classname="RegressionTest1" time="0">
<system-out><![CDATA[
unique-id: [engine:junit-vintage]/[runner:RegressionTest]/[test:RegressionTest1]/[test:test0517(RegressionTest1)]
display-name: test0517
]]></system-out>
</testcase>
<testcase name="test0425" classname="RegressionTest0" time="0">
<system-out><![CDATA[
unique-id: [engine:junit-vintage]/[runner:RegressionTest]/[test:RegressionTest0]/[test:test0425(RegressionTest0)]
display-name: test0425
]]></system-out>
</testcase>
<testcase name="test0647" classname="RegressionTest1" time="0">
<system-out><![CDATA[
unique-id: [engine:junit-vintage]/[runner:RegressionTest]/[test:RegressionTest1]/[test:test0647(RegressionTest1)]
display-name: test0647
]]></system-out>
</testcase>
<testcase name="test0092" classname="RegressionTest0" time="0">
<system-out><![CDATA[
unique-id: [engine:junit-vintage]/[runner:RegressionTest]/[test:RegressionTest0]/[test:test0092(RegressionTest0)]
display-name: test0092
]]></system-out>
</testcase>
<testcase name="test0917" classname="RegressionTest1" time="0">
<system-out><![CDATA[
unique-id: [engine:junit-vintage]/[runner:RegressionTest]/[test:RegressionTest1]/[test:test0917(RegressionTest1)]
display-name: test0917
]]></system-out>
</testcase>
<testcase name="test0196" classname="RegressionTest0" time="0">
<system-out><![CDATA[
unique-id: [engine:junit-vintage]/[runner:RegressionTest]/[test:RegressionTest0]/[test:test0196(RegressionTest0)]
display-name: test0196
]]></system-out>
</testcase>
<testcase name="test0568" classname="RegressionTest1" time="0">
<system-out><![CDATA[
unique-id: [engine:junit-vintage]/[runner:RegressionTest]/[test:RegressionTest1]/[test:test0568(RegressionTest1)]
display-name: test0568
]]></system-out>
</testcase>
<testcase name="test0466" classname="RegressionTest0" time="0">
<system-out><![CDATA[
unique-id: [engine:junit-vintage]/[runner:RegressionTest]/[test:RegressionTest0]/[test:test0466(RegressionTest0)]
display-name: test0466
]]></system-out>
</testcase>
<testcase name="test0104" classname="RegressionTest0" time="0.002">
<system-out><![CDATA[
unique-id: [engine:junit-vintage]/[runner:RegressionTest]/[test:RegressionTest0]/[test:test0104(RegressionTest0)]
display-name: test0104
]]></system-out>
</testcase>
<testcase name="test0482" classname="RegressionTest0" time="0">
<system-out><![CDATA[
unique-id: [engine:junit-vintage]/[runner:RegressionTest]/[test:RegressionTest0]/[test:test0482(RegressionTest0)]
display-name: test0482
]]></system-out>
</testcase>
<testcase name="test0574" classname="RegressionTest1" time="0">
<system-out><![CDATA[
unique-id: [engine:junit-vintage]/[runner:RegressionTest]/[test:RegressionTest1]/[test:test0574(RegressionTest1)]
display-name: test0574
]]></system-out>
</testcase>
<testcase name="test0431" classname="RegressionTest0" time="0">
<system-out><![CDATA[
unique-id: [engine:junit-vintage]/[runner:RegressionTest]/[test:RegressionTest0]/[test:test0431(RegressionTest0)]
display-name: test0431
]]></system-out>
</testcase>
<testcase name="test0752" classname="RegressionTest1" time="0">
<system-out><![CDATA[
unique-id: [engine:junit-vintage]/[runner:RegressionTest]/[test:RegressionTest1]/[test:test0752(RegressionTest1)]
display-name: test0752
]]></system-out>
</testcase>
<testcase name="test0139" classname="RegressionTest0" time="0">
<system-out><![CDATA[
unique-id: [engine:junit-vintage]/[runner:RegressionTest]/[test:RegressionTest0]/[test:test0139(RegressionTest0)]
display-name: test0139
]]></system-out>
</testcase>
<testcase name="test0269" classname="RegressionTest0" time="0">
<system-out><![CDATA[
unique-id: [engine:junit-vintage]/[runner:RegressionTest]/[test:RegressionTest0]/[test:test0269(RegressionTest0)]
display-name: test0269
]]></system-out>
</testcase>
<testcase name="test1036" classname="RegressionTest2" time="0">
<system-out><![CDATA[
unique-id: [engine:junit-vintage]/[runner:RegressionTest]/[test:RegressionTest2]/[test:test1036(RegressionTest2)]
display-name: test1036
]]></system-out>
</testcase>
<testcase name="test0409" classname="RegressionTest0" time="0">
<system-out><![CDATA[
unique-id: [engine:junit-vintage]/[runner:RegressionTest]/[test:RegressionTest0]/[test:test0409(RegressionTest0)]
display-name: test0409
]]></system-out>
</testcase>
<testcase name="test0879" classname="RegressionTest1" time="0">
<system-out><![CDATA[
unique-id: [engine:junit-vintage]/[runner:RegressionTest]/[test:RegressionTest1]/[test:test0879(RegressionTest1)]
display-name: test0879
]]></system-out>
</testcase>
<testcase name="test0787" classname="RegressionTest1" time="0">
<system-out><![CDATA[
unique-id: [engine:junit-vintage]/[runner:RegressionTest]/[test:RegressionTest1]/[test:test0787(RegressionTest1)]
display-name: test0787
]]></system-out>
</testcase>
<testcase name="test0866" classname="RegressionTest1" time="0">
<system-out><![CDATA[
unique-id: [engine:junit-vintage]/[runner:RegressionTest]/[test:RegressionTest1]/[test:test0866(RegressionTest1)]
display-name: test0866
]]></system-out>
</testcase>
<testcase name="test0701" classname="RegressionTest1" time="0">
<system-out><![CDATA[
unique-id: [engine:junit-vintage]/[runner:RegressionTest]/[test:RegressionTest1]/[test:test0701(RegressionTest1)]
display-name: test0701
]]></system-out>
</testcase>
<testcase name="test1128" classname="RegressionTest2" time="0">
<system-out><![CDATA[
unique-id: [engine:junit-vintage]/[runner:RegressionTest]/[test:RegressionTest2]/[test:test1128(RegressionTest2)]
display-name: test1128
]]></system-out>
</testcase>
<testcase name="test0958" classname="RegressionTest1" time="0">
<system-out><![CDATA[
unique-id: [engine:junit-vintage]/[runner:RegressionTest]/[test:RegressionTest1]/[test:test0958(RegressionTest1)]
display-name: test0958
]]></system-out>
</testcase>
<testcase name="test0218" classname="RegressionTest0" time="0">
<system-out><![CDATA[
unique-id: [engine:junit-vintage]/[runner:RegressionTest]/[test:RegressionTest0]/[test:test0218(RegressionTest0)]
display-name: test0218
]]></system-out>
</testcase>
<testcase name="test0673" classname="RegressionTest1" time="0">
<system-out><![CDATA[
unique-id: [engine:junit-vintage]/[runner:RegressionTest]/[test:RegressionTest1]/[test:test0673(RegressionTest1)]
display-name: test0673
]]></system-out>
</testcase>
<testcase name="test0377" classname="RegressionTest0" time="0">
<system-out><![CDATA[
unique-id: [engine:junit-vintage]/[runner:RegressionTest]/[test:RegressionTest0]/[test:test0377(RegressionTest0)]
display-name: test0377
]]></system-out>
</testcase>
<testcase name="test0860" classname="RegressionTest1" time="0">
<system-out><![CDATA[
unique-id: [engine:junit-vintage]/[runner:RegressionTest]/[test:RegressionTest1]/[test:test0860(RegressionTest1)]
display-name: test0860
]]></system-out>
</testcase>
<testcase name="test0212" classname="RegressionTest0" time="0">
<system-out><![CDATA[
unique-id: [engine:junit-vintage]/[runner:RegressionTest]/[test:RegressionTest0]/[test:test0212(RegressionTest0)]
display-name: test0212
]]></system-out>
</testcase>
<testcase name="test0120" classname="RegressionTest0" time="0">
<system-out><![CDATA[
unique-id: [engine:junit-vintage]/[runner:RegressionTest]/[test:RegressionTest0]/[test:test0120(RegressionTest0)]
display-name: test0120
]]></system-out>
</testcase>
<testcase name="test0298" classname="RegressionTest0" time="0">
<system-out><![CDATA[
unique-id: [engine:junit-vintage]/[runner:RegressionTest]/[test:RegressionTest0]/[test:test0298(RegressionTest0)]
display-name: test0298
]]></system-out>
</testcase>
<testcase name="test0781" classname="RegressionTest1" time="0">
<system-out><![CDATA[
unique-id: [engine:junit-vintage]/[runner:RegressionTest]/[test:RegressionTest1]/[test:test0781(RegressionTest1)]
display-name: test0781
]]></system-out>
</testcase>
<testcase name="test0803" classname="RegressionTest1" time="0">
<system-out><![CDATA[
unique-id: [engine:junit-vintage]/[runner:RegressionTest]/[test:RegressionTest1]/[test:test0803(RegressionTest1)]
display-name: test0803
]]></system-out>
</testcase>
<testcase name="test0971" classname="RegressionTest1" time="0">
<system-out><![CDATA[
unique-id: [engine:junit-vintage]/[runner:RegressionTest]/[test:RegressionTest1]/[test:test0971(RegressionTest1)]
display-name: test0971
]]></system-out>
</testcase>
<testcase name="test0041" classname="RegressionTest0" time="0.004">
<system-out><![CDATA[
unique-id: [engine:junit-vintage]/[runner:RegressionTest]/[test:RegressionTest0]/[test:test0041(RegressionTest0)]
display-name: test0041
]]></system-out>
</testcase>
<testcase name="test1030" classname="RegressionTest2" time="0">
<system-out><![CDATA[
unique-id: [engine:junit-vintage]/[runner:RegressionTest]/[test:RegressionTest2]/[test:test1030(RegressionTest2)]
display-name: test1030
]]></system-out>
</testcase>
<testcase name="test0625" classname="RegressionTest1" time="0">
<system-out><![CDATA[
unique-id: [engine:junit-vintage]/[runner:RegressionTest]/[test:RegressionTest1]/[test:test0625(RegressionTest1)]
display-name: test0625
]]></system-out>
</testcase>
<testcase name="test0755" classname="RegressionTest1" time="0">
<system-out><![CDATA[
unique-id: [engine:junit-vintage]/[runner:RegressionTest]/[test:RegressionTest1]/[test:test0755(RegressionTest1)]
display-name: test0755
]]></system-out>
</testcase>
<testcase name="test0107" classname="RegressionTest0" time="0">
<system-out><![CDATA[
unique-id: [engine:junit-vintage]/[runner:RegressionTest]/[test:RegressionTest0]/[test:test0107(RegressionTest0)]
display-name: test0107
]]></system-out>
</testcase>
<testcase name="test0158" classname="RegressionTest0" time="0">
<system-out><![CDATA[
unique-id: [engine:junit-vintage]/[runner:RegressionTest]/[test:RegressionTest0]/[test:test0158(RegressionTest0)]
display-name: test0158
]]></system-out>
</testcase>
<testcase name="test0955" classname="RegressionTest1" time="0">
<system-out><![CDATA[
unique-id: [engine:junit-vintage]/[runner:RegressionTest]/[test:RegressionTest1]/[test:test0955(RegressionTest1)]
display-name: test0955
]]></system-out>
</testcase>
<testcase name="test0892" classname="RegressionTest1" time="0">
<system-out><![CDATA[
unique-id: [engine:junit-vintage]/[runner:RegressionTest]/[test:RegressionTest1]/[test:test0892(RegressionTest1)]
display-name: test0892
]]></system-out>
</testcase>
<testcase name="test0374" classname="RegressionTest0" time="0">
<system-out><![CDATA[
unique-id: [engine:junit-vintage]/[runner:RegressionTest]/[test:RegressionTest0]/[test:test0374(RegressionTest0)]
display-name: test0374
]]></system-out>
</testcase>
<testcase name="test0044" classname="RegressionTest0" time="0">
<system-out><![CDATA[
unique-id: [engine:junit-vintage]/[runner:RegressionTest]/[test:RegressionTest0]/[test:test0044(RegressionTest0)]
display-name: test0044
]]></system-out>
</testcase>
<testcase name="test0914" classname="RegressionTest1" time="0">
<system-out><![CDATA[
unique-id: [engine:junit-vintage]/[runner:RegressionTest]/[test:RegressionTest1]/[test:test0914(RegressionTest1)]
display-name: test0914
]]></system-out>
</testcase>
<testcase name="test0247" classname="RegressionTest0" time="0">
<system-out><![CDATA[
unique-id: [engine:junit-vintage]/[runner:RegressionTest]/[test:RegressionTest0]/[test:test0247(RegressionTest0)]
display-name: test0247
]]></system-out>
</testcase>
<testcase name="test0739" classname="RegressionTest1" time="0">
<system-out><![CDATA[
unique-id: [engine:junit-vintage]/[runner:RegressionTest]/[test:RegressionTest1]/[test:test0739(RegressionTest1)]
display-name: test0739
]]></system-out>
</testcase>
<testcase name="test0895" classname="RegressionTest1" time="0">
<system-out><![CDATA[
unique-id: [engine:junit-vintage]/[runner:RegressionTest]/[test:RegressionTest1]/[test:test0895(RegressionTest1)]
display-name: test0895
]]></system-out>
</testcase>
<testcase name="test0539" classname="RegressionTest1" time="0">
<system-out><![CDATA[
unique-id: [engine:junit-vintage]/[runner:RegressionTest]/[test:RegressionTest1]/[test:test0539(RegressionTest1)]
display-name: test0539
]]></system-out>
</testcase>
<testcase name="test0809" classname="RegressionTest1" time="0">
<system-out><![CDATA[
unique-id: [engine:junit-vintage]/[runner:RegressionTest]/[test:RegressionTest1]/[test:test0809(RegressionTest1)]
display-name: test0809
]]></system-out>
</testcase>
<testcase name="test1062" classname="RegressionTest2" time="0">
<system-out><![CDATA[
unique-id: [engine:junit-vintage]/[runner:RegressionTest]/[test:RegressionTest2]/[test:test1062(RegressionTest2)]
display-name: test1062
]]></system-out>
</testcase>
<testcase name="test0644" classname="RegressionTest1" time="0">
<system-out><![CDATA[
unique-id: [engine:junit-vintage]/[runner:RegressionTest]/[test:RegressionTest1]/[test:test0644(RegressionTest1)]
display-name: test0644
]]></system-out>
</testcase>
<testcase name="test0844" classname="RegressionTest1" time="0">
<system-out><![CDATA[
unique-id: [engine:junit-vintage]/[runner:RegressionTest]/[test:RegressionTest1]/[test:test0844(RegressionTest1)]
display-name: test0844
]]></system-out>
</testcase>
<testcase name="test0047" classname="RegressionTest0" time="0">
<system-out><![CDATA[
unique-id: [engine:junit-vintage]/[runner:RegressionTest]/[test:RegressionTest0]/[test:test0047(RegressionTest0)]
display-name: test0047
]]></system-out>
</testcase>
<testcase name="test0530" classname="RegressionTest1" time="0">
<system-out><![CDATA[
unique-id: [engine:junit-vintage]/[runner:RegressionTest]/[test:RegressionTest1]/[test:test0530(RegressionTest1)]
display-name: test0530
]]></system-out>
</testcase>
<testcase name="test0260" classname="RegressionTest0" time="0">
<system-out><![CDATA[
unique-id: [engine:junit-vintage]/[runner:RegressionTest]/[test:RegressionTest0]/[test:test0260(RegressionTest0)]
display-name: test0260
]]></system-out>
</testcase>
<testcase name="test0536" classname="RegressionTest1" time="0">
<system-out><![CDATA[
unique-id: [engine:junit-vintage]/[runner:RegressionTest]/[test:RegressionTest1]/[test:test0536(RegressionTest1)]
display-name: test0536
]]></system-out>
</testcase>
<testcase name="test0155" classname="RegressionTest0" time="0">
<system-out><![CDATA[
unique-id: [engine:junit-vintage]/[runner:RegressionTest]/[test:RegressionTest0]/[test:test0155(RegressionTest0)]
display-name: test0155
]]></system-out>
</testcase>
<testcase name="test0736" classname="RegressionTest1" time="0">
<system-out><![CDATA[
unique-id: [engine:junit-vintage]/[runner:RegressionTest]/[test:RegressionTest1]/[test:test0736(RegressionTest1)]
display-name: test0736
]]></system-out>
</testcase>
<testcase name="test0263" classname="RegressionTest0" time="0">
<system-out><![CDATA[
unique-id: [engine:junit-vintage]/[runner:RegressionTest]/[test:RegressionTest0]/[test:test0263(RegressionTest0)]
display-name: test0263
]]></system-out>
</testcase>
<testcase name="test1065" classname="RegressionTest2" time="0">
<system-out><![CDATA[
unique-id: [engine:junit-vintage]/[runner:RegressionTest]/[test:RegressionTest2]/[test:test1065(RegressionTest2)]
display-name: test1065
]]></system-out>
</testcase>
<testcase name="test0355" classname="RegressionTest0" time="0">
<system-out><![CDATA[
unique-id: [engine:junit-vintage]/[runner:RegressionTest]/[test:RegressionTest0]/[test:test0355(RegressionTest0)]
display-name: test0355
]]></system-out>
</testcase>
<testcase name="test1081" classname="RegressionTest2" time="0">
<system-out><![CDATA[
unique-id: [engine:junit-vintage]/[runner:RegressionTest]/[test:RegressionTest2]/[test:test1081(RegressionTest2)]
display-name: test1081
]]></system-out>
</testcase>
<testcase name="test0358" classname="RegressionTest0" time="0">
<system-out><![CDATA[
unique-id: [engine:junit-vintage]/[runner:RegressionTest]/[test:RegressionTest0]/[test:test0358(RegressionTest0)]
display-name: test0358
]]></system-out>
</testcase>
<testcase name="test0371" classname="RegressionTest0" time="0">
<system-out><![CDATA[
unique-id: [engine:junit-vintage]/[runner:RegressionTest]/[test:RegressionTest0]/[test:test0371(RegressionTest0)]
display-name: test0371
]]></system-out>
</testcase>
<testcase name="test0628" classname="RegressionTest1" time="0">
<system-out><![CDATA[
unique-id: [engine:junit-vintage]/[runner:RegressionTest]/[test:RegressionTest1]/[test:test0628(RegressionTest1)]
display-name: test0628
]]></system-out>
</testcase>
<testcase name="test0641" classname="RegressionTest1" time="0">
<system-out><![CDATA[
unique-id: [engine:junit-vintage]/[runner:RegressionTest]/[test:RegressionTest1]/[test:test0641(RegressionTest1)]
display-name: test0641
]]></system-out>
</testcase>
<testcase name="test1068" classname="RegressionTest2" time="0">
<system-out><![CDATA[
unique-id: [engine:junit-vintage]/[runner:RegressionTest]/[test:RegressionTest2]/[test:test1068(RegressionTest2)]
display-name: test1068
]]></system-out>
</testcase>
<testcase name="test1100" classname="RegressionTest2" time="0">
<system-out><![CDATA[
unique-id: [engine:junit-vintage]/[runner:RegressionTest]/[test:RegressionTest2]/[test:test1100(RegressionTest2)]
display-name: test1100
]]></system-out>
</testcase>
<testcase name="test0804" classname="RegressionTest1" time="0">
<system-out><![CDATA[
unique-id: [engine:junit-vintage]/[runner:RegressionTest]/[test:RegressionTest1]/[test:test0804(RegressionTest1)]
display-name: test0804
]]></system-out>
</testcase>
<testcase name="test0768" classname="RegressionTest1" time="0">
<system-out><![CDATA[
unique-id: [engine:junit-vintage]/[runner:RegressionTest]/[test:RegressionTest1]/[test:test0768(RegressionTest1)]
display-name: test0768
]]></system-out>
</testcase>
<testcase name="test0942" classname="RegressionTest1" time="0">
<system-out><![CDATA[
unique-id: [engine:junit-vintage]/[runner:RegressionTest]/[test:RegressionTest1]/[test:test0942(RegressionTest1)]
display-name: test0942
]]></system-out>
</testcase>
<testcase name="test0345" classname="RegressionTest0" time="0">
<system-out><![CDATA[
unique-id: [engine:junit-vintage]/[runner:RegressionTest]/[test:RegressionTest0]/[test:test0345(RegressionTest0)]
display-name: test0345
]]></system-out>
</testcase>
<testcase name="test0871" classname="RegressionTest1" time="0">
<system-out><![CDATA[
unique-id: [engine:junit-vintage]/[runner:RegressionTest]/[test:RegressionTest1]/[test:test0871(RegressionTest1)]
display-name: test0871
]]></system-out>
</testcase>
<testcase name="test0136" classname="RegressionTest0" time="0">
<system-out><![CDATA[
unique-id: [engine:junit-vintage]/[runner:RegressionTest]/[test:RegressionTest0]/[test:test0136(RegressionTest0)]
display-name: test0136
]]></system-out>
</testcase>
<testcase name="test0310" classname="RegressionTest0" time="0">
<system-out><![CDATA[
unique-id: [engine:junit-vintage]/[runner:RegressionTest]/[test:RegressionTest0]/[test:test0310(RegressionTest0)]
display-name: test0310
]]></system-out>
</testcase>
<testcase name="test0977" classname="RegressionTest1" time="0">
<system-out><![CDATA[
unique-id: [engine:junit-vintage]/[runner:RegressionTest]/[test:RegressionTest1]/[test:test0977(RegressionTest1)]
display-name: test0977
]]></system-out>
</testcase>
<testcase name="test0952" classname="RegressionTest1" time="0">
<system-out><![CDATA[
unique-id: [engine:junit-vintage]/[runner:RegressionTest]/[test:RegressionTest1]/[test:test0952(RegressionTest1)]
display-name: test0952
]]></system-out>
</testcase>
<testcase name="test0274" classname="RegressionTest0" time="0">
<system-out><![CDATA[
unique-id: [engine:junit-vintage]/[runner:RegressionTest]/[test:RegressionTest0]/[test:test0274(RegressionTest0)]
display-name: test0274
]]></system-out>
</testcase>
<testcase name="test1084" classname="RegressionTest2" time="0">
<system-out><![CDATA[
unique-id: [engine:junit-vintage]/[runner:RegressionTest]/[test:RegressionTest2]/[test:test1084(RegressionTest2)]
display-name: test1084
]]></system-out>
</testcase>
<testcase name="test0217" classname="RegressionTest0" time="0">
<system-out><![CDATA[
unique-id: [engine:junit-vintage]/[runner:RegressionTest]/[test:RegressionTest0]/[test:test0217(RegressionTest0)]
display-name: test0217
]]></system-out>
</testcase>
<testcase name="test0743" classname="RegressionTest1" time="0">
<system-out><![CDATA[
unique-id: [engine:junit-vintage]/[runner:RegressionTest]/[test:RegressionTest1]/[test:test0743(RegressionTest1)]
display-name: test0743
]]></system-out>
</testcase>
<testcase name="test0814" classname="RegressionTest1" time="0">
<system-out><![CDATA[
unique-id: [engine:junit-vintage]/[runner:RegressionTest]/[test:RegressionTest1]/[test:test0814(RegressionTest1)]
display-name: test0814
]]></system-out>
</testcase>
<testcase name="test0839" classname="RegressionTest1" time="0">
<system-out><![CDATA[
unique-id: [engine:junit-vintage]/[runner:RegressionTest]/[test:RegressionTest1]/[test:test0839(RegressionTest1)]
display-name: test0839
]]></system-out>
</testcase>
<testcase name="test0778" classname="RegressionTest1" time="0">
<system-out><![CDATA[
unique-id: [engine:junit-vintage]/[runner:RegressionTest]/[test:RegressionTest1]/[test:test0778(RegressionTest1)]
display-name: test0778
]]></system-out>
</testcase>
<testcase name="test0861" classname="RegressionTest1" time="0">
<system-out><![CDATA[
unique-id: [engine:junit-vintage]/[runner:RegressionTest]/[test:RegressionTest1]/[test:test0861(RegressionTest1)]
display-name: test0861
]]></system-out>
</testcase>
<testcase name="test0156" classname="RegressionTest0" time="0">
<system-out><![CDATA[
unique-id: [engine:junit-vintage]/[runner:RegressionTest]/[test:RegressionTest0]/[test:test0156(RegressionTest0)]
display-name: test0156
]]></system-out>
</testcase>
<testcase name="test0932" classname="RegressionTest1" time="0">
<system-out><![CDATA[
unique-id: [engine:junit-vintage]/[runner:RegressionTest]/[test:RegressionTest1]/[test:test0932(RegressionTest1)]
display-name: test0932
]]></system-out>
</testcase>
<testcase name="test0753" classname="RegressionTest1" time="0">
<system-out><![CDATA[
unique-id: [engine:junit-vintage]/[runner:RegressionTest]/[test:RegressionTest1]/[test:test0753(RegressionTest1)]
display-name: test0753
]]></system-out>
</testcase>
<testcase name="test0819" classname="RegressionTest1" time="0">
<system-out><![CDATA[
unique-id: [engine:junit-vintage]/[runner:RegressionTest]/[test:RegressionTest1]/[test:test0819(RegressionTest1)]
display-name: test0819
]]></system-out>
</testcase>
<testcase name="test1007" classname="RegressionTest2" time="0">
<system-out><![CDATA[
unique-id: [engine:junit-vintage]/[runner:RegressionTest]/[test:RegressionTest2]/[test:test1007(RegressionTest2)]
display-name: test1007
]]></system-out>
</testcase>
<testcase name="test0264" classname="RegressionTest0" time="0">
<system-out><![CDATA[
unique-id: [engine:junit-vintage]/[runner:RegressionTest]/[test:RegressionTest0]/[test:test0264(RegressionTest0)]
display-name: test0264
]]></system-out>
</testcase>
<testcase name="test1074" classname="RegressionTest2" time="0">
<system-out><![CDATA[
unique-id: [engine:junit-vintage]/[runner:RegressionTest]/[test:RegressionTest2]/[test:test1074(RegressionTest2)]
display-name: test1074
]]></system-out>
</testcase>
<testcase name="test0824" classname="RegressionTest1" time="0">
<system-out><![CDATA[
unique-id: [engine:junit-vintage]/[runner:RegressionTest]/[test:RegressionTest1]/[test:test0824(RegressionTest1)]
display-name: test0824
]]></system-out>
</testcase>
<testcase name="test0881" classname="RegressionTest1" time="0">
<system-out><![CDATA[
unique-id: [engine:junit-vintage]/[runner:RegressionTest]/[test:RegressionTest1]/[test:test0881(RegressionTest1)]
display-name: test0881
]]></system-out>
</testcase>
<testcase name="test0146" classname="RegressionTest0" time="0">
<system-out><![CDATA[
unique-id: [engine:junit-vintage]/[runner:RegressionTest]/[test:RegressionTest0]/[test:test0146(RegressionTest0)]
display-name: test0146
]]></system-out>
</testcase>
<testcase name="test0829" classname="RegressionTest1" time="0">
<system-out><![CDATA[
unique-id: [engine:junit-vintage]/[runner:RegressionTest]/[test:RegressionTest1]/[test:test0829(RegressionTest1)]
display-name: test0829
]]></system-out>
</testcase>
<testcase name="test0320" classname="RegressionTest0" time="0">
<system-out><![CDATA[
unique-id: [engine:junit-vintage]/[runner:RegressionTest]/[test:RegressionTest0]/[test:test0320(RegressionTest0)]
display-name: test0320
]]></system-out>
</testcase>
<testcase name="test0207" classname="RegressionTest0" time="0">
<system-out><![CDATA[
unique-id: [engine:junit-vintage]/[runner:RegressionTest]/[test:RegressionTest0]/[test:test0207(RegressionTest0)]
display-name: test0207
]]></system-out>
</testcase>
<testcase name="test1017" classname="RegressionTest2" time="0">
<system-out><![CDATA[
unique-id: [engine:junit-vintage]/[runner:RegressionTest]/[test:RegressionTest2]/[test:test1017(RegressionTest2)]
display-name: test1017
]]></system-out>
</testcase>
<testcase name="test0254" classname="RegressionTest0" time="0">
<system-out><![CDATA[
unique-id: [engine:junit-vintage]/[runner:RegressionTest]/[test:RegressionTest0]/[test:test0254(RegressionTest0)]
display-name: test0254
]]></system-out>
</testcase>
<testcase name="test0028" classname="RegressionTest0" time="0">
<system-out><![CDATA[
unique-id: [engine:junit-vintage]/[runner:RegressionTest]/[test:RegressionTest0]/[test:test0028(RegressionTest0)]
display-name: test0028
]]></system-out>
</testcase>
<testcase name="test1064" classname="RegressionTest2" time="0">
<system-out><![CDATA[
unique-id: [engine:junit-vintage]/[runner:RegressionTest]/[test:RegressionTest2]/[test:test1064(RegressionTest2)]
display-name: test1064
]]></system-out>
</testcase>
<testcase name="test0763" classname="RegressionTest1" time="0">
<system-out><![CDATA[
unique-id: [engine:junit-vintage]/[runner:RegressionTest]/[test:RegressionTest1]/[test:test0763(RegressionTest1)]
display-name: test0763
]]></system-out>
</testcase>
<testcase name="test0571" classname="RegressionTest1" time="0">
<system-out><![CDATA[
unique-id: [engine:junit-vintage]/[runner:RegressionTest]/[test:RegressionTest1]/[test:test0571(RegressionTest1)]
display-name: test0571
]]></system-out>
</testcase>
<testcase name="test0237" classname="RegressionTest0" time="0.008">
<system-out><![CDATA[
unique-id: [engine:junit-vintage]/[runner:RegressionTest]/[test:RegressionTest0]/[test:test0237(RegressionTest0)]
display-name: test0237
]]></system-out>
</testcase>
<testcase name="test0070" classname="RegressionTest0" time="0">
<system-out><![CDATA[
unique-id: [engine:junit-vintage]/[runner:RegressionTest]/[test:RegressionTest0]/[test:test0070(RegressionTest0)]
display-name: test0070
]]></system-out>
</testcase>
<testcase name="test0912" classname="RegressionTest1" time="0">
<system-out><![CDATA[
unique-id: [engine:junit-vintage]/[runner:RegressionTest]/[test:RegressionTest1]/[test:test0912(RegressionTest1)]
display-name: test0912
]]></system-out>
</testcase>
<testcase name="test0529" classname="RegressionTest1" time="0">
<system-out><![CDATA[
unique-id: [engine:junit-vintage]/[runner:RegressionTest]/[test:RegressionTest1]/[test:test0529(RegressionTest1)]
display-name: test0529
]]></system-out>
</testcase>
<testcase name="test0488" classname="RegressionTest0" time="0">
<system-out><![CDATA[
unique-id: [engine:junit-vintage]/[runner:RegressionTest]/[test:RegressionTest0]/[test:test0488(RegressionTest0)]
display-name: test0488
]]></system-out>
</testcase>
<testcase name="test0504" classname="RegressionTest1" time="0">
<system-out><![CDATA[
unique-id: [engine:junit-vintage]/[runner:RegressionTest]/[test:RegressionTest1]/[test:test0504(RegressionTest1)]
display-name: test0504
]]></system-out>
</testcase>
<testcase name="test0851" classname="RegressionTest1" time="0">
<system-out><![CDATA[
unique-id: [engine:junit-vintage]/[runner:RegressionTest]/[test:RegressionTest1]/[test:test0851(RegressionTest1)]
display-name: test0851
]]></system-out>
</testcase>
<testcase name="test0834" classname="RegressionTest1" time="0">
<system-out><![CDATA[
unique-id: [engine:junit-vintage]/[runner:RegressionTest]/[test:RegressionTest1]/[test:test0834(RegressionTest1)]
display-name: test0834
]]></system-out>
</testcase>
<testcase name="test1089" classname="RegressionTest2" time="0">
<system-out><![CDATA[
unique-id: [engine:junit-vintage]/[runner:RegressionTest]/[test:RegressionTest2]/[test:test1089(RegressionTest2)]
display-name: test1089
]]></system-out>
</testcase>
<testcase name="test0279" classname="RegressionTest0" time="0">
<system-out><![CDATA[
unique-id: [engine:junit-vintage]/[runner:RegressionTest]/[test:RegressionTest0]/[test:test0279(RegressionTest0)]
display-name: test0279
]]></system-out>
</testcase>
<testcase name="test0325" classname="RegressionTest0" time="0">
<system-out><![CDATA[
unique-id: [engine:junit-vintage]/[runner:RegressionTest]/[test:RegressionTest0]/[test:test0325(RegressionTest0)]
display-name: test0325
]]></system-out>
</testcase>
<testcase name="test0392" classname="RegressionTest0" time="0">
<system-out><![CDATA[
unique-id: [engine:junit-vintage]/[runner:RegressionTest]/[test:RegressionTest0]/[test:test0392(RegressionTest0)]
display-name: test0392
]]></system-out>
</testcase>
<testcase name="test0596" classname="RegressionTest1" time="0">
<system-out><![CDATA[
unique-id: [engine:junit-vintage]/[runner:RegressionTest]/[test:RegressionTest1]/[test:test0596(RegressionTest1)]
display-name: test0596
]]></system-out>
</testcase>
<testcase name="test0453" classname="RegressionTest0" time="0">
<system-out><![CDATA[
unique-id: [engine:junit-vintage]/[runner:RegressionTest]/[test:RegressionTest0]/[test:test0453(RegressionTest0)]
display-name: test0453
]]></system-out>
</testcase>
<testcase name="test0773" classname="RegressionTest1" time="0">
<system-out><![CDATA[
unique-id: [engine:junit-vintage]/[runner:RegressionTest]/[test:RegressionTest1]/[test:test0773(RegressionTest1)]
display-name: test0773
]]></system-out>
</testcase>
<testcase name="test0600" classname="RegressionTest1" time="0">
<system-out><![CDATA[
unique-id: [engine:junit-vintage]/[runner:RegressionTest]/[test:RegressionTest1]/[test:test0600(RegressionTest1)]
display-name: test0600
]]></system-out>
</testcase>
<testcase name="test0957" classname="RegressionTest1" time="0">
<system-out><![CDATA[
unique-id: [engine:junit-vintage]/[runner:RegressionTest]/[test:RegressionTest1]/[test:test0957(RegressionTest1)]
display-name: test0957
]]></system-out>
</testcase>
<testcase name="test0131" classname="RegressionTest0" time="0">
<system-out><![CDATA[
unique-id: [engine:junit-vintage]/[runner:RegressionTest]/[test:RegressionTest0]/[test:test0131(RegressionTest0)]
display-name: test0131
]]></system-out>
</testcase>
<testcase name="test0109" classname="RegressionTest0" time="0">
<system-out><![CDATA[
unique-id: [engine:junit-vintage]/[runner:RegressionTest]/[test:RegressionTest0]/[test:test0109(RegressionTest0)]
display-name: test0109
]]></system-out>
</testcase>
<testcase name="test0635" classname="RegressionTest1" time="0">
<system-out><![CDATA[
unique-id: [engine:junit-vintage]/[runner:RegressionTest]/[test:RegressionTest1]/[test:test0635(RegressionTest1)]
display-name: test0635
]]></system-out>
</testcase>
<testcase name="test0869" classname="RegressionTest1" time="0">
<system-out><![CDATA[
unique-id: [engine:junit-vintage]/[runner:RegressionTest]/[test:RegressionTest1]/[test:test0869(RegressionTest1)]
display-name: test0869
]]></system-out>
</testcase>
<testcase name="test0095" classname="RegressionTest0" time="0">
<system-out><![CDATA[
unique-id: [engine:junit-vintage]/[runner:RegressionTest]/[test:RegressionTest0]/[test:test0095(RegressionTest0)]
display-name: test0095
]]></system-out>
</testcase>
<testcase name="test0299" classname="RegressionTest0" time="0">
<system-out><![CDATA[
unique-id: [engine:junit-vintage]/[runner:RegressionTest]/[test:RegressionTest0]/[test:test0299(RegressionTest0)]
display-name: test0299
]]></system-out>
</testcase>
<testcase name="test0300" classname="RegressionTest0" time="0">
<system-out><![CDATA[
unique-id: [engine:junit-vintage]/[runner:RegressionTest]/[test:RegressionTest0]/[test:test0300(RegressionTest0)]
display-name: test0300
]]></system-out>
</testcase>
<testcase name="test1044" classname="RegressionTest2" time="0">
<system-out><![CDATA[
unique-id: [engine:junit-vintage]/[runner:RegressionTest]/[test:RegressionTest2]/[test:test1044(RegressionTest2)]
display-name: test1044
]]></system-out>
</testcase>
<testcase name="test0896" classname="RegressionTest1" time="0">
<system-out><![CDATA[
unique-id: [engine:junit-vintage]/[runner:RegressionTest]/[test:RegressionTest1]/[test:test0896(RegressionTest1)]
display-name: test0896
]]></system-out>
</testcase>
<testcase name="test0849" classname="RegressionTest1" time="0">
<system-out><![CDATA[
unique-id: [engine:junit-vintage]/[runner:RegressionTest]/[test:RegressionTest1]/[test:test0849(RegressionTest1)]
display-name: test0849
]]></system-out>
</testcase>
<testcase name="test0551" classname="RegressionTest1" time="0">
<system-out><![CDATA[
unique-id: [engine:junit-vintage]/[runner:RegressionTest]/[test:RegressionTest1]/[test:test0551(RegressionTest1)]
display-name: test0551
]]></system-out>
</testcase>
<testcase name="test0176" classname="RegressionTest0" time="0">
<system-out><![CDATA[
unique-id: [engine:junit-vintage]/[runner:RegressionTest]/[test:RegressionTest0]/[test:test0176(RegressionTest0)]
display-name: test0176
]]></system-out>
</testcase>
<testcase name="test0003" classname="RegressionTest0" time="0.004">
<system-out><![CDATA[
unique-id: [engine:junit-vintage]/[runner:RegressionTest]/[test:RegressionTest0]/[test:test0003(RegressionTest0)]
display-name: test0003
]]></system-out>
</testcase>
<testcase name="test0788" classname="RegressionTest1" time="0">
<system-out><![CDATA[
unique-id: [engine:junit-vintage]/[runner:RegressionTest]/[test:RegressionTest1]/[test:test0788(RegressionTest1)]
display-name: test0788
]]></system-out>
</testcase>
<testcase name="test0284" classname="RegressionTest0" time="0">
<system-out><![CDATA[
unique-id: [engine:junit-vintage]/[runner:RegressionTest]/[test:RegressionTest0]/[test:test0284(RegressionTest0)]
display-name: test0284
]]></system-out>
</testcase>
<testcase name="test0111" classname="RegressionTest0" time="0">
<system-out><![CDATA[
unique-id: [engine:junit-vintage]/[runner:RegressionTest]/[test:RegressionTest0]/[test:test0111(RegressionTest0)]
display-name: test0111
]]></system-out>
</testcase>
<testcase name="test0362" classname="RegressionTest0" time="0">
<system-out><![CDATA[
unique-id: [engine:junit-vintage]/[runner:RegressionTest]/[test:RegressionTest0]/[test:test0362(RegressionTest0)]
display-name: test0362
]]></system-out>
</testcase>
<testcase name="test0397" classname="RegressionTest0" time="0">
<system-out><![CDATA[
unique-id: [engine:junit-vintage]/[runner:RegressionTest]/[test:RegressionTest0]/[test:test0397(RegressionTest0)]
display-name: test0397
]]></system-out>
</testcase>
<testcase name="test1113" classname="RegressionTest2" time="0">
<system-out><![CDATA[
unique-id: [engine:junit-vintage]/[runner:RegressionTest]/[test:RegressionTest2]/[test:test1113(RegressionTest2)]
display-name: test1113
]]></system-out>
</testcase>
<testcase name="test1069" classname="RegressionTest2" time="0">
<system-out><![CDATA[
unique-id: [engine:junit-vintage]/[runner:RegressionTest]/[test:RegressionTest2]/[test:test1069(RegressionTest2)]
display-name: test1069
]]></system-out>
</testcase>
<testcase name="test0468" classname="RegressionTest0" time="0">
<system-out><![CDATA[
unique-id: [engine:junit-vintage]/[runner:RegressionTest]/[test:RegressionTest0]/[test:test0468(RegressionTest0)]
display-name: test0468
]]></system-out>
</testcase>
<testcase name="test0994" classname="RegressionTest1" time="0">
<system-out><![CDATA[
unique-id: [engine:junit-vintage]/[runner:RegressionTest]/[test:RegressionTest1]/[test:test0994(RegressionTest1)]
display-name: test0994
]]></system-out>
</testcase>
<testcase name="test1105" classname="RegressionTest2" time="0">
<system-out><![CDATA[
unique-id: [engine:junit-vintage]/[runner:RegressionTest]/[test:RegressionTest2]/[test:test1105(RegressionTest2)]
display-name: test1105
]]></system-out>
</testcase>
<testcase name="test0783" classname="RegressionTest1" time="0">
<system-out><![CDATA[
unique-id: [engine:junit-vintage]/[runner:RegressionTest]/[test:RegressionTest1]/[test:test0783(RegressionTest1)]
display-name: test0783
]]></system-out>
</testcase>
<testcase name="test0927" classname="RegressionTest1" time="0">
<system-out><![CDATA[
unique-id: [engine:junit-vintage]/[runner:RegressionTest]/[test:RegressionTest1]/[test:test0927(RegressionTest1)]
display-name: test0927
]]></system-out>
</testcase>
<testcase name="test0048" classname="RegressionTest0" time="0">
<system-out><![CDATA[
unique-id: [engine:junit-vintage]/[runner:RegressionTest]/[test:RegressionTest0]/[test:test0048(RegressionTest0)]
display-name: test0048
]]></system-out>
</testcase>
<testcase name="test0586" classname="RegressionTest1" time="0">
<system-out><![CDATA[
unique-id: [engine:junit-vintage]/[runner:RegressionTest]/[test:RegressionTest1]/[test:test0586(RegressionTest1)]
display-name: test0586
]]></system-out>
</testcase>
<testcase name="test0161" classname="RegressionTest0" time="0">
<system-out><![CDATA[
unique-id: [engine:junit-vintage]/[runner:RegressionTest]/[test:RegressionTest0]/[test:test0161(RegressionTest0)]
display-name: test0161
]]></system-out>
</testcase>
<testcase name="test1123" classname="RegressionTest2" time="0">
<system-out><![CDATA[
unique-id: [engine:junit-vintage]/[runner:RegressionTest]/[test:RegressionTest2]/[test:test1123(RegressionTest2)]
display-name: test1123
]]></system-out>
</testcase>
<testcase name="test0726" classname="RegressionTest1" time="0">
<system-out><![CDATA[
unique-id: [engine:junit-vintage]/[runner:RegressionTest]/[test:RegressionTest1]/[test:test0726(RegressionTest1)]
display-name: test0726
]]></system-out>
</testcase>
<testcase name="test0013" classname="RegressionTest0" time="0">
<system-out><![CDATA[
unique-id: [engine:junit-vintage]/[runner:RegressionTest]/[test:RegressionTest0]/[test:test0013(RegressionTest0)]
display-name: test0013
]]></system-out>
</testcase>
<testcase name="test0151" classname="RegressionTest0" time="0">
<system-out><![CDATA[
unique-id: [engine:junit-vintage]/[runner:RegressionTest]/[test:RegressionTest0]/[test:test0151(RegressionTest0)]
display-name: test0151
]]></system-out>
</testcase>
<testcase name="test0478" classname="RegressionTest0" time="0">
<system-out><![CDATA[
unique-id: [engine:junit-vintage]/[runner:RegressionTest]/[test:RegressionTest0]/[test:test0478(RegressionTest0)]
display-name: test0478
]]></system-out>
</testcase>
<testcase name="test0519" classname="RegressionTest1" time="0">
<system-out><![CDATA[
unique-id: [engine:junit-vintage]/[runner:RegressionTest]/[test:RegressionTest1]/[test:test0519(RegressionTest1)]
display-name: test0519
]]></system-out>
</testcase>
<testcase name="test0305" classname="RegressionTest0" time="0">
<system-out><![CDATA[
unique-id: [engine:junit-vintage]/[runner:RegressionTest]/[test:RegressionTest0]/[test:test0305(RegressionTest0)]
display-name: test0305
]]></system-out>
</testcase>
<testcase name="test1115" classname="RegressionTest2" time="0">
<system-out><![CDATA[
unique-id: [engine:junit-vintage]/[runner:RegressionTest]/[test:RegressionTest2]/[test:test1115(RegressionTest2)]
display-name: test1115
]]></system-out>
</testcase>
<testcase name="test0527" classname="RegressionTest1" time="0">
<system-out><![CDATA[
unique-id: [engine:junit-vintage]/[runner:RegressionTest]/[test:RegressionTest1]/[test:test0527(RegressionTest1)]
display-name: test0527
]]></system-out>
</testcase>
<testcase name="test0072" classname="RegressionTest0" time="0">
<system-out><![CDATA[
unique-id: [engine:junit-vintage]/[runner:RegressionTest]/[test:RegressionTest0]/[test:test0072(RegressionTest0)]
display-name: test0072
]]></system-out>
</testcase>
<testcase name="test0005" classname="RegressionTest0" time="0">
<system-out><![CDATA[
unique-id: [engine:junit-vintage]/[runner:RegressionTest]/[test:RegressionTest0]/[test:test0005(RegressionTest0)]
display-name: test0005
]]></system-out>
</testcase>
<testcase name="test0443" classname="RegressionTest0" time="0">
<system-out><![CDATA[
unique-id: [engine:junit-vintage]/[runner:RegressionTest]/[test:RegressionTest0]/[test:test0443(RegressionTest0)]
display-name: test0443
]]></system-out>
</testcase>
<testcase name="test0451" classname="RegressionTest0" time="0">
<system-out><![CDATA[
unique-id: [engine:junit-vintage]/[runner:RegressionTest]/[test:RegressionTest0]/[test:test0451(RegressionTest0)]
display-name: test0451
]]></system-out>
</testcase>
<testcase name="test0627" classname="RegressionTest1" time="0">
<system-out><![CDATA[
unique-id: [engine:junit-vintage]/[runner:RegressionTest]/[test:RegressionTest1]/[test:test0627(RegressionTest1)]
display-name: test0627
]]></system-out>
</testcase>
<testcase name="test0594" classname="RegressionTest1" time="0">
<system-out><![CDATA[
unique-id: [engine:junit-vintage]/[runner:RegressionTest]/[test:RegressionTest1]/[test:test0594(RegressionTest1)]
display-name: test0594
]]></system-out>
</testcase>
<testcase name="test0694" classname="RegressionTest1" time="0">
<system-out><![CDATA[
unique-id: [engine:junit-vintage]/[runner:RegressionTest]/[test:RegressionTest1]/[test:test0694(RegressionTest1)]
display-name: test0694
]]></system-out>
</testcase>
<testcase name="test1059" classname="RegressionTest2" time="0">
<system-out><![CDATA[
unique-id: [engine:junit-vintage]/[runner:RegressionTest]/[test:RegressionTest2]/[test:test1059(RegressionTest2)]
display-name: test1059
]]></system-out>
</testcase>
<testcase name="test0480" classname="RegressionTest0" time="0">
<system-out><![CDATA[
unique-id: [engine:junit-vintage]/[runner:RegressionTest]/[test:RegressionTest0]/[test:test0480(RegressionTest0)]
display-name: test0480
]]></system-out>
</testcase>
<testcase name="test0716" classname="RegressionTest1" time="0">
<system-out><![CDATA[
unique-id: [engine:junit-vintage]/[runner:RegressionTest]/[test:RegressionTest1]/[test:test0716(RegressionTest1)]
display-name: test0716
]]></system-out>
</testcase>
<testcase name="test0645" classname="RegressionTest1" time="0">
<system-out><![CDATA[
unique-id: [engine:junit-vintage]/[runner:RegressionTest]/[test:RegressionTest1]/[test:test0645(RegressionTest1)]
display-name: test0645
]]></system-out>
</testcase>
<testcase name="test0372" classname="RegressionTest0" time="0">
<system-out><![CDATA[
unique-id: [engine:junit-vintage]/[runner:RegressionTest]/[test:RegressionTest0]/[test:test0372(RegressionTest0)]
display-name: test0372
]]></system-out>
</testcase>
<testcase name="test0937" classname="RegressionTest1" time="0">
<system-out><![CDATA[
unique-id: [engine:junit-vintage]/[runner:RegressionTest]/[test:RegressionTest1]/[test:test0937(RegressionTest1)]
display-name: test0937
]]></system-out>
</testcase>
<testcase name="test0537" classname="RegressionTest1" time="0">
<system-out><![CDATA[
unique-id: [engine:junit-vintage]/[runner:RegressionTest]/[test:RegressionTest1]/[test:test0537(RegressionTest1)]
display-name: test0537
]]></system-out>
</testcase>
<testcase name="test0080" classname="RegressionTest0" time="0.001">
<system-out><![CDATA[
unique-id: [engine:junit-vintage]/[runner:RegressionTest]/[test:RegressionTest0]/[test:test0080(RegressionTest0)]
display-name: test0080
]]></system-out>
</testcase>
<testcase name="test0637" classname="RegressionTest1" time="0">
<system-out><![CDATA[
unique-id: [engine:junit-vintage]/[runner:RegressionTest]/[test:RegressionTest1]/[test:test0637(RegressionTest1)]
display-name: test0637
]]></system-out>
</testcase>
<testcase name="test0202" classname="RegressionTest0" time="0">
<system-out><![CDATA[
unique-id: [engine:junit-vintage]/[runner:RegressionTest]/[test:RegressionTest0]/[test:test0202(RegressionTest0)]
display-name: test0202
]]></system-out>
</testcase>
<testcase name="test0438" classname="RegressionTest0" time="0">
<system-out><![CDATA[
unique-id: [engine:junit-vintage]/[runner:RegressionTest]/[test:RegressionTest0]/[test:test0438(RegressionTest0)]
display-name: test0438
]]></system-out>
</testcase>
<testcase name="test0608" classname="RegressionTest1" time="0">
<system-out><![CDATA[
unique-id: [engine:junit-vintage]/[runner:RegressionTest]/[test:RegressionTest1]/[test:test0608(RegressionTest1)]
display-name: test0608
]]></system-out>
</testcase>
<testcase name="test0886" classname="RegressionTest1" time="0">
<system-out><![CDATA[
unique-id: [engine:junit-vintage]/[runner:RegressionTest]/[test:RegressionTest1]/[test:test0886(RegressionTest1)]
display-name: test0886
]]></system-out>
</testcase>
<testcase name="test0038" classname="RegressionTest0" time="0">
<system-out><![CDATA[
unique-id: [engine:junit-vintage]/[runner:RegressionTest]/[test:RegressionTest0]/[test:test0038(RegressionTest0)]
display-name: test0038
]]></system-out>
</testcase>
<testcase name="test0521" classname="RegressionTest1" time="0">
<system-out><![CDATA[
unique-id: [engine:junit-vintage]/[runner:RegressionTest]/[test:RegressionTest1]/[test:test0521(RegressionTest1)]
display-name: test0521
]]></system-out>
</testcase>
<testcase name="test0078" classname="RegressionTest0" time="0.001">
<system-out><![CDATA[
unique-id: [engine:junit-vintage]/[runner:RegressionTest]/[test:RegressionTest0]/[test:test0078(RegressionTest0)]
display-name: test0078
]]></system-out>
</testcase>
<testcase name="test0556" classname="RegressionTest1" time="0">
<system-out><![CDATA[
unique-id: [engine:junit-vintage]/[runner:RegressionTest]/[test:RegressionTest1]/[test:test0556(RegressionTest1)]
display-name: test0556
]]></system-out>
</testcase>
<testcase name="test0413" classname="RegressionTest0" time="0">
<system-out><![CDATA[
unique-id: [engine:junit-vintage]/[runner:RegressionTest]/[test:RegressionTest0]/[test:test0413(RegressionTest0)]
display-name: test0413
]]></system-out>
</testcase>
<testcase name="test0043" classname="RegressionTest0" time="0.001">
<system-out><![CDATA[
unique-id: [engine:junit-vintage]/[runner:RegressionTest]/[test:RegressionTest0]/[test:test0043(RegressionTest0)]
display-name: test0043
]]></system-out>
</testcase>
<testcase name="test0561" classname="RegressionTest1" time="0">
<system-out><![CDATA[
unique-id: [engine:junit-vintage]/[runner:RegressionTest]/[test:RegressionTest1]/[test:test0561(RegressionTest1)]
display-name: test0561
]]></system-out>
</testcase>
<testcase name="test0891" classname="RegressionTest1" time="0">
<system-out><![CDATA[
unique-id: [engine:junit-vintage]/[runner:RegressionTest]/[test:RegressionTest1]/[test:test0891(RegressionTest1)]
display-name: test0891
]]></system-out>
</testcase>
<testcase name="test0113" classname="RegressionTest0" time="0">
<system-out><![CDATA[
unique-id: [engine:junit-vintage]/[runner:RegressionTest]/[test:RegressionTest0]/[test:test0113(RegressionTest0)]
display-name: test0113
]]></system-out>
</testcase>
<testcase name="test0335" classname="RegressionTest0" time="0">
<system-out><![CDATA[
unique-id: [engine:junit-vintage]/[runner:RegressionTest]/[test:RegressionTest0]/[test:test0335(RegressionTest0)]
display-name: test0335
]]></system-out>
</testcase>
<testcase name="test0902" classname="RegressionTest1" time="0">
<system-out><![CDATA[
unique-id: [engine:junit-vintage]/[runner:RegressionTest]/[test:RegressionTest1]/[test:test0902(RegressionTest1)]
display-name: test0902
]]></system-out>
</testcase>
<testcase name="test0186" classname="RegressionTest0" time="0.001">
<system-out><![CDATA[
unique-id: [engine:junit-vintage]/[runner:RegressionTest]/[test:RegressionTest0]/[test:test0186(RegressionTest0)]
display-name: test0186
]]></system-out>
</testcase>
<testcase name="test0486" classname="RegressionTest0" time="0">
<system-out><![CDATA[
unique-id: [engine:junit-vintage]/[runner:RegressionTest]/[test:RegressionTest0]/[test:test0486(RegressionTest0)]
display-name: test0486
]]></system-out>
</testcase>
<testcase name="test0227" classname="RegressionTest0" time="0">
<system-out><![CDATA[
unique-id: [engine:junit-vintage]/[runner:RegressionTest]/[test:RegressionTest0]/[test:test0227(RegressionTest0)]
display-name: test0227
]]></system-out>
</testcase>
<testcase name="test0610" classname="RegressionTest1" time="0">
<system-out><![CDATA[
unique-id: [engine:junit-vintage]/[runner:RegressionTest]/[test:RegressionTest1]/[test:test0610(RegressionTest1)]
display-name: test0610
]]></system-out>
</testcase>
<testcase name="test0975" classname="RegressionTest1" time="0">
<system-out><![CDATA[
unique-id: [engine:junit-vintage]/[runner:RegressionTest]/[test:RegressionTest1]/[test:test0975(RegressionTest1)]
display-name: test0975
]]></system-out>
</testcase>
<testcase name="test0419" classname="RegressionTest0" time="0">
<system-out><![CDATA[
unique-id: [engine:junit-vintage]/[runner:RegressionTest]/[test:RegressionTest0]/[test:test0419(RegressionTest0)]
display-name: test0419
]]></system-out>
</testcase>
<testcase name="test0710" classname="RegressionTest1" time="0">
<system-out><![CDATA[
unique-id: [engine:junit-vintage]/[runner:RegressionTest]/[test:RegressionTest1]/[test:test0710(RegressionTest1)]
display-name: test0710
]]></system-out>
</testcase>
<testcase name="test0121" classname="RegressionTest0" time="0">
<system-out><![CDATA[
unique-id: [engine:junit-vintage]/[runner:RegressionTest]/[test:RegressionTest0]/[test:test0121(RegressionTest0)]
display-name: test0121
]]></system-out>
</testcase>
<testcase name="test0294" classname="RegressionTest0" time="0">
<system-out><![CDATA[
unique-id: [engine:junit-vintage]/[runner:RegressionTest]/[test:RegressionTest0]/[test:test0294(RegressionTest0)]
display-name: test0294
]]></system-out>
</testcase>
<testcase name="test0675" classname="RegressionTest1" time="0">
<system-out><![CDATA[
unique-id: [engine:junit-vintage]/[runner:RegressionTest]/[test:RegressionTest1]/[test:test0675(RegressionTest1)]
display-name: test0675
]]></system-out>
</testcase>
<testcase name="test0967" classname="RegressionTest1" time="0">
<system-out><![CDATA[
unique-id: [engine:junit-vintage]/[runner:RegressionTest]/[test:RegressionTest1]/[test:test0967(RegressionTest1)]
display-name: test0967
]]></system-out>
</testcase>
<testcase name="test0602" classname="RegressionTest1" time="0">
<system-out><![CDATA[
unique-id: [engine:junit-vintage]/[runner:RegressionTest]/[test:RegressionTest1]/[test:test0602(RegressionTest1)]
display-name: test0602
]]></system-out>
</testcase>
<testcase name="test0859" classname="RegressionTest1" time="0">
<system-out><![CDATA[
unique-id: [engine:junit-vintage]/[runner:RegressionTest]/[test:RegressionTest1]/[test:test0859(RegressionTest1)]
display-name: test0859
]]></system-out>
</testcase>
<testcase name="test0119" classname="RegressionTest0" time="0">
<system-out><![CDATA[
unique-id: [engine:junit-vintage]/[runner:RegressionTest]/[test:RegressionTest0]/[test:test0119(RegressionTest0)]
display-name: test0119
]]></system-out>
</testcase>
<testcase name="test0289" classname="RegressionTest0" time="0">
<system-out><![CDATA[
unique-id: [engine:junit-vintage]/[runner:RegressionTest]/[test:RegressionTest0]/[test:test0289(RegressionTest0)]
display-name: test0289
]]></system-out>
</testcase>
<testcase name="test1099" classname="RegressionTest2" time="0">
<system-out><![CDATA[
unique-id: [engine:junit-vintage]/[runner:RegressionTest]/[test:RegressionTest2]/[test:test1099(RegressionTest2)]
display-name: test1099
]]></system-out>
</testcase>
<testcase name="test0502" classname="RegressionTest1" time="0">
<system-out><![CDATA[
unique-id: [engine:junit-vintage]/[runner:RegressionTest]/[test:RegressionTest1]/[test:test0502(RegressionTest1)]
display-name: test0502
]]></system-out>
</testcase>
<testcase name="test0567" classname="RegressionTest1" time="0">
<system-out><![CDATA[
unique-id: [engine:junit-vintage]/[runner:RegressionTest]/[test:RegressionTest1]/[test:test0567(RegressionTest1)]
display-name: test0567
]]></system-out>
</testcase>
<testcase name="test0097" classname="RegressionTest0" time="0">
<system-out><![CDATA[
unique-id: [engine:junit-vintage]/[runner:RegressionTest]/[test:RegressionTest0]/[test:test0097(RegressionTest0)]
display-name: test0097
]]></system-out>
</testcase>
<testcase name="test0424" classname="RegressionTest0" time="0">
<system-out><![CDATA[
unique-id: [engine:junit-vintage]/[runner:RegressionTest]/[test:RegressionTest0]/[test:test0424(RegressionTest0)]
display-name: test0424
]]></system-out>
</testcase>
<testcase name="test1034" classname="RegressionTest2" time="0">
<system-out><![CDATA[
unique-id: [engine:junit-vintage]/[runner:RegressionTest]/[test:RegressionTest2]/[test:test1034(RegressionTest2)]
display-name: test1034
]]></system-out>
</testcase>
<testcase name="test0170" classname="RegressionTest0" time="0">
<system-out><![CDATA[
unique-id: [engine:junit-vintage]/[runner:RegressionTest]/[test:RegressionTest0]/[test:test0170(RegressionTest0)]
display-name: test0170
]]></system-out>
</testcase>
<testcase name="test0985" classname="RegressionTest1" time="0">
<system-out><![CDATA[
unique-id: [engine:junit-vintage]/[runner:RegressionTest]/[test:RegressionTest1]/[test:test0985(RegressionTest1)]
display-name: test0985
]]></system-out>
</testcase>
<testcase name="test0725" classname="RegressionTest1" time="0">
<system-out><![CDATA[
unique-id: [engine:junit-vintage]/[runner:RegressionTest]/[test:RegressionTest1]/[test:test0725(RegressionTest1)]
display-name: test0725
]]></system-out>
</testcase>
<testcase name="test0388" classname="RegressionTest0" time="0">
<system-out><![CDATA[
unique-id: [engine:junit-vintage]/[runner:RegressionTest]/[test:RegressionTest0]/[test:test0388(RegressionTest0)]
display-name: test0388
]]></system-out>
</testcase>
<testcase name="test0353" classname="RegressionTest0" time="0">
<system-out><![CDATA[
unique-id: [engine:junit-vintage]/[runner:RegressionTest]/[test:RegressionTest0]/[test:test0353(RegressionTest0)]
display-name: test0353
]]></system-out>
</testcase>
<testcase name="test0664" classname="RegressionTest1" time="0">
<system-out><![CDATA[
unique-id: [engine:junit-vintage]/[runner:RegressionTest]/[test:RegressionTest1]/[test:test0664(RegressionTest1)]
display-name: test0664
]]></system-out>
</testcase>
<testcase name="test1035" classname="RegressionTest2" time="0">
<system-out><![CDATA[
unique-id: [engine:junit-vintage]/[runner:RegressionTest]/[test:RegressionTest2]/[test:test1035(RegressionTest2)]
display-name: test1035
]]></system-out>
</testcase>
<testcase name="test0792" classname="RegressionTest1" time="0">
<system-out><![CDATA[
unique-id: [engine:junit-vintage]/[runner:RegressionTest]/[test:RegressionTest1]/[test:test0792(RegressionTest1)]
display-name: test0792
]]></system-out>
</testcase>
<testcase name="test0138" classname="RegressionTest0" time="0">
<system-out><![CDATA[
unique-id: [engine:junit-vintage]/[runner:RegressionTest]/[test:RegressionTest0]/[test:test0138(RegressionTest0)]
display-name: test0138
]]></system-out>
</testcase>
<testcase name="test0960" classname="RegressionTest1" time="0">
<system-out><![CDATA[
unique-id: [engine:junit-vintage]/[runner:RegressionTest]/[test:RegressionTest1]/[test:test0960(RegressionTest1)]
display-name: test0960
]]></system-out>
</testcase>
<testcase name="test1092" classname="RegressionTest2" time="0">
<system-out><![CDATA[
unique-id: [engine:junit-vintage]/[runner:RegressionTest]/[test:RegressionTest2]/[test:test1092(RegressionTest2)]
display-name: test1092
]]></system-out>
</testcase>
<testcase name="test0699" classname="RegressionTest1" time="0">
<system-out><![CDATA[
unique-id: [engine:junit-vintage]/[runner:RegressionTest]/[test:RegressionTest1]/[test:test0699(RegressionTest1)]
display-name: test0699
]]></system-out>
</testcase>
<testcase name="test0700" classname="RegressionTest1" time="0">
<system-out><![CDATA[
unique-id: [engine:junit-vintage]/[runner:RegressionTest]/[test:RegressionTest1]/[test:test0700(RegressionTest1)]
display-name: test0700
]]></system-out>
</testcase>
<testcase name="test0995" classname="RegressionTest1" time="0">
<system-out><![CDATA[
unique-id: [engine:junit-vintage]/[runner:RegressionTest]/[test:RegressionTest1]/[test:test0995(RegressionTest1)]
display-name: test0995
]]></system-out>
</testcase>
<testcase name="test0918" classname="RegressionTest1" time="0">
<system-out><![CDATA[
unique-id: [engine:junit-vintage]/[runner:RegressionTest]/[test:RegressionTest1]/[test:test0918(RegressionTest1)]
display-name: test0918
]]></system-out>
</testcase>
<testcase name="test0735" classname="RegressionTest1" time="0">
<system-out><![CDATA[
unique-id: [engine:junit-vintage]/[runner:RegressionTest]/[test:RegressionTest1]/[test:test0735(RegressionTest1)]
display-name: test0735
]]></system-out>
</testcase>
<testcase name="test0378" classname="RegressionTest0" time="0">
<system-out><![CDATA[
unique-id: [engine:junit-vintage]/[runner:RegressionTest]/[test:RegressionTest0]/[test:test0378(RegressionTest0)]
display-name: test0378
]]></system-out>
</testcase>
<testcase name="test0195" classname="RegressionTest0" time="0">
<system-out><![CDATA[
unique-id: [engine:junit-vintage]/[runner:RegressionTest]/[test:RegressionTest0]/[test:test0195(RegressionTest0)]
display-name: test0195
]]></system-out>
</testcase>
<testcase name="test0077" classname="RegressionTest0" time="0.004">
<system-out><![CDATA[
unique-id: [engine:junit-vintage]/[runner:RegressionTest]/[test:RegressionTest0]/[test:test0077(RegressionTest0)]
display-name: test0077
]]></system-out>
</testcase>
<testcase name="test1015" classname="RegressionTest2" time="0">
<system-out><![CDATA[
unique-id: [engine:junit-vintage]/[runner:RegressionTest]/[test:RegressionTest2]/[test:test1015(RegressionTest2)]
display-name: test1015
]]></system-out>
</testcase>
<testcase name="test0674" classname="RegressionTest1" time="0">
<system-out><![CDATA[
unique-id: [engine:junit-vintage]/[runner:RegressionTest]/[test:RegressionTest1]/[test:test0674(RegressionTest1)]
display-name: test0674
]]></system-out>
</testcase>
<testcase name="test0118" classname="RegressionTest0" time="0">
<system-out><![CDATA[
unique-id: [engine:junit-vintage]/[runner:RegressionTest]/[test:RegressionTest0]/[test:test0118(RegressionTest0)]
display-name: test0118
]]></system-out>
</testcase>
<testcase name="test0185" classname="RegressionTest0" time="0">
<system-out><![CDATA[
unique-id: [engine:junit-vintage]/[runner:RegressionTest]/[test:RegressionTest0]/[test:test0185(RegressionTest0)]
display-name: test0185
]]></system-out>
</testcase>
<testcase name="test1082" classname="RegressionTest2" time="0">
<system-out><![CDATA[
unique-id: [engine:junit-vintage]/[runner:RegressionTest]/[test:RegressionTest2]/[test:test1082(RegressionTest2)]
display-name: test1082
]]></system-out>
</testcase>
<testcase name="test0449" classname="RegressionTest0" time="0">
<system-out><![CDATA[
unique-id: [engine:junit-vintage]/[runner:RegressionTest]/[test:RegressionTest0]/[test:test0449(RegressionTest0)]
display-name: test0449
]]></system-out>
</testcase>
<testcase name="test0903" classname="RegressionTest1" time="0">
<system-out><![CDATA[
unique-id: [engine:junit-vintage]/[runner:RegressionTest]/[test:RegressionTest1]/[test:test0903(RegressionTest1)]
display-name: test0903
]]></system-out>
</testcase>
<testcase name="test0532" classname="RegressionTest1" time="0">
<system-out><![CDATA[
unique-id: [engine:junit-vintage]/[runner:RegressionTest]/[test:RegressionTest1]/[test:test0532(RegressionTest1)]
display-name: test0532
]]></system-out>
</testcase>
<testcase name="test0398" classname="RegressionTest0" time="0">
<system-out><![CDATA[
unique-id: [engine:junit-vintage]/[runner:RegressionTest]/[test:RegressionTest0]/[test:test0398(RegressionTest0)]
display-name: test0398
]]></system-out>
</testcase>
<testcase name="test0067" classname="RegressionTest0" time="0">
<system-out><![CDATA[
unique-id: [engine:junit-vintage]/[runner:RegressionTest]/[test:RegressionTest0]/[test:test0067(RegressionTest0)]
display-name: test0067
]]></system-out>
</testcase>
<testcase name="test0128" classname="RegressionTest0" time="0">
<system-out><![CDATA[
unique-id: [engine:junit-vintage]/[runner:RegressionTest]/[test:RegressionTest0]/[test:test0128(RegressionTest0)]
display-name: test0128
]]></system-out>
</testcase>
<testcase name="test0246" classname="RegressionTest0" time="0">
<system-out><![CDATA[
unique-id: [engine:junit-vintage]/[runner:RegressionTest]/[test:RegressionTest0]/[test:test0246(RegressionTest0)]
display-name: test0246
]]></system-out>
</testcase>
<testcase name="test1025" classname="RegressionTest2" time="0">
<system-out><![CDATA[
unique-id: [engine:junit-vintage]/[runner:RegressionTest]/[test:RegressionTest2]/[test:test1025(RegressionTest2)]
display-name: test1025
]]></system-out>
</testcase>
<testcase name="test0950" classname="RegressionTest1" time="0">
<system-out><![CDATA[
unique-id: [engine:junit-vintage]/[runner:RegressionTest]/[test:RegressionTest1]/[test:test0950(RegressionTest1)]
display-name: test0950
]]></system-out>
</testcase>
<testcase name="test1000" classname="RegressionTest1" time="0">
<system-out><![CDATA[
unique-id: [engine:junit-vintage]/[runner:RegressionTest]/[test:RegressionTest1]/[test:test1000(RegressionTest1)]
display-name: test1000
]]></system-out>
</testcase>
<testcase name="test0868" classname="RegressionTest1" time="0">
<system-out><![CDATA[
unique-id: [engine:junit-vintage]/[runner:RegressionTest]/[test:RegressionTest1]/[test:test0868(RegressionTest1)]
display-name: test0868
]]></system-out>
</testcase>
<testcase name="test0429" classname="RegressionTest0" time="0">
<system-out><![CDATA[
unique-id: [engine:junit-vintage]/[runner:RegressionTest]/[test:RegressionTest0]/[test:test0429(RegressionTest0)]
display-name: test0429
]]></system-out>
</testcase>
<testcase name="test0245" classname="RegressionTest0" time="0">
<system-out><![CDATA[
unique-id: [engine:junit-vintage]/[runner:RegressionTest]/[test:RegressionTest0]/[test:test0245(RegressionTest0)]
display-name: test0245
]]></system-out>
</testcase>
<testcase name="test0842" classname="RegressionTest1" time="0">
<system-out><![CDATA[
unique-id: [engine:junit-vintage]/[runner:RegressionTest]/[test:RegressionTest1]/[test:test0842(RegressionTest1)]
display-name: test0842
]]></system-out>
</testcase>
<testcase name="test0062" classname="RegressionTest0" time="0">
<system-out><![CDATA[
unique-id: [engine:junit-vintage]/[runner:RegressionTest]/[test:RegressionTest0]/[test:test0062(RegressionTest0)]
display-name: test0062
]]></system-out>
</testcase>
<testcase name="test0938" classname="RegressionTest1" time="0">
<system-out><![CDATA[
unique-id: [engine:junit-vintage]/[runner:RegressionTest]/[test:RegressionTest1]/[test:test0938(RegressionTest1)]
display-name: test0938
]]></system-out>
</testcase>
<testcase name="test0512" classname="RegressionTest1" time="0">
<system-out><![CDATA[
unique-id: [engine:junit-vintage]/[runner:RegressionTest]/[test:RegressionTest1]/[test:test0512(RegressionTest1)]
display-name: test0512
]]></system-out>
</testcase>
<testcase name="test0877" classname="RegressionTest1" time="0">
<system-out><![CDATA[
unique-id: [engine:junit-vintage]/[runner:RegressionTest]/[test:RegressionTest1]/[test:test0877(RegressionTest1)]
display-name: test0877
]]></system-out>
</testcase>
<testcase name="test1133" classname="RegressionTest2" time="0">
<system-out><![CDATA[
unique-id: [engine:junit-vintage]/[runner:RegressionTest]/[test:RegressionTest2]/[test:test1133(RegressionTest2)]
display-name: test1133
]]></system-out>
</testcase>
<testcase name="test0461" classname="RegressionTest0" time="0">
<system-out><![CDATA[
unique-id: [engine:junit-vintage]/[runner:RegressionTest]/[test:RegressionTest0]/[test:test0461(RegressionTest0)]
display-name: test0461
]]></system-out>
</testcase>
<testcase name="test0496" classname="RegressionTest0" time="0">
<system-out><![CDATA[
unique-id: [engine:junit-vintage]/[runner:RegressionTest]/[test:RegressionTest0]/[test:test0496(RegressionTest0)]
display-name: test0496
]]></system-out>
</testcase>
<testcase name="test0640" classname="RegressionTest1" time="0">
<system-out><![CDATA[
unique-id: [engine:junit-vintage]/[runner:RegressionTest]/[test:RegressionTest1]/[test:test0640(RegressionTest1)]
display-name: test0640
]]></system-out>
</testcase>
<testcase name="test0087" classname="RegressionTest0" time="0">
<system-out><![CDATA[
unique-id: [engine:junit-vintage]/[runner:RegressionTest]/[test:RegressionTest0]/[test:test0087(RegressionTest0)]
display-name: test0087
]]></system-out>
</testcase>
<testcase name="test0843" classname="RegressionTest1" time="0">
<system-out><![CDATA[
unique-id: [engine:junit-vintage]/[runner:RegressionTest]/[test:RegressionTest1]/[test:test0843(RegressionTest1)]
display-name: test0843
]]></system-out>
</testcase>
<testcase name="test0970" classname="RegressionTest1" time="0">
<system-out><![CDATA[
unique-id: [engine:junit-vintage]/[runner:RegressionTest]/[test:RegressionTest1]/[test:test0970(RegressionTest1)]
display-name: test0970
]]></system-out>
</testcase>
<testcase name="test0823" classname="RegressionTest1" time="0">
<system-out><![CDATA[
unique-id: [engine:junit-vintage]/[runner:RegressionTest]/[test:RegressionTest1]/[test:test0823(RegressionTest1)]
display-name: test0823
]]></system-out>
</testcase>
<testcase name="test0557" classname="RegressionTest1" time="0">
<system-out><![CDATA[
unique-id: [engine:junit-vintage]/[runner:RegressionTest]/[test:RegressionTest1]/[test:test0557(RegressionTest1)]
display-name: test0557
]]></system-out>
</testcase>
<testcase name="test1010" classname="RegressionTest2" time="0">
<system-out><![CDATA[
unique-id: [engine:junit-vintage]/[runner:RegressionTest]/[test:RegressionTest2]/[test:test1010(RegressionTest2)]
display-name: test1010
]]></system-out>
</testcase>
<testcase name="test0782" classname="RegressionTest1" time="0">
<system-out><![CDATA[
unique-id: [engine:junit-vintage]/[runner:RegressionTest]/[test:RegressionTest1]/[test:test0782(RegressionTest1)]
display-name: test0782
]]></system-out>
</testcase>
<testcase name="test0448" classname="RegressionTest0" time="0">
<system-out><![CDATA[
unique-id: [engine:junit-vintage]/[runner:RegressionTest]/[test:RegressionTest0]/[test:test0448(RegressionTest0)]
display-name: test0448
]]></system-out>
</testcase>
<testcase name="test0414" classname="RegressionTest0" time="0">
<system-out><![CDATA[
unique-id: [engine:junit-vintage]/[runner:RegressionTest]/[test:RegressionTest0]/[test:test0414(RegressionTest0)]
display-name: test0414
]]></system-out>
</testcase>
<testcase name="test0531" classname="RegressionTest1" time="0">
<system-out><![CDATA[
unique-id: [engine:junit-vintage]/[runner:RegressionTest]/[test:RegressionTest1]/[test:test0531(RegressionTest1)]
display-name: test0531
]]></system-out>
</testcase>
<testcase name="test0373" classname="RegressionTest0" time="0">
<system-out><![CDATA[
unique-id: [engine:junit-vintage]/[runner:RegressionTest]/[test:RegressionTest0]/[test:test0373(RegressionTest0)]
display-name: test0373
]]></system-out>
</testcase>
<testcase name="test0715" classname="RegressionTest1" time="0">
<system-out><![CDATA[
unique-id: [engine:junit-vintage]/[runner:RegressionTest]/[test:RegressionTest1]/[test:test0715(RegressionTest1)]
display-name: test0715
]]></system-out>
</testcase>
<testcase name="test0042" classname="RegressionTest0" time="0">
<system-out><![CDATA[
unique-id: [engine:junit-vintage]/[runner:RegressionTest]/[test:RegressionTest0]/[test:test0042(RegressionTest0)]
display-name: test0042
]]></system-out>
</testcase>
<testcase name="test0306" classname="RegressionTest0" time="0">
<system-out><![CDATA[
unique-id: [engine:junit-vintage]/[runner:RegressionTest]/[test:RegressionTest0]/[test:test0306(RegressionTest0)]
display-name: test0306
]]></system-out>
</testcase>
<testcase name="test0481" classname="RegressionTest0" time="0">
<system-out><![CDATA[
unique-id: [engine:junit-vintage]/[runner:RegressionTest]/[test:RegressionTest0]/[test:test0481(RegressionTest0)]
display-name: test0481
]]></system-out>
</testcase>
<testcase name="test0862" classname="RegressionTest1" time="0">
<system-out><![CDATA[
unique-id: [engine:junit-vintage]/[runner:RegressionTest]/[test:RegressionTest1]/[test:test0862(RegressionTest1)]
display-name: test0862
]]></system-out>
</testcase>
<testcase name="test0068" classname="RegressionTest0" time="0">
<system-out><![CDATA[
unique-id: [engine:junit-vintage]/[runner:RegressionTest]/[test:RegressionTest0]/[test:test0068(RegressionTest0)]
display-name: test0068
]]></system-out>
</testcase>
<testcase name="test0890" classname="RegressionTest1" time="0">
<system-out><![CDATA[
unique-id: [engine:junit-vintage]/[runner:RegressionTest]/[test:RegressionTest1]/[test:test0890(RegressionTest1)]
display-name: test0890
]]></system-out>
</testcase>
<testcase name="test0103" classname="RegressionTest0" time="0.001">
<system-out><![CDATA[
unique-id: [engine:junit-vintage]/[runner:RegressionTest]/[test:RegressionTest0]/[test:test0103(RegressionTest0)]
display-name: test0103
]]></system-out>
</testcase>
<testcase name="test0150" classname="RegressionTest0" time="0">
<system-out><![CDATA[
unique-id: [engine:junit-vintage]/[runner:RegressionTest]/[test:RegressionTest0]/[test:test0150(RegressionTest0)]
display-name: test0150
]]></system-out>
</testcase>
<testcase name="test0211" classname="RegressionTest0" time="0">
<system-out><![CDATA[
unique-id: [engine:junit-vintage]/[runner:RegressionTest]/[test:RegressionTest0]/[test:test0211(RegressionTest0)]
display-name: test0211
]]></system-out>
</testcase>
<testcase name="test0607" classname="RegressionTest1" time="0">
<system-out><![CDATA[
unique-id: [engine:junit-vintage]/[runner:RegressionTest]/[test:RegressionTest1]/[test:test0607(RegressionTest1)]
display-name: test0607
]]></system-out>
</testcase>
<testcase name="test0137" classname="RegressionTest0" time="0">
<system-out><![CDATA[
unique-id: [engine:junit-vintage]/[runner:RegressionTest]/[test:RegressionTest0]/[test:test0137(RegressionTest0)]
display-name: test0137
]]></system-out>
</testcase>
<testcase name="test0620" classname="RegressionTest1" time="0">
<system-out><![CDATA[
unique-id: [engine:junit-vintage]/[runner:RegressionTest]/[test:RegressionTest1]/[test:test0620(RegressionTest1)]
display-name: test0620
]]></system-out>
</testcase>
<testcase name="test0909" classname="RegressionTest1" time="0">
<system-out><![CDATA[
unique-id: [engine:junit-vintage]/[runner:RegressionTest]/[test:RegressionTest1]/[test:test0909(RegressionTest1)]
display-name: test0909
]]></system-out>
</testcase>
<testcase name="test0058" classname="RegressionTest0" time="0">
<system-out><![CDATA[
unique-id: [engine:junit-vintage]/[runner:RegressionTest]/[test:RegressionTest0]/[test:test0058(RegressionTest0)]
display-name: test0058
]]></system-out>
</testcase>
<testcase name="test0576" classname="RegressionTest1" time="0">
<system-out><![CDATA[
unique-id: [engine:junit-vintage]/[runner:RegressionTest]/[test:RegressionTest1]/[test:test0576(RegressionTest1)]
display-name: test0576
]]></system-out>
</testcase>
<testcase name="test0541" classname="RegressionTest1" time="0">
<system-out><![CDATA[
unique-id: [engine:junit-vintage]/[runner:RegressionTest]/[test:RegressionTest1]/[test:test0541(RegressionTest1)]
display-name: test0541
]]></system-out>
</testcase>
<testcase name="test0655" classname="RegressionTest1" time="0">
<system-out><![CDATA[
unique-id: [engine:junit-vintage]/[runner:RegressionTest]/[test:RegressionTest1]/[test:test0655(RegressionTest1)]
display-name: test0655
]]></system-out>
</testcase>
<testcase name="test0023" classname="RegressionTest0" time="0">
<system-out><![CDATA[
unique-id: [engine:junit-vintage]/[runner:RegressionTest]/[test:RegressionTest0]/[test:test0023(RegressionTest0)]
display-name: test0023
]]></system-out>
</testcase>
<testcase name="test0090" classname="RegressionTest0" time="0">
<system-out><![CDATA[
unique-id: [engine:junit-vintage]/[runner:RegressionTest]/[test:RegressionTest0]/[test:test0090(RegressionTest0)]
display-name: test0090
]]></system-out>
</testcase>
<testcase name="test0769" classname="RegressionTest1" time="0">
<system-out><![CDATA[
unique-id: [engine:junit-vintage]/[runner:RegressionTest]/[test:RegressionTest1]/[test:test0769(RegressionTest1)]
display-name: test0769
]]></system-out>
</testcase>
<testcase name="test0630" classname="RegressionTest1" time="0">
<system-out><![CDATA[
unique-id: [engine:junit-vintage]/[runner:RegressionTest]/[test:RegressionTest1]/[test:test0630(RegressionTest1)]
display-name: test0630
]]></system-out>
</testcase>
<testcase name="test0344" classname="RegressionTest0" time="0">
<system-out><![CDATA[
unique-id: [engine:junit-vintage]/[runner:RegressionTest]/[test:RegressionTest0]/[test:test0344(RegressionTest0)]
display-name: test0344
]]></system-out>
</testcase>
<testcase name="test0226" classname="RegressionTest0" time="0">
<system-out><![CDATA[
unique-id: [engine:junit-vintage]/[runner:RegressionTest]/[test:RegressionTest0]/[test:test0226(RegressionTest0)]
display-name: test0226
]]></system-out>
</testcase>
<testcase name="test1079" classname="RegressionTest2" time="0">
<system-out><![CDATA[
unique-id: [engine:junit-vintage]/[runner:RegressionTest]/[test:RegressionTest2]/[test:test1079(RegressionTest2)]
display-name: test1079
]]></system-out>
</testcase>
<testcase name="test0509" classname="RegressionTest1" time="0">
<system-out><![CDATA[
unique-id: [engine:junit-vintage]/[runner:RegressionTest]/[test:RegressionTest1]/[test:test0509(RegressionTest1)]
display-name: test0509
]]></system-out>
</testcase>
<testcase name="test0665" classname="RegressionTest1" time="0">
<system-out><![CDATA[
unique-id: [engine:junit-vintage]/[runner:RegressionTest]/[test:RegressionTest1]/[test:test0665(RegressionTest1)]
display-name: test0665
]]></system-out>
</testcase>
<testcase name="test0966" classname="RegressionTest1" time="0">
<system-out><![CDATA[
unique-id: [engine:junit-vintage]/[runner:RegressionTest]/[test:RegressionTest1]/[test:test0966(RegressionTest1)]
display-name: test0966
]]></system-out>
</testcase>
<testcase name="test0887" classname="RegressionTest1" time="0">
<system-out><![CDATA[
unique-id: [engine:junit-vintage]/[runner:RegressionTest]/[test:RegressionTest1]/[test:test0887(RegressionTest1)]
display-name: test0887
]]></system-out>
</testcase>
<testcase name="test0858" classname="RegressionTest1" time="0">
<system-out><![CDATA[
unique-id: [engine:junit-vintage]/[runner:RegressionTest]/[test:RegressionTest1]/[test:test0858(RegressionTest1)]
display-name: test0858
]]></system-out>
</testcase>
<testcase name="test0230" classname="RegressionTest0" time="0">
<system-out><![CDATA[
unique-id: [engine:junit-vintage]/[runner:RegressionTest]/[test:RegressionTest0]/[test:test0230(RegressionTest0)]
display-name: test0230
]]></system-out>
</testcase>
<testcase name="test0112" classname="RegressionTest0" time="0">
<system-out><![CDATA[
unique-id: [engine:junit-vintage]/[runner:RegressionTest]/[test:RegressionTest0]/[test:test0112(RegressionTest0)]
display-name: test0112
]]></system-out>
</testcase>
<testcase name="test0490" classname="RegressionTest0" time="0">
<system-out><![CDATA[
unique-id: [engine:junit-vintage]/[runner:RegressionTest]/[test:RegressionTest0]/[test:test0490(RegressionTest0)]
display-name: test0490
]]></system-out>
</testcase>
<testcase name="test0706" classname="RegressionTest1" time="0">
<system-out><![CDATA[
unique-id: [engine:junit-vintage]/[runner:RegressionTest]/[test:RegressionTest1]/[test:test0706(RegressionTest1)]
display-name: test0706
]]></system-out>
</testcase>
<testcase name="test0423" classname="RegressionTest0" time="0">
<system-out><![CDATA[
unique-id: [engine:junit-vintage]/[runner:RegressionTest]/[test:RegressionTest0]/[test:test0423(RegressionTest0)]
display-name: test0423
]]></system-out>
</testcase>
<testcase name="test0566" classname="RegressionTest1" time="0">
<system-out><![CDATA[
unique-id: [engine:junit-vintage]/[runner:RegressionTest]/[test:RegressionTest1]/[test:test0566(RegressionTest1)]
display-name: test0566
]]></system-out>
</testcase>
<testcase name="test0779" classname="RegressionTest1" time="0">
<system-out><![CDATA[
unique-id: [engine:junit-vintage]/[runner:RegressionTest]/[test:RegressionTest1]/[test:test0779(RegressionTest1)]
display-name: test0779
]]></system-out>
</testcase>
<testcase name="test0033" classname="RegressionTest0" time="0">
<system-out><![CDATA[
unique-id: [engine:junit-vintage]/[runner:RegressionTest]/[test:RegressionTest0]/[test:test0033(RegressionTest0)]
display-name: test0033
]]></system-out>
</testcase>
<testcase name="test0236" classname="RegressionTest0" time="0">
<system-out><![CDATA[
unique-id: [engine:junit-vintage]/[runner:RegressionTest]/[test:RegressionTest0]/[test:test0236(RegressionTest0)]
display-name: test0236
]]></system-out>
</testcase>
<testcase name="test0315" classname="RegressionTest0" time="0">
<system-out><![CDATA[
unique-id: [engine:junit-vintage]/[runner:RegressionTest]/[test:RegressionTest0]/[test:test0315(RegressionTest0)]
display-name: test0315
]]></system-out>
</testcase>
<testcase name="test0141" classname="RegressionTest0" time="0">
<system-out><![CDATA[
unique-id: [engine:junit-vintage]/[runner:RegressionTest]/[test:RegressionTest0]/[test:test0141(RegressionTest0)]
display-name: test0141
]]></system-out>
</testcase>
<testcase name="test0220" classname="RegressionTest0" time="0">
<system-out><![CDATA[
unique-id: [engine:junit-vintage]/[runner:RegressionTest]/[test:RegressionTest0]/[test:test0220(RegressionTest0)]
display-name: test0220
]]></system-out>
</testcase>
<testcase name="test0433" classname="RegressionTest0" time="0">
<system-out><![CDATA[
unique-id: [engine:junit-vintage]/[runner:RegressionTest]/[test:RegressionTest0]/[test:test0433(RegressionTest0)]
display-name: test0433
]]></system-out>
</testcase>
<testcase name="test0293" classname="RegressionTest0" time="0">
<system-out><![CDATA[
unique-id: [engine:junit-vintage]/[runner:RegressionTest]/[test:RegressionTest0]/[test:test0293(RegressionTest0)]
display-name: test0293
]]></system-out>
</testcase>
<testcase name="test0976" classname="RegressionTest1" time="0">
<system-out><![CDATA[
unique-id: [engine:junit-vintage]/[runner:RegressionTest]/[test:RegressionTest1]/[test:test0976(RegressionTest1)]
display-name: test0976
]]></system-out>
</testcase>
<testcase name="test0947" classname="RegressionTest1" time="0">
<system-out><![CDATA[
unique-id: [engine:junit-vintage]/[runner:RegressionTest]/[test:RegressionTest1]/[test:test0947(RegressionTest1)]
display-name: test0947
]]></system-out>
</testcase>
<testcase name="test0617" classname="RegressionTest1" time="0">
<system-out><![CDATA[
unique-id: [engine:junit-vintage]/[runner:RegressionTest]/[test:RegressionTest1]/[test:test0617(RegressionTest1)]
display-name: test0617
]]></system-out>
</testcase>
<testcase name="test0684" classname="RegressionTest1" time="0">
<system-out><![CDATA[
unique-id: [engine:junit-vintage]/[runner:RegressionTest]/[test:RegressionTest1]/[test:test0684(RegressionTest1)]
display-name: test0684
]]></system-out>
</testcase>
<testcase name="test0798" classname="RegressionTest1" time="0">
<system-out><![CDATA[
unique-id: [engine:junit-vintage]/[runner:RegressionTest]/[test:RegressionTest1]/[test:test0798(RegressionTest1)]
display-name: test0798
]]></system-out>
</testcase>
<testcase name="test0471" classname="RegressionTest0" time="0">
<system-out><![CDATA[
unique-id: [engine:junit-vintage]/[runner:RegressionTest]/[test:RegressionTest0]/[test:test0471(RegressionTest0)]
display-name: test0471
]]></system-out>
</testcase>
<testcase name="test0166" classname="RegressionTest0" time="0">
<system-out><![CDATA[
unique-id: [engine:junit-vintage]/[runner:RegressionTest]/[test:RegressionTest0]/[test:test0166(RegressionTest0)]
display-name: test0166
]]></system-out>
</testcase>
<testcase name="test0052" classname="RegressionTest0" time="0">
<system-out><![CDATA[
unique-id: [engine:junit-vintage]/[runner:RegressionTest]/[test:RegressionTest0]/[test:test0052(RegressionTest0)]
display-name: test0052
]]></system-out>
</testcase>
<testcase name="test0922" classname="RegressionTest1" time="0">
<system-out><![CDATA[
unique-id: [engine:junit-vintage]/[runner:RegressionTest]/[test:RegressionTest1]/[test:test0922(RegressionTest1)]
display-name: test0922
]]></system-out>
</testcase>
<testcase name="test0404" classname="RegressionTest0" time="0">
<system-out><![CDATA[
unique-id: [engine:junit-vintage]/[runner:RegressionTest]/[test:RegressionTest0]/[test:test0404(RegressionTest0)]
display-name: test0404
]]></system-out>
</testcase>
<testcase name="test0201" classname="RegressionTest0" time="0">
<system-out><![CDATA[
unique-id: [engine:junit-vintage]/[runner:RegressionTest]/[test:RegressionTest0]/[test:test0201(RegressionTest0)]
display-name: test0201
]]></system-out>
</testcase>
<testcase name="test0547" classname="RegressionTest1" time="0">
<system-out><![CDATA[
unique-id: [engine:junit-vintage]/[runner:RegressionTest]/[test:RegressionTest1]/[test:test0547(RegressionTest1)]
display-name: test0547
]]></system-out>
</testcase>
<testcase name="test1054" classname="RegressionTest2" time="0">
<system-out><![CDATA[
unique-id: [engine:junit-vintage]/[runner:RegressionTest]/[test:RegressionTest2]/[test:test1054(RegressionTest2)]
display-name: test1054
]]></system-out>
</testcase>
<testcase name="test0369" classname="RegressionTest0" time="0">
<system-out><![CDATA[
unique-id: [engine:junit-vintage]/[runner:RegressionTest]/[test:RegressionTest0]/[test:test0369(RegressionTest0)]
display-name: test0369
]]></system-out>
</testcase>
<testcase name="test0382" classname="RegressionTest0" time="0">
<system-out><![CDATA[
unique-id: [engine:junit-vintage]/[runner:RegressionTest]/[test:RegressionTest0]/[test:test0382(RegressionTest0)]
display-name: test0382
]]></system-out>
</testcase>
<testcase name="test0852" classname="RegressionTest1" time="0">
<system-out><![CDATA[
unique-id: [engine:junit-vintage]/[runner:RegressionTest]/[test:RegressionTest1]/[test:test0852(RegressionTest1)]
display-name: test0852
]]></system-out>
</testcase>
<testcase name="test0522" classname="RegressionTest1" time="0">
<system-out><![CDATA[
unique-id: [engine:junit-vintage]/[runner:RegressionTest]/[test:RegressionTest1]/[test:test0522(RegressionTest1)]
display-name: test0522
]]></system-out>
</testcase>
<testcase name="test0439" classname="RegressionTest0" time="0">
<system-out><![CDATA[
unique-id: [engine:junit-vintage]/[runner:RegressionTest]/[test:RegressionTest0]/[test:test0439(RegressionTest0)]
display-name: test0439
]]></system-out>
</testcase>
<testcase name="test0452" classname="RegressionTest0" time="0">
<system-out><![CDATA[
unique-id: [engine:junit-vintage]/[runner:RegressionTest]/[test:RegressionTest0]/[test:test0452(RegressionTest0)]
display-name: test0452
]]></system-out>
</testcase>
<testcase name="test0039" classname="RegressionTest0" time="0">
<system-out><![CDATA[
unique-id: [engine:junit-vintage]/[runner:RegressionTest]/[test:RegressionTest0]/[test:test0039(RegressionTest0)]
display-name: test0039
]]></system-out>
</testcase>
<testcase name="test0595" classname="RegressionTest1" time="0">
<system-out><![CDATA[
unique-id: [engine:junit-vintage]/[runner:RegressionTest]/[test:RegressionTest1]/[test:test0595(RegressionTest1)]
display-name: test0595
]]></system-out>
</testcase>
<testcase name="test1006" classname="RegressionTest2" time="0">
<system-out><![CDATA[
unique-id: [engine:junit-vintage]/[runner:RegressionTest]/[test:RegressionTest2]/[test:test1006(RegressionTest2)]
display-name: test1006
]]></system-out>
</testcase>
<testcase name="test0744" classname="RegressionTest1" time="0">
<system-out><![CDATA[
unique-id: [engine:junit-vintage]/[runner:RegressionTest]/[test:RegressionTest1]/[test:test0744(RegressionTest1)]
display-name: test0744
]]></system-out>
</testcase>
<testcase name="test0928" classname="RegressionTest1" time="0">
<system-out><![CDATA[
unique-id: [engine:junit-vintage]/[runner:RegressionTest]/[test:RegressionTest1]/[test:test0928(RegressionTest1)]
display-name: test0928
]]></system-out>
</testcase>
<testcase name="test0147" classname="RegressionTest0" time="0">
<system-out><![CDATA[
unique-id: [engine:junit-vintage]/[runner:RegressionTest]/[test:RegressionTest0]/[test:test0147(RegressionTest0)]
display-name: test0147
]]></system-out>
</testcase>
<testcase name="test0160" classname="RegressionTest0" time="0">
<system-out><![CDATA[
unique-id: [engine:junit-vintage]/[runner:RegressionTest]/[test:RegressionTest0]/[test:test0160(RegressionTest0)]
display-name: test0160
]]></system-out>
</testcase>
<testcase name="test0636" classname="RegressionTest1" time="0">
<system-out><![CDATA[
unique-id: [engine:junit-vintage]/[runner:RegressionTest]/[test:RegressionTest1]/[test:test0636(RegressionTest1)]
display-name: test0636
]]></system-out>
</testcase>
<testcase name="test0071" classname="RegressionTest0" time="0">
<system-out><![CDATA[
unique-id: [engine:junit-vintage]/[runner:RegressionTest]/[test:RegressionTest0]/[test:test0071(RegressionTest0)]
display-name: test0071
]]></system-out>
</testcase>
<testcase name="test0255" classname="RegressionTest0" time="0">
<system-out><![CDATA[
unique-id: [engine:junit-vintage]/[runner:RegressionTest]/[test:RegressionTest0]/[test:test0255(RegressionTest0)]
display-name: test0255
]]></system-out>
</testcase>
<testcase name="test1073" classname="RegressionTest2" time="0">
<system-out><![CDATA[
unique-id: [engine:junit-vintage]/[runner:RegressionTest]/[test:RegressionTest2]/[test:test1073(RegressionTest2)]
display-name: test1073
]]></system-out>
</testcase>
<testcase name="test0458" classname="RegressionTest0" time="0">
<system-out><![CDATA[
unique-id: [engine:junit-vintage]/[runner:RegressionTest]/[test:RegressionTest0]/[test:test0458(RegressionTest0)]
display-name: test0458
]]></system-out>
</testcase>
<testcase name="test0941" classname="RegressionTest1" time="0">
<system-out><![CDATA[
unique-id: [engine:junit-vintage]/[runner:RegressionTest]/[test:RegressionTest1]/[test:test0941(RegressionTest1)]
display-name: test0941
]]></system-out>
</testcase>
<testcase name="test0833" classname="RegressionTest1" time="0">
<system-out><![CDATA[
unique-id: [engine:junit-vintage]/[runner:RegressionTest]/[test:RegressionTest1]/[test:test0833(RegressionTest1)]
display-name: test0833
]]></system-out>
</testcase>
<testcase name="test0528" classname="RegressionTest1" time="0">
<system-out><![CDATA[
unique-id: [engine:junit-vintage]/[runner:RegressionTest]/[test:RegressionTest1]/[test:test0528(RegressionTest1)]
display-name: test0528
]]></system-out>
</testcase>
<testcase name="test0363" classname="RegressionTest0" time="0">
<system-out><![CDATA[
unique-id: [engine:junit-vintage]/[runner:RegressionTest]/[test:RegressionTest0]/[test:test0363(RegressionTest0)]
display-name: test0363
]]></system-out>
</testcase>
<system-out><![CDATA[
unique-id: [engine:junit-vintage]
display-name: JUnit Vintage
]]></system-out>
</testsuite>
