<!--
 Licensed to the Apache Software Foundation (ASF) under one
 or more contributor license agreements. See the NOTICE file
 distributed with this work for additional information
 regarding copyright ownership. The ASF licenses this file
 to you under the Apache License, Version 2.0 (the
 "License"); you may not use this file except in compliance
 with the License. You may obtain a copy of the License at

     http://www.apache.org/licenses/LICENSE-2.0

 Unless required by applicable law or agreed to in writing,
 software distributed under the License is distributed on an
 "AS IS" BASIS, WITHOUT WARRANTIES OR CONDITIONS OF ANY
 KIND, either express or implied. See the License for the
 specific language governing permissions and limitations
 under the License.
-->

<?xml version="1.0" encoding="UTF-8"?>
<testsuite name="JUnit Vintage" tests="2692" skipped="0" failures="0" errors="0" time="1.349" hostname="johcue-VirtualBox" timestamp="2024-11-30T15:08:52">
<properties>
<property name="awt.toolkit" value="sun.awt.X11.XToolkit"/>
<property name="file.encoding" value="UTF-8"/>
<property name="file.separator" value="/"/>
<property name="java.awt.graphicsenv" value="sun.awt.X11GraphicsEnvironment"/>
<property name="java.awt.printerjob" value="sun.print.PSPrinterJob"/>
<property name="java.class.path" value="randoop-tests:/home/johcue/Documents/SwD/commons-imaging/target/classes:/home/johcue/Documents/SwD/commons-imaging/randoop-all-4.3.3.jar:/home/johcue/.m2/repository/org/junit/platform/junit-platform-console-standalone/1.9.2/junit-platform-console-standalone-1.9.2.jar"/>
<property name="java.class.version" value="55.0"/>
<property name="java.home" value="/usr/lib/jvm/java-11-openjdk-amd64"/>
<property name="java.io.tmpdir" value="/tmp"/>
<property name="java.library.path" value="/usr/java/packages/lib:/usr/lib/x86_64-linux-gnu/jni:/lib/x86_64-linux-gnu:/usr/lib/x86_64-linux-gnu:/usr/lib/jni:/lib:/usr/lib"/>
<property name="java.runtime.name" value="OpenJDK Runtime Environment"/>
<property name="java.runtime.version" value="11.0.25+9-post-Ubuntu-1ubuntu124.04"/>
<property name="java.specification.maintenance.version" value="3"/>
<property name="java.specification.name" value="Java Platform API Specification"/>
<property name="java.specification.vendor" value="Oracle Corporation"/>
<property name="java.specification.version" value="11"/>
<property name="java.vendor" value="Ubuntu"/>
<property name="java.vendor.url" value="https://ubuntu.com/"/>
<property name="java.vendor.url.bug" value="https://bugs.launchpad.net/ubuntu/+source/openjdk-lts"/>
<property name="java.version" value="11.0.25"/>
<property name="java.version.date" value="2024-10-15"/>
<property name="java.vm.compressedOopsMode" value="Zero based"/>
<property name="java.vm.info" value="mixed mode, sharing"/>
<property name="java.vm.name" value="OpenJDK 64-Bit Server VM"/>
<property name="java.vm.specification.name" value="Java Virtual Machine Specification"/>
<property name="java.vm.specification.vendor" value="Oracle Corporation"/>
<property name="java.vm.specification.version" value="11"/>
<property name="java.vm.vendor" value="Ubuntu"/>
<property name="java.vm.version" value="11.0.25+9-post-Ubuntu-1ubuntu124.04"/>
<property name="jdk.debug" value="release"/>
<property name="line.separator" value="
"/>
<property name="os.arch" value="amd64"/>
<property name="os.name" value="Linux"/>
<property name="os.version" value="6.8.0-49-generic"/>
<property name="path.separator" value=":"/>
<property name="sun.arch.data.model" value="64"/>
<property name="sun.boot.library.path" value="/usr/lib/jvm/java-11-openjdk-amd64/lib"/>
<property name="sun.cpu.endian" value="little"/>
<property name="sun.cpu.isalist" value=""/>
<property name="sun.desktop" value="gnome"/>
<property name="sun.io.unicode.encoding" value="UnicodeLittle"/>
<property name="sun.java.command" value="org.junit.platform.console.ConsoleLauncher --scan-classpath --reports-dir=./junit-reports"/>
<property name="sun.java.launcher" value="SUN_STANDARD"/>
<property name="sun.jnu.encoding" value="UTF-8"/>
<property name="sun.management.compiler" value="HotSpot 64-Bit Tiered Compilers"/>
<property name="sun.os.patch.level" value="unknown"/>
<property name="user.country" value="US"/>
<property name="user.dir" value="/home/johcue/Documents/SwD/commons-imaging"/>
<property name="user.home" value="/home/johcue"/>
<property name="user.language" value="en"/>
<property name="user.name" value="johcue"/>
<property name="user.timezone" value="Europe/Rome"/>
</properties>
<testcase name="test1313" classname="RegressionTest2" time="0">
<system-out><![CDATA[
unique-id: [engine:junit-vintage]/[runner:RegressionTest]/[test:RegressionTest2]/[test:test1313(RegressionTest2)]
display-name: test1313
]]></system-out>
</testcase>
<testcase name="test2123" classname="RegressionTest4" time="0">
<system-out><![CDATA[
unique-id: [engine:junit-vintage]/[runner:RegressionTest]/[test:RegressionTest4]/[test:test2123(RegressionTest4)]
display-name: test2123
]]></system-out>
</testcase>
<testcase name="test0091" classname="RegressionTest0" time="0">
<system-out><![CDATA[
unique-id: [engine:junit-vintage]/[runner:RegressionTest]/[test:RegressionTest0]/[test:test0091(RegressionTest0)]
display-name: test0091
]]></system-out>
</testcase>
<testcase name="test0162" classname="RegressionTest0" time="0">
<system-out><![CDATA[
unique-id: [engine:junit-vintage]/[runner:RegressionTest]/[test:RegressionTest0]/[test:test0162(RegressionTest0)]
display-name: test0162
]]></system-out>
</testcase>
<testcase name="test1910" classname="RegressionTest3" time="0">
<system-out><![CDATA[
unique-id: [engine:junit-vintage]/[runner:RegressionTest]/[test:RegressionTest3]/[test:test1910(RegressionTest3)]
display-name: test1910
]]></system-out>
</testcase>
<testcase name="test1242" classname="RegressionTest2" time="0">
<system-out><![CDATA[
unique-id: [engine:junit-vintage]/[runner:RegressionTest]/[test:RegressionTest2]/[test:test1242(RegressionTest2)]
display-name: test1242
]]></system-out>
</testcase>
<testcase name="test2052" classname="RegressionTest4" time="0">
<system-out><![CDATA[
unique-id: [engine:junit-vintage]/[runner:RegressionTest]/[test:RegressionTest4]/[test:test2052(RegressionTest4)]
display-name: test2052
]]></system-out>
</testcase>
<testcase name="test2428" classname="RegressionTest4" time="0">
<system-out><![CDATA[
unique-id: [engine:junit-vintage]/[runner:RegressionTest]/[test:RegressionTest4]/[test:test2428(RegressionTest4)]
display-name: test2428
]]></system-out>
</testcase>
<testcase name="test0396" classname="RegressionTest0" time="0">
<system-out><![CDATA[
unique-id: [engine:junit-vintage]/[runner:RegressionTest]/[test:RegressionTest0]/[test:test0396(RegressionTest0)]
display-name: test0396
]]></system-out>
</testcase>
<testcase name="test0432" classname="RegressionTest0" time="0">
<system-out><![CDATA[
unique-id: [engine:junit-vintage]/[runner:RegressionTest]/[test:RegressionTest0]/[test:test0432(RegressionTest0)]
display-name: test0432
]]></system-out>
</testcase>
<testcase name="test1348" classname="RegressionTest2" time="0">
<system-out><![CDATA[
unique-id: [engine:junit-vintage]/[runner:RegressionTest]/[test:RegressionTest2]/[test:test1348(RegressionTest2)]
display-name: test1348
]]></system-out>
</testcase>
<testcase name="test2158" classname="RegressionTest4" time="0">
<system-out><![CDATA[
unique-id: [engine:junit-vintage]/[runner:RegressionTest]/[test:RegressionTest4]/[test:test2158(RegressionTest4)]
display-name: test2158
]]></system-out>
</testcase>
<testcase name="test1874" classname="RegressionTest3" time="0">
<system-out><![CDATA[
unique-id: [engine:junit-vintage]/[runner:RegressionTest]/[test:RegressionTest3]/[test:test1874(RegressionTest3)]
display-name: test1874
]]></system-out>
</testcase>
<testcase name="test2684" classname="RegressionTest5" time="0">
<system-out><![CDATA[
unique-id: [engine:junit-vintage]/[runner:RegressionTest]/[test:RegressionTest5]/[test:test2684(RegressionTest5)]
display-name: test2684
]]></system-out>
</testcase>
<testcase name="test0830" classname="RegressionTest1" time="0">
<system-out><![CDATA[
unique-id: [engine:junit-vintage]/[runner:RegressionTest]/[test:RegressionTest1]/[test:test0830(RegressionTest1)]
display-name: test0830
]]></system-out>
</testcase>
<testcase name="test1640" classname="RegressionTest3" time="0">
<system-out><![CDATA[
unique-id: [engine:junit-vintage]/[runner:RegressionTest]/[test:RegressionTest3]/[test:test1640(RegressionTest3)]
display-name: test1640
]]></system-out>
</testcase>
<testcase name="test0304" classname="RegressionTest0" time="0">
<system-out><![CDATA[
unique-id: [engine:junit-vintage]/[runner:RegressionTest]/[test:RegressionTest0]/[test:test0304(RegressionTest0)]
display-name: test0304
]]></system-out>
</testcase>
<testcase name="test1114" classname="RegressionTest2" time="0">
<system-out><![CDATA[
unique-id: [engine:junit-vintage]/[runner:RegressionTest]/[test:RegressionTest2]/[test:test1114(RegressionTest2)]
display-name: test1114
]]></system-out>
</testcase>
<testcase name="test0361" classname="RegressionTest0" time="0">
<system-out><![CDATA[
unique-id: [engine:junit-vintage]/[runner:RegressionTest]/[test:RegressionTest0]/[test:test0361(RegressionTest0)]
display-name: test0361
]]></system-out>
</testcase>
<testcase name="test1171" classname="RegressionTest2" time="0">
<system-out><![CDATA[
unique-id: [engine:junit-vintage]/[runner:RegressionTest]/[test:RegressionTest2]/[test:test1171(RegressionTest2)]
display-name: test1171
]]></system-out>
</testcase>
<testcase name="test1945" classname="RegressionTest3" time="0">
<system-out><![CDATA[
unique-id: [engine:junit-vintage]/[runner:RegressionTest]/[test:RegressionTest3]/[test:test1945(RegressionTest3)]
display-name: test1945
]]></system-out>
</testcase>
<testcase name="test2521" classname="RegressionTest5" time="0">
<system-out><![CDATA[
unique-id: [engine:junit-vintage]/[runner:RegressionTest]/[test:RegressionTest5]/[test:test2521(RegressionTest5)]
display-name: test2521
]]></system-out>
</testcase>
<testcase name="test0901" classname="RegressionTest1" time="0">
<system-out><![CDATA[
unique-id: [engine:junit-vintage]/[runner:RegressionTest]/[test:RegressionTest1]/[test:test0901(RegressionTest1)]
display-name: test0901
]]></system-out>
</testcase>
<testcase name="test1711" classname="RegressionTest3" time="0">
<system-out><![CDATA[
unique-id: [engine:junit-vintage]/[runner:RegressionTest]/[test:RegressionTest3]/[test:test1711(RegressionTest3)]
display-name: test1711
]]></system-out>
</testcase>
<testcase name="test1441" classname="RegressionTest2" time="0">
<system-out><![CDATA[
unique-id: [engine:junit-vintage]/[runner:RegressionTest]/[test:RegressionTest2]/[test:test1441(RegressionTest2)]
display-name: test1441
]]></system-out>
</testcase>
<testcase name="test2251" classname="RegressionTest4" time="0">
<system-out><![CDATA[
unique-id: [engine:junit-vintage]/[runner:RegressionTest]/[test:RegressionTest4]/[test:test2251(RegressionTest4)]
display-name: test2251
]]></system-out>
</testcase>
<testcase name="test0865" classname="RegressionTest1" time="0">
<system-out><![CDATA[
unique-id: [engine:junit-vintage]/[runner:RegressionTest]/[test:RegressionTest1]/[test:test0865(RegressionTest1)]
display-name: test0865
]]></system-out>
</testcase>
<testcase name="test1675" classname="RegressionTest3" time="0">
<system-out><![CDATA[
unique-id: [engine:junit-vintage]/[runner:RegressionTest]/[test:RegressionTest3]/[test:test1675(RegressionTest3)]
display-name: test1675
]]></system-out>
</testcase>
<testcase name="test0339" classname="RegressionTest0" time="0">
<system-out><![CDATA[
unique-id: [engine:junit-vintage]/[runner:RegressionTest]/[test:RegressionTest0]/[test:test0339(RegressionTest0)]
display-name: test0339
]]></system-out>
</testcase>
<testcase name="test1149" classname="RegressionTest2" time="0">
<system-out><![CDATA[
unique-id: [engine:junit-vintage]/[runner:RegressionTest]/[test:RegressionTest2]/[test:test1149(RegressionTest2)]
display-name: test1149
]]></system-out>
</testcase>
<testcase name="test1419" classname="RegressionTest2" time="0">
<system-out><![CDATA[
unique-id: [engine:junit-vintage]/[runner:RegressionTest]/[test:RegressionTest2]/[test:test1419(RegressionTest2)]
display-name: test1419
]]></system-out>
</testcase>
<testcase name="test2229" classname="RegressionTest4" time="0">
<system-out><![CDATA[
unique-id: [engine:junit-vintage]/[runner:RegressionTest]/[test:RegressionTest4]/[test:test2229(RegressionTest4)]
display-name: test2229
]]></system-out>
</testcase>
<testcase name="test0560" classname="RegressionTest1" time="0">
<system-out><![CDATA[
unique-id: [engine:junit-vintage]/[runner:RegressionTest]/[test:RegressionTest1]/[test:test0560(RegressionTest1)]
display-name: test0560
]]></system-out>
</testcase>
<testcase name="test0105" classname="RegressionTest0" time="0">
<system-out><![CDATA[
unique-id: [engine:junit-vintage]/[runner:RegressionTest]/[test:RegressionTest0]/[test:test0105(RegressionTest0)]
display-name: test0105
]]></system-out>
</testcase>
<testcase name="test0666" classname="RegressionTest1" time="0">
<system-out><![CDATA[
unique-id: [engine:junit-vintage]/[runner:RegressionTest]/[test:RegressionTest1]/[test:test0666(RegressionTest1)]
display-name: test0666
]]></system-out>
</testcase>
<testcase name="test0290" classname="RegressionTest0" time="0">
<system-out><![CDATA[
unique-id: [engine:junit-vintage]/[runner:RegressionTest]/[test:RegressionTest0]/[test:test0290(RegressionTest0)]
display-name: test0290
]]></system-out>
</testcase>
<testcase name="test0794" classname="RegressionTest1" time="0">
<system-out><![CDATA[
unique-id: [engine:junit-vintage]/[runner:RegressionTest]/[test:RegressionTest1]/[test:test0794(RegressionTest1)]
display-name: test0794
]]></system-out>
</testcase>
<testcase name="test2322" classname="RegressionTest4" time="0">
<system-out><![CDATA[
unique-id: [engine:junit-vintage]/[runner:RegressionTest]/[test:RegressionTest4]/[test:test2322(RegressionTest4)]
display-name: test2322
]]></system-out>
</testcase>
<testcase name="test0233" classname="RegressionTest0" time="0">
<system-out><![CDATA[
unique-id: [engine:junit-vintage]/[runner:RegressionTest]/[test:RegressionTest0]/[test:test0233(RegressionTest0)]
display-name: test0233
]]></system-out>
</testcase>
<testcase name="test1043" classname="RegressionTest2" time="0">
<system-out><![CDATA[
unique-id: [engine:junit-vintage]/[runner:RegressionTest]/[test:RegressionTest2]/[test:test1043(RegressionTest2)]
display-name: test1043
]]></system-out>
</testcase>
<testcase name="test0467" classname="RegressionTest0" time="0">
<system-out><![CDATA[
unique-id: [engine:junit-vintage]/[runner:RegressionTest]/[test:RegressionTest0]/[test:test0467(RegressionTest0)]
display-name: test0467
]]></system-out>
</testcase>
<testcase name="test1277" classname="RegressionTest2" time="0">
<system-out><![CDATA[
unique-id: [engine:junit-vintage]/[runner:RegressionTest]/[test:RegressionTest2]/[test:test1277(RegressionTest2)]
display-name: test1277
]]></system-out>
</testcase>
<testcase name="test2087" classname="RegressionTest4" time="0">
<system-out><![CDATA[
unique-id: [engine:junit-vintage]/[runner:RegressionTest]/[test:RegressionTest4]/[test:test2087(RegressionTest4)]
display-name: test2087
]]></system-out>
</testcase>
<testcase name="test0737" classname="RegressionTest1" time="0">
<system-out><![CDATA[
unique-id: [engine:junit-vintage]/[runner:RegressionTest]/[test:RegressionTest1]/[test:test0737(RegressionTest1)]
display-name: test0737
]]></system-out>
</testcase>
<testcase name="test1547" classname="RegressionTest3" time="0">
<system-out><![CDATA[
unique-id: [engine:junit-vintage]/[runner:RegressionTest]/[test:RegressionTest3]/[test:test1547(RegressionTest3)]
display-name: test1547
]]></system-out>
</testcase>
<testcase name="test0520" classname="RegressionTest1" time="0">
<system-out><![CDATA[
unique-id: [engine:junit-vintage]/[runner:RegressionTest]/[test:RegressionTest1]/[test:test0520(RegressionTest1)]
display-name: test0520
]]></system-out>
</testcase>
<testcase name="test2516" classname="RegressionTest5" time="0">
<system-out><![CDATA[
unique-id: [engine:junit-vintage]/[runner:RegressionTest]/[test:RegressionTest5]/[test:test2516(RegressionTest5)]
display-name: test2516
]]></system-out>
</testcase>
<testcase name="test1706" classname="RegressionTest3" time="0">
<system-out><![CDATA[
unique-id: [engine:junit-vintage]/[runner:RegressionTest]/[test:RegressionTest3]/[test:test1706(RegressionTest3)]
display-name: test1706
]]></system-out>
</testcase>
<testcase name="test0503" classname="RegressionTest1" time="0">
<system-out><![CDATA[
unique-id: [engine:junit-vintage]/[runner:RegressionTest]/[test:RegressionTest1]/[test:test0503(RegressionTest1)]
display-name: test0503
]]></system-out>
</testcase>
<testcase name="test2362" classname="RegressionTest4" time="0">
<system-out><![CDATA[
unique-id: [engine:junit-vintage]/[runner:RegressionTest]/[test:RegressionTest4]/[test:test2362(RegressionTest4)]
display-name: test2362
]]></system-out>
</testcase>
<testcase name="test0029" classname="RegressionTest0" time="0.001">
<system-out><![CDATA[
unique-id: [engine:junit-vintage]/[runner:RegressionTest]/[test:RegressionTest0]/[test:test0029(RegressionTest0)]
display-name: test0029
]]></system-out>
</testcase>
<testcase name="test0538" classname="RegressionTest1" time="0">
<system-out><![CDATA[
unique-id: [engine:junit-vintage]/[runner:RegressionTest]/[test:RegressionTest1]/[test:test0538(RegressionTest1)]
display-name: test0538
]]></system-out>
</testcase>
<testcase name="test2000" classname="RegressionTest3" time="0">
<system-out><![CDATA[
unique-id: [engine:junit-vintage]/[runner:RegressionTest]/[test:RegressionTest3]/[test:test2000(RegressionTest3)]
display-name: test2000
]]></system-out>
</testcase>
<testcase name="test2450" classname="RegressionTest4" time="0">
<system-out><![CDATA[
unique-id: [engine:junit-vintage]/[runner:RegressionTest]/[test:RegressionTest4]/[test:test2450(RegressionTest4)]
display-name: test2450
]]></system-out>
</testcase>
<testcase name="test0157" classname="RegressionTest0" time="0">
<system-out><![CDATA[
unique-id: [engine:junit-vintage]/[runner:RegressionTest]/[test:RegressionTest0]/[test:test0157(RegressionTest0)]
display-name: test0157
]]></system-out>
</testcase>
<testcase name="test0626" classname="RegressionTest1" time="0">
<system-out><![CDATA[
unique-id: [engine:junit-vintage]/[runner:RegressionTest]/[test:RegressionTest1]/[test:test0626(RegressionTest1)]
display-name: test0626
]]></system-out>
</testcase>
<testcase name="test2490" classname="RegressionTest4" time="0">
<system-out><![CDATA[
unique-id: [engine:junit-vintage]/[runner:RegressionTest]/[test:RegressionTest4]/[test:test2490(RegressionTest4)]
display-name: test2490
]]></system-out>
</testcase>
<testcase name="test2485" classname="RegressionTest4" time="0">
<system-out><![CDATA[
unique-id: [engine:junit-vintage]/[runner:RegressionTest]/[test:RegressionTest4]/[test:test2485(RegressionTest4)]
display-name: test2485
]]></system-out>
</testcase>
<testcase name="test0122" classname="RegressionTest0" time="0.001">
<system-out><![CDATA[
unique-id: [engine:junit-vintage]/[runner:RegressionTest]/[test:RegressionTest0]/[test:test0122(RegressionTest0)]
display-name: test0122
]]></system-out>
</testcase>
<testcase name="test2468" classname="RegressionTest4" time="0">
<system-out><![CDATA[
unique-id: [engine:junit-vintage]/[runner:RegressionTest]/[test:RegressionTest4]/[test:test2468(RegressionTest4)]
display-name: test2468
]]></system-out>
</testcase>
<testcase name="test0034" classname="RegressionTest0" time="0">
<system-out><![CDATA[
unique-id: [engine:junit-vintage]/[runner:RegressionTest]/[test:RegressionTest0]/[test:test0034(RegressionTest0)]
display-name: test0034
]]></system-out>
</testcase>
<testcase name="test0631" classname="RegressionTest1" time="0">
<system-out><![CDATA[
unique-id: [engine:junit-vintage]/[runner:RegressionTest]/[test:RegressionTest1]/[test:test0631(RegressionTest1)]
display-name: test0631
]]></system-out>
</testcase>
<testcase name="test0882" classname="RegressionTest1" time="0">
<system-out><![CDATA[
unique-id: [engine:junit-vintage]/[runner:RegressionTest]/[test:RegressionTest1]/[test:test0882(RegressionTest1)]
display-name: test0882
]]></system-out>
</testcase>
<testcase name="test1692" classname="RegressionTest3" time="0">
<system-out><![CDATA[
unique-id: [engine:junit-vintage]/[runner:RegressionTest]/[test:RegressionTest3]/[test:test1692(RegressionTest3)]
display-name: test1692
]]></system-out>
</testcase>
<testcase name="test0273" classname="RegressionTest0" time="0">
<system-out><![CDATA[
unique-id: [engine:junit-vintage]/[runner:RegressionTest]/[test:RegressionTest0]/[test:test0273(RegressionTest0)]
display-name: test0273
]]></system-out>
</testcase>
<testcase name="test1083" classname="RegressionTest2" time="0">
<system-out><![CDATA[
unique-id: [engine:junit-vintage]/[runner:RegressionTest]/[test:RegressionTest2]/[test:test1083(RegressionTest2)]
display-name: test1083
]]></system-out>
</testcase>
<testcase name="test1424" classname="RegressionTest2" time="0">
<system-out><![CDATA[
unique-id: [engine:junit-vintage]/[runner:RegressionTest]/[test:RegressionTest2]/[test:test1424(RegressionTest2)]
display-name: test1424
]]></system-out>
</testcase>
<testcase name="test2234" classname="RegressionTest4" time="0">
<system-out><![CDATA[
unique-id: [engine:junit-vintage]/[runner:RegressionTest]/[test:RegressionTest4]/[test:test2234(RegressionTest4)]
display-name: test2234
]]></system-out>
</testcase>
<testcase name="test0988" classname="RegressionTest1" time="0">
<system-out><![CDATA[
unique-id: [engine:junit-vintage]/[runner:RegressionTest]/[test:RegressionTest1]/[test:test0988(RegressionTest1)]
display-name: test0988
]]></system-out>
</testcase>
<testcase name="test1798" classname="RegressionTest3" time="0">
<system-out><![CDATA[
unique-id: [engine:junit-vintage]/[runner:RegressionTest]/[test:RegressionTest3]/[test:test1798(RegressionTest3)]
display-name: test1798
]]></system-out>
</testcase>
<testcase name="test0250" classname="RegressionTest0" time="0">
<system-out><![CDATA[
unique-id: [engine:junit-vintage]/[runner:RegressionTest]/[test:RegressionTest0]/[test:test0250(RegressionTest0)]
display-name: test0250
]]></system-out>
</testcase>
<testcase name="test0268" classname="RegressionTest0" time="0">
<system-out><![CDATA[
unique-id: [engine:junit-vintage]/[runner:RegressionTest]/[test:RegressionTest0]/[test:test0268(RegressionTest0)]
display-name: test0268
]]></system-out>
</testcase>
<testcase name="test0379" classname="RegressionTest0" time="0">
<system-out><![CDATA[
unique-id: [engine:junit-vintage]/[runner:RegressionTest]/[test:RegressionTest0]/[test:test0379(RegressionTest0)]
display-name: test0379
]]></system-out>
</testcase>
<testcase name="test1060" classname="RegressionTest2" time="0">
<system-out><![CDATA[
unique-id: [engine:junit-vintage]/[runner:RegressionTest]/[test:RegressionTest2]/[test:test1060(RegressionTest2)]
display-name: test1060
]]></system-out>
</testcase>
<testcase name="test1078" classname="RegressionTest2" time="0">
<system-out><![CDATA[
unique-id: [engine:junit-vintage]/[runner:RegressionTest]/[test:RegressionTest2]/[test:test1078(RegressionTest2)]
display-name: test1078
]]></system-out>
</testcase>
<testcase name="test1189" classname="RegressionTest2" time="0">
<system-out><![CDATA[
unique-id: [engine:junit-vintage]/[runner:RegressionTest]/[test:RegressionTest2]/[test:test1189(RegressionTest2)]
display-name: test1189
]]></system-out>
</testcase>
<testcase name="test2357" classname="RegressionTest4" time="0">
<system-out><![CDATA[
unique-id: [engine:junit-vintage]/[runner:RegressionTest]/[test:RegressionTest4]/[test:test2357(RegressionTest4)]
display-name: test2357
]]></system-out>
</testcase>
<testcase name="test0754" classname="RegressionTest1" time="0">
<system-out><![CDATA[
unique-id: [engine:junit-vintage]/[runner:RegressionTest]/[test:RegressionTest1]/[test:test0754(RegressionTest1)]
display-name: test0754
]]></system-out>
</testcase>
<testcase name="test1822" classname="RegressionTest3" time="0">
<system-out><![CDATA[
unique-id: [engine:junit-vintage]/[runner:RegressionTest]/[test:RegressionTest3]/[test:test1822(RegressionTest3)]
display-name: test1822
]]></system-out>
</testcase>
<testcase name="test1308" classname="RegressionTest2" time="0">
<system-out><![CDATA[
unique-id: [engine:junit-vintage]/[runner:RegressionTest]/[test:RegressionTest2]/[test:test1308(RegressionTest2)]
display-name: test1308
]]></system-out>
</testcase>
<testcase name="test1564" classname="RegressionTest3" time="0">
<system-out><![CDATA[
unique-id: [engine:junit-vintage]/[runner:RegressionTest]/[test:RegressionTest3]/[test:test1564(RegressionTest3)]
display-name: test1564
]]></system-out>
</testcase>
<testcase name="test2118" classname="RegressionTest4" time="0">
<system-out><![CDATA[
unique-id: [engine:junit-vintage]/[runner:RegressionTest]/[test:RegressionTest4]/[test:test2118(RegressionTest4)]
display-name: test2118
]]></system-out>
</testcase>
<testcase name="test0993" classname="RegressionTest1" time="0">
<system-out><![CDATA[
unique-id: [engine:junit-vintage]/[runner:RegressionTest]/[test:RegressionTest1]/[test:test0993(RegressionTest1)]
display-name: test0993
]]></system-out>
</testcase>
<testcase name="test1817" classname="RegressionTest3" time="0">
<system-out><![CDATA[
unique-id: [engine:junit-vintage]/[runner:RegressionTest]/[test:RegressionTest3]/[test:test1817(RegressionTest3)]
display-name: test1817
]]></system-out>
</testcase>
<testcase name="test2627" classname="RegressionTest5" time="0">
<system-out><![CDATA[
unique-id: [engine:junit-vintage]/[runner:RegressionTest]/[test:RegressionTest5]/[test:test2627(RegressionTest5)]
display-name: test2627
]]></system-out>
</testcase>
<testcase name="test0216" classname="RegressionTest0" time="0">
<system-out><![CDATA[
unique-id: [engine:junit-vintage]/[runner:RegressionTest]/[test:RegressionTest0]/[test:test0216(RegressionTest0)]
display-name: test0216
]]></system-out>
</testcase>
<testcase name="test1552" classname="RegressionTest3" time="0">
<system-out><![CDATA[
unique-id: [engine:junit-vintage]/[runner:RegressionTest]/[test:RegressionTest3]/[test:test1552(RegressionTest3)]
display-name: test1552
]]></system-out>
</testcase>
<testcase name="test1026" classname="RegressionTest2" time="0.001">
<system-out><![CDATA[
unique-id: [engine:junit-vintage]/[runner:RegressionTest]/[test:RegressionTest2]/[test:test1026(RegressionTest2)]
display-name: test1026
]]></system-out>
</testcase>
<testcase name="test0145" classname="RegressionTest0" time="0">
<system-out><![CDATA[
unique-id: [engine:junit-vintage]/[runner:RegressionTest]/[test:RegressionTest0]/[test:test0145(RegressionTest0)]
display-name: test0145
]]></system-out>
</testcase>
<testcase name="test0742" classname="RegressionTest1" time="0">
<system-out><![CDATA[
unique-id: [engine:junit-vintage]/[runner:RegressionTest]/[test:RegressionTest1]/[test:test0742(RegressionTest1)]
display-name: test0742
]]></system-out>
</testcase>
<testcase name="test0110" classname="RegressionTest0" time="0.004">
<system-out><![CDATA[
unique-id: [engine:junit-vintage]/[runner:RegressionTest]/[test:RegressionTest0]/[test:test0110(RegressionTest0)]
display-name: test0110
]]></system-out>
</testcase>
<testcase name="test2106" classname="RegressionTest4" time="0">
<system-out><![CDATA[
unique-id: [engine:junit-vintage]/[runner:RegressionTest]/[test:RegressionTest4]/[test:test2106(RegressionTest4)]
display-name: test2106
]]></system-out>
</testcase>
<testcase name="test2211" classname="RegressionTest4" time="0">
<system-out><![CDATA[
unique-id: [engine:junit-vintage]/[runner:RegressionTest]/[test:RegressionTest4]/[test:test2211(RegressionTest4)]
display-name: test2211
]]></system-out>
</testcase>
<testcase name="test1401" classname="RegressionTest2" time="0">
<system-out><![CDATA[
unique-id: [engine:junit-vintage]/[runner:RegressionTest]/[test:RegressionTest2]/[test:test1401(RegressionTest2)]
display-name: test1401
]]></system-out>
</testcase>
<testcase name="test1493" classname="RegressionTest2" time="0">
<system-out><![CDATA[
unique-id: [engine:junit-vintage]/[runner:RegressionTest]/[test:RegressionTest2]/[test:test1493(RegressionTest2)]
display-name: test1493
]]></system-out>
</testcase>
<testcase name="test1658" classname="RegressionTest3" time="0">
<system-out><![CDATA[
unique-id: [engine:junit-vintage]/[runner:RegressionTest]/[test:RegressionTest3]/[test:test1658(RegressionTest3)]
display-name: test1658
]]></system-out>
</testcase>
<testcase name="test0848" classname="RegressionTest1" time="0">
<system-out><![CDATA[
unique-id: [engine:junit-vintage]/[runner:RegressionTest]/[test:RegressionTest1]/[test:test0848(RegressionTest1)]
display-name: test0848
]]></system-out>
</testcase>
<testcase name="test0543" classname="RegressionTest1" time="0">
<system-out><![CDATA[
unique-id: [engine:junit-vintage]/[runner:RegressionTest]/[test:RegressionTest1]/[test:test0543(RegressionTest1)]
display-name: test0543
]]></system-out>
</testcase>
<testcase name="test0813" classname="RegressionTest1" time="0">
<system-out><![CDATA[
unique-id: [engine:junit-vintage]/[runner:RegressionTest]/[test:RegressionTest1]/[test:test0813(RegressionTest1)]
display-name: test0813
]]></system-out>
</testcase>
<testcase name="test1623" classname="RegressionTest3" time="0">
<system-out><![CDATA[
unique-id: [engine:junit-vintage]/[runner:RegressionTest]/[test:RegressionTest3]/[test:test1623(RegressionTest3)]
display-name: test1623
]]></system-out>
</testcase>
<testcase name="test0578" classname="RegressionTest1" time="0">
<system-out><![CDATA[
unique-id: [engine:junit-vintage]/[runner:RegressionTest]/[test:RegressionTest1]/[test:test0578(RegressionTest1)]
display-name: test0578
]]></system-out>
</testcase>
<testcase name="test1202" classname="RegressionTest2" time="0">
<system-out><![CDATA[
unique-id: [engine:junit-vintage]/[runner:RegressionTest]/[test:RegressionTest2]/[test:test1202(RegressionTest2)]
display-name: test1202
]]></system-out>
</testcase>
<testcase name="test1928" classname="RegressionTest3" time="0">
<system-out><![CDATA[
unique-id: [engine:junit-vintage]/[runner:RegressionTest]/[test:RegressionTest3]/[test:test1928(RegressionTest3)]
display-name: test1928
]]></system-out>
</testcase>
<testcase name="test0953" classname="RegressionTest1" time="0">
<system-out><![CDATA[
unique-id: [engine:junit-vintage]/[runner:RegressionTest]/[test:RegressionTest1]/[test:test0953(RegressionTest1)]
display-name: test0953
]]></system-out>
</testcase>
<testcase name="test1763" classname="RegressionTest3" time="0">
<system-out><![CDATA[
unique-id: [engine:junit-vintage]/[runner:RegressionTest]/[test:RegressionTest3]/[test:test1763(RegressionTest3)]
display-name: test1763
]]></system-out>
</testcase>
<testcase name="test2012" classname="RegressionTest4" time="0">
<system-out><![CDATA[
unique-id: [engine:junit-vintage]/[runner:RegressionTest]/[test:RegressionTest4]/[test:test2012(RegressionTest4)]
display-name: test2012
]]></system-out>
</testcase>
<testcase name="test2573" classname="RegressionTest5" time="0">
<system-out><![CDATA[
unique-id: [engine:junit-vintage]/[runner:RegressionTest]/[test:RegressionTest5]/[test:test2573(RegressionTest5)]
display-name: test2573
]]></system-out>
</testcase>
<testcase name="test0356" classname="RegressionTest0" time="0">
<system-out><![CDATA[
unique-id: [engine:junit-vintage]/[runner:RegressionTest]/[test:RegressionTest0]/[test:test0356(RegressionTest0)]
display-name: test0356
]]></system-out>
</testcase>
<testcase name="test1166" classname="RegressionTest2" time="0">
<system-out><![CDATA[
unique-id: [engine:junit-vintage]/[runner:RegressionTest]/[test:RegressionTest2]/[test:test1166(RegressionTest2)]
display-name: test1166
]]></system-out>
</testcase>
<testcase name="test1950" classname="RegressionTest3" time="0">
<system-out><![CDATA[
unique-id: [engine:junit-vintage]/[runner:RegressionTest]/[test:RegressionTest3]/[test:test1950(RegressionTest3)]
display-name: test1950
]]></system-out>
</testcase>
<testcase name="test1353" classname="RegressionTest2" time="0">
<system-out><![CDATA[
unique-id: [engine:junit-vintage]/[runner:RegressionTest]/[test:RegressionTest2]/[test:test1353(RegressionTest2)]
display-name: test1353
]]></system-out>
</testcase>
<testcase name="test2163" classname="RegressionTest4" time="0">
<system-out><![CDATA[
unique-id: [engine:junit-vintage]/[runner:RegressionTest]/[test:RegressionTest4]/[test:test2163(RegressionTest4)]
display-name: test2163
]]></system-out>
</testcase>
<testcase name="test0919" classname="RegressionTest1" time="0">
<system-out><![CDATA[
unique-id: [engine:junit-vintage]/[runner:RegressionTest]/[test:RegressionTest1]/[test:test0919(RegressionTest1)]
display-name: test0919
]]></system-out>
</testcase>
<testcase name="test1729" classname="RegressionTest3" time="0">
<system-out><![CDATA[
unique-id: [engine:junit-vintage]/[runner:RegressionTest]/[test:RegressionTest3]/[test:test1729(RegressionTest3)]
display-name: test1729
]]></system-out>
</testcase>
<testcase name="test2539" classname="RegressionTest5" time="0">
<system-out><![CDATA[
unique-id: [engine:junit-vintage]/[runner:RegressionTest]/[test:RegressionTest5]/[test:test2539(RegressionTest5)]
display-name: test2539
]]></system-out>
</testcase>
<testcase name="test2317" classname="RegressionTest4" time="0">
<system-out><![CDATA[
unique-id: [engine:junit-vintage]/[runner:RegressionTest]/[test:RegressionTest4]/[test:test2317(RegressionTest4)]
display-name: test2317
]]></system-out>
</testcase>
<testcase name="test1459" classname="RegressionTest2" time="0">
<system-out><![CDATA[
unique-id: [engine:junit-vintage]/[runner:RegressionTest]/[test:RegressionTest2]/[test:test1459(RegressionTest2)]
display-name: test1459
]]></system-out>
</testcase>
<testcase name="test2639" classname="RegressionTest5" time="0">
<system-out><![CDATA[
unique-id: [engine:junit-vintage]/[runner:RegressionTest]/[test:RegressionTest5]/[test:test2639(RegressionTest5)]
display-name: test2639
]]></system-out>
</testcase>
<testcase name="test0051" classname="RegressionTest0" time="0">
<system-out><![CDATA[
unique-id: [engine:junit-vintage]/[runner:RegressionTest]/[test:RegressionTest0]/[test:test0051(RegressionTest0)]
display-name: test0051
]]></system-out>
</testcase>
<testcase name="test1829" classname="RegressionTest3" time="0">
<system-out><![CDATA[
unique-id: [engine:junit-vintage]/[runner:RegressionTest]/[test:RegressionTest3]/[test:test1829(RegressionTest3)]
display-name: test1829
]]></system-out>
</testcase>
<testcase name="test2269" classname="RegressionTest4" time="0">
<system-out><![CDATA[
unique-id: [engine:junit-vintage]/[runner:RegressionTest]/[test:RegressionTest4]/[test:test2269(RegressionTest4)]
display-name: test2269
]]></system-out>
</testcase>
<testcase name="test0046" classname="RegressionTest0" time="0.002">
<system-out><![CDATA[
unique-id: [engine:junit-vintage]/[runner:RegressionTest]/[test:RegressionTest0]/[test:test0046(RegressionTest0)]
display-name: test0046
]]></system-out>
</testcase>
<testcase name="test0472" classname="RegressionTest0" time="0">
<system-out><![CDATA[
unique-id: [engine:junit-vintage]/[runner:RegressionTest]/[test:RegressionTest0]/[test:test0472(RegressionTest0)]
display-name: test0472
]]></system-out>
</testcase>
<testcase name="test1282" classname="RegressionTest2" time="0">
<system-out><![CDATA[
unique-id: [engine:junit-vintage]/[runner:RegressionTest]/[test:RegressionTest2]/[test:test1282(RegressionTest2)]
display-name: test1282
]]></system-out>
</testcase>
<testcase name="test2092" classname="RegressionTest4" time="0">
<system-out><![CDATA[
unique-id: [engine:junit-vintage]/[runner:RegressionTest]/[test:RegressionTest4]/[test:test2092(RegressionTest4)]
display-name: test2092
]]></system-out>
</testcase>
<testcase name="test1834" classname="RegressionTest3" time="0">
<system-out><![CDATA[
unique-id: [engine:junit-vintage]/[runner:RegressionTest]/[test:RegressionTest3]/[test:test1834(RegressionTest3)]
display-name: test1834
]]></system-out>
</testcase>
<testcase name="test1464" classname="RegressionTest2" time="0">
<system-out><![CDATA[
unique-id: [engine:junit-vintage]/[runner:RegressionTest]/[test:RegressionTest2]/[test:test1464(RegressionTest2)]
display-name: test1464
]]></system-out>
</testcase>
<testcase name="test2374" classname="RegressionTest4" time="0">
<system-out><![CDATA[
unique-id: [engine:junit-vintage]/[runner:RegressionTest]/[test:RegressionTest4]/[test:test2374(RegressionTest4)]
display-name: test2374
]]></system-out>
</testcase>
<testcase name="test0789" classname="RegressionTest1" time="0">
<system-out><![CDATA[
unique-id: [engine:junit-vintage]/[runner:RegressionTest]/[test:RegressionTest1]/[test:test0789(RegressionTest1)]
display-name: test0789
]]></system-out>
</testcase>
<testcase name="test1599" classname="RegressionTest3" time="0">
<system-out><![CDATA[
unique-id: [engine:junit-vintage]/[runner:RegressionTest]/[test:RegressionTest3]/[test:test1599(RegressionTest3)]
display-name: test1599
]]></system-out>
</testcase>
<testcase name="test2274" classname="RegressionTest4" time="0">
<system-out><![CDATA[
unique-id: [engine:junit-vintage]/[runner:RegressionTest]/[test:RegressionTest4]/[test:test2274(RegressionTest4)]
display-name: test2274
]]></system-out>
</testcase>
<testcase name="test2644" classname="RegressionTest5" time="0">
<system-out><![CDATA[
unique-id: [engine:junit-vintage]/[runner:RegressionTest]/[test:RegressionTest5]/[test:test2644(RegressionTest5)]
display-name: test2644
]]></system-out>
</testcase>
<testcase name="test1499" classname="RegressionTest2" time="0">
<system-out><![CDATA[
unique-id: [engine:junit-vintage]/[runner:RegressionTest]/[test:RegressionTest2]/[test:test1499(RegressionTest2)]
display-name: test1499
]]></system-out>
</testcase>
<testcase name="test1126" classname="RegressionTest2" time="0">
<system-out><![CDATA[
unique-id: [engine:junit-vintage]/[runner:RegressionTest]/[test:RegressionTest2]/[test:test1126(RegressionTest2)]
display-name: test1126
]]></system-out>
</testcase>
<testcase name="test0316" classname="RegressionTest0" time="0">
<system-out><![CDATA[
unique-id: [engine:junit-vintage]/[runner:RegressionTest]/[test:RegressionTest0]/[test:test0316(RegressionTest0)]
display-name: test0316
]]></system-out>
</testcase>
<testcase name="test0913" classname="RegressionTest1" time="0">
<system-out><![CDATA[
unique-id: [engine:junit-vintage]/[runner:RegressionTest]/[test:RegressionTest1]/[test:test0913(RegressionTest1)]
display-name: test0913
]]></system-out>
</testcase>
<testcase name="test1723" classname="RegressionTest3" time="0">
<system-out><![CDATA[
unique-id: [engine:junit-vintage]/[runner:RegressionTest]/[test:RegressionTest3]/[test:test1723(RegressionTest3)]
display-name: test1723
]]></system-out>
</testcase>
<testcase name="test0210" classname="RegressionTest0" time="0">
<system-out><![CDATA[
unique-id: [engine:junit-vintage]/[runner:RegressionTest]/[test:RegressionTest0]/[test:test0210(RegressionTest0)]
display-name: test0210
]]></system-out>
</testcase>
<testcase name="test1020" classname="RegressionTest2" time="0">
<system-out><![CDATA[
unique-id: [engine:junit-vintage]/[runner:RegressionTest]/[test:RegressionTest2]/[test:test1020(RegressionTest2)]
display-name: test1020
]]></system-out>
</testcase>
<testcase name="test0808" classname="RegressionTest1" time="0">
<system-out><![CDATA[
unique-id: [engine:junit-vintage]/[runner:RegressionTest]/[test:RegressionTest1]/[test:test0808(RegressionTest1)]
display-name: test0808
]]></system-out>
</testcase>
<testcase name="test1618" classname="RegressionTest3" time="0">
<system-out><![CDATA[
unique-id: [engine:junit-vintage]/[runner:RegressionTest]/[test:RegressionTest3]/[test:test1618(RegressionTest3)]
display-name: test1618
]]></system-out>
</testcase>
<testcase name="test0683" classname="RegressionTest1" time="0">
<system-out><![CDATA[
unique-id: [engine:junit-vintage]/[runner:RegressionTest]/[test:RegressionTest1]/[test:test0683(RegressionTest1)]
display-name: test0683
]]></system-out>
</testcase>
<testcase name="test1393" classname="RegressionTest2" time="0">
<system-out><![CDATA[
unique-id: [engine:junit-vintage]/[runner:RegressionTest]/[test:RegressionTest2]/[test:test1393(RegressionTest2)]
display-name: test1393
]]></system-out>
</testcase>
<testcase name="test2433" classname="RegressionTest4" time="0">
<system-out><![CDATA[
unique-id: [engine:junit-vintage]/[runner:RegressionTest]/[test:RegressionTest4]/[test:test2433(RegressionTest4)]
display-name: test2433
]]></system-out>
</testcase>
<testcase name="test0086" classname="RegressionTest0" time="0">
<system-out><![CDATA[
unique-id: [engine:junit-vintage]/[runner:RegressionTest]/[test:RegressionTest0]/[test:test0086(RegressionTest0)]
display-name: test0086
]]></system-out>
</testcase>
<testcase name="test2533" classname="RegressionTest5" time="0">
<system-out><![CDATA[
unique-id: [engine:junit-vintage]/[runner:RegressionTest]/[test:RegressionTest5]/[test:test2533(RegressionTest5)]
display-name: test2533
]]></system-out>
</testcase>
<testcase name="test0678" classname="RegressionTest1" time="0">
<system-out><![CDATA[
unique-id: [engine:junit-vintage]/[runner:RegressionTest]/[test:RegressionTest1]/[test:test0678(RegressionTest1)]
display-name: test0678
]]></system-out>
</testcase>
<testcase name="test0948" classname="RegressionTest1" time="0">
<system-out><![CDATA[
unique-id: [engine:junit-vintage]/[runner:RegressionTest]/[test:RegressionTest1]/[test:test0948(RegressionTest1)]
display-name: test0948
]]></system-out>
</testcase>
<testcase name="test1758" classname="RegressionTest3" time="0">
<system-out><![CDATA[
unique-id: [engine:junit-vintage]/[runner:RegressionTest]/[test:RegressionTest3]/[test:test1758(RegressionTest3)]
display-name: test1758
]]></system-out>
</testcase>
<testcase name="test2568" classname="RegressionTest5" time="0">
<system-out><![CDATA[
unique-id: [engine:junit-vintage]/[runner:RegressionTest]/[test:RegressionTest5]/[test:test2568(RegressionTest5)]
display-name: test2568
]]></system-out>
</testcase>
<testcase name="test1388" classname="RegressionTest2" time="0">
<system-out><![CDATA[
unique-id: [engine:junit-vintage]/[runner:RegressionTest]/[test:RegressionTest2]/[test:test1388(RegressionTest2)]
display-name: test1388
]]></system-out>
</testcase>
<testcase name="test2198" classname="RegressionTest4" time="0">
<system-out><![CDATA[
unique-id: [engine:junit-vintage]/[runner:RegressionTest]/[test:RegressionTest4]/[test:test2198(RegressionTest4)]
display-name: test2198
]]></system-out>
</testcase>
<testcase name="test0427" classname="RegressionTest0" time="0">
<system-out><![CDATA[
unique-id: [engine:junit-vintage]/[runner:RegressionTest]/[test:RegressionTest0]/[test:test0427(RegressionTest0)]
display-name: test0427
]]></system-out>
</testcase>
<testcase name="test1237" classname="RegressionTest2" time="0">
<system-out><![CDATA[
unique-id: [engine:junit-vintage]/[runner:RegressionTest]/[test:RegressionTest2]/[test:test1237(RegressionTest2)]
display-name: test1237
]]></system-out>
</testcase>
<testcase name="test2047" classname="RegressionTest4" time="0">
<system-out><![CDATA[
unique-id: [engine:junit-vintage]/[runner:RegressionTest]/[test:RegressionTest4]/[test:test2047(RegressionTest4)]
display-name: test2047
]]></system-out>
</testcase>
<testcase name="test0221" classname="RegressionTest0" time="0">
<system-out><![CDATA[
unique-id: [engine:junit-vintage]/[runner:RegressionTest]/[test:RegressionTest0]/[test:test0221(RegressionTest0)]
display-name: test0221
]]></system-out>
</testcase>
<testcase name="test0702" classname="RegressionTest1" time="0">
<system-out><![CDATA[
unique-id: [engine:junit-vintage]/[runner:RegressionTest]/[test:RegressionTest1]/[test:test0702(RegressionTest1)]
display-name: test0702
]]></system-out>
</testcase>
<testcase name="test1131" classname="RegressionTest2" time="0">
<system-out><![CDATA[
unique-id: [engine:junit-vintage]/[runner:RegressionTest]/[test:RegressionTest2]/[test:test1131(RegressionTest2)]
display-name: test1131
]]></system-out>
</testcase>
<testcase name="test1512" classname="RegressionTest3" time="0">
<system-out><![CDATA[
unique-id: [engine:junit-vintage]/[runner:RegressionTest]/[test:RegressionTest3]/[test:test1512(RegressionTest3)]
display-name: test1512
]]></system-out>
</testcase>
<testcase name="test1031" classname="RegressionTest2" time="0">
<system-out><![CDATA[
unique-id: [engine:junit-vintage]/[runner:RegressionTest]/[test:RegressionTest2]/[test:test1031(RegressionTest2)]
display-name: test1031
]]></system-out>
</testcase>
<testcase name="test0327" classname="RegressionTest0" time="0">
<system-out><![CDATA[
unique-id: [engine:junit-vintage]/[runner:RegressionTest]/[test:RegressionTest0]/[test:test0327(RegressionTest0)]
display-name: test0327
]]></system-out>
</testcase>
<testcase name="test1137" classname="RegressionTest2" time="0">
<system-out><![CDATA[
unique-id: [engine:junit-vintage]/[runner:RegressionTest]/[test:RegressionTest2]/[test:test1137(RegressionTest2)]
display-name: test1137
]]></system-out>
</testcase>
<testcase name="test1507" classname="RegressionTest3" time="0">
<system-out><![CDATA[
unique-id: [engine:junit-vintage]/[runner:RegressionTest]/[test:RegressionTest3]/[test:test1507(RegressionTest3)]
display-name: test1507
]]></system-out>
</testcase>
<testcase name="test1985" classname="RegressionTest3" time="0">
<system-out><![CDATA[
unique-id: [engine:junit-vintage]/[runner:RegressionTest]/[test:RegressionTest3]/[test:test1985(RegressionTest3)]
display-name: test1985
]]></system-out>
</testcase>
<testcase name="test0321" classname="RegressionTest0" time="0">
<system-out><![CDATA[
unique-id: [engine:junit-vintage]/[runner:RegressionTest]/[test:RegressionTest0]/[test:test0321(RegressionTest0)]
display-name: test0321
]]></system-out>
</testcase>
<testcase name="test0959" classname="RegressionTest1" time="0">
<system-out><![CDATA[
unique-id: [engine:junit-vintage]/[runner:RegressionTest]/[test:RegressionTest1]/[test:test0959(RegressionTest1)]
display-name: test0959
]]></system-out>
</testcase>
<testcase name="test1769" classname="RegressionTest3" time="0">
<system-out><![CDATA[
unique-id: [engine:junit-vintage]/[runner:RegressionTest]/[test:RegressionTest3]/[test:test1769(RegressionTest3)]
display-name: test1769
]]></system-out>
</testcase>
<testcase name="test2579" classname="RegressionTest5" time="0">
<system-out><![CDATA[
unique-id: [engine:junit-vintage]/[runner:RegressionTest]/[test:RegressionTest5]/[test:test2579(RegressionTest5)]
display-name: test2579
]]></system-out>
</testcase>
<testcase name="test1869" classname="RegressionTest3" time="0">
<system-out><![CDATA[
unique-id: [engine:junit-vintage]/[runner:RegressionTest]/[test:RegressionTest3]/[test:test1869(RegressionTest3)]
display-name: test1869
]]></system-out>
</testcase>
<testcase name="test2679" classname="RegressionTest5" time="0">
<system-out><![CDATA[
unique-id: [engine:junit-vintage]/[runner:RegressionTest]/[test:RegressionTest5]/[test:test2679(RegressionTest5)]
display-name: test2679
]]></system-out>
</testcase>
<testcase name="test0572" classname="RegressionTest1" time="0">
<system-out><![CDATA[
unique-id: [engine:junit-vintage]/[runner:RegressionTest]/[test:RegressionTest1]/[test:test0572(RegressionTest1)]
display-name: test0572
]]></system-out>
</testcase>
<testcase name="test0197" classname="RegressionTest0" time="0">
<system-out><![CDATA[
unique-id: [engine:junit-vintage]/[runner:RegressionTest]/[test:RegressionTest0]/[test:test0197(RegressionTest0)]
display-name: test0197
]]></system-out>
</testcase>
<testcase name="test1990" classname="RegressionTest3" time="0">
<system-out><![CDATA[
unique-id: [engine:junit-vintage]/[runner:RegressionTest]/[test:RegressionTest3]/[test:test1990(RegressionTest3)]
display-name: test1990
]]></system-out>
</testcase>
<testcase name="test1535" classname="RegressionTest3" time="0">
<system-out><![CDATA[
unique-id: [engine:junit-vintage]/[runner:RegressionTest]/[test:RegressionTest3]/[test:test1535(RegressionTest3)]
display-name: test1535
]]></system-out>
</testcase>
<testcase name="test0689" classname="RegressionTest1" time="0">
<system-out><![CDATA[
unique-id: [engine:junit-vintage]/[runner:RegressionTest]/[test:RegressionTest1]/[test:test0689(RegressionTest1)]
display-name: test0689
]]></system-out>
</testcase>
<testcase name="test2391" classname="RegressionTest4" time="0">
<system-out><![CDATA[
unique-id: [engine:junit-vintage]/[runner:RegressionTest]/[test:RegressionTest4]/[test:test2391(RegressionTest4)]
display-name: test2391
]]></system-out>
</testcase>
<testcase name="test0638" classname="RegressionTest1" time="0">
<system-out><![CDATA[
unique-id: [engine:junit-vintage]/[runner:RegressionTest]/[test:RegressionTest1]/[test:test0638(RegressionTest1)]
display-name: test0638
]]></system-out>
</testcase>
<testcase name="test0908" classname="RegressionTest1" time="0">
<system-out><![CDATA[
unique-id: [engine:junit-vintage]/[runner:RegressionTest]/[test:RegressionTest1]/[test:test0908(RegressionTest1)]
display-name: test0908
]]></system-out>
</testcase>
<testcase name="test2528" classname="RegressionTest5" time="0">
<system-out><![CDATA[
unique-id: [engine:junit-vintage]/[runner:RegressionTest]/[test:RegressionTest5]/[test:test2528(RegressionTest5)]
display-name: test2528
]]></system-out>
</testcase>
<testcase name="test0526" classname="RegressionTest1" time="0">
<system-out><![CDATA[
unique-id: [engine:junit-vintage]/[runner:RegressionTest]/[test:RegressionTest1]/[test:test0526(RegressionTest1)]
display-name: test0526
]]></system-out>
</testcase>
<testcase name="test0057" classname="RegressionTest0" time="0">
<system-out><![CDATA[
unique-id: [engine:junit-vintage]/[runner:RegressionTest]/[test:RegressionTest0]/[test:test0057(RegressionTest0)]
display-name: test0057
]]></system-out>
</testcase>
<testcase name="test1453" classname="RegressionTest2" time="0">
<system-out><![CDATA[
unique-id: [engine:junit-vintage]/[runner:RegressionTest]/[test:RegressionTest2]/[test:test1453(RegressionTest2)]
display-name: test1453
]]></system-out>
</testcase>
<testcase name="test0022" classname="RegressionTest0" time="0">
<system-out><![CDATA[
unique-id: [engine:junit-vintage]/[runner:RegressionTest]/[test:RegressionTest0]/[test:test0022(RegressionTest0)]
display-name: test0022
]]></system-out>
</testcase>
<testcase name="test2385" classname="RegressionTest4" time="0">
<system-out><![CDATA[
unique-id: [engine:junit-vintage]/[runner:RegressionTest]/[test:RegressionTest4]/[test:test2385(RegressionTest4)]
display-name: test2385
]]></system-out>
</testcase>
<testcase name="test1519" classname="RegressionTest3" time="0">
<system-out><![CDATA[
unique-id: [engine:junit-vintage]/[runner:RegressionTest]/[test:RegressionTest3]/[test:test1519(RegressionTest3)]
display-name: test1519
]]></system-out>
</testcase>
<testcase name="test2298" classname="RegressionTest4" time="0">
<system-out><![CDATA[
unique-id: [engine:junit-vintage]/[runner:RegressionTest]/[test:RegressionTest4]/[test:test2298(RegressionTest4)]
display-name: test2298
]]></system-out>
</testcase>
<testcase name="test0205" classname="RegressionTest0" time="0">
<system-out><![CDATA[
unique-id: [engine:junit-vintage]/[runner:RegressionTest]/[test:RegressionTest0]/[test:test0205(RegressionTest0)]
display-name: test0205
]]></system-out>
</testcase>
<testcase name="test0256" classname="RegressionTest0" time="0">
<system-out><![CDATA[
unique-id: [engine:junit-vintage]/[runner:RegressionTest]/[test:RegressionTest0]/[test:test0256(RegressionTest0)]
display-name: test0256
]]></system-out>
</testcase>
<testcase name="test0853" classname="RegressionTest1" time="0">
<system-out><![CDATA[
unique-id: [engine:junit-vintage]/[runner:RegressionTest]/[test:RegressionTest1]/[test:test0853(RegressionTest1)]
display-name: test0853
]]></system-out>
</testcase>
<testcase name="test0098" classname="RegressionTest0" time="0">
<system-out><![CDATA[
unique-id: [engine:junit-vintage]/[runner:RegressionTest]/[test:RegressionTest0]/[test:test0098(RegressionTest0)]
display-name: test0098
]]></system-out>
</testcase>
<testcase name="test0660" classname="RegressionTest1" time="0">
<system-out><![CDATA[
unique-id: [engine:junit-vintage]/[runner:RegressionTest]/[test:RegressionTest1]/[test:test0660(RegressionTest1)]
display-name: test0660
]]></system-out>
</testcase>
<testcase name="test1407" classname="RegressionTest2" time="0">
<system-out><![CDATA[
unique-id: [engine:junit-vintage]/[runner:RegressionTest]/[test:RegressionTest2]/[test:test1407(RegressionTest2)]
display-name: test1407
]]></system-out>
</testcase>
<testcase name="test2350" classname="RegressionTest4" time="0">
<system-out><![CDATA[
unique-id: [engine:junit-vintage]/[runner:RegressionTest]/[test:RegressionTest4]/[test:test2350(RegressionTest4)]
display-name: test2350
]]></system-out>
</testcase>
<testcase name="test1576" classname="RegressionTest3" time="0">
<system-out><![CDATA[
unique-id: [engine:junit-vintage]/[runner:RegressionTest]/[test:RegressionTest3]/[test:test1576(RegressionTest3)]
display-name: test1576
]]></system-out>
</testcase>
<testcase name="test2369" classname="RegressionTest4" time="0">
<system-out><![CDATA[
unique-id: [engine:junit-vintage]/[runner:RegressionTest]/[test:RegressionTest4]/[test:test2369(RegressionTest4)]
display-name: test2369
]]></system-out>
</testcase>
<testcase name="test1382" classname="RegressionTest2" time="0">
<system-out><![CDATA[
unique-id: [engine:junit-vintage]/[runner:RegressionTest]/[test:RegressionTest2]/[test:test1382(RegressionTest2)]
display-name: test1382
]]></system-out>
</testcase>
<testcase name="test2222" classname="RegressionTest4" time="0">
<system-out><![CDATA[
unique-id: [engine:junit-vintage]/[runner:RegressionTest]/[test:RegressionTest4]/[test:test2222(RegressionTest4)]
display-name: test2222
]]></system-out>
</testcase>
<testcase name="test1805" classname="RegressionTest3" time="0">
<system-out><![CDATA[
unique-id: [engine:junit-vintage]/[runner:RegressionTest]/[test:RegressionTest3]/[test:test1805(RegressionTest3)]
display-name: test1805
]]></system-out>
</testcase>
<testcase name="test0981" classname="RegressionTest1" time="0">
<system-out><![CDATA[
unique-id: [engine:junit-vintage]/[runner:RegressionTest]/[test:RegressionTest1]/[test:test0981(RegressionTest1)]
display-name: test0981
]]></system-out>
</testcase>
<testcase name="test2206" classname="RegressionTest4" time="0">
<system-out><![CDATA[
unique-id: [engine:junit-vintage]/[runner:RegressionTest]/[test:RegressionTest4]/[test:test2206(RegressionTest4)]
display-name: test2206
]]></system-out>
</testcase>
<testcase name="test1325" classname="RegressionTest2" time="0">
<system-out><![CDATA[
unique-id: [engine:junit-vintage]/[runner:RegressionTest]/[test:RegressionTest2]/[test:test1325(RegressionTest2)]
display-name: test1325
]]></system-out>
</testcase>
<testcase name="test0603" classname="RegressionTest1" time="0">
<system-out><![CDATA[
unique-id: [engine:junit-vintage]/[runner:RegressionTest]/[test:RegressionTest1]/[test:test0603(RegressionTest1)]
display-name: test0603
]]></system-out>
</testcase>
<testcase name="test1230" classname="RegressionTest2" time="0">
<system-out><![CDATA[
unique-id: [engine:junit-vintage]/[runner:RegressionTest]/[test:RegressionTest2]/[test:test1230(RegressionTest2)]
display-name: test1230
]]></system-out>
</testcase>
<testcase name="test0333" classname="RegressionTest0" time="0">
<system-out><![CDATA[
unique-id: [engine:junit-vintage]/[runner:RegressionTest]/[test:RegressionTest0]/[test:test0333(RegressionTest0)]
display-name: test0333
]]></system-out>
</testcase>
<testcase name="test0924" classname="RegressionTest1" time="0">
<system-out><![CDATA[
unique-id: [engine:junit-vintage]/[runner:RegressionTest]/[test:RegressionTest1]/[test:test0924(RegressionTest1)]
display-name: test0924
]]></system-out>
</testcase>
<testcase name="test2544" classname="RegressionTest5" time="0">
<system-out><![CDATA[
unique-id: [engine:junit-vintage]/[runner:RegressionTest]/[test:RegressionTest5]/[test:test2544(RegressionTest5)]
display-name: test2544
]]></system-out>
</testcase>
<testcase name="test0837" classname="RegressionTest1" time="0">
<system-out><![CDATA[
unique-id: [engine:junit-vintage]/[runner:RegressionTest]/[test:RegressionTest1]/[test:test0837(RegressionTest1)]
display-name: test0837
]]></system-out>
</testcase>
<testcase name="test1973" classname="RegressionTest3" time="0">
<system-out><![CDATA[
unique-id: [engine:junit-vintage]/[runner:RegressionTest]/[test:RegressionTest3]/[test:test1973(RegressionTest3)]
display-name: test1973
]]></system-out>
</testcase>
<testcase name="test0403" classname="RegressionTest0" time="0">
<system-out><![CDATA[
unique-id: [engine:junit-vintage]/[runner:RegressionTest]/[test:RegressionTest0]/[test:test0403(RegressionTest0)]
display-name: test0403
]]></system-out>
</testcase>
<testcase name="test2023" classname="RegressionTest4" time="0">
<system-out><![CDATA[
unique-id: [engine:junit-vintage]/[runner:RegressionTest]/[test:RegressionTest4]/[test:test2023(RegressionTest4)]
display-name: test2023
]]></system-out>
</testcase>
<testcase name="test1072" classname="RegressionTest2" time="0">
<system-out><![CDATA[
unique-id: [engine:junit-vintage]/[runner:RegressionTest]/[test:RegressionTest2]/[test:test1072(RegressionTest2)]
display-name: test1072
]]></system-out>
</testcase>
<testcase name="test2223" classname="RegressionTest4" time="0">
<system-out><![CDATA[
unique-id: [engine:junit-vintage]/[runner:RegressionTest]/[test:RegressionTest4]/[test:test2223(RegressionTest4)]
display-name: test2223
]]></system-out>
</testcase>
<testcase name="test0384" classname="RegressionTest0" time="0">
<system-out><![CDATA[
unique-id: [engine:junit-vintage]/[runner:RegressionTest]/[test:RegressionTest0]/[test:test0384(RegressionTest0)]
display-name: test0384
]]></system-out>
</testcase>
<testcase name="test0771" classname="RegressionTest1" time="0">
<system-out><![CDATA[
unique-id: [engine:junit-vintage]/[runner:RegressionTest]/[test:RegressionTest1]/[test:test0771(RegressionTest1)]
display-name: test0771
]]></system-out>
</testcase>
<testcase name="test1055" classname="RegressionTest2" time="0">
<system-out><![CDATA[
unique-id: [engine:junit-vintage]/[runner:RegressionTest]/[test:RegressionTest2]/[test:test1055(RegressionTest2)]
display-name: test1055
]]></system-out>
</testcase>
<testcase name="test1652" classname="RegressionTest3" time="0">
<system-out><![CDATA[
unique-id: [engine:junit-vintage]/[runner:RegressionTest]/[test:RegressionTest3]/[test:test1652(RegressionTest3)]
display-name: test1652
]]></system-out>
</testcase>
<testcase name="test2620" classname="RegressionTest5" time="0">
<system-out><![CDATA[
unique-id: [engine:junit-vintage]/[runner:RegressionTest]/[test:RegressionTest5]/[test:test2620(RegressionTest5)]
display-name: test2620
]]></system-out>
</testcase>
<testcase name="test0368" classname="RegressionTest0" time="0">
<system-out><![CDATA[
unique-id: [engine:junit-vintage]/[runner:RegressionTest]/[test:RegressionTest0]/[test:test0368(RegressionTest0)]
display-name: test0368
]]></system-out>
</testcase>
<testcase name="test1687" classname="RegressionTest3" time="0">
<system-out><![CDATA[
unique-id: [engine:junit-vintage]/[runner:RegressionTest]/[test:RegressionTest3]/[test:test1687(RegressionTest3)]
display-name: test1687
]]></system-out>
</testcase>
<testcase name="test0965" classname="RegressionTest1" time="0">
<system-out><![CDATA[
unique-id: [engine:junit-vintage]/[runner:RegressionTest]/[test:RegressionTest1]/[test:test0965(RegressionTest1)]
display-name: test0965
]]></system-out>
</testcase>
<testcase name="test1271" classname="RegressionTest2" time="0">
<system-out><![CDATA[
unique-id: [engine:junit-vintage]/[runner:RegressionTest]/[test:RegressionTest2]/[test:test1271(RegressionTest2)]
display-name: test1271
]]></system-out>
</testcase>
<testcase name="test2111" classname="RegressionTest4" time="0">
<system-out><![CDATA[
unique-id: [engine:junit-vintage]/[runner:RegressionTest]/[test:RegressionTest4]/[test:test2111(RegressionTest4)]
display-name: test2111
]]></system-out>
</testcase>
<testcase name="test2146" classname="RegressionTest4" time="0">
<system-out><![CDATA[
unique-id: [engine:junit-vintage]/[runner:RegressionTest]/[test:RegressionTest4]/[test:test2146(RegressionTest4)]
display-name: test2146
]]></system-out>
</testcase>
<testcase name="test0117" classname="RegressionTest0" time="0">
<system-out><![CDATA[
unique-id: [engine:junit-vintage]/[runner:RegressionTest]/[test:RegressionTest0]/[test:test0117(RegressionTest0)]
display-name: test0117
]]></system-out>
</testcase>
<testcase name="test1071" classname="RegressionTest2" time="0">
<system-out><![CDATA[
unique-id: [engine:junit-vintage]/[runner:RegressionTest]/[test:RegressionTest2]/[test:test1071(RegressionTest2)]
display-name: test1071
]]></system-out>
</testcase>
<testcase name="test1811" classname="RegressionTest3" time="0">
<system-out><![CDATA[
unique-id: [engine:junit-vintage]/[runner:RegressionTest]/[test:RegressionTest3]/[test:test1811(RegressionTest3)]
display-name: test1811
]]></system-out>
</testcase>
<testcase name="test2604" classname="RegressionTest5" time="0">
<system-out><![CDATA[
unique-id: [engine:junit-vintage]/[runner:RegressionTest]/[test:RegressionTest5]/[test:test2604(RegressionTest5)]
display-name: test2604
]]></system-out>
</testcase>
<testcase name="test0999" classname="RegressionTest1" time="0">
<system-out><![CDATA[
unique-id: [engine:junit-vintage]/[runner:RegressionTest]/[test:RegressionTest1]/[test:test0999(RegressionTest1)]
display-name: test0999
]]></system-out>
</testcase>
<testcase name="test0765" classname="RegressionTest1" time="0">
<system-out><![CDATA[
unique-id: [engine:junit-vintage]/[runner:RegressionTest]/[test:RegressionTest1]/[test:test0765(RegressionTest1)]
display-name: test0765
]]></system-out>
</testcase>
<testcase name="test1341" classname="RegressionTest2" time="0">
<system-out><![CDATA[
unique-id: [engine:junit-vintage]/[runner:RegressionTest]/[test:RegressionTest2]/[test:test1341(RegressionTest2)]
display-name: test1341
]]></system-out>
</testcase>
<testcase name="test1780" classname="RegressionTest3" time="0">
<system-out><![CDATA[
unique-id: [engine:junit-vintage]/[runner:RegressionTest]/[test:RegressionTest3]/[test:test1780(RegressionTest3)]
display-name: test1780
]]></system-out>
</testcase>
<testcase name="test2007" classname="RegressionTest4" time="0">
<system-out><![CDATA[
unique-id: [engine:junit-vintage]/[runner:RegressionTest]/[test:RegressionTest4]/[test:test2007(RegressionTest4)]
display-name: test2007
]]></system-out>
</testcase>
<testcase name="test1611" classname="RegressionTest3" time="0">
<system-out><![CDATA[
unique-id: [engine:junit-vintage]/[runner:RegressionTest]/[test:RegressionTest3]/[test:test1611(RegressionTest3)]
display-name: test1611
]]></system-out>
</testcase>
<testcase name="test0495" classname="RegressionTest0" time="0">
<system-out><![CDATA[
unique-id: [engine:junit-vintage]/[runner:RegressionTest]/[test:RegressionTest0]/[test:test0495(RegressionTest0)]
display-name: test0495
]]></system-out>
</testcase>
<testcase name="test2655" classname="RegressionTest5" time="0">
<system-out><![CDATA[
unique-id: [engine:junit-vintage]/[runner:RegressionTest]/[test:RegressionTest5]/[test:test2655(RegressionTest5)]
display-name: test2655
]]></system-out>
</testcase>
<testcase name="test2585" classname="RegressionTest5" time="0">
<system-out><![CDATA[
unique-id: [engine:junit-vintage]/[runner:RegressionTest]/[test:RegressionTest5]/[test:test2585(RegressionTest5)]
display-name: test2585
]]></system-out>
</testcase>
<testcase name="test1319" classname="RegressionTest2" time="0">
<system-out><![CDATA[
unique-id: [engine:junit-vintage]/[runner:RegressionTest]/[test:RegressionTest2]/[test:test1319(RegressionTest2)]
display-name: test1319
]]></system-out>
</testcase>
<testcase name="test1541" classname="RegressionTest3" time="0">
<system-out><![CDATA[
unique-id: [engine:junit-vintage]/[runner:RegressionTest]/[test:RegressionTest3]/[test:test1541(RegressionTest3)]
display-name: test1541
]]></system-out>
</testcase>
<testcase name="test0749" classname="RegressionTest1" time="0">
<system-out><![CDATA[
unique-id: [engine:junit-vintage]/[runner:RegressionTest]/[test:RegressionTest1]/[test:test0749(RegressionTest1)]
display-name: test0749
]]></system-out>
</testcase>
<testcase name="test1592" classname="RegressionTest3" time="0">
<system-out><![CDATA[
unique-id: [engine:junit-vintage]/[runner:RegressionTest]/[test:RegressionTest3]/[test:test1592(RegressionTest3)]
display-name: test1592
]]></system-out>
</testcase>
<testcase name="test2334" classname="RegressionTest4" time="0">
<system-out><![CDATA[
unique-id: [engine:junit-vintage]/[runner:RegressionTest]/[test:RegressionTest4]/[test:test2334(RegressionTest4)]
display-name: test2334
]]></system-out>
</testcase>
<testcase name="test1183" classname="RegressionTest2" time="0">
<system-out><![CDATA[
unique-id: [engine:junit-vintage]/[runner:RegressionTest]/[test:RegressionTest2]/[test:test1183(RegressionTest2)]
display-name: test1183
]]></system-out>
</testcase>
<testcase name="test2473" classname="RegressionTest4" time="0">
<system-out><![CDATA[
unique-id: [engine:junit-vintage]/[runner:RegressionTest]/[test:RegressionTest4]/[test:test2473(RegressionTest4)]
display-name: test2473
]]></system-out>
</testcase>
<testcase name="test0888" classname="RegressionTest1" time="0">
<system-out><![CDATA[
unique-id: [engine:junit-vintage]/[runner:RegressionTest]/[test:RegressionTest1]/[test:test0888(RegressionTest1)]
display-name: test0888
]]></system-out>
</testcase>
<testcase name="test0168" classname="RegressionTest0" time="0">
<system-out><![CDATA[
unique-id: [engine:junit-vintage]/[runner:RegressionTest]/[test:RegressionTest0]/[test:test0168(RegressionTest0)]
display-name: test0168
]]></system-out>
</testcase>
<testcase name="test0479" classname="RegressionTest0" time="0">
<system-out><![CDATA[
unique-id: [engine:junit-vintage]/[runner:RegressionTest]/[test:RegressionTest0]/[test:test0479(RegressionTest0)]
display-name: test0479
]]></system-out>
</testcase>
<testcase name="test2099" classname="RegressionTest4" time="0">
<system-out><![CDATA[
unique-id: [engine:junit-vintage]/[runner:RegressionTest]/[test:RegressionTest4]/[test:test2099(RegressionTest4)]
display-name: test2099
]]></system-out>
</testcase>
<testcase name="test2457" classname="RegressionTest4" time="0">
<system-out><![CDATA[
unique-id: [engine:junit-vintage]/[runner:RegressionTest]/[test:RegressionTest4]/[test:test2457(RegressionTest4)]
display-name: test2457
]]></system-out>
</testcase>
<testcase name="test0006" classname="RegressionTest0" time="0">
<system-out><![CDATA[
unique-id: [engine:junit-vintage]/[runner:RegressionTest]/[test:RegressionTest0]/[test:test0006(RegressionTest0)]
display-name: test0006
]]></system-out>
</testcase>
<testcase name="test1922" classname="RegressionTest3" time="0">
<system-out><![CDATA[
unique-id: [engine:junit-vintage]/[runner:RegressionTest]/[test:RegressionTest3]/[test:test1922(RegressionTest3)]
display-name: test1922
]]></system-out>
</testcase>
<testcase name="test0654" classname="RegressionTest1" time="0">
<system-out><![CDATA[
unique-id: [engine:junit-vintage]/[runner:RegressionTest]/[test:RegressionTest1]/[test:test0654(RegressionTest1)]
display-name: test0654
]]></system-out>
</testcase>
<testcase name="test1208" classname="RegressionTest2" time="0">
<system-out><![CDATA[
unique-id: [engine:junit-vintage]/[runner:RegressionTest]/[test:RegressionTest2]/[test:test1208(RegressionTest2)]
display-name: test1208
]]></system-out>
</testcase>
<testcase name="test2257" classname="RegressionTest4" time="0">
<system-out><![CDATA[
unique-id: [engine:junit-vintage]/[runner:RegressionTest]/[test:RegressionTest4]/[test:test2257(RegressionTest4)]
display-name: test2257
]]></system-out>
</testcase>
<testcase name="test2496" classname="RegressionTest4" time="0">
<system-out><![CDATA[
unique-id: [engine:junit-vintage]/[runner:RegressionTest]/[test:RegressionTest4]/[test:test2496(RegressionTest4)]
display-name: test2496
]]></system-out>
</testcase>
<testcase name="test2527" classname="RegressionTest5" time="0">
<system-out><![CDATA[
unique-id: [engine:junit-vintage]/[runner:RegressionTest]/[test:RegressionTest5]/[test:test2527(RegressionTest5)]
display-name: test2527
]]></system-out>
</testcase>
<testcase name="test0907" classname="RegressionTest1" time="0">
<system-out><![CDATA[
unique-id: [engine:junit-vintage]/[runner:RegressionTest]/[test:RegressionTest1]/[test:test0907(RegressionTest1)]
display-name: test0907
]]></system-out>
</testcase>
<testcase name="test0584" classname="RegressionTest1" time="0">
<system-out><![CDATA[
unique-id: [engine:junit-vintage]/[runner:RegressionTest]/[test:RegressionTest1]/[test:test0584(RegressionTest1)]
display-name: test0584
]]></system-out>
</testcase>
<testcase name="test2616" classname="RegressionTest5" time="0">
<system-out><![CDATA[
unique-id: [engine:junit-vintage]/[runner:RegressionTest]/[test:RegressionTest5]/[test:test2616(RegressionTest5)]
display-name: test2616
]]></system-out>
</testcase>
<testcase name="test1294" classname="RegressionTest2" time="0">
<system-out><![CDATA[
unique-id: [engine:junit-vintage]/[runner:RegressionTest]/[test:RegressionTest2]/[test:test1294(RegressionTest2)]
display-name: test1294
]]></system-out>
</testcase>
<testcase name="test2445" classname="RegressionTest4" time="0">
<system-out><![CDATA[
unique-id: [engine:junit-vintage]/[runner:RegressionTest]/[test:RegressionTest4]/[test:test2445(RegressionTest4)]
display-name: test2445
]]></system-out>
</testcase>
<testcase name="test2191" classname="RegressionTest4" time="0">
<system-out><![CDATA[
unique-id: [engine:junit-vintage]/[runner:RegressionTest]/[test:RegressionTest4]/[test:test2191(RegressionTest4)]
display-name: test2191
]]></system-out>
</testcase>
<testcase name="test1735" classname="RegressionTest3" time="0">
<system-out><![CDATA[
unique-id: [engine:junit-vintage]/[runner:RegressionTest]/[test:RegressionTest3]/[test:test1735(RegressionTest3)]
display-name: test1735
]]></system-out>
</testcase>
<testcase name="test2632" classname="RegressionTest5" time="0">
<system-out><![CDATA[
unique-id: [engine:junit-vintage]/[runner:RegressionTest]/[test:RegressionTest5]/[test:test2632(RegressionTest5)]
display-name: test2632
]]></system-out>
</testcase>
<testcase name="test0777" classname="RegressionTest1" time="0">
<system-out><![CDATA[
unique-id: [engine:junit-vintage]/[runner:RegressionTest]/[test:RegressionTest1]/[test:test0777(RegressionTest1)]
display-name: test0777
]]></system-out>
</testcase>
<testcase name="test1891" classname="RegressionTest3" time="0">
<system-out><![CDATA[
unique-id: [engine:junit-vintage]/[runner:RegressionTest]/[test:RegressionTest3]/[test:test1891(RegressionTest3)]
display-name: test1891
]]></system-out>
</testcase>
<testcase name="test2175" classname="RegressionTest4" time="0">
<system-out><![CDATA[
unique-id: [engine:junit-vintage]/[runner:RegressionTest]/[test:RegressionTest4]/[test:test2175(RegressionTest4)]
display-name: test2175
]]></system-out>
</testcase>
<testcase name="test0129" classname="RegressionTest0" time="0.004">
<system-out><![CDATA[
unique-id: [engine:junit-vintage]/[runner:RegressionTest]/[test:RegressionTest0]/[test:test0129(RegressionTest0)]
display-name: test0129
]]></system-out>
</testcase>
<testcase name="test2019" classname="RegressionTest4" time="0">
<system-out><![CDATA[
unique-id: [engine:junit-vintage]/[runner:RegressionTest]/[test:RegressionTest4]/[test:test2019(RegressionTest4)]
display-name: test2019
]]></system-out>
</testcase>
<testcase name="test2667" classname="RegressionTest5" time="0">
<system-out><![CDATA[
unique-id: [engine:junit-vintage]/[runner:RegressionTest]/[test:RegressionTest5]/[test:test2667(RegressionTest5)]
display-name: test2667
]]></system-out>
</testcase>
<testcase name="test1487" classname="RegressionTest2" time="0">
<system-out><![CDATA[
unique-id: [engine:junit-vintage]/[runner:RegressionTest]/[test:RegressionTest2]/[test:test1487(RegressionTest2)]
display-name: test1487
]]></system-out>
</testcase>
<testcase name="test1436" classname="RegressionTest2" time="0">
<system-out><![CDATA[
unique-id: [engine:junit-vintage]/[runner:RegressionTest]/[test:RegressionTest2]/[test:test1436(RegressionTest2)]
display-name: test1436
]]></system-out>
</testcase>
<testcase name="test0870" classname="RegressionTest1" time="0">
<system-out><![CDATA[
unique-id: [engine:junit-vintage]/[runner:RegressionTest]/[test:RegressionTest1]/[test:test0870(RegressionTest1)]
display-name: test0870
]]></system-out>
</testcase>
<testcase name="test1154" classname="RegressionTest2" time="0">
<system-out><![CDATA[
unique-id: [engine:junit-vintage]/[runner:RegressionTest]/[test:RegressionTest2]/[test:test1154(RegressionTest2)]
display-name: test1154
]]></system-out>
</testcase>
<testcase name="test0222" classname="RegressionTest0" time="0">
<system-out><![CDATA[
unique-id: [engine:junit-vintage]/[runner:RegressionTest]/[test:RegressionTest0]/[test:test0222(RegressionTest0)]
display-name: test0222
]]></system-out>
</testcase>
<testcase name="test0714" classname="RegressionTest1" time="0">
<system-out><![CDATA[
unique-id: [engine:junit-vintage]/[runner:RegressionTest]/[test:RegressionTest1]/[test:test0714(RegressionTest1)]
display-name: test0714
]]></system-out>
</testcase>
<testcase name="test0390" classname="RegressionTest0" time="0">
<system-out><![CDATA[
unique-id: [engine:junit-vintage]/[runner:RegressionTest]/[test:RegressionTest0]/[test:test0390(RegressionTest0)]
display-name: test0390
]]></system-out>
</testcase>
<testcase name="test1916" classname="RegressionTest3" time="0">
<system-out><![CDATA[
unique-id: [engine:junit-vintage]/[runner:RegressionTest]/[test:RegressionTest3]/[test:test1916(RegressionTest3)]
display-name: test1916
]]></system-out>
</testcase>
<testcase name="test1138" classname="RegressionTest2" time="0">
<system-out><![CDATA[
unique-id: [engine:junit-vintage]/[runner:RegressionTest]/[test:RegressionTest2]/[test:test1138(RegressionTest2)]
display-name: test1138
]]></system-out>
</testcase>
<testcase name="test0133" classname="RegressionTest0" time="0.004">
<system-out><![CDATA[
unique-id: [engine:junit-vintage]/[runner:RegressionTest]/[test:RegressionTest0]/[test:test0133(RegressionTest0)]
display-name: test0133
]]></system-out>
</testcase>
<testcase name="test0285" classname="RegressionTest0" time="0">
<system-out><![CDATA[
unique-id: [engine:junit-vintage]/[runner:RegressionTest]/[test:RegressionTest0]/[test:test0285(RegressionTest0)]
display-name: test0285
]]></system-out>
</testcase>
<testcase name="test1125" classname="RegressionTest2" time="0">
<system-out><![CDATA[
unique-id: [engine:junit-vintage]/[runner:RegressionTest]/[test:RegressionTest2]/[test:test1125(RegressionTest2)]
display-name: test1125
]]></system-out>
</testcase>
<testcase name="test1195" classname="RegressionTest2" time="0">
<system-out><![CDATA[
unique-id: [engine:junit-vintage]/[runner:RegressionTest]/[test:RegressionTest2]/[test:test1195(RegressionTest2)]
display-name: test1195
]]></system-out>
</testcase>
<testcase name="test2035" classname="RegressionTest4" time="0">
<system-out><![CDATA[
unique-id: [engine:junit-vintage]/[runner:RegressionTest]/[test:RegressionTest4]/[test:test2035(RegressionTest4)]
display-name: test2035
]]></system-out>
</testcase>
<testcase name="test2461" classname="RegressionTest4" time="0">
<system-out><![CDATA[
unique-id: [engine:junit-vintage]/[runner:RegressionTest]/[test:RegressionTest4]/[test:test2461(RegressionTest4)]
display-name: test2461
]]></system-out>
</testcase>
<testcase name="test0415" classname="RegressionTest0" time="0">
<system-out><![CDATA[
unique-id: [engine:junit-vintage]/[runner:RegressionTest]/[test:RegressionTest0]/[test:test0415(RegressionTest0)]
display-name: test0415
]]></system-out>
</testcase>
<testcase name="test0876" classname="RegressionTest1" time="0">
<system-out><![CDATA[
unique-id: [engine:junit-vintage]/[runner:RegressionTest]/[test:RegressionTest1]/[test:test0876(RegressionTest1)]
display-name: test0876
]]></system-out>
</testcase>
<testcase name="test0228" classname="RegressionTest0" time="0">
<system-out><![CDATA[
unique-id: [engine:junit-vintage]/[runner:RegressionTest]/[test:RegressionTest0]/[test:test0228(RegressionTest0)]
display-name: test0228
]]></system-out>
</testcase>
<testcase name="test2140" classname="RegressionTest4" time="0">
<system-out><![CDATA[
unique-id: [engine:junit-vintage]/[runner:RegressionTest]/[test:RegressionTest4]/[test:test2140(RegressionTest4)]
display-name: test2140
]]></system-out>
</testcase>
<testcase name="test1700" classname="RegressionTest3" time="0">
<system-out><![CDATA[
unique-id: [engine:junit-vintage]/[runner:RegressionTest]/[test:RegressionTest3]/[test:test1700(RegressionTest3)]
display-name: test1700
]]></system-out>
</testcase>
<testcase name="test1786" classname="RegressionTest3" time="0">
<system-out><![CDATA[
unique-id: [engine:junit-vintage]/[runner:RegressionTest]/[test:RegressionTest3]/[test:test1786(RegressionTest3)]
display-name: test1786
]]></system-out>
</testcase>
<testcase name="test1430" classname="RegressionTest2" time="0">
<system-out><![CDATA[
unique-id: [engine:junit-vintage]/[runner:RegressionTest]/[test:RegressionTest2]/[test:test1430(RegressionTest2)]
display-name: test1430
]]></system-out>
</testcase>
<testcase name="test1757" classname="RegressionTest3" time="0">
<system-out><![CDATA[
unique-id: [engine:junit-vintage]/[runner:RegressionTest]/[test:RegressionTest3]/[test:test1757(RegressionTest3)]
display-name: test1757
]]></system-out>
</testcase>
<testcase name="test1481" classname="RegressionTest2" time="0">
<system-out><![CDATA[
unique-id: [engine:junit-vintage]/[runner:RegressionTest]/[test:RegressionTest2]/[test:test1481(RegressionTest2)]
display-name: test1481
]]></system-out>
</testcase>
<testcase name="test1465" classname="RegressionTest2" time="0">
<system-out><![CDATA[
unique-id: [engine:junit-vintage]/[runner:RegressionTest]/[test:RegressionTest2]/[test:test1465(RegressionTest2)]
display-name: test1465
]]></system-out>
</testcase>
<testcase name="test0555" classname="RegressionTest1" time="0">
<system-out><![CDATA[
unique-id: [engine:junit-vintage]/[runner:RegressionTest]/[test:RegressionTest1]/[test:test0555(RegressionTest1)]
display-name: test0555
]]></system-out>
</testcase>
<testcase name="test0825" classname="RegressionTest1" time="0">
<system-out><![CDATA[
unique-id: [engine:junit-vintage]/[runner:RegressionTest]/[test:RegressionTest1]/[test:test0825(RegressionTest1)]
display-name: test0825
]]></system-out>
</testcase>
<testcase name="test1109" classname="RegressionTest2" time="0">
<system-out><![CDATA[
unique-id: [engine:junit-vintage]/[runner:RegressionTest]/[test:RegressionTest2]/[test:test1109(RegressionTest2)]
display-name: test1109
]]></system-out>
</testcase>
<testcase name="test2397" classname="RegressionTest4" time="0">
<system-out><![CDATA[
unique-id: [engine:junit-vintage]/[runner:RegressionTest]/[test:RegressionTest4]/[test:test2397(RegressionTest4)]
display-name: test2397
]]></system-out>
</testcase>
<testcase name="test1957" classname="RegressionTest3" time="0">
<system-out><![CDATA[
unique-id: [engine:junit-vintage]/[runner:RegressionTest]/[test:RegressionTest3]/[test:test1957(RegressionTest3)]
display-name: test1957
]]></system-out>
</testcase>
<testcase name="test1214" classname="RegressionTest2" time="0">
<system-out><![CDATA[
unique-id: [engine:junit-vintage]/[runner:RegressionTest]/[test:RegressionTest2]/[test:test1214(RegressionTest2)]
display-name: test1214
]]></system-out>
</testcase>
<testcase name="test1862" classname="RegressionTest3" time="0">
<system-out><![CDATA[
unique-id: [engine:junit-vintage]/[runner:RegressionTest]/[test:RegressionTest3]/[test:test1862(RegressionTest3)]
display-name: test1862
]]></system-out>
</testcase>
<testcase name="test2550" classname="RegressionTest5" time="0">
<system-out><![CDATA[
unique-id: [engine:junit-vintage]/[runner:RegressionTest]/[test:RegressionTest5]/[test:test2550(RegressionTest5)]
display-name: test2550
]]></system-out>
</testcase>
<testcase name="test0190" classname="RegressionTest0" time="0">
<system-out><![CDATA[
unique-id: [engine:junit-vintage]/[runner:RegressionTest]/[test:RegressionTest0]/[test:test0190(RegressionTest0)]
display-name: test0190
]]></system-out>
</testcase>
<testcase name="test0930" classname="RegressionTest1" time="0">
<system-out><![CDATA[
unique-id: [engine:junit-vintage]/[runner:RegressionTest]/[test:RegressionTest1]/[test:test0930(RegressionTest1)]
display-name: test0930
]]></system-out>
</testcase>
<testcase name="test1014" classname="RegressionTest2" time="0">
<system-out><![CDATA[
unique-id: [engine:junit-vintage]/[runner:RegressionTest]/[test:RegressionTest2]/[test:test1014(RegressionTest2)]
display-name: test1014
]]></system-out>
</testcase>
<testcase name="test0730" classname="RegressionTest1" time="0">
<system-out><![CDATA[
unique-id: [engine:junit-vintage]/[runner:RegressionTest]/[test:RegressionTest1]/[test:test0730(RegressionTest1)]
display-name: test0730
]]></system-out>
</testcase>
<testcase name="test0244" classname="RegressionTest0" time="0">
<system-out><![CDATA[
unique-id: [engine:junit-vintage]/[runner:RegressionTest]/[test:RegressionTest0]/[test:test0244(RegressionTest0)]
display-name: test0244
]]></system-out>
</testcase>
<testcase name="test0174" classname="RegressionTest0" time="0">
<system-out><![CDATA[
unique-id: [engine:junit-vintage]/[runner:RegressionTest]/[test:RegressionTest0]/[test:test0174(RegressionTest0)]
display-name: test0174
]]></system-out>
</testcase>
<testcase name="test2064" classname="RegressionTest4" time="0">
<system-out><![CDATA[
unique-id: [engine:junit-vintage]/[runner:RegressionTest]/[test:RegressionTest4]/[test:test2064(RegressionTest4)]
display-name: test2064
]]></system-out>
</testcase>
<testcase name="test0444" classname="RegressionTest0" time="0">
<system-out><![CDATA[
unique-id: [engine:junit-vintage]/[runner:RegressionTest]/[test:RegressionTest0]/[test:test0444(RegressionTest0)]
display-name: test0444
]]></system-out>
</testcase>
<testcase name="test0609" classname="RegressionTest1" time="0">
<system-out><![CDATA[
unique-id: [engine:junit-vintage]/[runner:RegressionTest]/[test:RegressionTest1]/[test:test0609(RegressionTest1)]
display-name: test0609
]]></system-out>
</testcase>
<testcase name="test1897" classname="RegressionTest3" time="0">
<system-out><![CDATA[
unique-id: [engine:junit-vintage]/[runner:RegressionTest]/[test:RegressionTest3]/[test:test1897(RegressionTest3)]
display-name: test1897
]]></system-out>
</testcase>
<testcase name="test2416" classname="RegressionTest4" time="0">
<system-out><![CDATA[
unique-id: [engine:junit-vintage]/[runner:RegressionTest]/[test:RegressionTest4]/[test:test2416(RegressionTest4)]
display-name: test2416
]]></system-out>
</testcase>
<testcase name="test1249" classname="RegressionTest2" time="0">
<system-out><![CDATA[
unique-id: [engine:junit-vintage]/[runner:RegressionTest]/[test:RegressionTest2]/[test:test1249(RegressionTest2)]
display-name: test1249
]]></system-out>
</testcase>
<testcase name="test0069" classname="RegressionTest0" time="0">
<system-out><![CDATA[
unique-id: [engine:junit-vintage]/[runner:RegressionTest]/[test:RegressionTest0]/[test:test0069(RegressionTest0)]
display-name: test0069
]]></system-out>
</testcase>
<testcase name="test1049" classname="RegressionTest2" time="0">
<system-out><![CDATA[
unique-id: [engine:junit-vintage]/[runner:RegressionTest]/[test:RegressionTest2]/[test:test1049(RegressionTest2)]
display-name: test1049
]]></system-out>
</testcase>
<testcase name="test0695" classname="RegressionTest1" time="0">
<system-out><![CDATA[
unique-id: [engine:junit-vintage]/[runner:RegressionTest]/[test:RegressionTest1]/[test:test0695(RegressionTest1)]
display-name: test0695
]]></system-out>
</testcase>
<testcase name="test1370" classname="RegressionTest2" time="0">
<system-out><![CDATA[
unique-id: [engine:junit-vintage]/[runner:RegressionTest]/[test:RegressionTest2]/[test:test1370(RegressionTest2)]
display-name: test1370
]]></system-out>
</testcase>
<testcase name="test2080" classname="RegressionTest4" time="0">
<system-out><![CDATA[
unique-id: [engine:junit-vintage]/[runner:RegressionTest]/[test:RegressionTest4]/[test:test2080(RegressionTest4)]
display-name: test2080
]]></system-out>
</testcase>
<testcase name="test0460" classname="RegressionTest0" time="0">
<system-out><![CDATA[
unique-id: [engine:junit-vintage]/[runner:RegressionTest]/[test:RegressionTest0]/[test:test0460(RegressionTest0)]
display-name: test0460
]]></system-out>
</testcase>
<testcase name="test2305" classname="RegressionTest4" time="0">
<system-out><![CDATA[
unique-id: [engine:junit-vintage]/[runner:RegressionTest]/[test:RegressionTest4]/[test:test2305(RegressionTest4)]
display-name: test2305
]]></system-out>
</testcase>
<testcase name="test1846" classname="RegressionTest3" time="0">
<system-out><![CDATA[
unique-id: [engine:junit-vintage]/[runner:RegressionTest]/[test:RegressionTest3]/[test:test1846(RegressionTest3)]
display-name: test1846
]]></system-out>
</testcase>
<testcase name="test0936" classname="RegressionTest1" time="0.001">
<system-out><![CDATA[
unique-id: [engine:junit-vintage]/[runner:RegressionTest]/[test:RegressionTest1]/[test:test0936(RegressionTest1)]
display-name: test0936
]]></system-out>
</testcase>
<testcase name="test2280" classname="RegressionTest4" time="0">
<system-out><![CDATA[
unique-id: [engine:junit-vintage]/[runner:RegressionTest]/[test:RegressionTest4]/[test:test2280(RegressionTest4)]
display-name: test2280
]]></system-out>
</testcase>
<testcase name="test2556" classname="RegressionTest5" time="0">
<system-out><![CDATA[
unique-id: [engine:junit-vintage]/[runner:RegressionTest]/[test:RegressionTest5]/[test:test2556(RegressionTest5)]
display-name: test2556
]]></system-out>
</testcase>
<testcase name="test1103" classname="RegressionTest2" time="0">
<system-out><![CDATA[
unique-id: [engine:junit-vintage]/[runner:RegressionTest]/[test:RegressionTest2]/[test:test1103(RegressionTest2)]
display-name: test1103
]]></system-out>
</testcase>
<testcase name="test1376" classname="RegressionTest2" time="0">
<system-out><![CDATA[
unique-id: [engine:junit-vintage]/[runner:RegressionTest]/[test:RegressionTest2]/[test:test1376(RegressionTest2)]
display-name: test1376
]]></system-out>
</testcase>
<testcase name="test2286" classname="RegressionTest4" time="0">
<system-out><![CDATA[
unique-id: [engine:junit-vintage]/[runner:RegressionTest]/[test:RegressionTest4]/[test:test2286(RegressionTest4)]
display-name: test2286
]]></system-out>
</testcase>
<testcase name="test1646" classname="RegressionTest3" time="0">
<system-out><![CDATA[
unique-id: [engine:junit-vintage]/[runner:RegressionTest]/[test:RegressionTest3]/[test:test1646(RegressionTest3)]
display-name: test1646
]]></system-out>
</testcase>
<testcase name="test0063" classname="RegressionTest0" time="0">
<system-out><![CDATA[
unique-id: [engine:junit-vintage]/[runner:RegressionTest]/[test:RegressionTest0]/[test:test0063(RegressionTest0)]
display-name: test0063
]]></system-out>
</testcase>
<testcase name="test1265" classname="RegressionTest2" time="0">
<system-out><![CDATA[
unique-id: [engine:junit-vintage]/[runner:RegressionTest]/[test:RegressionTest2]/[test:test1265(RegressionTest2)]
display-name: test1265
]]></system-out>
</testcase>
<testcase name="test2661" classname="RegressionTest5" time="0">
<system-out><![CDATA[
unique-id: [engine:junit-vintage]/[runner:RegressionTest]/[test:RegressionTest5]/[test:test2661(RegressionTest5)]
display-name: test2661
]]></system-out>
</testcase>
<testcase name="test0841" classname="RegressionTest1" time="0">
<system-out><![CDATA[
unique-id: [engine:junit-vintage]/[runner:RegressionTest]/[test:RegressionTest1]/[test:test0841(RegressionTest1)]
display-name: test0841
]]></system-out>
</testcase>
<testcase name="test1751" classname="RegressionTest3" time="0">
<system-out><![CDATA[
unique-id: [engine:junit-vintage]/[runner:RegressionTest]/[test:RegressionTest3]/[test:test1751(RegressionTest3)]
display-name: test1751
]]></system-out>
</testcase>
<testcase name="test2410" classname="RegressionTest4" time="0">
<system-out><![CDATA[
unique-id: [engine:junit-vintage]/[runner:RegressionTest]/[test:RegressionTest4]/[test:test2410(RegressionTest4)]
display-name: test2410
]]></system-out>
</testcase>
<testcase name="test1500" classname="RegressionTest2" time="0">
<system-out><![CDATA[
unique-id: [engine:junit-vintage]/[runner:RegressionTest]/[test:RegressionTest2]/[test:test1500(RegressionTest2)]
display-name: test1500
]]></system-out>
</testcase>
<testcase name="test0040" classname="RegressionTest0" time="0">
<system-out><![CDATA[
unique-id: [engine:junit-vintage]/[runner:RegressionTest]/[test:RegressionTest0]/[test:test0040(RegressionTest0)]
display-name: test0040
]]></system-out>
</testcase>
<testcase name="test2210" classname="RegressionTest4" time="0">
<system-out><![CDATA[
unique-id: [engine:junit-vintage]/[runner:RegressionTest]/[test:RegressionTest4]/[test:test2210(RegressionTest4)]
display-name: test2210
]]></system-out>
</testcase>
<testcase name="test2245" classname="RegressionTest4" time="0">
<system-out><![CDATA[
unique-id: [engine:junit-vintage]/[runner:RegressionTest]/[test:RegressionTest4]/[test:test2245(RegressionTest4)]
display-name: test2245
]]></system-out>
</testcase>
<testcase name="test0075" classname="RegressionTest0" time="0.001">
<system-out><![CDATA[
unique-id: [engine:junit-vintage]/[runner:RegressionTest]/[test:RegressionTest0]/[test:test0075(RegressionTest0)]
display-name: test0075
]]></system-out>
</testcase>
<testcase name="test1823" classname="RegressionTest3" time="0">
<system-out><![CDATA[
unique-id: [engine:junit-vintage]/[runner:RegressionTest]/[test:RegressionTest3]/[test:test1823(RegressionTest3)]
display-name: test1823
]]></system-out>
</testcase>
<testcase name="test1890" classname="RegressionTest3" time="0">
<system-out><![CDATA[
unique-id: [engine:junit-vintage]/[runner:RegressionTest]/[test:RegressionTest3]/[test:test1890(RegressionTest3)]
display-name: test1890
]]></system-out>
</testcase>
<testcase name="test1752" classname="RegressionTest3" time="0">
<system-out><![CDATA[
unique-id: [engine:junit-vintage]/[runner:RegressionTest]/[test:RegressionTest3]/[test:test1752(RegressionTest3)]
display-name: test1752
]]></system-out>
</testcase>
<testcase name="test2562" classname="RegressionTest5" time="0">
<system-out><![CDATA[
unique-id: [engine:junit-vintage]/[runner:RegressionTest]/[test:RegressionTest5]/[test:test2562(RegressionTest5)]
display-name: test2562
]]></system-out>
</testcase>
<testcase name="test0416" classname="RegressionTest0" time="0">
<system-out><![CDATA[
unique-id: [engine:junit-vintage]/[runner:RegressionTest]/[test:RegressionTest0]/[test:test0416(RegressionTest0)]
display-name: test0416
]]></system-out>
</testcase>
<testcase name="test1226" classname="RegressionTest2" time="0">
<system-out><![CDATA[
unique-id: [engine:junit-vintage]/[runner:RegressionTest]/[test:RegressionTest2]/[test:test1226(RegressionTest2)]
display-name: test1226
]]></system-out>
</testcase>
<testcase name="test1155" classname="RegressionTest2" time="0">
<system-out><![CDATA[
unique-id: [engine:junit-vintage]/[runner:RegressionTest]/[test:RegressionTest2]/[test:test1155(RegressionTest2)]
display-name: test1155
]]></system-out>
</testcase>
<testcase name="test0483" classname="RegressionTest0" time="0">
<system-out><![CDATA[
unique-id: [engine:junit-vintage]/[runner:RegressionTest]/[test:RegressionTest0]/[test:test0483(RegressionTest0)]
display-name: test0483
]]></system-out>
</testcase>
<testcase name="test1293" classname="RegressionTest2" time="0">
<system-out><![CDATA[
unique-id: [engine:junit-vintage]/[runner:RegressionTest]/[test:RegressionTest2]/[test:test1293(RegressionTest2)]
display-name: test1293
]]></system-out>
</testcase>
<testcase name="test1787" classname="RegressionTest3" time="0">
<system-out><![CDATA[
unique-id: [engine:junit-vintage]/[runner:RegressionTest]/[test:RegressionTest3]/[test:test1787(RegressionTest3)]
display-name: test1787
]]></system-out>
</testcase>
<testcase name="test2597" classname="RegressionTest5" time="0">
<system-out><![CDATA[
unique-id: [engine:junit-vintage]/[runner:RegressionTest]/[test:RegressionTest5]/[test:test2597(RegressionTest5)]
display-name: test2597
]]></system-out>
</testcase>
<testcase name="test1120" classname="RegressionTest2" time="0">
<system-out><![CDATA[
unique-id: [engine:junit-vintage]/[runner:RegressionTest]/[test:RegressionTest2]/[test:test1120(RegressionTest2)]
display-name: test1120
]]></system-out>
</testcase>
<testcase name="test1201" classname="RegressionTest2" time="0">
<system-out><![CDATA[
unique-id: [engine:junit-vintage]/[runner:RegressionTest]/[test:RegressionTest2]/[test:test1201(RegressionTest2)]
display-name: test1201
]]></system-out>
</testcase>
<testcase name="test1027" classname="RegressionTest2" time="0">
<system-out><![CDATA[
unique-id: [engine:junit-vintage]/[runner:RegressionTest]/[test:RegressionTest2]/[test:test1027(RegressionTest2)]
display-name: test1027
]]></system-out>
</testcase>
<testcase name="test1624" classname="RegressionTest3" time="0">
<system-out><![CDATA[
unique-id: [engine:junit-vintage]/[runner:RegressionTest]/[test:RegressionTest3]/[test:test1624(RegressionTest3)]
display-name: test1624
]]></system-out>
</testcase>
<testcase name="test0987" classname="RegressionTest1" time="0">
<system-out><![CDATA[
unique-id: [engine:junit-vintage]/[runner:RegressionTest]/[test:RegressionTest1]/[test:test0987(RegressionTest1)]
display-name: test0987
]]></system-out>
</testcase>
<testcase name="test1797" classname="RegressionTest3" time="0">
<system-out><![CDATA[
unique-id: [engine:junit-vintage]/[runner:RegressionTest]/[test:RegressionTest3]/[test:test1797(RegressionTest3)]
display-name: test1797
]]></system-out>
</testcase>
<testcase name="test0426" classname="RegressionTest0" time="0">
<system-out><![CDATA[
unique-id: [engine:junit-vintage]/[runner:RegressionTest]/[test:RegressionTest0]/[test:test0426(RegressionTest0)]
display-name: test0426
]]></system-out>
</testcase>
<testcase name="test1236" classname="RegressionTest2" time="0">
<system-out><![CDATA[
unique-id: [engine:junit-vintage]/[runner:RegressionTest]/[test:RegressionTest2]/[test:test1236(RegressionTest2)]
display-name: test1236
]]></system-out>
</testcase>
<testcase name="test1762" classname="RegressionTest3" time="0">
<system-out><![CDATA[
unique-id: [engine:junit-vintage]/[runner:RegressionTest]/[test:RegressionTest3]/[test:test1762(RegressionTest3)]
display-name: test1762
]]></system-out>
</testcase>
<testcase name="test2316" classname="RegressionTest4" time="0">
<system-out><![CDATA[
unique-id: [engine:junit-vintage]/[runner:RegressionTest]/[test:RegressionTest4]/[test:test2316(RegressionTest4)]
display-name: test2316
]]></system-out>
</testcase>
<testcase name="test2572" classname="RegressionTest5" time="0">
<system-out><![CDATA[
unique-id: [engine:junit-vintage]/[runner:RegressionTest]/[test:RegressionTest5]/[test:test2572(RegressionTest5)]
display-name: test2572
]]></system-out>
</testcase>
<testcase name="test1858" classname="RegressionTest3" time="0">
<system-out><![CDATA[
unique-id: [engine:junit-vintage]/[runner:RegressionTest]/[test:RegressionTest3]/[test:test1858(RegressionTest3)]
display-name: test1858
]]></system-out>
</testcase>
<testcase name="test0514" classname="RegressionTest1" time="0">
<system-out><![CDATA[
unique-id: [engine:junit-vintage]/[runner:RegressionTest]/[test:RegressionTest1]/[test:test0514(RegressionTest1)]
display-name: test0514
]]></system-out>
</testcase>
<testcase name="test1868" classname="RegressionTest3" time="0">
<system-out><![CDATA[
unique-id: [engine:junit-vintage]/[runner:RegressionTest]/[test:RegressionTest3]/[test:test1868(RegressionTest3)]
display-name: test1868
]]></system-out>
</testcase>
<testcase name="test1002" classname="RegressionTest2" time="0">
<system-out><![CDATA[
unique-id: [engine:junit-vintage]/[runner:RegressionTest]/[test:RegressionTest2]/[test:test1002(RegressionTest2)]
display-name: test1002
]]></system-out>
</testcase>
<testcase name="test0018" classname="RegressionTest0" time="0.003">
<system-out><![CDATA[
unique-id: [engine:junit-vintage]/[runner:RegressionTest]/[test:RegressionTest0]/[test:test0018(RegressionTest0)]
display-name: test0018
]]></system-out>
</testcase>
<testcase name="test2505" classname="RegressionTest5" time="0">
<system-out><![CDATA[
unique-id: [engine:junit-vintage]/[runner:RegressionTest]/[test:RegressionTest5]/[test:test2505(RegressionTest5)]
display-name: test2505
]]></system-out>
</testcase>
<testcase name="test0579" classname="RegressionTest1" time="0">
<system-out><![CDATA[
unique-id: [engine:junit-vintage]/[runner:RegressionTest]/[test:RegressionTest1]/[test:test0579(RegressionTest1)]
display-name: test0579
]]></system-out>
</testcase>
<testcase name="test0085" classname="RegressionTest0" time="0.002">
<system-out><![CDATA[
unique-id: [engine:junit-vintage]/[runner:RegressionTest]/[test:RegressionTest0]/[test:test0085(RegressionTest0)]
display-name: test0085
]]></system-out>
</testcase>
<testcase name="test2469" classname="RegressionTest4" time="0">
<system-out><![CDATA[
unique-id: [engine:junit-vintage]/[runner:RegressionTest]/[test:RegressionTest4]/[test:test2469(RegressionTest4)]
display-name: test2469
]]></system-out>
</testcase>
<testcase name="test1634" classname="RegressionTest3" time="0">
<system-out><![CDATA[
unique-id: [engine:junit-vintage]/[runner:RegressionTest]/[test:RegressionTest3]/[test:test1634(RegressionTest3)]
display-name: test1634
]]></system-out>
</testcase>
<testcase name="test1691" classname="RegressionTest3" time="0">
<system-out><![CDATA[
unique-id: [engine:junit-vintage]/[runner:RegressionTest]/[test:RegressionTest3]/[test:test1691(RegressionTest3)]
display-name: test1691
]]></system-out>
</testcase>
<testcase name="test2306" classname="RegressionTest4" time="0">
<system-out><![CDATA[
unique-id: [engine:junit-vintage]/[runner:RegressionTest]/[test:RegressionTest4]/[test:test2306(RegressionTest4)]
display-name: test2306
]]></system-out>
</testcase>
<testcase name="test1130" classname="RegressionTest2" time="0">
<system-out><![CDATA[
unique-id: [engine:junit-vintage]/[runner:RegressionTest]/[test:RegressionTest2]/[test:test1130(RegressionTest2)]
display-name: test1130
]]></system-out>
</testcase>
<testcase name="test2479" classname="RegressionTest4" time="0">
<system-out><![CDATA[
unique-id: [engine:junit-vintage]/[runner:RegressionTest]/[test:RegressionTest4]/[test:test2479(RegressionTest4)]
display-name: test2479
]]></system-out>
</testcase>
<testcase name="test0045" classname="RegressionTest0" time="0">
<system-out><![CDATA[
unique-id: [engine:junit-vintage]/[runner:RegressionTest]/[test:RegressionTest0]/[test:test0045(RegressionTest0)]
display-name: test0045
]]></system-out>
</testcase>
<testcase name="test2006" classname="RegressionTest4" time="0">
<system-out><![CDATA[
unique-id: [engine:junit-vintage]/[runner:RegressionTest]/[test:RegressionTest4]/[test:test2006(RegressionTest4)]
display-name: test2006
]]></system-out>
</testcase>
<testcase name="test2532" classname="RegressionTest5" time="0">
<system-out><![CDATA[
unique-id: [engine:junit-vintage]/[runner:RegressionTest]/[test:RegressionTest5]/[test:test2532(RegressionTest5)]
display-name: test2532
]]></system-out>
</testcase>
<testcase name="test0642" classname="RegressionTest1" time="0">
<system-out><![CDATA[
unique-id: [engine:junit-vintage]/[runner:RegressionTest]/[test:RegressionTest1]/[test:test0642(RegressionTest1)]
display-name: test0642
]]></system-out>
</testcase>
<testcase name="test2311" classname="RegressionTest4" time="0">
<system-out><![CDATA[
unique-id: [engine:junit-vintage]/[runner:RegressionTest]/[test:RegressionTest4]/[test:test2311(RegressionTest4)]
display-name: test2311
]]></system-out>
</testcase>
<testcase name="test0677" classname="RegressionTest1" time="0">
<system-out><![CDATA[
unique-id: [engine:junit-vintage]/[runner:RegressionTest]/[test:RegressionTest1]/[test:test0677(RegressionTest1)]
display-name: test0677
]]></system-out>
</testcase>
<testcase name="test1705" classname="RegressionTest3" time="0">
<system-out><![CDATA[
unique-id: [engine:junit-vintage]/[runner:RegressionTest]/[test:RegressionTest3]/[test:test1705(RegressionTest3)]
display-name: test1705
]]></system-out>
</testcase>
<testcase name="test0738" classname="RegressionTest1" time="0">
<system-out><![CDATA[
unique-id: [engine:junit-vintage]/[runner:RegressionTest]/[test:RegressionTest1]/[test:test0738(RegressionTest1)]
display-name: test0738
]]></system-out>
</testcase>
<testcase name="test2346" classname="RegressionTest4" time="0">
<system-out><![CDATA[
unique-id: [engine:junit-vintage]/[runner:RegressionTest]/[test:RegressionTest4]/[test:test2346(RegressionTest4)]
display-name: test2346
]]></system-out>
</testcase>
<testcase name="test0770" classname="RegressionTest1" time="0">
<system-out><![CDATA[
unique-id: [engine:junit-vintage]/[runner:RegressionTest]/[test:RegressionTest1]/[test:test0770(RegressionTest1)]
display-name: test0770
]]></system-out>
</testcase>
<testcase name="test0982" classname="RegressionTest1" time="0">
<system-out><![CDATA[
unique-id: [engine:junit-vintage]/[runner:RegressionTest]/[test:RegressionTest1]/[test:test0982(RegressionTest1)]
display-name: test0982
]]></system-out>
</testcase>
<testcase name="test0456" classname="RegressionTest0" time="0">
<system-out><![CDATA[
unique-id: [engine:junit-vintage]/[runner:RegressionTest]/[test:RegressionTest0]/[test:test0456(RegressionTest0)]
display-name: test0456
]]></system-out>
</testcase>
<testcase name="test1792" classname="RegressionTest3" time="0">
<system-out><![CDATA[
unique-id: [engine:junit-vintage]/[runner:RegressionTest]/[test:RegressionTest3]/[test:test1792(RegressionTest3)]
display-name: test1792
]]></system-out>
</testcase>
<testcase name="test1828" classname="RegressionTest3" time="0">
<system-out><![CDATA[
unique-id: [engine:junit-vintage]/[runner:RegressionTest]/[test:RegressionTest3]/[test:test1828(RegressionTest3)]
display-name: test1828
]]></system-out>
</testcase>
<testcase name="test2638" classname="RegressionTest5" time="0">
<system-out><![CDATA[
unique-id: [engine:junit-vintage]/[runner:RegressionTest]/[test:RegressionTest5]/[test:test2638(RegressionTest5)]
display-name: test2638
]]></system-out>
</testcase>
<testcase name="test1475" classname="RegressionTest2" time="0">
<system-out><![CDATA[
unique-id: [engine:junit-vintage]/[runner:RegressionTest]/[test:RegressionTest2]/[test:test1475(RegressionTest2)]
display-name: test1475
]]></system-out>
</testcase>
<testcase name="test2112" classname="RegressionTest4" time="0">
<system-out><![CDATA[
unique-id: [engine:junit-vintage]/[runner:RegressionTest]/[test:RegressionTest4]/[test:test2112(RegressionTest4)]
display-name: test2112
]]></system-out>
</testcase>
<testcase name="test2285" classname="RegressionTest4" time="0">
<system-out><![CDATA[
unique-id: [engine:junit-vintage]/[runner:RegressionTest]/[test:RegressionTest4]/[test:test2285(RegressionTest4)]
display-name: test2285
]]></system-out>
</testcase>
<testcase name="test0473" classname="RegressionTest0" time="0">
<system-out><![CDATA[
unique-id: [engine:junit-vintage]/[runner:RegressionTest]/[test:RegressionTest0]/[test:test0473(RegressionTest0)]
display-name: test0473
]]></system-out>
</testcase>
<testcase name="test1283" classname="RegressionTest2" time="0">
<system-out><![CDATA[
unique-id: [engine:junit-vintage]/[runner:RegressionTest]/[test:RegressionTest2]/[test:test1283(RegressionTest2)]
display-name: test1283
]]></system-out>
</testcase>
<testcase name="test0682" classname="RegressionTest1" time="0">
<system-out><![CDATA[
unique-id: [engine:junit-vintage]/[runner:RegressionTest]/[test:RegressionTest1]/[test:test0682(RegressionTest1)]
display-name: test0682
]]></system-out>
</testcase>
<testcase name="test0831" classname="RegressionTest1" time="0">
<system-out><![CDATA[
unique-id: [engine:junit-vintage]/[runner:RegressionTest]/[test:RegressionTest1]/[test:test0831(RegressionTest1)]
display-name: test0831
]]></system-out>
</testcase>
<testcase name="test1880" classname="RegressionTest3" time="0">
<system-out><![CDATA[
unique-id: [engine:junit-vintage]/[runner:RegressionTest]/[test:RegressionTest3]/[test:test1880(RegressionTest3)]
display-name: test1880
]]></system-out>
</testcase>
<testcase name="test1324" classname="RegressionTest2" time="0">
<system-out><![CDATA[
unique-id: [engine:junit-vintage]/[runner:RegressionTest]/[test:RegressionTest2]/[test:test1324(RegressionTest2)]
display-name: test1324
]]></system-out>
</testcase>
<testcase name="test2434" classname="RegressionTest4" time="0">
<system-out><![CDATA[
unique-id: [engine:junit-vintage]/[runner:RegressionTest]/[test:RegressionTest4]/[test:test2434(RegressionTest4)]
display-name: test2434
]]></system-out>
</testcase>
<testcase name="test0173" classname="RegressionTest0" time="0">
<system-out><![CDATA[
unique-id: [engine:junit-vintage]/[runner:RegressionTest]/[test:RegressionTest0]/[test:test0173(RegressionTest0)]
display-name: test0173
]]></system-out>
</testcase>
<testcase name="test2373" classname="RegressionTest4" time="0">
<system-out><![CDATA[
unique-id: [engine:junit-vintage]/[runner:RegressionTest]/[test:RegressionTest4]/[test:test2373(RegressionTest4)]
display-name: test2373
]]></system-out>
</testcase>
<testcase name="test0234" classname="RegressionTest0" time="0">
<system-out><![CDATA[
unique-id: [engine:junit-vintage]/[runner:RegressionTest]/[test:RegressionTest0]/[test:test0234(RegressionTest0)]
display-name: test0234
]]></system-out>
</testcase>
<testcase name="test0549" classname="RegressionTest1" time="0">
<system-out><![CDATA[
unique-id: [engine:junit-vintage]/[runner:RegressionTest]/[test:RegressionTest1]/[test:test0549(RegressionTest1)]
display-name: test0549
]]></system-out>
</testcase>
<testcase name="test1833" classname="RegressionTest3" time="0">
<system-out><![CDATA[
unique-id: [engine:junit-vintage]/[runner:RegressionTest]/[test:RegressionTest3]/[test:test1833(RegressionTest3)]
display-name: test1833
]]></system-out>
</testcase>
<testcase name="test1659" classname="RegressionTest3" time="0">
<system-out><![CDATA[
unique-id: [engine:junit-vintage]/[runner:RegressionTest]/[test:RegressionTest3]/[test:test1659(RegressionTest3)]
display-name: test1659
]]></system-out>
</testcase>
<testcase name="test0106" classname="RegressionTest0" time="0">
<system-out><![CDATA[
unique-id: [engine:junit-vintage]/[runner:RegressionTest]/[test:RegressionTest0]/[test:test0106(RegressionTest0)]
display-name: test0106
]]></system-out>
</testcase>
<testcase name="test0854" classname="RegressionTest1" time="0">
<system-out><![CDATA[
unique-id: [engine:junit-vintage]/[runner:RegressionTest]/[test:RegressionTest1]/[test:test0854(RegressionTest1)]
display-name: test0854
]]></system-out>
</testcase>
<testcase name="test1108" classname="RegressionTest2" time="0">
<system-out><![CDATA[
unique-id: [engine:junit-vintage]/[runner:RegressionTest]/[test:RegressionTest2]/[test:test1108(RegressionTest2)]
display-name: test1108
]]></system-out>
</testcase>
<testcase name="test1664" classname="RegressionTest3" time="0">
<system-out><![CDATA[
unique-id: [engine:junit-vintage]/[runner:RegressionTest]/[test:RegressionTest3]/[test:test1664(RegressionTest3)]
display-name: test1664
]]></system-out>
</testcase>
<testcase name="test0615" classname="RegressionTest1" time="0.007">
<system-out><![CDATA[
unique-id: [engine:junit-vintage]/[runner:RegressionTest]/[test:RegressionTest1]/[test:test0615(RegressionTest1)]
display-name: test0615
]]></system-out>
</testcase>
<testcase name="test1452" classname="RegressionTest2" time="0">
<system-out><![CDATA[
unique-id: [engine:junit-vintage]/[runner:RegressionTest]/[test:RegressionTest2]/[test:test1452(RegressionTest2)]
display-name: test1452
]]></system-out>
</testcase>
<testcase name="test0050" classname="RegressionTest0" time="0">
<system-out><![CDATA[
unique-id: [engine:junit-vintage]/[runner:RegressionTest]/[test:RegressionTest0]/[test:test0050(RegressionTest0)]
display-name: test0050
]]></system-out>
</testcase>
<testcase name="test0554" classname="RegressionTest1" time="0">
<system-out><![CDATA[
unique-id: [engine:junit-vintage]/[runner:RegressionTest]/[test:RegressionTest1]/[test:test0554(RegressionTest1)]
display-name: test0554
]]></system-out>
</testcase>
<testcase name="test1408" classname="RegressionTest2" time="0">
<system-out><![CDATA[
unique-id: [engine:junit-vintage]/[runner:RegressionTest]/[test:RegressionTest2]/[test:test1408(RegressionTest2)]
display-name: test1408
]]></system-out>
</testcase>
<testcase name="test1094" classname="RegressionTest2" time="0">
<system-out><![CDATA[
unique-id: [engine:junit-vintage]/[runner:RegressionTest]/[test:RegressionTest2]/[test:test1094(RegressionTest2)]
display-name: test1094
]]></system-out>
</testcase>
<testcase name="test2218" classname="RegressionTest4" time="0">
<system-out><![CDATA[
unique-id: [engine:junit-vintage]/[runner:RegressionTest]/[test:RegressionTest4]/[test:test2218(RegressionTest4)]
display-name: test2218
]]></system-out>
</testcase>
<testcase name="test1956" classname="RegressionTest3" time="0">
<system-out><![CDATA[
unique-id: [engine:junit-vintage]/[runner:RegressionTest]/[test:RegressionTest3]/[test:test1956(RegressionTest3)]
display-name: test1956
]]></system-out>
</testcase>
<testcase name="test0350" classname="RegressionTest0" time="0">
<system-out><![CDATA[
unique-id: [engine:junit-vintage]/[runner:RegressionTest]/[test:RegressionTest0]/[test:test0350(RegressionTest0)]
display-name: test0350
]]></system-out>
</testcase>
<testcase name="test1160" classname="RegressionTest2" time="0">
<system-out><![CDATA[
unique-id: [engine:junit-vintage]/[runner:RegressionTest]/[test:RegressionTest2]/[test:test1160(RegressionTest2)]
display-name: test1160
]]></system-out>
</testcase>
<testcase name="test2157" classname="RegressionTest4" time="0">
<system-out><![CDATA[
unique-id: [engine:junit-vintage]/[runner:RegressionTest]/[test:RegressionTest4]/[test:test2157(RegressionTest4)]
display-name: test2157
]]></system-out>
</testcase>
<testcase name="test0232" classname="RegressionTest0" time="0">
<system-out><![CDATA[
unique-id: [engine:junit-vintage]/[runner:RegressionTest]/[test:RegressionTest0]/[test:test0232(RegressionTest0)]
display-name: test0232
]]></system-out>
</testcase>
<testcase name="test0303" classname="RegressionTest0" time="0">
<system-out><![CDATA[
unique-id: [engine:junit-vintage]/[runner:RegressionTest]/[test:RegressionTest0]/[test:test0303(RegressionTest0)]
display-name: test0303
]]></system-out>
</testcase>
<testcase name="test1042" classname="RegressionTest2" time="0">
<system-out><![CDATA[
unique-id: [engine:junit-vintage]/[runner:RegressionTest]/[test:RegressionTest2]/[test:test1042(RegressionTest2)]
display-name: test1042
]]></system-out>
</testcase>
<testcase name="test0708" classname="RegressionTest1" time="0">
<system-out><![CDATA[
unique-id: [engine:junit-vintage]/[runner:RegressionTest]/[test:RegressionTest1]/[test:test0708(RegressionTest1)]
display-name: test0708
]]></system-out>
</testcase>
<testcase name="test0864" classname="RegressionTest1" time="0">
<system-out><![CDATA[
unique-id: [engine:junit-vintage]/[runner:RegressionTest]/[test:RegressionTest1]/[test:test0864(RegressionTest1)]
display-name: test0864
]]></system-out>
</testcase>
<testcase name="test1518" classname="RegressionTest3" time="0">
<system-out><![CDATA[
unique-id: [engine:junit-vintage]/[runner:RegressionTest]/[test:RegressionTest3]/[test:test1518(RegressionTest3)]
display-name: test1518
]]></system-out>
</testcase>
<testcase name="test1674" classname="RegressionTest3" time="0">
<system-out><![CDATA[
unique-id: [engine:junit-vintage]/[runner:RegressionTest]/[test:RegressionTest3]/[test:test1674(RegressionTest3)]
display-name: test1674
]]></system-out>
</testcase>
<testcase name="test1278" classname="RegressionTest2" time="0">
<system-out><![CDATA[
unique-id: [engine:junit-vintage]/[runner:RegressionTest]/[test:RegressionTest2]/[test:test1278(RegressionTest2)]
display-name: test1278
]]></system-out>
</testcase>
<testcase name="test1501" classname="RegressionTest3" time="0">
<system-out><![CDATA[
unique-id: [engine:junit-vintage]/[runner:RegressionTest]/[test:RegressionTest3]/[test:test1501(RegressionTest3)]
display-name: test1501
]]></system-out>
</testcase>
<testcase name="test2088" classname="RegressionTest4" time="0">
<system-out><![CDATA[
unique-id: [engine:junit-vintage]/[runner:RegressionTest]/[test:RegressionTest4]/[test:test2088(RegressionTest4)]
display-name: test2088
]]></system-out>
</testcase>
<testcase name="test0338" classname="RegressionTest0" time="0">
<system-out><![CDATA[
unique-id: [engine:junit-vintage]/[runner:RegressionTest]/[test:RegressionTest0]/[test:test0338(RegressionTest0)]
display-name: test0338
]]></system-out>
</testcase>
<testcase name="test1418" classname="RegressionTest2" time="0">
<system-out><![CDATA[
unique-id: [engine:junit-vintage]/[runner:RegressionTest]/[test:RegressionTest2]/[test:test1418(RegressionTest2)]
display-name: test1418
]]></system-out>
</testcase>
<testcase name="test2228" classname="RegressionTest4" time="0">
<system-out><![CDATA[
unique-id: [engine:junit-vintage]/[runner:RegressionTest]/[test:RegressionTest4]/[test:test2228(RegressionTest4)]
display-name: test2228
]]></system-out>
</testcase>
<testcase name="test1607" classname="RegressionTest3" time="0">
<system-out><![CDATA[
unique-id: [engine:junit-vintage]/[runner:RegressionTest]/[test:RegressionTest3]/[test:test1607(RegressionTest3)]
display-name: test1607
]]></system-out>
</testcase>
<testcase name="test0257" classname="RegressionTest0" time="0">
<system-out><![CDATA[
unique-id: [engine:junit-vintage]/[runner:RegressionTest]/[test:RegressionTest0]/[test:test0257(RegressionTest0)]
display-name: test0257
]]></system-out>
</testcase>
<testcase name="test1067" classname="RegressionTest2" time="0">
<system-out><![CDATA[
unique-id: [engine:junit-vintage]/[runner:RegressionTest]/[test:RegressionTest2]/[test:test1067(RegressionTest2)]
display-name: test1067
]]></system-out>
</testcase>
<testcase name="test1593" classname="RegressionTest3" time="0">
<system-out><![CDATA[
unique-id: [engine:junit-vintage]/[runner:RegressionTest]/[test:RegressionTest3]/[test:test1593(RegressionTest3)]
display-name: test1593
]]></system-out>
</testcase>
<testcase name="test2404" classname="RegressionTest4" time="0">
<system-out><![CDATA[
unique-id: [engine:junit-vintage]/[runner:RegressionTest]/[test:RegressionTest4]/[test:test2404(RegressionTest4)]
display-name: test2404
]]></system-out>
</testcase>
<testcase name="test0899" classname="RegressionTest1" time="0">
<system-out><![CDATA[
unique-id: [engine:junit-vintage]/[runner:RegressionTest]/[test:RegressionTest1]/[test:test0899(RegressionTest1)]
display-name: test0899
]]></system-out>
</testcase>
<testcase name="test0291" classname="RegressionTest0" time="0">
<system-out><![CDATA[
unique-id: [engine:junit-vintage]/[runner:RegressionTest]/[test:RegressionTest0]/[test:test0291(RegressionTest0)]
display-name: test0291
]]></system-out>
</testcase>
<testcase name="test1536" classname="RegressionTest3" time="0">
<system-out><![CDATA[
unique-id: [engine:junit-vintage]/[runner:RegressionTest]/[test:RegressionTest3]/[test:test1536(RegressionTest3)]
display-name: test1536
]]></system-out>
</testcase>
<testcase name="test1371" classname="RegressionTest2" time="0">
<system-out><![CDATA[
unique-id: [engine:junit-vintage]/[runner:RegressionTest]/[test:RegressionTest2]/[test:test1371(RegressionTest2)]
display-name: test1371
]]></system-out>
</testcase>
<testcase name="test2181" classname="RegressionTest4" time="0">
<system-out><![CDATA[
unique-id: [engine:junit-vintage]/[runner:RegressionTest]/[test:RegressionTest4]/[test:test2181(RegressionTest4)]
display-name: test2181
]]></system-out>
</testcase>
<testcase name="test0935" classname="RegressionTest1" time="0">
<system-out><![CDATA[
unique-id: [engine:junit-vintage]/[runner:RegressionTest]/[test:RegressionTest1]/[test:test0935(RegressionTest1)]
display-name: test0935
]]></system-out>
</testcase>
<testcase name="test1288" classname="RegressionTest2" time="0">
<system-out><![CDATA[
unique-id: [engine:junit-vintage]/[runner:RegressionTest]/[test:RegressionTest2]/[test:test1288(RegressionTest2)]
display-name: test1288
]]></system-out>
</testcase>
<testcase name="test2098" classname="RegressionTest4" time="0">
<system-out><![CDATA[
unique-id: [engine:junit-vintage]/[runner:RegressionTest]/[test:RegressionTest4]/[test:test2098(RegressionTest4)]
display-name: test2098
]]></system-out>
</testcase>
<testcase name="test2063" classname="RegressionTest4" time="0">
<system-out><![CDATA[
unique-id: [engine:junit-vintage]/[runner:RegressionTest]/[test:RegressionTest4]/[test:test2063(RegressionTest4)]
display-name: test2063
]]></system-out>
</testcase>
<testcase name="test1253" classname="RegressionTest2" time="0">
<system-out><![CDATA[
unique-id: [engine:junit-vintage]/[runner:RegressionTest]/[test:RegressionTest2]/[test:test1253(RegressionTest2)]
display-name: test1253
]]></system-out>
</testcase>
<testcase name="test1850" classname="RegressionTest3" time="0">
<system-out><![CDATA[
unique-id: [engine:junit-vintage]/[runner:RegressionTest]/[test:RegressionTest3]/[test:test1850(RegressionTest3)]
display-name: test1850
]]></system-out>
</testcase>
<testcase name="test2660" classname="RegressionTest5" time="0">
<system-out><![CDATA[
unique-id: [engine:junit-vintage]/[runner:RegressionTest]/[test:RegressionTest5]/[test:test2660(RegressionTest5)]
display-name: test2660
]]></system-out>
</testcase>
<testcase name="test1359" classname="RegressionTest2" time="0">
<system-out><![CDATA[
unique-id: [engine:junit-vintage]/[runner:RegressionTest]/[test:RegressionTest2]/[test:test1359(RegressionTest2)]
display-name: test1359
]]></system-out>
</testcase>
<testcase name="test0632" classname="RegressionTest1" time="0">
<system-out><![CDATA[
unique-id: [engine:junit-vintage]/[runner:RegressionTest]/[test:RegressionTest1]/[test:test0632(RegressionTest1)]
display-name: test0632
]]></system-out>
</testcase>
<testcase name="test2628" classname="RegressionTest5" time="0">
<system-out><![CDATA[
unique-id: [engine:junit-vintage]/[runner:RegressionTest]/[test:RegressionTest5]/[test:test2628(RegressionTest5)]
display-name: test2628
]]></system-out>
</testcase>
<testcase name="test1818" classname="RegressionTest3" time="0">
<system-out><![CDATA[
unique-id: [engine:junit-vintage]/[runner:RegressionTest]/[test:RegressionTest3]/[test:test1818(RegressionTest3)]
display-name: test1818
]]></system-out>
</testcase>
<testcase name="test2122" classname="RegressionTest4" time="0">
<system-out><![CDATA[
unique-id: [engine:junit-vintage]/[runner:RegressionTest]/[test:RegressionTest4]/[test:test2122(RegressionTest4)]
display-name: test2122
]]></system-out>
</testcase>
<testcase name="test2557" classname="RegressionTest5" time="0">
<system-out><![CDATA[
unique-id: [engine:junit-vintage]/[runner:RegressionTest]/[test:RegressionTest5]/[test:test2557(RegressionTest5)]
display-name: test2557
]]></system-out>
</testcase>
<testcase name="test1377" classname="RegressionTest2" time="0">
<system-out><![CDATA[
unique-id: [engine:junit-vintage]/[runner:RegressionTest]/[test:RegressionTest2]/[test:test1377(RegressionTest2)]
display-name: test1377
]]></system-out>
</testcase>
<testcase name="test0889" classname="RegressionTest1" time="0">
<system-out><![CDATA[
unique-id: [engine:junit-vintage]/[runner:RegressionTest]/[test:RegressionTest1]/[test:test0889(RegressionTest1)]
display-name: test0889
]]></system-out>
</testcase>
<testcase name="test1477" classname="RegressionTest2" time="0">
<system-out><![CDATA[
unique-id: [engine:junit-vintage]/[runner:RegressionTest]/[test:RegressionTest2]/[test:test1477(RegressionTest2)]
display-name: test1477
]]></system-out>
</testcase>
<testcase name="test1699" classname="RegressionTest3" time="0">
<system-out><![CDATA[
unique-id: [engine:junit-vintage]/[runner:RegressionTest]/[test:RegressionTest3]/[test:test1699(RegressionTest3)]
display-name: test1699
]]></system-out>
</testcase>
<testcase name="test2187" classname="RegressionTest4" time="0">
<system-out><![CDATA[
unique-id: [engine:junit-vintage]/[runner:RegressionTest]/[test:RegressionTest4]/[test:test2187(RegressionTest4)]
display-name: test2187
]]></system-out>
</testcase>
<testcase name="test0267" classname="RegressionTest0" time="0">
<system-out><![CDATA[
unique-id: [engine:junit-vintage]/[runner:RegressionTest]/[test:RegressionTest0]/[test:test0267(RegressionTest0)]
display-name: test0267
]]></system-out>
</testcase>
<testcase name="test1077" classname="RegressionTest2" time="0">
<system-out><![CDATA[
unique-id: [engine:junit-vintage]/[runner:RegressionTest]/[test:RegressionTest2]/[test:test1077(RegressionTest2)]
display-name: test1077
]]></system-out>
</testcase>
<testcase name="test0367" classname="RegressionTest0" time="0">
<system-out><![CDATA[
unique-id: [engine:junit-vintage]/[runner:RegressionTest]/[test:RegressionTest0]/[test:test0367(RegressionTest0)]
display-name: test0367
]]></system-out>
</testcase>
<testcase name="test1974" classname="RegressionTest3" time="0">
<system-out><![CDATA[
unique-id: [engine:junit-vintage]/[runner:RegressionTest]/[test:RegressionTest3]/[test:test1974(RegressionTest3)]
display-name: test1974
]]></system-out>
</testcase>
<testcase name="test0589" classname="RegressionTest1" time="0">
<system-out><![CDATA[
unique-id: [engine:junit-vintage]/[runner:RegressionTest]/[test:RegressionTest1]/[test:test0589(RegressionTest1)]
display-name: test0589
]]></system-out>
</testcase>
<testcase name="test1448" classname="RegressionTest2" time="0">
<system-out><![CDATA[
unique-id: [engine:junit-vintage]/[runner:RegressionTest]/[test:RegressionTest2]/[test:test1448(RegressionTest2)]
display-name: test1448
]]></system-out>
</testcase>
<testcase name="test2603" classname="RegressionTest5" time="0">
<system-out><![CDATA[
unique-id: [engine:junit-vintage]/[runner:RegressionTest]/[test:RegressionTest5]/[test:test2603(RegressionTest5)]
display-name: test2603
]]></system-out>
</testcase>
<testcase name="test0116" classname="RegressionTest0" time="0">
<system-out><![CDATA[
unique-id: [engine:junit-vintage]/[runner:RegressionTest]/[test:RegressionTest0]/[test:test0116(RegressionTest0)]
display-name: test0116
]]></system-out>
</testcase>
<testcase name="test0332" classname="RegressionTest0" time="0">
<system-out><![CDATA[
unique-id: [engine:junit-vintage]/[runner:RegressionTest]/[test:RegressionTest0]/[test:test0332(RegressionTest0)]
display-name: test0332
]]></system-out>
</testcase>
<testcase name="test1342" classname="RegressionTest2" time="0">
<system-out><![CDATA[
unique-id: [engine:junit-vintage]/[runner:RegressionTest]/[test:RegressionTest2]/[test:test1342(RegressionTest2)]
display-name: test1342
]]></system-out>
</testcase>
<testcase name="test2152" classname="RegressionTest4" time="0">
<system-out><![CDATA[
unique-id: [engine:junit-vintage]/[runner:RegressionTest]/[test:RegressionTest4]/[test:test2152(RegressionTest4)]
display-name: test2152
]]></system-out>
</testcase>
<testcase name="test0894" classname="RegressionTest1" time="0">
<system-out><![CDATA[
unique-id: [engine:junit-vintage]/[runner:RegressionTest]/[test:RegressionTest1]/[test:test0894(RegressionTest1)]
display-name: test0894
]]></system-out>
</testcase>
<testcase name="test0964" classname="RegressionTest1" time="0">
<system-out><![CDATA[
unique-id: [engine:junit-vintage]/[runner:RegressionTest]/[test:RegressionTest1]/[test:test0964(RegressionTest1)]
display-name: test0964
]]></system-out>
</testcase>
<testcase name="test1601" classname="RegressionTest3" time="0">
<system-out><![CDATA[
unique-id: [engine:junit-vintage]/[runner:RegressionTest]/[test:RegressionTest3]/[test:test1601(RegressionTest3)]
display-name: test1601
]]></system-out>
</testcase>
<testcase name="test0010" classname="RegressionTest0" time="0">
<system-out><![CDATA[
unique-id: [engine:junit-vintage]/[runner:RegressionTest]/[test:RegressionTest0]/[test:test0010(RegressionTest0)]
display-name: test0010
]]></system-out>
</testcase>
<testcase name="test2058" classname="RegressionTest4" time="0">
<system-out><![CDATA[
unique-id: [engine:junit-vintage]/[runner:RegressionTest]/[test:RegressionTest4]/[test:test2058(RegressionTest4)]
display-name: test2058
]]></system-out>
</testcase>
<testcase name="test0748" classname="RegressionTest1" time="0">
<system-out><![CDATA[
unique-id: [engine:junit-vintage]/[runner:RegressionTest]/[test:RegressionTest1]/[test:test0748(RegressionTest1)]
display-name: test0748
]]></system-out>
</testcase>
<testcase name="test0713" classname="RegressionTest1" time="0">
<system-out><![CDATA[
unique-id: [engine:junit-vintage]/[runner:RegressionTest]/[test:RegressionTest1]/[test:test0713(RegressionTest1)]
display-name: test0713
]]></system-out>
</testcase>
<testcase name="test2363" classname="RegressionTest4" time="0">
<system-out><![CDATA[
unique-id: [engine:junit-vintage]/[runner:RegressionTest]/[test:RegressionTest4]/[test:test2363(RegressionTest4)]
display-name: test2363
]]></system-out>
</testcase>
<testcase name="test1423" classname="RegressionTest2" time="0">
<system-out><![CDATA[
unique-id: [engine:junit-vintage]/[runner:RegressionTest]/[test:RegressionTest2]/[test:test1423(RegressionTest2)]
display-name: test1423
]]></system-out>
</testcase>
<testcase name="test0035" classname="RegressionTest0" time="0">
<system-out><![CDATA[
unique-id: [engine:junit-vintage]/[runner:RegressionTest]/[test:RegressionTest0]/[test:test0035(RegressionTest0)]
display-name: test0035
]]></system-out>
</testcase>
<testcase name="test0191" classname="RegressionTest0" time="0">
<system-out><![CDATA[
unique-id: [engine:junit-vintage]/[runner:RegressionTest]/[test:RegressionTest0]/[test:test0191(RegressionTest0)]
display-name: test0191
]]></system-out>
</testcase>
<testcase name="test2398" classname="RegressionTest4" time="0">
<system-out><![CDATA[
unique-id: [engine:junit-vintage]/[runner:RegressionTest]/[test:RegressionTest4]/[test:test2398(RegressionTest4)]
display-name: test2398
]]></system-out>
</testcase>
<testcase name="test2147" classname="RegressionTest4" time="0">
<system-out><![CDATA[
unique-id: [engine:junit-vintage]/[runner:RegressionTest]/[test:RegressionTest4]/[test:test2147(RegressionTest4)]
display-name: test2147
]]></system-out>
</testcase>
<testcase name="test2522" classname="RegressionTest5" time="0">
<system-out><![CDATA[
unique-id: [engine:junit-vintage]/[runner:RegressionTest]/[test:RegressionTest5]/[test:test2522(RegressionTest5)]
display-name: test2522
]]></system-out>
</testcase>
<testcase name="test0286" classname="RegressionTest0" time="0">
<system-out><![CDATA[
unique-id: [engine:junit-vintage]/[runner:RegressionTest]/[test:RegressionTest0]/[test:test0286(RegressionTest0)]
display-name: test0286
]]></system-out>
</testcase>
<testcase name="test1096" classname="RegressionTest2" time="0">
<system-out><![CDATA[
unique-id: [engine:junit-vintage]/[runner:RegressionTest]/[test:RegressionTest2]/[test:test1096(RegressionTest2)]
display-name: test1096
]]></system-out>
</testcase>
<testcase name="test1437" classname="RegressionTest2" time="0">
<system-out><![CDATA[
unique-id: [engine:junit-vintage]/[runner:RegressionTest]/[test:RegressionTest2]/[test:test1437(RegressionTest2)]
display-name: test1437
]]></system-out>
</testcase>
<testcase name="test2247" classname="RegressionTest4" time="0">
<system-out><![CDATA[
unique-id: [engine:junit-vintage]/[runner:RegressionTest]/[test:RegressionTest4]/[test:test2247(RegressionTest4)]
display-name: test2247
]]></system-out>
</testcase>
<testcase name="test0883" classname="RegressionTest1" time="0">
<system-out><![CDATA[
unique-id: [engine:junit-vintage]/[runner:RegressionTest]/[test:RegressionTest1]/[test:test0883(RegressionTest1)]
display-name: test0883
]]></system-out>
</testcase>
<testcase name="test1037" classname="RegressionTest2" time="0">
<system-out><![CDATA[
unique-id: [engine:junit-vintage]/[runner:RegressionTest]/[test:RegressionTest2]/[test:test1037(RegressionTest2)]
display-name: test1037
]]></system-out>
</testcase>
<testcase name="test1693" classname="RegressionTest3" time="0">
<system-out><![CDATA[
unique-id: [engine:junit-vintage]/[runner:RegressionTest]/[test:RegressionTest3]/[test:test1693(RegressionTest3)]
display-name: test1693
]]></system-out>
</testcase>
<testcase name="test0802" classname="RegressionTest1" time="0">
<system-out><![CDATA[
unique-id: [engine:junit-vintage]/[runner:RegressionTest]/[test:RegressionTest1]/[test:test0802(RegressionTest1)]
display-name: test0802
]]></system-out>
</testcase>
<testcase name="test2595" classname="RegressionTest5" time="0">
<system-out><![CDATA[
unique-id: [engine:junit-vintage]/[runner:RegressionTest]/[test:RegressionTest5]/[test:test2595(RegressionTest5)]
display-name: test2595
]]></system-out>
</testcase>
<testcase name="test0421" classname="RegressionTest0" time="0">
<system-out><![CDATA[
unique-id: [engine:junit-vintage]/[runner:RegressionTest]/[test:RegressionTest0]/[test:test0421(RegressionTest0)]
display-name: test0421
]]></system-out>
</testcase>
<testcase name="test2439" classname="RegressionTest4" time="0">
<system-out><![CDATA[
unique-id: [engine:junit-vintage]/[runner:RegressionTest]/[test:RegressionTest4]/[test:test2439(RegressionTest4)]
display-name: test2439
]]></system-out>
</testcase>
<testcase name="test1885" classname="RegressionTest3" time="0">
<system-out><![CDATA[
unique-id: [engine:junit-vintage]/[runner:RegressionTest]/[test:RegressionTest3]/[test:test1885(RegressionTest3)]
display-name: test1885
]]></system-out>
</testcase>
<testcase name="test2141" classname="RegressionTest4" time="0">
<system-out><![CDATA[
unique-id: [engine:junit-vintage]/[runner:RegressionTest]/[test:RegressionTest4]/[test:test2141(RegressionTest4)]
display-name: test2141
]]></system-out>
</testcase>
<testcase name="test2444" classname="RegressionTest4" time="0">
<system-out><![CDATA[
unique-id: [engine:junit-vintage]/[runner:RegressionTest]/[test:RegressionTest4]/[test:test2444(RegressionTest4)]
display-name: test2444
]]></system-out>
</testcase>
<testcase name="test1442" classname="RegressionTest2" time="0">
<system-out><![CDATA[
unique-id: [engine:junit-vintage]/[runner:RegressionTest]/[test:RegressionTest2]/[test:test1442(RegressionTest2)]
display-name: test1442
]]></system-out>
</testcase>
<testcase name="test1669" classname="RegressionTest3" time="0">
<system-out><![CDATA[
unique-id: [engine:junit-vintage]/[runner:RegressionTest]/[test:RegressionTest3]/[test:test1669(RegressionTest3)]
display-name: test1669
]]></system-out>
</testcase>
<testcase name="test0672" classname="RegressionTest1" time="0">
<system-out><![CDATA[
unique-id: [engine:junit-vintage]/[runner:RegressionTest]/[test:RegressionTest1]/[test:test0672(RegressionTest1)]
display-name: test0672
]]></system-out>
</testcase>
<testcase name="test0297" classname="RegressionTest0" time="0">
<system-out><![CDATA[
unique-id: [engine:junit-vintage]/[runner:RegressionTest]/[test:RegressionTest0]/[test:test0297(RegressionTest0)]
display-name: test0297
]]></system-out>
</testcase>
<testcase name="test0667" classname="RegressionTest1" time="0">
<system-out><![CDATA[
unique-id: [engine:junit-vintage]/[runner:RegressionTest]/[test:RegressionTest1]/[test:test0667(RegressionTest1)]
display-name: test0667
]]></system-out>
</testcase>
<testcase name="test1009" classname="RegressionTest2" time="0">
<system-out><![CDATA[
unique-id: [engine:junit-vintage]/[runner:RegressionTest]/[test:RegressionTest2]/[test:test1009(RegressionTest2)]
display-name: test1009
]]></system-out>
</testcase>
<testcase name="test2503" classname="RegressionTest5" time="0">
<system-out><![CDATA[
unique-id: [engine:junit-vintage]/[runner:RegressionTest]/[test:RegressionTest5]/[test:test2503(RegressionTest5)]
display-name: test2503
]]></system-out>
</testcase>
<testcase name="test2462" classname="RegressionTest4" time="0">
<system-out><![CDATA[
unique-id: [engine:junit-vintage]/[runner:RegressionTest]/[test:RegressionTest4]/[test:test2462(RegressionTest4)]
display-name: test2462
]]></system-out>
</testcase>
<testcase name="test0516" classname="RegressionTest1" time="0">
<system-out><![CDATA[
unique-id: [engine:junit-vintage]/[runner:RegressionTest]/[test:RegressionTest1]/[test:test0516(RegressionTest1)]
display-name: test0516
]]></system-out>
</testcase>
<testcase name="test0016" classname="RegressionTest0" time="0.001">
<system-out><![CDATA[
unique-id: [engine:junit-vintage]/[runner:RegressionTest]/[test:RegressionTest0]/[test:test0016(RegressionTest0)]
display-name: test0016
]]></system-out>
</testcase>
<testcase name="test0179" classname="RegressionTest0" time="0">
<system-out><![CDATA[
unique-id: [engine:junit-vintage]/[runner:RegressionTest]/[test:RegressionTest0]/[test:test0179(RegressionTest0)]
display-name: test0179
]]></system-out>
</testcase>
<testcase name="test1927" classname="RegressionTest3" time="0">
<system-out><![CDATA[
unique-id: [engine:junit-vintage]/[runner:RegressionTest]/[test:RegressionTest3]/[test:test1927(RegressionTest3)]
display-name: test1927
]]></system-out>
</testcase>
<testcase name="test2497" classname="RegressionTest4" time="0">
<system-out><![CDATA[
unique-id: [engine:junit-vintage]/[runner:RegressionTest]/[test:RegressionTest4]/[test:test2497(RegressionTest4)]
display-name: test2497
]]></system-out>
</testcase>
<testcase name="test0144" classname="RegressionTest0" time="0">
<system-out><![CDATA[
unique-id: [engine:junit-vintage]/[runner:RegressionTest]/[test:RegressionTest0]/[test:test0144(RegressionTest0)]
display-name: test0144
]]></system-out>
</testcase>
<testcase name="test0583" classname="RegressionTest1" time="0">
<system-out><![CDATA[
unique-id: [engine:junit-vintage]/[runner:RegressionTest]/[test:RegressionTest1]/[test:test0583(RegressionTest1)]
display-name: test0583
]]></system-out>
</testcase>
<testcase name="test2212" classname="RegressionTest4" time="0">
<system-out><![CDATA[
unique-id: [engine:junit-vintage]/[runner:RegressionTest]/[test:RegressionTest4]/[test:test2212(RegressionTest4)]
display-name: test2212
]]></system-out>
</testcase>
<testcase name="test2176" classname="RegressionTest4" time="0">
<system-out><![CDATA[
unique-id: [engine:junit-vintage]/[runner:RegressionTest]/[test:RegressionTest4]/[test:test2176(RegressionTest4)]
display-name: test2176
]]></system-out>
</testcase>
<testcase name="test2472" classname="RegressionTest4" time="0">
<system-out><![CDATA[
unique-id: [engine:junit-vintage]/[runner:RegressionTest]/[test:RegressionTest4]/[test:test2472(RegressionTest4)]
display-name: test2472
]]></system-out>
</testcase>
<testcase name="test0648" classname="RegressionTest1" time="0">
<system-out><![CDATA[
unique-id: [engine:junit-vintage]/[runner:RegressionTest]/[test:RegressionTest1]/[test:test0648(RegressionTest1)]
display-name: test0648
]]></system-out>
</testcase>
<testcase name="test2538" classname="RegressionTest5" time="0">
<system-out><![CDATA[
unique-id: [engine:junit-vintage]/[runner:RegressionTest]/[test:RegressionTest5]/[test:test2538(RegressionTest5)]
display-name: test2538
]]></system-out>
</testcase>
<testcase name="test1606" classname="RegressionTest3" time="0">
<system-out><![CDATA[
unique-id: [engine:junit-vintage]/[runner:RegressionTest]/[test:RegressionTest3]/[test:test1606(RegressionTest3)]
display-name: test1606
]]></system-out>
</testcase>
<testcase name="test0709" classname="RegressionTest1" time="0">
<system-out><![CDATA[
unique-id: [engine:junit-vintage]/[runner:RegressionTest]/[test:RegressionTest1]/[test:test0709(RegressionTest1)]
display-name: test0709
]]></system-out>
</testcase>
<testcase name="test1102" classname="RegressionTest2" time="0">
<system-out><![CDATA[
unique-id: [engine:junit-vintage]/[runner:RegressionTest]/[test:RegressionTest2]/[test:test1102(RegressionTest2)]
display-name: test1102
]]></system-out>
</testcase>
<testcase name="test0169" classname="RegressionTest0" time="0">
<system-out><![CDATA[
unique-id: [engine:junit-vintage]/[runner:RegressionTest]/[test:RegressionTest0]/[test:test0169(RegressionTest0)]
display-name: test0169
]]></system-out>
</testcase>
<testcase name="test1066" classname="RegressionTest2" time="0">
<system-out><![CDATA[
unique-id: [engine:junit-vintage]/[runner:RegressionTest]/[test:RegressionTest2]/[test:test1066(RegressionTest2)]
display-name: test1066
]]></system-out>
</testcase>
<testcase name="test0573" classname="RegressionTest1" time="0">
<system-out><![CDATA[
unique-id: [engine:junit-vintage]/[runner:RegressionTest]/[test:RegressionTest1]/[test:test0573(RegressionTest1)]
display-name: test0573
]]></system-out>
</testcase>
<testcase name="test0357" classname="RegressionTest0" time="0">
<system-out><![CDATA[
unique-id: [engine:junit-vintage]/[runner:RegressionTest]/[test:RegressionTest0]/[test:test0357(RegressionTest0)]
display-name: test0357
]]></system-out>
</testcase>
<testcase name="test2069" classname="RegressionTest4" time="0">
<system-out><![CDATA[
unique-id: [engine:junit-vintage]/[runner:RegressionTest]/[test:RegressionTest4]/[test:test2069(RegressionTest4)]
display-name: test2069
]]></system-out>
</testcase>
<testcase name="test0719" classname="RegressionTest1" time="0">
<system-out><![CDATA[
unique-id: [engine:junit-vintage]/[runner:RegressionTest]/[test:RegressionTest1]/[test:test0719(RegressionTest1)]
display-name: test0719
]]></system-out>
</testcase>
<testcase name="test1663" classname="RegressionTest3" time="0">
<system-out><![CDATA[
unique-id: [engine:junit-vintage]/[runner:RegressionTest]/[test:RegressionTest3]/[test:test1663(RegressionTest3)]
display-name: test1663
]]></system-out>
</testcase>
<testcase name="test2217" classname="RegressionTest4" time="0">
<system-out><![CDATA[
unique-id: [engine:junit-vintage]/[runner:RegressionTest]/[test:RegressionTest4]/[test:test2217(RegressionTest4)]
display-name: test2217
]]></system-out>
</testcase>
<testcase name="test0766" classname="RegressionTest1" time="0">
<system-out><![CDATA[
unique-id: [engine:junit-vintage]/[runner:RegressionTest]/[test:RegressionTest1]/[test:test0766(RegressionTest1)]
display-name: test0766
]]></system-out>
</testcase>
<testcase name="test1061" classname="RegressionTest2" time="0">
<system-out><![CDATA[
unique-id: [engine:junit-vintage]/[runner:RegressionTest]/[test:RegressionTest2]/[test:test1061(RegressionTest2)]
display-name: test1061
]]></system-out>
</testcase>
<testcase name="test1412" classname="RegressionTest2" time="0">
<system-out><![CDATA[
unique-id: [engine:junit-vintage]/[runner:RegressionTest]/[test:RegressionTest2]/[test:test1412(RegressionTest2)]
display-name: test1412
]]></system-out>
</testcase>
<testcase name="test1791" classname="RegressionTest3" time="0">
<system-out><![CDATA[
unique-id: [engine:junit-vintage]/[runner:RegressionTest]/[test:RegressionTest3]/[test:test1791(RegressionTest3)]
display-name: test1791
]]></system-out>
</testcase>
<testcase name="test2631" classname="RegressionTest5" time="0">
<system-out><![CDATA[
unique-id: [engine:junit-vintage]/[runner:RegressionTest]/[test:RegressionTest5]/[test:test2631(RegressionTest5)]
display-name: test2631
]]></system-out>
</testcase>
<testcase name="test2379" classname="RegressionTest4" time="0">
<system-out><![CDATA[
unique-id: [engine:junit-vintage]/[runner:RegressionTest]/[test:RegressionTest4]/[test:test2379(RegressionTest4)]
display-name: test2379
]]></system-out>
</testcase>
<testcase name="test1734" classname="RegressionTest3" time="0">
<system-out><![CDATA[
unique-id: [engine:junit-vintage]/[runner:RegressionTest]/[test:RegressionTest3]/[test:test1734(RegressionTest3)]
display-name: test1734
]]></system-out>
</testcase>
<testcase name="test0776" classname="RegressionTest1" time="0">
<system-out><![CDATA[
unique-id: [engine:junit-vintage]/[runner:RegressionTest]/[test:RegressionTest1]/[test:test0776(RegressionTest1)]
display-name: test0776
]]></system-out>
</testcase>
<testcase name="test0989" classname="RegressionTest1" time="0">
<system-out><![CDATA[
unique-id: [engine:junit-vintage]/[runner:RegressionTest]/[test:RegressionTest1]/[test:test0989(RegressionTest1)]
display-name: test0989
]]></system-out>
</testcase>
<testcase name="test1886" classname="RegressionTest3" time="0">
<system-out><![CDATA[
unique-id: [engine:junit-vintage]/[runner:RegressionTest]/[test:RegressionTest3]/[test:test1886(RegressionTest3)]
display-name: test1886
]]></system-out>
</testcase>
<testcase name="test0420" classname="RegressionTest0" time="0">
<system-out><![CDATA[
unique-id: [engine:junit-vintage]/[runner:RegressionTest]/[test:RegressionTest0]/[test:test0420(RegressionTest0)]
display-name: test0420
]]></system-out>
</testcase>
<testcase name="test2345" classname="RegressionTest4" time="0">
<system-out><![CDATA[
unique-id: [engine:junit-vintage]/[runner:RegressionTest]/[test:RegressionTest4]/[test:test2345(RegressionTest4)]
display-name: test2345
]]></system-out>
</testcase>
<testcase name="test0893" classname="RegressionTest1" time="0">
<system-out><![CDATA[
unique-id: [engine:junit-vintage]/[runner:RegressionTest]/[test:RegressionTest1]/[test:test0893(RegressionTest1)]
display-name: test0893
]]></system-out>
</testcase>
<testcase name="test0229" classname="RegressionTest0" time="0">
<system-out><![CDATA[
unique-id: [engine:junit-vintage]/[runner:RegressionTest]/[test:RegressionTest0]/[test:test0229(RegressionTest0)]
display-name: test0229
]]></system-out>
</testcase>
<testcase name="test0262" classname="RegressionTest0" time="0">
<system-out><![CDATA[
unique-id: [engine:junit-vintage]/[runner:RegressionTest]/[test:RegressionTest0]/[test:test0262(RegressionTest0)]
display-name: test0262
]]></system-out>
</testcase>
<testcase name="test1264" classname="RegressionTest2" time="0">
<system-out><![CDATA[
unique-id: [engine:junit-vintage]/[runner:RegressionTest]/[test:RegressionTest2]/[test:test1264(RegressionTest2)]
display-name: test1264
]]></system-out>
</testcase>
<testcase name="test0296" classname="RegressionTest0" time="0">
<system-out><![CDATA[
unique-id: [engine:junit-vintage]/[runner:RegressionTest]/[test:RegressionTest0]/[test:test0296(RegressionTest0)]
display-name: test0296
]]></system-out>
</testcase>
<testcase name="test2415" classname="RegressionTest4" time="0">
<system-out><![CDATA[
unique-id: [engine:junit-vintage]/[runner:RegressionTest]/[test:RegressionTest4]/[test:test2415(RegressionTest4)]
display-name: test2415
]]></system-out>
</testcase>
<testcase name="test1861" classname="RegressionTest3" time="0">
<system-out><![CDATA[
unique-id: [engine:junit-vintage]/[runner:RegressionTest]/[test:RegressionTest3]/[test:test1861(RegressionTest3)]
display-name: test1861
]]></system-out>
</testcase>
<testcase name="test1101" classname="RegressionTest2" time="0">
<system-out><![CDATA[
unique-id: [engine:junit-vintage]/[runner:RegressionTest]/[test:RegressionTest2]/[test:test1101(RegressionTest2)]
display-name: test1101
]]></system-out>
</testcase>
<testcase name="test2081" classname="RegressionTest4" time="0">
<system-out><![CDATA[
unique-id: [engine:junit-vintage]/[runner:RegressionTest]/[test:RegressionTest4]/[test:test2081(RegressionTest4)]
display-name: test2081
]]></system-out>
</testcase>
<testcase name="test0261" classname="RegressionTest0" time="0">
<system-out><![CDATA[
unique-id: [engine:junit-vintage]/[runner:RegressionTest]/[test:RegressionTest0]/[test:test0261(RegressionTest0)]
display-name: test0261
]]></system-out>
</testcase>
<testcase name="test2621" classname="RegressionTest5" time="0">
<system-out><![CDATA[
unique-id: [engine:junit-vintage]/[runner:RegressionTest]/[test:RegressionTest5]/[test:test2621(RegressionTest5)]
display-name: test2621
]]></system-out>
</testcase>
<testcase name="test1480" classname="RegressionTest2" time="0">
<system-out><![CDATA[
unique-id: [engine:junit-vintage]/[runner:RegressionTest]/[test:RegressionTest2]/[test:test1480(RegressionTest2)]
display-name: test1480
]]></system-out>
</testcase>
<testcase name="test0643" classname="RegressionTest1" time="0">
<system-out><![CDATA[
unique-id: [engine:junit-vintage]/[runner:RegressionTest]/[test:RegressionTest1]/[test:test0643(RegressionTest1)]
display-name: test0643
]]></system-out>
</testcase>
<testcase name="test1127" classname="RegressionTest2" time="0">
<system-out><![CDATA[
unique-id: [engine:junit-vintage]/[runner:RegressionTest]/[test:RegressionTest2]/[test:test1127(RegressionTest2)]
display-name: test1127
]]></system-out>
</testcase>
<testcase name="test0826" classname="RegressionTest1" time="0">
<system-out><![CDATA[
unique-id: [engine:junit-vintage]/[runner:RegressionTest]/[test:RegressionTest1]/[test:test0826(RegressionTest1)]
display-name: test0826
]]></system-out>
</testcase>
<testcase name="test1136" classname="RegressionTest2" time="0">
<system-out><![CDATA[
unique-id: [engine:junit-vintage]/[runner:RegressionTest]/[test:RegressionTest2]/[test:test1136(RegressionTest2)]
display-name: test1136
]]></system-out>
</testcase>
<testcase name="test1575" classname="RegressionTest3" time="0">
<system-out><![CDATA[
unique-id: [engine:junit-vintage]/[runner:RegressionTest]/[test:RegressionTest3]/[test:test1575(RegressionTest3)]
display-name: test1575
]]></system-out>
</testcase>
<testcase name="test2151" classname="RegressionTest4" time="0">
<system-out><![CDATA[
unique-id: [engine:junit-vintage]/[runner:RegressionTest]/[test:RegressionTest4]/[test:test2151(RegressionTest4)]
display-name: test2151
]]></system-out>
</testcase>
<testcase name="test2590" classname="RegressionTest5" time="0">
<system-out><![CDATA[
unique-id: [engine:junit-vintage]/[runner:RegressionTest]/[test:RegressionTest5]/[test:test2590(RegressionTest5)]
display-name: test2590
]]></system-out>
</testcase>
<testcase name="test0801" classname="RegressionTest1" time="0">
<system-out><![CDATA[
unique-id: [engine:junit-vintage]/[runner:RegressionTest]/[test:RegressionTest1]/[test:test0801(RegressionTest1)]
display-name: test0801
]]></system-out>
</testcase>
<testcase name="test0322" classname="RegressionTest0" time="0">
<system-out><![CDATA[
unique-id: [engine:junit-vintage]/[runner:RegressionTest]/[test:RegressionTest0]/[test:test0322(RegressionTest0)]
display-name: test0322
]]></system-out>
</testcase>
<testcase name="test1984" classname="RegressionTest3" time="0">
<system-out><![CDATA[
unique-id: [engine:junit-vintage]/[runner:RegressionTest]/[test:RegressionTest3]/[test:test1984(RegressionTest3)]
display-name: test1984
]]></system-out>
</testcase>
<testcase name="test2129" classname="RegressionTest4" time="0">
<system-out><![CDATA[
unique-id: [engine:junit-vintage]/[runner:RegressionTest]/[test:RegressionTest4]/[test:test2129(RegressionTest4)]
display-name: test2129
]]></system-out>
</testcase>
<testcase name="test0731" classname="RegressionTest1" time="0">
<system-out><![CDATA[
unique-id: [engine:junit-vintage]/[runner:RegressionTest]/[test:RegressionTest1]/[test:test0731(RegressionTest1)]
display-name: test0731
]]></system-out>
</testcase>
<testcase name="test1917" classname="RegressionTest3" time="0">
<system-out><![CDATA[
unique-id: [engine:junit-vintage]/[runner:RegressionTest]/[test:RegressionTest3]/[test:test1917(RegressionTest3)]
display-name: test1917
]]></system-out>
</testcase>
<testcase name="test0649" classname="RegressionTest1" time="0">
<system-out><![CDATA[
unique-id: [engine:junit-vintage]/[runner:RegressionTest]/[test:RegressionTest1]/[test:test0649(RegressionTest1)]
display-name: test0649
]]></system-out>
</testcase>
<testcase name="test1733" classname="RegressionTest3" time="0">
<system-out><![CDATA[
unique-id: [engine:junit-vintage]/[runner:RegressionTest]/[test:RegressionTest3]/[test:test1733(RegressionTest3)]
display-name: test1733
]]></system-out>
</testcase>
<testcase name="test2034" classname="RegressionTest4" time="0">
<system-out><![CDATA[
unique-id: [engine:junit-vintage]/[runner:RegressionTest]/[test:RegressionTest4]/[test:test2034(RegressionTest4)]
display-name: test2034
]]></system-out>
</testcase>
<testcase name="test0134" classname="RegressionTest0" time="0.001">
<system-out><![CDATA[
unique-id: [engine:junit-vintage]/[runner:RegressionTest]/[test:RegressionTest0]/[test:test0134(RegressionTest0)]
display-name: test0134
]]></system-out>
</testcase>
<testcase name="test1698" classname="RegressionTest3" time="0">
<system-out><![CDATA[
unique-id: [engine:junit-vintage]/[runner:RegressionTest]/[test:RegressionTest3]/[test:test1698(RegressionTest3)]
display-name: test1698
]]></system-out>
</testcase>
<testcase name="test2300" classname="RegressionTest4" time="0">
<system-out><![CDATA[
unique-id: [engine:junit-vintage]/[runner:RegressionTest]/[test:RegressionTest4]/[test:test2300(RegressionTest4)]
display-name: test2300
]]></system-out>
</testcase>
<testcase name="test1289" classname="RegressionTest2" time="0">
<system-out><![CDATA[
unique-id: [engine:junit-vintage]/[runner:RegressionTest]/[test:RegressionTest2]/[test:test1289(RegressionTest2)]
display-name: test1289
]]></system-out>
</testcase>
<testcase name="test1759" classname="RegressionTest3" time="0">
<system-out><![CDATA[
unique-id: [engine:junit-vintage]/[runner:RegressionTest]/[test:RegressionTest3]/[test:test1759(RegressionTest3)]
display-name: test1759
]]></system-out>
</testcase>
<testcase name="test2666" classname="RegressionTest5" time="0">
<system-out><![CDATA[
unique-id: [engine:junit-vintage]/[runner:RegressionTest]/[test:RegressionTest5]/[test:test2666(RegressionTest5)]
display-name: test2666
]]></system-out>
</testcase>
<testcase name="test0954" classname="RegressionTest1" time="0">
<system-out><![CDATA[
unique-id: [engine:junit-vintage]/[runner:RegressionTest]/[test:RegressionTest1]/[test:test0954(RegressionTest1)]
display-name: test0954
]]></system-out>
</testcase>
<testcase name="test0445" classname="RegressionTest0" time="0">
<system-out><![CDATA[
unique-id: [engine:junit-vintage]/[runner:RegressionTest]/[test:RegressionTest0]/[test:test0445(RegressionTest0)]
display-name: test0445
]]></system-out>
</testcase>
<testcase name="test0515" classname="RegressionTest1" time="0">
<system-out><![CDATA[
unique-id: [engine:junit-vintage]/[runner:RegressionTest]/[test:RegressionTest1]/[test:test0515(RegressionTest1)]
display-name: test0515
]]></system-out>
</testcase>
<testcase name="test1352" classname="RegressionTest2" time="0">
<system-out><![CDATA[
unique-id: [engine:junit-vintage]/[runner:RegressionTest]/[test:RegressionTest2]/[test:test1352(RegressionTest2)]
display-name: test1352
]]></system-out>
</testcase>
<testcase name="test0011" classname="RegressionTest0" time="0">
<system-out><![CDATA[
unique-id: [engine:junit-vintage]/[runner:RegressionTest]/[test:RegressionTest0]/[test:test0011(RegressionTest0)]
display-name: test0011
]]></system-out>
</testcase>
<testcase name="test0807" classname="RegressionTest1" time="0">
<system-out><![CDATA[
unique-id: [engine:junit-vintage]/[runner:RegressionTest]/[test:RegressionTest1]/[test:test0807(RegressionTest1)]
display-name: test0807
]]></system-out>
</testcase>
<testcase name="test1194" classname="RegressionTest2" time="0">
<system-out><![CDATA[
unique-id: [engine:junit-vintage]/[runner:RegressionTest]/[test:RegressionTest2]/[test:test1194(RegressionTest2)]
display-name: test1194
]]></system-out>
</testcase>
<testcase name="test1413" classname="RegressionTest2" time="0">
<system-out><![CDATA[
unique-id: [engine:junit-vintage]/[runner:RegressionTest]/[test:RegressionTest2]/[test:test1413(RegressionTest2)]
display-name: test1413
]]></system-out>
</testcase>
<testcase name="test1447" classname="RegressionTest2" time="0">
<system-out><![CDATA[
unique-id: [engine:junit-vintage]/[runner:RegressionTest]/[test:RegressionTest2]/[test:test1447(RegressionTest2)]
display-name: test1447
]]></system-out>
</testcase>
<testcase name="test1530" classname="RegressionTest3" time="0">
<system-out><![CDATA[
unique-id: [engine:junit-vintage]/[runner:RegressionTest]/[test:RegressionTest3]/[test:test1530(RegressionTest3)]
display-name: test1530
]]></system-out>
</testcase>
<testcase name="test0007" classname="RegressionTest0" time="0.045">
<system-out><![CDATA[
unique-id: [engine:junit-vintage]/[runner:RegressionTest]/[test:RegressionTest0]/[test:test0007(RegressionTest0)]
display-name: test0007
]]></system-out>
</testcase>
<testcase name="test2529" classname="RegressionTest5" time="0">
<system-out><![CDATA[
unique-id: [engine:junit-vintage]/[runner:RegressionTest]/[test:RegressionTest5]/[test:test2529(RegressionTest5)]
display-name: test2529
]]></system-out>
</testcase>
<testcase name="test0484" classname="RegressionTest0" time="0">
<system-out><![CDATA[
unique-id: [engine:junit-vintage]/[runner:RegressionTest]/[test:RegressionTest0]/[test:test0484(RegressionTest0)]
display-name: test0484
]]></system-out>
</testcase>
<testcase name="test1381" classname="RegressionTest2" time="0">
<system-out><![CDATA[
unique-id: [engine:junit-vintage]/[runner:RegressionTest]/[test:RegressionTest2]/[test:test1381(RegressionTest2)]
display-name: test1381
]]></system-out>
</testcase>
<testcase name="test0671" classname="RegressionTest1" time="0">
<system-out><![CDATA[
unique-id: [engine:junit-vintage]/[runner:RegressionTest]/[test:RegressionTest1]/[test:test0671(RegressionTest1)]
display-name: test0671
]]></system-out>
</testcase>
<testcase name="test0925" classname="RegressionTest1" time="0">
<system-out><![CDATA[
unique-id: [engine:junit-vintage]/[runner:RegressionTest]/[test:RegressionTest1]/[test:test0925(RegressionTest1)]
display-name: test0925
]]></system-out>
</testcase>
<testcase name="test0900" classname="RegressionTest1" time="0">
<system-out><![CDATA[
unique-id: [engine:junit-vintage]/[runner:RegressionTest]/[test:RegressionTest1]/[test:test0900(RegressionTest1)]
display-name: test0900
]]></system-out>
</testcase>
<testcase name="test0604" classname="RegressionTest1" time="0">
<system-out><![CDATA[
unique-id: [engine:junit-vintage]/[runner:RegressionTest]/[test:RegressionTest1]/[test:test0604(RegressionTest1)]
display-name: test0604
]]></system-out>
</testcase>
<testcase name="test1314" classname="RegressionTest2" time="0">
<system-out><![CDATA[
unique-id: [engine:junit-vintage]/[runner:RegressionTest]/[test:RegressionTest2]/[test:test1314(RegressionTest2)]
display-name: test1314
]]></system-out>
</testcase>
<testcase name="test2650" classname="RegressionTest5" time="0">
<system-out><![CDATA[
unique-id: [engine:junit-vintage]/[runner:RegressionTest]/[test:RegressionTest5]/[test:test2650(RegressionTest5)]
display-name: test2650
]]></system-out>
</testcase>
<testcase name="test0525" classname="RegressionTest1" time="0">
<system-out><![CDATA[
unique-id: [engine:junit-vintage]/[runner:RegressionTest]/[test:RegressionTest1]/[test:test0525(RegressionTest1)]
display-name: test0525
]]></system-out>
</testcase>
<testcase name="test1857" classname="RegressionTest3" time="0">
<system-out><![CDATA[
unique-id: [engine:junit-vintage]/[runner:RegressionTest]/[test:RegressionTest3]/[test:test1857(RegressionTest3)]
display-name: test1857
]]></system-out>
</testcase>
<testcase name="test2246" classname="RegressionTest4" time="0">
<system-out><![CDATA[
unique-id: [engine:junit-vintage]/[runner:RegressionTest]/[test:RegressionTest4]/[test:test2246(RegressionTest4)]
display-name: test2246
]]></system-out>
</testcase>
<testcase name="test2685" classname="RegressionTest5" time="0">
<system-out><![CDATA[
unique-id: [engine:junit-vintage]/[runner:RegressionTest]/[test:RegressionTest5]/[test:test2685(RegressionTest5)]
display-name: test2685
]]></system-out>
</testcase>
<testcase name="test0992" classname="RegressionTest1" time="0">
<system-out><![CDATA[
unique-id: [engine:junit-vintage]/[runner:RegressionTest]/[test:RegressionTest1]/[test:test0992(RegressionTest1)]
display-name: test0992
]]></system-out>
</testcase>
<testcase name="test1349" classname="RegressionTest2" time="0">
<system-out><![CDATA[
unique-id: [engine:junit-vintage]/[runner:RegressionTest]/[test:RegressionTest2]/[test:test1349(RegressionTest2)]
display-name: test1349
]]></system-out>
</testcase>
<testcase name="test2504" classname="RegressionTest5" time="0">
<system-out><![CDATA[
unique-id: [engine:junit-vintage]/[runner:RegressionTest]/[test:RegressionTest5]/[test:test2504(RegressionTest5)]
display-name: test2504
]]></system-out>
</testcase>
<testcase name="test1911" classname="RegressionTest3" time="0">
<system-out><![CDATA[
unique-id: [engine:junit-vintage]/[runner:RegressionTest]/[test:RegressionTest3]/[test:test1911(RegressionTest3)]
display-name: test1911
]]></system-out>
</testcase>
<testcase name="test0074" classname="RegressionTest0" time="0">
<system-out><![CDATA[
unique-id: [engine:junit-vintage]/[runner:RegressionTest]/[test:RegressionTest0]/[test:test0074(RegressionTest0)]
display-name: test0074
]]></system-out>
</testcase>
<testcase name="test0017" classname="RegressionTest0" time="0.003">
<system-out><![CDATA[
unique-id: [engine:junit-vintage]/[runner:RegressionTest]/[test:RegressionTest0]/[test:test0017(RegressionTest0)]
display-name: test0017
]]></system-out>
</testcase>
<testcase name="test0395" classname="RegressionTest0" time="0">
<system-out><![CDATA[
unique-id: [engine:junit-vintage]/[runner:RegressionTest]/[test:RegressionTest0]/[test:test0395(RegressionTest0)]
display-name: test0395
]]></system-out>
</testcase>
<testcase name="test1032" classname="RegressionTest2" time="0">
<system-out><![CDATA[
unique-id: [engine:junit-vintage]/[runner:RegressionTest]/[test:RegressionTest2]/[test:test1032(RegressionTest2)]
display-name: test1032
]]></system-out>
</testcase>
<testcase name="test0099" classname="RegressionTest0" time="0.002">
<system-out><![CDATA[
unique-id: [engine:junit-vintage]/[runner:RegressionTest]/[test:RegressionTest0]/[test:test0099(RegressionTest0)]
display-name: test0099
]]></system-out>
</testcase>
<testcase name="test0582" classname="RegressionTest1" time="0">
<system-out><![CDATA[
unique-id: [engine:junit-vintage]/[runner:RegressionTest]/[test:RegressionTest1]/[test:test0582(RegressionTest1)]
display-name: test0582
]]></system-out>
</testcase>
<testcase name="test0795" classname="RegressionTest1" time="0">
<system-out><![CDATA[
unique-id: [engine:junit-vintage]/[runner:RegressionTest]/[test:RegressionTest1]/[test:test0795(RegressionTest1)]
display-name: test0795
]]></system-out>
</testcase>
<testcase name="test0639" classname="RegressionTest1" time="0">
<system-out><![CDATA[
unique-id: [engine:junit-vintage]/[runner:RegressionTest]/[test:RegressionTest1]/[test:test0639(RegressionTest1)]
display-name: test0639
]]></system-out>
</testcase>
<testcase name="test2586" classname="RegressionTest5" time="0">
<system-out><![CDATA[
unique-id: [engine:junit-vintage]/[runner:RegressionTest]/[test:RegressionTest5]/[test:test2586(RegressionTest5)]
display-name: test2586
]]></system-out>
</testcase>
<testcase name="test1508" classname="RegressionTest3" time="0">
<system-out><![CDATA[
unique-id: [engine:junit-vintage]/[runner:RegressionTest]/[test:RegressionTest3]/[test:test1508(RegressionTest3)]
display-name: test1508
]]></system-out>
</testcase>
<testcase name="test1511" classname="RegressionTest3" time="0">
<system-out><![CDATA[
unique-id: [engine:junit-vintage]/[runner:RegressionTest]/[test:RegressionTest3]/[test:test1511(RegressionTest3)]
display-name: test1511
]]></system-out>
</testcase>
<testcase name="test0614" classname="RegressionTest1" time="0">
<system-out><![CDATA[
unique-id: [engine:junit-vintage]/[runner:RegressionTest]/[test:RegressionTest1]/[test:test0614(RegressionTest1)]
display-name: test0614
]]></system-out>
</testcase>
<testcase name="test1768" classname="RegressionTest3" time="0">
<system-out><![CDATA[
unique-id: [engine:junit-vintage]/[runner:RegressionTest]/[test:RegressionTest3]/[test:test1768(RegressionTest3)]
display-name: test1768
]]></system-out>
</testcase>
<testcase name="test1921" classname="RegressionTest3" time="0">
<system-out><![CDATA[
unique-id: [engine:junit-vintage]/[runner:RegressionTest]/[test:RegressionTest3]/[test:test1921(RegressionTest3)]
display-name: test1921
]]></system-out>
</testcase>
<testcase name="test2250" classname="RegressionTest4" time="0">
<system-out><![CDATA[
unique-id: [engine:junit-vintage]/[runner:RegressionTest]/[test:RegressionTest4]/[test:test2250(RegressionTest4)]
display-name: test2250
]]></system-out>
</testcase>
<testcase name="test0198" classname="RegressionTest0" time="0">
<system-out><![CDATA[
unique-id: [engine:junit-vintage]/[runner:RegressionTest]/[test:RegressionTest0]/[test:test0198(RegressionTest0)]
display-name: test0198
]]></system-out>
</testcase>
<testcase name="test0760" classname="RegressionTest1" time="0">
<system-out><![CDATA[
unique-id: [engine:junit-vintage]/[runner:RegressionTest]/[test:RegressionTest1]/[test:test0760(RegressionTest1)]
display-name: test0760
]]></system-out>
</testcase>
<testcase name="test1095" classname="RegressionTest2" time="0">
<system-out><![CDATA[
unique-id: [engine:junit-vintage]/[runner:RegressionTest]/[test:RegressionTest2]/[test:test1095(RegressionTest2)]
display-name: test1095
]]></system-out>
</testcase>
<testcase name="test2256" classname="RegressionTest4" time="0">
<system-out><![CDATA[
unique-id: [engine:junit-vintage]/[runner:RegressionTest]/[test:RegressionTest4]/[test:test2256(RegressionTest4)]
display-name: test2256
]]></system-out>
</testcase>
<testcase name="test0328" classname="RegressionTest0" time="0">
<system-out><![CDATA[
unique-id: [engine:junit-vintage]/[runner:RegressionTest]/[test:RegressionTest0]/[test:test0328(RegressionTest0)]
display-name: test0328
]]></system-out>
</testcase>
<testcase name="test0385" classname="RegressionTest0" time="0">
<system-out><![CDATA[
unique-id: [engine:junit-vintage]/[runner:RegressionTest]/[test:RegressionTest0]/[test:test0385(RegressionTest0)]
display-name: test0385
]]></system-out>
</testcase>
<testcase name="test1781" classname="RegressionTest3" time="0">
<system-out><![CDATA[
unique-id: [engine:junit-vintage]/[runner:RegressionTest]/[test:RegressionTest3]/[test:test1781(RegressionTest3)]
display-name: test1781
]]></system-out>
</testcase>
<testcase name="test1225" classname="RegressionTest2" time="0">
<system-out><![CDATA[
unique-id: [engine:junit-vintage]/[runner:RegressionTest]/[test:RegressionTest2]/[test:test1225(RegressionTest2)]
display-name: test1225
]]></system-out>
</testcase>
<testcase name="test2335" classname="RegressionTest4" time="0">
<system-out><![CDATA[
unique-id: [engine:junit-vintage]/[runner:RegressionTest]/[test:RegressionTest4]/[test:test2335(RegressionTest4)]
display-name: test2335
]]></system-out>
</testcase>
<testcase name="test0963" classname="RegressionTest1" time="0">
<system-out><![CDATA[
unique-id: [engine:junit-vintage]/[runner:RegressionTest]/[test:RegressionTest1]/[test:test0963(RegressionTest1)]
display-name: test0963
]]></system-out>
</testcase>
<testcase name="test2596" classname="RegressionTest5" time="0">
<system-out><![CDATA[
unique-id: [engine:junit-vintage]/[runner:RegressionTest]/[test:RegressionTest5]/[test:test2596(RegressionTest5)]
display-name: test2596
]]></system-out>
</testcase>
<testcase name="test0703" classname="RegressionTest1" time="0">
<system-out><![CDATA[
unique-id: [engine:junit-vintage]/[runner:RegressionTest]/[test:RegressionTest1]/[test:test0703(RegressionTest1)]
display-name: test0703
]]></system-out>
</testcase>
<testcase name="test1600" classname="RegressionTest3" time="0">
<system-out><![CDATA[
unique-id: [engine:junit-vintage]/[runner:RegressionTest]/[test:RegressionTest3]/[test:test1600(RegressionTest3)]
display-name: test1600
]]></system-out>
</testcase>
<testcase name="test1038" classname="RegressionTest2" time="0">
<system-out><![CDATA[
unique-id: [engine:junit-vintage]/[runner:RegressionTest]/[test:RegressionTest2]/[test:test1038(RegressionTest2)]
display-name: test1038
]]></system-out>
</testcase>
<testcase name="test2053" classname="RegressionTest4" time="0">
<system-out><![CDATA[
unique-id: [engine:junit-vintage]/[runner:RegressionTest]/[test:RegressionTest4]/[test:test2053(RegressionTest4)]
display-name: test2053
]]></system-out>
</testcase>
<testcase name="test2240" classname="RegressionTest4" time="0">
<system-out><![CDATA[
unique-id: [engine:junit-vintage]/[runner:RegressionTest]/[test:RegressionTest4]/[test:test2240(RegressionTest4)]
display-name: test2240
]]></system-out>
</testcase>
<testcase name="test2567" classname="RegressionTest5" time="0">
<system-out><![CDATA[
unique-id: [engine:junit-vintage]/[runner:RegressionTest]/[test:RegressionTest5]/[test:test2567(RegressionTest5)]
display-name: test2567
]]></system-out>
</testcase>
<testcase name="test1565" classname="RegressionTest3" time="0">
<system-out><![CDATA[
unique-id: [engine:junit-vintage]/[runner:RegressionTest]/[test:RegressionTest3]/[test:test1565(RegressionTest3)]
display-name: test1565
]]></system-out>
</testcase>
<testcase name="test0998" classname="RegressionTest1" time="0">
<system-out><![CDATA[
unique-id: [engine:junit-vintage]/[runner:RegressionTest]/[test:RegressionTest1]/[test:test0998(RegressionTest1)]
display-name: test0998
]]></system-out>
</testcase>
<testcase name="test2091" classname="RegressionTest4" time="0">
<system-out><![CDATA[
unique-id: [engine:junit-vintage]/[runner:RegressionTest]/[test:RegressionTest4]/[test:test2091(RegressionTest4)]
display-name: test2091
]]></system-out>
</testcase>
<testcase name="test1940" classname="RegressionTest3" time="0">
<system-out><![CDATA[
unique-id: [engine:junit-vintage]/[runner:RegressionTest]/[test:RegressionTest3]/[test:test1940(RegressionTest3)]
display-name: test1940
]]></system-out>
</testcase>
<testcase name="test2275" classname="RegressionTest4" time="0">
<system-out><![CDATA[
unique-id: [engine:junit-vintage]/[runner:RegressionTest]/[test:RegressionTest4]/[test:test2275(RegressionTest4)]
display-name: test2275
]]></system-out>
</testcase>
<testcase name="test2119" classname="RegressionTest4" time="0">
<system-out><![CDATA[
unique-id: [engine:junit-vintage]/[runner:RegressionTest]/[test:RegressionTest4]/[test:test2119(RegressionTest4)]
display-name: test2119
]]></system-out>
</testcase>
<testcase name="test2491" classname="RegressionTest4" time="0">
<system-out><![CDATA[
unique-id: [engine:junit-vintage]/[runner:RegressionTest]/[test:RegressionTest4]/[test:test2491(RegressionTest4)]
display-name: test2491
]]></system-out>
</testcase>
<testcase name="test1635" classname="RegressionTest3" time="0">
<system-out><![CDATA[
unique-id: [engine:junit-vintage]/[runner:RegressionTest]/[test:RegressionTest3]/[test:test1635(RegressionTest3)]
display-name: test1635
]]></system-out>
</testcase>
<testcase name="test0366" classname="RegressionTest0" time="0">
<system-out><![CDATA[
unique-id: [engine:junit-vintage]/[runner:RegressionTest]/[test:RegressionTest0]/[test:test0366(RegressionTest0)]
display-name: test0366
]]></system-out>
</testcase>
<testcase name="test1184" classname="RegressionTest2" time="0">
<system-out><![CDATA[
unique-id: [engine:junit-vintage]/[runner:RegressionTest]/[test:RegressionTest2]/[test:test1184(RegressionTest2)]
display-name: test1184
]]></system-out>
</testcase>
<testcase name="test1387" classname="RegressionTest2" time="0">
<system-out><![CDATA[
unique-id: [engine:junit-vintage]/[runner:RegressionTest]/[test:RegressionTest2]/[test:test1387(RegressionTest2)]
display-name: test1387
]]></system-out>
</testcase>
<testcase name="test2024" classname="RegressionTest4" time="0">
<system-out><![CDATA[
unique-id: [engine:junit-vintage]/[runner:RegressionTest]/[test:RegressionTest4]/[test:test2024(RegressionTest4)]
display-name: test2024
]]></system-out>
</testcase>
<testcase name="test1724" classname="RegressionTest3" time="0">
<system-out><![CDATA[
unique-id: [engine:junit-vintage]/[runner:RegressionTest]/[test:RegressionTest3]/[test:test1724(RegressionTest3)]
display-name: test1724
]]></system-out>
</testcase>
<testcase name="test0204" classname="RegressionTest0" time="0.001">
<system-out><![CDATA[
unique-id: [engine:junit-vintage]/[runner:RegressionTest]/[test:RegressionTest0]/[test:test0204(RegressionTest0)]
display-name: test0204
]]></system-out>
</testcase>
<testcase name="test1540" classname="RegressionTest3" time="0">
<system-out><![CDATA[
unique-id: [engine:junit-vintage]/[runner:RegressionTest]/[test:RegressionTest3]/[test:test1540(RegressionTest3)]
display-name: test1540
]]></system-out>
</testcase>
<testcase name="test1254" classname="RegressionTest2" time="0">
<system-out><![CDATA[
unique-id: [engine:junit-vintage]/[runner:RegressionTest]/[test:RegressionTest2]/[test:test1254(RegressionTest2)]
display-name: test1254
]]></system-out>
</testcase>
<testcase name="test2059" classname="RegressionTest4" time="0">
<system-out><![CDATA[
unique-id: [engine:junit-vintage]/[runner:RegressionTest]/[test:RegressionTest4]/[test:test2059(RegressionTest4)]
display-name: test2059
]]></system-out>
</testcase>
<testcase name="test0239" classname="RegressionTest0" time="0">
<system-out><![CDATA[
unique-id: [engine:junit-vintage]/[runner:RegressionTest]/[test:RegressionTest0]/[test:test0239(RegressionTest0)]
display-name: test0239
]]></system-out>
</testcase>
<testcase name="test2221" classname="RegressionTest4" time="0">
<system-out><![CDATA[
unique-id: [engine:junit-vintage]/[runner:RegressionTest]/[test:RegressionTest4]/[test:test2221(RegressionTest4)]
display-name: test2221
]]></system-out>
</testcase>
<testcase name="test2180" classname="RegressionTest4" time="0">
<system-out><![CDATA[
unique-id: [engine:junit-vintage]/[runner:RegressionTest]/[test:RegressionTest4]/[test:test2180(RegressionTest4)]
display-name: test2180
]]></system-out>
</testcase>
<testcase name="test0360" classname="RegressionTest0" time="0">
<system-out><![CDATA[
unique-id: [engine:junit-vintage]/[runner:RegressionTest]/[test:RegressionTest0]/[test:test0360(RegressionTest0)]
display-name: test0360
]]></system-out>
</testcase>
<testcase name="test0544" classname="RegressionTest1" time="0">
<system-out><![CDATA[
unique-id: [engine:junit-vintage]/[runner:RegressionTest]/[test:RegressionTest1]/[test:test0544(RegressionTest1)]
display-name: test0544
]]></system-out>
</testcase>
<testcase name="test2405" classname="RegressionTest4" time="0">
<system-out><![CDATA[
unique-id: [engine:junit-vintage]/[runner:RegressionTest]/[test:RegressionTest4]/[test:test2405(RegressionTest4)]
display-name: test2405
]]></system-out>
</testcase>
<testcase name="test1070" classname="RegressionTest2" time="0">
<system-out><![CDATA[
unique-id: [engine:junit-vintage]/[runner:RegressionTest]/[test:RegressionTest2]/[test:test1070(RegressionTest2)]
display-name: test1070
]]></system-out>
</testcase>
<testcase name="test2656" classname="RegressionTest5" time="0">
<system-out><![CDATA[
unique-id: [engine:junit-vintage]/[runner:RegressionTest]/[test:RegressionTest5]/[test:test2656(RegressionTest5)]
display-name: test2656
]]></system-out>
</testcase>
<testcase name="test1476" classname="RegressionTest2" time="0">
<system-out><![CDATA[
unique-id: [engine:junit-vintage]/[runner:RegressionTest]/[test:RegressionTest2]/[test:test1476(RegressionTest2)]
display-name: test1476
]]></system-out>
</testcase>
<testcase name="test1946" classname="RegressionTest3" time="0">
<system-out><![CDATA[
unique-id: [engine:junit-vintage]/[runner:RegressionTest]/[test:RegressionTest3]/[test:test1946(RegressionTest3)]
display-name: test1946
]]></system-out>
</testcase>
<testcase name="test1470" classname="RegressionTest2" time="0">
<system-out><![CDATA[
unique-id: [engine:junit-vintage]/[runner:RegressionTest]/[test:RegressionTest2]/[test:test1470(RegressionTest2)]
display-name: test1470
]]></system-out>
</testcase>
<testcase name="test2186" classname="RegressionTest4" time="0">
<system-out><![CDATA[
unique-id: [engine:junit-vintage]/[runner:RegressionTest]/[test:RegressionTest4]/[test:test2186(RegressionTest4)]
display-name: test2186
]]></system-out>
</testcase>
<testcase name="test0836" classname="RegressionTest1" time="0">
<system-out><![CDATA[
unique-id: [engine:junit-vintage]/[runner:RegressionTest]/[test:RegressionTest1]/[test:test0836(RegressionTest1)]
display-name: test0836
]]></system-out>
</testcase>
<testcase name="test1546" classname="RegressionTest3" time="0">
<system-out><![CDATA[
unique-id: [engine:junit-vintage]/[runner:RegressionTest]/[test:RegressionTest3]/[test:test1546(RegressionTest3)]
display-name: test1546
]]></system-out>
</testcase>
<testcase name="test1003" classname="RegressionTest2" time="0">
<system-out><![CDATA[
unique-id: [engine:junit-vintage]/[runner:RegressionTest]/[test:RegressionTest2]/[test:test1003(RegressionTest2)]
display-name: test1003
]]></system-out>
</testcase>
<testcase name="test0163" classname="RegressionTest0" time="0.002">
<system-out><![CDATA[
unique-id: [engine:junit-vintage]/[runner:RegressionTest]/[test:RegressionTest0]/[test:test0163(RegressionTest0)]
display-name: test0163
]]></system-out>
</testcase>
<testcase name="test1165" classname="RegressionTest2" time="0">
<system-out><![CDATA[
unique-id: [engine:junit-vintage]/[runner:RegressionTest]/[test:RegressionTest2]/[test:test1165(RegressionTest2)]
display-name: test1165
]]></system-out>
</testcase>
<testcase name="test0455" classname="RegressionTest0" time="0">
<system-out><![CDATA[
unique-id: [engine:junit-vintage]/[runner:RegressionTest]/[test:RegressionTest0]/[test:test0455(RegressionTest0)]
display-name: test0455
]]></system-out>
</testcase>
<testcase name="test0741" classname="RegressionTest1" time="0.001">
<system-out><![CDATA[
unique-id: [engine:junit-vintage]/[runner:RegressionTest]/[test:RegressionTest1]/[test:test0741(RegressionTest1)]
display-name: test0741
]]></system-out>
</testcase>
<testcase name="test1851" classname="RegressionTest3" time="0">
<system-out><![CDATA[
unique-id: [engine:junit-vintage]/[runner:RegressionTest]/[test:RegressionTest3]/[test:test1851(RegressionTest3)]
display-name: test1851
]]></system-out>
</testcase>
<testcase name="test2561" classname="RegressionTest5" time="0">
<system-out><![CDATA[
unique-id: [engine:junit-vintage]/[runner:RegressionTest]/[test:RegressionTest5]/[test:test2561(RegressionTest5)]
display-name: test2561
]]></system-out>
</testcase>
<testcase name="test2310" classname="RegressionTest4" time="0">
<system-out><![CDATA[
unique-id: [engine:junit-vintage]/[runner:RegressionTest]/[test:RegressionTest4]/[test:test2310(RegressionTest4)]
display-name: test2310
]]></system-out>
</testcase>
<testcase name="test1139" classname="RegressionTest2" time="0">
<system-out><![CDATA[
unique-id: [engine:junit-vintage]/[runner:RegressionTest]/[test:RegressionTest2]/[test:test1139(RegressionTest2)]
display-name: test1139
]]></system-out>
</testcase>
<testcase name="test1701" classname="RegressionTest3" time="0">
<system-out><![CDATA[
unique-id: [engine:junit-vintage]/[runner:RegressionTest]/[test:RegressionTest3]/[test:test1701(RegressionTest3)]
display-name: test1701
]]></system-out>
</testcase>
<testcase name="test1486" classname="RegressionTest2" time="0">
<system-out><![CDATA[
unique-id: [engine:junit-vintage]/[runner:RegressionTest]/[test:RegressionTest2]/[test:test1486(RegressionTest2)]
display-name: test1486
]]></system-out>
</testcase>
<testcase name="test1736" classname="RegressionTest3" time="0">
<system-out><![CDATA[
unique-id: [engine:junit-vintage]/[runner:RegressionTest]/[test:RegressionTest3]/[test:test1736(RegressionTest3)]
display-name: test1736
]]></system-out>
</testcase>
<testcase name="test2332" classname="RegressionTest4" time="0">
<system-out><![CDATA[
unique-id: [engine:junit-vintage]/[runner:RegressionTest]/[test:RegressionTest4]/[test:test2332(RegressionTest4)]
display-name: test2332
]]></system-out>
</testcase>
<testcase name="test1451" classname="RegressionTest2" time="0">
<system-out><![CDATA[
unique-id: [engine:junit-vintage]/[runner:RegressionTest]/[test:RegressionTest2]/[test:test1451(RegressionTest2)]
display-name: test1451
]]></system-out>
</testcase>
<testcase name="test2367" classname="RegressionTest4" time="0">
<system-out><![CDATA[
unique-id: [engine:junit-vintage]/[runner:RegressionTest]/[test:RegressionTest4]/[test:test2367(RegressionTest4)]
display-name: test2367
]]></system-out>
</testcase>
<testcase name="test0621" classname="RegressionTest1" time="0">
<system-out><![CDATA[
unique-id: [engine:junit-vintage]/[runner:RegressionTest]/[test:RegressionTest1]/[test:test0621(RegressionTest1)]
display-name: test0621
]]></system-out>
</testcase>
<testcase name="test0508" classname="RegressionTest1" time="0">
<system-out><![CDATA[
unique-id: [engine:junit-vintage]/[runner:RegressionTest]/[test:RegressionTest1]/[test:test0508(RegressionTest1)]
display-name: test0508
]]></system-out>
</testcase>
<testcase name="test0656" classname="RegressionTest1" time="0">
<system-out><![CDATA[
unique-id: [engine:junit-vintage]/[runner:RegressionTest]/[test:RegressionTest1]/[test:test0656(RegressionTest1)]
display-name: test0656
]]></system-out>
</testcase>
<testcase name="test2617" classname="RegressionTest5" time="0">
<system-out><![CDATA[
unique-id: [engine:junit-vintage]/[runner:RegressionTest]/[test:RegressionTest5]/[test:test2617(RegressionTest5)]
display-name: test2617
]]></system-out>
</testcase>
<testcase name="test0187" classname="RegressionTest0" time="0">
<system-out><![CDATA[
unique-id: [engine:junit-vintage]/[runner:RegressionTest]/[test:RegressionTest0]/[test:test0187(RegressionTest0)]
display-name: test0187
]]></system-out>
</testcase>
<testcase name="test1380" classname="RegressionTest2" time="0">
<system-out><![CDATA[
unique-id: [engine:junit-vintage]/[runner:RegressionTest]/[test:RegressionTest2]/[test:test1380(RegressionTest2)]
display-name: test1380
]]></system-out>
</testcase>
<testcase name="test2190" classname="RegressionTest4" time="0">
<system-out><![CDATA[
unique-id: [engine:junit-vintage]/[runner:RegressionTest]/[test:RegressionTest4]/[test:test2190(RegressionTest4)]
display-name: test2190
]]></system-out>
</testcase>
<testcase name="test2460" classname="RegressionTest4" time="0">
<system-out><![CDATA[
unique-id: [engine:junit-vintage]/[runner:RegressionTest]/[test:RegressionTest4]/[test:test2460(RegressionTest4)]
display-name: test2460
]]></system-out>
</testcase>
<testcase name="test1884" classname="RegressionTest3" time="0">
<system-out><![CDATA[
unique-id: [engine:junit-vintage]/[runner:RegressionTest]/[test:RegressionTest3]/[test:test1884(RegressionTest3)]
display-name: test1884
]]></system-out>
</testcase>
<testcase name="test0152" classname="RegressionTest0" time="0">
<system-out><![CDATA[
unique-id: [engine:junit-vintage]/[runner:RegressionTest]/[test:RegressionTest0]/[test:test0152(RegressionTest0)]
display-name: test0152
]]></system-out>
</testcase>
<testcase name="test1232" classname="RegressionTest2" time="0">
<system-out><![CDATA[
unique-id: [engine:junit-vintage]/[runner:RegressionTest]/[test:RegressionTest2]/[test:test1232(RegressionTest2)]
display-name: test1232
]]></system-out>
</testcase>
<testcase name="test0243" classname="RegressionTest0" time="0">
<system-out><![CDATA[
unique-id: [engine:junit-vintage]/[runner:RegressionTest]/[test:RegressionTest0]/[test:test0243(RegressionTest0)]
display-name: test0243
]]></system-out>
</testcase>
<testcase name="test1608" classname="RegressionTest3" time="0">
<system-out><![CDATA[
unique-id: [engine:junit-vintage]/[runner:RegressionTest]/[test:RegressionTest3]/[test:test1608(RegressionTest3)]
display-name: test1608
]]></system-out>
</testcase>
<testcase name="test2204" classname="RegressionTest4" time="0">
<system-out><![CDATA[
unique-id: [engine:junit-vintage]/[runner:RegressionTest]/[test:RegressionTest4]/[test:test2204(RegressionTest4)]
display-name: test2204
]]></system-out>
</testcase>
<testcase name="test0172" classname="RegressionTest0" time="0">
<system-out><![CDATA[
unique-id: [engine:junit-vintage]/[runner:RegressionTest]/[test:RegressionTest0]/[test:test0172(RegressionTest0)]
display-name: test0172
]]></system-out>
</testcase>
<testcase name="test0840" classname="RegressionTest1" time="0">
<system-out><![CDATA[
unique-id: [engine:junit-vintage]/[runner:RegressionTest]/[test:RegressionTest1]/[test:test0840(RegressionTest1)]
display-name: test0840
]]></system-out>
</testcase>
<testcase name="test1267" classname="RegressionTest2" time="0">
<system-out><![CDATA[
unique-id: [engine:junit-vintage]/[runner:RegressionTest]/[test:RegressionTest2]/[test:test1267(RegressionTest2)]
display-name: test1267
]]></system-out>
</testcase>
<testcase name="test0004" classname="RegressionTest0" time="0">
<system-out><![CDATA[
unique-id: [engine:junit-vintage]/[runner:RegressionTest]/[test:RegressionTest0]/[test:test0004(RegressionTest0)]
display-name: test0004
]]></system-out>
</testcase>
<testcase name="test0601" classname="RegressionTest1" time="0">
<system-out><![CDATA[
unique-id: [engine:junit-vintage]/[runner:RegressionTest]/[test:RegressionTest1]/[test:test0601(RegressionTest1)]
display-name: test0601
]]></system-out>
</testcase>
<testcase name="test1716" classname="RegressionTest3" time="0">
<system-out><![CDATA[
unique-id: [engine:junit-vintage]/[runner:RegressionTest]/[test:RegressionTest3]/[test:test1716(RegressionTest3)]
display-name: test1716
]]></system-out>
</testcase>
<testcase name="test1287" classname="RegressionTest2" time="0">
<system-out><![CDATA[
unique-id: [engine:junit-vintage]/[runner:RegressionTest]/[test:RegressionTest2]/[test:test1287(RegressionTest2)]
display-name: test1287
]]></system-out>
</testcase>
<testcase name="test0351" classname="RegressionTest0" time="0">
<system-out><![CDATA[
unique-id: [engine:junit-vintage]/[runner:RegressionTest]/[test:RegressionTest0]/[test:test0351(RegressionTest0)]
display-name: test0351
]]></system-out>
</testcase>
<testcase name="test2495" classname="RegressionTest4" time="0">
<system-out><![CDATA[
unique-id: [engine:junit-vintage]/[runner:RegressionTest]/[test:RegressionTest4]/[test:test2495(RegressionTest4)]
display-name: test2495
]]></system-out>
</testcase>
<testcase name="test1899" classname="RegressionTest3" time="0">
<system-out><![CDATA[
unique-id: [engine:junit-vintage]/[runner:RegressionTest]/[test:RegressionTest3]/[test:test1899(RegressionTest3)]
display-name: test1899
]]></system-out>
</testcase>
<testcase name="test1159" classname="RegressionTest2" time="0">
<system-out><![CDATA[
unique-id: [engine:junit-vintage]/[runner:RegressionTest]/[test:RegressionTest2]/[test:test1159(RegressionTest2)]
display-name: test1159
]]></system-out>
</testcase>
<testcase name="test0059" classname="RegressionTest0" time="0">
<system-out><![CDATA[
unique-id: [engine:junit-vintage]/[runner:RegressionTest]/[test:RegressionTest0]/[test:test0059(RegressionTest0)]
display-name: test0059
]]></system-out>
</testcase>
<testcase name="test2219" classname="RegressionTest4" time="0">
<system-out><![CDATA[
unique-id: [engine:junit-vintage]/[runner:RegressionTest]/[test:RegressionTest4]/[test:test2219(RegressionTest4)]
display-name: test2219
]]></system-out>
</testcase>
<testcase name="test2602" classname="RegressionTest5" time="0">
<system-out><![CDATA[
unique-id: [engine:junit-vintage]/[runner:RegressionTest]/[test:RegressionTest5]/[test:test2602(RegressionTest5)]
display-name: test2602
]]></system-out>
</testcase>
<testcase name="test1409" classname="RegressionTest2" time="0">
<system-out><![CDATA[
unique-id: [engine:junit-vintage]/[runner:RegressionTest]/[test:RegressionTest2]/[test:test1409(RegressionTest2)]
display-name: test1409
]]></system-out>
</testcase>
<testcase name="test1721" classname="RegressionTest3" time="0">
<system-out><![CDATA[
unique-id: [engine:junit-vintage]/[runner:RegressionTest]/[test:RegressionTest3]/[test:test1721(RegressionTest3)]
display-name: test1721
]]></system-out>
</testcase>
<testcase name="test1395" classname="RegressionTest2" time="0">
<system-out><![CDATA[
unique-id: [engine:junit-vintage]/[runner:RegressionTest]/[test:RegressionTest2]/[test:test1395(RegressionTest2)]
display-name: test1395
]]></system-out>
</testcase>
<testcase name="test0784" classname="RegressionTest1" time="0">
<system-out><![CDATA[
unique-id: [engine:junit-vintage]/[runner:RegressionTest]/[test:RegressionTest1]/[test:test0784(RegressionTest1)]
display-name: test0784
]]></system-out>
</testcase>
<testcase name="test1594" classname="RegressionTest3" time="0">
<system-out><![CDATA[
unique-id: [engine:junit-vintage]/[runner:RegressionTest]/[test:RegressionTest3]/[test:test1594(RegressionTest3)]
display-name: test1594
]]></system-out>
</testcase>
<testcase name="test2387" classname="RegressionTest4" time="0">
<system-out><![CDATA[
unique-id: [engine:junit-vintage]/[runner:RegressionTest]/[test:RegressionTest4]/[test:test2387(RegressionTest4)]
display-name: test2387
]]></system-out>
</testcase>
<testcase name="test0280" classname="RegressionTest0" time="0">
<system-out><![CDATA[
unique-id: [engine:junit-vintage]/[runner:RegressionTest]/[test:RegressionTest0]/[test:test0280(RegressionTest0)]
display-name: test0280
]]></system-out>
</testcase>
<testcase name="test1090" classname="RegressionTest2" time="0">
<system-out><![CDATA[
unique-id: [engine:junit-vintage]/[runner:RegressionTest]/[test:RegressionTest2]/[test:test1090(RegressionTest2)]
display-name: test1090
]]></system-out>
</testcase>
<testcase name="test1104" classname="RegressionTest2" time="0">
<system-out><![CDATA[
unique-id: [engine:junit-vintage]/[runner:RegressionTest]/[test:RegressionTest2]/[test:test1104(RegressionTest2)]
display-name: test1104
]]></system-out>
</testcase>
<testcase name="test0167" classname="RegressionTest0" time="0">
<system-out><![CDATA[
unique-id: [engine:junit-vintage]/[runner:RegressionTest]/[test:RegressionTest0]/[test:test0167(RegressionTest0)]
display-name: test0167
]]></system-out>
</testcase>
<testcase name="test1343" classname="RegressionTest2" time="0">
<system-out><![CDATA[
unique-id: [engine:junit-vintage]/[runner:RegressionTest]/[test:RegressionTest2]/[test:test1343(RegressionTest2)]
display-name: test1343
]]></system-out>
</testcase>
<testcase name="test0676" classname="RegressionTest1" time="0">
<system-out><![CDATA[
unique-id: [engine:junit-vintage]/[runner:RegressionTest]/[test:RegressionTest1]/[test:test0676(RegressionTest1)]
display-name: test0676
]]></system-out>
</testcase>
<testcase name="test1879" classname="RegressionTest3" time="0">
<system-out><![CDATA[
unique-id: [engine:junit-vintage]/[runner:RegressionTest]/[test:RegressionTest3]/[test:test1879(RegressionTest3)]
display-name: test1879
]]></system-out>
</testcase>
<testcase name="test0079" classname="RegressionTest0" time="0.001">
<system-out><![CDATA[
unique-id: [engine:junit-vintage]/[runner:RegressionTest]/[test:RegressionTest0]/[test:test0079(RegressionTest0)]
display-name: test0079
]]></system-out>
</testcase>
<testcase name="test1378" classname="RegressionTest2" time="0">
<system-out><![CDATA[
unique-id: [engine:junit-vintage]/[runner:RegressionTest]/[test:RegressionTest2]/[test:test1378(RegressionTest2)]
display-name: test1378
]]></system-out>
</testcase>
<testcase name="test2082" classname="RegressionTest4" time="0">
<system-out><![CDATA[
unique-id: [engine:junit-vintage]/[runner:RegressionTest]/[test:RegressionTest4]/[test:test2082(RegressionTest4)]
display-name: test2082
]]></system-out>
</testcase>
<testcase name="test1272" classname="RegressionTest2" time="0">
<system-out><![CDATA[
unique-id: [engine:junit-vintage]/[runner:RegressionTest]/[test:RegressionTest2]/[test:test1272(RegressionTest2)]
display-name: test1272
]]></system-out>
</testcase>
<testcase name="test1844" classname="RegressionTest3" time="0">
<system-out><![CDATA[
unique-id: [engine:junit-vintage]/[runner:RegressionTest]/[test:RegressionTest3]/[test:test1844(RegressionTest3)]
display-name: test1844
]]></system-out>
</testcase>
<testcase name="test0799" classname="RegressionTest1" time="0">
<system-out><![CDATA[
unique-id: [engine:junit-vintage]/[runner:RegressionTest]/[test:RegressionTest1]/[test:test0799(RegressionTest1)]
display-name: test0799
]]></system-out>
</testcase>
<testcase name="test1975" classname="RegressionTest3" time="0">
<system-out><![CDATA[
unique-id: [engine:junit-vintage]/[runner:RegressionTest]/[test:RegressionTest3]/[test:test1975(RegressionTest3)]
display-name: test1975
]]></system-out>
</testcase>
<testcase name="test1628" classname="RegressionTest3" time="0">
<system-out><![CDATA[
unique-id: [engine:junit-vintage]/[runner:RegressionTest]/[test:RegressionTest3]/[test:test1628(RegressionTest3)]
display-name: test1628
]]></system-out>
</testcase>
<testcase name="test1992" classname="RegressionTest3" time="0">
<system-out><![CDATA[
unique-id: [engine:junit-vintage]/[runner:RegressionTest]/[test:RegressionTest3]/[test:test1992(RegressionTest3)]
display-name: test1992
]]></system-out>
</testcase>
<testcase name="test1471" classname="RegressionTest2" time="0">
<system-out><![CDATA[
unique-id: [engine:junit-vintage]/[runner:RegressionTest]/[test:RegressionTest2]/[test:test1471(RegressionTest2)]
display-name: test1471
]]></system-out>
</testcase>
<testcase name="test1741" classname="RegressionTest3" time="0">
<system-out><![CDATA[
unique-id: [engine:junit-vintage]/[runner:RegressionTest]/[test:RegressionTest3]/[test:test1741(RegressionTest3)]
display-name: test1741
]]></system-out>
</testcase>
<testcase name="test0295" classname="RegressionTest0" time="0">
<system-out><![CDATA[
unique-id: [engine:junit-vintage]/[runner:RegressionTest]/[test:RegressionTest0]/[test:test0295(RegressionTest0)]
display-name: test0295
]]></system-out>
</testcase>
<testcase name="test1119" classname="RegressionTest2" time="0">
<system-out><![CDATA[
unique-id: [engine:junit-vintage]/[runner:RegressionTest]/[test:RegressionTest2]/[test:test1119(RegressionTest2)]
display-name: test1119
]]></system-out>
</testcase>
<testcase name="test2312" classname="RegressionTest4" time="0">
<system-out><![CDATA[
unique-id: [engine:junit-vintage]/[runner:RegressionTest]/[test:RegressionTest4]/[test:test2312(RegressionTest4)]
display-name: test2312
]]></system-out>
</testcase>
<testcase name="test1375" classname="RegressionTest2" time="0">
<system-out><![CDATA[
unique-id: [engine:junit-vintage]/[runner:RegressionTest]/[test:RegressionTest2]/[test:test1375(RegressionTest2)]
display-name: test1375
]]></system-out>
</testcase>
<testcase name="test0100" classname="RegressionTest0" time="0">
<system-out><![CDATA[
unique-id: [engine:junit-vintage]/[runner:RegressionTest]/[test:RegressionTest0]/[test:test0100(RegressionTest0)]
display-name: test0100
]]></system-out>
</testcase>
<testcase name="test1625" classname="RegressionTest3" time="0">
<system-out><![CDATA[
unique-id: [engine:junit-vintage]/[runner:RegressionTest]/[test:RegressionTest3]/[test:test1625(RegressionTest3)]
display-name: test1625
]]></system-out>
</testcase>
<testcase name="test1124" classname="RegressionTest2" time="0">
<system-out><![CDATA[
unique-id: [engine:junit-vintage]/[runner:RegressionTest]/[test:RegressionTest2]/[test:test1124(RegressionTest2)]
display-name: test1124
]]></system-out>
</testcase>
<testcase name="test1491" classname="RegressionTest2" time="0">
<system-out><![CDATA[
unique-id: [engine:junit-vintage]/[runner:RegressionTest]/[test:RegressionTest2]/[test:test1491(RegressionTest2)]
display-name: test1491
]]></system-out>
</testcase>
<testcase name="test1144" classname="RegressionTest2" time="0">
<system-out><![CDATA[
unique-id: [engine:junit-vintage]/[runner:RegressionTest]/[test:RegressionTest2]/[test:test1144(RegressionTest2)]
display-name: test1144
]]></system-out>
</testcase>
<testcase name="test0696" classname="RegressionTest1" time="0">
<system-out><![CDATA[
unique-id: [engine:junit-vintage]/[runner:RegressionTest]/[test:RegressionTest1]/[test:test0696(RegressionTest1)]
display-name: test0696
]]></system-out>
</testcase>
<testcase name="test1972" classname="RegressionTest3" time="0">
<system-out><![CDATA[
unique-id: [engine:junit-vintage]/[runner:RegressionTest]/[test:RegressionTest3]/[test:test1972(RegressionTest3)]
display-name: test1972
]]></system-out>
</testcase>
<testcase name="test1859" classname="RegressionTest3" time="0">
<system-out><![CDATA[
unique-id: [engine:junit-vintage]/[runner:RegressionTest]/[test:RegressionTest3]/[test:test1859(RegressionTest3)]
display-name: test1859
]]></system-out>
</testcase>
<testcase name="test1016" classname="RegressionTest2" time="0.001">
<system-out><![CDATA[
unique-id: [engine:junit-vintage]/[runner:RegressionTest]/[test:RegressionTest2]/[test:test1016(RegressionTest2)]
display-name: test1016
]]></system-out>
</testcase>
<testcase name="test1756" classname="RegressionTest3" time="0">
<system-out><![CDATA[
unique-id: [engine:junit-vintage]/[runner:RegressionTest]/[test:RegressionTest3]/[test:test1756(RegressionTest3)]
display-name: test1756
]]></system-out>
</testcase>
<testcase name="test1864" classname="RegressionTest3" time="0">
<system-out><![CDATA[
unique-id: [engine:junit-vintage]/[runner:RegressionTest]/[test:RegressionTest3]/[test:test1864(RegressionTest3)]
display-name: test1864
]]></system-out>
</testcase>
<testcase name="test1252" classname="RegressionTest2" time="0">
<system-out><![CDATA[
unique-id: [engine:junit-vintage]/[runner:RegressionTest]/[test:RegressionTest2]/[test:test1252(RegressionTest2)]
display-name: test1252
]]></system-out>
</testcase>
<testcase name="test1360" classname="RegressionTest2" time="0">
<system-out><![CDATA[
unique-id: [engine:junit-vintage]/[runner:RegressionTest]/[test:RegressionTest2]/[test:test1360(RegressionTest2)]
display-name: test1360
]]></system-out>
</testcase>
<testcase name="test1995" classname="RegressionTest3" time="0">
<system-out><![CDATA[
unique-id: [engine:junit-vintage]/[runner:RegressionTest]/[test:RegressionTest3]/[test:test1995(RegressionTest3)]
display-name: test1995
]]></system-out>
</testcase>
<testcase name="test1517" classname="RegressionTest3" time="0">
<system-out><![CDATA[
unique-id: [engine:junit-vintage]/[runner:RegressionTest]/[test:RegressionTest3]/[test:test1517(RegressionTest3)]
display-name: test1517
]]></system-out>
</testcase>
<testcase name="test1247" classname="RegressionTest2" time="0">
<system-out><![CDATA[
unique-id: [engine:junit-vintage]/[runner:RegressionTest]/[test:RegressionTest2]/[test:test1247(RegressionTest2)]
display-name: test1247
]]></system-out>
</testcase>
<testcase name="test2307" classname="RegressionTest4" time="0">
<system-out><![CDATA[
unique-id: [engine:junit-vintage]/[runner:RegressionTest]/[test:RegressionTest4]/[test:test2307(RegressionTest4)]
display-name: test2307
]]></system-out>
</testcase>
<testcase name="test0275" classname="RegressionTest0" time="0">
<system-out><![CDATA[
unique-id: [engine:junit-vintage]/[runner:RegressionTest]/[test:RegressionTest0]/[test:test0275(RegressionTest0)]
display-name: test0275
]]></system-out>
</testcase>
<testcase name="test1164" classname="RegressionTest2" time="0">
<system-out><![CDATA[
unique-id: [engine:junit-vintage]/[runner:RegressionTest]/[test:RegressionTest2]/[test:test1164(RegressionTest2)]
display-name: test1164
]]></system-out>
</testcase>
<testcase name="test0880" classname="RegressionTest1" time="0">
<system-out><![CDATA[
unique-id: [engine:junit-vintage]/[runner:RegressionTest]/[test:RegressionTest1]/[test:test0880(RegressionTest1)]
display-name: test0880
]]></system-out>
</testcase>
<testcase name="test0872" classname="RegressionTest1" time="0">
<system-out><![CDATA[
unique-id: [engine:junit-vintage]/[runner:RegressionTest]/[test:RegressionTest1]/[test:test0872(RegressionTest1)]
display-name: test0872
]]></system-out>
</testcase>
<testcase name="test2279" classname="RegressionTest4" time="0">
<system-out><![CDATA[
unique-id: [engine:junit-vintage]/[runner:RegressionTest]/[test:RegressionTest4]/[test:test2279(RegressionTest4)]
display-name: test2279
]]></system-out>
</testcase>
<testcase name="test2236" classname="RegressionTest4" time="0">
<system-out><![CDATA[
unique-id: [engine:junit-vintage]/[runner:RegressionTest]/[test:RegressionTest4]/[test:test2236(RegressionTest4)]
display-name: test2236
]]></system-out>
</testcase>
<testcase name="test1761" classname="RegressionTest3" time="0">
<system-out><![CDATA[
unique-id: [engine:junit-vintage]/[runner:RegressionTest]/[test:RegressionTest3]/[test:test1761(RegressionTest3)]
display-name: test1761
]]></system-out>
</testcase>
<testcase name="test2571" classname="RegressionTest5" time="0">
<system-out><![CDATA[
unique-id: [engine:junit-vintage]/[runner:RegressionTest]/[test:RegressionTest5]/[test:test2571(RegressionTest5)]
display-name: test2571
]]></system-out>
</testcase>
<testcase name="test1648" classname="RegressionTest3" time="0">
<system-out><![CDATA[
unique-id: [engine:junit-vintage]/[runner:RegressionTest]/[test:RegressionTest3]/[test:test1648(RegressionTest3)]
display-name: test1648
]]></system-out>
</testcase>
<testcase name="test0240" classname="RegressionTest0" time="0">
<system-out><![CDATA[
unique-id: [engine:junit-vintage]/[runner:RegressionTest]/[test:RegressionTest0]/[test:test0240(RegressionTest0)]
display-name: test0240
]]></system-out>
</testcase>
<testcase name="test0283" classname="RegressionTest0" time="0">
<system-out><![CDATA[
unique-id: [engine:junit-vintage]/[runner:RegressionTest]/[test:RegressionTest0]/[test:test0283(RegressionTest0)]
display-name: test0283
]]></system-out>
</testcase>
<testcase name="test2463" classname="RegressionTest4" time="0">
<system-out><![CDATA[
unique-id: [engine:junit-vintage]/[runner:RegressionTest]/[test:RegressionTest4]/[test:test2463(RegressionTest4)]
display-name: test2463
]]></system-out>
</testcase>
<testcase name="test2420" classname="RegressionTest4" time="0">
<system-out><![CDATA[
unique-id: [engine:junit-vintage]/[runner:RegressionTest]/[test:RegressionTest4]/[test:test2420(RegressionTest4)]
display-name: test2420
]]></system-out>
</testcase>
<testcase name="test1320" classname="RegressionTest2" time="0">
<system-out><![CDATA[
unique-id: [engine:junit-vintage]/[runner:RegressionTest]/[test:RegressionTest2]/[test:test1320(RegressionTest2)]
display-name: test1320
]]></system-out>
</testcase>
<testcase name="test1363" classname="RegressionTest2" time="0">
<system-out><![CDATA[
unique-id: [engine:junit-vintage]/[runner:RegressionTest]/[test:RegressionTest2]/[test:test1363(RegressionTest2)]
display-name: test1363
]]></system-out>
</testcase>
<testcase name="test2563" classname="RegressionTest5" time="0">
<system-out><![CDATA[
unique-id: [engine:junit-vintage]/[runner:RegressionTest]/[test:RegressionTest5]/[test:test2563(RegressionTest5)]
display-name: test2563
]]></system-out>
</testcase>
<testcase name="test1796" classname="RegressionTest3" time="0">
<system-out><![CDATA[
unique-id: [engine:junit-vintage]/[runner:RegressionTest]/[test:RegressionTest3]/[test:test1796(RegressionTest3)]
display-name: test1796
]]></system-out>
</testcase>
<testcase name="test0661" classname="RegressionTest1" time="0">
<system-out><![CDATA[
unique-id: [engine:junit-vintage]/[runner:RegressionTest]/[test:RegressionTest1]/[test:test0661(RegressionTest1)]
display-name: test0661
]]></system-out>
</testcase>
<testcase name="test0135" classname="RegressionTest0" time="0.001">
<system-out><![CDATA[
unique-id: [engine:junit-vintage]/[runner:RegressionTest]/[test:RegressionTest0]/[test:test0135(RegressionTest0)]
display-name: test0135
]]></system-out>
</testcase>
<testcase name="test2455" classname="RegressionTest4" time="0">
<system-out><![CDATA[
unique-id: [engine:junit-vintage]/[runner:RegressionTest]/[test:RegressionTest4]/[test:test2455(RegressionTest4)]
display-name: test2455
]]></system-out>
</testcase>
<testcase name="test2498" classname="RegressionTest4" time="0">
<system-out><![CDATA[
unique-id: [engine:junit-vintage]/[runner:RegressionTest]/[test:RegressionTest4]/[test:test2498(RegressionTest4)]
display-name: test2498
]]></system-out>
</testcase>
<testcase name="test2598" classname="RegressionTest5" time="0">
<system-out><![CDATA[
unique-id: [engine:junit-vintage]/[runner:RegressionTest]/[test:RegressionTest5]/[test:test2598(RegressionTest5)]
display-name: test2598
]]></system-out>
</testcase>
<testcase name="test1207" classname="RegressionTest2" time="0">
<system-out><![CDATA[
unique-id: [engine:junit-vintage]/[runner:RegressionTest]/[test:RegressionTest2]/[test:test1207(RegressionTest2)]
display-name: test1207
]]></system-out>
</testcase>
<testcase name="test0064" classname="RegressionTest0" time="0">
<system-out><![CDATA[
unique-id: [engine:junit-vintage]/[runner:RegressionTest]/[test:RegressionTest0]/[test:test0064(RegressionTest0)]
display-name: test0064
]]></system-out>
</testcase>
<testcase name="test1001" classname="RegressionTest2" time="0.002">
<system-out><![CDATA[
unique-id: [engine:junit-vintage]/[runner:RegressionTest]/[test:RegressionTest2]/[test:test1001(RegressionTest2)]
display-name: test1001
]]></system-out>
</testcase>
<testcase name="test0553" classname="RegressionTest1" time="0">
<system-out><![CDATA[
unique-id: [engine:junit-vintage]/[runner:RegressionTest]/[test:RegressionTest1]/[test:test0553(RegressionTest1)]
display-name: test0553
]]></system-out>
</testcase>
<testcase name="test0724" classname="RegressionTest1" time="0">
<system-out><![CDATA[
unique-id: [engine:junit-vintage]/[runner:RegressionTest]/[test:RegressionTest1]/[test:test0724(RegressionTest1)]
display-name: test0724
]]></system-out>
</testcase>
<testcase name="test0732" classname="RegressionTest1" time="0">
<system-out><![CDATA[
unique-id: [engine:junit-vintage]/[runner:RegressionTest]/[test:RegressionTest1]/[test:test0732(RegressionTest1)]
display-name: test0732
]]></system-out>
</testcase>
<testcase name="test0929" classname="RegressionTest1" time="0">
<system-out><![CDATA[
unique-id: [engine:junit-vintage]/[runner:RegressionTest]/[test:RegressionTest1]/[test:test0929(RegressionTest1)]
display-name: test0929
]]></system-out>
</testcase>
<testcase name="test1212" classname="RegressionTest2" time="0">
<system-out><![CDATA[
unique-id: [engine:junit-vintage]/[runner:RegressionTest]/[test:RegressionTest2]/[test:test1212(RegressionTest2)]
display-name: test1212
]]></system-out>
</testcase>
<testcase name="test1839" classname="RegressionTest3" time="0">
<system-out><![CDATA[
unique-id: [engine:junit-vintage]/[runner:RegressionTest]/[test:RegressionTest3]/[test:test1839(RegressionTest3)]
display-name: test1839
]]></system-out>
</testcase>
<testcase name="test0616" classname="RegressionTest1" time="0">
<system-out><![CDATA[
unique-id: [engine:junit-vintage]/[runner:RegressionTest]/[test:RegressionTest1]/[test:test0616(RegressionTest1)]
display-name: test0616
]]></system-out>
</testcase>
<testcase name="test1952" classname="RegressionTest3" time="0">
<system-out><![CDATA[
unique-id: [engine:junit-vintage]/[runner:RegressionTest]/[test:RegressionTest3]/[test:test1952(RegressionTest3)]
display-name: test1952
]]></system-out>
</testcase>
<testcase name="test2101" classname="RegressionTest4" time="0">
<system-out><![CDATA[
unique-id: [engine:junit-vintage]/[runner:RegressionTest]/[test:RegressionTest4]/[test:test2101(RegressionTest4)]
display-name: test2101
]]></system-out>
</testcase>
<testcase name="test2392" classname="RegressionTest4" time="0">
<system-out><![CDATA[
unique-id: [engine:junit-vintage]/[runner:RegressionTest]/[test:RegressionTest4]/[test:test2392(RegressionTest4)]
display-name: test2392
]]></system-out>
</testcase>
<testcase name="test1960" classname="RegressionTest3" time="0">
<system-out><![CDATA[
unique-id: [engine:junit-vintage]/[runner:RegressionTest]/[test:RegressionTest3]/[test:test1960(RegressionTest3)]
display-name: test1960
]]></system-out>
</testcase>
<testcase name="test2201" classname="RegressionTest4" time="0">
<system-out><![CDATA[
unique-id: [engine:junit-vintage]/[runner:RegressionTest]/[test:RegressionTest4]/[test:test2201(RegressionTest4)]
display-name: test2201
]]></system-out>
</testcase>
<testcase name="test0624" classname="RegressionTest1" time="0">
<system-out><![CDATA[
unique-id: [engine:junit-vintage]/[runner:RegressionTest]/[test:RegressionTest1]/[test:test0624(RegressionTest1)]
display-name: test0624
]]></system-out>
</testcase>
<testcase name="test0132" classname="RegressionTest0" time="0">
<system-out><![CDATA[
unique-id: [engine:junit-vintage]/[runner:RegressionTest]/[test:RegressionTest0]/[test:test0132(RegressionTest0)]
display-name: test0132
]]></system-out>
</testcase>
<testcase name="test2128" classname="RegressionTest4" time="0">
<system-out><![CDATA[
unique-id: [engine:junit-vintage]/[runner:RegressionTest]/[test:RegressionTest4]/[test:test2128(RegressionTest4)]
display-name: test2128
]]></system-out>
</testcase>
<testcase name="test0980" classname="RegressionTest1" time="0">
<system-out><![CDATA[
unique-id: [engine:junit-vintage]/[runner:RegressionTest]/[test:RegressionTest1]/[test:test0980(RegressionTest1)]
display-name: test0980
]]></system-out>
</testcase>
<testcase name="test2136" classname="RegressionTest4" time="0">
<system-out><![CDATA[
unique-id: [engine:junit-vintage]/[runner:RegressionTest]/[test:RegressionTest4]/[test:test2136(RegressionTest4)]
display-name: test2136
]]></system-out>
</testcase>
<testcase name="test0175" classname="RegressionTest0" time="0.002">
<system-out><![CDATA[
unique-id: [engine:junit-vintage]/[runner:RegressionTest]/[test:RegressionTest0]/[test:test0175(RegressionTest0)]
display-name: test0175
]]></system-out>
</testcase>
<testcase name="test0659" classname="RegressionTest1" time="0">
<system-out><![CDATA[
unique-id: [engine:junit-vintage]/[runner:RegressionTest]/[test:RegressionTest1]/[test:test0659(RegressionTest1)]
display-name: test0659
]]></system-out>
</testcase>
<testcase name="test0383" classname="RegressionTest0" time="0">
<system-out><![CDATA[
unique-id: [engine:junit-vintage]/[runner:RegressionTest]/[test:RegressionTest0]/[test:test0383(RegressionTest0)]
display-name: test0383
]]></system-out>
</testcase>
<testcase name="test0140" classname="RegressionTest0" time="0">
<system-out><![CDATA[
unique-id: [engine:junit-vintage]/[runner:RegressionTest]/[test:RegressionTest0]/[test:test0140(RegressionTest0)]
display-name: test0140
]]></system-out>
</testcase>
<testcase name="test0764" classname="RegressionTest1" time="0">
<system-out><![CDATA[
unique-id: [engine:junit-vintage]/[runner:RegressionTest]/[test:RegressionTest1]/[test:test0764(RegressionTest1)]
display-name: test0764
]]></system-out>
</testcase>
<testcase name="test0410" classname="RegressionTest0" time="0">
<system-out><![CDATA[
unique-id: [engine:junit-vintage]/[runner:RegressionTest]/[test:RegressionTest0]/[test:test0410(RegressionTest0)]
display-name: test0410
]]></system-out>
</testcase>
<testcase name="test1220" classname="RegressionTest2" time="0">
<system-out><![CDATA[
unique-id: [engine:junit-vintage]/[runner:RegressionTest]/[test:RegressionTest2]/[test:test1220(RegressionTest2)]
display-name: test1220
]]></system-out>
</testcase>
<testcase name="test0513" classname="RegressionTest1" time="0">
<system-out><![CDATA[
unique-id: [engine:junit-vintage]/[runner:RegressionTest]/[test:RegressionTest1]/[test:test0513(RegressionTest1)]
display-name: test0513
]]></system-out>
</testcase>
<testcase name="test0548" classname="RegressionTest1" time="0">
<system-out><![CDATA[
unique-id: [engine:junit-vintage]/[runner:RegressionTest]/[test:RegressionTest1]/[test:test0548(RegressionTest1)]
display-name: test0548
]]></system-out>
</testcase>
<testcase name="test0278" classname="RegressionTest0" time="0">
<system-out><![CDATA[
unique-id: [engine:junit-vintage]/[runner:RegressionTest]/[test:RegressionTest0]/[test:test0278(RegressionTest0)]
display-name: test0278
]]></system-out>
</testcase>
<testcase name="test0505" classname="RegressionTest1" time="0">
<system-out><![CDATA[
unique-id: [engine:junit-vintage]/[runner:RegressionTest]/[test:RegressionTest1]/[test:test0505(RegressionTest1)]
display-name: test0505
]]></system-out>
</testcase>
<testcase name="test0405" classname="RegressionTest0" time="0">
<system-out><![CDATA[
unique-id: [engine:junit-vintage]/[runner:RegressionTest]/[test:RegressionTest0]/[test:test0405(RegressionTest0)]
display-name: test0405
]]></system-out>
</testcase>
<testcase name="test0235" classname="RegressionTest0" time="0">
<system-out><![CDATA[
unique-id: [engine:junit-vintage]/[runner:RegressionTest]/[test:RegressionTest0]/[test:test0235(RegressionTest0)]
display-name: test0235
]]></system-out>
</testcase>
<testcase name="test1571" classname="RegressionTest3" time="0">
<system-out><![CDATA[
unique-id: [engine:junit-vintage]/[runner:RegressionTest]/[test:RegressionTest3]/[test:test1571(RegressionTest3)]
display-name: test1571
]]></system-out>
</testcase>
<testcase name="test0391" classname="RegressionTest0" time="0">
<system-out><![CDATA[
unique-id: [engine:junit-vintage]/[runner:RegressionTest]/[test:RegressionTest0]/[test:test0391(RegressionTest0)]
display-name: test0391
]]></system-out>
</testcase>
<testcase name="test1688" classname="RegressionTest3" time="0">
<system-out><![CDATA[
unique-id: [engine:junit-vintage]/[runner:RegressionTest]/[test:RegressionTest3]/[test:test1688(RegressionTest3)]
display-name: test1688
]]></system-out>
</testcase>
<testcase name="test2355" classname="RegressionTest4" time="0">
<system-out><![CDATA[
unique-id: [engine:junit-vintage]/[runner:RegressionTest]/[test:RegressionTest4]/[test:test2355(RegressionTest4)]
display-name: test2355
]]></system-out>
</testcase>
<testcase name="test0386" classname="RegressionTest0" time="0">
<system-out><![CDATA[
unique-id: [engine:junit-vintage]/[runner:RegressionTest]/[test:RegressionTest0]/[test:test0386(RegressionTest0)]
display-name: test0386
]]></system-out>
</testcase>
<testcase name="test1912" classname="RegressionTest3" time="0">
<system-out><![CDATA[
unique-id: [engine:junit-vintage]/[runner:RegressionTest]/[test:RegressionTest3]/[test:test1912(RegressionTest3)]
display-name: test1912
]]></system-out>
</testcase>
<testcase name="test2239" classname="RegressionTest4" time="0">
<system-out><![CDATA[
unique-id: [engine:junit-vintage]/[runner:RegressionTest]/[test:RegressionTest4]/[test:test2239(RegressionTest4)]
display-name: test2239
]]></system-out>
</testcase>
<testcase name="test2347" classname="RegressionTest4" time="0">
<system-out><![CDATA[
unique-id: [engine:junit-vintage]/[runner:RegressionTest]/[test:RegressionTest4]/[test:test2347(RegressionTest4)]
display-name: test2347
]]></system-out>
</testcase>
<testcase name="test0983" classname="RegressionTest1" time="0">
<system-out><![CDATA[
unique-id: [engine:junit-vintage]/[runner:RegressionTest]/[test:RegressionTest1]/[test:test0983(RegressionTest1)]
display-name: test0983
]]></system-out>
</testcase>
<testcase name="test0494" classname="RegressionTest0" time="0">
<system-out><![CDATA[
unique-id: [engine:junit-vintage]/[runner:RegressionTest]/[test:RegressionTest0]/[test:test0494(RegressionTest0)]
display-name: test0494
]]></system-out>
</testcase>
<testcase name="test0875" classname="RegressionTest1" time="0">
<system-out><![CDATA[
unique-id: [engine:junit-vintage]/[runner:RegressionTest]/[test:RegressionTest1]/[test:test0875(RegressionTest1)]
display-name: test0875
]]></system-out>
</testcase>
<testcase name="test0127" classname="RegressionTest0" time="0.001">
<system-out><![CDATA[
unique-id: [engine:junit-vintage]/[runner:RegressionTest]/[test:RegressionTest0]/[test:test0127(RegressionTest0)]
display-name: test0127
]]></system-out>
</testcase>
<testcase name="test0027" classname="RegressionTest0" time="0.007">
<system-out><![CDATA[
unique-id: [engine:junit-vintage]/[runner:RegressionTest]/[test:RegressionTest0]/[test:test0027(RegressionTest0)]
display-name: test0027
]]></system-out>
</testcase>
<testcase name="test2352" classname="RegressionTest4" time="0">
<system-out><![CDATA[
unique-id: [engine:junit-vintage]/[runner:RegressionTest]/[test:RegressionTest4]/[test:test2352(RegressionTest4)]
display-name: test2352
]]></system-out>
</testcase>
<testcase name="test0767" classname="RegressionTest1" time="0">
<system-out><![CDATA[
unique-id: [engine:junit-vintage]/[runner:RegressionTest]/[test:RegressionTest1]/[test:test0767(RegressionTest1)]
display-name: test0767
]]></system-out>
</testcase>
<testcase name="test0867" classname="RegressionTest1" time="0">
<system-out><![CDATA[
unique-id: [engine:junit-vintage]/[runner:RegressionTest]/[test:RegressionTest1]/[test:test0867(RegressionTest1)]
display-name: test0867
]]></system-out>
</testcase>
<testcase name="test2344" classname="RegressionTest4" time="0">
<system-out><![CDATA[
unique-id: [engine:junit-vintage]/[runner:RegressionTest]/[test:RegressionTest4]/[test:test2344(RegressionTest4)]
display-name: test2344
]]></system-out>
</testcase>
<testcase name="test2509" classname="RegressionTest5" time="0">
<system-out><![CDATA[
unique-id: [engine:junit-vintage]/[runner:RegressionTest]/[test:RegressionTest5]/[test:test2509(RegressionTest5)]
display-name: test2509
]]></system-out>
</testcase>
<testcase name="test0759" classname="RegressionTest1" time="0">
<system-out><![CDATA[
unique-id: [engine:junit-vintage]/[runner:RegressionTest]/[test:RegressionTest1]/[test:test0759(RegressionTest1)]
display-name: test0759
]]></system-out>
</testcase>
<testcase name="test0019" classname="RegressionTest0" time="0.004">
<system-out><![CDATA[
unique-id: [engine:junit-vintage]/[runner:RegressionTest]/[test:RegressionTest0]/[test:test0019(RegressionTest0)]
display-name: test0019
]]></system-out>
</testcase>
<testcase name="test0772" classname="RegressionTest1" time="0">
<system-out><![CDATA[
unique-id: [engine:junit-vintage]/[runner:RegressionTest]/[test:RegressionTest1]/[test:test0772(RegressionTest1)]
display-name: test0772
]]></system-out>
</testcase>
<testcase name="test1199" classname="RegressionTest2" time="0">
<system-out><![CDATA[
unique-id: [engine:junit-vintage]/[runner:RegressionTest]/[test:RegressionTest2]/[test:test1199(RegressionTest2)]
display-name: test1199
]]></system-out>
</testcase>
<testcase name="test2244" classname="RegressionTest4" time="0">
<system-out><![CDATA[
unique-id: [engine:junit-vintage]/[runner:RegressionTest]/[test:RegressionTest4]/[test:test2244(RegressionTest4)]
display-name: test2244
]]></system-out>
</testcase>
<testcase name="test1804" classname="RegressionTest3" time="0">
<system-out><![CDATA[
unique-id: [engine:junit-vintage]/[runner:RegressionTest]/[test:RegressionTest3]/[test:test1804(RegressionTest3)]
display-name: test1804
]]></system-out>
</testcase>
<testcase name="test0024" classname="RegressionTest0" time="0">
<system-out><![CDATA[
unique-id: [engine:junit-vintage]/[runner:RegressionTest]/[test:RegressionTest0]/[test:test0024(RegressionTest0)]
display-name: test0024
]]></system-out>
</testcase>
<testcase name="test1443" classname="RegressionTest2" time="0">
<system-out><![CDATA[
unique-id: [engine:junit-vintage]/[runner:RegressionTest]/[test:RegressionTest2]/[test:test1443(RegressionTest2)]
display-name: test1443
]]></system-out>
</testcase>
<testcase name="test0847" classname="RegressionTest1" time="0">
<system-out><![CDATA[
unique-id: [engine:junit-vintage]/[runner:RegressionTest]/[test:RegressionTest1]/[test:test0847(RegressionTest1)]
display-name: test0847
]]></system-out>
</testcase>
<testcase name="test2375" classname="RegressionTest4" time="0">
<system-out><![CDATA[
unique-id: [engine:junit-vintage]/[runner:RegressionTest]/[test:RegressionTest4]/[test:test2375(RegressionTest4)]
display-name: test2375
]]></system-out>
</testcase>
<testcase name="test0812" classname="RegressionTest1" time="0">
<system-out><![CDATA[
unique-id: [engine:junit-vintage]/[runner:RegressionTest]/[test:RegressionTest1]/[test:test0812(RegressionTest1)]
display-name: test0812
]]></system-out>
</testcase>
<testcase name="test0032" classname="RegressionTest0" time="0.001">
<system-out><![CDATA[
unique-id: [engine:junit-vintage]/[runner:RegressionTest]/[test:RegressionTest0]/[test:test0032(RegressionTest0)]
display-name: test0032
]]></system-out>
</testcase>
<testcase name="test2182" classname="RegressionTest4" time="0">
<system-out><![CDATA[
unique-id: [engine:junit-vintage]/[runner:RegressionTest]/[test:RegressionTest4]/[test:test2182(RegressionTest4)]
display-name: test2182
]]></system-out>
</testcase>
<testcase name="test2324" classname="RegressionTest4" time="0">
<system-out><![CDATA[
unique-id: [engine:junit-vintage]/[runner:RegressionTest]/[test:RegressionTest4]/[test:test2324(RegressionTest4)]
display-name: test2324
]]></system-out>
</testcase>
<testcase name="test1478" classname="RegressionTest2" time="0">
<system-out><![CDATA[
unique-id: [engine:junit-vintage]/[runner:RegressionTest]/[test:RegressionTest2]/[test:test1478(RegressionTest2)]
display-name: test1478
]]></system-out>
</testcase>
<testcase name="test2028" classname="RegressionTest4" time="0">
<system-out><![CDATA[
unique-id: [engine:junit-vintage]/[runner:RegressionTest]/[test:RegressionTest4]/[test:test2028(RegressionTest4)]
display-name: test2028
]]></system-out>
</testcase>
<testcase name="test0408" classname="RegressionTest0" time="0">
<system-out><![CDATA[
unique-id: [engine:junit-vintage]/[runner:RegressionTest]/[test:RegressionTest0]/[test:test0408(RegressionTest0)]
display-name: test0408
]]></system-out>
</testcase>
<testcase name="test1744" classname="RegressionTest3" time="0">
<system-out><![CDATA[
unique-id: [engine:junit-vintage]/[runner:RegressionTest]/[test:RegressionTest3]/[test:test1744(RegressionTest3)]
display-name: test1744
]]></system-out>
</testcase>
<testcase name="test0613" classname="RegressionTest1" time="0">
<system-out><![CDATA[
unique-id: [engine:junit-vintage]/[runner:RegressionTest]/[test:RegressionTest1]/[test:test0613(RegressionTest1)]
display-name: test0613
]]></system-out>
</testcase>
<testcase name="test2054" classname="RegressionTest4" time="0">
<system-out><![CDATA[
unique-id: [engine:junit-vintage]/[runner:RegressionTest]/[test:RegressionTest4]/[test:test2054(RegressionTest4)]
display-name: test2054
]]></system-out>
</testcase>
<testcase name="test1510" classname="RegressionTest3" time="0">
<system-out><![CDATA[
unique-id: [engine:junit-vintage]/[runner:RegressionTest]/[test:RegressionTest3]/[test:test1510(RegressionTest3)]
display-name: test1510
]]></system-out>
</testcase>
<testcase name="test1315" classname="RegressionTest2" time="0">
<system-out><![CDATA[
unique-id: [engine:junit-vintage]/[runner:RegressionTest]/[test:RegressionTest2]/[test:test1315(RegressionTest2)]
display-name: test1315
]]></system-out>
</testcase>
<testcase name="test2089" classname="RegressionTest4" time="0">
<system-out><![CDATA[
unique-id: [engine:junit-vintage]/[runner:RegressionTest]/[test:RegressionTest4]/[test:test2089(RegressionTest4)]
display-name: test2089
]]></system-out>
</testcase>
<testcase name="test2651" classname="RegressionTest5" time="0">
<system-out><![CDATA[
unique-id: [engine:junit-vintage]/[runner:RegressionTest]/[test:RegressionTest5]/[test:test2651(RegressionTest5)]
display-name: test2651
]]></system-out>
</testcase>
<testcase name="test1779" classname="RegressionTest3" time="0">
<system-out><![CDATA[
unique-id: [engine:junit-vintage]/[runner:RegressionTest]/[test:RegressionTest3]/[test:test1779(RegressionTest3)]
display-name: test1779
]]></system-out>
</testcase>
<testcase name="test1728" classname="RegressionTest3" time="0">
<system-out><![CDATA[
unique-id: [engine:junit-vintage]/[runner:RegressionTest]/[test:RegressionTest3]/[test:test1728(RegressionTest3)]
display-name: test1728
]]></system-out>
</testcase>
<testcase name="test2359" classname="RegressionTest4" time="0">
<system-out><![CDATA[
unique-id: [engine:junit-vintage]/[runner:RegressionTest]/[test:RegressionTest4]/[test:test2359(RegressionTest4)]
display-name: test2359
]]></system-out>
</testcase>
<testcase name="test1545" classname="RegressionTest3" time="0">
<system-out><![CDATA[
unique-id: [engine:junit-vintage]/[runner:RegressionTest]/[test:RegressionTest3]/[test:test1545(RegressionTest3)]
display-name: test1545
]]></system-out>
</testcase>
<testcase name="test0209" classname="RegressionTest0" time="0">
<system-out><![CDATA[
unique-id: [engine:junit-vintage]/[runner:RegressionTest]/[test:RegressionTest0]/[test:test0209(RegressionTest0)]
display-name: test0209
]]></system-out>
</testcase>
<testcase name="test0491" classname="RegressionTest0" time="0">
<system-out><![CDATA[
unique-id: [engine:junit-vintage]/[runner:RegressionTest]/[test:RegressionTest0]/[test:test0491(RegressionTest0)]
display-name: test0491
]]></system-out>
</testcase>
<testcase name="test1275" classname="RegressionTest2" time="0">
<system-out><![CDATA[
unique-id: [engine:junit-vintage]/[runner:RegressionTest]/[test:RegressionTest2]/[test:test1275(RegressionTest2)]
display-name: test1275
]]></system-out>
</testcase>
<testcase name="test1402" classname="RegressionTest2" time="0">
<system-out><![CDATA[
unique-id: [engine:junit-vintage]/[runner:RegressionTest]/[test:RegressionTest2]/[test:test1402(RegressionTest2)]
display-name: test1402
]]></system-out>
</testcase>
<testcase name="test1947" classname="RegressionTest3" time="0">
<system-out><![CDATA[
unique-id: [engine:junit-vintage]/[runner:RegressionTest]/[test:RegressionTest3]/[test:test1947(RegressionTest3)]
display-name: test1947
]]></system-out>
</testcase>
<testcase name="test2686" classname="RegressionTest5" time="0">
<system-out><![CDATA[
unique-id: [engine:junit-vintage]/[runner:RegressionTest]/[test:RegressionTest5]/[test:test2686(RegressionTest5)]
display-name: test2686
]]></system-out>
</testcase>
<testcase name="test0940" classname="RegressionTest1" time="0">
<system-out><![CDATA[
unique-id: [engine:junit-vintage]/[runner:RegressionTest]/[test:RegressionTest1]/[test:test0940(RegressionTest1)]
display-name: test0940
]]></system-out>
</testcase>
<testcase name="test2560" classname="RegressionTest5" time="0">
<system-out><![CDATA[
unique-id: [engine:junit-vintage]/[runner:RegressionTest]/[test:RegressionTest5]/[test:test2560(RegressionTest5)]
display-name: test2560
]]></system-out>
</testcase>
<testcase name="test1240" classname="RegressionTest2" time="0">
<system-out><![CDATA[
unique-id: [engine:junit-vintage]/[runner:RegressionTest]/[test:RegressionTest2]/[test:test1240(RegressionTest2)]
display-name: test1240
]]></system-out>
</testcase>
<testcase name="test0343" classname="RegressionTest0" time="0">
<system-out><![CDATA[
unique-id: [engine:junit-vintage]/[runner:RegressionTest]/[test:RegressionTest0]/[test:test0343(RegressionTest0)]
display-name: test0343
]]></system-out>
</testcase>
<testcase name="test0501" classname="RegressionTest1" time="0">
<system-out><![CDATA[
unique-id: [engine:junit-vintage]/[runner:RegressionTest]/[test:RegressionTest1]/[test:test0501(RegressionTest1)]
display-name: test0501
]]></system-out>
</testcase>
<testcase name="test1167" classname="RegressionTest2" time="0">
<system-out><![CDATA[
unique-id: [engine:junit-vintage]/[runner:RegressionTest]/[test:RegressionTest2]/[test:test1167(RegressionTest2)]
display-name: test1167
]]></system-out>
</testcase>
<testcase name="test0832" classname="RegressionTest1" time="0">
<system-out><![CDATA[
unique-id: [engine:junit-vintage]/[runner:RegressionTest]/[test:RegressionTest1]/[test:test0832(RegressionTest1)]
display-name: test0832
]]></system-out>
</testcase>
<testcase name="test1259" classname="RegressionTest2" time="0">
<system-out><![CDATA[
unique-id: [engine:junit-vintage]/[runner:RegressionTest]/[test:RegressionTest2]/[test:test1259(RegressionTest2)]
display-name: test1259
]]></system-out>
</testcase>
<testcase name="test0012" classname="RegressionTest0" time="0">
<system-out><![CDATA[
unique-id: [engine:junit-vintage]/[runner:RegressionTest]/[test:RegressionTest0]/[test:test0012(RegressionTest0)]
display-name: test0012
]]></system-out>
</testcase>
<testcase name="test0806" classname="RegressionTest1" time="0">
<system-out><![CDATA[
unique-id: [engine:junit-vintage]/[runner:RegressionTest]/[test:RegressionTest1]/[test:test0806(RegressionTest1)]
display-name: test0806
]]></system-out>
</testcase>
<testcase name="test0679" classname="RegressionTest1" time="0">
<system-out><![CDATA[
unique-id: [engine:junit-vintage]/[runner:RegressionTest]/[test:RegressionTest1]/[test:test0679(RegressionTest1)]
display-name: test0679
]]></system-out>
</testcase>
<testcase name="test2156" classname="RegressionTest4" time="0">
<system-out><![CDATA[
unique-id: [engine:junit-vintage]/[runner:RegressionTest]/[test:RegressionTest4]/[test:test2156(RegressionTest4)]
display-name: test2156
]]></system-out>
</testcase>
<testcase name="test1417" classname="RegressionTest2" time="0">
<system-out><![CDATA[
unique-id: [engine:junit-vintage]/[runner:RegressionTest]/[test:RegressionTest2]/[test:test1417(RegressionTest2)]
display-name: test1417
]]></system-out>
</testcase>
<testcase name="test2048" classname="RegressionTest4" time="0">
<system-out><![CDATA[
unique-id: [engine:junit-vintage]/[runner:RegressionTest]/[test:RegressionTest4]/[test:test2048(RegressionTest4)]
display-name: test2048
]]></system-out>
</testcase>
<testcase name="test2610" classname="RegressionTest5" time="0">
<system-out><![CDATA[
unique-id: [engine:junit-vintage]/[runner:RegressionTest]/[test:RegressionTest5]/[test:test2610(RegressionTest5)]
display-name: test2610
]]></system-out>
</testcase>
<testcase name="test0428" classname="RegressionTest0" time="0">
<system-out><![CDATA[
unique-id: [engine:junit-vintage]/[runner:RegressionTest]/[test:RegressionTest0]/[test:test0428(RegressionTest0)]
display-name: test0428
]]></system-out>
</testcase>
<testcase name="test1713" classname="RegressionTest3" time="0">
<system-out><![CDATA[
unique-id: [engine:junit-vintage]/[runner:RegressionTest]/[test:RegressionTest3]/[test:test1713(RegressionTest3)]
display-name: test1713
]]></system-out>
</testcase>
<testcase name="test1821" classname="RegressionTest3" time="0">
<system-out><![CDATA[
unique-id: [engine:junit-vintage]/[runner:RegressionTest]/[test:RegressionTest3]/[test:test1821(RegressionTest3)]
display-name: test1821
]]></system-out>
</testcase>
<testcase name="test1112" classname="RegressionTest2" time="0">
<system-out><![CDATA[
unique-id: [engine:junit-vintage]/[runner:RegressionTest]/[test:RegressionTest2]/[test:test1112(RegressionTest2)]
display-name: test1112
]]></system-out>
</testcase>
<testcase name="test1056" classname="RegressionTest2" time="0">
<system-out><![CDATA[
unique-id: [engine:junit-vintage]/[runner:RegressionTest]/[test:RegressionTest2]/[test:test1056(RegressionTest2)]
display-name: test1056
]]></system-out>
</testcase>
<testcase name="test0215" classname="RegressionTest0" time="0">
<system-out><![CDATA[
unique-id: [engine:junit-vintage]/[runner:RegressionTest]/[test:RegressionTest0]/[test:test0215(RegressionTest0)]
display-name: test0215
]]></system-out>
</testcase>
<testcase name="test1586" classname="RegressionTest3" time="0">
<system-out><![CDATA[
unique-id: [engine:junit-vintage]/[runner:RegressionTest]/[test:RegressionTest3]/[test:test1586(RegressionTest3)]
display-name: test1586
]]></system-out>
</testcase>
<testcase name="test1799" classname="RegressionTest3" time="0">
<system-out><![CDATA[
unique-id: [engine:junit-vintage]/[runner:RegressionTest]/[test:RegressionTest3]/[test:test1799(RegressionTest3)]
display-name: test1799
]]></system-out>
</testcase>
<testcase name="test1004" classname="RegressionTest2" time="0">
<system-out><![CDATA[
unique-id: [engine:junit-vintage]/[runner:RegressionTest]/[test:RegressionTest2]/[test:test1004(RegressionTest2)]
display-name: test1004
]]></system-out>
</testcase>
<testcase name="test0180" classname="RegressionTest0" time="0">
<system-out><![CDATA[
unique-id: [engine:junit-vintage]/[runner:RegressionTest]/[test:RegressionTest0]/[test:test0180(RegressionTest0)]
display-name: test0180
]]></system-out>
</testcase>
<testcase name="test2340" classname="RegressionTest4" time="0">
<system-out><![CDATA[
unique-id: [engine:junit-vintage]/[runner:RegressionTest]/[test:RegressionTest4]/[test:test2340(RegressionTest4)]
display-name: test2340
]]></system-out>
</testcase>
<testcase name="test0704" classname="RegressionTest1" time="0">
<system-out><![CDATA[
unique-id: [engine:junit-vintage]/[runner:RegressionTest]/[test:RegressionTest1]/[test:test0704(RegressionTest1)]
display-name: test0704
]]></system-out>
</testcase>
<testcase name="test1039" classname="RegressionTest2" time="0">
<system-out><![CDATA[
unique-id: [engine:junit-vintage]/[runner:RegressionTest]/[test:RegressionTest2]/[test:test1039(RegressionTest2)]
display-name: test1039
]]></system-out>
</testcase>
<testcase name="test2074" classname="RegressionTest4" time="0">
<system-out><![CDATA[
unique-id: [engine:junit-vintage]/[runner:RegressionTest]/[test:RegressionTest4]/[test:test2074(RegressionTest4)]
display-name: test2074
]]></system-out>
</testcase>
<testcase name="test1906" classname="RegressionTest3" time="0">
<system-out><![CDATA[
unique-id: [engine:junit-vintage]/[runner:RegressionTest]/[test:RegressionTest3]/[test:test1906(RegressionTest3)]
display-name: test1906
]]></system-out>
</testcase>
<testcase name="test1239" classname="RegressionTest2" time="0">
<system-out><![CDATA[
unique-id: [engine:junit-vintage]/[runner:RegressionTest]/[test:RegressionTest2]/[test:test1239(RegressionTest2)]
display-name: test1239
]]></system-out>
</testcase>
<testcase name="test1852" classname="RegressionTest3" time="0">
<system-out><![CDATA[
unique-id: [engine:junit-vintage]/[runner:RegressionTest]/[test:RegressionTest3]/[test:test1852(RegressionTest3)]
display-name: test1852
]]></system-out>
</testcase>
<testcase name="test1836" classname="RegressionTest3" time="0">
<system-out><![CDATA[
unique-id: [engine:junit-vintage]/[runner:RegressionTest]/[test:RegressionTest3]/[test:test1836(RegressionTest3)]
display-name: test1836
]]></system-out>
</testcase>
<testcase name="test1335" classname="RegressionTest2" time="0">
<system-out><![CDATA[
unique-id: [engine:junit-vintage]/[runner:RegressionTest]/[test:RegressionTest2]/[test:test1335(RegressionTest2)]
display-name: test1335
]]></system-out>
</testcase>
<testcase name="test1748" classname="RegressionTest3" time="0">
<system-out><![CDATA[
unique-id: [engine:junit-vintage]/[runner:RegressionTest]/[test:RegressionTest3]/[test:test1748(RegressionTest3)]
display-name: test1748
]]></system-out>
</testcase>
<testcase name="test2671" classname="RegressionTest5" time="0">
<system-out><![CDATA[
unique-id: [engine:junit-vintage]/[runner:RegressionTest]/[test:RegressionTest5]/[test:test2671(RegressionTest5)]
display-name: test2671
]]></system-out>
</testcase>
<testcase name="test0323" classname="RegressionTest0" time="0">
<system-out><![CDATA[
unique-id: [engine:junit-vintage]/[runner:RegressionTest]/[test:RegressionTest0]/[test:test0323(RegressionTest0)]
display-name: test0323
]]></system-out>
</testcase>
<testcase name="test1887" classname="RegressionTest3" time="0">
<system-out><![CDATA[
unique-id: [engine:junit-vintage]/[runner:RegressionTest]/[test:RegressionTest3]/[test:test1887(RegressionTest3)]
display-name: test1887
]]></system-out>
</testcase>
<testcase name="test1097" classname="RegressionTest2" time="0">
<system-out><![CDATA[
unique-id: [engine:junit-vintage]/[runner:RegressionTest]/[test:RegressionTest2]/[test:test1097(RegressionTest2)]
display-name: test1097
]]></system-out>
</testcase>
<testcase name="test1967" classname="RegressionTest3" time="0">
<system-out><![CDATA[
unique-id: [engine:junit-vintage]/[runner:RegressionTest]/[test:RegressionTest3]/[test:test1967(RegressionTest3)]
display-name: test1967
]]></system-out>
</testcase>
<testcase name="test0317" classname="RegressionTest0" time="0">
<system-out><![CDATA[
unique-id: [engine:junit-vintage]/[runner:RegressionTest]/[test:RegressionTest0]/[test:test0317(RegressionTest0)]
display-name: test0317
]]></system-out>
</testcase>
<testcase name="test1653" classname="RegressionTest3" time="0">
<system-out><![CDATA[
unique-id: [engine:junit-vintage]/[runner:RegressionTest]/[test:RegressionTest3]/[test:test1653(RegressionTest3)]
display-name: test1653
]]></system-out>
</testcase>
<testcase name="test2290" classname="RegressionTest4" time="0">
<system-out><![CDATA[
unique-id: [engine:junit-vintage]/[runner:RegressionTest]/[test:RegressionTest4]/[test:test2290(RegressionTest4)]
display-name: test2290
]]></system-out>
</testcase>
<testcase name="test1636" classname="RegressionTest3" time="0">
<system-out><![CDATA[
unique-id: [engine:junit-vintage]/[runner:RegressionTest]/[test:RegressionTest3]/[test:test1636(RegressionTest3)]
display-name: test1636
]]></system-out>
</testcase>
<testcase name="test1458" classname="RegressionTest2" time="0">
<system-out><![CDATA[
unique-id: [engine:junit-vintage]/[runner:RegressionTest]/[test:RegressionTest2]/[test:test1458(RegressionTest2)]
display-name: test1458
]]></system-out>
</testcase>
<testcase name="test1132" classname="RegressionTest2" time="0">
<system-out><![CDATA[
unique-id: [engine:junit-vintage]/[runner:RegressionTest]/[test:RegressionTest2]/[test:test1132(RegressionTest2)]
display-name: test1132
]]></system-out>
</testcase>
<testcase name="test0200" classname="RegressionTest0" time="0">
<system-out><![CDATA[
unique-id: [engine:junit-vintage]/[runner:RegressionTest]/[test:RegressionTest0]/[test:test0200(RegressionTest0)]
display-name: test0200
]]></system-out>
</testcase>
<testcase name="test1633" classname="RegressionTest3" time="0">
<system-out><![CDATA[
unique-id: [engine:junit-vintage]/[runner:RegressionTest]/[test:RegressionTest3]/[test:test1633(RegressionTest3)]
display-name: test1633
]]></system-out>
</testcase>
<testcase name="test1980" classname="RegressionTest3" time="0">
<system-out><![CDATA[
unique-id: [engine:junit-vintage]/[runner:RegressionTest]/[test:RegressionTest3]/[test:test1980(RegressionTest3)]
display-name: test1980
]]></system-out>
</testcase>
<testcase name="test2543" classname="RegressionTest5" time="0">
<system-out><![CDATA[
unique-id: [engine:junit-vintage]/[runner:RegressionTest]/[test:RegressionTest5]/[test:test2543(RegressionTest5)]
display-name: test2543
]]></system-out>
</testcase>
<testcase name="test2400" classname="RegressionTest4" time="0">
<system-out><![CDATA[
unique-id: [engine:junit-vintage]/[runner:RegressionTest]/[test:RegressionTest4]/[test:test2400(RegressionTest4)]
display-name: test2400
]]></system-out>
</testcase>
<testcase name="test1383" classname="RegressionTest2" time="0">
<system-out><![CDATA[
unique-id: [engine:junit-vintage]/[runner:RegressionTest]/[test:RegressionTest2]/[test:test1383(RegressionTest2)]
display-name: test1383
]]></system-out>
</testcase>
<testcase name="test1224" classname="RegressionTest2" time="0">
<system-out><![CDATA[
unique-id: [engine:junit-vintage]/[runner:RegressionTest]/[test:RegressionTest2]/[test:test1224(RegressionTest2)]
display-name: test1224
]]></system-out>
</testcase>
<testcase name="test1525" classname="RegressionTest3" time="0">
<system-out><![CDATA[
unique-id: [engine:junit-vintage]/[runner:RegressionTest]/[test:RegressionTest3]/[test:test1525(RegressionTest3)]
display-name: test1525
]]></system-out>
</testcase>
<testcase name="test1872" classname="RegressionTest3" time="0">
<system-out><![CDATA[
unique-id: [engine:junit-vintage]/[runner:RegressionTest]/[test:RegressionTest3]/[test:test1872(RegressionTest3)]
display-name: test1872
]]></system-out>
</testcase>
<testcase name="test1024" classname="RegressionTest2" time="0">
<system-out><![CDATA[
unique-id: [engine:junit-vintage]/[runner:RegressionTest]/[test:RegressionTest2]/[test:test1024(RegressionTest2)]
display-name: test1024
]]></system-out>
</testcase>
<testcase name="test1116" classname="RegressionTest2" time="0">
<system-out><![CDATA[
unique-id: [engine:junit-vintage]/[runner:RegressionTest]/[test:RegressionTest2]/[test:test1116(RegressionTest2)]
display-name: test1116
]]></system-out>
</testcase>
<testcase name="test0949" classname="RegressionTest1" time="0">
<system-out><![CDATA[
unique-id: [engine:junit-vintage]/[runner:RegressionTest]/[test:RegressionTest1]/[test:test0949(RegressionTest1)]
display-name: test0949
]]></system-out>
</testcase>
<testcase name="test2299" classname="RegressionTest4" time="0">
<system-out><![CDATA[
unique-id: [engine:junit-vintage]/[runner:RegressionTest]/[test:RegressionTest4]/[test:test2299(RegressionTest4)]
display-name: test2299
]]></system-out>
</testcase>
<testcase name="test1856" classname="RegressionTest3" time="0">
<system-out><![CDATA[
unique-id: [engine:junit-vintage]/[runner:RegressionTest]/[test:RegressionTest3]/[test:test1856(RegressionTest3)]
display-name: test1856
]]></system-out>
</testcase>
<testcase name="test1764" classname="RegressionTest3" time="0">
<system-out><![CDATA[
unique-id: [engine:junit-vintage]/[runner:RegressionTest]/[test:RegressionTest3]/[test:test1764(RegressionTest3)]
display-name: test1764
]]></system-out>
</testcase>
<testcase name="test2162" classname="RegressionTest4" time="0">
<system-out><![CDATA[
unique-id: [engine:junit-vintage]/[runner:RegressionTest]/[test:RegressionTest4]/[test:test2162(RegressionTest4)]
display-name: test2162
]]></system-out>
</testcase>
<testcase name="test1255" classname="RegressionTest2" time="0">
<system-out><![CDATA[
unique-id: [engine:junit-vintage]/[runner:RegressionTest]/[test:RegressionTest2]/[test:test1255(RegressionTest2)]
display-name: test1255
]]></system-out>
</testcase>
<testcase name="test1964" classname="RegressionTest3" time="0">
<system-out><![CDATA[
unique-id: [engine:junit-vintage]/[runner:RegressionTest]/[test:RegressionTest3]/[test:test1964(RegressionTest3)]
display-name: test1964
]]></system-out>
</testcase>
<testcase name="test1656" classname="RegressionTest3" time="0">
<system-out><![CDATA[
unique-id: [engine:junit-vintage]/[runner:RegressionTest]/[test:RegressionTest3]/[test:test1656(RegressionTest3)]
display-name: test1656
]]></system-out>
</testcase>
<testcase name="test1147" classname="RegressionTest2" time="0">
<system-out><![CDATA[
unique-id: [engine:junit-vintage]/[runner:RegressionTest]/[test:RegressionTest2]/[test:test1147(RegressionTest2)]
display-name: test1147
]]></system-out>
</testcase>
<testcase name="test1021" classname="RegressionTest2" time="0">
<system-out><![CDATA[
unique-id: [engine:junit-vintage]/[runner:RegressionTest]/[test:RegressionTest2]/[test:test1021(RegressionTest2)]
display-name: test1021
]]></system-out>
</testcase>
<testcase name="test2270" classname="RegressionTest4" time="0">
<system-out><![CDATA[
unique-id: [engine:junit-vintage]/[runner:RegressionTest]/[test:RegressionTest4]/[test:test2270(RegressionTest4)]
display-name: test2270
]]></system-out>
</testcase>
<testcase name="test0920" classname="RegressionTest1" time="0">
<system-out><![CDATA[
unique-id: [engine:junit-vintage]/[runner:RegressionTest]/[test:RegressionTest1]/[test:test0920(RegressionTest1)]
display-name: test0920
]]></system-out>
</testcase>
<testcase name="test1008" classname="RegressionTest2" time="0">
<system-out><![CDATA[
unique-id: [engine:junit-vintage]/[runner:RegressionTest]/[test:RegressionTest2]/[test:test1008(RegressionTest2)]
display-name: test1008
]]></system-out>
</testcase>
<testcase name="test2540" classname="RegressionTest5" time="0">
<system-out><![CDATA[
unique-id: [engine:junit-vintage]/[runner:RegressionTest]/[test:RegressionTest5]/[test:test2540(RegressionTest5)]
display-name: test2540
]]></system-out>
</testcase>
<testcase name="test0533" classname="RegressionTest1" time="0">
<system-out><![CDATA[
unique-id: [engine:junit-vintage]/[runner:RegressionTest]/[test:RegressionTest1]/[test:test0533(RegressionTest1)]
display-name: test0533
]]></system-out>
</testcase>
<testcase name="test2537" classname="RegressionTest5" time="0">
<system-out><![CDATA[
unique-id: [engine:junit-vintage]/[runner:RegressionTest]/[test:RegressionTest5]/[test:test2537(RegressionTest5)]
display-name: test2537
]]></system-out>
</testcase>
<testcase name="test1979" classname="RegressionTest3" time="0">
<system-out><![CDATA[
unique-id: [engine:junit-vintage]/[runner:RegressionTest]/[test:RegressionTest3]/[test:test1979(RegressionTest3)]
display-name: test1979
]]></system-out>
</testcase>
<testcase name="test0425" classname="RegressionTest0" time="0">
<system-out><![CDATA[
unique-id: [engine:junit-vintage]/[runner:RegressionTest]/[test:RegressionTest0]/[test:test0425(RegressionTest0)]
display-name: test0425
]]></system-out>
</testcase>
<testcase name="test1605" classname="RegressionTest3" time="0">
<system-out><![CDATA[
unique-id: [engine:junit-vintage]/[runner:RegressionTest]/[test:RegressionTest3]/[test:test1605(RegressionTest3)]
display-name: test1605
]]></system-out>
</testcase>
<testcase name="test0092" classname="RegressionTest0" time="0">
<system-out><![CDATA[
unique-id: [engine:junit-vintage]/[runner:RegressionTest]/[test:RegressionTest0]/[test:test0092(RegressionTest0)]
display-name: test0092
]]></system-out>
</testcase>
<testcase name="test0917" classname="RegressionTest1" time="0.001">
<system-out><![CDATA[
unique-id: [engine:junit-vintage]/[runner:RegressionTest]/[test:RegressionTest1]/[test:test0917(RegressionTest1)]
display-name: test0917
]]></system-out>
</testcase>
<testcase name="test2502" classname="RegressionTest5" time="0">
<system-out><![CDATA[
unique-id: [engine:junit-vintage]/[runner:RegressionTest]/[test:RegressionTest5]/[test:test2502(RegressionTest5)]
display-name: test2502
]]></system-out>
</testcase>
<testcase name="test0568" classname="RegressionTest1" time="0">
<system-out><![CDATA[
unique-id: [engine:junit-vintage]/[runner:RegressionTest]/[test:RegressionTest1]/[test:test0568(RegressionTest1)]
display-name: test0568
]]></system-out>
</testcase>
<testcase name="test0466" classname="RegressionTest0" time="0">
<system-out><![CDATA[
unique-id: [engine:junit-vintage]/[runner:RegressionTest]/[test:RegressionTest0]/[test:test0466(RegressionTest0)]
display-name: test0466
]]></system-out>
</testcase>
<testcase name="test2086" classname="RegressionTest4" time="0">
<system-out><![CDATA[
unique-id: [engine:junit-vintage]/[runner:RegressionTest]/[test:RegressionTest4]/[test:test2086(RegressionTest4)]
display-name: test2086
]]></system-out>
</testcase>
<testcase name="test2159" classname="RegressionTest4" time="0">
<system-out><![CDATA[
unique-id: [engine:junit-vintage]/[runner:RegressionTest]/[test:RegressionTest4]/[test:test2159(RegressionTest4)]
display-name: test2159
]]></system-out>
</testcase>
<testcase name="test1227" classname="RegressionTest2" time="0">
<system-out><![CDATA[
unique-id: [engine:junit-vintage]/[runner:RegressionTest]/[test:RegressionTest2]/[test:test1227(RegressionTest2)]
display-name: test1227
]]></system-out>
</testcase>
<testcase name="test2124" classname="RegressionTest4" time="0">
<system-out><![CDATA[
unique-id: [engine:junit-vintage]/[runner:RegressionTest]/[test:RegressionTest4]/[test:test2124(RegressionTest4)]
display-name: test2124
]]></system-out>
</testcase>
<testcase name="test2051" classname="RegressionTest4" time="0">
<system-out><![CDATA[
unique-id: [engine:junit-vintage]/[runner:RegressionTest]/[test:RegressionTest4]/[test:test2051(RegressionTest4)]
display-name: test2051
]]></system-out>
</testcase>
<testcase name="test0104" classname="RegressionTest0" time="0">
<system-out><![CDATA[
unique-id: [engine:junit-vintage]/[runner:RegressionTest]/[test:RegressionTest0]/[test:test0104(RegressionTest0)]
display-name: test0104
]]></system-out>
</testcase>
<testcase name="test1824" classname="RegressionTest3" time="0">
<system-out><![CDATA[
unique-id: [engine:junit-vintage]/[runner:RegressionTest]/[test:RegressionTest3]/[test:test1824(RegressionTest3)]
display-name: test1824
]]></system-out>
</testcase>
<testcase name="test2108" classname="RegressionTest4" time="0">
<system-out><![CDATA[
unique-id: [engine:junit-vintage]/[runner:RegressionTest]/[test:RegressionTest4]/[test:test2108(RegressionTest4)]
display-name: test2108
]]></system-out>
</testcase>
<testcase name="test0574" classname="RegressionTest1" time="0">
<system-out><![CDATA[
unique-id: [engine:junit-vintage]/[runner:RegressionTest]/[test:RegressionTest1]/[test:test0574(RegressionTest1)]
display-name: test0574
]]></system-out>
</testcase>
<testcase name="test0431" classname="RegressionTest0" time="0">
<system-out><![CDATA[
unique-id: [engine:junit-vintage]/[runner:RegressionTest]/[test:RegressionTest0]/[test:test0431(RegressionTest0)]
display-name: test0431
]]></system-out>
</testcase>
<testcase name="test0752" classname="RegressionTest1" time="0">
<system-out><![CDATA[
unique-id: [engine:junit-vintage]/[runner:RegressionTest]/[test:RegressionTest1]/[test:test0752(RegressionTest1)]
display-name: test0752
]]></system-out>
</testcase>
<testcase name="test0139" classname="RegressionTest0" time="0">
<system-out><![CDATA[
unique-id: [engine:junit-vintage]/[runner:RegressionTest]/[test:RegressionTest0]/[test:test0139(RegressionTest0)]
display-name: test0139
]]></system-out>
</testcase>
<testcase name="test1036" classname="RegressionTest2" time="0">
<system-out><![CDATA[
unique-id: [engine:junit-vintage]/[runner:RegressionTest]/[test:RegressionTest2]/[test:test1036(RegressionTest2)]
display-name: test1036
]]></system-out>
</testcase>
<testcase name="test2429" classname="RegressionTest4" time="0">
<system-out><![CDATA[
unique-id: [engine:junit-vintage]/[runner:RegressionTest]/[test:RegressionTest4]/[test:test2429(RegressionTest4)]
display-name: test2429
]]></system-out>
</testcase>
<testcase name="test1332" classname="RegressionTest2" time="0">
<system-out><![CDATA[
unique-id: [engine:junit-vintage]/[runner:RegressionTest]/[test:RegressionTest2]/[test:test1332(RegressionTest2)]
display-name: test1332
]]></system-out>
</testcase>
<testcase name="test0879" classname="RegressionTest1" time="0">
<system-out><![CDATA[
unique-id: [engine:junit-vintage]/[runner:RegressionTest]/[test:RegressionTest1]/[test:test0879(RegressionTest1)]
display-name: test0879
]]></system-out>
</testcase>
<testcase name="test1776" classname="RegressionTest3" time="0">
<system-out><![CDATA[
unique-id: [engine:junit-vintage]/[runner:RegressionTest]/[test:RegressionTest3]/[test:test1776(RegressionTest3)]
display-name: test1776
]]></system-out>
</testcase>
<testcase name="test0787" classname="RegressionTest1" time="0">
<system-out><![CDATA[
unique-id: [engine:junit-vintage]/[runner:RegressionTest]/[test:RegressionTest1]/[test:test0787(RegressionTest1)]
display-name: test0787
]]></system-out>
</testcase>
<testcase name="test0701" classname="RegressionTest1" time="0">
<system-out><![CDATA[
unique-id: [engine:junit-vintage]/[runner:RegressionTest]/[test:RegressionTest1]/[test:test0701(RegressionTest1)]
display-name: test0701
]]></system-out>
</testcase>
<testcase name="test2578" classname="RegressionTest5" time="0">
<system-out><![CDATA[
unique-id: [engine:junit-vintage]/[runner:RegressionTest]/[test:RegressionTest5]/[test:test2578(RegressionTest5)]
display-name: test2578
]]></system-out>
</testcase>
<testcase name="test2264" classname="RegressionTest4" time="0">
<system-out><![CDATA[
unique-id: [engine:junit-vintage]/[runner:RegressionTest]/[test:RegressionTest4]/[test:test2264(RegressionTest4)]
display-name: test2264
]]></system-out>
</testcase>
<testcase name="test1668" classname="RegressionTest3" time="0">
<system-out><![CDATA[
unique-id: [engine:junit-vintage]/[runner:RegressionTest]/[test:RegressionTest3]/[test:test1668(RegressionTest3)]
display-name: test1668
]]></system-out>
</testcase>
<testcase name="test1440" classname="RegressionTest2" time="0">
<system-out><![CDATA[
unique-id: [engine:junit-vintage]/[runner:RegressionTest]/[test:RegressionTest2]/[test:test1440(RegressionTest2)]
display-name: test1440
]]></system-out>
</testcase>
<testcase name="test2435" classname="RegressionTest4" time="0">
<system-out><![CDATA[
unique-id: [engine:junit-vintage]/[runner:RegressionTest]/[test:RegressionTest4]/[test:test2435(RegressionTest4)]
display-name: test2435
]]></system-out>
</testcase>
<testcase name="test0860" classname="RegressionTest1" time="0">
<system-out><![CDATA[
unique-id: [engine:junit-vintage]/[runner:RegressionTest]/[test:RegressionTest1]/[test:test0860(RegressionTest1)]
display-name: test0860
]]></system-out>
</testcase>
<testcase name="test0212" classname="RegressionTest0" time="0">
<system-out><![CDATA[
unique-id: [engine:junit-vintage]/[runner:RegressionTest]/[test:RegressionTest0]/[test:test0212(RegressionTest0)]
display-name: test0212
]]></system-out>
</testcase>
<testcase name="test1621" classname="RegressionTest3" time="0">
<system-out><![CDATA[
unique-id: [engine:junit-vintage]/[runner:RegressionTest]/[test:RegressionTest3]/[test:test1621(RegressionTest3)]
display-name: test1621
]]></system-out>
</testcase>
<testcase name="test0120" classname="RegressionTest0" time="0">
<system-out><![CDATA[
unique-id: [engine:junit-vintage]/[runner:RegressionTest]/[test:RegressionTest0]/[test:test0120(RegressionTest0)]
display-name: test0120
]]></system-out>
</testcase>
<testcase name="test0298" classname="RegressionTest0" time="0">
<system-out><![CDATA[
unique-id: [engine:junit-vintage]/[runner:RegressionTest]/[test:RegressionTest0]/[test:test0298(RegressionTest0)]
display-name: test0298
]]></system-out>
</testcase>
<testcase name="test1398" classname="RegressionTest2" time="0">
<system-out><![CDATA[
unique-id: [engine:junit-vintage]/[runner:RegressionTest]/[test:RegressionTest2]/[test:test1398(RegressionTest2)]
display-name: test1398
]]></system-out>
</testcase>
<testcase name="test2591" classname="RegressionTest5" time="0">
<system-out><![CDATA[
unique-id: [engine:junit-vintage]/[runner:RegressionTest]/[test:RegressionTest5]/[test:test2591(RegressionTest5)]
display-name: test2591
]]></system-out>
</testcase>
<testcase name="test1694" classname="RegressionTest3" time="0">
<system-out><![CDATA[
unique-id: [engine:junit-vintage]/[runner:RegressionTest]/[test:RegressionTest3]/[test:test1694(RegressionTest3)]
display-name: test1694
]]></system-out>
</testcase>
<testcase name="test1513" classname="RegressionTest3" time="0">
<system-out><![CDATA[
unique-id: [engine:junit-vintage]/[runner:RegressionTest]/[test:RegressionTest3]/[test:test1513(RegressionTest3)]
display-name: test1513
]]></system-out>
</testcase>
<testcase name="test2683" classname="RegressionTest5" time="0">
<system-out><![CDATA[
unique-id: [engine:junit-vintage]/[runner:RegressionTest]/[test:RegressionTest5]/[test:test2683(RegressionTest5)]
display-name: test2683
]]></system-out>
</testcase>
<testcase name="test2327" classname="RegressionTest4" time="0">
<system-out><![CDATA[
unique-id: [engine:junit-vintage]/[runner:RegressionTest]/[test:RegressionTest4]/[test:test2327(RegressionTest4)]
display-name: test2327
]]></system-out>
</testcase>
<testcase name="test1300" classname="RegressionTest2" time="0">
<system-out><![CDATA[
unique-id: [engine:junit-vintage]/[runner:RegressionTest]/[test:RegressionTest2]/[test:test1300(RegressionTest2)]
display-name: test1300
]]></system-out>
</testcase>
<testcase name="test0107" classname="RegressionTest0" time="0">
<system-out><![CDATA[
unique-id: [engine:junit-vintage]/[runner:RegressionTest]/[test:RegressionTest0]/[test:test0107(RegressionTest0)]
display-name: test0107
]]></system-out>
</testcase>
<testcase name="test0955" classname="RegressionTest1" time="0">
<system-out><![CDATA[
unique-id: [engine:junit-vintage]/[runner:RegressionTest]/[test:RegressionTest1]/[test:test0955(RegressionTest1)]
display-name: test0955
]]></system-out>
</testcase>
<testcase name="test2575" classname="RegressionTest5" time="0">
<system-out><![CDATA[
unique-id: [engine:junit-vintage]/[runner:RegressionTest]/[test:RegressionTest5]/[test:test2575(RegressionTest5)]
display-name: test2575
]]></system-out>
</testcase>
<testcase name="test2232" classname="RegressionTest4" time="0">
<system-out><![CDATA[
unique-id: [engine:junit-vintage]/[runner:RegressionTest]/[test:RegressionTest4]/[test:test2232(RegressionTest4)]
display-name: test2232
]]></system-out>
</testcase>
<testcase name="test2432" classname="RegressionTest4" time="0">
<system-out><![CDATA[
unique-id: [engine:junit-vintage]/[runner:RegressionTest]/[test:RegressionTest4]/[test:test2432(RegressionTest4)]
display-name: test2432
]]></system-out>
</testcase>
<testcase name="test1309" classname="RegressionTest2" time="0">
<system-out><![CDATA[
unique-id: [engine:junit-vintage]/[runner:RegressionTest]/[test:RegressionTest2]/[test:test1309(RegressionTest2)]
display-name: test1309
]]></system-out>
</testcase>
<testcase name="test2645" classname="RegressionTest5" time="0">
<system-out><![CDATA[
unique-id: [engine:junit-vintage]/[runner:RegressionTest]/[test:RegressionTest5]/[test:test2645(RegressionTest5)]
display-name: test2645
]]></system-out>
</testcase>
<testcase name="test2267" classname="RegressionTest4" time="0">
<system-out><![CDATA[
unique-id: [engine:junit-vintage]/[runner:RegressionTest]/[test:RegressionTest4]/[test:test2267(RegressionTest4)]
display-name: test2267
]]></system-out>
</testcase>
<testcase name="test2467" classname="RegressionTest4" time="0">
<system-out><![CDATA[
unique-id: [engine:junit-vintage]/[runner:RegressionTest]/[test:RegressionTest4]/[test:test2467(RegressionTest4)]
display-name: test2467
]]></system-out>
</testcase>
<testcase name="test0892" classname="RegressionTest1" time="0">
<system-out><![CDATA[
unique-id: [engine:junit-vintage]/[runner:RegressionTest]/[test:RegressionTest1]/[test:test0892(RegressionTest1)]
display-name: test0892
]]></system-out>
</testcase>
<testcase name="test2197" classname="RegressionTest4" time="0">
<system-out><![CDATA[
unique-id: [engine:junit-vintage]/[runner:RegressionTest]/[test:RegressionTest4]/[test:test2197(RegressionTest4)]
display-name: test2197
]]></system-out>
</testcase>
<testcase name="test0044" classname="RegressionTest0" time="0">
<system-out><![CDATA[
unique-id: [engine:junit-vintage]/[runner:RegressionTest]/[test:RegressionTest0]/[test:test0044(RegressionTest0)]
display-name: test0044
]]></system-out>
</testcase>
<testcase name="test0914" classname="RegressionTest1" time="0">
<system-out><![CDATA[
unique-id: [engine:junit-vintage]/[runner:RegressionTest]/[test:RegressionTest1]/[test:test0914(RegressionTest1)]
display-name: test0914
]]></system-out>
</testcase>
<testcase name="test0247" classname="RegressionTest0" time="0">
<system-out><![CDATA[
unique-id: [engine:junit-vintage]/[runner:RegressionTest]/[test:RegressionTest0]/[test:test0247(RegressionTest0)]
display-name: test0247
]]></system-out>
</testcase>
<testcase name="test0739" classname="RegressionTest1" time="0">
<system-out><![CDATA[
unique-id: [engine:junit-vintage]/[runner:RegressionTest]/[test:RegressionTest1]/[test:test0739(RegressionTest1)]
display-name: test0739
]]></system-out>
</testcase>
<testcase name="test1179" classname="RegressionTest2" time="0">
<system-out><![CDATA[
unique-id: [engine:junit-vintage]/[runner:RegressionTest]/[test:RegressionTest2]/[test:test1179(RegressionTest2)]
display-name: test1179
]]></system-out>
</testcase>
<testcase name="test2194" classname="RegressionTest4" time="0">
<system-out><![CDATA[
unique-id: [engine:junit-vintage]/[runner:RegressionTest]/[test:RegressionTest4]/[test:test2194(RegressionTest4)]
display-name: test2194
]]></system-out>
</testcase>
<testcase name="test0895" classname="RegressionTest1" time="0">
<system-out><![CDATA[
unique-id: [engine:junit-vintage]/[runner:RegressionTest]/[test:RegressionTest1]/[test:test0895(RegressionTest1)]
display-name: test0895
]]></system-out>
</testcase>
<testcase name="test1932" classname="RegressionTest3" time="0">
<system-out><![CDATA[
unique-id: [engine:junit-vintage]/[runner:RegressionTest]/[test:RegressionTest3]/[test:test1932(RegressionTest3)]
display-name: test1932
]]></system-out>
</testcase>
<testcase name="test1192" classname="RegressionTest2" time="0">
<system-out><![CDATA[
unique-id: [engine:junit-vintage]/[runner:RegressionTest]/[test:RegressionTest2]/[test:test1192(RegressionTest2)]
display-name: test1192
]]></system-out>
</testcase>
<testcase name="test2216" classname="RegressionTest4" time="0">
<system-out><![CDATA[
unique-id: [engine:junit-vintage]/[runner:RegressionTest]/[test:RegressionTest4]/[test:test2216(RegressionTest4)]
display-name: test2216
]]></system-out>
</testcase>
<testcase name="test0809" classname="RegressionTest1" time="0">
<system-out><![CDATA[
unique-id: [engine:junit-vintage]/[runner:RegressionTest]/[test:RegressionTest1]/[test:test0809(RegressionTest1)]
display-name: test0809
]]></system-out>
</testcase>
<testcase name="test2016" classname="RegressionTest4" time="0">
<system-out><![CDATA[
unique-id: [engine:junit-vintage]/[runner:RegressionTest]/[test:RegressionTest4]/[test:test2016(RegressionTest4)]
display-name: test2016
]]></system-out>
</testcase>
<testcase name="test1062" classname="RegressionTest2" time="0">
<system-out><![CDATA[
unique-id: [engine:junit-vintage]/[runner:RegressionTest]/[test:RegressionTest2]/[test:test1062(RegressionTest2)]
display-name: test1062
]]></system-out>
</testcase>
<testcase name="test0644" classname="RegressionTest1" time="0">
<system-out><![CDATA[
unique-id: [engine:junit-vintage]/[runner:RegressionTest]/[test:RegressionTest1]/[test:test0644(RegressionTest1)]
display-name: test0644
]]></system-out>
</testcase>
<testcase name="test2372" classname="RegressionTest4" time="0">
<system-out><![CDATA[
unique-id: [engine:junit-vintage]/[runner:RegressionTest]/[test:RegressionTest4]/[test:test2372(RegressionTest4)]
display-name: test2372
]]></system-out>
</testcase>
<testcase name="test1170" classname="RegressionTest2" time="0">
<system-out><![CDATA[
unique-id: [engine:junit-vintage]/[runner:RegressionTest]/[test:RegressionTest2]/[test:test1170(RegressionTest2)]
display-name: test1170
]]></system-out>
</testcase>
<testcase name="test2121" classname="RegressionTest4" time="0">
<system-out><![CDATA[
unique-id: [engine:junit-vintage]/[runner:RegressionTest]/[test:RegressionTest4]/[test:test2121(RegressionTest4)]
display-name: test2121
]]></system-out>
</testcase>
<testcase name="test0844" classname="RegressionTest1" time="0">
<system-out><![CDATA[
unique-id: [engine:junit-vintage]/[runner:RegressionTest]/[test:RegressionTest1]/[test:test0844(RegressionTest1)]
display-name: test0844
]]></system-out>
</testcase>
<testcase name="test0047" classname="RegressionTest0" time="0">
<system-out><![CDATA[
unique-id: [engine:junit-vintage]/[runner:RegressionTest]/[test:RegressionTest0]/[test:test0047(RegressionTest0)]
display-name: test0047
]]></system-out>
</testcase>
<testcase name="test2648" classname="RegressionTest5" time="0">
<system-out><![CDATA[
unique-id: [engine:junit-vintage]/[runner:RegressionTest]/[test:RegressionTest5]/[test:test2648(RegressionTest5)]
display-name: test2648
]]></system-out>
</testcase>
<testcase name="test0260" classname="RegressionTest0" time="0">
<system-out><![CDATA[
unique-id: [engine:junit-vintage]/[runner:RegressionTest]/[test:RegressionTest0]/[test:test0260(RegressionTest0)]
display-name: test0260
]]></system-out>
</testcase>
<testcase name="test0536" classname="RegressionTest1" time="0">
<system-out><![CDATA[
unique-id: [engine:junit-vintage]/[runner:RegressionTest]/[test:RegressionTest1]/[test:test0536(RegressionTest1)]
display-name: test0536
]]></system-out>
</testcase>
<testcase name="test0155" classname="RegressionTest0" time="0">
<system-out><![CDATA[
unique-id: [engine:junit-vintage]/[runner:RegressionTest]/[test:RegressionTest0]/[test:test0155(RegressionTest0)]
display-name: test0155
]]></system-out>
</testcase>
<testcase name="test2013" classname="RegressionTest4" time="0">
<system-out><![CDATA[
unique-id: [engine:junit-vintage]/[runner:RegressionTest]/[test:RegressionTest4]/[test:test2013(RegressionTest4)]
display-name: test2013
]]></system-out>
</testcase>
<testcase name="test2480" classname="RegressionTest4" time="0">
<system-out><![CDATA[
unique-id: [engine:junit-vintage]/[runner:RegressionTest]/[test:RegressionTest4]/[test:test2480(RegressionTest4)]
display-name: test2480
]]></system-out>
</testcase>
<testcase name="test0736" classname="RegressionTest1" time="0">
<system-out><![CDATA[
unique-id: [engine:junit-vintage]/[runner:RegressionTest]/[test:RegressionTest1]/[test:test0736(RegressionTest1)]
display-name: test0736
]]></system-out>
</testcase>
<testcase name="test0263" classname="RegressionTest0" time="0">
<system-out><![CDATA[
unique-id: [engine:junit-vintage]/[runner:RegressionTest]/[test:RegressionTest0]/[test:test0263(RegressionTest0)]
display-name: test0263
]]></system-out>
</testcase>
<testcase name="test0355" classname="RegressionTest0" time="0">
<system-out><![CDATA[
unique-id: [engine:junit-vintage]/[runner:RegressionTest]/[test:RegressionTest0]/[test:test0355(RegressionTest0)]
display-name: test0355
]]></system-out>
</testcase>
<testcase name="test0358" classname="RegressionTest0" time="0">
<system-out><![CDATA[
unique-id: [engine:junit-vintage]/[runner:RegressionTest]/[test:RegressionTest0]/[test:test0358(RegressionTest0)]
display-name: test0358
]]></system-out>
</testcase>
<testcase name="test0371" classname="RegressionTest0" time="0">
<system-out><![CDATA[
unique-id: [engine:junit-vintage]/[runner:RegressionTest]/[test:RegressionTest0]/[test:test0371(RegressionTest0)]
display-name: test0371
]]></system-out>
</testcase>
<testcase name="test0628" classname="RegressionTest1" time="0">
<system-out><![CDATA[
unique-id: [engine:junit-vintage]/[runner:RegressionTest]/[test:RegressionTest1]/[test:test0628(RegressionTest1)]
display-name: test0628
]]></system-out>
</testcase>
<testcase name="test0641" classname="RegressionTest1" time="0">
<system-out><![CDATA[
unique-id: [engine:junit-vintage]/[runner:RegressionTest]/[test:RegressionTest1]/[test:test0641(RegressionTest1)]
display-name: test0641
]]></system-out>
</testcase>
<testcase name="test1551" classname="RegressionTest3" time="0">
<system-out><![CDATA[
unique-id: [engine:junit-vintage]/[runner:RegressionTest]/[test:RegressionTest3]/[test:test1551(RegressionTest3)]
display-name: test1551
]]></system-out>
</testcase>
<testcase name="test2483" classname="RegressionTest4" time="0">
<system-out><![CDATA[
unique-id: [engine:junit-vintage]/[runner:RegressionTest]/[test:RegressionTest4]/[test:test2483(RegressionTest4)]
display-name: test2483
]]></system-out>
</testcase>
<testcase name="test0804" classname="RegressionTest1" time="0">
<system-out><![CDATA[
unique-id: [engine:junit-vintage]/[runner:RegressionTest]/[test:RegressionTest1]/[test:test0804(RegressionTest1)]
display-name: test0804
]]></system-out>
</testcase>
<testcase name="test1578" classname="RegressionTest3" time="0">
<system-out><![CDATA[
unique-id: [engine:junit-vintage]/[runner:RegressionTest]/[test:RegressionTest3]/[test:test1578(RegressionTest3)]
display-name: test1578
]]></system-out>
</testcase>
<testcase name="test1435" classname="RegressionTest2" time="0">
<system-out><![CDATA[
unique-id: [engine:junit-vintage]/[runner:RegressionTest]/[test:RegressionTest2]/[test:test1435(RegressionTest2)]
display-name: test1435
]]></system-out>
</testcase>
<testcase name="test2174" classname="RegressionTest4" time="0">
<system-out><![CDATA[
unique-id: [engine:junit-vintage]/[runner:RegressionTest]/[test:RegressionTest4]/[test:test2174(RegressionTest4)]
display-name: test2174
]]></system-out>
</testcase>
<testcase name="test0942" classname="RegressionTest1" time="0">
<system-out><![CDATA[
unique-id: [engine:junit-vintage]/[runner:RegressionTest]/[test:RegressionTest1]/[test:test0942(RegressionTest1)]
display-name: test0942
]]></system-out>
</testcase>
<testcase name="test2036" classname="RegressionTest4" time="0">
<system-out><![CDATA[
unique-id: [engine:junit-vintage]/[runner:RegressionTest]/[test:RegressionTest4]/[test:test2036(RegressionTest4)]
display-name: test2036
]]></system-out>
</testcase>
<testcase name="test2633" classname="RegressionTest5" time="0">
<system-out><![CDATA[
unique-id: [engine:junit-vintage]/[runner:RegressionTest]/[test:RegressionTest5]/[test:test2633(RegressionTest5)]
display-name: test2633
]]></system-out>
</testcase>
<testcase name="test0345" classname="RegressionTest0" time="0">
<system-out><![CDATA[
unique-id: [engine:junit-vintage]/[runner:RegressionTest]/[test:RegressionTest0]/[test:test0345(RegressionTest0)]
display-name: test0345
]]></system-out>
</testcase>
<testcase name="test1681" classname="RegressionTest3" time="0">
<system-out><![CDATA[
unique-id: [engine:junit-vintage]/[runner:RegressionTest]/[test:RegressionTest3]/[test:test1681(RegressionTest3)]
display-name: test1681
]]></system-out>
</testcase>
<testcase name="test2658" classname="RegressionTest5" time="0">
<system-out><![CDATA[
unique-id: [engine:junit-vintage]/[runner:RegressionTest]/[test:RegressionTest5]/[test:test2658(RegressionTest5)]
display-name: test2658
]]></system-out>
</testcase>
<testcase name="test0310" classname="RegressionTest0" time="0">
<system-out><![CDATA[
unique-id: [engine:junit-vintage]/[runner:RegressionTest]/[test:RegressionTest0]/[test:test0310(RegressionTest0)]
display-name: test0310
]]></system-out>
</testcase>
<testcase name="test0977" classname="RegressionTest1" time="0">
<system-out><![CDATA[
unique-id: [engine:junit-vintage]/[runner:RegressionTest]/[test:RegressionTest1]/[test:test0977(RegressionTest1)]
display-name: test0977
]]></system-out>
</testcase>
<testcase name="test2011" classname="RegressionTest4" time="0">
<system-out><![CDATA[
unique-id: [engine:junit-vintage]/[runner:RegressionTest]/[test:RegressionTest4]/[test:test2011(RegressionTest4)]
display-name: test2011
]]></system-out>
</testcase>
<testcase name="test0952" classname="RegressionTest1" time="0">
<system-out><![CDATA[
unique-id: [engine:junit-vintage]/[runner:RegressionTest]/[test:RegressionTest1]/[test:test0952(RegressionTest1)]
display-name: test0952
]]></system-out>
</testcase>
<testcase name="test1410" classname="RegressionTest2" time="0">
<system-out><![CDATA[
unique-id: [engine:junit-vintage]/[runner:RegressionTest]/[test:RegressionTest2]/[test:test1410(RegressionTest2)]
display-name: test1410
]]></system-out>
</testcase>
<testcase name="test1084" classname="RegressionTest2" time="0">
<system-out><![CDATA[
unique-id: [engine:junit-vintage]/[runner:RegressionTest]/[test:RegressionTest2]/[test:test1084(RegressionTest2)]
display-name: test1084
]]></system-out>
</testcase>
<testcase name="test0217" classname="RegressionTest0" time="0">
<system-out><![CDATA[
unique-id: [engine:junit-vintage]/[runner:RegressionTest]/[test:RegressionTest0]/[test:test0217(RegressionTest0)]
display-name: test0217
]]></system-out>
</testcase>
<testcase name="test0814" classname="RegressionTest1" time="0">
<system-out><![CDATA[
unique-id: [engine:junit-vintage]/[runner:RegressionTest]/[test:RegressionTest1]/[test:test0814(RegressionTest1)]
display-name: test0814
]]></system-out>
</testcase>
<testcase name="test1553" classname="RegressionTest3" time="0">
<system-out><![CDATA[
unique-id: [engine:junit-vintage]/[runner:RegressionTest]/[test:RegressionTest3]/[test:test1553(RegressionTest3)]
display-name: test1553
]]></system-out>
</testcase>
<testcase name="test0839" classname="RegressionTest1" time="0">
<system-out><![CDATA[
unique-id: [engine:junit-vintage]/[runner:RegressionTest]/[test:RegressionTest1]/[test:test0839(RegressionTest1)]
display-name: test0839
]]></system-out>
</testcase>
<testcase name="test1919" classname="RegressionTest3" time="0">
<system-out><![CDATA[
unique-id: [engine:junit-vintage]/[runner:RegressionTest]/[test:RegressionTest3]/[test:test1919(RegressionTest3)]
display-name: test1919
]]></system-out>
</testcase>
<testcase name="test2046" classname="RegressionTest4" time="0">
<system-out><![CDATA[
unique-id: [engine:junit-vintage]/[runner:RegressionTest]/[test:RegressionTest4]/[test:test2046(RegressionTest4)]
display-name: test2046
]]></system-out>
</testcase>
<testcase name="test1588" classname="RegressionTest3" time="0">
<system-out><![CDATA[
unique-id: [engine:junit-vintage]/[runner:RegressionTest]/[test:RegressionTest3]/[test:test1588(RegressionTest3)]
display-name: test1588
]]></system-out>
</testcase>
<testcase name="test2668" classname="RegressionTest5" time="0">
<system-out><![CDATA[
unique-id: [engine:junit-vintage]/[runner:RegressionTest]/[test:RegressionTest5]/[test:test2668(RegressionTest5)]
display-name: test2668
]]></system-out>
</testcase>
<testcase name="test1445" classname="RegressionTest2" time="0">
<system-out><![CDATA[
unique-id: [engine:junit-vintage]/[runner:RegressionTest]/[test:RegressionTest2]/[test:test1445(RegressionTest2)]
display-name: test1445
]]></system-out>
</testcase>
<testcase name="test1671" classname="RegressionTest3" time="0">
<system-out><![CDATA[
unique-id: [engine:junit-vintage]/[runner:RegressionTest]/[test:RegressionTest3]/[test:test1671(RegressionTest3)]
display-name: test1671
]]></system-out>
</testcase>
<testcase name="test2678" classname="RegressionTest5" time="0">
<system-out><![CDATA[
unique-id: [engine:junit-vintage]/[runner:RegressionTest]/[test:RegressionTest5]/[test:test2678(RegressionTest5)]
display-name: test2678
]]></system-out>
</testcase>
<testcase name="test2164" classname="RegressionTest4" time="0">
<system-out><![CDATA[
unique-id: [engine:junit-vintage]/[runner:RegressionTest]/[test:RegressionTest4]/[test:test2164(RegressionTest4)]
display-name: test2164
]]></system-out>
</testcase>
<testcase name="test0932" classname="RegressionTest1" time="0.001">
<system-out><![CDATA[
unique-id: [engine:junit-vintage]/[runner:RegressionTest]/[test:RegressionTest1]/[test:test0932(RegressionTest1)]
display-name: test0932
]]></system-out>
</testcase>
<testcase name="test1420" classname="RegressionTest2" time="0">
<system-out><![CDATA[
unique-id: [engine:junit-vintage]/[runner:RegressionTest]/[test:RegressionTest2]/[test:test1420(RegressionTest2)]
display-name: test1420
]]></system-out>
</testcase>
<testcase name="test0819" classname="RegressionTest1" time="0">
<system-out><![CDATA[
unique-id: [engine:junit-vintage]/[runner:RegressionTest]/[test:RegressionTest1]/[test:test0819(RegressionTest1)]
display-name: test0819
]]></system-out>
</testcase>
<testcase name="test1563" classname="RegressionTest3" time="0">
<system-out><![CDATA[
unique-id: [engine:junit-vintage]/[runner:RegressionTest]/[test:RegressionTest3]/[test:test1563(RegressionTest3)]
display-name: test1563
]]></system-out>
</testcase>
<testcase name="test1307" classname="RegressionTest2" time="0">
<system-out><![CDATA[
unique-id: [engine:junit-vintage]/[runner:RegressionTest]/[test:RegressionTest2]/[test:test1307(RegressionTest2)]
display-name: test1307
]]></system-out>
</testcase>
<testcase name="test2056" classname="RegressionTest4" time="0">
<system-out><![CDATA[
unique-id: [engine:junit-vintage]/[runner:RegressionTest]/[test:RegressionTest4]/[test:test2056(RegressionTest4)]
display-name: test2056
]]></system-out>
</testcase>
<testcase name="test1074" classname="RegressionTest2" time="0">
<system-out><![CDATA[
unique-id: [engine:junit-vintage]/[runner:RegressionTest]/[test:RegressionTest2]/[test:test1074(RegressionTest2)]
display-name: test1074
]]></system-out>
</testcase>
<testcase name="test2184" classname="RegressionTest4" time="0">
<system-out><![CDATA[
unique-id: [engine:junit-vintage]/[runner:RegressionTest]/[test:RegressionTest4]/[test:test2184(RegressionTest4)]
display-name: test2184
]]></system-out>
</testcase>
<testcase name="test1929" classname="RegressionTest3" time="0">
<system-out><![CDATA[
unique-id: [engine:junit-vintage]/[runner:RegressionTest]/[test:RegressionTest3]/[test:test1929(RegressionTest3)]
display-name: test1929
]]></system-out>
</testcase>
<testcase name="test0824" classname="RegressionTest1" time="0">
<system-out><![CDATA[
unique-id: [engine:junit-vintage]/[runner:RegressionTest]/[test:RegressionTest1]/[test:test0824(RegressionTest1)]
display-name: test0824
]]></system-out>
</testcase>
<testcase name="test2623" classname="RegressionTest5" time="0">
<system-out><![CDATA[
unique-id: [engine:junit-vintage]/[runner:RegressionTest]/[test:RegressionTest5]/[test:test2623(RegressionTest5)]
display-name: test2623
]]></system-out>
</testcase>
<testcase name="test1425" classname="RegressionTest2" time="0">
<system-out><![CDATA[
unique-id: [engine:junit-vintage]/[runner:RegressionTest]/[test:RegressionTest2]/[test:test1425(RegressionTest2)]
display-name: test1425
]]></system-out>
</testcase>
<testcase name="test2292" classname="RegressionTest4" time="0">
<system-out><![CDATA[
unique-id: [engine:junit-vintage]/[runner:RegressionTest]/[test:RegressionTest4]/[test:test2292(RegressionTest4)]
display-name: test2292
]]></system-out>
</testcase>
<testcase name="test0829" classname="RegressionTest1" time="0">
<system-out><![CDATA[
unique-id: [engine:junit-vintage]/[runner:RegressionTest]/[test:RegressionTest1]/[test:test0829(RegressionTest1)]
display-name: test0829
]]></system-out>
</testcase>
<testcase name="test1568" classname="RegressionTest3" time="0">
<system-out><![CDATA[
unique-id: [engine:junit-vintage]/[runner:RegressionTest]/[test:RegressionTest3]/[test:test1568(RegressionTest3)]
display-name: test1568
]]></system-out>
</testcase>
<testcase name="test0320" classname="RegressionTest0" time="0">
<system-out><![CDATA[
unique-id: [engine:junit-vintage]/[runner:RegressionTest]/[test:RegressionTest0]/[test:test0320(RegressionTest0)]
display-name: test0320
]]></system-out>
</testcase>
<testcase name="test1939" classname="RegressionTest3" time="0">
<system-out><![CDATA[
unique-id: [engine:junit-vintage]/[runner:RegressionTest]/[test:RegressionTest3]/[test:test1939(RegressionTest3)]
display-name: test1939
]]></system-out>
</testcase>
<testcase name="test0207" classname="RegressionTest0" time="0">
<system-out><![CDATA[
unique-id: [engine:junit-vintage]/[runner:RegressionTest]/[test:RegressionTest0]/[test:test0207(RegressionTest0)]
display-name: test0207
]]></system-out>
</testcase>
<testcase name="test1064" classname="RegressionTest2" time="0">
<system-out><![CDATA[
unique-id: [engine:junit-vintage]/[runner:RegressionTest]/[test:RegressionTest2]/[test:test1064(RegressionTest2)]
display-name: test1064
]]></system-out>
</testcase>
<testcase name="test1317" classname="RegressionTest2" time="0">
<system-out><![CDATA[
unique-id: [engine:junit-vintage]/[runner:RegressionTest]/[test:RegressionTest2]/[test:test1317(RegressionTest2)]
display-name: test1317
]]></system-out>
</testcase>
<testcase name="test1573" classname="RegressionTest3" time="0">
<system-out><![CDATA[
unique-id: [engine:junit-vintage]/[runner:RegressionTest]/[test:RegressionTest3]/[test:test1573(RegressionTest3)]
display-name: test1573
]]></system-out>
</testcase>
<testcase name="test2001" classname="RegressionTest4" time="0">
<system-out><![CDATA[
unique-id: [engine:junit-vintage]/[runner:RegressionTest]/[test:RegressionTest4]/[test:test2001(RegressionTest4)]
display-name: test2001
]]></system-out>
</testcase>
<testcase name="test0571" classname="RegressionTest1" time="0">
<system-out><![CDATA[
unique-id: [engine:junit-vintage]/[runner:RegressionTest]/[test:RegressionTest1]/[test:test0571(RegressionTest1)]
display-name: test0571
]]></system-out>
</testcase>
<testcase name="test0237" classname="RegressionTest0" time="0">
<system-out><![CDATA[
unique-id: [engine:junit-vintage]/[runner:RegressionTest]/[test:RegressionTest0]/[test:test0237(RegressionTest0)]
display-name: test0237
]]></system-out>
</testcase>
<testcase name="test1405" classname="RegressionTest2" time="0">
<system-out><![CDATA[
unique-id: [engine:junit-vintage]/[runner:RegressionTest]/[test:RegressionTest2]/[test:test1405(RegressionTest2)]
display-name: test1405
]]></system-out>
</testcase>
<testcase name="test2031" classname="RegressionTest4" time="0">
<system-out><![CDATA[
unique-id: [engine:junit-vintage]/[runner:RegressionTest]/[test:RegressionTest4]/[test:test2031(RegressionTest4)]
display-name: test2031
]]></system-out>
</testcase>
<testcase name="test0070" classname="RegressionTest0" time="0">
<system-out><![CDATA[
unique-id: [engine:junit-vintage]/[runner:RegressionTest]/[test:RegressionTest0]/[test:test0070(RegressionTest0)]
display-name: test0070
]]></system-out>
</testcase>
<testcase name="test2407" classname="RegressionTest4" time="0">
<system-out><![CDATA[
unique-id: [engine:junit-vintage]/[runner:RegressionTest]/[test:RegressionTest4]/[test:test2407(RegressionTest4)]
display-name: test2407
]]></system-out>
</testcase>
<testcase name="test0912" classname="RegressionTest1" time="0">
<system-out><![CDATA[
unique-id: [engine:junit-vintage]/[runner:RegressionTest]/[test:RegressionTest1]/[test:test0912(RegressionTest1)]
display-name: test0912
]]></system-out>
</testcase>
<testcase name="test2179" classname="RegressionTest4" time="0">
<system-out><![CDATA[
unique-id: [engine:junit-vintage]/[runner:RegressionTest]/[test:RegressionTest4]/[test:test2179(RegressionTest4)]
display-name: test2179
]]></system-out>
</testcase>
<testcase name="test1914" classname="RegressionTest3" time="0">
<system-out><![CDATA[
unique-id: [engine:junit-vintage]/[runner:RegressionTest]/[test:RegressionTest3]/[test:test1914(RegressionTest3)]
display-name: test1914
]]></system-out>
</testcase>
<testcase name="test2688" classname="RegressionTest5" time="0">
<system-out><![CDATA[
unique-id: [engine:junit-vintage]/[runner:RegressionTest]/[test:RegressionTest5]/[test:test2688(RegressionTest5)]
display-name: test2688
]]></system-out>
</testcase>
<testcase name="test0488" classname="RegressionTest0" time="0">
<system-out><![CDATA[
unique-id: [engine:junit-vintage]/[runner:RegressionTest]/[test:RegressionTest0]/[test:test0488(RegressionTest0)]
display-name: test0488
]]></system-out>
</testcase>
<testcase name="test1327" classname="RegressionTest2" time="0">
<system-out><![CDATA[
unique-id: [engine:junit-vintage]/[runner:RegressionTest]/[test:RegressionTest2]/[test:test1327(RegressionTest2)]
display-name: test1327
]]></system-out>
</testcase>
<testcase name="test2663" classname="RegressionTest5" time="0">
<system-out><![CDATA[
unique-id: [engine:junit-vintage]/[runner:RegressionTest]/[test:RegressionTest5]/[test:test2663(RegressionTest5)]
display-name: test2663
]]></system-out>
</testcase>
<testcase name="test1661" classname="RegressionTest3" time="0">
<system-out><![CDATA[
unique-id: [engine:junit-vintage]/[runner:RegressionTest]/[test:RegressionTest3]/[test:test1661(RegressionTest3)]
display-name: test1661
]]></system-out>
</testcase>
<testcase name="test0834" classname="RegressionTest1" time="0">
<system-out><![CDATA[
unique-id: [engine:junit-vintage]/[runner:RegressionTest]/[test:RegressionTest1]/[test:test0834(RegressionTest1)]
display-name: test0834
]]></system-out>
</testcase>
<testcase name="test1089" classname="RegressionTest2" time="0">
<system-out><![CDATA[
unique-id: [engine:junit-vintage]/[runner:RegressionTest]/[test:RegressionTest2]/[test:test1089(RegressionTest2)]
display-name: test1089
]]></system-out>
</testcase>
<testcase name="test1548" classname="RegressionTest3" time="0">
<system-out><![CDATA[
unique-id: [engine:junit-vintage]/[runner:RegressionTest]/[test:RegressionTest3]/[test:test1548(RegressionTest3)]
display-name: test1548
]]></system-out>
</testcase>
<testcase name="test0325" classname="RegressionTest0" time="0">
<system-out><![CDATA[
unique-id: [engine:junit-vintage]/[runner:RegressionTest]/[test:RegressionTest0]/[test:test0325(RegressionTest0)]
display-name: test0325
]]></system-out>
</testcase>
<testcase name="test2515" classname="RegressionTest5" time="0">
<system-out><![CDATA[
unique-id: [engine:junit-vintage]/[runner:RegressionTest]/[test:RegressionTest5]/[test:test2515(RegressionTest5)]
display-name: test2515
]]></system-out>
</testcase>
<testcase name="test2282" classname="RegressionTest4" time="0">
<system-out><![CDATA[
unique-id: [engine:junit-vintage]/[runner:RegressionTest]/[test:RegressionTest4]/[test:test2282(RegressionTest4)]
display-name: test2282
]]></system-out>
</testcase>
<testcase name="test0596" classname="RegressionTest1" time="0.001">
<system-out><![CDATA[
unique-id: [engine:junit-vintage]/[runner:RegressionTest]/[test:RegressionTest1]/[test:test0596(RegressionTest1)]
display-name: test0596
]]></system-out>
</testcase>
<testcase name="test2154" classname="RegressionTest4" time="0">
<system-out><![CDATA[
unique-id: [engine:junit-vintage]/[runner:RegressionTest]/[test:RegressionTest4]/[test:test2154(RegressionTest4)]
display-name: test2154
]]></system-out>
</testcase>
<testcase name="test0453" classname="RegressionTest0" time="0">
<system-out><![CDATA[
unique-id: [engine:junit-vintage]/[runner:RegressionTest]/[test:RegressionTest0]/[test:test0453(RegressionTest0)]
display-name: test0453
]]></system-out>
</testcase>
<testcase name="test0957" classname="RegressionTest1" time="0">
<system-out><![CDATA[
unique-id: [engine:junit-vintage]/[runner:RegressionTest]/[test:RegressionTest1]/[test:test0957(RegressionTest1)]
display-name: test0957
]]></system-out>
</testcase>
<testcase name="test0109" classname="RegressionTest0" time="0">
<system-out><![CDATA[
unique-id: [engine:junit-vintage]/[runner:RegressionTest]/[test:RegressionTest0]/[test:test0109(RegressionTest0)]
display-name: test0109
]]></system-out>
</testcase>
<testcase name="test0869" classname="RegressionTest1" time="0">
<system-out><![CDATA[
unique-id: [engine:junit-vintage]/[runner:RegressionTest]/[test:RegressionTest1]/[test:test0869(RegressionTest1)]
display-name: test0869
]]></system-out>
</testcase>
<testcase name="test2076" classname="RegressionTest4" time="0">
<system-out><![CDATA[
unique-id: [engine:junit-vintage]/[runner:RegressionTest]/[test:RegressionTest4]/[test:test2076(RegressionTest4)]
display-name: test2076
]]></system-out>
</testcase>
<testcase name="test0095" classname="RegressionTest0" time="0">
<system-out><![CDATA[
unique-id: [engine:junit-vintage]/[runner:RegressionTest]/[test:RegressionTest0]/[test:test0095(RegressionTest0)]
display-name: test0095
]]></system-out>
</testcase>
<testcase name="test1302" classname="RegressionTest2" time="0">
<system-out><![CDATA[
unique-id: [engine:junit-vintage]/[runner:RegressionTest]/[test:RegressionTest2]/[test:test1302(RegressionTest2)]
display-name: test1302
]]></system-out>
</testcase>
<testcase name="test2500" classname="RegressionTest4" time="0">
<system-out><![CDATA[
unique-id: [engine:junit-vintage]/[runner:RegressionTest]/[test:RegressionTest4]/[test:test2500(RegressionTest4)]
display-name: test2500
]]></system-out>
</testcase>
<testcase name="test1641" classname="RegressionTest3" time="0">
<system-out><![CDATA[
unique-id: [engine:junit-vintage]/[runner:RegressionTest]/[test:RegressionTest3]/[test:test1641(RegressionTest3)]
display-name: test1641
]]></system-out>
</testcase>
<testcase name="test0300" classname="RegressionTest0" time="0">
<system-out><![CDATA[
unique-id: [engine:junit-vintage]/[runner:RegressionTest]/[test:RegressionTest0]/[test:test0300(RegressionTest0)]
display-name: test0300
]]></system-out>
</testcase>
<testcase name="test2134" classname="RegressionTest4" time="0">
<system-out><![CDATA[
unique-id: [engine:junit-vintage]/[runner:RegressionTest]/[test:RegressionTest4]/[test:test2134(RegressionTest4)]
display-name: test2134
]]></system-out>
</testcase>
<testcase name="test2535" classname="RegressionTest5" time="0">
<system-out><![CDATA[
unique-id: [engine:junit-vintage]/[runner:RegressionTest]/[test:RegressionTest5]/[test:test2535(RegressionTest5)]
display-name: test2535
]]></system-out>
</testcase>
<testcase name="test1044" classname="RegressionTest2" time="0">
<system-out><![CDATA[
unique-id: [engine:junit-vintage]/[runner:RegressionTest]/[test:RegressionTest2]/[test:test1044(RegressionTest2)]
display-name: test1044
]]></system-out>
</testcase>
<testcase name="test2026" classname="RegressionTest4" time="0">
<system-out><![CDATA[
unique-id: [engine:junit-vintage]/[runner:RegressionTest]/[test:RegressionTest4]/[test:test2026(RegressionTest4)]
display-name: test2026
]]></system-out>
</testcase>
<testcase name="test2643" classname="RegressionTest5" time="0">
<system-out><![CDATA[
unique-id: [engine:junit-vintage]/[runner:RegressionTest]/[test:RegressionTest5]/[test:test2643(RegressionTest5)]
display-name: test2643
]]></system-out>
</testcase>
<testcase name="test0849" classname="RegressionTest1" time="0">
<system-out><![CDATA[
unique-id: [engine:junit-vintage]/[runner:RegressionTest]/[test:RegressionTest1]/[test:test0849(RegressionTest1)]
display-name: test0849
]]></system-out>
</testcase>
<testcase name="test1533" classname="RegressionTest3" time="0">
<system-out><![CDATA[
unique-id: [engine:junit-vintage]/[runner:RegressionTest]/[test:RegressionTest3]/[test:test1533(RegressionTest3)]
display-name: test1533
]]></system-out>
</testcase>
<testcase name="test1959" classname="RegressionTest3" time="0">
<system-out><![CDATA[
unique-id: [engine:junit-vintage]/[runner:RegressionTest]/[test:RegressionTest3]/[test:test1959(RegressionTest3)]
display-name: test1959
]]></system-out>
</testcase>
<testcase name="test0551" classname="RegressionTest1" time="0">
<system-out><![CDATA[
unique-id: [engine:junit-vintage]/[runner:RegressionTest]/[test:RegressionTest1]/[test:test0551(RegressionTest1)]
display-name: test0551
]]></system-out>
</testcase>
<testcase name="test2199" classname="RegressionTest4" time="0">
<system-out><![CDATA[
unique-id: [engine:junit-vintage]/[runner:RegressionTest]/[test:RegressionTest4]/[test:test2199(RegressionTest4)]
display-name: test2199
]]></system-out>
</testcase>
<testcase name="test1455" classname="RegressionTest2" time="0">
<system-out><![CDATA[
unique-id: [engine:junit-vintage]/[runner:RegressionTest]/[test:RegressionTest2]/[test:test1455(RegressionTest2)]
display-name: test1455
]]></system-out>
</testcase>
<testcase name="test1598" classname="RegressionTest3" time="0">
<system-out><![CDATA[
unique-id: [engine:junit-vintage]/[runner:RegressionTest]/[test:RegressionTest3]/[test:test1598(RegressionTest3)]
display-name: test1598
]]></system-out>
</testcase>
<testcase name="test2262" classname="RegressionTest4" time="0">
<system-out><![CDATA[
unique-id: [engine:junit-vintage]/[runner:RegressionTest]/[test:RegressionTest4]/[test:test2262(RegressionTest4)]
display-name: test2262
]]></system-out>
</testcase>
<testcase name="test1347" classname="RegressionTest2" time="0">
<system-out><![CDATA[
unique-id: [engine:junit-vintage]/[runner:RegressionTest]/[test:RegressionTest2]/[test:test1347(RegressionTest2)]
display-name: test1347
]]></system-out>
</testcase>
<testcase name="test1172" classname="RegressionTest2" time="0">
<system-out><![CDATA[
unique-id: [engine:junit-vintage]/[runner:RegressionTest]/[test:RegressionTest2]/[test:test1172(RegressionTest2)]
display-name: test1172
]]></system-out>
</testcase>
<testcase name="test1180" classname="RegressionTest2" time="0">
<system-out><![CDATA[
unique-id: [engine:junit-vintage]/[runner:RegressionTest]/[test:RegressionTest2]/[test:test1180(RegressionTest2)]
display-name: test1180
]]></system-out>
</testcase>
<testcase name="test1069" classname="RegressionTest2" time="0">
<system-out><![CDATA[
unique-id: [engine:junit-vintage]/[runner:RegressionTest]/[test:RegressionTest2]/[test:test1069(RegressionTest2)]
display-name: test1069
]]></system-out>
</testcase>
<testcase name="test0468" classname="RegressionTest0" time="0">
<system-out><![CDATA[
unique-id: [engine:junit-vintage]/[runner:RegressionTest]/[test:RegressionTest0]/[test:test0468(RegressionTest0)]
display-name: test0468
]]></system-out>
</testcase>
<testcase name="test1944" classname="RegressionTest3" time="0">
<system-out><![CDATA[
unique-id: [engine:junit-vintage]/[runner:RegressionTest]/[test:RegressionTest3]/[test:test1944(RegressionTest3)]
display-name: test1944
]]></system-out>
</testcase>
<testcase name="test1631" classname="RegressionTest3" time="0">
<system-out><![CDATA[
unique-id: [engine:junit-vintage]/[runner:RegressionTest]/[test:RegressionTest3]/[test:test1631(RegressionTest3)]
display-name: test1631
]]></system-out>
</testcase>
<testcase name="test2390" classname="RegressionTest4" time="0">
<system-out><![CDATA[
unique-id: [engine:junit-vintage]/[runner:RegressionTest]/[test:RegressionTest4]/[test:test2390(RegressionTest4)]
display-name: test2390
]]></system-out>
</testcase>
<testcase name="test1666" classname="RegressionTest3" time="0">
<system-out><![CDATA[
unique-id: [engine:junit-vintage]/[runner:RegressionTest]/[test:RegressionTest3]/[test:test1666(RegressionTest3)]
display-name: test1666
]]></system-out>
</testcase>
<testcase name="test0927" classname="RegressionTest1" time="0.001">
<system-out><![CDATA[
unique-id: [engine:junit-vintage]/[runner:RegressionTest]/[test:RegressionTest1]/[test:test0927(RegressionTest1)]
display-name: test0927
]]></system-out>
</testcase>
<testcase name="test0586" classname="RegressionTest1" time="0">
<system-out><![CDATA[
unique-id: [engine:junit-vintage]/[runner:RegressionTest]/[test:RegressionTest1]/[test:test0586(RegressionTest1)]
display-name: test0586
]]></system-out>
</testcase>
<testcase name="test0726" classname="RegressionTest1" time="0">
<system-out><![CDATA[
unique-id: [engine:junit-vintage]/[runner:RegressionTest]/[test:RegressionTest1]/[test:test0726(RegressionTest1)]
display-name: test0726
]]></system-out>
</testcase>
<testcase name="test2412" classname="RegressionTest4" time="0">
<system-out><![CDATA[
unique-id: [engine:junit-vintage]/[runner:RegressionTest]/[test:RegressionTest4]/[test:test2412(RegressionTest4)]
display-name: test2412
]]></system-out>
</testcase>
<testcase name="test2555" classname="RegressionTest5" time="0">
<system-out><![CDATA[
unique-id: [engine:junit-vintage]/[runner:RegressionTest]/[test:RegressionTest5]/[test:test2555(RegressionTest5)]
display-name: test2555
]]></system-out>
</testcase>
<testcase name="test0478" classname="RegressionTest0" time="0">
<system-out><![CDATA[
unique-id: [engine:junit-vintage]/[runner:RegressionTest]/[test:RegressionTest0]/[test:test0478(RegressionTest0)]
display-name: test0478
]]></system-out>
</testcase>
<testcase name="test2673" classname="RegressionTest5" time="0">
<system-out><![CDATA[
unique-id: [engine:junit-vintage]/[runner:RegressionTest]/[test:RegressionTest5]/[test:test2673(RegressionTest5)]
display-name: test2673
]]></system-out>
</testcase>
<testcase name="test0305" classname="RegressionTest0" time="0">
<system-out><![CDATA[
unique-id: [engine:junit-vintage]/[runner:RegressionTest]/[test:RegressionTest0]/[test:test0305(RegressionTest0)]
display-name: test0305
]]></system-out>
</testcase>
<testcase name="test0072" classname="RegressionTest0" time="0.001">
<system-out><![CDATA[
unique-id: [engine:junit-vintage]/[runner:RegressionTest]/[test:RegressionTest0]/[test:test0072(RegressionTest0)]
display-name: test0072
]]></system-out>
</testcase>
<testcase name="test1934" classname="RegressionTest3" time="0">
<system-out><![CDATA[
unique-id: [engine:junit-vintage]/[runner:RegressionTest]/[test:RegressionTest3]/[test:test1934(RegressionTest3)]
display-name: test1934
]]></system-out>
</testcase>
<testcase name="test0443" classname="RegressionTest0" time="0">
<system-out><![CDATA[
unique-id: [engine:junit-vintage]/[runner:RegressionTest]/[test:RegressionTest0]/[test:test0443(RegressionTest0)]
display-name: test0443
]]></system-out>
</testcase>
<testcase name="test2277" classname="RegressionTest4" time="0">
<system-out><![CDATA[
unique-id: [engine:junit-vintage]/[runner:RegressionTest]/[test:RegressionTest4]/[test:test2277(RegressionTest4)]
display-name: test2277
]]></system-out>
</testcase>
<testcase name="test2169" classname="RegressionTest4" time="0">
<system-out><![CDATA[
unique-id: [engine:junit-vintage]/[runner:RegressionTest]/[test:RegressionTest4]/[test:test2169(RegressionTest4)]
display-name: test2169
]]></system-out>
</testcase>
<testcase name="test0451" classname="RegressionTest0" time="0">
<system-out><![CDATA[
unique-id: [engine:junit-vintage]/[runner:RegressionTest]/[test:RegressionTest0]/[test:test0451(RegressionTest0)]
display-name: test0451
]]></system-out>
</testcase>
<testcase name="test2309" classname="RegressionTest4" time="0">
<system-out><![CDATA[
unique-id: [engine:junit-vintage]/[runner:RegressionTest]/[test:RegressionTest4]/[test:test2309(RegressionTest4)]
display-name: test2309
]]></system-out>
</testcase>
<testcase name="test2565" classname="RegressionTest5" time="0">
<system-out><![CDATA[
unique-id: [engine:junit-vintage]/[runner:RegressionTest]/[test:RegressionTest5]/[test:test2565(RegressionTest5)]
display-name: test2565
]]></system-out>
</testcase>
<testcase name="test2409" classname="RegressionTest4" time="0">
<system-out><![CDATA[
unique-id: [engine:junit-vintage]/[runner:RegressionTest]/[test:RegressionTest4]/[test:test2409(RegressionTest4)]
display-name: test2409
]]></system-out>
</testcase>
<testcase name="test2422" classname="RegressionTest4" time="0">
<system-out><![CDATA[
unique-id: [engine:junit-vintage]/[runner:RegressionTest]/[test:RegressionTest4]/[test:test2422(RegressionTest4)]
display-name: test2422
]]></system-out>
</testcase>
<testcase name="test0594" classname="RegressionTest1" time="0">
<system-out><![CDATA[
unique-id: [engine:junit-vintage]/[runner:RegressionTest]/[test:RegressionTest1]/[test:test0594(RegressionTest1)]
display-name: test0594
]]></system-out>
</testcase>
<testcase name="test0694" classname="RegressionTest1" time="0">
<system-out><![CDATA[
unique-id: [engine:junit-vintage]/[runner:RegressionTest]/[test:RegressionTest1]/[test:test0694(RegressionTest1)]
display-name: test0694
]]></system-out>
</testcase>
<testcase name="test1059" classname="RegressionTest2" time="0">
<system-out><![CDATA[
unique-id: [engine:junit-vintage]/[runner:RegressionTest]/[test:RegressionTest2]/[test:test1059(RegressionTest2)]
display-name: test1059
]]></system-out>
</testcase>
<testcase name="test1190" classname="RegressionTest2" time="0">
<system-out><![CDATA[
unique-id: [engine:junit-vintage]/[runner:RegressionTest]/[test:RegressionTest2]/[test:test1190(RegressionTest2)]
display-name: test1190
]]></system-out>
</testcase>
<testcase name="test1312" classname="RegressionTest2" time="0">
<system-out><![CDATA[
unique-id: [engine:junit-vintage]/[runner:RegressionTest]/[test:RegressionTest2]/[test:test1312(RegressionTest2)]
display-name: test1312
]]></system-out>
</testcase>
<testcase name="test1290" classname="RegressionTest2" time="0">
<system-out><![CDATA[
unique-id: [engine:junit-vintage]/[runner:RegressionTest]/[test:RegressionTest2]/[test:test1290(RegressionTest2)]
display-name: test1290
]]></system-out>
</testcase>
<testcase name="test0716" classname="RegressionTest1" time="0">
<system-out><![CDATA[
unique-id: [engine:junit-vintage]/[runner:RegressionTest]/[test:RegressionTest1]/[test:test0716(RegressionTest1)]
display-name: test0716
]]></system-out>
</testcase>
<testcase name="test1826" classname="RegressionTest3" time="0">
<system-out><![CDATA[
unique-id: [engine:junit-vintage]/[runner:RegressionTest]/[test:RegressionTest3]/[test:test1826(RegressionTest3)]
display-name: test1826
]]></system-out>
</testcase>
<testcase name="test1182" classname="RegressionTest2" time="0">
<system-out><![CDATA[
unique-id: [engine:junit-vintage]/[runner:RegressionTest]/[test:RegressionTest2]/[test:test1182(RegressionTest2)]
display-name: test1182
]]></system-out>
</testcase>
<testcase name="test2287" classname="RegressionTest4" time="0">
<system-out><![CDATA[
unique-id: [engine:junit-vintage]/[runner:RegressionTest]/[test:RegressionTest4]/[test:test2287(RegressionTest4)]
display-name: test2287
]]></system-out>
</testcase>
<testcase name="test0937" classname="RegressionTest1" time="0">
<system-out><![CDATA[
unique-id: [engine:junit-vintage]/[runner:RegressionTest]/[test:RegressionTest1]/[test:test0937(RegressionTest1)]
display-name: test0937
]]></system-out>
</testcase>
<testcase name="test0080" classname="RegressionTest0" time="0">
<system-out><![CDATA[
unique-id: [engine:junit-vintage]/[runner:RegressionTest]/[test:RegressionTest0]/[test:test0080(RegressionTest0)]
display-name: test0080
]]></system-out>
</testcase>
<testcase name="test1204" classname="RegressionTest2" time="0">
<system-out><![CDATA[
unique-id: [engine:junit-vintage]/[runner:RegressionTest]/[test:RegressionTest2]/[test:test1204(RegressionTest2)]
display-name: test1204
]]></system-out>
</testcase>
<testcase name="test1177" classname="RegressionTest2" time="0">
<system-out><![CDATA[
unique-id: [engine:junit-vintage]/[runner:RegressionTest]/[test:RegressionTest2]/[test:test1177(RegressionTest2)]
display-name: test1177
]]></system-out>
</testcase>
<testcase name="test2066" classname="RegressionTest4" time="0">
<system-out><![CDATA[
unique-id: [engine:junit-vintage]/[runner:RegressionTest]/[test:RegressionTest4]/[test:test2066(RegressionTest4)]
display-name: test2066
]]></system-out>
</testcase>
<testcase name="test0202" classname="RegressionTest0" time="0">
<system-out><![CDATA[
unique-id: [engine:junit-vintage]/[runner:RegressionTest]/[test:RegressionTest0]/[test:test0202(RegressionTest0)]
display-name: test0202
]]></system-out>
</testcase>
<testcase name="test1142" classname="RegressionTest2" time="0">
<system-out><![CDATA[
unique-id: [engine:junit-vintage]/[runner:RegressionTest]/[test:RegressionTest2]/[test:test1142(RegressionTest2)]
display-name: test1142
]]></system-out>
</testcase>
<testcase name="test0438" classname="RegressionTest0" time="0">
<system-out><![CDATA[
unique-id: [engine:junit-vintage]/[runner:RegressionTest]/[test:RegressionTest0]/[test:test0438(RegressionTest0)]
display-name: test0438
]]></system-out>
</testcase>
<testcase name="test0608" classname="RegressionTest1" time="0">
<system-out><![CDATA[
unique-id: [engine:junit-vintage]/[runner:RegressionTest]/[test:RegressionTest1]/[test:test0608(RegressionTest1)]
display-name: test0608
]]></system-out>
</testcase>
<testcase name="test1774" classname="RegressionTest3" time="0">
<system-out><![CDATA[
unique-id: [engine:junit-vintage]/[runner:RegressionTest]/[test:RegressionTest3]/[test:test1774(RegressionTest3)]
display-name: test1774
]]></system-out>
</testcase>
<testcase name="test1801" classname="RegressionTest3" time="0">
<system-out><![CDATA[
unique-id: [engine:junit-vintage]/[runner:RegressionTest]/[test:RegressionTest3]/[test:test1801(RegressionTest3)]
display-name: test1801
]]></system-out>
</testcase>
<testcase name="test1696" classname="RegressionTest3" time="0">
<system-out><![CDATA[
unique-id: [engine:junit-vintage]/[runner:RegressionTest]/[test:RegressionTest3]/[test:test1696(RegressionTest3)]
display-name: test1696
]]></system-out>
</testcase>
<testcase name="test0521" classname="RegressionTest1" time="0">
<system-out><![CDATA[
unique-id: [engine:junit-vintage]/[runner:RegressionTest]/[test:RegressionTest1]/[test:test0521(RegressionTest1)]
display-name: test0521
]]></system-out>
</testcase>
<testcase name="test1558" classname="RegressionTest3" time="0">
<system-out><![CDATA[
unique-id: [engine:junit-vintage]/[runner:RegressionTest]/[test:RegressionTest3]/[test:test1558(RegressionTest3)]
display-name: test1558
]]></system-out>
</testcase>
<testcase name="test2517" classname="RegressionTest5" time="0">
<system-out><![CDATA[
unique-id: [engine:junit-vintage]/[runner:RegressionTest]/[test:RegressionTest5]/[test:test2517(RegressionTest5)]
display-name: test2517
]]></system-out>
</testcase>
<testcase name="test0556" classname="RegressionTest1" time="0">
<system-out><![CDATA[
unique-id: [engine:junit-vintage]/[runner:RegressionTest]/[test:RegressionTest1]/[test:test0556(RegressionTest1)]
display-name: test0556
]]></system-out>
</testcase>
<testcase name="test2360" classname="RegressionTest4" time="0">
<system-out><![CDATA[
unique-id: [engine:junit-vintage]/[runner:RegressionTest]/[test:RegressionTest4]/[test:test2360(RegressionTest4)]
display-name: test2360
]]></system-out>
</testcase>
<testcase name="test2417" classname="RegressionTest4" time="0">
<system-out><![CDATA[
unique-id: [engine:junit-vintage]/[runner:RegressionTest]/[test:RegressionTest4]/[test:test2417(RegressionTest4)]
display-name: test2417
]]></system-out>
</testcase>
<testcase name="test1523" classname="RegressionTest3" time="0">
<system-out><![CDATA[
unique-id: [engine:junit-vintage]/[runner:RegressionTest]/[test:RegressionTest3]/[test:test1523(RegressionTest3)]
display-name: test1523
]]></system-out>
</testcase>
<testcase name="test0413" classname="RegressionTest0" time="0">
<system-out><![CDATA[
unique-id: [engine:junit-vintage]/[runner:RegressionTest]/[test:RegressionTest0]/[test:test0413(RegressionTest0)]
display-name: test0413
]]></system-out>
</testcase>
<testcase name="test0561" classname="RegressionTest1" time="0">
<system-out><![CDATA[
unique-id: [engine:junit-vintage]/[runner:RegressionTest]/[test:RegressionTest1]/[test:test0561(RegressionTest1)]
display-name: test0561
]]></system-out>
</testcase>
<testcase name="test1415" classname="RegressionTest2" time="0">
<system-out><![CDATA[
unique-id: [engine:junit-vintage]/[runner:RegressionTest]/[test:RegressionTest2]/[test:test1415(RegressionTest2)]
display-name: test1415
]]></system-out>
</testcase>
<testcase name="test2525" classname="RegressionTest5" time="0">
<system-out><![CDATA[
unique-id: [engine:junit-vintage]/[runner:RegressionTest]/[test:RegressionTest5]/[test:test2525(RegressionTest5)]
display-name: test2525
]]></system-out>
</testcase>
<testcase name="test1337" classname="RegressionTest2" time="0">
<system-out><![CDATA[
unique-id: [engine:junit-vintage]/[runner:RegressionTest]/[test:RegressionTest2]/[test:test1337(RegressionTest2)]
display-name: test1337
]]></system-out>
</testcase>
<testcase name="test2530" classname="RegressionTest5" time="0">
<system-out><![CDATA[
unique-id: [engine:junit-vintage]/[runner:RegressionTest]/[test:RegressionTest5]/[test:test2530(RegressionTest5)]
display-name: test2530
]]></system-out>
</testcase>
<testcase name="test0335" classname="RegressionTest0" time="0">
<system-out><![CDATA[
unique-id: [engine:junit-vintage]/[runner:RegressionTest]/[test:RegressionTest0]/[test:test0335(RegressionTest0)]
display-name: test0335
]]></system-out>
</testcase>
<testcase name="test1904" classname="RegressionTest3" time="0">
<system-out><![CDATA[
unique-id: [engine:junit-vintage]/[runner:RegressionTest]/[test:RegressionTest3]/[test:test1904(RegressionTest3)]
display-name: test1904
]]></system-out>
</testcase>
<testcase name="test2339" classname="RegressionTest4" time="0">
<system-out><![CDATA[
unique-id: [engine:junit-vintage]/[runner:RegressionTest]/[test:RegressionTest4]/[test:test2339(RegressionTest4)]
display-name: test2339
]]></system-out>
</testcase>
<testcase name="test0902" classname="RegressionTest1" time="0">
<system-out><![CDATA[
unique-id: [engine:junit-vintage]/[runner:RegressionTest]/[test:RegressionTest1]/[test:test0902(RegressionTest1)]
display-name: test0902
]]></system-out>
</testcase>
<testcase name="test0486" classname="RegressionTest0" time="0">
<system-out><![CDATA[
unique-id: [engine:junit-vintage]/[runner:RegressionTest]/[test:RegressionTest0]/[test:test0486(RegressionTest0)]
display-name: test0486
]]></system-out>
</testcase>
<testcase name="test0227" classname="RegressionTest0" time="0">
<system-out><![CDATA[
unique-id: [engine:junit-vintage]/[runner:RegressionTest]/[test:RegressionTest0]/[test:test0227(RegressionTest0)]
display-name: test0227
]]></system-out>
</testcase>
<testcase name="test2447" classname="RegressionTest4" time="0">
<system-out><![CDATA[
unique-id: [engine:junit-vintage]/[runner:RegressionTest]/[test:RegressionTest4]/[test:test2447(RegressionTest4)]
display-name: test2447
]]></system-out>
</testcase>
<testcase name="test0975" classname="RegressionTest1" time="0">
<system-out><![CDATA[
unique-id: [engine:junit-vintage]/[runner:RegressionTest]/[test:RegressionTest1]/[test:test0975(RegressionTest1)]
display-name: test0975
]]></system-out>
</testcase>
<testcase name="test1229" classname="RegressionTest2" time="0">
<system-out><![CDATA[
unique-id: [engine:junit-vintage]/[runner:RegressionTest]/[test:RegressionTest2]/[test:test1229(RegressionTest2)]
display-name: test1229
]]></system-out>
</testcase>
<testcase name="test2041" classname="RegressionTest4" time="0">
<system-out><![CDATA[
unique-id: [engine:junit-vintage]/[runner:RegressionTest]/[test:RegressionTest4]/[test:test2041(RegressionTest4)]
display-name: test2041
]]></system-out>
</testcase>
<testcase name="test2252" classname="RegressionTest4" time="0">
<system-out><![CDATA[
unique-id: [engine:junit-vintage]/[runner:RegressionTest]/[test:RegressionTest4]/[test:test2252(RegressionTest4)]
display-name: test2252
]]></system-out>
</testcase>
<testcase name="test0967" classname="RegressionTest1" time="0">
<system-out><![CDATA[
unique-id: [engine:junit-vintage]/[runner:RegressionTest]/[test:RegressionTest1]/[test:test0967(RegressionTest1)]
display-name: test0967
]]></system-out>
</testcase>
<testcase name="test0859" classname="RegressionTest1" time="0">
<system-out><![CDATA[
unique-id: [engine:junit-vintage]/[runner:RegressionTest]/[test:RegressionTest1]/[test:test0859(RegressionTest1)]
display-name: test0859
]]></system-out>
</testcase>
<testcase name="test0119" classname="RegressionTest0" time="0">
<system-out><![CDATA[
unique-id: [engine:junit-vintage]/[runner:RegressionTest]/[test:RegressionTest0]/[test:test0119(RegressionTest0)]
display-name: test0119
]]></system-out>
</testcase>
<testcase name="test1099" classname="RegressionTest2" time="0">
<system-out><![CDATA[
unique-id: [engine:junit-vintage]/[runner:RegressionTest]/[test:RegressionTest2]/[test:test1099(RegressionTest2)]
display-name: test1099
]]></system-out>
</testcase>
<testcase name="test2144" classname="RegressionTest4" time="0">
<system-out><![CDATA[
unique-id: [engine:junit-vintage]/[runner:RegressionTest]/[test:RegressionTest4]/[test:test2144(RegressionTest4)]
display-name: test2144
]]></system-out>
</testcase>
<testcase name="test1969" classname="RegressionTest3" time="0">
<system-out><![CDATA[
unique-id: [engine:junit-vintage]/[runner:RegressionTest]/[test:RegressionTest3]/[test:test1969(RegressionTest3)]
display-name: test1969
]]></system-out>
</testcase>
<testcase name="test0097" classname="RegressionTest0" time="0">
<system-out><![CDATA[
unique-id: [engine:junit-vintage]/[runner:RegressionTest]/[test:RegressionTest0]/[test:test0097(RegressionTest0)]
display-name: test0097
]]></system-out>
</testcase>
<testcase name="test1034" classname="RegressionTest2" time="0">
<system-out><![CDATA[
unique-id: [engine:junit-vintage]/[runner:RegressionTest]/[test:RegressionTest2]/[test:test1034(RegressionTest2)]
display-name: test1034
]]></system-out>
</testcase>
<testcase name="test0170" classname="RegressionTest0" time="0.001">
<system-out><![CDATA[
unique-id: [engine:junit-vintage]/[runner:RegressionTest]/[test:RegressionTest0]/[test:test0170(RegressionTest0)]
display-name: test0170
]]></system-out>
</testcase>
<testcase name="test0985" classname="RegressionTest1" time="0">
<system-out><![CDATA[
unique-id: [engine:junit-vintage]/[runner:RegressionTest]/[test:RegressionTest1]/[test:test0985(RegressionTest1)]
display-name: test0985
]]></system-out>
</testcase>
<testcase name="test1882" classname="RegressionTest3" time="0">
<system-out><![CDATA[
unique-id: [engine:junit-vintage]/[runner:RegressionTest]/[test:RegressionTest3]/[test:test1882(RegressionTest3)]
display-name: test1882
]]></system-out>
</testcase>
<testcase name="test0388" classname="RegressionTest0" time="0">
<system-out><![CDATA[
unique-id: [engine:junit-vintage]/[runner:RegressionTest]/[test:RegressionTest0]/[test:test0388(RegressionTest0)]
display-name: test0388
]]></system-out>
</testcase>
<testcase name="test1285" classname="RegressionTest2" time="0">
<system-out><![CDATA[
unique-id: [engine:junit-vintage]/[runner:RegressionTest]/[test:RegressionTest2]/[test:test1285(RegressionTest2)]
display-name: test1285
]]></system-out>
</testcase>
<testcase name="test0353" classname="RegressionTest0" time="0">
<system-out><![CDATA[
unique-id: [engine:junit-vintage]/[runner:RegressionTest]/[test:RegressionTest0]/[test:test0353(RegressionTest0)]
display-name: test0353
]]></system-out>
</testcase>
<testcase name="test0664" classname="RegressionTest1" time="0">
<system-out><![CDATA[
unique-id: [engine:junit-vintage]/[runner:RegressionTest]/[test:RegressionTest1]/[test:test0664(RegressionTest1)]
display-name: test0664
]]></system-out>
</testcase>
<testcase name="test1718" classname="RegressionTest3" time="0">
<system-out><![CDATA[
unique-id: [engine:junit-vintage]/[runner:RegressionTest]/[test:RegressionTest3]/[test:test1718(RegressionTest3)]
display-name: test1718
]]></system-out>
</testcase>
<testcase name="test0792" classname="RegressionTest1" time="0">
<system-out><![CDATA[
unique-id: [engine:junit-vintage]/[runner:RegressionTest]/[test:RegressionTest1]/[test:test0792(RegressionTest1)]
display-name: test0792
]]></system-out>
</testcase>
<testcase name="test0960" classname="RegressionTest1" time="0">
<system-out><![CDATA[
unique-id: [engine:junit-vintage]/[runner:RegressionTest]/[test:RegressionTest1]/[test:test0960(RegressionTest1)]
display-name: test0960
]]></system-out>
</testcase>
<testcase name="test1092" classname="RegressionTest2" time="0">
<system-out><![CDATA[
unique-id: [engine:junit-vintage]/[runner:RegressionTest]/[test:RegressionTest2]/[test:test1092(RegressionTest2)]
display-name: test1092
]]></system-out>
</testcase>
<testcase name="test0699" classname="RegressionTest1" time="0">
<system-out><![CDATA[
unique-id: [engine:junit-vintage]/[runner:RegressionTest]/[test:RegressionTest1]/[test:test0699(RegressionTest1)]
display-name: test0699
]]></system-out>
</testcase>
<testcase name="test1892" classname="RegressionTest3" time="0">
<system-out><![CDATA[
unique-id: [engine:junit-vintage]/[runner:RegressionTest]/[test:RegressionTest3]/[test:test1892(RegressionTest3)]
display-name: test1892
]]></system-out>
</testcase>
<testcase name="test2625" classname="RegressionTest5" time="0">
<system-out><![CDATA[
unique-id: [engine:junit-vintage]/[runner:RegressionTest]/[test:RegressionTest5]/[test:test2625(RegressionTest5)]
display-name: test2625
]]></system-out>
</testcase>
<testcase name="test0995" classname="RegressionTest1" time="0">
<system-out><![CDATA[
unique-id: [engine:junit-vintage]/[runner:RegressionTest]/[test:RegressionTest1]/[test:test0995(RegressionTest1)]
display-name: test0995
]]></system-out>
</testcase>
<testcase name="test0378" classname="RegressionTest0" time="0">
<system-out><![CDATA[
unique-id: [engine:junit-vintage]/[runner:RegressionTest]/[test:RegressionTest0]/[test:test0378(RegressionTest0)]
display-name: test0378
]]></system-out>
</testcase>
<testcase name="test0195" classname="RegressionTest0" time="0">
<system-out><![CDATA[
unique-id: [engine:junit-vintage]/[runner:RegressionTest]/[test:RegressionTest0]/[test:test0195(RegressionTest0)]
display-name: test0195
]]></system-out>
</testcase>
<testcase name="test1488" classname="RegressionTest2" time="0">
<system-out><![CDATA[
unique-id: [engine:junit-vintage]/[runner:RegressionTest]/[test:RegressionTest2]/[test:test1488(RegressionTest2)]
display-name: test1488
]]></system-out>
</testcase>
<testcase name="test0077" classname="RegressionTest0" time="0.001">
<system-out><![CDATA[
unique-id: [engine:junit-vintage]/[runner:RegressionTest]/[test:RegressionTest0]/[test:test0077(RegressionTest0)]
display-name: test0077
]]></system-out>
</testcase>
<testcase name="test0674" classname="RegressionTest1" time="0">
<system-out><![CDATA[
unique-id: [engine:junit-vintage]/[runner:RegressionTest]/[test:RegressionTest1]/[test:test0674(RegressionTest1)]
display-name: test0674
]]></system-out>
</testcase>
<testcase name="test1708" classname="RegressionTest3" time="0">
<system-out><![CDATA[
unique-id: [engine:junit-vintage]/[runner:RegressionTest]/[test:RegressionTest3]/[test:test1708(RegressionTest3)]
display-name: test1708
]]></system-out>
</testcase>
<testcase name="test2605" classname="RegressionTest5" time="0">
<system-out><![CDATA[
unique-id: [engine:junit-vintage]/[runner:RegressionTest]/[test:RegressionTest5]/[test:test2605(RegressionTest5)]
display-name: test2605
]]></system-out>
</testcase>
<testcase name="test0185" classname="RegressionTest0" time="0">
<system-out><![CDATA[
unique-id: [engine:junit-vintage]/[runner:RegressionTest]/[test:RegressionTest0]/[test:test0185(RegressionTest0)]
display-name: test0185
]]></system-out>
</testcase>
<testcase name="test1082" classname="RegressionTest2" time="0">
<system-out><![CDATA[
unique-id: [engine:junit-vintage]/[runner:RegressionTest]/[test:RegressionTest2]/[test:test1082(RegressionTest2)]
display-name: test1082
]]></system-out>
</testcase>
<testcase name="test2304" classname="RegressionTest4" time="0">
<system-out><![CDATA[
unique-id: [engine:junit-vintage]/[runner:RegressionTest]/[test:RegressionTest4]/[test:test2304(RegressionTest4)]
display-name: test2304
]]></system-out>
</testcase>
<testcase name="test1295" classname="RegressionTest2" time="0">
<system-out><![CDATA[
unique-id: [engine:junit-vintage]/[runner:RegressionTest]/[test:RegressionTest2]/[test:test1295(RegressionTest2)]
display-name: test1295
]]></system-out>
</testcase>
<testcase name="test2192" classname="RegressionTest4" time="0">
<system-out><![CDATA[
unique-id: [engine:junit-vintage]/[runner:RegressionTest]/[test:RegressionTest4]/[test:test2192(RegressionTest4)]
display-name: test2192
]]></system-out>
</testcase>
<testcase name="test2395" classname="RegressionTest4" time="0">
<system-out><![CDATA[
unique-id: [engine:junit-vintage]/[runner:RegressionTest]/[test:RegressionTest4]/[test:test2395(RegressionTest4)]
display-name: test2395
]]></system-out>
</testcase>
<testcase name="test1498" classname="RegressionTest2" time="0">
<system-out><![CDATA[
unique-id: [engine:junit-vintage]/[runner:RegressionTest]/[test:RegressionTest2]/[test:test1498(RegressionTest2)]
display-name: test1498
]]></system-out>
</testcase>
<testcase name="test2615" classname="RegressionTest5" time="0">
<system-out><![CDATA[
unique-id: [engine:junit-vintage]/[runner:RegressionTest]/[test:RegressionTest5]/[test:test2615(RegressionTest5)]
display-name: test2615
]]></system-out>
</testcase>
<testcase name="test0398" classname="RegressionTest0" time="0">
<system-out><![CDATA[
unique-id: [engine:junit-vintage]/[runner:RegressionTest]/[test:RegressionTest0]/[test:test0398(RegressionTest0)]
display-name: test0398
]]></system-out>
</testcase>
<testcase name="test0067" classname="RegressionTest0" time="0">
<system-out><![CDATA[
unique-id: [engine:junit-vintage]/[runner:RegressionTest]/[test:RegressionTest0]/[test:test0067(RegressionTest0)]
display-name: test0067
]]></system-out>
</testcase>
<testcase name="test0950" classname="RegressionTest1" time="0">
<system-out><![CDATA[
unique-id: [engine:junit-vintage]/[runner:RegressionTest]/[test:RegressionTest1]/[test:test0950(RegressionTest1)]
display-name: test0950
]]></system-out>
</testcase>
<testcase name="test2370" classname="RegressionTest4" time="0">
<system-out><![CDATA[
unique-id: [engine:junit-vintage]/[runner:RegressionTest]/[test:RegressionTest4]/[test:test2370(RegressionTest4)]
display-name: test2370
]]></system-out>
</testcase>
<testcase name="test1581" classname="RegressionTest3" time="0">
<system-out><![CDATA[
unique-id: [engine:junit-vintage]/[runner:RegressionTest]/[test:RegressionTest3]/[test:test1581(RegressionTest3)]
display-name: test1581
]]></system-out>
</testcase>
<testcase name="test0245" classname="RegressionTest0" time="0">
<system-out><![CDATA[
unique-id: [engine:junit-vintage]/[runner:RegressionTest]/[test:RegressionTest0]/[test:test0245(RegressionTest0)]
display-name: test0245
]]></system-out>
</testcase>
<testcase name="test0842" classname="RegressionTest1" time="0">
<system-out><![CDATA[
unique-id: [engine:junit-vintage]/[runner:RegressionTest]/[test:RegressionTest1]/[test:test0842(RegressionTest1)]
display-name: test0842
]]></system-out>
</testcase>
<testcase name="test1280" classname="RegressionTest2" time="0">
<system-out><![CDATA[
unique-id: [engine:junit-vintage]/[runner:RegressionTest]/[test:RegressionTest2]/[test:test1280(RegressionTest2)]
display-name: test1280
]]></system-out>
</testcase>
<testcase name="test2507" classname="RegressionTest5" time="0">
<system-out><![CDATA[
unique-id: [engine:junit-vintage]/[runner:RegressionTest]/[test:RegressionTest5]/[test:test2507(RegressionTest5)]
display-name: test2507
]]></system-out>
</testcase>
<testcase name="test0062" classname="RegressionTest0" time="0">
<system-out><![CDATA[
unique-id: [engine:junit-vintage]/[runner:RegressionTest]/[test:RegressionTest0]/[test:test0062(RegressionTest0)]
display-name: test0062
]]></system-out>
</testcase>
<testcase name="test0877" classname="RegressionTest1" time="0">
<system-out><![CDATA[
unique-id: [engine:junit-vintage]/[runner:RegressionTest]/[test:RegressionTest1]/[test:test0877(RegressionTest1)]
display-name: test0877
]]></system-out>
</testcase>
<testcase name="test1505" classname="RegressionTest3" time="0">
<system-out><![CDATA[
unique-id: [engine:junit-vintage]/[runner:RegressionTest]/[test:RegressionTest3]/[test:test1505(RegressionTest3)]
display-name: test1505
]]></system-out>
</testcase>
<testcase name="test0461" classname="RegressionTest0" time="0">
<system-out><![CDATA[
unique-id: [engine:junit-vintage]/[runner:RegressionTest]/[test:RegressionTest0]/[test:test0461(RegressionTest0)]
display-name: test0461
]]></system-out>
</testcase>
<testcase name="test0496" classname="RegressionTest0" time="0">
<system-out><![CDATA[
unique-id: [engine:junit-vintage]/[runner:RegressionTest]/[test:RegressionTest0]/[test:test0496(RegressionTest0)]
display-name: test0496
]]></system-out>
</testcase>
<testcase name="test1463" classname="RegressionTest2" time="0">
<system-out><![CDATA[
unique-id: [engine:junit-vintage]/[runner:RegressionTest]/[test:RegressionTest2]/[test:test1463(RegressionTest2)]
display-name: test1463
]]></system-out>
</testcase>
<testcase name="test0087" classname="RegressionTest0" time="0">
<system-out><![CDATA[
unique-id: [engine:junit-vintage]/[runner:RegressionTest]/[test:RegressionTest0]/[test:test0087(RegressionTest0)]
display-name: test0087
]]></system-out>
</testcase>
<testcase name="test0970" classname="RegressionTest1" time="0">
<system-out><![CDATA[
unique-id: [engine:junit-vintage]/[runner:RegressionTest]/[test:RegressionTest1]/[test:test0970(RegressionTest1)]
display-name: test0970
]]></system-out>
</testcase>
<testcase name="test2329" classname="RegressionTest4" time="0">
<system-out><![CDATA[
unique-id: [engine:junit-vintage]/[runner:RegressionTest]/[test:RegressionTest4]/[test:test2329(RegressionTest4)]
display-name: test2329
]]></system-out>
</testcase>
<testcase name="test1784" classname="RegressionTest3" time="0">
<system-out><![CDATA[
unique-id: [engine:junit-vintage]/[runner:RegressionTest]/[test:RegressionTest3]/[test:test1784(RegressionTest3)]
display-name: test1784
]]></system-out>
</testcase>
<testcase name="test0782" classname="RegressionTest1" time="0">
<system-out><![CDATA[
unique-id: [engine:junit-vintage]/[runner:RegressionTest]/[test:RegressionTest1]/[test:test0782(RegressionTest1)]
display-name: test0782
]]></system-out>
</testcase>
<testcase name="test0448" classname="RegressionTest0" time="0">
<system-out><![CDATA[
unique-id: [engine:junit-vintage]/[runner:RegressionTest]/[test:RegressionTest0]/[test:test0448(RegressionTest0)]
display-name: test0448
]]></system-out>
</testcase>
<testcase name="test0531" classname="RegressionTest1" time="0">
<system-out><![CDATA[
unique-id: [engine:junit-vintage]/[runner:RegressionTest]/[test:RegressionTest1]/[test:test0531(RegressionTest1)]
display-name: test0531
]]></system-out>
</testcase>
<testcase name="test0373" classname="RegressionTest0" time="0">
<system-out><![CDATA[
unique-id: [engine:junit-vintage]/[runner:RegressionTest]/[test:RegressionTest0]/[test:test0373(RegressionTest0)]
display-name: test0373
]]></system-out>
</testcase>
<testcase name="test1483" classname="RegressionTest2" time="0">
<system-out><![CDATA[
unique-id: [engine:junit-vintage]/[runner:RegressionTest]/[test:RegressionTest2]/[test:test1483(RegressionTest2)]
display-name: test1483
]]></system-out>
</testcase>
<testcase name="test2126" classname="RegressionTest4" time="0">
<system-out><![CDATA[
unique-id: [engine:junit-vintage]/[runner:RegressionTest]/[test:RegressionTest4]/[test:test2126(RegressionTest4)]
display-name: test2126
]]></system-out>
</testcase>
<testcase name="test0042" classname="RegressionTest0" time="0.001">
<system-out><![CDATA[
unique-id: [engine:junit-vintage]/[runner:RegressionTest]/[test:RegressionTest0]/[test:test0042(RegressionTest0)]
display-name: test0042
]]></system-out>
</testcase>
<testcase name="test0481" classname="RegressionTest0" time="0">
<system-out><![CDATA[
unique-id: [engine:junit-vintage]/[runner:RegressionTest]/[test:RegressionTest0]/[test:test0481(RegressionTest0)]
display-name: test0481
]]></system-out>
</testcase>
<testcase name="test0862" classname="RegressionTest1" time="0">
<system-out><![CDATA[
unique-id: [engine:junit-vintage]/[runner:RegressionTest]/[test:RegressionTest1]/[test:test0862(RegressionTest1)]
display-name: test0862
]]></system-out>
</testcase>
<testcase name="test0890" classname="RegressionTest1" time="0">
<system-out><![CDATA[
unique-id: [engine:junit-vintage]/[runner:RegressionTest]/[test:RegressionTest1]/[test:test0890(RegressionTest1)]
display-name: test0890
]]></system-out>
</testcase>
<testcase name="test1152" classname="RegressionTest2" time="0">
<system-out><![CDATA[
unique-id: [engine:junit-vintage]/[runner:RegressionTest]/[test:RegressionTest2]/[test:test1152(RegressionTest2)]
display-name: test1152
]]></system-out>
</testcase>
<testcase name="test1355" classname="RegressionTest2" time="0">
<system-out><![CDATA[
unique-id: [engine:junit-vintage]/[runner:RegressionTest]/[test:RegressionTest2]/[test:test1355(RegressionTest2)]
display-name: test1355
]]></system-out>
</testcase>
<testcase name="test2018" classname="RegressionTest4" time="0">
<system-out><![CDATA[
unique-id: [engine:junit-vintage]/[runner:RegressionTest]/[test:RegressionTest4]/[test:test2018(RegressionTest4)]
display-name: test2018
]]></system-out>
</testcase>
<testcase name="test0150" classname="RegressionTest0" time="0">
<system-out><![CDATA[
unique-id: [engine:junit-vintage]/[runner:RegressionTest]/[test:RegressionTest0]/[test:test0150(RegressionTest0)]
display-name: test0150
]]></system-out>
</testcase>
<testcase name="test1260" classname="RegressionTest2" time="0">
<system-out><![CDATA[
unique-id: [engine:junit-vintage]/[runner:RegressionTest]/[test:RegressionTest2]/[test:test1260(RegressionTest2)]
display-name: test1260
]]></system-out>
</testcase>
<testcase name="test0137" classname="RegressionTest0" time="0">
<system-out><![CDATA[
unique-id: [engine:junit-vintage]/[runner:RegressionTest]/[test:RegressionTest0]/[test:test0137(RegressionTest0)]
display-name: test0137
]]></system-out>
</testcase>
<testcase name="test0909" classname="RegressionTest1" time="0">
<system-out><![CDATA[
unique-id: [engine:junit-vintage]/[runner:RegressionTest]/[test:RegressionTest1]/[test:test0909(RegressionTest1)]
display-name: test0909
]]></system-out>
</testcase>
<testcase name="test0576" classname="RegressionTest1" time="0">
<system-out><![CDATA[
unique-id: [engine:junit-vintage]/[runner:RegressionTest]/[test:RegressionTest1]/[test:test0576(RegressionTest1)]
display-name: test0576
]]></system-out>
</testcase>
<testcase name="test1806" classname="RegressionTest3" time="0">
<system-out><![CDATA[
unique-id: [engine:junit-vintage]/[runner:RegressionTest]/[test:RegressionTest3]/[test:test1806(RegressionTest3)]
display-name: test1806
]]></system-out>
</testcase>
<testcase name="test2437" classname="RegressionTest4" time="0">
<system-out><![CDATA[
unique-id: [engine:junit-vintage]/[runner:RegressionTest]/[test:RegressionTest4]/[test:test2437(RegressionTest4)]
display-name: test2437
]]></system-out>
</testcase>
<testcase name="test0541" classname="RegressionTest1" time="0">
<system-out><![CDATA[
unique-id: [engine:junit-vintage]/[runner:RegressionTest]/[test:RegressionTest1]/[test:test0541(RegressionTest1)]
display-name: test0541
]]></system-out>
</testcase>
<testcase name="test2402" classname="RegressionTest4" time="0">
<system-out><![CDATA[
unique-id: [engine:junit-vintage]/[runner:RegressionTest]/[test:RegressionTest4]/[test:test2402(RegressionTest4)]
display-name: test2402
]]></system-out>
</testcase>
<testcase name="test1365" classname="RegressionTest2" time="0">
<system-out><![CDATA[
unique-id: [engine:junit-vintage]/[runner:RegressionTest]/[test:RegressionTest2]/[test:test1365(RegressionTest2)]
display-name: test1365
]]></system-out>
</testcase>
<testcase name="test1209" classname="RegressionTest2" time="0">
<system-out><![CDATA[
unique-id: [engine:junit-vintage]/[runner:RegressionTest]/[test:RegressionTest2]/[test:test1209(RegressionTest2)]
display-name: test1209
]]></system-out>
</testcase>
<testcase name="test2545" classname="RegressionTest5" time="0">
<system-out><![CDATA[
unique-id: [engine:junit-vintage]/[runner:RegressionTest]/[test:RegressionTest5]/[test:test2545(RegressionTest5)]
display-name: test2545
]]></system-out>
</testcase>
<testcase name="test1987" classname="RegressionTest3" time="0">
<system-out><![CDATA[
unique-id: [engine:junit-vintage]/[runner:RegressionTest]/[test:RegressionTest3]/[test:test1987(RegressionTest3)]
display-name: test1987
]]></system-out>
</testcase>
<testcase name="test2297" classname="RegressionTest4" time="0">
<system-out><![CDATA[
unique-id: [engine:junit-vintage]/[runner:RegressionTest]/[test:RegressionTest4]/[test:test2297(RegressionTest4)]
display-name: test2297
]]></system-out>
</testcase>
<testcase name="test0090" classname="RegressionTest0" time="0">
<system-out><![CDATA[
unique-id: [engine:junit-vintage]/[runner:RegressionTest]/[test:RegressionTest0]/[test:test0090(RegressionTest0)]
display-name: test0090
]]></system-out>
</testcase>
<testcase name="test1219" classname="RegressionTest2" time="0">
<system-out><![CDATA[
unique-id: [engine:junit-vintage]/[runner:RegressionTest]/[test:RegressionTest2]/[test:test1219(RegressionTest2)]
display-name: test1219
]]></system-out>
</testcase>
<testcase name="test1962" classname="RegressionTest3" time="0">
<system-out><![CDATA[
unique-id: [engine:junit-vintage]/[runner:RegressionTest]/[test:RegressionTest3]/[test:test1962(RegressionTest3)]
display-name: test1962
]]></system-out>
</testcase>
<testcase name="test2116" classname="RegressionTest4" time="0">
<system-out><![CDATA[
unique-id: [engine:junit-vintage]/[runner:RegressionTest]/[test:RegressionTest4]/[test:test2116(RegressionTest4)]
display-name: test2116
]]></system-out>
</testcase>
<testcase name="test0769" classname="RegressionTest1" time="0">
<system-out><![CDATA[
unique-id: [engine:junit-vintage]/[runner:RegressionTest]/[test:RegressionTest1]/[test:test0769(RegressionTest1)]
display-name: test0769
]]></system-out>
</testcase>
<testcase name="test2094" classname="RegressionTest4" time="0">
<system-out><![CDATA[
unique-id: [engine:junit-vintage]/[runner:RegressionTest]/[test:RegressionTest4]/[test:test2094(RegressionTest4)]
display-name: test2094
]]></system-out>
</testcase>
<testcase name="test2520" classname="RegressionTest5" time="0">
<system-out><![CDATA[
unique-id: [engine:junit-vintage]/[runner:RegressionTest]/[test:RegressionTest5]/[test:test2520(RegressionTest5)]
display-name: test2520
]]></system-out>
</testcase>
<testcase name="test1197" classname="RegressionTest2" time="0">
<system-out><![CDATA[
unique-id: [engine:junit-vintage]/[runner:RegressionTest]/[test:RegressionTest2]/[test:test1197(RegressionTest2)]
display-name: test1197
]]></system-out>
</testcase>
<testcase name="test1162" classname="RegressionTest2" time="0">
<system-out><![CDATA[
unique-id: [engine:junit-vintage]/[runner:RegressionTest]/[test:RegressionTest2]/[test:test1162(RegressionTest2)]
display-name: test1162
]]></system-out>
</testcase>
<testcase name="test1997" classname="RegressionTest3" time="0">
<system-out><![CDATA[
unique-id: [engine:junit-vintage]/[runner:RegressionTest]/[test:RegressionTest3]/[test:test1997(RegressionTest3)]
display-name: test1997
]]></system-out>
</testcase>
<testcase name="test1079" classname="RegressionTest2" time="0">
<system-out><![CDATA[
unique-id: [engine:junit-vintage]/[runner:RegressionTest]/[test:RegressionTest2]/[test:test1079(RegressionTest2)]
display-name: test1079
]]></system-out>
</testcase>
<testcase name="test0887" classname="RegressionTest1" time="0">
<system-out><![CDATA[
unique-id: [engine:junit-vintage]/[runner:RegressionTest]/[test:RegressionTest1]/[test:test0887(RegressionTest1)]
display-name: test0887
]]></system-out>
</testcase>
<testcase name="test1340" classname="RegressionTest2" time="0">
<system-out><![CDATA[
unique-id: [engine:junit-vintage]/[runner:RegressionTest]/[test:RegressionTest2]/[test:test1340(RegressionTest2)]
display-name: test1340
]]></system-out>
</testcase>
<testcase name="test0230" classname="RegressionTest0" time="0">
<system-out><![CDATA[
unique-id: [engine:junit-vintage]/[runner:RegressionTest]/[test:RegressionTest0]/[test:test0230(RegressionTest0)]
display-name: test0230
]]></system-out>
</testcase>
<testcase name="test1187" classname="RegressionTest2" time="0">
<system-out><![CDATA[
unique-id: [engine:junit-vintage]/[runner:RegressionTest]/[test:RegressionTest2]/[test:test1187(RegressionTest2)]
display-name: test1187
]]></system-out>
</testcase>
<testcase name="test0112" classname="RegressionTest0" time="0">
<system-out><![CDATA[
unique-id: [engine:junit-vintage]/[runner:RegressionTest]/[test:RegressionTest0]/[test:test0112(RegressionTest0)]
display-name: test0112
]]></system-out>
</testcase>
<testcase name="test0706" classname="RegressionTest1" time="0">
<system-out><![CDATA[
unique-id: [engine:junit-vintage]/[runner:RegressionTest]/[test:RegressionTest1]/[test:test0706(RegressionTest1)]
display-name: test0706
]]></system-out>
</testcase>
<testcase name="test1676" classname="RegressionTest3" time="0">
<system-out><![CDATA[
unique-id: [engine:junit-vintage]/[runner:RegressionTest]/[test:RegressionTest3]/[test:test1676(RegressionTest3)]
display-name: test1676
]]></system-out>
</testcase>
<testcase name="test0423" classname="RegressionTest0" time="0">
<system-out><![CDATA[
unique-id: [engine:junit-vintage]/[runner:RegressionTest]/[test:RegressionTest0]/[test:test0423(RegressionTest0)]
display-name: test0423
]]></system-out>
</testcase>
<testcase name="test0566" classname="RegressionTest1" time="0">
<system-out><![CDATA[
unique-id: [engine:junit-vintage]/[runner:RegressionTest]/[test:RegressionTest1]/[test:test0566(RegressionTest1)]
display-name: test0566
]]></system-out>
</testcase>
<testcase name="test0779" classname="RegressionTest1" time="0">
<system-out><![CDATA[
unique-id: [engine:junit-vintage]/[runner:RegressionTest]/[test:RegressionTest1]/[test:test0779(RegressionTest1)]
display-name: test0779
]]></system-out>
</testcase>
<testcase name="test1603" classname="RegressionTest3" time="0">
<system-out><![CDATA[
unique-id: [engine:junit-vintage]/[runner:RegressionTest]/[test:RegressionTest3]/[test:test1603(RegressionTest3)]
display-name: test1603
]]></system-out>
</testcase>
<testcase name="test1816" classname="RegressionTest3" time="0">
<system-out><![CDATA[
unique-id: [engine:junit-vintage]/[runner:RegressionTest]/[test:RegressionTest3]/[test:test1816(RegressionTest3)]
display-name: test1816
]]></system-out>
</testcase>
<testcase name="test2319" classname="RegressionTest4" time="0">
<system-out><![CDATA[
unique-id: [engine:junit-vintage]/[runner:RegressionTest]/[test:RegressionTest4]/[test:test2319(RegressionTest4)]
display-name: test2319
]]></system-out>
</testcase>
<testcase name="test2691" classname="RegressionTest5" time="0">
<system-out><![CDATA[
unique-id: [engine:junit-vintage]/[runner:RegressionTest]/[test:RegressionTest5]/[test:test2691(RegressionTest5)]
display-name: test2691
]]></system-out>
</testcase>
<testcase name="test1591" classname="RegressionTest3" time="0">
<system-out><![CDATA[
unique-id: [engine:junit-vintage]/[runner:RegressionTest]/[test:RegressionTest3]/[test:test1591(RegressionTest3)]
display-name: test1591
]]></system-out>
</testcase>
<testcase name="test0315" classname="RegressionTest0" time="0">
<system-out><![CDATA[
unique-id: [engine:junit-vintage]/[runner:RegressionTest]/[test:RegressionTest0]/[test:test0315(RegressionTest0)]
display-name: test0315
]]></system-out>
</testcase>
<testcase name="test1613" classname="RegressionTest3" time="0">
<system-out><![CDATA[
unique-id: [engine:junit-vintage]/[runner:RegressionTest]/[test:RegressionTest3]/[test:test1613(RegressionTest3)]
display-name: test1613
]]></system-out>
</testcase>
<testcase name="test1794" classname="RegressionTest3" time="0">
<system-out><![CDATA[
unique-id: [engine:junit-vintage]/[runner:RegressionTest]/[test:RegressionTest3]/[test:test1794(RegressionTest3)]
display-name: test1794
]]></system-out>
</testcase>
<testcase name="test1686" classname="RegressionTest3" time="0">
<system-out><![CDATA[
unique-id: [engine:junit-vintage]/[runner:RegressionTest]/[test:RegressionTest3]/[test:test1686(RegressionTest3)]
display-name: test1686
]]></system-out>
</testcase>
<testcase name="test0220" classname="RegressionTest0" time="0">
<system-out><![CDATA[
unique-id: [engine:junit-vintage]/[runner:RegressionTest]/[test:RegressionTest0]/[test:test0220(RegressionTest0)]
display-name: test0220
]]></system-out>
</testcase>
<testcase name="test0433" classname="RegressionTest0" time="0">
<system-out><![CDATA[
unique-id: [engine:junit-vintage]/[runner:RegressionTest]/[test:RegressionTest0]/[test:test0433(RegressionTest0)]
display-name: test0433
]]></system-out>
</testcase>
<testcase name="test1330" classname="RegressionTest2" time="0">
<system-out><![CDATA[
unique-id: [engine:junit-vintage]/[runner:RegressionTest]/[test:RegressionTest2]/[test:test1330(RegressionTest2)]
display-name: test1330
]]></system-out>
</testcase>
<testcase name="test2440" classname="RegressionTest4" time="0">
<system-out><![CDATA[
unique-id: [engine:junit-vintage]/[runner:RegressionTest]/[test:RegressionTest4]/[test:test2440(RegressionTest4)]
display-name: test2440
]]></system-out>
</testcase>
<testcase name="test2510" classname="RegressionTest5" time="0">
<system-out><![CDATA[
unique-id: [engine:junit-vintage]/[runner:RegressionTest]/[test:RegressionTest5]/[test:test2510(RegressionTest5)]
display-name: test2510
]]></system-out>
</testcase>
<testcase name="test0293" classname="RegressionTest0" time="0">
<system-out><![CDATA[
unique-id: [engine:junit-vintage]/[runner:RegressionTest]/[test:RegressionTest0]/[test:test0293(RegressionTest0)]
display-name: test0293
]]></system-out>
</testcase>
<testcase name="test2427" classname="RegressionTest4" time="0">
<system-out><![CDATA[
unique-id: [engine:junit-vintage]/[runner:RegressionTest]/[test:RegressionTest4]/[test:test2427(RegressionTest4)]
display-name: test2427
]]></system-out>
</testcase>
<testcase name="test2583" classname="RegressionTest5" time="0">
<system-out><![CDATA[
unique-id: [engine:junit-vintage]/[runner:RegressionTest]/[test:RegressionTest5]/[test:test2583(RegressionTest5)]
display-name: test2583
]]></system-out>
</testcase>
<testcase name="test0947" classname="RegressionTest1" time="0">
<system-out><![CDATA[
unique-id: [engine:junit-vintage]/[runner:RegressionTest]/[test:RegressionTest1]/[test:test0947(RegressionTest1)]
display-name: test0947
]]></system-out>
</testcase>
<testcase name="test1949" classname="RegressionTest3" time="0">
<system-out><![CDATA[
unique-id: [engine:junit-vintage]/[runner:RegressionTest]/[test:RegressionTest3]/[test:test1949(RegressionTest3)]
display-name: test1949
]]></system-out>
</testcase>
<testcase name="test0684" classname="RegressionTest1" time="0">
<system-out><![CDATA[
unique-id: [engine:junit-vintage]/[runner:RegressionTest]/[test:RegressionTest1]/[test:test0684(RegressionTest1)]
display-name: test0684
]]></system-out>
</testcase>
<testcase name="test0471" classname="RegressionTest0" time="0">
<system-out><![CDATA[
unique-id: [engine:junit-vintage]/[runner:RegressionTest]/[test:RegressionTest0]/[test:test0471(RegressionTest0)]
display-name: test0471
]]></system-out>
</testcase>
<testcase name="test2475" classname="RegressionTest4" time="0">
<system-out><![CDATA[
unique-id: [engine:junit-vintage]/[runner:RegressionTest]/[test:RegressionTest4]/[test:test2475(RegressionTest4)]
display-name: test2475
]]></system-out>
</testcase>
<testcase name="test1222" classname="RegressionTest2" time="0">
<system-out><![CDATA[
unique-id: [engine:junit-vintage]/[runner:RegressionTest]/[test:RegressionTest2]/[test:test1222(RegressionTest2)]
display-name: test1222
]]></system-out>
</testcase>
<testcase name="test2224" classname="RegressionTest4" time="0">
<system-out><![CDATA[
unique-id: [engine:junit-vintage]/[runner:RegressionTest]/[test:RegressionTest4]/[test:test2224(RegressionTest4)]
display-name: test2224
]]></system-out>
</testcase>
<testcase name="test0052" classname="RegressionTest0" time="0">
<system-out><![CDATA[
unique-id: [engine:junit-vintage]/[runner:RegressionTest]/[test:RegressionTest0]/[test:test0052(RegressionTest0)]
display-name: test0052
]]></system-out>
</testcase>
<testcase name="test1257" classname="RegressionTest2" time="0">
<system-out><![CDATA[
unique-id: [engine:junit-vintage]/[runner:RegressionTest]/[test:RegressionTest2]/[test:test1257(RegressionTest2)]
display-name: test1257
]]></system-out>
</testcase>
<testcase name="test0922" classname="RegressionTest1" time="0">
<system-out><![CDATA[
unique-id: [engine:junit-vintage]/[runner:RegressionTest]/[test:RegressionTest1]/[test:test0922(RegressionTest1)]
display-name: test0922
]]></system-out>
</testcase>
<testcase name="test1924" classname="RegressionTest3" time="0">
<system-out><![CDATA[
unique-id: [engine:junit-vintage]/[runner:RegressionTest]/[test:RegressionTest3]/[test:test1924(RegressionTest3)]
display-name: test1924
]]></system-out>
</testcase>
<testcase name="test2259" classname="RegressionTest4" time="0">
<system-out><![CDATA[
unique-id: [engine:junit-vintage]/[runner:RegressionTest]/[test:RegressionTest4]/[test:test2259(RegressionTest4)]
display-name: test2259
]]></system-out>
</testcase>
<testcase name="test1054" classname="RegressionTest2" time="0">
<system-out><![CDATA[
unique-id: [engine:junit-vintage]/[runner:RegressionTest]/[test:RegressionTest2]/[test:test1054(RegressionTest2)]
display-name: test1054
]]></system-out>
</testcase>
<testcase name="test2008" classname="RegressionTest4" time="0">
<system-out><![CDATA[
unique-id: [engine:junit-vintage]/[runner:RegressionTest]/[test:RegressionTest4]/[test:test2008(RegressionTest4)]
display-name: test2008
]]></system-out>
</testcase>
<testcase name="test0852" classname="RegressionTest1" time="0">
<system-out><![CDATA[
unique-id: [engine:junit-vintage]/[runner:RegressionTest]/[test:RegressionTest1]/[test:test0852(RegressionTest1)]
display-name: test0852
]]></system-out>
</testcase>
<testcase name="test1854" classname="RegressionTest3" time="0">
<system-out><![CDATA[
unique-id: [engine:junit-vintage]/[runner:RegressionTest]/[test:RegressionTest3]/[test:test1854(RegressionTest3)]
display-name: test1854
]]></system-out>
</testcase>
<testcase name="test2189" classname="RegressionTest4" time="0">
<system-out><![CDATA[
unique-id: [engine:junit-vintage]/[runner:RegressionTest]/[test:RegressionTest4]/[test:test2189(RegressionTest4)]
display-name: test2189
]]></system-out>
</testcase>
<testcase name="test0039" classname="RegressionTest0" time="0">
<system-out><![CDATA[
unique-id: [engine:junit-vintage]/[runner:RegressionTest]/[test:RegressionTest0]/[test:test0039(RegressionTest0)]
display-name: test0039
]]></system-out>
</testcase>
<testcase name="test1006" classname="RegressionTest2" time="0">
<system-out><![CDATA[
unique-id: [engine:junit-vintage]/[runner:RegressionTest]/[test:RegressionTest2]/[test:test1006(RegressionTest2)]
display-name: test1006
]]></system-out>
</testcase>
<testcase name="test2272" classname="RegressionTest4" time="0">
<system-out><![CDATA[
unique-id: [engine:junit-vintage]/[runner:RegressionTest]/[test:RegressionTest4]/[test:test2272(RegressionTest4)]
display-name: test2272
]]></system-out>
</testcase>
<testcase name="test1270" classname="RegressionTest2" time="0">
<system-out><![CDATA[
unique-id: [engine:junit-vintage]/[runner:RegressionTest]/[test:RegressionTest2]/[test:test1270(RegressionTest2)]
display-name: test1270
]]></system-out>
</testcase>
<testcase name="test0744" classname="RegressionTest1" time="0">
<system-out><![CDATA[
unique-id: [engine:junit-vintage]/[runner:RegressionTest]/[test:RegressionTest1]/[test:test0744(RegressionTest1)]
display-name: test0744
]]></system-out>
</testcase>
<testcase name="test1638" classname="RegressionTest3" time="0">
<system-out><![CDATA[
unique-id: [engine:junit-vintage]/[runner:RegressionTest]/[test:RegressionTest3]/[test:test1638(RegressionTest3)]
display-name: test1638
]]></system-out>
</testcase>
<testcase name="test2021" classname="RegressionTest4" time="0">
<system-out><![CDATA[
unique-id: [engine:junit-vintage]/[runner:RegressionTest]/[test:RegressionTest4]/[test:test2021(RegressionTest4)]
display-name: test2021
]]></system-out>
</testcase>
<testcase name="test0147" classname="RegressionTest0" time="0">
<system-out><![CDATA[
unique-id: [engine:junit-vintage]/[runner:RegressionTest]/[test:RegressionTest0]/[test:test0147(RegressionTest0)]
display-name: test0147
]]></system-out>
</testcase>
<testcase name="test0160" classname="RegressionTest0" time="0">
<system-out><![CDATA[
unique-id: [engine:junit-vintage]/[runner:RegressionTest]/[test:RegressionTest0]/[test:test0160(RegressionTest0)]
display-name: test0160
]]></system-out>
</testcase>
<testcase name="test2380" classname="RegressionTest4" time="0">
<system-out><![CDATA[
unique-id: [engine:junit-vintage]/[runner:RegressionTest]/[test:RegressionTest4]/[test:test2380(RegressionTest4)]
display-name: test2380
]]></system-out>
</testcase>
<testcase name="test0636" classname="RegressionTest1" time="0">
<system-out><![CDATA[
unique-id: [engine:junit-vintage]/[runner:RegressionTest]/[test:RegressionTest1]/[test:test0636(RegressionTest1)]
display-name: test0636
]]></system-out>
</testcase>
<testcase name="test1746" classname="RegressionTest3" time="0">
<system-out><![CDATA[
unique-id: [engine:junit-vintage]/[runner:RegressionTest]/[test:RegressionTest3]/[test:test1746(RegressionTest3)]
display-name: test1746
]]></system-out>
</testcase>
<testcase name="test0255" classname="RegressionTest0" time="0">
<system-out><![CDATA[
unique-id: [engine:junit-vintage]/[runner:RegressionTest]/[test:RegressionTest0]/[test:test0255(RegressionTest0)]
display-name: test0255
]]></system-out>
</testcase>
<testcase name="test1651" classname="RegressionTest3" time="0">
<system-out><![CDATA[
unique-id: [engine:junit-vintage]/[runner:RegressionTest]/[test:RegressionTest3]/[test:test1651(RegressionTest3)]
display-name: test1651
]]></system-out>
</testcase>
<testcase name="test0458" classname="RegressionTest0" time="0">
<system-out><![CDATA[
unique-id: [engine:junit-vintage]/[runner:RegressionTest]/[test:RegressionTest0]/[test:test0458(RegressionTest0)]
display-name: test0458
]]></system-out>
</testcase>
<testcase name="test1543" classname="RegressionTest3" time="0">
<system-out><![CDATA[
unique-id: [engine:junit-vintage]/[runner:RegressionTest]/[test:RegressionTest3]/[test:test1543(RegressionTest3)]
display-name: test1543
]]></system-out>
</testcase>
<testcase name="test0528" classname="RegressionTest1" time="0">
<system-out><![CDATA[
unique-id: [engine:junit-vintage]/[runner:RegressionTest]/[test:RegressionTest1]/[test:test0528(RegressionTest1)]
display-name: test0528
]]></system-out>
</testcase>
<testcase name="test0363" classname="RegressionTest0" time="0">
<system-out><![CDATA[
unique-id: [engine:junit-vintage]/[runner:RegressionTest]/[test:RegressionTest0]/[test:test0363(RegressionTest0)]
display-name: test0363
]]></system-out>
</testcase>
<testcase name="test1400" classname="RegressionTest2" time="0">
<system-out><![CDATA[
unique-id: [engine:junit-vintage]/[runner:RegressionTest]/[test:RegressionTest2]/[test:test1400(RegressionTest2)]
display-name: test1400
]]></system-out>
</testcase>
<testcase name="test2653" classname="RegressionTest5" time="0">
<system-out><![CDATA[
unique-id: [engine:junit-vintage]/[runner:RegressionTest]/[test:RegressionTest5]/[test:test2653(RegressionTest5)]
display-name: test2653
]]></system-out>
</testcase>
<testcase name="test1473" classname="RegressionTest2" time="0">
<system-out><![CDATA[
unique-id: [engine:junit-vintage]/[runner:RegressionTest]/[test:RegressionTest2]/[test:test1473(RegressionTest2)]
display-name: test1473
]]></system-out>
</testcase>
<testcase name="test2470" classname="RegressionTest4" time="0">
<system-out><![CDATA[
unique-id: [engine:junit-vintage]/[runner:RegressionTest]/[test:RegressionTest4]/[test:test2470(RegressionTest4)]
display-name: test2470
]]></system-out>
</testcase>
<testcase name="test0717" classname="RegressionTest1" time="0">
<system-out><![CDATA[
unique-id: [engine:junit-vintage]/[runner:RegressionTest]/[test:RegressionTest1]/[test:test0717(RegressionTest1)]
display-name: test0717
]]></system-out>
</testcase>
<testcase name="test1527" classname="RegressionTest3" time="0">
<system-out><![CDATA[
unique-id: [engine:junit-vintage]/[runner:RegressionTest]/[test:RegressionTest3]/[test:test1527(RegressionTest3)]
display-name: test1527
]]></system-out>
</testcase>
<testcase name="test0646" classname="RegressionTest1" time="0">
<system-out><![CDATA[
unique-id: [engine:junit-vintage]/[runner:RegressionTest]/[test:RegressionTest1]/[test:test0646(RegressionTest1)]
display-name: test0646
]]></system-out>
</testcase>
<testcase name="test0014" classname="RegressionTest0" time="0.003">
<system-out><![CDATA[
unique-id: [engine:junit-vintage]/[runner:RegressionTest]/[test:RegressionTest0]/[test:test0014(RegressionTest0)]
display-name: test0014
]]></system-out>
</testcase>
<testcase name="test0540" classname="RegressionTest1" time="0">
<system-out><![CDATA[
unique-id: [engine:junit-vintage]/[runner:RegressionTest]/[test:RegressionTest1]/[test:test0540(RegressionTest1)]
display-name: test0540
]]></system-out>
</testcase>
<testcase name="test0518" classname="RegressionTest1" time="0">
<system-out><![CDATA[
unique-id: [engine:junit-vintage]/[runner:RegressionTest]/[test:RegressionTest1]/[test:test0518(RegressionTest1)]
display-name: test0518
]]></system-out>
</testcase>
<testcase name="test2607" classname="RegressionTest5" time="0">
<system-out><![CDATA[
unique-id: [engine:junit-vintage]/[runner:RegressionTest]/[test:RegressionTest5]/[test:test2607(RegressionTest5)]
display-name: test2607
]]></system-out>
</testcase>
<testcase name="test2342" classname="RegressionTest4" time="0">
<system-out><![CDATA[
unique-id: [engine:junit-vintage]/[runner:RegressionTest]/[test:RegressionTest4]/[test:test2342(RegressionTest4)]
display-name: test2342
]]></system-out>
</testcase>
<testcase name="test0774" classname="RegressionTest1" time="0">
<system-out><![CDATA[
unique-id: [engine:junit-vintage]/[runner:RegressionTest]/[test:RegressionTest1]/[test:test0774(RegressionTest1)]
display-name: test0774
]]></system-out>
</testcase>
<testcase name="test1584" classname="RegressionTest3" time="0">
<system-out><![CDATA[
unique-id: [engine:junit-vintage]/[runner:RegressionTest]/[test:RegressionTest3]/[test:test1584(RegressionTest3)]
display-name: test1584
]]></system-out>
</testcase>
<testcase name="test0177" classname="RegressionTest0" time="0">
<system-out><![CDATA[
unique-id: [engine:junit-vintage]/[runner:RegressionTest]/[test:RegressionTest0]/[test:test0177(RegressionTest0)]
display-name: test0177
]]></system-out>
</testcase>
<testcase name="test2209" classname="RegressionTest4" time="0">
<system-out><![CDATA[
unique-id: [engine:junit-vintage]/[runner:RegressionTest]/[test:RegressionTest4]/[test:test2209(RegressionTest4)]
display-name: test2209
]]></system-out>
</testcase>
<testcase name="test2377" classname="RegressionTest4" time="0">
<system-out><![CDATA[
unique-id: [engine:junit-vintage]/[runner:RegressionTest]/[test:RegressionTest4]/[test:test2377(RegressionTest4)]
display-name: test2377
]]></system-out>
</testcase>
<testcase name="test2448" classname="RegressionTest4" time="0">
<system-out><![CDATA[
unique-id: [engine:junit-vintage]/[runner:RegressionTest]/[test:RegressionTest4]/[test:test2448(RegressionTest4)]
display-name: test2448
]]></system-out>
</testcase>
<testcase name="test0845" classname="RegressionTest1" time="0">
<system-out><![CDATA[
unique-id: [engine:junit-vintage]/[runner:RegressionTest]/[test:RegressionTest1]/[test:test0845(RegressionTest1)]
display-name: test0845
]]></system-out>
</testcase>
<testcase name="test1655" classname="RegressionTest3" time="0">
<system-out><![CDATA[
unique-id: [engine:junit-vintage]/[runner:RegressionTest]/[test:RegressionTest3]/[test:test1655(RegressionTest3)]
display-name: test1655
]]></system-out>
</testcase>
<testcase name="test2143" classname="RegressionTest4" time="0">
<system-out><![CDATA[
unique-id: [engine:junit-vintage]/[runner:RegressionTest]/[test:RegressionTest4]/[test:test2143(RegressionTest4)]
display-name: test2143
]]></system-out>
</testcase>
<testcase name="test1333" classname="RegressionTest2" time="0">
<system-out><![CDATA[
unique-id: [engine:junit-vintage]/[runner:RegressionTest]/[test:RegressionTest2]/[test:test1333(RegressionTest2)]
display-name: test1333
]]></system-out>
</testcase>
<testcase name="test1889" classname="RegressionTest3" time="0">
<system-out><![CDATA[
unique-id: [engine:junit-vintage]/[runner:RegressionTest]/[test:RegressionTest3]/[test:test1889(RegressionTest3)]
display-name: test1889
]]></system-out>
</testcase>
<testcase name="test1894" classname="RegressionTest3" time="0">
<system-out><![CDATA[
unique-id: [engine:junit-vintage]/[runner:RegressionTest]/[test:RegressionTest3]/[test:test1894(RegressionTest3)]
display-name: test1894
]]></system-out>
</testcase>
<testcase name="test1726" classname="RegressionTest3" time="0">
<system-out><![CDATA[
unique-id: [engine:junit-vintage]/[runner:RegressionTest]/[test:RegressionTest3]/[test:test1726(RegressionTest3)]
display-name: test1726
]]></system-out>
</testcase>
<testcase name="test2536" classname="RegressionTest5" time="0">
<system-out><![CDATA[
unique-id: [engine:junit-vintage]/[runner:RegressionTest]/[test:RegressionTest5]/[test:test2536(RegressionTest5)]
display-name: test2536
]]></system-out>
</testcase>
<testcase name="test0916" classname="RegressionTest1" time="0">
<system-out><![CDATA[
unique-id: [engine:junit-vintage]/[runner:RegressionTest]/[test:RegressionTest1]/[test:test0916(RegressionTest1)]
display-name: test0916
]]></system-out>
</testcase>
<testcase name="test1461" classname="RegressionTest2" time="0">
<system-out><![CDATA[
unique-id: [engine:junit-vintage]/[runner:RegressionTest]/[test:RegressionTest2]/[test:test1461(RegressionTest2)]
display-name: test1461
]]></system-out>
</testcase>
<testcase name="test2271" classname="RegressionTest4" time="0">
<system-out><![CDATA[
unique-id: [engine:junit-vintage]/[runner:RegressionTest]/[test:RegressionTest4]/[test:test2271(RegressionTest4)]
display-name: test2271
]]></system-out>
</testcase>
<testcase name="test0049" classname="RegressionTest0" time="0">
<system-out><![CDATA[
unique-id: [engine:junit-vintage]/[runner:RegressionTest]/[test:RegressionTest0]/[test:test0049(RegressionTest0)]
display-name: test0049
]]></system-out>
</testcase>
<testcase name="test1965" classname="RegressionTest3" time="0">
<system-out><![CDATA[
unique-id: [engine:junit-vintage]/[runner:RegressionTest]/[test:RegressionTest3]/[test:test1965(RegressionTest3)]
display-name: test1965
]]></system-out>
</testcase>
<testcase name="test0611" classname="RegressionTest1" time="0">
<system-out><![CDATA[
unique-id: [engine:junit-vintage]/[runner:RegressionTest]/[test:RegressionTest1]/[test:test0611(RegressionTest1)]
display-name: test0611
]]></system-out>
</testcase>
<testcase name="test1390" classname="RegressionTest2" time="0">
<system-out><![CDATA[
unique-id: [engine:junit-vintage]/[runner:RegressionTest]/[test:RegressionTest2]/[test:test1390(RegressionTest2)]
display-name: test1390
]]></system-out>
</testcase>
<testcase name="test0850" classname="RegressionTest1" time="0">
<system-out><![CDATA[
unique-id: [engine:junit-vintage]/[runner:RegressionTest]/[test:RegressionTest1]/[test:test0850(RegressionTest1)]
display-name: test0850
]]></system-out>
</testcase>
<testcase name="test1660" classname="RegressionTest3" time="0">
<system-out><![CDATA[
unique-id: [engine:junit-vintage]/[runner:RegressionTest]/[test:RegressionTest3]/[test:test1660(RegressionTest3)]
display-name: test1660
]]></system-out>
</testcase>
<testcase name="test1404" classname="RegressionTest2" time="0">
<system-out><![CDATA[
unique-id: [engine:junit-vintage]/[runner:RegressionTest]/[test:RegressionTest2]/[test:test1404(RegressionTest2)]
display-name: test1404
]]></system-out>
</testcase>
<testcase name="test2214" classname="RegressionTest4" time="0">
<system-out><![CDATA[
unique-id: [engine:junit-vintage]/[runner:RegressionTest]/[test:RegressionTest4]/[test:test2214(RegressionTest4)]
display-name: test2214
]]></system-out>
</testcase>
<testcase name="test1080" classname="RegressionTest2" time="0">
<system-out><![CDATA[
unique-id: [engine:junit-vintage]/[runner:RegressionTest]/[test:RegressionTest2]/[test:test1080(RegressionTest2)]
display-name: test1080
]]></system-out>
</testcase>
<testcase name="test1169" classname="RegressionTest2" time="0">
<system-out><![CDATA[
unique-id: [engine:junit-vintage]/[runner:RegressionTest]/[test:RegressionTest2]/[test:test1169(RegressionTest2)]
display-name: test1169
]]></system-out>
</testcase>
<testcase name="test2337" classname="RegressionTest4" time="0">
<system-out><![CDATA[
unique-id: [engine:junit-vintage]/[runner:RegressionTest]/[test:RegressionTest4]/[test:test2337(RegressionTest4)]
display-name: test2337
]]></system-out>
</testcase>
<testcase name="test0270" classname="RegressionTest0" time="0">
<system-out><![CDATA[
unique-id: [engine:junit-vintage]/[runner:RegressionTest]/[test:RegressionTest0]/[test:test0270(RegressionTest0)]
display-name: test0270
]]></system-out>
</testcase>
<testcase name="test0885" classname="RegressionTest1" time="0">
<system-out><![CDATA[
unique-id: [engine:junit-vintage]/[runner:RegressionTest]/[test:RegressionTest1]/[test:test0885(RegressionTest1)]
display-name: test0885
]]></system-out>
</testcase>
<testcase name="test0288" classname="RegressionTest0" time="0">
<system-out><![CDATA[
unique-id: [engine:junit-vintage]/[runner:RegressionTest]/[test:RegressionTest0]/[test:test0288(RegressionTest0)]
display-name: test0288
]]></system-out>
</testcase>
<testcase name="test0359" classname="RegressionTest0" time="0">
<system-out><![CDATA[
unique-id: [engine:junit-vintage]/[runner:RegressionTest]/[test:RegressionTest0]/[test:test0359(RegressionTest0)]
display-name: test0359
]]></system-out>
</testcase>
<testcase name="test1098" classname="RegressionTest2" time="0.001">
<system-out><![CDATA[
unique-id: [engine:junit-vintage]/[runner:RegressionTest]/[test:RegressionTest2]/[test:test1098(RegressionTest2)]
display-name: test1098
]]></system-out>
</testcase>
<testcase name="test1695" classname="RegressionTest3" time="0">
<system-out><![CDATA[
unique-id: [engine:junit-vintage]/[runner:RegressionTest]/[test:RegressionTest3]/[test:test1695(RegressionTest3)]
display-name: test1695
]]></system-out>
</testcase>
<testcase name="test1063" classname="RegressionTest2" time="0">
<system-out><![CDATA[
unique-id: [engine:junit-vintage]/[runner:RegressionTest]/[test:RegressionTest2]/[test:test1063(RegressionTest2)]
display-name: test1063
]]></system-out>
</testcase>
<testcase name="test0253" classname="RegressionTest0" time="0">
<system-out><![CDATA[
unique-id: [engine:junit-vintage]/[runner:RegressionTest]/[test:RegressionTest0]/[test:test0253(RegressionTest0)]
display-name: test0253
]]></system-out>
</testcase>
<testcase name="test1205" classname="RegressionTest2" time="0">
<system-out><![CDATA[
unique-id: [engine:junit-vintage]/[runner:RegressionTest]/[test:RegressionTest2]/[test:test1205(RegressionTest2)]
display-name: test1205
]]></system-out>
</testcase>
<testcase name="test2015" classname="RegressionTest4" time="0">
<system-out><![CDATA[
unique-id: [engine:junit-vintage]/[runner:RegressionTest]/[test:RegressionTest4]/[test:test2015(RegressionTest4)]
display-name: test2015
]]></system-out>
</testcase>
<testcase name="test1837" classname="RegressionTest3" time="0">
<system-out><![CDATA[
unique-id: [engine:junit-vintage]/[runner:RegressionTest]/[test:RegressionTest3]/[test:test1837(RegressionTest3)]
display-name: test1837
]]></system-out>
</testcase>
<testcase name="test2647" classname="RegressionTest5" time="0">
<system-out><![CDATA[
unique-id: [engine:junit-vintage]/[runner:RegressionTest]/[test:RegressionTest5]/[test:test2647(RegressionTest5)]
display-name: test2647
]]></system-out>
</testcase>
<testcase name="test0973" classname="RegressionTest1" time="0">
<system-out><![CDATA[
unique-id: [engine:junit-vintage]/[runner:RegressionTest]/[test:RegressionTest1]/[test:test0973(RegressionTest1)]
display-name: test0973
]]></system-out>
</testcase>
<testcase name="test1783" classname="RegressionTest3" time="0">
<system-out><![CDATA[
unique-id: [engine:junit-vintage]/[runner:RegressionTest]/[test:RegressionTest3]/[test:test1783(RegressionTest3)]
display-name: test1783
]]></system-out>
</testcase>
<testcase name="test2103" classname="RegressionTest4" time="0">
<system-out><![CDATA[
unique-id: [engine:junit-vintage]/[runner:RegressionTest]/[test:RegressionTest4]/[test:test2103(RegressionTest4)]
display-name: test2103
]]></system-out>
</testcase>
<testcase name="test2593" classname="RegressionTest5" time="0">
<system-out><![CDATA[
unique-id: [engine:junit-vintage]/[runner:RegressionTest]/[test:RegressionTest5]/[test:test2593(RegressionTest5)]
display-name: test2593
]]></system-out>
</testcase>
<testcase name="test0487" classname="RegressionTest0" time="0">
<system-out><![CDATA[
unique-id: [engine:junit-vintage]/[runner:RegressionTest]/[test:RegressionTest0]/[test:test0487(RegressionTest0)]
display-name: test0487
]]></system-out>
</testcase>
<testcase name="test1297" classname="RegressionTest2" time="0">
<system-out><![CDATA[
unique-id: [engine:junit-vintage]/[runner:RegressionTest]/[test:RegressionTest2]/[test:test1297(RegressionTest2)]
display-name: test1297
]]></system-out>
</testcase>
<testcase name="test2138" classname="RegressionTest4" time="0">
<system-out><![CDATA[
unique-id: [engine:junit-vintage]/[runner:RegressionTest]/[test:RegressionTest4]/[test:test2138(RegressionTest4)]
display-name: test2138
]]></system-out>
</testcase>
<testcase name="test1328" classname="RegressionTest2" time="0">
<system-out><![CDATA[
unique-id: [engine:junit-vintage]/[runner:RegressionTest]/[test:RegressionTest2]/[test:test1328(RegressionTest2)]
display-name: test1328
]]></system-out>
</testcase>
<testcase name="test1802" classname="RegressionTest3" time="0">
<system-out><![CDATA[
unique-id: [engine:junit-vintage]/[runner:RegressionTest]/[test:RegressionTest3]/[test:test1802(RegressionTest3)]
display-name: test1802
]]></system-out>
</testcase>
<testcase name="test2612" classname="RegressionTest5" time="0">
<system-out><![CDATA[
unique-id: [engine:junit-vintage]/[runner:RegressionTest]/[test:RegressionTest5]/[test:test2612(RegressionTest5)]
display-name: test2612
]]></system-out>
</testcase>
<testcase name="test0248" classname="RegressionTest0" time="0">
<system-out><![CDATA[
unique-id: [engine:junit-vintage]/[runner:RegressionTest]/[test:RegressionTest0]/[test:test0248(RegressionTest0)]
display-name: test0248
]]></system-out>
</testcase>
<testcase name="test0381" classname="RegressionTest0" time="0">
<system-out><![CDATA[
unique-id: [engine:junit-vintage]/[runner:RegressionTest]/[test:RegressionTest0]/[test:test0381(RegressionTest0)]
display-name: test0381
]]></system-out>
</testcase>
<testcase name="test1191" classname="RegressionTest2" time="0">
<system-out><![CDATA[
unique-id: [engine:junit-vintage]/[runner:RegressionTest]/[test:RegressionTest2]/[test:test1191(RegressionTest2)]
display-name: test1191
]]></system-out>
</testcase>
<testcase name="test0757" classname="RegressionTest1" time="0">
<system-out><![CDATA[
unique-id: [engine:junit-vintage]/[runner:RegressionTest]/[test:RegressionTest1]/[test:test0757(RegressionTest1)]
display-name: test0757
]]></system-out>
</testcase>
<testcase name="test1567" classname="RegressionTest3" time="0">
<system-out><![CDATA[
unique-id: [engine:junit-vintage]/[runner:RegressionTest]/[test:RegressionTest3]/[test:test1567(RegressionTest3)]
display-name: test1567
]]></system-out>
</testcase>
<testcase name="test1925" classname="RegressionTest3" time="0">
<system-out><![CDATA[
unique-id: [engine:junit-vintage]/[runner:RegressionTest]/[test:RegressionTest3]/[test:test1925(RegressionTest3)]
display-name: test1925
]]></system-out>
</testcase>
<testcase name="test1058" classname="RegressionTest2" time="0">
<system-out><![CDATA[
unique-id: [engine:junit-vintage]/[runner:RegressionTest]/[test:RegressionTest2]/[test:test1058(RegressionTest2)]
display-name: test1058
]]></system-out>
</testcase>
<testcase name="test1709" classname="RegressionTest3" time="0">
<system-out><![CDATA[
unique-id: [engine:junit-vintage]/[runner:RegressionTest]/[test:RegressionTest3]/[test:test1709(RegressionTest3)]
display-name: test1709
]]></system-out>
</testcase>
<testcase name="test2519" classname="RegressionTest5" time="0">
<system-out><![CDATA[
unique-id: [engine:junit-vintage]/[runner:RegressionTest]/[test:RegressionTest5]/[test:test2519(RegressionTest5)]
display-name: test2519
]]></system-out>
</testcase>
<testcase name="test0142" classname="RegressionTest0" time="0">
<system-out><![CDATA[
unique-id: [engine:junit-vintage]/[runner:RegressionTest]/[test:RegressionTest0]/[test:test0142(RegressionTest0)]
display-name: test0142
]]></system-out>
</testcase>
<testcase name="test2465" classname="RegressionTest4" time="0">
<system-out><![CDATA[
unique-id: [engine:junit-vintage]/[runner:RegressionTest]/[test:RegressionTest4]/[test:test2465(RegressionTest4)]
display-name: test2465
]]></system-out>
</testcase>
<testcase name="test0523" classname="RegressionTest1" time="0">
<system-out><![CDATA[
unique-id: [engine:junit-vintage]/[runner:RegressionTest]/[test:RegressionTest1]/[test:test0523(RegressionTest1)]
display-name: test0523
]]></system-out>
</testcase>
<testcase name="test0651" classname="RegressionTest1" time="0">
<system-out><![CDATA[
unique-id: [engine:junit-vintage]/[runner:RegressionTest]/[test:RegressionTest1]/[test:test0651(RegressionTest1)]
display-name: test0651
]]></system-out>
</testcase>
<testcase name="test1930" classname="RegressionTest3" time="0">
<system-out><![CDATA[
unique-id: [engine:junit-vintage]/[runner:RegressionTest]/[test:RegressionTest3]/[test:test1930(RegressionTest3)]
display-name: test1930
]]></system-out>
</testcase>
<testcase name="test1439" classname="RegressionTest2" time="0">
<system-out><![CDATA[
unique-id: [engine:junit-vintage]/[runner:RegressionTest]/[test:RegressionTest2]/[test:test1439(RegressionTest2)]
display-name: test1439
]]></system-out>
</testcase>
<testcase name="test2249" classname="RegressionTest4" time="0">
<system-out><![CDATA[
unique-id: [engine:junit-vintage]/[runner:RegressionTest]/[test:RegressionTest4]/[test:test2249(RegressionTest4)]
display-name: test2249
]]></system-out>
</testcase>
<testcase name="test1421" classname="RegressionTest2" time="0">
<system-out><![CDATA[
unique-id: [engine:junit-vintage]/[runner:RegressionTest]/[test:RegressionTest2]/[test:test1421(RegressionTest2)]
display-name: test1421
]]></system-out>
</testcase>
<testcase name="test2231" classname="RegressionTest4" time="0">
<system-out><![CDATA[
unique-id: [engine:junit-vintage]/[runner:RegressionTest]/[test:RegressionTest4]/[test:test2231(RegressionTest4)]
display-name: test2231
]]></system-out>
</testcase>
<testcase name="test2501" classname="RegressionTest5" time="0">
<system-out><![CDATA[
unique-id: [engine:junit-vintage]/[runner:RegressionTest]/[test:RegressionTest5]/[test:test2501(RegressionTest5)]
display-name: test2501
]]></system-out>
</testcase>
<testcase name="test0376" classname="RegressionTest0" time="0">
<system-out><![CDATA[
unique-id: [engine:junit-vintage]/[runner:RegressionTest]/[test:RegressionTest0]/[test:test0376(RegressionTest0)]
display-name: test0376
]]></system-out>
</testcase>
<testcase name="test1186" classname="RegressionTest2" time="0">
<system-out><![CDATA[
unique-id: [engine:junit-vintage]/[runner:RegressionTest]/[test:RegressionTest2]/[test:test1186(RegressionTest2)]
display-name: test1186
]]></system-out>
</testcase>
<testcase name="test2488" classname="RegressionTest4" time="0">
<system-out><![CDATA[
unique-id: [engine:junit-vintage]/[runner:RegressionTest]/[test:RegressionTest4]/[test:test2488(RegressionTest4)]
display-name: test2488
]]></system-out>
</testcase>
<testcase name="test0102" classname="RegressionTest0" time="0.001">
<system-out><![CDATA[
unique-id: [engine:junit-vintage]/[runner:RegressionTest]/[test:RegressionTest0]/[test:test0102(RegressionTest0)]
display-name: test0102
]]></system-out>
</testcase>
<testcase name="test0208" classname="RegressionTest0" time="0">
<system-out><![CDATA[
unique-id: [engine:junit-vintage]/[runner:RegressionTest]/[test:RegressionTest0]/[test:test0208(RegressionTest0)]
display-name: test0208
]]></system-out>
</testcase>
<testcase name="test1018" classname="RegressionTest2" time="0">
<system-out><![CDATA[
unique-id: [engine:junit-vintage]/[runner:RegressionTest]/[test:RegressionTest2]/[test:test1018(RegressionTest2)]
display-name: test1018
]]></system-out>
</testcase>
<testcase name="test0734" classname="RegressionTest1" time="0">
<system-out><![CDATA[
unique-id: [engine:junit-vintage]/[runner:RegressionTest]/[test:RegressionTest1]/[test:test0734(RegressionTest1)]
display-name: test0734
]]></system-out>
</testcase>
<testcase name="test1544" classname="RegressionTest3" time="0">
<system-out><![CDATA[
unique-id: [engine:junit-vintage]/[runner:RegressionTest]/[test:RegressionTest3]/[test:test1544(RegressionTest3)]
display-name: test1544
]]></system-out>
</testcase>
<testcase name="test2382" classname="RegressionTest4" time="0">
<system-out><![CDATA[
unique-id: [engine:junit-vintage]/[runner:RegressionTest]/[test:RegressionTest4]/[test:test2382(RegressionTest4)]
display-name: test2382
]]></system-out>
</testcase>
<testcase name="test1615" classname="RegressionTest3" time="0">
<system-out><![CDATA[
unique-id: [engine:junit-vintage]/[runner:RegressionTest]/[test:RegressionTest3]/[test:test1615(RegressionTest3)]
display-name: test1615
]]></system-out>
</testcase>
<testcase name="test0265" classname="RegressionTest0" time="0">
<system-out><![CDATA[
unique-id: [engine:junit-vintage]/[runner:RegressionTest]/[test:RegressionTest0]/[test:test0265(RegressionTest0)]
display-name: test0265
]]></system-out>
</testcase>
<testcase name="test1075" classname="RegressionTest2" time="0">
<system-out><![CDATA[
unique-id: [engine:junit-vintage]/[runner:RegressionTest]/[test:RegressionTest2]/[test:test1075(RegressionTest2)]
display-name: test1075
]]></system-out>
</testcase>
<testcase name="test0535" classname="RegressionTest1" time="0">
<system-out><![CDATA[
unique-id: [engine:junit-vintage]/[runner:RegressionTest]/[test:RegressionTest1]/[test:test0535(RegressionTest1)]
display-name: test0535
]]></system-out>
</testcase>
<testcase name="test0805" classname="RegressionTest1" time="0">
<system-out><![CDATA[
unique-id: [engine:junit-vintage]/[runner:RegressionTest]/[test:RegressionTest1]/[test:test0805(RegressionTest1)]
display-name: test0805
]]></system-out>
</testcase>
<testcase name="test2325" classname="RegressionTest4" time="0">
<system-out><![CDATA[
unique-id: [engine:junit-vintage]/[runner:RegressionTest]/[test:RegressionTest4]/[test:test2325(RegressionTest4)]
display-name: test2325
]]></system-out>
</testcase>
<testcase name="test0961" classname="RegressionTest1" time="0">
<system-out><![CDATA[
unique-id: [engine:junit-vintage]/[runner:RegressionTest]/[test:RegressionTest1]/[test:test0961(RegressionTest1)]
display-name: test0961
]]></system-out>
</testcase>
<testcase name="test1771" classname="RegressionTest3" time="0">
<system-out><![CDATA[
unique-id: [engine:junit-vintage]/[runner:RegressionTest]/[test:RegressionTest3]/[test:test1771(RegressionTest3)]
display-name: test1771
]]></system-out>
</testcase>
<testcase name="test0791" classname="RegressionTest1" time="0">
<system-out><![CDATA[
unique-id: [engine:junit-vintage]/[runner:RegressionTest]/[test:RegressionTest1]/[test:test0791(RegressionTest1)]
display-name: test0791
]]></system-out>
</testcase>
<testcase name="test2581" classname="RegressionTest5" time="0">
<system-out><![CDATA[
unique-id: [engine:junit-vintage]/[runner:RegressionTest]/[test:RegressionTest5]/[test:test2581(RegressionTest5)]
display-name: test2581
]]></system-out>
</testcase>
<testcase name="test2430" classname="RegressionTest4" time="0">
<system-out><![CDATA[
unique-id: [engine:junit-vintage]/[runner:RegressionTest]/[test:RegressionTest4]/[test:test2430(RegressionTest4)]
display-name: test2430
]]></system-out>
</testcase>
<testcase name="test0364" classname="RegressionTest0" time="0">
<system-out><![CDATA[
unique-id: [engine:junit-vintage]/[runner:RegressionTest]/[test:RegressionTest0]/[test:test0364(RegressionTest0)]
display-name: test0364
]]></system-out>
</testcase>
<testcase name="test1174" classname="RegressionTest2" time="0">
<system-out><![CDATA[
unique-id: [engine:junit-vintage]/[runner:RegressionTest]/[test:RegressionTest2]/[test:test1174(RegressionTest2)]
display-name: test1174
]]></system-out>
</testcase>
<testcase name="test1842" classname="RegressionTest3" time="0">
<system-out><![CDATA[
unique-id: [engine:junit-vintage]/[runner:RegressionTest]/[test:RegressionTest3]/[test:test1842(RegressionTest3)]
display-name: test1842
]]></system-out>
</testcase>
<testcase name="test2652" classname="RegressionTest5" time="0">
<system-out><![CDATA[
unique-id: [engine:junit-vintage]/[runner:RegressionTest]/[test:RegressionTest5]/[test:test2652(RegressionTest5)]
display-name: test2652
]]></system-out>
</testcase>
<testcase name="test1274" classname="RegressionTest2" time="0">
<system-out><![CDATA[
unique-id: [engine:junit-vintage]/[runner:RegressionTest]/[test:RegressionTest2]/[test:test1274(RegressionTest2)]
display-name: test1274
]]></system-out>
</testcase>
<testcase name="test1942" classname="RegressionTest3" time="0">
<system-out><![CDATA[
unique-id: [engine:junit-vintage]/[runner:RegressionTest]/[test:RegressionTest3]/[test:test1942(RegressionTest3)]
display-name: test1942
]]></system-out>
</testcase>
<testcase name="test2084" classname="RegressionTest4" time="0">
<system-out><![CDATA[
unique-id: [engine:junit-vintage]/[runner:RegressionTest]/[test:RegressionTest4]/[test:test2084(RegressionTest4)]
display-name: test2084
]]></system-out>
</testcase>
<testcase name="test0464" classname="RegressionTest0" time="0">
<system-out><![CDATA[
unique-id: [engine:junit-vintage]/[runner:RegressionTest]/[test:RegressionTest0]/[test:test0464(RegressionTest0)]
display-name: test0464
]]></system-out>
</testcase>
<testcase name="test0629" classname="RegressionTest1" time="0">
<system-out><![CDATA[
unique-id: [engine:junit-vintage]/[runner:RegressionTest]/[test:RegressionTest1]/[test:test0629(RegressionTest1)]
display-name: test0629
]]></system-out>
</testcase>
<testcase name="test0897" classname="RegressionTest1" time="0">
<system-out><![CDATA[
unique-id: [engine:junit-vintage]/[runner:RegressionTest]/[test:RegressionTest1]/[test:test0897(RegressionTest1)]
display-name: test0897
]]></system-out>
</testcase>
<testcase name="test0797" classname="RegressionTest1" time="0">
<system-out><![CDATA[
unique-id: [engine:junit-vintage]/[runner:RegressionTest]/[test:RegressionTest1]/[test:test0797(RegressionTest1)]
display-name: test0797
]]></system-out>
</testcase>
<testcase name="test0054" classname="RegressionTest0" time="0">
<system-out><![CDATA[
unique-id: [engine:junit-vintage]/[runner:RegressionTest]/[test:RegressionTest0]/[test:test0054(RegressionTest0)]
display-name: test0054
]]></system-out>
</testcase>
<testcase name="test0002" classname="RegressionTest0" time="0">
<system-out><![CDATA[
unique-id: [engine:junit-vintage]/[runner:RegressionTest]/[test:RegressionTest0]/[test:test0002(RegressionTest0)]
display-name: test0002
]]></system-out>
</testcase>
<testcase name="test1456" classname="RegressionTest2" time="0">
<system-out><![CDATA[
unique-id: [engine:junit-vintage]/[runner:RegressionTest]/[test:RegressionTest2]/[test:test1456(RegressionTest2)]
display-name: test1456
]]></system-out>
</testcase>
<testcase name="test2266" classname="RegressionTest4" time="0">
<system-out><![CDATA[
unique-id: [engine:junit-vintage]/[runner:RegressionTest]/[test:RegressionTest4]/[test:test2266(RegressionTest4)]
display-name: test2266
]]></system-out>
</testcase>
<testcase name="test0108" classname="RegressionTest0" time="0">
<system-out><![CDATA[
unique-id: [engine:junit-vintage]/[runner:RegressionTest]/[test:RegressionTest0]/[test:test0108(RegressionTest0)]
display-name: test0108
]]></system-out>
</testcase>
<testcase name="test1385" classname="RegressionTest2" time="0">
<system-out><![CDATA[
unique-id: [engine:junit-vintage]/[runner:RegressionTest]/[test:RegressionTest2]/[test:test1385(RegressionTest2)]
display-name: test1385
]]></system-out>
</testcase>
<testcase name="test2195" classname="RegressionTest4" time="0">
<system-out><![CDATA[
unique-id: [engine:junit-vintage]/[runner:RegressionTest]/[test:RegressionTest4]/[test:test2195(RegressionTest4)]
display-name: test2195
]]></system-out>
</testcase>
<testcase name="test1731" classname="RegressionTest3" time="0">
<system-out><![CDATA[
unique-id: [engine:junit-vintage]/[runner:RegressionTest]/[test:RegressionTest3]/[test:test1731(RegressionTest3)]
display-name: test1731
]]></system-out>
</testcase>
<testcase name="test2541" classname="RegressionTest5" time="0">
<system-out><![CDATA[
unique-id: [engine:junit-vintage]/[runner:RegressionTest]/[test:RegressionTest5]/[test:test2541(RegressionTest5)]
display-name: test2541
]]></system-out>
</testcase>
<testcase name="test0921" classname="RegressionTest1" time="0">
<system-out><![CDATA[
unique-id: [engine:junit-vintage]/[runner:RegressionTest]/[test:RegressionTest1]/[test:test0921(RegressionTest1)]
display-name: test0921
]]></system-out>
</testcase>
<testcase name="test0705" classname="RegressionTest1" time="0">
<system-out><![CDATA[
unique-id: [engine:junit-vintage]/[runner:RegressionTest]/[test:RegressionTest1]/[test:test0705(RegressionTest1)]
display-name: test0705
]]></system-out>
</testcase>
<testcase name="test2425" classname="RegressionTest4" time="0">
<system-out><![CDATA[
unique-id: [engine:junit-vintage]/[runner:RegressionTest]/[test:RegressionTest4]/[test:test2425(RegressionTest4)]
display-name: test2425
]]></system-out>
</testcase>
<testcase name="test1350" classname="RegressionTest2" time="0">
<system-out><![CDATA[
unique-id: [engine:junit-vintage]/[runner:RegressionTest]/[test:RegressionTest2]/[test:test1350(RegressionTest2)]
display-name: test1350
]]></system-out>
</testcase>
<testcase name="test2160" classname="RegressionTest4" time="0">
<system-out><![CDATA[
unique-id: [engine:junit-vintage]/[runner:RegressionTest]/[test:RegressionTest4]/[test:test2160(RegressionTest4)]
display-name: test2160
]]></system-out>
</testcase>
<testcase name="test1515" classname="RegressionTest3" time="0">
<system-out><![CDATA[
unique-id: [engine:junit-vintage]/[runner:RegressionTest]/[test:RegressionTest3]/[test:test1515(RegressionTest3)]
display-name: test1515
]]></system-out>
</testcase>
<testcase name="test0686" classname="RegressionTest1" time="0">
<system-out><![CDATA[
unique-id: [engine:junit-vintage]/[runner:RegressionTest]/[test:RegressionTest1]/[test:test0686(RegressionTest1)]
display-name: test0686
]]></system-out>
</testcase>
<testcase name="test0956" classname="RegressionTest1" time="0">
<system-out><![CDATA[
unique-id: [engine:junit-vintage]/[runner:RegressionTest]/[test:RegressionTest1]/[test:test0956(RegressionTest1)]
display-name: test0956
]]></system-out>
</testcase>
<testcase name="test1766" classname="RegressionTest3" time="0">
<system-out><![CDATA[
unique-id: [engine:junit-vintage]/[runner:RegressionTest]/[test:RegressionTest3]/[test:test1766(RegressionTest3)]
display-name: test1766
]]></system-out>
</testcase>
<testcase name="test2576" classname="RegressionTest5" time="0">
<system-out><![CDATA[
unique-id: [engine:junit-vintage]/[runner:RegressionTest]/[test:RegressionTest5]/[test:test2576(RegressionTest5)]
display-name: test2576
]]></system-out>
</testcase>
<testcase name="test1345" classname="RegressionTest2" time="0">
<system-out><![CDATA[
unique-id: [engine:junit-vintage]/[runner:RegressionTest]/[test:RegressionTest2]/[test:test1345(RegressionTest2)]
display-name: test1345
]]></system-out>
</testcase>
<testcase name="test2155" classname="RegressionTest4" time="0">
<system-out><![CDATA[
unique-id: [engine:junit-vintage]/[runner:RegressionTest]/[test:RegressionTest4]/[test:test2155(RegressionTest4)]
display-name: test2155
]]></system-out>
</testcase>
<testcase name="test2681" classname="RegressionTest5" time="0">
<system-out><![CDATA[
unique-id: [engine:junit-vintage]/[runner:RegressionTest]/[test:RegressionTest5]/[test:test2681(RegressionTest5)]
display-name: test2681
]]></system-out>
</testcase>
<testcase name="test0691" classname="RegressionTest1" time="0">
<system-out><![CDATA[
unique-id: [engine:junit-vintage]/[runner:RegressionTest]/[test:RegressionTest1]/[test:test0691(RegressionTest1)]
display-name: test0691
]]></system-out>
</testcase>
<testcase name="test1871" classname="RegressionTest3" time="0">
<system-out><![CDATA[
unique-id: [engine:junit-vintage]/[runner:RegressionTest]/[test:RegressionTest3]/[test:test1871(RegressionTest3)]
display-name: test1871
]]></system-out>
</testcase>
<testcase name="test0435" classname="RegressionTest0" time="0">
<system-out><![CDATA[
unique-id: [engine:junit-vintage]/[runner:RegressionTest]/[test:RegressionTest0]/[test:test0435(RegressionTest0)]
display-name: test0435
]]></system-out>
</testcase>
<testcase name="test1245" classname="RegressionTest2" time="0">
<system-out><![CDATA[
unique-id: [engine:junit-vintage]/[runner:RegressionTest]/[test:RegressionTest2]/[test:test1245(RegressionTest2)]
display-name: test1245
]]></system-out>
</testcase>
<testcase name="test2055" classname="RegressionTest4" time="0">
<system-out><![CDATA[
unique-id: [engine:junit-vintage]/[runner:RegressionTest]/[test:RegressionTest4]/[test:test2055(RegressionTest4)]
display-name: test2055
]]></system-out>
</testcase>
<testcase name="test0810" classname="RegressionTest1" time="0">
<system-out><![CDATA[
unique-id: [engine:junit-vintage]/[runner:RegressionTest]/[test:RegressionTest1]/[test:test0810(RegressionTest1)]
display-name: test0810
]]></system-out>
</testcase>
<testcase name="test0213" classname="RegressionTest0" time="0">
<system-out><![CDATA[
unique-id: [engine:junit-vintage]/[runner:RegressionTest]/[test:RegressionTest0]/[test:test0213(RegressionTest0)]
display-name: test0213
]]></system-out>
</testcase>
<testcase name="test1023" classname="RegressionTest2" time="0">
<system-out><![CDATA[
unique-id: [engine:junit-vintage]/[runner:RegressionTest]/[test:RegressionTest2]/[test:test1023(RegressionTest2)]
display-name: test1023
]]></system-out>
</testcase>
<testcase name="test1620" classname="RegressionTest3" time="0">
<system-out><![CDATA[
unique-id: [engine:junit-vintage]/[runner:RegressionTest]/[test:RegressionTest3]/[test:test1620(RegressionTest3)]
display-name: test1620
]]></system-out>
</testcase>
<testcase name="test1496" classname="RegressionTest2" time="0">
<system-out><![CDATA[
unique-id: [engine:junit-vintage]/[runner:RegressionTest]/[test:RegressionTest2]/[test:test1496(RegressionTest2)]
display-name: test1496
]]></system-out>
</testcase>
<testcase name="test0319" classname="RegressionTest0" time="0">
<system-out><![CDATA[
unique-id: [engine:junit-vintage]/[runner:RegressionTest]/[test:RegressionTest0]/[test:test0319(RegressionTest0)]
display-name: test0319
]]></system-out>
</testcase>
<testcase name="test1129" classname="RegressionTest2" time="0">
<system-out><![CDATA[
unique-id: [engine:junit-vintage]/[runner:RegressionTest]/[test:RegressionTest2]/[test:test1129(RegressionTest2)]
display-name: test1129
]]></system-out>
</testcase>
<testcase name="test0094" classname="RegressionTest0" time="0.003">
<system-out><![CDATA[
unique-id: [engine:junit-vintage]/[runner:RegressionTest]/[test:RegressionTest0]/[test:test0094(RegressionTest0)]
display-name: test0094
]]></system-out>
</testcase>
<testcase name="test0194" classname="RegressionTest0" time="0">
<system-out><![CDATA[
unique-id: [engine:junit-vintage]/[runner:RegressionTest]/[test:RegressionTest0]/[test:test0194(RegressionTest0)]
display-name: test0194
]]></system-out>
</testcase>
<testcase name="test0089" classname="RegressionTest0" time="0">
<system-out><![CDATA[
unique-id: [engine:junit-vintage]/[runner:RegressionTest]/[test:RegressionTest0]/[test:test0089(RegressionTest0)]
display-name: test0089
]]></system-out>
</testcase>
<testcase name="test0575" classname="RegressionTest1" time="0">
<system-out><![CDATA[
unique-id: [engine:junit-vintage]/[runner:RegressionTest]/[test:RegressionTest1]/[test:test0575(RegressionTest1)]
display-name: test0575
]]></system-out>
</testcase>
<testcase name="test2436" classname="RegressionTest4" time="0">
<system-out><![CDATA[
unique-id: [engine:junit-vintage]/[runner:RegressionTest]/[test:RegressionTest4]/[test:test2436(RegressionTest4)]
display-name: test2436
]]></system-out>
</testcase>
<testcase name="test0189" classname="RegressionTest0" time="0">
<system-out><![CDATA[
unique-id: [engine:junit-vintage]/[runner:RegressionTest]/[test:RegressionTest0]/[test:test0189(RegressionTest0)]
display-name: test0189
]]></system-out>
</testcase>
<testcase name="test0580" classname="RegressionTest1" time="0">
<system-out><![CDATA[
unique-id: [engine:junit-vintage]/[runner:RegressionTest]/[test:RegressionTest1]/[test:test0580(RegressionTest1)]
display-name: test0580
]]></system-out>
</testcase>
<testcase name="test1977" classname="RegressionTest3" time="0">
<system-out><![CDATA[
unique-id: [engine:junit-vintage]/[runner:RegressionTest]/[test:RegressionTest3]/[test:test1977(RegressionTest3)]
display-name: test1977
]]></system-out>
</testcase>
<testcase name="test0680" classname="RegressionTest1" time="0">
<system-out><![CDATA[
unique-id: [engine:junit-vintage]/[runner:RegressionTest]/[test:RegressionTest1]/[test:test0680(RegressionTest1)]
display-name: test0680
]]></system-out>
</testcase>
<testcase name="test1877" classname="RegressionTest3" time="0">
<system-out><![CDATA[
unique-id: [engine:junit-vintage]/[runner:RegressionTest]/[test:RegressionTest3]/[test:test1877(RegressionTest3)]
display-name: test1877
]]></system-out>
</testcase>
<testcase name="test2687" classname="RegressionTest5" time="0">
<system-out><![CDATA[
unique-id: [engine:junit-vintage]/[runner:RegressionTest]/[test:RegressionTest5]/[test:test2687(RegressionTest5)]
display-name: test2687
]]></system-out>
</testcase>
<testcase name="test1982" classname="RegressionTest3" time="0">
<system-out><![CDATA[
unique-id: [engine:junit-vintage]/[runner:RegressionTest]/[test:RegressionTest3]/[test:test1982(RegressionTest3)]
display-name: test1982
]]></system-out>
</testcase>
<testcase name="test0324" classname="RegressionTest0" time="0">
<system-out><![CDATA[
unique-id: [engine:junit-vintage]/[runner:RegressionTest]/[test:RegressionTest0]/[test:test0324(RegressionTest0)]
display-name: test0324
]]></system-out>
</testcase>
<testcase name="test1134" classname="RegressionTest2" time="0">
<system-out><![CDATA[
unique-id: [engine:junit-vintage]/[runner:RegressionTest]/[test:RegressionTest2]/[test:test1134(RegressionTest2)]
display-name: test1134
]]></system-out>
</testcase>
<testcase name="test1504" classname="RegressionTest3" time="0">
<system-out><![CDATA[
unique-id: [engine:junit-vintage]/[runner:RegressionTest]/[test:RegressionTest3]/[test:test1504(RegressionTest3)]
display-name: test1504
]]></system-out>
</testcase>
<testcase name="test0459" classname="RegressionTest0" time="0">
<system-out><![CDATA[
unique-id: [engine:junit-vintage]/[runner:RegressionTest]/[test:RegressionTest0]/[test:test0459(RegressionTest0)]
display-name: test0459
]]></system-out>
</testcase>
<testcase name="test1795" classname="RegressionTest3" time="0">
<system-out><![CDATA[
unique-id: [engine:junit-vintage]/[runner:RegressionTest]/[test:RegressionTest3]/[test:test1795(RegressionTest3)]
display-name: test1795
]]></system-out>
</testcase>
<testcase name="test2166" classname="RegressionTest4" time="0">
<system-out><![CDATA[
unique-id: [engine:junit-vintage]/[runner:RegressionTest]/[test:RegressionTest4]/[test:test2166(RegressionTest4)]
display-name: test2166
]]></system-out>
</testcase>
<testcase name="test1831" classname="RegressionTest3" time="0">
<system-out><![CDATA[
unique-id: [engine:junit-vintage]/[runner:RegressionTest]/[test:RegressionTest3]/[test:test1831(RegressionTest3)]
display-name: test1831
]]></system-out>
</testcase>
<testcase name="test2692" classname="RegressionTest5" time="0">
<system-out><![CDATA[
unique-id: [engine:junit-vintage]/[runner:RegressionTest]/[test:RegressionTest5]/[test:test2692(RegressionTest5)]
display-name: test2692
]]></system-out>
</testcase>
<testcase name="test1198" classname="RegressionTest2" time="0">
<system-out><![CDATA[
unique-id: [engine:junit-vintage]/[runner:RegressionTest]/[test:RegressionTest2]/[test:test1198(RegressionTest2)]
display-name: test1198
]]></system-out>
</testcase>
<testcase name="test2079" classname="RegressionTest4" time="0">
<system-out><![CDATA[
unique-id: [engine:junit-vintage]/[runner:RegressionTest]/[test:RegressionTest4]/[test:test2079(RegressionTest4)]
display-name: test2079
]]></system-out>
</testcase>
<testcase name="test2676" classname="RegressionTest5" time="0">
<system-out><![CDATA[
unique-id: [engine:junit-vintage]/[runner:RegressionTest]/[test:RegressionTest5]/[test:test2676(RegressionTest5)]
display-name: test2676
]]></system-out>
</testcase>
<testcase name="test1427" classname="RegressionTest2" time="0">
<system-out><![CDATA[
unique-id: [engine:junit-vintage]/[runner:RegressionTest]/[test:RegressionTest2]/[test:test1427(RegressionTest2)]
display-name: test1427
]]></system-out>
</testcase>
<testcase name="test2095" classname="RegressionTest4" time="0">
<system-out><![CDATA[
unique-id: [engine:junit-vintage]/[runner:RegressionTest]/[test:RegressionTest4]/[test:test2095(RegressionTest4)]
display-name: test2095
]]></system-out>
</testcase>
<testcase name="test0475" classname="RegressionTest0" time="0">
<system-out><![CDATA[
unique-id: [engine:junit-vintage]/[runner:RegressionTest]/[test:RegressionTest0]/[test:test0475(RegressionTest0)]
display-name: test0475
]]></system-out>
</testcase>
<testcase name="test1163" classname="RegressionTest2" time="0">
<system-out><![CDATA[
unique-id: [engine:junit-vintage]/[runner:RegressionTest]/[test:RegressionTest2]/[test:test1163(RegressionTest2)]
display-name: test1163
]]></system-out>
</testcase>
<testcase name="test1561" classname="RegressionTest3" time="0">
<system-out><![CDATA[
unique-id: [engine:junit-vintage]/[runner:RegressionTest]/[test:RegressionTest3]/[test:test1561(RegressionTest3)]
display-name: test1561
]]></system-out>
</testcase>
<testcase name="test0225" classname="RegressionTest0" time="0">
<system-out><![CDATA[
unique-id: [engine:junit-vintage]/[runner:RegressionTest]/[test:RegressionTest0]/[test:test0225(RegressionTest0)]
display-name: test0225
]]></system-out>
</testcase>
<testcase name="test2115" classname="RegressionTest4" time="0">
<system-out><![CDATA[
unique-id: [engine:junit-vintage]/[runner:RegressionTest]/[test:RegressionTest4]/[test:test2115(RegressionTest4)]
display-name: test2115
]]></system-out>
</testcase>
<testcase name="test0282" classname="RegressionTest0" time="0">
<system-out><![CDATA[
unique-id: [engine:junit-vintage]/[runner:RegressionTest]/[test:RegressionTest0]/[test:test0282(RegressionTest0)]
display-name: test0282
]]></system-out>
</testcase>
<testcase name="test0873" classname="RegressionTest1" time="0">
<system-out><![CDATA[
unique-id: [engine:junit-vintage]/[runner:RegressionTest]/[test:RegressionTest1]/[test:test0873(RegressionTest1)]
display-name: test0873
]]></system-out>
</testcase>
<testcase name="test1250" classname="RegressionTest2" time="0">
<system-out><![CDATA[
unique-id: [engine:junit-vintage]/[runner:RegressionTest]/[test:RegressionTest2]/[test:test1250(RegressionTest2)]
display-name: test1250
]]></system-out>
</testcase>
<testcase name="test1157" classname="RegressionTest2" time="0">
<system-out><![CDATA[
unique-id: [engine:junit-vintage]/[runner:RegressionTest]/[test:RegressionTest2]/[test:test1157(RegressionTest2)]
display-name: test1157
]]></system-out>
</testcase>
<testcase name="test2308" classname="RegressionTest4" time="0">
<system-out><![CDATA[
unique-id: [engine:junit-vintage]/[runner:RegressionTest]/[test:RegressionTest4]/[test:test2308(RegressionTest4)]
display-name: test2308
]]></system-out>
</testcase>
<testcase name="test1596" classname="RegressionTest3" time="0">
<system-out><![CDATA[
unique-id: [engine:junit-vintage]/[runner:RegressionTest]/[test:RegressionTest3]/[test:test1596(RegressionTest3)]
display-name: test1596
]]></system-out>
</testcase>
<testcase name="test1754" classname="RegressionTest3" time="0">
<system-out><![CDATA[
unique-id: [engine:junit-vintage]/[runner:RegressionTest]/[test:RegressionTest3]/[test:test1754(RegressionTest3)]
display-name: test1754
]]></system-out>
</testcase>
<testcase name="test0418" classname="RegressionTest0" time="0">
<system-out><![CDATA[
unique-id: [engine:junit-vintage]/[runner:RegressionTest]/[test:RegressionTest0]/[test:test0418(RegressionTest0)]
display-name: test0418
]]></system-out>
</testcase>
<testcase name="test2038" classname="RegressionTest4" time="0">
<system-out><![CDATA[
unique-id: [engine:junit-vintage]/[runner:RegressionTest]/[test:RegressionTest4]/[test:test2038(RegressionTest4)]
display-name: test2038
]]></system-out>
</testcase>
<testcase name="test1484" classname="RegressionTest2" time="0">
<system-out><![CDATA[
unique-id: [engine:junit-vintage]/[runner:RegressionTest]/[test:RegressionTest2]/[test:test1484(RegressionTest2)]
display-name: test1484
]]></system-out>
</testcase>
<testcase name="test1106" classname="RegressionTest2" time="0">
<system-out><![CDATA[
unique-id: [engine:junit-vintage]/[runner:RegressionTest]/[test:RegressionTest2]/[test:test1106(RegressionTest2)]
display-name: test1106
]]></system-out>
</testcase>
<testcase name="test2003" classname="RegressionTest4" time="0">
<system-out><![CDATA[
unique-id: [engine:junit-vintage]/[runner:RegressionTest]/[test:RegressionTest4]/[test:test2003(RegressionTest4)]
display-name: test2003
]]></system-out>
</testcase>
<testcase name="test0822" classname="RegressionTest1" time="0">
<system-out><![CDATA[
unique-id: [engine:junit-vintage]/[runner:RegressionTest]/[test:RegressionTest1]/[test:test0822(RegressionTest1)]
display-name: test0822
]]></system-out>
</testcase>
<testcase name="test0552" classname="RegressionTest1" time="0">
<system-out><![CDATA[
unique-id: [engine:junit-vintage]/[runner:RegressionTest]/[test:RegressionTest1]/[test:test0552(RegressionTest1)]
display-name: test0552
]]></system-out>
</testcase>
<testcase name="test2477" classname="RegressionTest4" time="0">
<system-out><![CDATA[
unique-id: [engine:junit-vintage]/[runner:RegressionTest]/[test:RegressionTest4]/[test:test2477(RegressionTest4)]
display-name: test2477
]]></system-out>
</testcase>
<testcase name="test0587" classname="RegressionTest1" time="0">
<system-out><![CDATA[
unique-id: [engine:junit-vintage]/[runner:RegressionTest]/[test:RegressionTest1]/[test:test0587(RegressionTest1)]
display-name: test0587
]]></system-out>
</testcase>
<testcase name="test1433" classname="RegressionTest2" time="0">
<system-out><![CDATA[
unique-id: [engine:junit-vintage]/[runner:RegressionTest]/[test:RegressionTest2]/[test:test1433(RegressionTest2)]
display-name: test1433
]]></system-out>
</testcase>
<testcase name="test2330" classname="RegressionTest4" time="0">
<system-out><![CDATA[
unique-id: [engine:junit-vintage]/[runner:RegressionTest]/[test:RegressionTest4]/[test:test2330(RegressionTest4)]
display-name: test2330
]]></system-out>
</testcase>
<testcase name="test2600" classname="RegressionTest5" time="0">
<system-out><![CDATA[
unique-id: [engine:junit-vintage]/[runner:RegressionTest]/[test:RegressionTest5]/[test:test2600(RegressionTest5)]
display-name: test2600
]]></system-out>
</testcase>
<testcase name="test1703" classname="RegressionTest3" time="0">
<system-out><![CDATA[
unique-id: [engine:junit-vintage]/[runner:RegressionTest]/[test:RegressionTest3]/[test:test1703(RegressionTest3)]
display-name: test1703
]]></system-out>
</testcase>
<testcase name="test1789" classname="RegressionTest3" time="0">
<system-out><![CDATA[
unique-id: [engine:junit-vintage]/[runner:RegressionTest]/[test:RegressionTest3]/[test:test1789(RegressionTest3)]
display-name: test1789
]]></system-out>
</testcase>
<testcase name="test0816" classname="RegressionTest1" time="0">
<system-out><![CDATA[
unique-id: [engine:junit-vintage]/[runner:RegressionTest]/[test:RegressionTest1]/[test:test0816(RegressionTest1)]
display-name: test0816
]]></system-out>
</testcase>
<testcase name="test2314" classname="RegressionTest4" time="0">
<system-out><![CDATA[
unique-id: [engine:junit-vintage]/[runner:RegressionTest]/[test:RegressionTest4]/[test:test2314(RegressionTest4)]
display-name: test2314
]]></system-out>
</testcase>
<testcase name="test2401" classname="RegressionTest4" time="0">
<system-out><![CDATA[
unique-id: [engine:junit-vintage]/[runner:RegressionTest]/[test:RegressionTest4]/[test:test2401(RegressionTest4)]
display-name: test2401
]]></system-out>
</testcase>
<testcase name="test1122" classname="RegressionTest2" time="0">
<system-out><![CDATA[
unique-id: [engine:junit-vintage]/[runner:RegressionTest]/[test:RegressionTest2]/[test:test1122(RegressionTest2)]
display-name: test1122
]]></system-out>
</testcase>
<testcase name="test0745" classname="RegressionTest1" time="0">
<system-out><![CDATA[
unique-id: [engine:junit-vintage]/[runner:RegressionTest]/[test:RegressionTest1]/[test:test0745(RegressionTest1)]
display-name: test0745
]]></system-out>
</testcase>
<testcase name="test0729" classname="RegressionTest1" time="0">
<system-out><![CDATA[
unique-id: [engine:junit-vintage]/[runner:RegressionTest]/[test:RegressionTest1]/[test:test0729(RegressionTest1)]
display-name: test0729
]]></system-out>
</testcase>
<testcase name="test0511" classname="RegressionTest1" time="0">
<system-out><![CDATA[
unique-id: [engine:junit-vintage]/[runner:RegressionTest]/[test:RegressionTest1]/[test:test0511(RegressionTest1)]
display-name: test0511
]]></system-out>
</testcase>
<testcase name="test0241" classname="RegressionTest0" time="0">
<system-out><![CDATA[
unique-id: [engine:junit-vintage]/[runner:RegressionTest]/[test:RegressionTest0]/[test:test0241(RegressionTest0)]
display-name: test0241
]]></system-out>
</testcase>
<testcase name="test1760" classname="RegressionTest3" time="0">
<system-out><![CDATA[
unique-id: [engine:junit-vintage]/[runner:RegressionTest]/[test:RegressionTest3]/[test:test1760(RegressionTest3)]
display-name: test1760
]]></system-out>
</testcase>
<testcase name="test1490" classname="RegressionTest2" time="0">
<system-out><![CDATA[
unique-id: [engine:junit-vintage]/[runner:RegressionTest]/[test:RegressionTest2]/[test:test1490(RegressionTest2)]
display-name: test1490
]]></system-out>
</testcase>
<testcase name="test0904" classname="RegressionTest1" time="0">
<system-out><![CDATA[
unique-id: [engine:junit-vintage]/[runner:RegressionTest]/[test:RegressionTest1]/[test:test0904(RegressionTest1)]
display-name: test0904
]]></system-out>
</testcase>
<testcase name="test2524" classname="RegressionTest5" time="0">
<system-out><![CDATA[
unique-id: [engine:junit-vintage]/[runner:RegressionTest]/[test:RegressionTest5]/[test:test2524(RegressionTest5)]
display-name: test2524
]]></system-out>
</testcase>
<testcase name="test1678" classname="RegressionTest3" time="0">
<system-out><![CDATA[
unique-id: [engine:junit-vintage]/[runner:RegressionTest]/[test:RegressionTest3]/[test:test1678(RegressionTest3)]
display-name: test1678
]]></system-out>
</testcase>
<testcase name="test2508" classname="RegressionTest5" time="0">
<system-out><![CDATA[
unique-id: [engine:junit-vintage]/[runner:RegressionTest]/[test:RegressionTest5]/[test:test2508(RegressionTest5)]
display-name: test2508
]]></system-out>
</testcase>
<testcase name="test0546" classname="RegressionTest1" time="0">
<system-out><![CDATA[
unique-id: [engine:junit-vintage]/[runner:RegressionTest]/[test:RegressionTest1]/[test:test0546(RegressionTest1)]
display-name: test0546
]]></system-out>
</testcase>
<testcase name="test0634" classname="RegressionTest1" time="0">
<system-out><![CDATA[
unique-id: [engine:junit-vintage]/[runner:RegressionTest]/[test:RegressionTest1]/[test:test0634(RegressionTest1)]
display-name: test0634
]]></system-out>
</testcase>
<testcase name="test0618" classname="RegressionTest1" time="0">
<system-out><![CDATA[
unique-id: [engine:junit-vintage]/[runner:RegressionTest]/[test:RegressionTest1]/[test:test0618(RegressionTest1)]
display-name: test0618
]]></system-out>
</testcase>
<testcase name="test0114" classname="RegressionTest0" time="0.003">
<system-out><![CDATA[
unique-id: [engine:junit-vintage]/[runner:RegressionTest]/[test:RegressionTest0]/[test:test0114(RegressionTest0)]
display-name: test0114
]]></system-out>
</testcase>
<testcase name="test0669" classname="RegressionTest1" time="0">
<system-out><![CDATA[
unique-id: [engine:junit-vintage]/[runner:RegressionTest]/[test:RegressionTest1]/[test:test0669(RegressionTest1)]
display-name: test0669
]]></system-out>
</testcase>
<testcase name="test2476" classname="RegressionTest4" time="0">
<system-out><![CDATA[
unique-id: [engine:junit-vintage]/[runner:RegressionTest]/[test:RegressionTest4]/[test:test2476(RegressionTest4)]
display-name: test2476
]]></system-out>
</testcase>
<testcase name="test1310" classname="RegressionTest2" time="0">
<system-out><![CDATA[
unique-id: [engine:junit-vintage]/[runner:RegressionTest]/[test:RegressionTest2]/[test:test1310(RegressionTest2)]
display-name: test1310
]]></system-out>
</testcase>
<testcase name="test2442" classname="RegressionTest4" time="0">
<system-out><![CDATA[
unique-id: [engine:junit-vintage]/[runner:RegressionTest]/[test:RegressionTest4]/[test:test2442(RegressionTest4)]
display-name: test2442
]]></system-out>
</testcase>
<testcase name="test2242" classname="RegressionTest4" time="0">
<system-out><![CDATA[
unique-id: [engine:junit-vintage]/[runner:RegressionTest]/[test:RegressionTest4]/[test:test2242(RegressionTest4)]
display-name: test2242
]]></system-out>
</testcase>
<testcase name="test0165" classname="RegressionTest0" time="0">
<system-out><![CDATA[
unique-id: [engine:junit-vintage]/[runner:RegressionTest]/[test:RegressionTest0]/[test:test0165(RegressionTest0)]
display-name: test0165
]]></system-out>
</testcase>
<testcase name="test1091" classname="RegressionTest2" time="0">
<system-out><![CDATA[
unique-id: [engine:junit-vintage]/[runner:RegressionTest]/[test:RegressionTest2]/[test:test1091(RegressionTest2)]
display-name: test1091
]]></system-out>
</testcase>
<testcase name="test2635" classname="RegressionTest5" time="0">
<system-out><![CDATA[
unique-id: [engine:junit-vintage]/[runner:RegressionTest]/[test:RegressionTest5]/[test:test2635(RegressionTest5)]
display-name: test2635
]]></system-out>
</testcase>
<testcase name="test0399" classname="RegressionTest0" time="0">
<system-out><![CDATA[
unique-id: [engine:junit-vintage]/[runner:RegressionTest]/[test:RegressionTest0]/[test:test0399(RegressionTest0)]
display-name: test0399
]]></system-out>
</testcase>
<testcase name="test0348" classname="RegressionTest0" time="0">
<system-out><![CDATA[
unique-id: [engine:junit-vintage]/[runner:RegressionTest]/[test:RegressionTest0]/[test:test0348(RegressionTest0)]
display-name: test0348
]]></system-out>
</testcase>
<testcase name="test0148" classname="RegressionTest0" time="0">
<system-out><![CDATA[
unique-id: [engine:junit-vintage]/[runner:RegressionTest]/[test:RegressionTest0]/[test:test0148(RegressionTest0)]
display-name: test0148
]]></system-out>
</testcase>
<testcase name="test0996" classname="RegressionTest1" time="0">
<system-out><![CDATA[
unique-id: [engine:junit-vintage]/[runner:RegressionTest]/[test:RegressionTest1]/[test:test0996(RegressionTest1)]
display-name: test0996
]]></system-out>
</testcase>
<testcase name="test2020" classname="RegressionTest4" time="0">
<system-out><![CDATA[
unique-id: [engine:junit-vintage]/[runner:RegressionTest]/[test:RegressionTest4]/[test:test2020(RegressionTest4)]
display-name: test2020
]]></system-out>
</testcase>
<testcase name="test2619" classname="RegressionTest5" time="0">
<system-out><![CDATA[
unique-id: [engine:junit-vintage]/[runner:RegressionTest]/[test:RegressionTest5]/[test:test2619(RegressionTest5)]
display-name: test2619
]]></system-out>
</testcase>
<testcase name="test0400" classname="RegressionTest0" time="0">
<system-out><![CDATA[
unique-id: [engine:junit-vintage]/[runner:RegressionTest]/[test:RegressionTest0]/[test:test0400(RegressionTest0)]
display-name: test0400
]]></system-out>
</testcase>
<testcase name="test0857" classname="RegressionTest1" time="0">
<system-out><![CDATA[
unique-id: [engine:junit-vintage]/[runner:RegressionTest]/[test:RegressionTest1]/[test:test0857(RegressionTest1)]
display-name: test0857
]]></system-out>
</testcase>
<testcase name="test1291" classname="RegressionTest2" time="0">
<system-out><![CDATA[
unique-id: [engine:junit-vintage]/[runner:RegressionTest]/[test:RegressionTest2]/[test:test1291(RegressionTest2)]
display-name: test1291
]]></system-out>
</testcase>
<testcase name="test2493" classname="RegressionTest4" time="0">
<system-out><![CDATA[
unique-id: [engine:junit-vintage]/[runner:RegressionTest]/[test:RegressionTest4]/[test:test2493(RegressionTest4)]
display-name: test2493
]]></system-out>
</testcase>
<testcase name="test1316" classname="RegressionTest2" time="0">
<system-out><![CDATA[
unique-id: [engine:junit-vintage]/[runner:RegressionTest]/[test:RegressionTest2]/[test:test1316(RegressionTest2)]
display-name: test1316
]]></system-out>
</testcase>
<testcase name="test2226" classname="RegressionTest4" time="0">
<system-out><![CDATA[
unique-id: [engine:junit-vintage]/[runner:RegressionTest]/[test:RegressionTest4]/[test:test2226(RegressionTest4)]
display-name: test2226
]]></system-out>
</testcase>
<testcase name="test1672" classname="RegressionTest3" time="0">
<system-out><![CDATA[
unique-id: [engine:junit-vintage]/[runner:RegressionTest]/[test:RegressionTest3]/[test:test1672(RegressionTest3)]
display-name: test1672
]]></system-out>
</testcase>
<testcase name="test0990" classname="RegressionTest1" time="0">
<system-out><![CDATA[
unique-id: [engine:junit-vintage]/[runner:RegressionTest]/[test:RegressionTest1]/[test:test0990(RegressionTest1)]
display-name: test0990
]]></system-out>
</testcase>
<testcase name="test1948" classname="RegressionTest3" time="0">
<system-out><![CDATA[
unique-id: [engine:junit-vintage]/[runner:RegressionTest]/[test:RegressionTest3]/[test:test1948(RegressionTest3)]
display-name: test1948
]]></system-out>
</testcase>
<testcase name="test0762" classname="RegressionTest1" time="0">
<system-out><![CDATA[
unique-id: [engine:junit-vintage]/[runner:RegressionTest]/[test:RegressionTest1]/[test:test0762(RegressionTest1)]
display-name: test0762
]]></system-out>
</testcase>
<testcase name="test2365" classname="RegressionTest4" time="0">
<system-out><![CDATA[
unique-id: [engine:junit-vintage]/[runner:RegressionTest]/[test:RegressionTest4]/[test:test2365(RegressionTest4)]
display-name: test2365
]]></system-out>
</testcase>
<testcase name="test0276" classname="RegressionTest0" time="0">
<system-out><![CDATA[
unique-id: [engine:junit-vintage]/[runner:RegressionTest]/[test:RegressionTest0]/[test:test0276(RegressionTest0)]
display-name: test0276
]]></system-out>
</testcase>
<testcase name="test1052" classname="RegressionTest2" time="0">
<system-out><![CDATA[
unique-id: [engine:junit-vintage]/[runner:RegressionTest]/[test:RegressionTest2]/[test:test1052(RegressionTest2)]
display-name: test1052
]]></system-out>
</testcase>
<testcase name="test2349" classname="RegressionTest4" time="0">
<system-out><![CDATA[
unique-id: [engine:junit-vintage]/[runner:RegressionTest]/[test:RegressionTest4]/[test:test2349(RegressionTest4)]
display-name: test2349
]]></system-out>
</testcase>
<testcase name="test0746" classname="RegressionTest1" time="0">
<system-out><![CDATA[
unique-id: [engine:junit-vintage]/[runner:RegressionTest]/[test:RegressionTest1]/[test:test0746(RegressionTest1)]
display-name: test0746
]]></system-out>
</testcase>
<testcase name="test0476" classname="RegressionTest0" time="0">
<system-out><![CDATA[
unique-id: [engine:junit-vintage]/[runner:RegressionTest]/[test:RegressionTest0]/[test:test0476(RegressionTest0)]
display-name: test0476
]]></system-out>
</testcase>
<testcase name="test2096" classname="RegressionTest4" time="0">
<system-out><![CDATA[
unique-id: [engine:junit-vintage]/[runner:RegressionTest]/[test:RegressionTest4]/[test:test2096(RegressionTest4)]
display-name: test2096
]]></system-out>
</testcase>
<testcase name="test2131" classname="RegressionTest4" time="0">
<system-out><![CDATA[
unique-id: [engine:junit-vintage]/[runner:RegressionTest]/[test:RegressionTest4]/[test:test2131(RegressionTest4)]
display-name: test2131
]]></system-out>
</testcase>
<testcase name="test2601" classname="RegressionTest5" time="0">
<system-out><![CDATA[
unique-id: [engine:junit-vintage]/[runner:RegressionTest]/[test:RegressionTest5]/[test:test2601(RegressionTest5)]
display-name: test2601
]]></system-out>
</testcase>
<testcase name="test0037" classname="RegressionTest0" time="0">
<system-out><![CDATA[
unique-id: [engine:junit-vintage]/[runner:RegressionTest]/[test:RegressionTest0]/[test:test0037(RegressionTest0)]
display-name: test0037
]]></system-out>
</testcase>
<testcase name="test1830" classname="RegressionTest3" time="0">
<system-out><![CDATA[
unique-id: [engine:junit-vintage]/[runner:RegressionTest]/[test:RegressionTest3]/[test:test1830(RegressionTest3)]
display-name: test1830
]]></system-out>
</testcase>
<testcase name="test1849" classname="RegressionTest3" time="0">
<system-out><![CDATA[
unique-id: [engine:junit-vintage]/[runner:RegressionTest]/[test:RegressionTest3]/[test:test1849(RegressionTest3)]
display-name: test1849
]]></system-out>
</testcase>
<testcase name="test0441" classname="RegressionTest0" time="0">
<system-out><![CDATA[
unique-id: [engine:junit-vintage]/[runner:RegressionTest]/[test:RegressionTest0]/[test:test0441(RegressionTest0)]
display-name: test0441
]]></system-out>
</testcase>
<testcase name="test0663" classname="RegressionTest1" time="0">
<system-out><![CDATA[
unique-id: [engine:junit-vintage]/[runner:RegressionTest]/[test:RegressionTest1]/[test:test0663(RegressionTest1)]
display-name: test0663
]]></system-out>
</testcase>
<testcase name="test2061" classname="RegressionTest4" time="0">
<system-out><![CDATA[
unique-id: [engine:junit-vintage]/[runner:RegressionTest]/[test:RegressionTest4]/[test:test2061(RegressionTest4)]
display-name: test2061
]]></system-out>
</testcase>
<testcase name="test1595" classname="RegressionTest3" time="0">
<system-out><![CDATA[
unique-id: [engine:junit-vintage]/[runner:RegressionTest]/[test:RegressionTest3]/[test:test1595(RegressionTest3)]
display-name: test1595
]]></system-out>
</testcase>
<testcase name="test2149" classname="RegressionTest4" time="0">
<system-out><![CDATA[
unique-id: [engine:junit-vintage]/[runner:RegressionTest]/[test:RegressionTest4]/[test:test2149(RegressionTest4)]
display-name: test2149
]]></system-out>
</testcase>
<testcase name="test1865" classname="RegressionTest3" time="0">
<system-out><![CDATA[
unique-id: [engine:junit-vintage]/[runner:RegressionTest]/[test:RegressionTest3]/[test:test1865(RegressionTest3)]
display-name: test1865
]]></system-out>
</testcase>
<testcase name="test1322" classname="RegressionTest2" time="0">
<system-out><![CDATA[
unique-id: [engine:junit-vintage]/[runner:RegressionTest]/[test:RegressionTest2]/[test:test1322(RegressionTest2)]
display-name: test1322
]]></system-out>
</testcase>
<testcase name="test0698" classname="RegressionTest1" time="0">
<system-out><![CDATA[
unique-id: [engine:junit-vintage]/[runner:RegressionTest]/[test:RegressionTest1]/[test:test0698(RegressionTest1)]
display-name: test0698
]]></system-out>
</testcase>
<testcase name="test0968" classname="RegressionTest1" time="0">
<system-out><![CDATA[
unique-id: [engine:junit-vintage]/[runner:RegressionTest]/[test:RegressionTest1]/[test:test0968(RegressionTest1)]
display-name: test0968
]]></system-out>
</testcase>
<testcase name="test2588" classname="RegressionTest5" time="0">
<system-out><![CDATA[
unique-id: [engine:junit-vintage]/[runner:RegressionTest]/[test:RegressionTest5]/[test:test2588(RegressionTest5)]
display-name: test2588
]]></system-out>
</testcase>
<testcase name="test0066" classname="RegressionTest0" time="0">
<system-out><![CDATA[
unique-id: [engine:junit-vintage]/[runner:RegressionTest]/[test:RegressionTest0]/[test:test0066(RegressionTest0)]
display-name: test0066
]]></system-out>
</testcase>
<testcase name="test1814" classname="RegressionTest3" time="0">
<system-out><![CDATA[
unique-id: [engine:junit-vintage]/[runner:RegressionTest]/[test:RegressionTest3]/[test:test1814(RegressionTest3)]
display-name: test1814
]]></system-out>
</testcase>
<testcase name="test2254" classname="RegressionTest4" time="0">
<system-out><![CDATA[
unique-id: [engine:junit-vintage]/[runner:RegressionTest]/[test:RegressionTest4]/[test:test2254(RegressionTest4)]
display-name: test2254
]]></system-out>
</testcase>
<testcase name="test0492" classname="RegressionTest0" time="0">
<system-out><![CDATA[
unique-id: [engine:junit-vintage]/[runner:RegressionTest]/[test:RegressionTest0]/[test:test0492(RegressionTest0)]
display-name: test0492
]]></system-out>
</testcase>
<testcase name="test1970" classname="RegressionTest3" time="0">
<system-out><![CDATA[
unique-id: [engine:junit-vintage]/[runner:RegressionTest]/[test:RegressionTest3]/[test:test1970(RegressionTest3)]
display-name: test1970
]]></system-out>
</testcase>
<testcase name="test2289" classname="RegressionTest4" time="0">
<system-out><![CDATA[
unique-id: [engine:junit-vintage]/[runner:RegressionTest]/[test:RegressionTest4]/[test:test2289(RegressionTest4)]
display-name: test2289
]]></system-out>
</testcase>
<testcase name="test1357" classname="RegressionTest2" time="0">
<system-out><![CDATA[
unique-id: [engine:junit-vintage]/[runner:RegressionTest]/[test:RegressionTest2]/[test:test1357(RegressionTest2)]
display-name: test1357
]]></system-out>
</testcase>
<testcase name="test1579" classname="RegressionTest3" time="0">
<system-out><![CDATA[
unique-id: [engine:junit-vintage]/[runner:RegressionTest]/[test:RegressionTest3]/[test:test1579(RegressionTest3)]
display-name: test1579
]]></system-out>
</testcase>
<testcase name="test1954" classname="RegressionTest3" time="0">
<system-out><![CDATA[
unique-id: [engine:junit-vintage]/[runner:RegressionTest]/[test:RegressionTest3]/[test:test1954(RegressionTest3)]
display-name: test1954
]]></system-out>
</testcase>
<testcase name="test2238" classname="RegressionTest4" time="0">
<system-out><![CDATA[
unique-id: [engine:junit-vintage]/[runner:RegressionTest]/[test:RegressionTest4]/[test:test2238(RegressionTest4)]
display-name: test2238
]]></system-out>
</testcase>
<testcase name="test0031" classname="RegressionTest0" time="0.001">
<system-out><![CDATA[
unique-id: [engine:junit-vintage]/[runner:RegressionTest]/[test:RegressionTest0]/[test:test0031(RegressionTest0)]
display-name: test0031
]]></system-out>
</testcase>
<testcase name="test0301" classname="RegressionTest0" time="0">
<system-out><![CDATA[
unique-id: [engine:junit-vintage]/[runner:RegressionTest]/[test:RegressionTest0]/[test:test0301(RegressionTest0)]
display-name: test0301
]]></system-out>
</testcase>
<testcase name="test0387" classname="RegressionTest0" time="0">
<system-out><![CDATA[
unique-id: [engine:junit-vintage]/[runner:RegressionTest]/[test:RegressionTest0]/[test:test0387(RegressionTest0)]
display-name: test0387
]]></system-out>
</testcase>
<testcase name="test0352" classname="RegressionTest0" time="0">
<system-out><![CDATA[
unique-id: [engine:junit-vintage]/[runner:RegressionTest]/[test:RegressionTest0]/[test:test0352(RegressionTest0)]
display-name: test0352
]]></system-out>
</testcase>
<testcase name="test0009" classname="RegressionTest0" time="0.02">
<system-out><![CDATA[
unique-id: [engine:junit-vintage]/[runner:RegressionTest]/[test:RegressionTest0]/[test:test0009(RegressionTest0)]
display-name: test0009
]]></system-out>
</testcase>
<testcase name="test0082" classname="RegressionTest0" time="0">
<system-out><![CDATA[
unique-id: [engine:junit-vintage]/[runner:RegressionTest]/[test:RegressionTest0]/[test:test0082(RegressionTest0)]
display-name: test0082
]]></system-out>
</testcase>
<testcase name="test0622" classname="RegressionTest1" time="0">
<system-out><![CDATA[
unique-id: [engine:junit-vintage]/[runner:RegressionTest]/[test:RegressionTest1]/[test:test0622(RegressionTest1)]
display-name: test0622
]]></system-out>
</testcase>
<testcase name="test2512" classname="RegressionTest5" time="0">
<system-out><![CDATA[
unique-id: [engine:junit-vintage]/[runner:RegressionTest]/[test:RegressionTest5]/[test:test2512(RegressionTest5)]
display-name: test2512
]]></system-out>
</testcase>
<testcase name="test0606" classname="RegressionTest1" time="0">
<system-out><![CDATA[
unique-id: [engine:junit-vintage]/[runner:RegressionTest]/[test:RegressionTest1]/[test:test0606(RegressionTest1)]
display-name: test0606
]]></system-out>
</testcase>
<testcase name="test1503" classname="RegressionTest3" time="0">
<system-out><![CDATA[
unique-id: [engine:junit-vintage]/[runner:RegressionTest]/[test:RegressionTest3]/[test:test1503(RegressionTest3)]
display-name: test1503
]]></system-out>
</testcase>
<testcase name="test1516" classname="RegressionTest3" time="0">
<system-out><![CDATA[
unique-id: [engine:junit-vintage]/[runner:RegressionTest]/[test:RegressionTest3]/[test:test1516(RegressionTest3)]
display-name: test1516
]]></system-out>
</testcase>
<testcase name="test1684" classname="RegressionTest3" time="0">
<system-out><![CDATA[
unique-id: [engine:junit-vintage]/[runner:RegressionTest]/[test:RegressionTest3]/[test:test1684(RegressionTest3)]
display-name: test1684
]]></system-out>
</testcase>
<testcase name="test0130" classname="RegressionTest0" time="0">
<system-out><![CDATA[
unique-id: [engine:junit-vintage]/[runner:RegressionTest]/[test:RegressionTest0]/[test:test0130(RegressionTest0)]
display-name: test0130
]]></system-out>
</testcase>
<testcase name="test1040" classname="RegressionTest2" time="0.002">
<system-out><![CDATA[
unique-id: [engine:junit-vintage]/[runner:RegressionTest]/[test:RegressionTest2]/[test:test1040(RegressionTest2)]
display-name: test1040
]]></system-out>
</testcase>
<testcase name="test1989" classname="RegressionTest3" time="0">
<system-out><![CDATA[
unique-id: [engine:junit-vintage]/[runner:RegressionTest]/[test:RegressionTest3]/[test:test1989(RegressionTest3)]
display-name: test1989
]]></system-out>
</testcase>
<testcase name="test1087" classname="RegressionTest2" time="0">
<system-out><![CDATA[
unique-id: [engine:junit-vintage]/[runner:RegressionTest]/[test:RegressionTest2]/[test:test1087(RegressionTest2)]
display-name: test1087
]]></system-out>
</testcase>
<testcase name="test1233" classname="RegressionTest2" time="0">
<system-out><![CDATA[
unique-id: [engine:junit-vintage]/[runner:RegressionTest]/[test:RegressionTest2]/[test:test1233(RegressionTest2)]
display-name: test1233
]]></system-out>
</testcase>
<testcase name="test0025" classname="RegressionTest0" time="0">
<system-out><![CDATA[
unique-id: [engine:junit-vintage]/[runner:RegressionTest]/[test:RegressionTest0]/[test:test0025(RegressionTest0)]
display-name: test0025
]]></system-out>
</testcase>
<testcase name="test0336" classname="RegressionTest0" time="0">
<system-out><![CDATA[
unique-id: [engine:junit-vintage]/[runner:RegressionTest]/[test:RegressionTest0]/[test:test0336(RegressionTest0)]
display-name: test0336
]]></system-out>
</testcase>
<testcase name="test0711" classname="RegressionTest1" time="0">
<system-out><![CDATA[
unique-id: [engine:junit-vintage]/[runner:RegressionTest]/[test:RegressionTest1]/[test:test0711(RegressionTest1)]
display-name: test0711
]]></system-out>
</testcase>
<testcase name="test1046" classname="RegressionTest2" time="0">
<system-out><![CDATA[
unique-id: [engine:junit-vintage]/[runner:RegressionTest]/[test:RegressionTest2]/[test:test1046(RegressionTest2)]
display-name: test1046
]]></system-out>
</testcase>
<testcase name="test0558" classname="RegressionTest1" time="0">
<system-out><![CDATA[
unique-id: [engine:junit-vintage]/[runner:RegressionTest]/[test:RegressionTest1]/[test:test0558(RegressionTest1)]
display-name: test0558
]]></system-out>
</testcase>
<testcase name="test0984" classname="RegressionTest1" time="0">
<system-out><![CDATA[
unique-id: [engine:junit-vintage]/[runner:RegressionTest]/[test:RegressionTest1]/[test:test0984(RegressionTest1)]
display-name: test0984
]]></system-out>
</testcase>
<testcase name="test2419" classname="RegressionTest4" time="0">
<system-out><![CDATA[
unique-id: [engine:junit-vintage]/[runner:RegressionTest]/[test:RegressionTest4]/[test:test2419(RegressionTest4)]
display-name: test2419
]]></system-out>
</testcase>
<testcase name="test0307" classname="RegressionTest0" time="0">
<system-out><![CDATA[
unique-id: [engine:junit-vintage]/[runner:RegressionTest]/[test:RegressionTest0]/[test:test0307(RegressionTest0)]
display-name: test0307
]]></system-out>
</testcase>
<testcase name="test1808" classname="RegressionTest3" time="0">
<system-out><![CDATA[
unique-id: [engine:junit-vintage]/[runner:RegressionTest]/[test:RegressionTest3]/[test:test1808(RegressionTest3)]
display-name: test1808
]]></system-out>
</testcase>
<testcase name="test1217" classname="RegressionTest2" time="0">
<system-out><![CDATA[
unique-id: [engine:junit-vintage]/[runner:RegressionTest]/[test:RegressionTest2]/[test:test1217(RegressionTest2)]
display-name: test1217
]]></system-out>
</testcase>
<testcase name="test1913" classname="RegressionTest3" time="0">
<system-out><![CDATA[
unique-id: [engine:junit-vintage]/[runner:RegressionTest]/[test:RegressionTest3]/[test:test1913(RegressionTest3)]
display-name: test1913
]]></system-out>
</testcase>
<testcase name="test2353" classname="RegressionTest4" time="0">
<system-out><![CDATA[
unique-id: [engine:junit-vintage]/[runner:RegressionTest]/[test:RegressionTest4]/[test:test2353(RegressionTest4)]
display-name: test2353
]]></system-out>
</testcase>
<testcase name="test0393" classname="RegressionTest0" time="0">
<system-out><![CDATA[
unique-id: [engine:junit-vintage]/[runner:RegressionTest]/[test:RegressionTest0]/[test:test0393(RegressionTest0)]
display-name: test0393
]]></system-out>
</testcase>
<testcase name="test1627" classname="RegressionTest3" time="0">
<system-out><![CDATA[
unique-id: [engine:junit-vintage]/[runner:RegressionTest]/[test:RegressionTest3]/[test:test1627(RegressionTest3)]
display-name: test1627
]]></system-out>
</testcase>
<testcase name="test2302" classname="RegressionTest4" time="0">
<system-out><![CDATA[
unique-id: [engine:junit-vintage]/[runner:RegressionTest]/[test:RegressionTest4]/[test:test2302(RegressionTest4)]
display-name: test2302
]]></system-out>
</testcase>
<testcase name="test0939" classname="RegressionTest1" time="0">
<system-out><![CDATA[
unique-id: [engine:junit-vintage]/[runner:RegressionTest]/[test:RegressionTest1]/[test:test0939(RegressionTest1)]
display-name: test0939
]]></system-out>
</testcase>
<testcase name="test1151" classname="RegressionTest2" time="0">
<system-out><![CDATA[
unique-id: [engine:junit-vintage]/[runner:RegressionTest]/[test:RegressionTest2]/[test:test1151(RegressionTest2)]
display-name: test1151
]]></system-out>
</testcase>
<testcase name="test0412" classname="RegressionTest0" time="0">
<system-out><![CDATA[
unique-id: [engine:junit-vintage]/[runner:RegressionTest]/[test:RegressionTest0]/[test:test0412(RegressionTest0)]
display-name: test0412
]]></system-out>
</testcase>
<testcase name="test2032" classname="RegressionTest4" time="0">
<system-out><![CDATA[
unique-id: [engine:junit-vintage]/[runner:RegressionTest]/[test:RegressionTest4]/[test:test2032(RegressionTest4)]
display-name: test2032
]]></system-out>
</testcase>
<testcase name="test0692" classname="RegressionTest1" time="0">
<system-out><![CDATA[
unique-id: [engine:junit-vintage]/[runner:RegressionTest]/[test:RegressionTest1]/[test:test0692(RegressionTest1)]
display-name: test0692
]]></system-out>
</testcase>
<testcase name="test0447" classname="RegressionTest0" time="0">
<system-out><![CDATA[
unique-id: [engine:junit-vintage]/[runner:RegressionTest]/[test:RegressionTest0]/[test:test0447(RegressionTest0)]
display-name: test0447
]]></system-out>
</testcase>
<testcase name="test2067" classname="RegressionTest4" time="0">
<system-out><![CDATA[
unique-id: [engine:junit-vintage]/[runner:RegressionTest]/[test:RegressionTest4]/[test:test2067(RegressionTest4)]
display-name: test2067
]]></system-out>
</testcase>
<testcase name="test2680" classname="RegressionTest5" time="0">
<system-out><![CDATA[
unique-id: [engine:junit-vintage]/[runner:RegressionTest]/[test:RegressionTest5]/[test:test2680(RegressionTest5)]
display-name: test2680
]]></system-out>
</testcase>
<testcase name="test0060" classname="RegressionTest0" time="0">
<system-out><![CDATA[
unique-id: [engine:junit-vintage]/[runner:RegressionTest]/[test:RegressionTest0]/[test:test0060(RegressionTest0)]
display-name: test0060
]]></system-out>
</testcase>
<testcase name="test1011" classname="RegressionTest2" time="0">
<system-out><![CDATA[
unique-id: [engine:junit-vintage]/[runner:RegressionTest]/[test:RegressionTest2]/[test:test1011(RegressionTest2)]
display-name: test1011
]]></system-out>
</testcase>
<testcase name="test1379" classname="RegressionTest2" time="0">
<system-out><![CDATA[
unique-id: [engine:junit-vintage]/[runner:RegressionTest]/[test:RegressionTest2]/[test:test1379(RegressionTest2)]
display-name: test1379
]]></system-out>
</testcase>
<testcase name="test2664" classname="RegressionTest5" time="0">
<system-out><![CDATA[
unique-id: [engine:junit-vintage]/[runner:RegressionTest]/[test:RegressionTest5]/[test:test2664(RegressionTest5)]
display-name: test2664
]]></system-out>
</testcase>
<testcase name="test2394" classname="RegressionTest4" time="0">
<system-out><![CDATA[
unique-id: [engine:junit-vintage]/[runner:RegressionTest]/[test:RegressionTest4]/[test:test2394(RegressionTest4)]
display-name: test2394
]]></system-out>
</testcase>
<testcase name="test2559" classname="RegressionTest5" time="0">
<system-out><![CDATA[
unique-id: [engine:junit-vintage]/[runner:RegressionTest]/[test:RegressionTest5]/[test:test2559(RegressionTest5)]
display-name: test2559
]]></system-out>
</testcase>
<testcase name="test1262" classname="RegressionTest2" time="0">
<system-out><![CDATA[
unique-id: [engine:junit-vintage]/[runner:RegressionTest]/[test:RegressionTest2]/[test:test1262(RegressionTest2)]
display-name: test1262
]]></system-out>
</testcase>
<testcase name="test1532" classname="RegressionTest3" time="0">
<system-out><![CDATA[
unique-id: [engine:junit-vintage]/[runner:RegressionTest]/[test:RegressionTest3]/[test:test1532(RegressionTest3)]
display-name: test1532
]]></system-out>
</testcase>
<testcase name="test1738" classname="RegressionTest3" time="0">
<system-out><![CDATA[
unique-id: [engine:junit-vintage]/[runner:RegressionTest]/[test:RegressionTest3]/[test:test1738(RegressionTest3)]
display-name: test1738
]]></system-out>
</testcase>
<testcase name="test2413" classname="RegressionTest4" time="0">
<system-out><![CDATA[
unique-id: [engine:junit-vintage]/[runner:RegressionTest]/[test:RegressionTest4]/[test:test2413(RegressionTest4)]
display-name: test2413
]]></system-out>
</testcase>
<testcase name="test2172" classname="RegressionTest4" time="0">
<system-out><![CDATA[
unique-id: [engine:junit-vintage]/[runner:RegressionTest]/[test:RegressionTest4]/[test:test2172(RegressionTest4)]
display-name: test2172
]]></system-out>
</testcase>
<testcase name="test1538" classname="RegressionTest3" time="0">
<system-out><![CDATA[
unique-id: [engine:junit-vintage]/[runner:RegressionTest]/[test:RegressionTest3]/[test:test1538(RegressionTest3)]
display-name: test1538
]]></system-out>
</testcase>
<testcase name="test0828" classname="RegressionTest1" time="0">
<system-out><![CDATA[
unique-id: [engine:junit-vintage]/[runner:RegressionTest]/[test:RegressionTest1]/[test:test0828(RegressionTest1)]
display-name: test0828
]]></system-out>
</testcase>
<testcase name="test1211" classname="RegressionTest2" time="0">
<system-out><![CDATA[
unique-id: [engine:junit-vintage]/[runner:RegressionTest]/[test:RegressionTest2]/[test:test1211(RegressionTest2)]
display-name: test1211
]]></system-out>
</testcase>
<testcase name="test1268" classname="RegressionTest2" time="0">
<system-out><![CDATA[
unique-id: [engine:junit-vintage]/[runner:RegressionTest]/[test:RegressionTest2]/[test:test1268(RegressionTest2)]
display-name: test1268
]]></system-out>
</testcase>
<testcase name="test0171" classname="RegressionTest0" time="0">
<system-out><![CDATA[
unique-id: [engine:junit-vintage]/[runner:RegressionTest]/[test:RegressionTest0]/[test:test0171(RegressionTest0)]
display-name: test0171
]]></system-out>
</testcase>
<testcase name="test1468" classname="RegressionTest2" time="0">
<system-out><![CDATA[
unique-id: [engine:junit-vintage]/[runner:RegressionTest]/[test:RegressionTest2]/[test:test1468(RegressionTest2)]
display-name: test1468
]]></system-out>
</testcase>
<testcase name="test2178" classname="RegressionTest4" time="0">
<system-out><![CDATA[
unique-id: [engine:junit-vintage]/[runner:RegressionTest]/[test:RegressionTest4]/[test:test2178(RegressionTest4)]
display-name: test2178
]]></system-out>
</testcase>
<testcase name="test0463" classname="RegressionTest0" time="0">
<system-out><![CDATA[
unique-id: [engine:junit-vintage]/[runner:RegressionTest]/[test:RegressionTest0]/[test:test0463(RegressionTest0)]
display-name: test0463
]]></system-out>
</testcase>
<testcase name="test1643" classname="RegressionTest3" time="0">
<system-out><![CDATA[
unique-id: [engine:junit-vintage]/[runner:RegressionTest]/[test:RegressionTest3]/[test:test1643(RegressionTest3)]
display-name: test1643
]]></system-out>
</testcase>
<testcase name="test2083" classname="RegressionTest4" time="0">
<system-out><![CDATA[
unique-id: [engine:junit-vintage]/[runner:RegressionTest]/[test:RegressionTest4]/[test:test2083(RegressionTest4)]
display-name: test2083
]]></system-out>
</testcase>
<testcase name="test0733" classname="RegressionTest1" time="0">
<system-out><![CDATA[
unique-id: [engine:junit-vintage]/[runner:RegressionTest]/[test:RegressionTest1]/[test:test0733(RegressionTest1)]
display-name: test0733
]]></system-out>
</testcase>
<testcase name="test0933" classname="RegressionTest1" time="0">
<system-out><![CDATA[
unique-id: [engine:junit-vintage]/[runner:RegressionTest]/[test:RegressionTest1]/[test:test0933(RegressionTest1)]
display-name: test0933
]]></system-out>
</testcase>
<testcase name="test2553" classname="RegressionTest5" time="0">
<system-out><![CDATA[
unique-id: [engine:junit-vintage]/[runner:RegressionTest]/[test:RegressionTest5]/[test:test2553(RegressionTest5)]
display-name: test2553
]]></system-out>
</testcase>
<testcase name="test1373" classname="RegressionTest2" time="0">
<system-out><![CDATA[
unique-id: [engine:junit-vintage]/[runner:RegressionTest]/[test:RegressionTest2]/[test:test1373(RegressionTest2)]
display-name: test1373
]]></system-out>
</testcase>
<testcase name="test1843" classname="RegressionTest3" time="0">
<system-out><![CDATA[
unique-id: [engine:junit-vintage]/[runner:RegressionTest]/[test:RegressionTest3]/[test:test1843(RegressionTest3)]
display-name: test1843
]]></system-out>
</testcase>
<testcase name="test2283" classname="RegressionTest4" time="0">
<system-out><![CDATA[
unique-id: [engine:junit-vintage]/[runner:RegressionTest]/[test:RegressionTest4]/[test:test2283(RegressionTest4)]
display-name: test2283
]]></system-out>
</testcase>
<testcase name="test2383" classname="RegressionTest4" time="0">
<system-out><![CDATA[
unique-id: [engine:junit-vintage]/[runner:RegressionTest]/[test:RegressionTest4]/[test:test2383(RegressionTest4)]
display-name: test2383
]]></system-out>
</testcase>
<testcase name="test0559" classname="RegressionTest1" time="0">
<system-out><![CDATA[
unique-id: [engine:junit-vintage]/[runner:RegressionTest]/[test:RegressionTest1]/[test:test0559(RegressionTest1)]
display-name: test0559
]]></system-out>
</testcase>
<testcase name="test0662" classname="RegressionTest1" time="0">
<system-out><![CDATA[
unique-id: [engine:junit-vintage]/[runner:RegressionTest]/[test:RegressionTest1]/[test:test0662(RegressionTest1)]
display-name: test0662
]]></system-out>
</testcase>
<testcase name="test2454" classname="RegressionTest4" time="0">
<system-out><![CDATA[
unique-id: [engine:junit-vintage]/[runner:RegressionTest]/[test:RegressionTest4]/[test:test2454(RegressionTest4)]
display-name: test2454
]]></system-out>
</testcase>
<testcase name="test0101" classname="RegressionTest0" time="0.001">
<system-out><![CDATA[
unique-id: [engine:junit-vintage]/[runner:RegressionTest]/[test:RegressionTest0]/[test:test0101(RegressionTest0)]
display-name: test0101
]]></system-out>
</testcase>
<testcase name="test0008" classname="RegressionTest0" time="0.004">
<system-out><![CDATA[
unique-id: [engine:junit-vintage]/[runner:RegressionTest]/[test:RegressionTest0]/[test:test0008(RegressionTest0)]
display-name: test0008
]]></system-out>
</testcase>
<testcase name="test0065" classname="RegressionTest0" time="0">
<system-out><![CDATA[
unique-id: [engine:junit-vintage]/[runner:RegressionTest]/[test:RegressionTest0]/[test:test0065(RegressionTest0)]
display-name: test0065
]]></system-out>
</testcase>
<testcase name="test0569" classname="RegressionTest1" time="0">
<system-out><![CDATA[
unique-id: [engine:junit-vintage]/[runner:RegressionTest]/[test:RegressionTest1]/[test:test0569(RegressionTest1)]
display-name: test0569
]]></system-out>
</testcase>
<testcase name="test0534" classname="RegressionTest1" time="0">
<system-out><![CDATA[
unique-id: [engine:junit-vintage]/[runner:RegressionTest]/[test:RegressionTest1]/[test:test0534(RegressionTest1)]
display-name: test0534
]]></system-out>
</testcase>
<testcase name="test0605" classname="RegressionTest1" time="0">
<system-out><![CDATA[
unique-id: [engine:junit-vintage]/[runner:RegressionTest]/[test:RegressionTest1]/[test:test0605(RegressionTest1)]
display-name: test0605
]]></system-out>
</testcase>
<testcase name="test2220" classname="RegressionTest4" time="0">
<system-out><![CDATA[
unique-id: [engine:junit-vintage]/[runner:RegressionTest]/[test:RegressionTest4]/[test:test2220(RegressionTest4)]
display-name: test2220
]]></system-out>
</testcase>
<testcase name="test2489" classname="RegressionTest4" time="0">
<system-out><![CDATA[
unique-id: [engine:junit-vintage]/[runner:RegressionTest]/[test:RegressionTest4]/[test:test2489(RegressionTest4)]
display-name: test2489
]]></system-out>
</testcase>
<testcase name="test0030" classname="RegressionTest0" time="0.004">
<system-out><![CDATA[
unique-id: [engine:junit-vintage]/[runner:RegressionTest]/[test:RegressionTest0]/[test:test0030(RegressionTest0)]
display-name: test0030
]]></system-out>
</testcase>
<testcase name="test0591" classname="RegressionTest1" time="0">
<system-out><![CDATA[
unique-id: [engine:junit-vintage]/[runner:RegressionTest]/[test:RegressionTest1]/[test:test0591(RegressionTest1)]
display-name: test0591
]]></system-out>
</testcase>
<testcase name="test2255" classname="RegressionTest4" time="0">
<system-out><![CDATA[
unique-id: [engine:junit-vintage]/[runner:RegressionTest]/[test:RegressionTest4]/[test:test2255(RegressionTest4)]
display-name: test2255
]]></system-out>
</testcase>
<testcase name="test0330" classname="RegressionTest0" time="0">
<system-out><![CDATA[
unique-id: [engine:junit-vintage]/[runner:RegressionTest]/[test:RegressionTest0]/[test:test0330(RegressionTest0)]
display-name: test0330
]]></system-out>
</testcase>
<testcase name="test1140" classname="RegressionTest2" time="0">
<system-out><![CDATA[
unique-id: [engine:junit-vintage]/[runner:RegressionTest]/[test:RegressionTest2]/[test:test1140(RegressionTest2)]
display-name: test1140
]]></system-out>
</testcase>
<testcase name="test0687" classname="RegressionTest1" time="0">
<system-out><![CDATA[
unique-id: [engine:junit-vintage]/[runner:RegressionTest]/[test:RegressionTest1]/[test:test0687(RegressionTest1)]
display-name: test0687
]]></system-out>
</testcase>
<testcase name="test2552" classname="RegressionTest5" time="0">
<system-out><![CDATA[
unique-id: [engine:junit-vintage]/[runner:RegressionTest]/[test:RegressionTest5]/[test:test2552(RegressionTest5)]
display-name: test2552
]]></system-out>
</testcase>
<testcase name="test2613" classname="RegressionTest5" time="0">
<system-out><![CDATA[
unique-id: [engine:junit-vintage]/[runner:RegressionTest]/[test:RegressionTest5]/[test:test2613(RegressionTest5)]
display-name: test2613
]]></system-out>
</testcase>
<testcase name="test1742" classname="RegressionTest3" time="0">
<system-out><![CDATA[
unique-id: [engine:junit-vintage]/[runner:RegressionTest]/[test:RegressionTest3]/[test:test1742(RegressionTest3)]
display-name: test1742
]]></system-out>
</testcase>
<testcase name="test1803" classname="RegressionTest3" time="0">
<system-out><![CDATA[
unique-id: [engine:junit-vintage]/[runner:RegressionTest]/[test:RegressionTest3]/[test:test1803(RegressionTest3)]
display-name: test1803
]]></system-out>
</testcase>
<testcase name="test0581" classname="RegressionTest1" time="0">
<system-out><![CDATA[
unique-id: [engine:junit-vintage]/[runner:RegressionTest]/[test:RegressionTest1]/[test:test0581(RegressionTest1)]
display-name: test0581
]]></system-out>
</testcase>
<testcase name="test1976" classname="RegressionTest3" time="0">
<system-out><![CDATA[
unique-id: [engine:junit-vintage]/[runner:RegressionTest]/[test:RegressionTest3]/[test:test1976(RegressionTest3)]
display-name: test1976
]]></system-out>
</testcase>
<testcase name="test2230" classname="RegressionTest4" time="0">
<system-out><![CDATA[
unique-id: [engine:junit-vintage]/[runner:RegressionTest]/[test:RegressionTest4]/[test:test2230(RegressionTest4)]
display-name: test2230
]]></system-out>
</testcase>
<testcase name="test0436" classname="RegressionTest0" time="0">
<system-out><![CDATA[
unique-id: [engine:junit-vintage]/[runner:RegressionTest]/[test:RegressionTest0]/[test:test0436(RegressionTest0)]
display-name: test0436
]]></system-out>
</testcase>
<testcase name="test0997" classname="RegressionTest1" time="0">
<system-out><![CDATA[
unique-id: [engine:junit-vintage]/[runner:RegressionTest]/[test:RegressionTest1]/[test:test0997(RegressionTest1)]
display-name: test0997
]]></system-out>
</testcase>
<testcase name="test0020" classname="RegressionTest0" time="0">
<system-out><![CDATA[
unique-id: [engine:junit-vintage]/[runner:RegressionTest]/[test:RegressionTest0]/[test:test0020(RegressionTest0)]
display-name: test0020
]]></system-out>
</testcase>
<testcase name="test0498" classname="RegressionTest0" time="0">
<system-out><![CDATA[
unique-id: [engine:junit-vintage]/[runner:RegressionTest]/[test:RegressionTest0]/[test:test0498(RegressionTest0)]
display-name: test0498
]]></system-out>
</testcase>
<testcase name="test1813" classname="RegressionTest3" time="0">
<system-out><![CDATA[
unique-id: [engine:junit-vintage]/[runner:RegressionTest]/[test:RegressionTest3]/[test:test1813(RegressionTest3)]
display-name: test1813
]]></system-out>
</testcase>
<testcase name="test2301" classname="RegressionTest4" time="0">
<system-out><![CDATA[
unique-id: [engine:junit-vintage]/[runner:RegressionTest]/[test:RegressionTest4]/[test:test2301(RegressionTest4)]
display-name: test2301
]]></system-out>
</testcase>
<testcase name="test0758" classname="RegressionTest1" time="0">
<system-out><![CDATA[
unique-id: [engine:junit-vintage]/[runner:RegressionTest]/[test:RegressionTest1]/[test:test0758(RegressionTest1)]
display-name: test0758
]]></system-out>
</testcase>
<testcase name="test0697" classname="RegressionTest1" time="0">
<system-out><![CDATA[
unique-id: [engine:junit-vintage]/[runner:RegressionTest]/[test:RegressionTest1]/[test:test0697(RegressionTest1)]
display-name: test0697
]]></system-out>
</testcase>
<testcase name="test0493" classname="RegressionTest0" time="0">
<system-out><![CDATA[
unique-id: [engine:junit-vintage]/[runner:RegressionTest]/[test:RegressionTest0]/[test:test0493(RegressionTest0)]
display-name: test0493
]]></system-out>
</testcase>
<testcase name="test0193" classname="RegressionTest0" time="0">
<system-out><![CDATA[
unique-id: [engine:junit-vintage]/[runner:RegressionTest]/[test:RegressionTest0]/[test:test0193(RegressionTest0)]
display-name: test0193
]]></system-out>
</testcase>
<testcase name="test0524" classname="RegressionTest1" time="0">
<system-out><![CDATA[
unique-id: [engine:junit-vintage]/[runner:RegressionTest]/[test:RegressionTest1]/[test:test0524(RegressionTest1)]
display-name: test0524
]]></system-out>
</testcase>
<testcase name="test1047" classname="RegressionTest2" time="0">
<system-out><![CDATA[
unique-id: [engine:junit-vintage]/[runner:RegressionTest]/[test:RegressionTest2]/[test:test1047(RegressionTest2)]
display-name: test1047
]]></system-out>
</testcase>
<testcase name="test2388" classname="RegressionTest4" time="0">
<system-out><![CDATA[
unique-id: [engine:junit-vintage]/[runner:RegressionTest]/[test:RegressionTest4]/[test:test2388(RegressionTest4)]
display-name: test2388
]]></system-out>
</testcase>
<testcase name="test0411" classname="RegressionTest0" time="0">
<system-out><![CDATA[
unique-id: [engine:junit-vintage]/[runner:RegressionTest]/[test:RegressionTest0]/[test:test0411(RegressionTest0)]
display-name: test0411
]]></system-out>
</testcase>
<testcase name="test1895" classname="RegressionTest3" time="0">
<system-out><![CDATA[
unique-id: [engine:junit-vintage]/[runner:RegressionTest]/[test:RegressionTest3]/[test:test1895(RegressionTest3)]
display-name: test1895
]]></system-out>
</testcase>
<testcase name="test1369" classname="RegressionTest2" time="0">
<system-out><![CDATA[
unique-id: [engine:junit-vintage]/[runner:RegressionTest]/[test:RegressionTest2]/[test:test1369(RegressionTest2)]
display-name: test1369
]]></system-out>
</testcase>
<testcase name="test1298" classname="RegressionTest2" time="0">
<system-out><![CDATA[
unique-id: [engine:junit-vintage]/[runner:RegressionTest]/[test:RegressionTest2]/[test:test1298(RegressionTest2)]
display-name: test1298
]]></system-out>
</testcase>
<testcase name="test2137" classname="RegressionTest4" time="0">
<system-out><![CDATA[
unique-id: [engine:junit-vintage]/[runner:RegressionTest]/[test:RegressionTest4]/[test:test2137(RegressionTest4)]
display-name: test2137
]]></system-out>
</testcase>
<testcase name="test1135" classname="RegressionTest2" time="0">
<system-out><![CDATA[
unique-id: [engine:junit-vintage]/[runner:RegressionTest]/[test:RegressionTest2]/[test:test1135(RegressionTest2)]
display-name: test1135
]]></system-out>
</testcase>
<testcase name="test1644" classname="RegressionTest3" time="0">
<system-out><![CDATA[
unique-id: [engine:junit-vintage]/[runner:RegressionTest]/[test:RegressionTest3]/[test:test1644(RegressionTest3)]
display-name: test1644
]]></system-out>
</testcase>
<testcase name="test1344" classname="RegressionTest2" time="0">
<system-out><![CDATA[
unique-id: [engine:junit-vintage]/[runner:RegressionTest]/[test:RegressionTest2]/[test:test1344(RegressionTest2)]
display-name: test1344
]]></system-out>
</testcase>
<testcase name="test1263" classname="RegressionTest2" time="0">
<system-out><![CDATA[
unique-id: [engine:junit-vintage]/[runner:RegressionTest]/[test:RegressionTest2]/[test:test1263(RegressionTest2)]
display-name: test1263
]]></system-out>
</testcase>
<testcase name="test2073" classname="RegressionTest4" time="0">
<system-out><![CDATA[
unique-id: [engine:junit-vintage]/[runner:RegressionTest]/[test:RegressionTest4]/[test:test2073(RegressionTest4)]
display-name: test2073
]]></system-out>
</testcase>
<testcase name="test1583" classname="RegressionTest3" time="0">
<system-out><![CDATA[
unique-id: [engine:junit-vintage]/[runner:RegressionTest]/[test:RegressionTest3]/[test:test1583(RegressionTest3)]
display-name: test1583
]]></system-out>
</testcase>
<testcase name="test1767" classname="RegressionTest3" time="0">
<system-out><![CDATA[
unique-id: [engine:junit-vintage]/[runner:RegressionTest]/[test:RegressionTest3]/[test:test1767(RegressionTest3)]
display-name: test1767
]]></system-out>
</testcase>
<testcase name="test2577" classname="RegressionTest5" time="0">
<system-out><![CDATA[
unique-id: [engine:junit-vintage]/[runner:RegressionTest]/[test:RegressionTest5]/[test:test2577(RegressionTest5)]
display-name: test2577
]]></system-out>
</testcase>
<testcase name="test0599" classname="RegressionTest1" time="0">
<system-out><![CDATA[
unique-id: [engine:junit-vintage]/[runner:RegressionTest]/[test:RegressionTest1]/[test:test0599(RegressionTest1)]
display-name: test0599
]]></system-out>
</testcase>
<testcase name="test1679" classname="RegressionTest3" time="0">
<system-out><![CDATA[
unique-id: [engine:junit-vintage]/[runner:RegressionTest]/[test:RegressionTest3]/[test:test1679(RegressionTest3)]
display-name: test1679
]]></system-out>
</testcase>
<testcase name="test1941" classname="RegressionTest3" time="0">
<system-out><![CDATA[
unique-id: [engine:junit-vintage]/[runner:RegressionTest]/[test:RegressionTest3]/[test:test1941(RegressionTest3)]
display-name: test1941
]]></system-out>
</testcase>
<testcase name="test0126" classname="RegressionTest0" time="0.003">
<system-out><![CDATA[
unique-id: [engine:junit-vintage]/[runner:RegressionTest]/[test:RegressionTest0]/[test:test0126(RegressionTest0)]
display-name: test0126
]]></system-out>
</testcase>
<testcase name="test1175" classname="RegressionTest2" time="0">
<system-out><![CDATA[
unique-id: [engine:junit-vintage]/[runner:RegressionTest]/[test:RegressionTest2]/[test:test1175(RegressionTest2)]
display-name: test1175
]]></system-out>
</testcase>
<testcase name="test0365" classname="RegressionTest0" time="0">
<system-out><![CDATA[
unique-id: [engine:junit-vintage]/[runner:RegressionTest]/[test:RegressionTest0]/[test:test0365(RegressionTest0)]
display-name: test0365
]]></system-out>
</testcase>
<testcase name="test2481" classname="RegressionTest4" time="0">
<system-out><![CDATA[
unique-id: [engine:junit-vintage]/[runner:RegressionTest]/[test:RegressionTest4]/[test:test2481(RegressionTest4)]
display-name: test2481
]]></system-out>
</testcase>
<testcase name="test2326" classname="RegressionTest4" time="0">
<system-out><![CDATA[
unique-id: [engine:junit-vintage]/[runner:RegressionTest]/[test:RegressionTest4]/[test:test2326(RegressionTest4)]
display-name: test2326
]]></system-out>
</testcase>
<testcase name="test0915" classname="RegressionTest1" time="0">
<system-out><![CDATA[
unique-id: [engine:junit-vintage]/[runner:RegressionTest]/[test:RegressionTest1]/[test:test0915(RegressionTest1)]
display-name: test0915
]]></system-out>
</testcase>
<testcase name="test1110" classname="RegressionTest2" time="0">
<system-out><![CDATA[
unique-id: [engine:junit-vintage]/[runner:RegressionTest]/[test:RegressionTest2]/[test:test1110(RegressionTest2)]
display-name: test1110
]]></system-out>
</testcase>
<testcase name="test0657" classname="RegressionTest1" time="0">
<system-out><![CDATA[
unique-id: [engine:junit-vintage]/[runner:RegressionTest]/[test:RegressionTest1]/[test:test0657(RegressionTest1)]
display-name: test0657
]]></system-out>
</testcase>
<testcase name="test1725" classname="RegressionTest3" time="0">
<system-out><![CDATA[
unique-id: [engine:junit-vintage]/[runner:RegressionTest]/[test:RegressionTest3]/[test:test1725(RegressionTest3)]
display-name: test1725
]]></system-out>
</testcase>
<testcase name="test1909" classname="RegressionTest3" time="0">
<system-out><![CDATA[
unique-id: [engine:junit-vintage]/[runner:RegressionTest]/[test:RegressionTest3]/[test:test1909(RegressionTest3)]
display-name: test1909
]]></system-out>
</testcase>
<testcase name="test0406" classname="RegressionTest0" time="0">
<system-out><![CDATA[
unique-id: [engine:junit-vintage]/[runner:RegressionTest]/[test:RegressionTest0]/[test:test0406(RegressionTest0)]
display-name: test0406
]]></system-out>
</testcase>
<testcase name="test1216" classname="RegressionTest2" time="0">
<system-out><![CDATA[
unique-id: [engine:junit-vintage]/[runner:RegressionTest]/[test:RegressionTest2]/[test:test1216(RegressionTest2)]
display-name: test1216
]]></system-out>
</testcase>
<testcase name="test1391" classname="RegressionTest2" time="0">
<system-out><![CDATA[
unique-id: [engine:junit-vintage]/[runner:RegressionTest]/[test:RegressionTest2]/[test:test1391(RegressionTest2)]
display-name: test1391
]]></system-out>
</testcase>
<testcase name="test2393" classname="RegressionTest4" time="0">
<system-out><![CDATA[
unique-id: [engine:junit-vintage]/[runner:RegressionTest]/[test:RegressionTest4]/[test:test2393(RegressionTest4)]
display-name: test2393
]]></system-out>
</testcase>
<testcase name="test0723" classname="RegressionTest1" time="0">
<system-out><![CDATA[
unique-id: [engine:junit-vintage]/[runner:RegressionTest]/[test:RegressionTest1]/[test:test0723(RegressionTest1)]
display-name: test0723
]]></system-out>
</testcase>
<testcase name="test0790" classname="RegressionTest1" time="0">
<system-out><![CDATA[
unique-id: [engine:junit-vintage]/[runner:RegressionTest]/[test:RegressionTest1]/[test:test0790(RegressionTest1)]
display-name: test0790
]]></system-out>
</testcase>
<testcase name="test0962" classname="RegressionTest1" time="0">
<system-out><![CDATA[
unique-id: [engine:junit-vintage]/[runner:RegressionTest]/[test:RegressionTest1]/[test:test0962(RegressionTest1)]
display-name: test0962
]]></system-out>
</testcase>
<testcase name="test1772" classname="RegressionTest3" time="0">
<system-out><![CDATA[
unique-id: [engine:junit-vintage]/[runner:RegressionTest]/[test:RegressionTest3]/[test:test1772(RegressionTest3)]
display-name: test1772
]]></system-out>
</testcase>
<testcase name="test0507" classname="RegressionTest1" time="0">
<system-out><![CDATA[
unique-id: [engine:junit-vintage]/[runner:RegressionTest]/[test:RegressionTest1]/[test:test0507(RegressionTest1)]
display-name: test0507
]]></system-out>
</testcase>
<testcase name="test2265" classname="RegressionTest4" time="0">
<system-out><![CDATA[
unique-id: [engine:junit-vintage]/[runner:RegressionTest]/[test:RegressionTest4]/[test:test2265(RegressionTest4)]
display-name: test2265
]]></system-out>
</testcase>
<testcase name="test1848" classname="RegressionTest3" time="0">
<system-out><![CDATA[
unique-id: [engine:junit-vintage]/[runner:RegressionTest]/[test:RegressionTest3]/[test:test1848(RegressionTest3)]
display-name: test1848
]]></system-out>
</testcase>
<testcase name="test2449" classname="RegressionTest4" time="0">
<system-out><![CDATA[
unique-id: [engine:junit-vintage]/[runner:RegressionTest]/[test:RegressionTest4]/[test:test2449(RegressionTest4)]
display-name: test2449
]]></system-out>
</testcase>
<testcase name="test0750" classname="RegressionTest1" time="0">
<system-out><![CDATA[
unique-id: [engine:junit-vintage]/[runner:RegressionTest]/[test:RegressionTest1]/[test:test0750(RegressionTest1)]
display-name: test0750
]]></system-out>
</testcase>
<testcase name="test1560" classname="RegressionTest3" time="0">
<system-out><![CDATA[
unique-id: [engine:junit-vintage]/[runner:RegressionTest]/[test:RegressionTest3]/[test:test1560(RegressionTest3)]
display-name: test1560
]]></system-out>
</testcase>
<testcase name="test1936" classname="RegressionTest3" time="0">
<system-out><![CDATA[
unique-id: [engine:junit-vintage]/[runner:RegressionTest]/[test:RegressionTest3]/[test:test1936(RegressionTest3)]
display-name: test1936
]]></system-out>
</testcase>
<testcase name="test0259" classname="RegressionTest0" time="0">
<system-out><![CDATA[
unique-id: [engine:junit-vintage]/[runner:RegressionTest]/[test:RegressionTest0]/[test:test0259(RegressionTest0)]
display-name: test0259
]]></system-out>
</testcase>
<testcase name="test0370" classname="RegressionTest0" time="0">
<system-out><![CDATA[
unique-id: [engine:junit-vintage]/[runner:RegressionTest]/[test:RegressionTest0]/[test:test0370(RegressionTest0)]
display-name: test0370
]]></system-out>
</testcase>
<testcase name="test1485" classname="RegressionTest2" time="0.001">
<system-out><![CDATA[
unique-id: [engine:junit-vintage]/[runner:RegressionTest]/[test:RegressionTest2]/[test:test1485(RegressionTest2)]
display-name: test1485
]]></system-out>
</testcase>
<testcase name="test2295" classname="RegressionTest4" time="0">
<system-out><![CDATA[
unique-id: [engine:junit-vintage]/[runner:RegressionTest]/[test:RegressionTest4]/[test:test2295(RegressionTest4)]
display-name: test2295
]]></system-out>
</testcase>
<testcase name="test0153" classname="RegressionTest0" time="0">
<system-out><![CDATA[
unique-id: [engine:junit-vintage]/[runner:RegressionTest]/[test:RegressionTest0]/[test:test0153(RegressionTest0)]
display-name: test0153
]]></system-out>
</testcase>
<testcase name="test0821" classname="RegressionTest1" time="0">
<system-out><![CDATA[
unique-id: [engine:junit-vintage]/[runner:RegressionTest]/[test:RegressionTest1]/[test:test0821(RegressionTest1)]
display-name: test0821
]]></system-out>
</testcase>
<testcase name="test1901" classname="RegressionTest3" time="0">
<system-out><![CDATA[
unique-id: [engine:junit-vintage]/[runner:RegressionTest]/[test:RegressionTest3]/[test:test1901(RegressionTest3)]
display-name: test1901
]]></system-out>
</testcase>
<testcase name="test1528" classname="RegressionTest3" time="0">
<system-out><![CDATA[
unique-id: [engine:junit-vintage]/[runner:RegressionTest]/[test:RegressionTest3]/[test:test1528(RegressionTest3)]
display-name: test1528
]]></system-out>
</testcase>
<testcase name="test2260" classname="RegressionTest4" time="0">
<system-out><![CDATA[
unique-id: [engine:junit-vintage]/[runner:RegressionTest]/[test:RegressionTest4]/[test:test2260(RegressionTest4)]
display-name: test2260
]]></system-out>
</testcase>
<testcase name="test0718" classname="RegressionTest1" time="0">
<system-out><![CDATA[
unique-id: [engine:junit-vintage]/[runner:RegressionTest]/[test:RegressionTest1]/[test:test0718(RegressionTest1)]
display-name: test0718
]]></system-out>
</testcase>
<testcase name="test2203" classname="RegressionTest4" time="0">
<system-out><![CDATA[
unique-id: [engine:junit-vintage]/[runner:RegressionTest]/[test:RegressionTest4]/[test:test2203(RegressionTest4)]
display-name: test2203
]]></system-out>
</testcase>
<testcase name="test0856" classname="RegressionTest1" time="0">
<system-out><![CDATA[
unique-id: [engine:junit-vintage]/[runner:RegressionTest]/[test:RegressionTest1]/[test:test0856(RegressionTest1)]
display-name: test0856
]]></system-out>
</testcase>
<testcase name="test2547" classname="RegressionTest5" time="0">
<system-out><![CDATA[
unique-id: [engine:junit-vintage]/[runner:RegressionTest]/[test:RegressionTest5]/[test:test2547(RegressionTest5)]
display-name: test2547
]]></system-out>
</testcase>
<testcase name="test1450" classname="RegressionTest2" time="0">
<system-out><![CDATA[
unique-id: [engine:junit-vintage]/[runner:RegressionTest]/[test:RegressionTest2]/[test:test1450(RegressionTest2)]
display-name: test1450
]]></system-out>
</testcase>
<testcase name="test0313" classname="RegressionTest0" time="0">
<system-out><![CDATA[
unique-id: [engine:junit-vintage]/[runner:RegressionTest]/[test:RegressionTest0]/[test:test0313(RegressionTest0)]
display-name: test0313
]]></system-out>
</testcase>
<testcase name="test0178" classname="RegressionTest0" time="0">
<system-out><![CDATA[
unique-id: [engine:junit-vintage]/[runner:RegressionTest]/[test:RegressionTest0]/[test:test0178(RegressionTest0)]
display-name: test0178
]]></system-out>
</testcase>
<testcase name="test2104" classname="RegressionTest4" time="0">
<system-out><![CDATA[
unique-id: [engine:junit-vintage]/[runner:RegressionTest]/[test:RegressionTest4]/[test:test2104(RegressionTest4)]
display-name: test2104
]]></system-out>
</testcase>
<testcase name="test2004" classname="RegressionTest4" time="0">
<system-out><![CDATA[
unique-id: [engine:junit-vintage]/[runner:RegressionTest]/[test:RegressionTest4]/[test:test2004(RegressionTest4)]
display-name: test2004
]]></system-out>
</testcase>
<testcase name="test2665" classname="RegressionTest5" time="0">
<system-out><![CDATA[
unique-id: [engine:junit-vintage]/[runner:RegressionTest]/[test:RegressionTest5]/[test:test2665(RegressionTest5)]
display-name: test2665
]]></system-out>
</testcase>
<testcase name="test0143" classname="RegressionTest0" time="0.006">
<system-out><![CDATA[
unique-id: [engine:junit-vintage]/[runner:RegressionTest]/[test:RegressionTest0]/[test:test0143(RegressionTest0)]
display-name: test0143
]]></system-out>
</testcase>
<testcase name="test1367" classname="RegressionTest2" time="0">
<system-out><![CDATA[
unique-id: [engine:junit-vintage]/[runner:RegressionTest]/[test:RegressionTest2]/[test:test1367(RegressionTest2)]
display-name: test1367
]]></system-out>
</testcase>
<testcase name="test2177" classname="RegressionTest4" time="0">
<system-out><![CDATA[
unique-id: [engine:junit-vintage]/[runner:RegressionTest]/[test:RegressionTest4]/[test:test2177(RegressionTest4)]
display-name: test2177
]]></system-out>
</testcase>
<testcase name="test1467" classname="RegressionTest2" time="0">
<system-out><![CDATA[
unique-id: [engine:junit-vintage]/[runner:RegressionTest]/[test:RegressionTest2]/[test:test1467(RegressionTest2)]
display-name: test1467
]]></system-out>
</testcase>
<testcase name="test2071" classname="RegressionTest4" time="0">
<system-out><![CDATA[
unique-id: [engine:junit-vintage]/[runner:RegressionTest]/[test:RegressionTest4]/[test:test2071(RegressionTest4)]
display-name: test2071
]]></system-out>
</testcase>
<testcase name="test0740" classname="RegressionTest1" time="0">
<system-out><![CDATA[
unique-id: [engine:junit-vintage]/[runner:RegressionTest]/[test:RegressionTest1]/[test:test0740(RegressionTest1)]
display-name: test0740
]]></system-out>
</testcase>
<testcase name="test1550" classname="RegressionTest3" time="0">
<system-out><![CDATA[
unique-id: [engine:junit-vintage]/[runner:RegressionTest]/[test:RegressionTest3]/[test:test1550(RegressionTest3)]
display-name: test1550
]]></system-out>
</testcase>
<testcase name="test0945" classname="RegressionTest1" time="0">
<system-out><![CDATA[
unique-id: [engine:junit-vintage]/[runner:RegressionTest]/[test:RegressionTest1]/[test:test0945(RegressionTest1)]
display-name: test0945
]]></system-out>
</testcase>
<testcase name="test1361" classname="RegressionTest2" time="0">
<system-out><![CDATA[
unique-id: [engine:junit-vintage]/[runner:RegressionTest]/[test:RegressionTest2]/[test:test1361(RegressionTest2)]
display-name: test1361
]]></system-out>
</testcase>
<testcase name="test2171" classname="RegressionTest4" time="0">
<system-out><![CDATA[
unique-id: [engine:junit-vintage]/[runner:RegressionTest]/[test:RegressionTest4]/[test:test2171(RegressionTest4)]
display-name: test2171
]]></system-out>
</testcase>
<testcase name="test0380" classname="RegressionTest0" time="0">
<system-out><![CDATA[
unique-id: [engine:junit-vintage]/[runner:RegressionTest]/[test:RegressionTest0]/[test:test0380(RegressionTest0)]
display-name: test0380
]]></system-out>
</testcase>
<testcase name="test1999" classname="RegressionTest3" time="0">
<system-out><![CDATA[
unique-id: [engine:junit-vintage]/[runner:RegressionTest]/[test:RegressionTest3]/[test:test1999(RegressionTest3)]
display-name: test1999
]]></system-out>
</testcase>
<testcase name="test0149" classname="RegressionTest0" time="0.003">
<system-out><![CDATA[
unique-id: [engine:junit-vintage]/[runner:RegressionTest]/[test:RegressionTest0]/[test:test0149(RegressionTest0)]
display-name: test0149
]]></system-out>
</testcase>
<testcase name="test0249" classname="RegressionTest0" time="0">
<system-out><![CDATA[
unique-id: [engine:junit-vintage]/[runner:RegressionTest]/[test:RegressionTest0]/[test:test0249(RegressionTest0)]
display-name: test0249
]]></system-out>
</testcase>
<testcase name="test2471" classname="RegressionTest4" time="0">
<system-out><![CDATA[
unique-id: [engine:junit-vintage]/[runner:RegressionTest]/[test:RegressionTest4]/[test:test2471(RegressionTest4)]
display-name: test2471
]]></system-out>
</testcase>
<testcase name="test1526" classname="RegressionTest3" time="0">
<system-out><![CDATA[
unique-id: [engine:junit-vintage]/[runner:RegressionTest]/[test:RegressionTest3]/[test:test1526(RegressionTest3)]
display-name: test1526
]]></system-out>
</testcase>
<testcase name="test2636" classname="RegressionTest5" time="0">
<system-out><![CDATA[
unique-id: [engine:junit-vintage]/[runner:RegressionTest]/[test:RegressionTest5]/[test:test2636(RegressionTest5)]
display-name: test2636
]]></system-out>
</testcase>
<testcase name="test1860" classname="RegressionTest3" time="0">
<system-out><![CDATA[
unique-id: [engine:junit-vintage]/[runner:RegressionTest]/[test:RegressionTest3]/[test:test1860(RegressionTest3)]
display-name: test1860
]]></system-out>
</testcase>
<testcase name="test2014" classname="RegressionTest4" time="0">
<system-out><![CDATA[
unique-id: [engine:junit-vintage]/[runner:RegressionTest]/[test:RegressionTest4]/[test:test2014(RegressionTest4)]
display-name: test2014
]]></system-out>
</testcase>
<testcase name="test2670" classname="RegressionTest5" time="0">
<system-out><![CDATA[
unique-id: [engine:junit-vintage]/[runner:RegressionTest]/[test:RegressionTest5]/[test:test2670(RegressionTest5)]
display-name: test2670
]]></system-out>
</testcase>
<testcase name="test1926" classname="RegressionTest3" time="0">
<system-out><![CDATA[
unique-id: [engine:junit-vintage]/[runner:RegressionTest]/[test:RegressionTest3]/[test:test1926(RegressionTest3)]
display-name: test1926
]]></system-out>
</testcase>
<testcase name="test2414" classname="RegressionTest4" time="0">
<system-out><![CDATA[
unique-id: [engine:junit-vintage]/[runner:RegressionTest]/[test:RegressionTest4]/[test:test2414(RegressionTest4)]
display-name: test2414
]]></system-out>
</testcase>
<testcase name="test1304" classname="RegressionTest2" time="0">
<system-out><![CDATA[
unique-id: [engine:junit-vintage]/[runner:RegressionTest]/[test:RegressionTest2]/[test:test1304(RegressionTest2)]
display-name: test1304
]]></system-out>
</testcase>
<testcase name="test2114" classname="RegressionTest4" time="0">
<system-out><![CDATA[
unique-id: [engine:junit-vintage]/[runner:RegressionTest]/[test:RegressionTest4]/[test:test2114(RegressionTest4)]
display-name: test2114
]]></system-out>
</testcase>
<testcase name="test0183" classname="RegressionTest0" time="0">
<system-out><![CDATA[
unique-id: [engine:junit-vintage]/[runner:RegressionTest]/[test:RegressionTest0]/[test:test0183(RegressionTest0)]
display-name: test0183
]]></system-out>
</testcase>
<testcase name="test0446" classname="RegressionTest0" time="0">
<system-out><![CDATA[
unique-id: [engine:junit-vintage]/[runner:RegressionTest]/[test:RegressionTest0]/[test:test0446(RegressionTest0)]
display-name: test0446
]]></system-out>
</testcase>
<testcase name="test0972" classname="RegressionTest1" time="0">
<system-out><![CDATA[
unique-id: [engine:junit-vintage]/[runner:RegressionTest]/[test:RegressionTest1]/[test:test0972(RegressionTest1)]
display-name: test0972
]]></system-out>
</testcase>
<testcase name="test1782" classname="RegressionTest3" time="0">
<system-out><![CDATA[
unique-id: [engine:junit-vintage]/[runner:RegressionTest]/[test:RegressionTest3]/[test:test1782(RegressionTest3)]
display-name: test1782
]]></system-out>
</testcase>
<testcase name="test1931" classname="RegressionTest3" time="0">
<system-out><![CDATA[
unique-id: [engine:junit-vintage]/[runner:RegressionTest]/[test:RegressionTest3]/[test:test1931(RegressionTest3)]
display-name: test1931
]]></system-out>
</testcase>
<testcase name="test0375" classname="RegressionTest0" time="0">
<system-out><![CDATA[
unique-id: [engine:junit-vintage]/[runner:RegressionTest]/[test:RegressionTest0]/[test:test0375(RegressionTest0)]
display-name: test0375
]]></system-out>
</testcase>
<testcase name="test1185" classname="RegressionTest2" time="0">
<system-out><![CDATA[
unique-id: [engine:junit-vintage]/[runner:RegressionTest]/[test:RegressionTest2]/[test:test1185(RegressionTest2)]
display-name: test1185
]]></system-out>
</testcase>
<testcase name="test1966" classname="RegressionTest3" time="0">
<system-out><![CDATA[
unique-id: [engine:junit-vintage]/[runner:RegressionTest]/[test:RegressionTest3]/[test:test1966(RegressionTest3)]
display-name: test1966
]]></system-out>
</testcase>
<testcase name="test1012" classname="RegressionTest2" time="0">
<system-out><![CDATA[
unique-id: [engine:junit-vintage]/[runner:RegressionTest]/[test:RegressionTest2]/[test:test1012(RegressionTest2)]
display-name: test1012
]]></system-out>
</testcase>
<testcase name="test1907" classname="RegressionTest3" time="0">
<system-out><![CDATA[
unique-id: [engine:junit-vintage]/[runner:RegressionTest]/[test:RegressionTest3]/[test:test1907(RegressionTest3)]
display-name: test1907
]]></system-out>
</testcase>
<testcase name="test0340" classname="RegressionTest0" time="0">
<system-out><![CDATA[
unique-id: [engine:junit-vintage]/[runner:RegressionTest]/[test:RegressionTest0]/[test:test0340(RegressionTest0)]
display-name: test0340
]]></system-out>
</testcase>
<testcase name="test1150" classname="RegressionTest2" time="0">
<system-out><![CDATA[
unique-id: [engine:junit-vintage]/[runner:RegressionTest]/[test:RegressionTest2]/[test:test1150(RegressionTest2)]
display-name: test1150
]]></system-out>
</testcase>
<testcase name="test0308" classname="RegressionTest0" time="0">
<system-out><![CDATA[
unique-id: [engine:junit-vintage]/[runner:RegressionTest]/[test:RegressionTest0]/[test:test0308(RegressionTest0)]
display-name: test0308
]]></system-out>
</testcase>
<testcase name="test1118" classname="RegressionTest2" time="0">
<system-out><![CDATA[
unique-id: [engine:junit-vintage]/[runner:RegressionTest]/[test:RegressionTest2]/[test:test1118(RegressionTest2)]
display-name: test1118
]]></system-out>
</testcase>
<testcase name="test0721" classname="RegressionTest1" time="0">
<system-out><![CDATA[
unique-id: [engine:junit-vintage]/[runner:RegressionTest]/[test:RegressionTest1]/[test:test0721(RegressionTest1)]
display-name: test0721
]]></system-out>
</testcase>
<testcase name="test1531" classname="RegressionTest3" time="0">
<system-out><![CDATA[
unique-id: [engine:junit-vintage]/[runner:RegressionTest]/[test:RegressionTest3]/[test:test1531(RegressionTest3)]
display-name: test1531
]]></system-out>
</testcase>
<testcase name="test2611" classname="RegressionTest5" time="0">
<system-out><![CDATA[
unique-id: [engine:junit-vintage]/[runner:RegressionTest]/[test:RegressionTest5]/[test:test2611(RegressionTest5)]
display-name: test2611
]]></system-out>
</testcase>
<testcase name="test0564" classname="RegressionTest1" time="0">
<system-out><![CDATA[
unique-id: [engine:junit-vintage]/[runner:RegressionTest]/[test:RegressionTest1]/[test:test0564(RegressionTest1)]
display-name: test0564
]]></system-out>
</testcase>
<testcase name="test0756" classname="RegressionTest1" time="0">
<system-out><![CDATA[
unique-id: [engine:junit-vintage]/[runner:RegressionTest]/[test:RegressionTest1]/[test:test0756(RegressionTest1)]
display-name: test0756
]]></system-out>
</testcase>
<testcase name="test1566" classname="RegressionTest3" time="0">
<system-out><![CDATA[
unique-id: [engine:junit-vintage]/[runner:RegressionTest]/[test:RegressionTest3]/[test:test1566(RegressionTest3)]
display-name: test1566
]]></system-out>
</testcase>
<testcase name="test2033" classname="RegressionTest4" time="0">
<system-out><![CDATA[
unique-id: [engine:junit-vintage]/[runner:RegressionTest]/[test:RegressionTest4]/[test:test2033(RegressionTest4)]
display-name: test2033
]]></system-out>
</testcase>
<testcase name="test0905" classname="RegressionTest1" time="0">
<system-out><![CDATA[
unique-id: [engine:junit-vintage]/[runner:RegressionTest]/[test:RegressionTest1]/[test:test0905(RegressionTest1)]
display-name: test0905
]]></system-out>
</testcase>
<testcase name="test1715" classname="RegressionTest3" time="0">
<system-out><![CDATA[
unique-id: [engine:junit-vintage]/[runner:RegressionTest]/[test:RegressionTest3]/[test:test1715(RegressionTest3)]
display-name: test1715
]]></system-out>
</testcase>
<testcase name="test0910" classname="RegressionTest1" time="0">
<system-out><![CDATA[
unique-id: [engine:junit-vintage]/[runner:RegressionTest]/[test:RegressionTest1]/[test:test0910(RegressionTest1)]
display-name: test0910
]]></system-out>
</testcase>
<testcase name="test1993" classname="RegressionTest3" time="0">
<system-out><![CDATA[
unique-id: [engine:junit-vintage]/[runner:RegressionTest]/[test:RegressionTest3]/[test:test1993(RegressionTest3)]
display-name: test1993
]]></system-out>
</testcase>
<testcase name="test1145" classname="RegressionTest2" time="0">
<system-out><![CDATA[
unique-id: [engine:junit-vintage]/[runner:RegressionTest]/[test:RegressionTest2]/[test:test1145(RegressionTest2)]
display-name: test1145
]]></system-out>
</testcase>
<testcase name="test1329" classname="RegressionTest2" time="0">
<system-out><![CDATA[
unique-id: [engine:junit-vintage]/[runner:RegressionTest]/[test:RegressionTest2]/[test:test1329(RegressionTest2)]
display-name: test1329
]]></system-out>
</testcase>
<testcase name="test2139" classname="RegressionTest4" time="0">
<system-out><![CDATA[
unique-id: [engine:junit-vintage]/[runner:RegressionTest]/[test:RegressionTest4]/[test:test2139(RegressionTest4)]
display-name: test2139
]]></system-out>
</testcase>
<testcase name="test2630" classname="RegressionTest5" time="0">
<system-out><![CDATA[
unique-id: [engine:junit-vintage]/[runner:RegressionTest]/[test:RegressionTest5]/[test:test2630(RegressionTest5)]
display-name: test2630
]]></system-out>
</testcase>
<testcase name="test1396" classname="RegressionTest2" time="0">
<system-out><![CDATA[
unique-id: [engine:junit-vintage]/[runner:RegressionTest]/[test:RegressionTest2]/[test:test1396(RegressionTest2)]
display-name: test1396
]]></system-out>
</testcase>
<testcase name="test2039" classname="RegressionTest4" time="0">
<system-out><![CDATA[
unique-id: [engine:junit-vintage]/[runner:RegressionTest]/[test:RegressionTest4]/[test:test2039(RegressionTest4)]
display-name: test2039
]]></system-out>
</testcase>
<testcase name="test1520" classname="RegressionTest3" time="0">
<system-out><![CDATA[
unique-id: [engine:junit-vintage]/[runner:RegressionTest]/[test:RegressionTest3]/[test:test1520(RegressionTest3)]
display-name: test1520
]]></system-out>
</testcase>
<testcase name="test2452" classname="RegressionTest4" time="0">
<system-out><![CDATA[
unique-id: [engine:junit-vintage]/[runner:RegressionTest]/[test:RegressionTest4]/[test:test2452(RegressionTest4)]
display-name: test2452
]]></system-out>
</testcase>
<testcase name="test0775" classname="RegressionTest1" time="0">
<system-out><![CDATA[
unique-id: [engine:junit-vintage]/[runner:RegressionTest]/[test:RegressionTest1]/[test:test0775(RegressionTest1)]
display-name: test0775
]]></system-out>
</testcase>
<testcase name="test1585" classname="RegressionTest3" time="0">
<system-out><![CDATA[
unique-id: [engine:junit-vintage]/[runner:RegressionTest]/[test:RegressionTest3]/[test:test1585(RegressionTest3)]
display-name: test1585
]]></system-out>
</testcase>
<testcase name="test1777" classname="RegressionTest3" time="0">
<system-out><![CDATA[
unique-id: [engine:junit-vintage]/[runner:RegressionTest]/[test:RegressionTest3]/[test:test1777(RegressionTest3)]
display-name: test1777
]]></system-out>
</testcase>
<testcase name="test2587" classname="RegressionTest5" time="0">
<system-out><![CDATA[
unique-id: [engine:junit-vintage]/[runner:RegressionTest]/[test:RegressionTest5]/[test:test2587(RegressionTest5)]
display-name: test2587
]]></system-out>
</testcase>
<testcase name="test0219" classname="RegressionTest0" time="0">
<system-out><![CDATA[
unique-id: [engine:junit-vintage]/[runner:RegressionTest]/[test:RegressionTest0]/[test:test0219(RegressionTest0)]
display-name: test0219
]]></system-out>
</testcase>
<testcase name="test1029" classname="RegressionTest2" time="0">
<system-out><![CDATA[
unique-id: [engine:junit-vintage]/[runner:RegressionTest]/[test:RegressionTest2]/[test:test1029(RegressionTest2)]
display-name: test1029
]]></system-out>
</testcase>
<testcase name="test1334" classname="RegressionTest2" time="0">
<system-out><![CDATA[
unique-id: [engine:junit-vintage]/[runner:RegressionTest]/[test:RegressionTest2]/[test:test1334(RegressionTest2)]
display-name: test1334
]]></system-out>
</testcase>
<testcase name="test2336" classname="RegressionTest4" time="0">
<system-out><![CDATA[
unique-id: [engine:junit-vintage]/[runner:RegressionTest]/[test:RegressionTest4]/[test:test2336(RegressionTest4)]
display-name: test2336
]]></system-out>
</testcase>
<testcase name="test0780" classname="RegressionTest1" time="0">
<system-out><![CDATA[
unique-id: [engine:junit-vintage]/[runner:RegressionTest]/[test:RegressionTest1]/[test:test0780(RegressionTest1)]
display-name: test0780
]]></system-out>
</testcase>
<testcase name="test2044" classname="RegressionTest4" time="0">
<system-out><![CDATA[
unique-id: [engine:junit-vintage]/[runner:RegressionTest]/[test:RegressionTest4]/[test:test2044(RegressionTest4)]
display-name: test2044
]]></system-out>
</testcase>
<testcase name="test1234" classname="RegressionTest2" time="0">
<system-out><![CDATA[
unique-id: [engine:junit-vintage]/[runner:RegressionTest]/[test:RegressionTest2]/[test:test1234(RegressionTest2)]
display-name: test1234
]]></system-out>
</testcase>
<testcase name="test0124" classname="RegressionTest0" time="0">
<system-out><![CDATA[
unique-id: [engine:junit-vintage]/[runner:RegressionTest]/[test:RegressionTest0]/[test:test0124(RegressionTest0)]
display-name: test0124
]]></system-out>
</testcase>
<testcase name="test0224" classname="RegressionTest0" time="0">
<system-out><![CDATA[
unique-id: [engine:junit-vintage]/[runner:RegressionTest]/[test:RegressionTest0]/[test:test0224(RegressionTest0)]
display-name: test0224
]]></system-out>
</testcase>
<testcase name="test0083" classname="RegressionTest0" time="0.005">
<system-out><![CDATA[
unique-id: [engine:junit-vintage]/[runner:RegressionTest]/[test:RegressionTest0]/[test:test0083(RegressionTest0)]
display-name: test0083
]]></system-out>
</testcase>
<testcase name="test2641" classname="RegressionTest5" time="0">
<system-out><![CDATA[
unique-id: [engine:junit-vintage]/[runner:RegressionTest]/[test:RegressionTest5]/[test:test2641(RegressionTest5)]
display-name: test2641
]]></system-out>
</testcase>
<testcase name="test2202" classname="RegressionTest4" time="0">
<system-out><![CDATA[
unique-id: [engine:junit-vintage]/[runner:RegressionTest]/[test:RegressionTest4]/[test:test2202(RegressionTest4)]
display-name: test2202
]]></system-out>
</testcase>
<testcase name="test1866" classname="RegressionTest3" time="0">
<system-out><![CDATA[
unique-id: [engine:junit-vintage]/[runner:RegressionTest]/[test:RegressionTest3]/[test:test1866(RegressionTest3)]
display-name: test1866
]]></system-out>
</testcase>
<testcase name="test1269" classname="RegressionTest2" time="0">
<system-out><![CDATA[
unique-id: [engine:junit-vintage]/[runner:RegressionTest]/[test:RegressionTest2]/[test:test1269(RegressionTest2)]
display-name: test1269
]]></system-out>
</testcase>
<testcase name="test1372" classname="RegressionTest2" time="0">
<system-out><![CDATA[
unique-id: [engine:junit-vintage]/[runner:RegressionTest]/[test:RegressionTest2]/[test:test1372(RegressionTest2)]
display-name: test1372
]]></system-out>
</testcase>
<testcase name="test2237" classname="RegressionTest4" time="0">
<system-out><![CDATA[
unique-id: [engine:junit-vintage]/[runner:RegressionTest]/[test:RegressionTest4]/[test:test2237(RegressionTest4)]
display-name: test2237
]]></system-out>
</testcase>
<testcase name="test0751" classname="RegressionTest1" time="0">
<system-out><![CDATA[
unique-id: [engine:junit-vintage]/[runner:RegressionTest]/[test:RegressionTest1]/[test:test0751(RegressionTest1)]
display-name: test0751
]]></system-out>
</testcase>
<testcase name="test1076" classname="RegressionTest2" time="0">
<system-out><![CDATA[
unique-id: [engine:junit-vintage]/[runner:RegressionTest]/[test:RegressionTest2]/[test:test1076(RegressionTest2)]
display-name: test1076
]]></system-out>
</testcase>
<testcase name="test1305" classname="RegressionTest2" time="0">
<system-out><![CDATA[
unique-id: [engine:junit-vintage]/[runner:RegressionTest]/[test:RegressionTest2]/[test:test1305(RegressionTest2)]
display-name: test1305
]]></system-out>
</testcase>
<testcase name="test0934" classname="RegressionTest1" time="0">
<system-out><![CDATA[
unique-id: [engine:junit-vintage]/[runner:RegressionTest]/[test:RegressionTest1]/[test:test0934(RegressionTest1)]
display-name: test0934
]]></system-out>
</testcase>
<testcase name="test1041" classname="RegressionTest2" time="0">
<system-out><![CDATA[
unique-id: [engine:junit-vintage]/[runner:RegressionTest]/[test:RegressionTest2]/[test:test1041(RegressionTest2)]
display-name: test1041
]]></system-out>
</testcase>
<testcase name="test2580" classname="RegressionTest5" time="0">
<system-out><![CDATA[
unique-id: [engine:junit-vintage]/[runner:RegressionTest]/[test:RegressionTest5]/[test:test2580(RegressionTest5)]
display-name: test2580
]]></system-out>
</testcase>
<testcase name="test0347" classname="RegressionTest0" time="0">
<system-out><![CDATA[
unique-id: [engine:junit-vintage]/[runner:RegressionTest]/[test:RegressionTest0]/[test:test0347(RegressionTest0)]
display-name: test0347
]]></system-out>
</testcase>
<testcase name="test1244" classname="RegressionTest2" time="0">
<system-out><![CDATA[
unique-id: [engine:junit-vintage]/[runner:RegressionTest]/[test:RegressionTest2]/[test:test1244(RegressionTest2)]
display-name: test1244
]]></system-out>
</testcase>
<testcase name="test1683" classname="RegressionTest3" time="0">
<system-out><![CDATA[
unique-id: [engine:junit-vintage]/[runner:RegressionTest]/[test:RegressionTest3]/[test:test1683(RegressionTest3)]
display-name: test1683
]]></system-out>
</testcase>
<testcase name="test0440" classname="RegressionTest0" time="0">
<system-out><![CDATA[
unique-id: [engine:junit-vintage]/[runner:RegressionTest]/[test:RegressionTest0]/[test:test0440(RegressionTest0)]
display-name: test0440
]]></system-out>
</testcase>
<testcase name="test0786" classname="RegressionTest1" time="0">
<system-out><![CDATA[
unique-id: [engine:junit-vintage]/[runner:RegressionTest]/[test:RegressionTest1]/[test:test0786(RegressionTest1)]
display-name: test0786
]]></system-out>
</testcase>
<testcase name="test1937" classname="RegressionTest3" time="0">
<system-out><![CDATA[
unique-id: [engine:junit-vintage]/[runner:RegressionTest]/[test:RegressionTest3]/[test:test1937(RegressionTest3)]
display-name: test1937
]]></system-out>
</testcase>
<testcase name="test0944" classname="RegressionTest1" time="0">
<system-out><![CDATA[
unique-id: [engine:junit-vintage]/[runner:RegressionTest]/[test:RegressionTest1]/[test:test0944(RegressionTest1)]
display-name: test0944
]]></system-out>
</testcase>
<testcase name="test1841" classname="RegressionTest3" time="0">
<system-out><![CDATA[
unique-id: [engine:junit-vintage]/[runner:RegressionTest]/[test:RegressionTest3]/[test:test1841(RegressionTest3)]
display-name: test1841
]]></system-out>
</testcase>
<testcase name="test0969" classname="RegressionTest1" time="0">
<system-out><![CDATA[
unique-id: [engine:junit-vintage]/[runner:RegressionTest]/[test:RegressionTest1]/[test:test0969(RegressionTest1)]
display-name: test0969
]]></system-out>
</testcase>
<testcase name="test1397" classname="RegressionTest2" time="0">
<system-out><![CDATA[
unique-id: [engine:junit-vintage]/[runner:RegressionTest]/[test:RegressionTest2]/[test:test1397(RegressionTest2)]
display-name: test1397
]]></system-out>
</testcase>
<testcase name="test1902" classname="RegressionTest3" time="0">
<system-out><![CDATA[
unique-id: [engine:junit-vintage]/[runner:RegressionTest]/[test:RegressionTest3]/[test:test1902(RegressionTest3)]
display-name: test1902
]]></system-out>
</testcase>
<testcase name="test1279" classname="RegressionTest2" time="0">
<system-out><![CDATA[
unique-id: [engine:junit-vintage]/[runner:RegressionTest]/[test:RegressionTest2]/[test:test1279(RegressionTest2)]
display-name: test1279
]]></system-out>
</testcase>
<testcase name="test2294" classname="RegressionTest4" time="0">
<system-out><![CDATA[
unique-id: [engine:junit-vintage]/[runner:RegressionTest]/[test:RegressionTest4]/[test:test2294(RegressionTest4)]
display-name: test2294
]]></system-out>
</testcase>
<testcase name="test1019" classname="RegressionTest2" time="0">
<system-out><![CDATA[
unique-id: [engine:junit-vintage]/[runner:RegressionTest]/[test:RegressionTest2]/[test:test1019(RegressionTest2)]
display-name: test1019
]]></system-out>
</testcase>
<testcase name="test0465" classname="RegressionTest0" time="0">
<system-out><![CDATA[
unique-id: [engine:junit-vintage]/[runner:RegressionTest]/[test:RegressionTest0]/[test:test0465(RegressionTest0)]
display-name: test0465
]]></system-out>
</testcase>
<testcase name="test2109" classname="RegressionTest4" time="0">
<system-out><![CDATA[
unique-id: [engine:junit-vintage]/[runner:RegressionTest]/[test:RegressionTest4]/[test:test2109(RegressionTest4)]
display-name: test2109
]]></system-out>
</testcase>
<testcase name="test0506" classname="RegressionTest1" time="0">
<system-out><![CDATA[
unique-id: [engine:junit-vintage]/[runner:RegressionTest]/[test:RegressionTest1]/[test:test0506(RegressionTest1)]
display-name: test0506
]]></system-out>
</testcase>
<testcase name="test1876" classname="RegressionTest3" time="0">
<system-out><![CDATA[
unique-id: [engine:junit-vintage]/[runner:RegressionTest]/[test:RegressionTest3]/[test:test1876(RegressionTest3)]
display-name: test1876
]]></system-out>
</testcase>
<testcase name="test0430" classname="RegressionTest0" time="0">
<system-out><![CDATA[
unique-id: [engine:junit-vintage]/[runner:RegressionTest]/[test:RegressionTest0]/[test:test0430(RegressionTest0)]
display-name: test0430
]]></system-out>
</testcase>
<testcase name="test0979" classname="RegressionTest1" time="0">
<system-out><![CDATA[
unique-id: [engine:junit-vintage]/[runner:RegressionTest]/[test:RegressionTest1]/[test:test0979(RegressionTest1)]
display-name: test0979
]]></system-out>
</testcase>
<testcase name="test1616" classname="RegressionTest3" time="0">
<system-out><![CDATA[
unique-id: [engine:junit-vintage]/[runner:RegressionTest]/[test:RegressionTest3]/[test:test1616(RegressionTest3)]
display-name: test1616
]]></system-out>
</testcase>
<testcase name="test2513" classname="RegressionTest5" time="0">
<system-out><![CDATA[
unique-id: [engine:junit-vintage]/[runner:RegressionTest]/[test:RegressionTest5]/[test:test2513(RegressionTest5)]
display-name: test2513
]]></system-out>
</testcase>
<testcase name="test2227" classname="RegressionTest4" time="0">
<system-out><![CDATA[
unique-id: [engine:junit-vintage]/[runner:RegressionTest]/[test:RegressionTest4]/[test:test2227(RegressionTest4)]
display-name: test2227
]]></system-out>
</testcase>
<testcase name="test2284" classname="RegressionTest4" time="0">
<system-out><![CDATA[
unique-id: [engine:junit-vintage]/[runner:RegressionTest]/[test:RegressionTest4]/[test:test2284(RegressionTest4)]
display-name: test2284
]]></system-out>
</testcase>
<testcase name="test2487" classname="RegressionTest4" time="0">
<system-out><![CDATA[
unique-id: [engine:junit-vintage]/[runner:RegressionTest]/[test:RegressionTest4]/[test:test2487(RegressionTest4)]
display-name: test2487
]]></system-out>
</testcase>
<testcase name="test0312" classname="RegressionTest0" time="0">
<system-out><![CDATA[
unique-id: [engine:junit-vintage]/[runner:RegressionTest]/[test:RegressionTest0]/[test:test0312(RegressionTest0)]
display-name: test0312
]]></system-out>
</testcase>
<testcase name="test2523" classname="RegressionTest5" time="0">
<system-out><![CDATA[
unique-id: [engine:junit-vintage]/[runner:RegressionTest]/[test:RegressionTest5]/[test:test2523(RegressionTest5)]
display-name: test2523
]]></system-out>
</testcase>
<testcase name="test0658" classname="RegressionTest1" time="0">
<system-out><![CDATA[
unique-id: [engine:junit-vintage]/[runner:RegressionTest]/[test:RegressionTest1]/[test:test0658(RegressionTest1)]
display-name: test0658
]]></system-out>
</testcase>
<testcase name="test1555" classname="RegressionTest3" time="0">
<system-out><![CDATA[
unique-id: [engine:junit-vintage]/[runner:RegressionTest]/[test:RegressionTest3]/[test:test1555(RegressionTest3)]
display-name: test1555
]]></system-out>
</testcase>
<testcase name="test1994" classname="RegressionTest3" time="0">
<system-out><![CDATA[
unique-id: [engine:junit-vintage]/[runner:RegressionTest]/[test:RegressionTest3]/[test:test1994(RegressionTest3)]
display-name: test1994
]]></system-out>
</testcase>
<testcase name="test0302" classname="RegressionTest0" time="0">
<system-out><![CDATA[
unique-id: [engine:junit-vintage]/[runner:RegressionTest]/[test:RegressionTest0]/[test:test0302(RegressionTest0)]
display-name: test0302
]]></system-out>
</testcase>
<testcase name="test1626" classname="RegressionTest3" time="0">
<system-out><![CDATA[
unique-id: [engine:junit-vintage]/[runner:RegressionTest]/[test:RegressionTest3]/[test:test1626(RegressionTest3)]
display-name: test1626
]]></system-out>
</testcase>
<testcase name="test0093" classname="RegressionTest0" time="0">
<system-out><![CDATA[
unique-id: [engine:junit-vintage]/[runner:RegressionTest]/[test:RegressionTest0]/[test:test0093(RegressionTest0)]
display-name: test0093
]]></system-out>
</testcase>
<testcase name="test0154" classname="RegressionTest0" time="0.003">
<system-out><![CDATA[
unique-id: [engine:junit-vintage]/[runner:RegressionTest]/[test:RegressionTest0]/[test:test0154(RegressionTest0)]
display-name: test0154
]]></system-out>
</testcase>
<testcase name="test1051" classname="RegressionTest2" time="0">
<system-out><![CDATA[
unique-id: [engine:junit-vintage]/[runner:RegressionTest]/[test:RegressionTest2]/[test:test1051(RegressionTest2)]
display-name: test1051
]]></system-out>
</testcase>
<testcase name="test0563" classname="RegressionTest1" time="0">
<system-out><![CDATA[
unique-id: [engine:junit-vintage]/[runner:RegressionTest]/[test:RegressionTest1]/[test:test0563(RegressionTest1)]
display-name: test0563
]]></system-out>
</testcase>
<testcase name="test2570" classname="RegressionTest5" time="0">
<system-out><![CDATA[
unique-id: [engine:junit-vintage]/[runner:RegressionTest]/[test:RegressionTest5]/[test:test2570(RegressionTest5)]
display-name: test2570
]]></system-out>
</testcase>
<testcase name="test1673" classname="RegressionTest3" time="0">
<system-out><![CDATA[
unique-id: [engine:junit-vintage]/[runner:RegressionTest]/[test:RegressionTest3]/[test:test1673(RegressionTest3)]
display-name: test1673
]]></system-out>
</testcase>
<testcase name="test0668" classname="RegressionTest1" time="0">
<system-out><![CDATA[
unique-id: [engine:junit-vintage]/[runner:RegressionTest]/[test:RegressionTest1]/[test:test0668(RegressionTest1)]
display-name: test0668
]]></system-out>
</testcase>
<testcase name="test1714" classname="RegressionTest3" time="0">
<system-out><![CDATA[
unique-id: [engine:junit-vintage]/[runner:RegressionTest]/[test:RegressionTest3]/[test:test1714(RegressionTest3)]
display-name: test1714
]]></system-out>
</testcase>
<testcase name="test2049" classname="RegressionTest4" time="0">
<system-out><![CDATA[
unique-id: [engine:junit-vintage]/[runner:RegressionTest]/[test:RegressionTest4]/[test:test2049(RegressionTest4)]
display-name: test2049
]]></system-out>
</testcase>
<testcase name="test2646" classname="RegressionTest5" time="0">
<system-out><![CDATA[
unique-id: [engine:junit-vintage]/[runner:RegressionTest]/[test:RegressionTest5]/[test:test2646(RegressionTest5)]
display-name: test2646
]]></system-out>
</testcase>
<testcase name="test0159" classname="RegressionTest0" time="0">
<system-out><![CDATA[
unique-id: [engine:junit-vintage]/[runner:RegressionTest]/[test:RegressionTest0]/[test:test0159(RegressionTest0)]
display-name: test0159
]]></system-out>
</testcase>
<testcase name="test2558" classname="RegressionTest5" time="0">
<system-out><![CDATA[
unique-id: [engine:junit-vintage]/[runner:RegressionTest]/[test:RegressionTest5]/[test:test2558(RegressionTest5)]
display-name: test2558
]]></system-out>
</testcase>
<testcase name="test2354" classname="RegressionTest4" time="0">
<system-out><![CDATA[
unique-id: [engine:junit-vintage]/[runner:RegressionTest]/[test:RegressionTest4]/[test:test2354(RegressionTest4)]
display-name: test2354
]]></system-out>
</testcase>
<testcase name="test0287" classname="RegressionTest0" time="0">
<system-out><![CDATA[
unique-id: [engine:junit-vintage]/[runner:RegressionTest]/[test:RegressionTest0]/[test:test0287(RegressionTest0)]
display-name: test0287
]]></system-out>
</testcase>
<testcase name="test2482" classname="RegressionTest4" time="0">
<system-out><![CDATA[
unique-id: [engine:junit-vintage]/[runner:RegressionTest]/[test:RegressionTest4]/[test:test2482(RegressionTest4)]
display-name: test2482
]]></system-out>
</testcase>
<testcase name="test2320" classname="RegressionTest4" time="0">
<system-out><![CDATA[
unique-id: [engine:junit-vintage]/[runner:RegressionTest]/[test:RegressionTest4]/[test:test2320(RegressionTest4)]
display-name: test2320
]]></system-out>
</testcase>
<testcase name="test0827" classname="RegressionTest1" time="0">
<system-out><![CDATA[
unique-id: [engine:junit-vintage]/[runner:RegressionTest]/[test:RegressionTest1]/[test:test0827(RegressionTest1)]
display-name: test0827
]]></system-out>
</testcase>
<testcase name="test0500" classname="RegressionTest0" time="0">
<system-out><![CDATA[
unique-id: [engine:junit-vintage]/[runner:RegressionTest]/[test:RegressionTest0]/[test:test0500(RegressionTest0)]
display-name: test0500
]]></system-out>
</testcase>
<testcase name="test1432" classname="RegressionTest2" time="0">
<system-out><![CDATA[
unique-id: [engine:junit-vintage]/[runner:RegressionTest]/[test:RegressionTest2]/[test:test1432(RegressionTest2)]
display-name: test1432
]]></system-out>
</testcase>
<testcase name="test0026" classname="RegressionTest0" time="0.002">
<system-out><![CDATA[
unique-id: [engine:junit-vintage]/[runner:RegressionTest]/[test:RegressionTest0]/[test:test0026(RegressionTest0)]
display-name: test0026
]]></system-out>
</testcase>
<testcase name="test0281" classname="RegressionTest0" time="0">
<system-out><![CDATA[
unique-id: [engine:junit-vintage]/[runner:RegressionTest]/[test:RegressionTest0]/[test:test0281(RegressionTest0)]
display-name: test0281
]]></system-out>
</testcase>
<testcase name="test2068" classname="RegressionTest4" time="0">
<system-out><![CDATA[
unique-id: [engine:junit-vintage]/[runner:RegressionTest]/[test:RegressionTest4]/[test:test2068(RegressionTest4)]
display-name: test2068
]]></system-out>
</testcase>
<testcase name="test0499" classname="RegressionTest0" time="0">
<system-out><![CDATA[
unique-id: [engine:junit-vintage]/[runner:RegressionTest]/[test:RegressionTest0]/[test:test0499(RegressionTest0)]
display-name: test0499
]]></system-out>
</testcase>
<testcase name="test1210" classname="RegressionTest2" time="0">
<system-out><![CDATA[
unique-id: [engine:junit-vintage]/[runner:RegressionTest]/[test:RegressionTest2]/[test:test1210(RegressionTest2)]
display-name: test1210
]]></system-out>
</testcase>
<testcase name="test1809" classname="RegressionTest3" time="0">
<system-out><![CDATA[
unique-id: [engine:junit-vintage]/[runner:RegressionTest]/[test:RegressionTest3]/[test:test1809(RegressionTest3)]
display-name: test1809
]]></system-out>
</testcase>
<testcase name="test0214" classname="RegressionTest0" time="0">
<system-out><![CDATA[
unique-id: [engine:junit-vintage]/[runner:RegressionTest]/[test:RegressionTest0]/[test:test0214(RegressionTest0)]
display-name: test0214
]]></system-out>
</testcase>
<testcase name="test0690" classname="RegressionTest1" time="0">
<system-out><![CDATA[
unique-id: [engine:junit-vintage]/[runner:RegressionTest]/[test:RegressionTest1]/[test:test0690(RegressionTest1)]
display-name: test0690
]]></system-out>
</testcase>
<testcase name="test0623" classname="RegressionTest1" time="0">
<system-out><![CDATA[
unique-id: [engine:junit-vintage]/[runner:RegressionTest]/[test:RegressionTest1]/[test:test0623(RegressionTest1)]
display-name: test0623
]]></system-out>
</testcase>
<testcase name="test2399" classname="RegressionTest4" time="0">
<system-out><![CDATA[
unique-id: [engine:junit-vintage]/[runner:RegressionTest]/[test:RegressionTest4]/[test:test2399(RegressionTest4)]
display-name: test2399
]]></system-out>
</testcase>
<testcase name="test0084" classname="RegressionTest0" time="0">
<system-out><![CDATA[
unique-id: [engine:junit-vintage]/[runner:RegressionTest]/[test:RegressionTest0]/[test:test0084(RegressionTest0)]
display-name: test0084
]]></system-out>
</testcase>
<testcase name="test0242" classname="RegressionTest0" time="0">
<system-out><![CDATA[
unique-id: [engine:junit-vintage]/[runner:RegressionTest]/[test:RegressionTest0]/[test:test0242(RegressionTest0)]
display-name: test0242
]]></system-out>
</testcase>
<testcase name="test1086" classname="RegressionTest2" time="0">
<system-out><![CDATA[
unique-id: [engine:junit-vintage]/[runner:RegressionTest]/[test:RegressionTest2]/[test:test1086(RegressionTest2)]
display-name: test1086
]]></system-out>
</testcase>
<testcase name="test0588" classname="RegressionTest1" time="0">
<system-out><![CDATA[
unique-id: [engine:junit-vintage]/[runner:RegressionTest]/[test:RegressionTest1]/[test:test0588(RegressionTest1)]
display-name: test0588
]]></system-out>
</testcase>
<testcase name="test1556" classname="RegressionTest3" time="0">
<system-out><![CDATA[
unique-id: [engine:junit-vintage]/[runner:RegressionTest]/[test:RegressionTest3]/[test:test1556(RegressionTest3)]
display-name: test1556
]]></system-out>
</testcase>
<testcase name="test0846" classname="RegressionTest1" time="0">
<system-out><![CDATA[
unique-id: [engine:junit-vintage]/[runner:RegressionTest]/[test:RegressionTest1]/[test:test0846(RegressionTest1)]
display-name: test0846
]]></system-out>
</testcase>
<testcase name="test0337" classname="RegressionTest0" time="0">
<system-out><![CDATA[
unique-id: [engine:junit-vintage]/[runner:RegressionTest]/[test:RegressionTest0]/[test:test0337(RegressionTest0)]
display-name: test0337
]]></system-out>
</testcase>
<testcase name="test2196" classname="RegressionTest4" time="0">
<system-out><![CDATA[
unique-id: [engine:junit-vintage]/[runner:RegressionTest]/[test:RegressionTest4]/[test:test2196(RegressionTest4)]
display-name: test2196
]]></system-out>
</testcase>
<testcase name="test2640" classname="RegressionTest5" time="0">
<system-out><![CDATA[
unique-id: [engine:junit-vintage]/[runner:RegressionTest]/[test:RegressionTest5]/[test:test2640(RegressionTest5)]
display-name: test2640
]]></system-out>
</testcase>
<testcase name="test1460" classname="RegressionTest2" time="0">
<system-out><![CDATA[
unique-id: [engine:junit-vintage]/[runner:RegressionTest]/[test:RegressionTest2]/[test:test1460(RegressionTest2)]
display-name: test1460
]]></system-out>
</testcase>
<testcase name="test0188" classname="RegressionTest0" time="0">
<system-out><![CDATA[
unique-id: [engine:junit-vintage]/[runner:RegressionTest]/[test:RegressionTest0]/[test:test0188(RegressionTest0)]
display-name: test0188
]]></system-out>
</testcase>
<testcase name="test1121" classname="RegressionTest2" time="0">
<system-out><![CDATA[
unique-id: [engine:junit-vintage]/[runner:RegressionTest]/[test:RegressionTest2]/[test:test1121(RegressionTest2)]
display-name: test1121
]]></system-out>
</testcase>
<testcase name="test1200" classname="RegressionTest2" time="0">
<system-out><![CDATA[
unique-id: [engine:junit-vintage]/[runner:RegressionTest]/[test:RegressionTest2]/[test:test1200(RegressionTest2)]
display-name: test1200
]]></system-out>
</testcase>
<testcase name="test2608" classname="RegressionTest5" time="0">
<system-out><![CDATA[
unique-id: [engine:junit-vintage]/[runner:RegressionTest]/[test:RegressionTest5]/[test:test2608(RegressionTest5)]
display-name: test2608
]]></system-out>
</testcase>
<testcase name="test1339" classname="RegressionTest2" time="0">
<system-out><![CDATA[
unique-id: [engine:junit-vintage]/[runner:RegressionTest]/[test:RegressionTest2]/[test:test1339(RegressionTest2)]
display-name: test1339
]]></system-out>
</testcase>
<testcase name="test2675" classname="RegressionTest5" time="0">
<system-out><![CDATA[
unique-id: [engine:junit-vintage]/[runner:RegressionTest]/[test:RegressionTest5]/[test:test2675(RegressionTest5)]
display-name: test2675
]]></system-out>
</testcase>
<testcase name="test0785" classname="RegressionTest1" time="0">
<system-out><![CDATA[
unique-id: [engine:junit-vintage]/[runner:RegressionTest]/[test:RegressionTest1]/[test:test0785(RegressionTest1)]
display-name: test0785
]]></system-out>
</testcase>
<testcase name="test1235" classname="RegressionTest2" time="0">
<system-out><![CDATA[
unique-id: [engine:junit-vintage]/[runner:RegressionTest]/[test:RegressionTest2]/[test:test1235(RegressionTest2)]
display-name: test1235
]]></system-out>
</testcase>
<testcase name="test2132" classname="RegressionTest4" time="0">
<system-out><![CDATA[
unique-id: [engine:junit-vintage]/[runner:RegressionTest]/[test:RegressionTest4]/[test:test2132(RegressionTest4)]
display-name: test2132
]]></system-out>
</testcase>
<testcase name="test1778" classname="RegressionTest3" time="0">
<system-out><![CDATA[
unique-id: [engine:junit-vintage]/[runner:RegressionTest]/[test:RegressionTest3]/[test:test1778(RegressionTest3)]
display-name: test1778
]]></system-out>
</testcase>
<testcase name="test0592" classname="RegressionTest1" time="0">
<system-out><![CDATA[
unique-id: [engine:junit-vintage]/[runner:RegressionTest]/[test:RegressionTest1]/[test:test0592(RegressionTest1)]
display-name: test0592
]]></system-out>
</testcase>
<testcase name="test1832" classname="RegressionTest3" time="0">
<system-out><![CDATA[
unique-id: [engine:junit-vintage]/[runner:RegressionTest]/[test:RegressionTest3]/[test:test1832(RegressionTest3)]
display-name: test1832
]]></system-out>
</testcase>
<testcase name="test1428" classname="RegressionTest2" time="0">
<system-out><![CDATA[
unique-id: [engine:junit-vintage]/[runner:RegressionTest]/[test:RegressionTest2]/[test:test1428(RegressionTest2)]
display-name: test1428
]]></system-out>
</testcase>
<testcase name="test2167" classname="RegressionTest4" time="0">
<system-out><![CDATA[
unique-id: [engine:junit-vintage]/[runner:RegressionTest]/[test:RegressionTest4]/[test:test2167(RegressionTest4)]
display-name: test2167
]]></system-out>
</testcase>
<testcase name="test0417" classname="RegressionTest0" time="0">
<system-out><![CDATA[
unique-id: [engine:junit-vintage]/[runner:RegressionTest]/[test:RegressionTest0]/[test:test0417(RegressionTest0)]
display-name: test0417
]]></system-out>
</testcase>
<testcase name="test0474" classname="RegressionTest0" time="0">
<system-out><![CDATA[
unique-id: [engine:junit-vintage]/[runner:RegressionTest]/[test:RegressionTest0]/[test:test0474(RegressionTest0)]
display-name: test0474
]]></system-out>
</testcase>
<testcase name="test1867" classname="RegressionTest3" time="0">
<system-out><![CDATA[
unique-id: [engine:junit-vintage]/[runner:RegressionTest]/[test:RegressionTest3]/[test:test1867(RegressionTest3)]
display-name: test1867
]]></system-out>
</testcase>
<testcase name="test1111" classname="RegressionTest2" time="0">
<system-out><![CDATA[
unique-id: [engine:junit-vintage]/[runner:RegressionTest]/[test:RegressionTest2]/[test:test1111(RegressionTest2)]
display-name: test1111
]]></system-out>
</testcase>
<testcase name="test1292" classname="RegressionTest2" time="0">
<system-out><![CDATA[
unique-id: [engine:junit-vintage]/[runner:RegressionTest]/[test:RegressionTest2]/[test:test1292(RegressionTest2)]
display-name: test1292
]]></system-out>
</testcase>
<testcase name="test2142" classname="RegressionTest4" time="0">
<system-out><![CDATA[
unique-id: [engine:junit-vintage]/[runner:RegressionTest]/[test:RegressionTest4]/[test:test2142(RegressionTest4)]
display-name: test2142
]]></system-out>
</testcase>
<testcase name="test2364" classname="RegressionTest4" time="0">
<system-out><![CDATA[
unique-id: [engine:junit-vintage]/[runner:RegressionTest]/[test:RegressionTest4]/[test:test2364(RegressionTest4)]
display-name: test2364
]]></system-out>
</testcase>
<testcase name="test0874" classname="RegressionTest1" time="0">
<system-out><![CDATA[
unique-id: [engine:junit-vintage]/[runner:RegressionTest]/[test:RegressionTest1]/[test:test0874(RegressionTest1)]
display-name: test0874
]]></system-out>
</testcase>
<testcase name="test2443" classname="RegressionTest4" time="0">
<system-out><![CDATA[
unique-id: [engine:junit-vintage]/[runner:RegressionTest]/[test:RegressionTest4]/[test:test2443(RegressionTest4)]
display-name: test2443
]]></system-out>
</testcase>
<testcase name="test0318" classname="RegressionTest0" time="0">
<system-out><![CDATA[
unique-id: [engine:junit-vintage]/[runner:RegressionTest]/[test:RegressionTest0]/[test:test0318(RegressionTest0)]
display-name: test0318
]]></system-out>
</testcase>
<testcase name="test1028" classname="RegressionTest2" time="0">
<system-out><![CDATA[
unique-id: [engine:junit-vintage]/[runner:RegressionTest]/[test:RegressionTest2]/[test:test1028(RegressionTest2)]
display-name: test1028
]]></system-out>
</testcase>
<testcase name="test0277" classname="RegressionTest0" time="0">
<system-out><![CDATA[
unique-id: [engine:junit-vintage]/[runner:RegressionTest]/[test:RegressionTest0]/[test:test0277(RegressionTest0)]
display-name: test0277
]]></system-out>
</testcase>
<testcase name="test0681" classname="RegressionTest1" time="0">
<system-out><![CDATA[
unique-id: [engine:junit-vintage]/[runner:RegressionTest]/[test:RegressionTest1]/[test:test0681(RegressionTest1)]
display-name: test0681
]]></system-out>
</testcase>
<testcase name="test2043" classname="RegressionTest4" time="0">
<system-out><![CDATA[
unique-id: [engine:junit-vintage]/[runner:RegressionTest]/[test:RegressionTest4]/[test:test2043(RegressionTest4)]
display-name: test2043
]]></system-out>
</testcase>
<testcase name="test0125" classname="RegressionTest0" time="0">
<system-out><![CDATA[
unique-id: [engine:junit-vintage]/[runner:RegressionTest]/[test:RegressionTest0]/[test:test0125(RegressionTest0)]
display-name: test0125
]]></system-out>
</testcase>
<testcase name="test1689" classname="RegressionTest3" time="0">
<system-out><![CDATA[
unique-id: [engine:junit-vintage]/[runner:RegressionTest]/[test:RegressionTest3]/[test:test1689(RegressionTest3)]
display-name: test1689
]]></system-out>
</testcase>
<testcase name="test0811" classname="RegressionTest1" time="0">
<system-out><![CDATA[
unique-id: [engine:junit-vintage]/[runner:RegressionTest]/[test:RegressionTest1]/[test:test0811(RegressionTest1)]
display-name: test0811
]]></system-out>
</testcase>
<testcase name="test1022" classname="RegressionTest2" time="0">
<system-out><![CDATA[
unique-id: [engine:junit-vintage]/[runner:RegressionTest]/[test:RegressionTest2]/[test:test1022(RegressionTest2)]
display-name: test1022
]]></system-out>
</testcase>
<testcase name="test1146" classname="RegressionTest2" time="0">
<system-out><![CDATA[
unique-id: [engine:junit-vintage]/[runner:RegressionTest]/[test:RegressionTest2]/[test:test1146(RegressionTest2)]
display-name: test1146
]]></system-out>
</testcase>
<testcase name="test1521" classname="RegressionTest3" time="0">
<system-out><![CDATA[
unique-id: [engine:junit-vintage]/[runner:RegressionTest]/[test:RegressionTest3]/[test:test1521(RegressionTest3)]
display-name: test1521
]]></system-out>
</testcase>
<testcase name="test1438" classname="RegressionTest2" time="0">
<system-out><![CDATA[
unique-id: [engine:junit-vintage]/[runner:RegressionTest]/[test:RegressionTest2]/[test:test1438(RegressionTest2)]
display-name: test1438
]]></system-out>
</testcase>
<testcase name="test1495" classname="RegressionTest2" time="0">
<system-out><![CDATA[
unique-id: [engine:junit-vintage]/[runner:RegressionTest]/[test:RegressionTest2]/[test:test1495(RegressionTest2)]
display-name: test1495
]]></system-out>
</testcase>
<testcase name="test1908" classname="RegressionTest3" time="0">
<system-out><![CDATA[
unique-id: [engine:junit-vintage]/[runner:RegressionTest]/[test:RegressionTest3]/[test:test1908(RegressionTest3)]
display-name: test1908
]]></system-out>
</testcase>
<testcase name="test0884" classname="RegressionTest1" time="0">
<system-out><![CDATA[
unique-id: [engine:junit-vintage]/[runner:RegressionTest]/[test:RegressionTest1]/[test:test0884(RegressionTest1)]
display-name: test0884
]]></system-out>
</testcase>
<testcase name="test1117" classname="RegressionTest2" time="0.012">
<system-out><![CDATA[
unique-id: [engine:junit-vintage]/[runner:RegressionTest]/[test:RegressionTest2]/[test:test1117(RegressionTest2)]
display-name: test1117
]]></system-out>
</testcase>
<testcase name="test2618" classname="RegressionTest5" time="0">
<system-out><![CDATA[
unique-id: [engine:junit-vintage]/[runner:RegressionTest]/[test:RegressionTest5]/[test:test2618(RegressionTest5)]
display-name: test2618
]]></system-out>
</testcase>
<testcase name="test0407" classname="RegressionTest0" time="0">
<system-out><![CDATA[
unique-id: [engine:junit-vintage]/[runner:RegressionTest]/[test:RegressionTest0]/[test:test0407(RegressionTest0)]
display-name: test0407
]]></system-out>
</testcase>
<testcase name="test2453" classname="RegressionTest4" time="0">
<system-out><![CDATA[
unique-id: [engine:junit-vintage]/[runner:RegressionTest]/[test:RegressionTest4]/[test:test2453(RegressionTest4)]
display-name: test2453
]]></system-out>
</testcase>
<testcase name="test2161" classname="RegressionTest4" time="0">
<system-out><![CDATA[
unique-id: [engine:junit-vintage]/[runner:RegressionTest]/[test:RegressionTest4]/[test:test2161(RegressionTest4)]
display-name: test2161
]]></system-out>
</testcase>
<testcase name="test0817" classname="RegressionTest1" time="0">
<system-out><![CDATA[
unique-id: [engine:junit-vintage]/[runner:RegressionTest]/[test:RegressionTest1]/[test:test0817(RegressionTest1)]
display-name: test0817
]]></system-out>
</testcase>
<testcase name="test0633" classname="RegressionTest1" time="0">
<system-out><![CDATA[
unique-id: [engine:junit-vintage]/[runner:RegressionTest]/[test:RegressionTest1]/[test:test0633(RegressionTest1)]
display-name: test0633
]]></system-out>
</testcase>
<testcase name="test1749" classname="RegressionTest3" time="0">
<system-out><![CDATA[
unique-id: [engine:junit-vintage]/[runner:RegressionTest]/[test:RegressionTest3]/[test:test1749(RegressionTest3)]
display-name: test1749
]]></system-out>
</testcase>
<testcase name="test0341" classname="RegressionTest0" time="0">
<system-out><![CDATA[
unique-id: [engine:junit-vintage]/[runner:RegressionTest]/[test:RegressionTest0]/[test:test0341(RegressionTest0)]
display-name: test0341
]]></system-out>
</testcase>
<testcase name="test1422" classname="RegressionTest2" time="0">
<system-out><![CDATA[
unique-id: [engine:junit-vintage]/[runner:RegressionTest]/[test:RegressionTest2]/[test:test1422(RegressionTest2)]
display-name: test1422
]]></system-out>
</testcase>
<testcase name="test1457" classname="RegressionTest2" time="0">
<system-out><![CDATA[
unique-id: [engine:junit-vintage]/[runner:RegressionTest]/[test:RegressionTest2]/[test:test1457(RegressionTest2)]
display-name: test1457
]]></system-out>
</testcase>
<testcase name="test0036" classname="RegressionTest0" time="0">
<system-out><![CDATA[
unique-id: [engine:junit-vintage]/[runner:RegressionTest]/[test:RegressionTest0]/[test:test0036(RegressionTest0)]
display-name: test0036
]]></system-out>
</testcase>
<testcase name="test0598" classname="RegressionTest1" time="0">
<system-out><![CDATA[
unique-id: [engine:junit-vintage]/[runner:RegressionTest]/[test:RegressionTest1]/[test:test0598(RegressionTest1)]
display-name: test0598
]]></system-out>
</testcase>
<testcase name="test0747" classname="RegressionTest1" time="0.001">
<system-out><![CDATA[
unique-id: [engine:junit-vintage]/[runner:RegressionTest]/[test:RegressionTest1]/[test:test0747(RegressionTest1)]
display-name: test0747
]]></system-out>
</testcase>
<testcase name="test2637" classname="RegressionTest5" time="0">
<system-out><![CDATA[
unique-id: [engine:junit-vintage]/[runner:RegressionTest]/[test:RegressionTest5]/[test:test2637(RegressionTest5)]
display-name: test2637
]]></system-out>
</testcase>
<testcase name="test2424" classname="RegressionTest4" time="0">
<system-out><![CDATA[
unique-id: [engine:junit-vintage]/[runner:RegressionTest]/[test:RegressionTest4]/[test:test2424(RegressionTest4)]
display-name: test2424
]]></system-out>
</testcase>
<testcase name="test1870" classname="RegressionTest3" time="0">
<system-out><![CDATA[
unique-id: [engine:junit-vintage]/[runner:RegressionTest]/[test:RegressionTest3]/[test:test1870(RegressionTest3)]
display-name: test1870
]]></system-out>
</testcase>
<testcase name="test2208" classname="RegressionTest4" time="0">
<system-out><![CDATA[
unique-id: [engine:junit-vintage]/[runner:RegressionTest]/[test:RegressionTest4]/[test:test2208(RegressionTest4)]
display-name: test2208
]]></system-out>
</testcase>
<testcase name="test0182" classname="RegressionTest0" time="0">
<system-out><![CDATA[
unique-id: [engine:junit-vintage]/[runner:RegressionTest]/[test:RegressionTest0]/[test:test0182(RegressionTest0)]
display-name: test0182
]]></system-out>
</testcase>
<testcase name="test2389" classname="RegressionTest4" time="0">
<system-out><![CDATA[
unique-id: [engine:junit-vintage]/[runner:RegressionTest]/[test:RegressionTest4]/[test:test2389(RegressionTest4)]
display-name: test2389
]]></system-out>
</testcase>
<testcase name="test2542" classname="RegressionTest5" time="0">
<system-out><![CDATA[
unique-id: [engine:junit-vintage]/[runner:RegressionTest]/[test:RegressionTest5]/[test:test2542(RegressionTest5)]
display-name: test2542
]]></system-out>
</testcase>
<testcase name="test0001" classname="RegressionTest0" time="0.01">
<system-out><![CDATA[
unique-id: [engine:junit-vintage]/[runner:RegressionTest]/[test:RegressionTest0]/[test:test0001(RegressionTest0)]
display-name: test0001
]]></system-out>
</testcase>
<testcase name="test1057" classname="RegressionTest2" time="0.001">
<system-out><![CDATA[
unique-id: [engine:junit-vintage]/[runner:RegressionTest]/[test:RegressionTest2]/[test:test1057(RegressionTest2)]
display-name: test1057
]]></system-out>
</testcase>
<testcase name="test2459" classname="RegressionTest4" time="0">
<system-out><![CDATA[
unique-id: [engine:junit-vintage]/[runner:RegressionTest]/[test:RegressionTest4]/[test:test2459(RegressionTest4)]
display-name: test2459
]]></system-out>
</testcase>
<testcase name="test0652" classname="RegressionTest1" time="0">
<system-out><![CDATA[
unique-id: [engine:junit-vintage]/[runner:RegressionTest]/[test:RegressionTest1]/[test:test0652(RegressionTest1)]
display-name: test0652
]]></system-out>
</testcase>
<testcase name="test1819" classname="RegressionTest3" time="0">
<system-out><![CDATA[
unique-id: [engine:junit-vintage]/[runner:RegressionTest]/[test:RegressionTest3]/[test:test1819(RegressionTest3)]
display-name: test1819
]]></system-out>
</testcase>
<testcase name="test2072" classname="RegressionTest4" time="0">
<system-out><![CDATA[
unique-id: [engine:junit-vintage]/[runner:RegressionTest]/[test:RegressionTest4]/[test:test2072(RegressionTest4)]
display-name: test2072
]]></system-out>
</testcase>
<testcase name="test0252" classname="RegressionTest0" time="0">
<system-out><![CDATA[
unique-id: [engine:junit-vintage]/[runner:RegressionTest]/[test:RegressionTest0]/[test:test0252(RegressionTest0)]
display-name: test0252
]]></system-out>
</testcase>
<testcase name="test0722" classname="RegressionTest1" time="0">
<system-out><![CDATA[
unique-id: [engine:junit-vintage]/[runner:RegressionTest]/[test:RegressionTest1]/[test:test0722(RegressionTest1)]
display-name: test0722
]]></system-out>
</testcase>
<testcase name="test1206" classname="RegressionTest2" time="0">
<system-out><![CDATA[
unique-id: [engine:junit-vintage]/[runner:RegressionTest]/[test:RegressionTest2]/[test:test1206(RegressionTest2)]
display-name: test1206
]]></system-out>
</testcase>
<testcase name="test2548" classname="RegressionTest5" time="0">
<system-out><![CDATA[
unique-id: [engine:junit-vintage]/[runner:RegressionTest]/[test:RegressionTest5]/[test:test2548(RegressionTest5)]
display-name: test2548
]]></system-out>
</testcase>
<testcase name="test1362" classname="RegressionTest2" time="0">
<system-out><![CDATA[
unique-id: [engine:junit-vintage]/[runner:RegressionTest]/[test:RegressionTest2]/[test:test1362(RegressionTest2)]
display-name: test1362
]]></system-out>
</testcase>
<testcase name="test0728" classname="RegressionTest1" time="0">
<system-out><![CDATA[
unique-id: [engine:junit-vintage]/[runner:RegressionTest]/[test:RegressionTest1]/[test:test0728(RegressionTest1)]
display-name: test0728
]]></system-out>
</testcase>
<testcase name="test1654" classname="RegressionTest3" time="0">
<system-out><![CDATA[
unique-id: [engine:junit-vintage]/[runner:RegressionTest]/[test:RegressionTest3]/[test:test1654(RegressionTest3)]
display-name: test1654
]]></system-out>
</testcase>
<testcase name="test0401" classname="RegressionTest0" time="0">
<system-out><![CDATA[
unique-id: [engine:junit-vintage]/[runner:RegressionTest]/[test:RegressionTest0]/[test:test0401(RegressionTest0)]
display-name: test0401
]]></system-out>
</testcase>
<testcase name="test1838" classname="RegressionTest3" time="0">
<system-out><![CDATA[
unique-id: [engine:junit-vintage]/[runner:RegressionTest]/[test:RegressionTest3]/[test:test1838(RegressionTest3)]
display-name: test1838
]]></system-out>
</testcase>
<testcase name="test2113" classname="RegressionTest4" time="0">
<system-out><![CDATA[
unique-id: [engine:junit-vintage]/[runner:RegressionTest]/[test:RegressionTest4]/[test:test2113(RegressionTest4)]
display-name: test2113
]]></system-out>
</testcase>
<testcase name="test0055" classname="RegressionTest0" time="0">
<system-out><![CDATA[
unique-id: [engine:junit-vintage]/[runner:RegressionTest]/[test:RegressionTest0]/[test:test0055(RegressionTest0)]
display-name: test0055
]]></system-out>
</testcase>
<testcase name="test2478" classname="RegressionTest4" time="0">
<system-out><![CDATA[
unique-id: [engine:junit-vintage]/[runner:RegressionTest]/[test:RegressionTest4]/[test:test2478(RegressionTest4)]
display-name: test2478
]]></system-out>
</testcase>
<testcase name="test1403" classname="RegressionTest2" time="0">
<system-out><![CDATA[
unique-id: [engine:junit-vintage]/[runner:RegressionTest]/[test:RegressionTest2]/[test:test1403(RegressionTest2)]
display-name: test1403
]]></system-out>
</testcase>
<testcase name="test2005" classname="RegressionTest4" time="0">
<system-out><![CDATA[
unique-id: [engine:junit-vintage]/[runner:RegressionTest]/[test:RegressionTest4]/[test:test2005(RegressionTest4)]
display-name: test2005
]]></system-out>
</testcase>
<testcase name="test2078" classname="RegressionTest4" time="0">
<system-out><![CDATA[
unique-id: [engine:junit-vintage]/[runner:RegressionTest]/[test:RegressionTest4]/[test:test2078(RegressionTest4)]
display-name: test2078
]]></system-out>
</testcase>
<testcase name="test0271" classname="RegressionTest0" time="0">
<system-out><![CDATA[
unique-id: [engine:junit-vintage]/[runner:RegressionTest]/[test:RegressionTest0]/[test:test0271(RegressionTest0)]
display-name: test0271
]]></system-out>
</testcase>
<testcase name="test1368" classname="RegressionTest2" time="0">
<system-out><![CDATA[
unique-id: [engine:junit-vintage]/[runner:RegressionTest]/[test:RegressionTest2]/[test:test1368(RegressionTest2)]
display-name: test1368
]]></system-out>
</testcase>
<testcase name="test0258" classname="RegressionTest0" time="0">
<system-out><![CDATA[
unique-id: [engine:junit-vintage]/[runner:RegressionTest]/[test:RegressionTest0]/[test:test0258(RegressionTest0)]
display-name: test0258
]]></system-out>
</testcase>
<testcase name="test1273" classname="RegressionTest2" time="0">
<system-out><![CDATA[
unique-id: [engine:junit-vintage]/[runner:RegressionTest]/[test:RegressionTest2]/[test:test1273(RegressionTest2)]
display-name: test1273
]]></system-out>
</testcase>
<testcase name="test1743" classname="RegressionTest3" time="0">
<system-out><![CDATA[
unique-id: [engine:junit-vintage]/[runner:RegressionTest]/[test:RegressionTest3]/[test:test1743(RegressionTest3)]
display-name: test1743
]]></system-out>
</testcase>
<testcase name="test2511" classname="RegressionTest5" time="0">
<system-out><![CDATA[
unique-id: [engine:junit-vintage]/[runner:RegressionTest]/[test:RegressionTest5]/[test:test2511(RegressionTest5)]
display-name: test2511
]]></system-out>
</testcase>
<testcase name="test0329" classname="RegressionTest0" time="0">
<system-out><![CDATA[
unique-id: [engine:junit-vintage]/[runner:RegressionTest]/[test:RegressionTest0]/[test:test0329(RegressionTest0)]
display-name: test0329
]]></system-out>
</testcase>
<testcase name="test0855" classname="RegressionTest1" time="0">
<system-out><![CDATA[
unique-id: [engine:junit-vintage]/[runner:RegressionTest]/[test:RegressionTest1]/[test:test0855(RegressionTest1)]
display-name: test0855
]]></system-out>
</testcase>
<testcase name="test1665" classname="RegressionTest3" time="0">
<system-out><![CDATA[
unique-id: [engine:junit-vintage]/[runner:RegressionTest]/[test:RegressionTest3]/[test:test1665(RegressionTest3)]
display-name: test1665
]]></system-out>
</testcase>
<testcase name="test2296" classname="RegressionTest4" time="0">
<system-out><![CDATA[
unique-id: [engine:junit-vintage]/[runner:RegressionTest]/[test:RegressionTest4]/[test:test2296(RegressionTest4)]
display-name: test2296
]]></system-out>
</testcase>
<testcase name="test2261" classname="RegressionTest4" time="0">
<system-out><![CDATA[
unique-id: [engine:junit-vintage]/[runner:RegressionTest]/[test:RegressionTest4]/[test:test2261(RegressionTest4)]
display-name: test2261
]]></system-out>
</testcase>
<testcase name="test0926" classname="RegressionTest1" time="0.001">
<system-out><![CDATA[
unique-id: [engine:junit-vintage]/[runner:RegressionTest]/[test:RegressionTest1]/[test:test0926(RegressionTest1)]
display-name: test0926
]]></system-out>
</testcase>
<testcase name="test1033" classname="RegressionTest2" time="0">
<system-out><![CDATA[
unique-id: [engine:junit-vintage]/[runner:RegressionTest]/[test:RegressionTest2]/[test:test1033(RegressionTest2)]
display-name: test1033
]]></system-out>
</testcase>
<testcase name="test0223" classname="RegressionTest0" time="0">
<system-out><![CDATA[
unique-id: [engine:junit-vintage]/[runner:RegressionTest]/[test:RegressionTest0]/[test:test0223(RegressionTest0)]
display-name: test0223
]]></system-out>
</testcase>
<testcase name="test2438" classname="RegressionTest4" time="0">
<system-out><![CDATA[
unique-id: [engine:junit-vintage]/[runner:RegressionTest]/[test:RegressionTest4]/[test:test2438(RegressionTest4)]
display-name: test2438
]]></system-out>
</testcase>
<testcase name="test1807" classname="RegressionTest3" time="0">
<system-out><![CDATA[
unique-id: [engine:junit-vintage]/[runner:RegressionTest]/[test:RegressionTest3]/[test:test1807(RegressionTest3)]
display-name: test1807
]]></system-out>
</testcase>
<testcase name="test1323" classname="RegressionTest2" time="0">
<system-out><![CDATA[
unique-id: [engine:junit-vintage]/[runner:RegressionTest]/[test:RegressionTest2]/[test:test1323(RegressionTest2)]
display-name: test1323
]]></system-out>
</testcase>
<testcase name="test2133" classname="RegressionTest4" time="0">
<system-out><![CDATA[
unique-id: [engine:junit-vintage]/[runner:RegressionTest]/[test:RegressionTest4]/[test:test2133(RegressionTest4)]
display-name: test2133
]]></system-out>
</testcase>
<testcase name="test2403" classname="RegressionTest4" time="0">
<system-out><![CDATA[
unique-id: [engine:junit-vintage]/[runner:RegressionTest]/[test:RegressionTest4]/[test:test2403(RegressionTest4)]
display-name: test2403
]]></system-out>
</testcase>
<testcase name="test1358" classname="RegressionTest2" time="0">
<system-out><![CDATA[
unique-id: [engine:junit-vintage]/[runner:RegressionTest]/[test:RegressionTest2]/[test:test1358(RegressionTest2)]
display-name: test1358
]]></system-out>
</testcase>
<testcase name="test2168" classname="RegressionTest4" time="0">
<system-out><![CDATA[
unique-id: [engine:junit-vintage]/[runner:RegressionTest]/[test:RegressionTest4]/[test:test2168(RegressionTest4)]
display-name: test2168
]]></system-out>
</testcase>
<testcase name="test2546" classname="RegressionTest5" time="0">
<system-out><![CDATA[
unique-id: [engine:junit-vintage]/[runner:RegressionTest]/[test:RegressionTest5]/[test:test2546(RegressionTest5)]
display-name: test2546
]]></system-out>
</testcase>
<testcase name="test1502" classname="RegressionTest3" time="0">
<system-out><![CDATA[
unique-id: [engine:junit-vintage]/[runner:RegressionTest]/[test:RegressionTest3]/[test:test1502(RegressionTest3)]
display-name: test1502
]]></system-out>
</testcase>
<testcase name="test0422" classname="RegressionTest0" time="0">
<system-out><![CDATA[
unique-id: [engine:junit-vintage]/[runner:RegressionTest]/[test:RegressionTest0]/[test:test0422(RegressionTest0)]
display-name: test0422
]]></system-out>
</testcase>
<testcase name="test2042" classname="RegressionTest4" time="0">
<system-out><![CDATA[
unique-id: [engine:junit-vintage]/[runner:RegressionTest]/[test:RegressionTest4]/[test:test2042(RegressionTest4)]
display-name: test2042
]]></system-out>
</testcase>
<testcase name="test1955" classname="RegressionTest3" time="0">
<system-out><![CDATA[
unique-id: [engine:junit-vintage]/[runner:RegressionTest]/[test:RegressionTest3]/[test:test1955(RegressionTest3)]
display-name: test1955
]]></system-out>
</testcase>
<testcase name="test1053" classname="RegressionTest2" time="0">
<system-out><![CDATA[
unique-id: [engine:junit-vintage]/[runner:RegressionTest]/[test:RegressionTest2]/[test:test1053(RegressionTest2)]
display-name: test1053
]]></system-out>
</testcase>
<testcase name="test0457" classname="RegressionTest0" time="0">
<system-out><![CDATA[
unique-id: [engine:junit-vintage]/[runner:RegressionTest]/[test:RegressionTest0]/[test:test0457(RegressionTest0)]
display-name: test0457
]]></system-out>
</testcase>
<testcase name="test0727" classname="RegressionTest1" time="0">
<system-out><![CDATA[
unique-id: [engine:junit-vintage]/[runner:RegressionTest]/[test:RegressionTest1]/[test:test0727(RegressionTest1)]
display-name: test0727
]]></system-out>
</testcase>
<testcase name="test0906" classname="RegressionTest1" time="0">
<system-out><![CDATA[
unique-id: [engine:junit-vintage]/[runner:RegressionTest]/[test:RegressionTest1]/[test:test0906(RegressionTest1)]
display-name: test0906
]]></system-out>
</testcase>
<testcase name="test1537" classname="RegressionTest3" time="0">
<system-out><![CDATA[
unique-id: [engine:junit-vintage]/[runner:RegressionTest]/[test:RegressionTest3]/[test:test1537(RegressionTest3)]
display-name: test1537
]]></system-out>
</testcase>
<testcase name="test2526" classname="RegressionTest5" time="0">
<system-out><![CDATA[
unique-id: [engine:junit-vintage]/[runner:RegressionTest]/[test:RegressionTest5]/[test:test2526(RegressionTest5)]
display-name: test2526
]]></system-out>
</testcase>
<testcase name="test1650" classname="RegressionTest3" time="0">
<system-out><![CDATA[
unique-id: [engine:junit-vintage]/[runner:RegressionTest]/[test:RegressionTest3]/[test:test1650(RegressionTest3)]
display-name: test1650
]]></system-out>
</testcase>
<testcase name="test2077" classname="RegressionTest4" time="0">
<system-out><![CDATA[
unique-id: [engine:junit-vintage]/[runner:RegressionTest]/[test:RegressionTest4]/[test:test2077(RegressionTest4)]
display-name: test2077
]]></system-out>
</testcase>
<testcase name="test2097" classname="RegressionTest4" time="0">
<system-out><![CDATA[
unique-id: [engine:junit-vintage]/[runner:RegressionTest]/[test:RegressionTest4]/[test:test2097(RegressionTest4)]
display-name: test2097
]]></system-out>
</testcase>
<testcase name="test0477" classname="RegressionTest0" time="0">
<system-out><![CDATA[
unique-id: [engine:junit-vintage]/[runner:RegressionTest]/[test:RegressionTest0]/[test:test0477(RegressionTest0)]
display-name: test0477
]]></system-out>
</testcase>
<testcase name="test1161" classname="RegressionTest2" time="0">
<system-out><![CDATA[
unique-id: [engine:junit-vintage]/[runner:RegressionTest]/[test:RegressionTest2]/[test:test1161(RegressionTest2)]
display-name: test1161
]]></system-out>
</testcase>
<testcase name="test0349" classname="RegressionTest0" time="0">
<system-out><![CDATA[
unique-id: [engine:junit-vintage]/[runner:RegressionTest]/[test:RegressionTest0]/[test:test0349(RegressionTest0)]
display-name: test0349
]]></system-out>
</testcase>
<testcase name="test0911" classname="RegressionTest1" time="0">
<system-out><![CDATA[
unique-id: [engine:junit-vintage]/[runner:RegressionTest]/[test:RegressionTest1]/[test:test0911(RegressionTest1)]
display-name: test0911
]]></system-out>
</testcase>
<testcase name="test1338" classname="RegressionTest2" time="0">
<system-out><![CDATA[
unique-id: [engine:junit-vintage]/[runner:RegressionTest]/[test:RegressionTest2]/[test:test1338(RegressionTest2)]
display-name: test1338
]]></system-out>
</testcase>
<testcase name="test2148" classname="RegressionTest4" time="0">
<system-out><![CDATA[
unique-id: [engine:junit-vintage]/[runner:RegressionTest]/[test:RegressionTest4]/[test:test2148(RegressionTest4)]
display-name: test2148
]]></system-out>
</testcase>
<testcase name="test2531" classname="RegressionTest5" time="0">
<system-out><![CDATA[
unique-id: [engine:junit-vintage]/[runner:RegressionTest]/[test:RegressionTest5]/[test:test2531(RegressionTest5)]
display-name: test2531
]]></system-out>
</testcase>
<testcase name="test0115" classname="RegressionTest0" time="0">
<system-out><![CDATA[
unique-id: [engine:junit-vintage]/[runner:RegressionTest]/[test:RegressionTest0]/[test:test0115(RegressionTest0)]
display-name: test0115
]]></system-out>
</testcase>
<testcase name="test0550" classname="RegressionTest1" time="0">
<system-out><![CDATA[
unique-id: [engine:junit-vintage]/[runner:RegressionTest]/[test:RegressionTest1]/[test:test0550(RegressionTest1)]
display-name: test0550
]]></system-out>
</testcase>
<testcase name="test1900" classname="RegressionTest3" time="0">
<system-out><![CDATA[
unique-id: [engine:junit-vintage]/[runner:RegressionTest]/[test:RegressionTest3]/[test:test1900(RegressionTest3)]
display-name: test1900
]]></system-out>
</testcase>
<testcase name="test0712" classname="RegressionTest1" time="0">
<system-out><![CDATA[
unique-id: [engine:junit-vintage]/[runner:RegressionTest]/[test:RegressionTest1]/[test:test0712(RegressionTest1)]
display-name: test0712
]]></system-out>
</testcase>
<testcase name="test1522" classname="RegressionTest3" time="0">
<system-out><![CDATA[
unique-id: [engine:junit-vintage]/[runner:RegressionTest]/[test:RegressionTest3]/[test:test1522(RegressionTest3)]
display-name: test1522
]]></system-out>
</testcase>
<testcase name="test2153" classname="RegressionTest4" time="0">
<system-out><![CDATA[
unique-id: [engine:junit-vintage]/[runner:RegressionTest]/[test:RegressionTest4]/[test:test2153(RegressionTest4)]
display-name: test2153
]]></system-out>
</testcase>
<testcase name="test2689" classname="RegressionTest5" time="0">
<system-out><![CDATA[
unique-id: [engine:junit-vintage]/[runner:RegressionTest]/[test:RegressionTest5]/[test:test2689(RegressionTest5)]
display-name: test2689
]]></system-out>
</testcase>
<testcase name="test0203" classname="RegressionTest0" time="0">
<system-out><![CDATA[
unique-id: [engine:junit-vintage]/[runner:RegressionTest]/[test:RegressionTest0]/[test:test0203(RegressionTest0)]
display-name: test0203
]]></system-out>
</testcase>
<testcase name="test1013" classname="RegressionTest2" time="0">
<system-out><![CDATA[
unique-id: [engine:junit-vintage]/[runner:RegressionTest]/[test:RegressionTest2]/[test:test1013(RegressionTest2)]
display-name: test1013
]]></system-out>
</testcase>
<testcase name="test0192" classname="RegressionTest0" time="0">
<system-out><![CDATA[
unique-id: [engine:junit-vintage]/[runner:RegressionTest]/[test:RegressionTest0]/[test:test0192(RegressionTest0)]
display-name: test0192
]]></system-out>
</testcase>
<testcase name="test2188" classname="RegressionTest4" time="0">
<system-out><![CDATA[
unique-id: [engine:junit-vintage]/[runner:RegressionTest]/[test:RegressionTest4]/[test:test2188(RegressionTest4)]
display-name: test2188
]]></system-out>
</testcase>
<testcase name="test0462" classname="RegressionTest0" time="0">
<system-out><![CDATA[
unique-id: [engine:junit-vintage]/[runner:RegressionTest]/[test:RegressionTest0]/[test:test0462(RegressionTest0)]
display-name: test0462
]]></system-out>
</testcase>
<testcase name="test0096" classname="RegressionTest0" time="0.001">
<system-out><![CDATA[
unique-id: [engine:junit-vintage]/[runner:RegressionTest]/[test:RegressionTest0]/[test:test0096(RegressionTest0)]
display-name: test0096
]]></system-out>
</testcase>
<testcase name="test2654" classname="RegressionTest5" time="0">
<system-out><![CDATA[
unique-id: [engine:junit-vintage]/[runner:RegressionTest]/[test:RegressionTest5]/[test:test2654(RegressionTest5)]
display-name: test2654
]]></system-out>
</testcase>
<testcase name="test0800" classname="RegressionTest1" time="0">
<system-out><![CDATA[
unique-id: [engine:junit-vintage]/[runner:RegressionTest]/[test:RegressionTest1]/[test:test0800(RegressionTest1)]
display-name: test0800
]]></system-out>
</testcase>
<testcase name="test1466" classname="RegressionTest2" time="0">
<system-out><![CDATA[
unique-id: [engine:junit-vintage]/[runner:RegressionTest]/[test:RegressionTest2]/[test:test1466(RegressionTest2)]
display-name: test1466
]]></system-out>
</testcase>
<testcase name="test1610" classname="RegressionTest3" time="0">
<system-out><![CDATA[
unique-id: [engine:junit-vintage]/[runner:RegressionTest]/[test:RegressionTest3]/[test:test1610(RegressionTest3)]
display-name: test1610
]]></system-out>
</testcase>
<testcase name="test2276" classname="RegressionTest4" time="0">
<system-out><![CDATA[
unique-id: [engine:junit-vintage]/[runner:RegressionTest]/[test:RegressionTest4]/[test:test2276(RegressionTest4)]
display-name: test2276
]]></system-out>
</testcase>
<testcase name="test0331" classname="RegressionTest0" time="0">
<system-out><![CDATA[
unique-id: [engine:junit-vintage]/[runner:RegressionTest]/[test:RegressionTest0]/[test:test0331(RegressionTest0)]
display-name: test0331
]]></system-out>
</testcase>
<testcase name="test0570" classname="RegressionTest1" time="0">
<system-out><![CDATA[
unique-id: [engine:junit-vintage]/[runner:RegressionTest]/[test:RegressionTest1]/[test:test0570(RegressionTest1)]
display-name: test0570
]]></system-out>
</testcase>
<testcase name="test1141" classname="RegressionTest2" time="0">
<system-out><![CDATA[
unique-id: [engine:junit-vintage]/[runner:RegressionTest]/[test:RegressionTest2]/[test:test1141(RegressionTest2)]
display-name: test1141
]]></system-out>
</testcase>
<testcase name="test0061" classname="RegressionTest0" time="0.001">
<system-out><![CDATA[
unique-id: [engine:junit-vintage]/[runner:RegressionTest]/[test:RegressionTest0]/[test:test0061(RegressionTest0)]
display-name: test0061
]]></system-out>
</testcase>
<testcase name="test2281" classname="RegressionTest4" time="0">
<system-out><![CDATA[
unique-id: [engine:junit-vintage]/[runner:RegressionTest]/[test:RegressionTest4]/[test:test2281(RegressionTest4)]
display-name: test2281
]]></system-out>
</testcase>
<testcase name="test0931" classname="RegressionTest1" time="0">
<system-out><![CDATA[
unique-id: [engine:junit-vintage]/[runner:RegressionTest]/[test:RegressionTest1]/[test:test0931(RegressionTest1)]
display-name: test0931
]]></system-out>
</testcase>
<testcase name="test0818" classname="RegressionTest1" time="0">
<system-out><![CDATA[
unique-id: [engine:junit-vintage]/[runner:RegressionTest]/[test:RegressionTest1]/[test:test0818(RegressionTest1)]
display-name: test0818
]]></system-out>
</testcase>
<testcase name="test2551" classname="RegressionTest5" time="0">
<system-out><![CDATA[
unique-id: [engine:junit-vintage]/[runner:RegressionTest]/[test:RegressionTest5]/[test:test2551(RegressionTest5)]
display-name: test2551
]]></system-out>
</testcase>
<testcase name="test0309" classname="RegressionTest0" time="0">
<system-out><![CDATA[
unique-id: [engine:junit-vintage]/[runner:RegressionTest]/[test:RegressionTest0]/[test:test0309(RegressionTest0)]
display-name: test0309
]]></system-out>
</testcase>
<testcase name="test0565" classname="RegressionTest1" time="0">
<system-out><![CDATA[
unique-id: [engine:junit-vintage]/[runner:RegressionTest]/[test:RegressionTest1]/[test:test0565(RegressionTest1)]
display-name: test0565
]]></system-out>
</testcase>
<testcase name="test1645" classname="RegressionTest3" time="0">
<system-out><![CDATA[
unique-id: [engine:junit-vintage]/[runner:RegressionTest]/[test:RegressionTest3]/[test:test1645(RegressionTest3)]
display-name: test1645
]]></system-out>
</testcase>
<testcase name="test0835" classname="RegressionTest1" time="0">
<system-out><![CDATA[
unique-id: [engine:junit-vintage]/[runner:RegressionTest]/[test:RegressionTest1]/[test:test0835(RegressionTest1)]
display-name: test0835
]]></system-out>
</testcase>
<testcase name="test0590" classname="RegressionTest1" time="0">
<system-out><![CDATA[
unique-id: [engine:junit-vintage]/[runner:RegressionTest]/[test:RegressionTest1]/[test:test0590(RegressionTest1)]
display-name: test0590
]]></system-out>
</testcase>
<testcase name="test2185" classname="RegressionTest4" time="0">
<system-out><![CDATA[
unique-id: [engine:junit-vintage]/[runner:RegressionTest]/[test:RegressionTest4]/[test:test2185(RegressionTest4)]
display-name: test2185
]]></system-out>
</testcase>
<testcase name="test2418" classname="RegressionTest4" time="0">
<system-out><![CDATA[
unique-id: [engine:junit-vintage]/[runner:RegressionTest]/[test:RegressionTest4]/[test:test2418(RegressionTest4)]
display-name: test2418
]]></system-out>
</testcase>
<testcase name="test0815" classname="RegressionTest1" time="0">
<system-out><![CDATA[
unique-id: [engine:junit-vintage]/[runner:RegressionTest]/[test:RegressionTest1]/[test:test0815(RegressionTest1)]
display-name: test0815
]]></system-out>
</testcase>
<testcase name="test0314" classname="RegressionTest0" time="0">
<system-out><![CDATA[
unique-id: [engine:junit-vintage]/[runner:RegressionTest]/[test:RegressionTest0]/[test:test0314(RegressionTest0)]
display-name: test0314
]]></system-out>
</testcase>
<testcase name="test0334" classname="RegressionTest0" time="0">
<system-out><![CDATA[
unique-id: [engine:junit-vintage]/[runner:RegressionTest]/[test:RegressionTest0]/[test:test0334(RegressionTest0)]
display-name: test0334
]]></system-out>
</testcase>
<testcase name="test0081" classname="RegressionTest0" time="0.003">
<system-out><![CDATA[
unique-id: [engine:junit-vintage]/[runner:RegressionTest]/[test:RegressionTest0]/[test:test0081(RegressionTest0)]
display-name: test0081
]]></system-out>
</testcase>
<testcase name="test2669" classname="RegressionTest5" time="0">
<system-out><![CDATA[
unique-id: [engine:junit-vintage]/[runner:RegressionTest]/[test:RegressionTest5]/[test:test2669(RegressionTest5)]
display-name: test2669
]]></system-out>
</testcase>
<testcase name="test2062" classname="RegressionTest4" time="0">
<system-out><![CDATA[
unique-id: [engine:junit-vintage]/[runner:RegressionTest]/[test:RegressionTest4]/[test:test2062(RegressionTest4)]
display-name: test2062
]]></system-out>
</testcase>
<testcase name="test0206" classname="RegressionTest0" time="0">
<system-out><![CDATA[
unique-id: [engine:junit-vintage]/[runner:RegressionTest]/[test:RegressionTest0]/[test:test0206(RegressionTest0)]
display-name: test0206
]]></system-out>
</testcase>
<testcase name="test0946" classname="RegressionTest1" time="0">
<system-out><![CDATA[
unique-id: [engine:junit-vintage]/[runner:RegressionTest]/[test:RegressionTest1]/[test:test0946(RegressionTest1)]
display-name: test0946
]]></system-out>
</testcase>
<testcase name="test2566" classname="RegressionTest5" time="0">
<system-out><![CDATA[
unique-id: [engine:junit-vintage]/[runner:RegressionTest]/[test:RegressionTest5]/[test:test2566(RegressionTest5)]
display-name: test2566
]]></system-out>
</testcase>
<testcase name="test2674" classname="RegressionTest5" time="0">
<system-out><![CDATA[
unique-id: [engine:junit-vintage]/[runner:RegressionTest]/[test:RegressionTest5]/[test:test2674(RegressionTest5)]
display-name: test2674
]]></system-out>
</testcase>
<testcase name="test0585" classname="RegressionTest1" time="0">
<system-out><![CDATA[
unique-id: [engine:junit-vintage]/[runner:RegressionTest]/[test:RegressionTest1]/[test:test0585(RegressionTest1)]
display-name: test0585
]]></system-out>
</testcase>
<testcase name="test0076" classname="RegressionTest0" time="0.002">
<system-out><![CDATA[
unique-id: [engine:junit-vintage]/[runner:RegressionTest]/[test:RegressionTest0]/[test:test0076(RegressionTest0)]
display-name: test0076
]]></system-out>
</testcase>
<testcase name="test0442" classname="RegressionTest0" time="0">
<system-out><![CDATA[
unique-id: [engine:junit-vintage]/[runner:RegressionTest]/[test:RegressionTest0]/[test:test0442(RegressionTest0)]
display-name: test0442
]]></system-out>
</testcase>
<testcase name="test2170" classname="RegressionTest4" time="0">
<system-out><![CDATA[
unique-id: [engine:junit-vintage]/[runner:RegressionTest]/[test:RegressionTest4]/[test:test2170(RegressionTest4)]
display-name: test2170
]]></system-out>
</testcase>
<testcase name="test2423" classname="RegressionTest4" time="0">
<system-out><![CDATA[
unique-id: [engine:junit-vintage]/[runner:RegressionTest]/[test:RegressionTest4]/[test:test2423(RegressionTest4)]
display-name: test2423
]]></system-out>
</testcase>
<testcase name="test0693" classname="RegressionTest1" time="0">
<system-out><![CDATA[
unique-id: [engine:junit-vintage]/[runner:RegressionTest]/[test:RegressionTest1]/[test:test0693(RegressionTest1)]
display-name: test0693
]]></system-out>
</testcase>
<testcase name="test0707" classname="RegressionTest1" time="0">
<system-out><![CDATA[
unique-id: [engine:junit-vintage]/[runner:RegressionTest]/[test:RegressionTest1]/[test:test0707(RegressionTest1)]
display-name: test0707
]]></system-out>
</testcase>
<testcase name="test2057" classname="RegressionTest4" time="0">
<system-out><![CDATA[
unique-id: [engine:junit-vintage]/[runner:RegressionTest]/[test:RegressionTest4]/[test:test2057(RegressionTest4)]
display-name: test2057
]]></system-out>
</testcase>
<testcase name="test0437" classname="RegressionTest0" time="0">
<system-out><![CDATA[
unique-id: [engine:junit-vintage]/[runner:RegressionTest]/[test:RegressionTest0]/[test:test0437(RegressionTest0)]
display-name: test0437
]]></system-out>
</testcase>
<testcase name="test0820" classname="RegressionTest1" time="0">
<system-out><![CDATA[
unique-id: [engine:junit-vintage]/[runner:RegressionTest]/[test:RegressionTest1]/[test:test0820(RegressionTest1)]
display-name: test0820
]]></system-out>
</testcase>
<testcase name="test1630" classname="RegressionTest3" time="0">
<system-out><![CDATA[
unique-id: [engine:junit-vintage]/[runner:RegressionTest]/[test:RegressionTest3]/[test:test1630(RegressionTest3)]
display-name: test1630
]]></system-out>
</testcase>
<testcase name="test1085" classname="RegressionTest2" time="0">
<system-out><![CDATA[
unique-id: [engine:junit-vintage]/[runner:RegressionTest]/[test:RegressionTest2]/[test:test1085(RegressionTest2)]
display-name: test1085
]]></system-out>
</testcase>
<testcase name="test0354" classname="RegressionTest0" time="0">
<system-out><![CDATA[
unique-id: [engine:junit-vintage]/[runner:RegressionTest]/[test:RegressionTest0]/[test:test0354(RegressionTest0)]
display-name: test0354
]]></system-out>
</testcase>
<testcase name="test1690" classname="RegressionTest3" time="0">
<system-out><![CDATA[
unique-id: [engine:junit-vintage]/[runner:RegressionTest]/[test:RegressionTest3]/[test:test1690(RegressionTest3)]
display-name: test1690
]]></system-out>
</testcase>
<testcase name="test0346" classname="RegressionTest0" time="0">
<system-out><![CDATA[
unique-id: [engine:junit-vintage]/[runner:RegressionTest]/[test:RegressionTest0]/[test:test0346(RegressionTest0)]
display-name: test0346
]]></system-out>
</testcase>
<testcase name="test1469" classname="RegressionTest2" time="0">
<system-out><![CDATA[
unique-id: [engine:junit-vintage]/[runner:RegressionTest]/[test:RegressionTest2]/[test:test1469(RegressionTest2)]
display-name: test1469
]]></system-out>
</testcase>
<testcase name="test1682" classname="RegressionTest3" time="0">
<system-out><![CDATA[
unique-id: [engine:junit-vintage]/[runner:RegressionTest]/[test:RegressionTest3]/[test:test1682(RegressionTest3)]
display-name: test1682
]]></system-out>
</testcase>
<testcase name="test1156" classname="RegressionTest2" time="0">
<system-out><![CDATA[
unique-id: [engine:junit-vintage]/[runner:RegressionTest]/[test:RegressionTest2]/[test:test1156(RegressionTest2)]
display-name: test1156
]]></system-out>
</testcase>
<testcase name="test0838" classname="RegressionTest1" time="0">
<system-out><![CDATA[
unique-id: [engine:junit-vintage]/[runner:RegressionTest]/[test:RegressionTest1]/[test:test0838(RegressionTest1)]
display-name: test0838
]]></system-out>
</testcase>
<testcase name="test1050" classname="RegressionTest2" time="0">
<system-out><![CDATA[
unique-id: [engine:junit-vintage]/[runner:RegressionTest]/[test:RegressionTest2]/[test:test1050(RegressionTest2)]
display-name: test1050
]]></system-out>
</testcase>
<testcase name="test0951" classname="RegressionTest1" time="0">
<system-out><![CDATA[
unique-id: [engine:junit-vintage]/[runner:RegressionTest]/[test:RegressionTest1]/[test:test0951(RegressionTest1)]
display-name: test0951
]]></system-out>
</testcase>
<testcase name="test1093" classname="RegressionTest2" time="0">
<system-out><![CDATA[
unique-id: [engine:junit-vintage]/[runner:RegressionTest]/[test:RegressionTest2]/[test:test1093(RegressionTest2)]
display-name: test1093
]]></system-out>
</testcase>
<testcase name="test2315" classname="RegressionTest4" time="0">
<system-out><![CDATA[
unique-id: [engine:junit-vintage]/[runner:RegressionTest]/[test:RegressionTest4]/[test:test2315(RegressionTest4)]
display-name: test2315
]]></system-out>
</testcase>
<testcase name="test2384" classname="RegressionTest4" time="0">
<system-out><![CDATA[
unique-id: [engine:junit-vintage]/[runner:RegressionTest]/[test:RegressionTest4]/[test:test2384(RegressionTest4)]
display-name: test2384
]]></system-out>
</testcase>
<testcase name="test0978" classname="RegressionTest1" time="0">
<system-out><![CDATA[
unique-id: [engine:junit-vintage]/[runner:RegressionTest]/[test:RegressionTest1]/[test:test0978(RegressionTest1)]
display-name: test0978
]]></system-out>
</testcase>
<testcase name="test2130" classname="RegressionTest4" time="0">
<system-out><![CDATA[
unique-id: [engine:junit-vintage]/[runner:RegressionTest]/[test:RegressionTest4]/[test:test2130(RegressionTest4)]
display-name: test2130
]]></system-out>
</testcase>
<testcase name="test2173" classname="RegressionTest4" time="0">
<system-out><![CDATA[
unique-id: [engine:junit-vintage]/[runner:RegressionTest]/[test:RegressionTest4]/[test:test2173(RegressionTest4)]
display-name: test2173
]]></system-out>
</testcase>
<testcase name="test0943" classname="RegressionTest1" time="0">
<system-out><![CDATA[
unique-id: [engine:junit-vintage]/[runner:RegressionTest]/[test:RegressionTest1]/[test:test0943(RegressionTest1)]
display-name: test0943
]]></system-out>
</testcase>
<testcase name="test0986" classname="RegressionTest1" time="0">
<system-out><![CDATA[
unique-id: [engine:junit-vintage]/[runner:RegressionTest]/[test:RegressionTest1]/[test:test0986(RegressionTest1)]
display-name: test0986
]]></system-out>
</testcase>
<testcase name="test1753" classname="RegressionTest3" time="0">
<system-out><![CDATA[
unique-id: [engine:junit-vintage]/[runner:RegressionTest]/[test:RegressionTest3]/[test:test1753(RegressionTest3)]
display-name: test1753
]]></system-out>
</testcase>
<testcase name="test0056" classname="RegressionTest0" time="0">
<system-out><![CDATA[
unique-id: [engine:junit-vintage]/[runner:RegressionTest]/[test:RegressionTest0]/[test:test0056(RegressionTest0)]
display-name: test0056
]]></system-out>
</testcase>
<testcase name="test1788" classname="RegressionTest3" time="0">
<system-out><![CDATA[
unique-id: [engine:junit-vintage]/[runner:RegressionTest]/[test:RegressionTest3]/[test:test1788(RegressionTest3)]
display-name: test1788
]]></system-out>
</testcase>
<testcase name="test2017" classname="RegressionTest4" time="0">
<system-out><![CDATA[
unique-id: [engine:junit-vintage]/[runner:RegressionTest]/[test:RegressionTest4]/[test:test2017(RegressionTest4)]
display-name: test2017
]]></system-out>
</testcase>
<testcase name="test0619" classname="RegressionTest1" time="0">
<system-out><![CDATA[
unique-id: [engine:junit-vintage]/[runner:RegressionTest]/[test:RegressionTest1]/[test:test0619(RegressionTest1)]
display-name: test0619
]]></system-out>
</testcase>
<testcase name="test0653" classname="RegressionTest1" time="0">
<system-out><![CDATA[
unique-id: [engine:junit-vintage]/[runner:RegressionTest]/[test:RegressionTest1]/[test:test0653(RegressionTest1)]
display-name: test0653
]]></system-out>
</testcase>
<testcase name="test1918" classname="RegressionTest3" time="0">
<system-out><![CDATA[
unique-id: [engine:junit-vintage]/[runner:RegressionTest]/[test:RegressionTest3]/[test:test1918(RegressionTest3)]
display-name: test1918
]]></system-out>
</testcase>
<testcase name="test1107" classname="RegressionTest2" time="0">
<system-out><![CDATA[
unique-id: [engine:junit-vintage]/[runner:RegressionTest]/[test:RegressionTest2]/[test:test1107(RegressionTest2)]
display-name: test1107
]]></system-out>
</testcase>
<testcase name="test0545" classname="RegressionTest1" time="0">
<system-out><![CDATA[
unique-id: [engine:junit-vintage]/[runner:RegressionTest]/[test:RegressionTest1]/[test:test0545(RegressionTest1)]
display-name: test0545
]]></system-out>
</testcase>
<testcase name="test2406" classname="RegressionTest4" time="0">
<system-out><![CDATA[
unique-id: [engine:junit-vintage]/[runner:RegressionTest]/[test:RegressionTest4]/[test:test2406(RegressionTest4)]
display-name: test2406
]]></system-out>
</testcase>
<testcase name="test1534" classname="RegressionTest3" time="0">
<system-out><![CDATA[
unique-id: [engine:junit-vintage]/[runner:RegressionTest]/[test:RegressionTest3]/[test:test1534(RegressionTest3)]
display-name: test1534
]]></system-out>
</testcase>
<testcase name="test1542" classname="RegressionTest3" time="0.001">
<system-out><![CDATA[
unique-id: [engine:junit-vintage]/[runner:RegressionTest]/[test:RegressionTest3]/[test:test1542(RegressionTest3)]
display-name: test1542
]]></system-out>
</testcase>
<testcase name="test2022" classname="RegressionTest4" time="0">
<system-out><![CDATA[
unique-id: [engine:junit-vintage]/[runner:RegressionTest]/[test:RegressionTest4]/[test:test2022(RegressionTest4)]
display-name: test2022
]]></system-out>
</testcase>
<testcase name="test0402" classname="RegressionTest0" time="0">
<system-out><![CDATA[
unique-id: [engine:junit-vintage]/[runner:RegressionTest]/[test:RegressionTest0]/[test:test0402(RegressionTest0)]
display-name: test0402
]]></system-out>
</testcase>
<testcase name="test2649" classname="RegressionTest5" time="0">
<system-out><![CDATA[
unique-id: [engine:junit-vintage]/[runner:RegressionTest]/[test:RegressionTest5]/[test:test2649(RegressionTest5)]
display-name: test2649
]]></system-out>
</testcase>
<testcase name="test1739" classname="RegressionTest3" time="0">
<system-out><![CDATA[
unique-id: [engine:junit-vintage]/[runner:RegressionTest]/[test:RegressionTest3]/[test:test1739(RegressionTest3)]
display-name: test1739
]]></system-out>
</testcase>
<testcase name="test2549" classname="RegressionTest5" time="0">
<system-out><![CDATA[
unique-id: [engine:junit-vintage]/[runner:RegressionTest]/[test:RegressionTest5]/[test:test2549(RegressionTest5)]
display-name: test2549
]]></system-out>
</testcase>
<testcase name="test2657" classname="RegressionTest5" time="0">
<system-out><![CDATA[
unique-id: [engine:junit-vintage]/[runner:RegressionTest]/[test:RegressionTest5]/[test:test2657(RegressionTest5)]
display-name: test2657
]]></system-out>
</testcase>
<testcase name="test1847" classname="RegressionTest3" time="0">
<system-out><![CDATA[
unique-id: [engine:junit-vintage]/[runner:RegressionTest]/[test:RegressionTest3]/[test:test1847(RegressionTest3)]
display-name: test1847
]]></system-out>
</testcase>
<testcase name="test2492" classname="RegressionTest4" time="0">
<system-out><![CDATA[
unique-id: [engine:junit-vintage]/[runner:RegressionTest]/[test:RegressionTest4]/[test:test2492(RegressionTest4)]
display-name: test2492
]]></system-out>
</testcase>
<testcase name="test1318" classname="RegressionTest2" time="0">
<system-out><![CDATA[
unique-id: [engine:junit-vintage]/[runner:RegressionTest]/[test:RegressionTest2]/[test:test1318(RegressionTest2)]
display-name: test1318
]]></system-out>
</testcase>
<testcase name="test1790" classname="RegressionTest3" time="0">
<system-out><![CDATA[
unique-id: [engine:junit-vintage]/[runner:RegressionTest]/[test:RegressionTest3]/[test:test1790(RegressionTest3)]
display-name: test1790
]]></system-out>
</testcase>
<testcase name="test0497" classname="RegressionTest0" time="0">
<system-out><![CDATA[
unique-id: [engine:junit-vintage]/[runner:RegressionTest]/[test:RegressionTest0]/[test:test0497(RegressionTest0)]
display-name: test0497
]]></system-out>
</testcase>
<testcase name="test0489" classname="RegressionTest0" time="0">
<system-out><![CDATA[
unique-id: [engine:junit-vintage]/[runner:RegressionTest]/[test:RegressionTest0]/[test:test0489(RegressionTest0)]
display-name: test0489
]]></system-out>
</testcase>
<testcase name="test1326" classname="RegressionTest2" time="0">
<system-out><![CDATA[
unique-id: [engine:junit-vintage]/[runner:RegressionTest]/[test:RegressionTest2]/[test:test1326(RegressionTest2)]
display-name: test1326
]]></system-out>
</testcase>
<testcase name="test1299" classname="RegressionTest2" time="0">
<system-out><![CDATA[
unique-id: [engine:junit-vintage]/[runner:RegressionTest]/[test:RegressionTest2]/[test:test1299(RegressionTest2)]
display-name: test1299
]]></system-out>
</testcase>
<testcase name="test1923" classname="RegressionTest3" time="0">
<system-out><![CDATA[
unique-id: [engine:junit-vintage]/[runner:RegressionTest]/[test:RegressionTest3]/[test:test1923(RegressionTest3)]
display-name: test1923
]]></system-out>
</testcase>
<testcase name="test1896" classname="RegressionTest3" time="0">
<system-out><![CDATA[
unique-id: [engine:junit-vintage]/[runner:RegressionTest]/[test:RegressionTest3]/[test:test1896(RegressionTest3)]
display-name: test1896
]]></system-out>
</testcase>
<testcase name="test1193" classname="RegressionTest2" time="0">
<system-out><![CDATA[
unique-id: [engine:junit-vintage]/[runner:RegressionTest]/[test:RegressionTest2]/[test:test1193(RegressionTest2)]
display-name: test1193
]]></system-out>
</testcase>
<testcase name="test2458" classname="RegressionTest4" time="0">
<system-out><![CDATA[
unique-id: [engine:junit-vintage]/[runner:RegressionTest]/[test:RegressionTest4]/[test:test2458(RegressionTest4)]
display-name: test2458
]]></system-out>
</testcase>
<testcase name="test0238" classname="RegressionTest0" time="0">
<system-out><![CDATA[
unique-id: [engine:junit-vintage]/[runner:RegressionTest]/[test:RegressionTest0]/[test:test0238(RegressionTest0)]
display-name: test0238
]]></system-out>
</testcase>
<testcase name="test1048" classname="RegressionTest2" time="0">
<system-out><![CDATA[
unique-id: [engine:junit-vintage]/[runner:RegressionTest]/[test:RegressionTest2]/[test:test1048(RegressionTest2)]
display-name: test1048
]]></system-out>
</testcase>
<testcase name="test1431" classname="RegressionTest2" time="0">
<system-out><![CDATA[
unique-id: [engine:junit-vintage]/[runner:RegressionTest]/[test:RegressionTest2]/[test:test1431(RegressionTest2)]
display-name: test1431
]]></system-out>
</testcase>
<testcase name="test1574" classname="RegressionTest3" time="0">
<system-out><![CDATA[
unique-id: [engine:junit-vintage]/[runner:RegressionTest]/[test:RegressionTest3]/[test:test1574(RegressionTest3)]
display-name: test1574
]]></system-out>
</testcase>
<testcase name="test2241" classname="RegressionTest4" time="0">
<system-out><![CDATA[
unique-id: [engine:junit-vintage]/[runner:RegressionTest]/[test:RegressionTest4]/[test:test2241(RegressionTest4)]
display-name: test2241
]]></system-out>
</testcase>
<testcase name="test2030" classname="RegressionTest4" time="0">
<system-out><![CDATA[
unique-id: [engine:junit-vintage]/[runner:RegressionTest]/[test:RegressionTest4]/[test:test2030(RegressionTest4)]
display-name: test2030
]]></system-out>
</testcase>
<testcase name="test1088" classname="RegressionTest2" time="0">
<system-out><![CDATA[
unique-id: [engine:junit-vintage]/[runner:RegressionTest]/[test:RegressionTest2]/[test:test1088(RegressionTest2)]
display-name: test1088
]]></system-out>
</testcase>
<testcase name="test1045" classname="RegressionTest2" time="0">
<system-out><![CDATA[
unique-id: [engine:junit-vintage]/[runner:RegressionTest]/[test:RegressionTest2]/[test:test1045(RegressionTest2)]
display-name: test1045
]]></system-out>
</testcase>
<testcase name="test1215" classname="RegressionTest2" time="0">
<system-out><![CDATA[
unique-id: [engine:junit-vintage]/[runner:RegressionTest]/[test:RegressionTest2]/[test:test1215(RegressionTest2)]
display-name: test1215
]]></system-out>
</testcase>
<testcase name="test2025" classname="RegressionTest4" time="0">
<system-out><![CDATA[
unique-id: [engine:junit-vintage]/[runner:RegressionTest]/[test:RegressionTest4]/[test:test2025(RegressionTest4)]
display-name: test2025
]]></system-out>
</testcase>
<testcase name="test0761" classname="RegressionTest1" time="0">
<system-out><![CDATA[
unique-id: [engine:junit-vintage]/[runner:RegressionTest]/[test:RegressionTest1]/[test:test0761(RegressionTest1)]
display-name: test0761
]]></system-out>
</testcase>
<testcase name="test0878" classname="RegressionTest1" time="0">
<system-out><![CDATA[
unique-id: [engine:junit-vintage]/[runner:RegressionTest]/[test:RegressionTest1]/[test:test0878(RegressionTest1)]
display-name: test0878
]]></system-out>
</testcase>
<testcase name="test1915" classname="RegressionTest3" time="0">
<system-out><![CDATA[
unique-id: [engine:junit-vintage]/[runner:RegressionTest]/[test:RegressionTest3]/[test:test1915(RegressionTest3)]
display-name: test1915
]]></system-out>
</testcase>
<testcase name="test1958" classname="RegressionTest3" time="0">
<system-out><![CDATA[
unique-id: [engine:junit-vintage]/[runner:RegressionTest]/[test:RegressionTest3]/[test:test1958(RegressionTest3)]
display-name: test1958
]]></system-out>
</testcase>
<testcase name="test1196" classname="RegressionTest2" time="0">
<system-out><![CDATA[
unique-id: [engine:junit-vintage]/[runner:RegressionTest]/[test:RegressionTest2]/[test:test1196(RegressionTest2)]
display-name: test1196
]]></system-out>
</testcase>
<testcase name="test0021" classname="RegressionTest0" time="0.005">
<system-out><![CDATA[
unique-id: [engine:junit-vintage]/[runner:RegressionTest]/[test:RegressionTest0]/[test:test0021(RegressionTest0)]
display-name: test0021
]]></system-out>
</testcase>
<testcase name="test1429" classname="RegressionTest2" time="0">
<system-out><![CDATA[
unique-id: [engine:junit-vintage]/[runner:RegressionTest]/[test:RegressionTest2]/[test:test1429(RegressionTest2)]
display-name: test1429
]]></system-out>
</testcase>
<testcase name="test1812" classname="RegressionTest3" time="0">
<system-out><![CDATA[
unique-id: [engine:junit-vintage]/[runner:RegressionTest]/[test:RegressionTest3]/[test:test1812(RegressionTest3)]
display-name: test1812
]]></system-out>
</testcase>
<testcase name="test2622" classname="RegressionTest5" time="0">
<system-out><![CDATA[
unique-id: [engine:junit-vintage]/[runner:RegressionTest]/[test:RegressionTest5]/[test:test2622(RegressionTest5)]
display-name: test2622
]]></system-out>
</testcase>
<testcase name="test1793" classname="RegressionTest3" time="0">
<system-out><![CDATA[
unique-id: [engine:junit-vintage]/[runner:RegressionTest]/[test:RegressionTest3]/[test:test1793(RegressionTest3)]
display-name: test1793
]]></system-out>
</testcase>
<testcase name="test1920" classname="RegressionTest3" time="0">
<system-out><![CDATA[
unique-id: [engine:junit-vintage]/[runner:RegressionTest]/[test:RegressionTest3]/[test:test1920(RegressionTest3)]
display-name: test1920
]]></system-out>
</testcase>
<testcase name="test0394" classname="RegressionTest0" time="0">
<system-out><![CDATA[
unique-id: [engine:junit-vintage]/[runner:RegressionTest]/[test:RegressionTest0]/[test:test0394(RegressionTest0)]
display-name: test0394
]]></system-out>
</testcase>
<testcase name="test1685" classname="RegressionTest3" time="0">
<system-out><![CDATA[
unique-id: [engine:junit-vintage]/[runner:RegressionTest]/[test:RegressionTest3]/[test:test1685(RegressionTest3)]
display-name: test1685
]]></system-out>
</testcase>
<testcase name="test0510" classname="RegressionTest1" time="0">
<system-out><![CDATA[
unique-id: [engine:junit-vintage]/[runner:RegressionTest]/[test:RegressionTest1]/[test:test0510(RegressionTest1)]
display-name: test0510
]]></system-out>
</testcase>
<testcase name="test1677" classname="RegressionTest3" time="0">
<system-out><![CDATA[
unique-id: [engine:junit-vintage]/[runner:RegressionTest]/[test:RegressionTest3]/[test:test1677(RegressionTest3)]
display-name: test1677
]]></system-out>
</testcase>
<testcase name="test2609" classname="RegressionTest5" time="0">
<system-out><![CDATA[
unique-id: [engine:junit-vintage]/[runner:RegressionTest]/[test:RegressionTest5]/[test:test2609(RegressionTest5)]
display-name: test2609
]]></system-out>
</testcase>
<testcase name="test1569" classname="RegressionTest3" time="0">
<system-out><![CDATA[
unique-id: [engine:junit-vintage]/[runner:RegressionTest]/[test:RegressionTest3]/[test:test1569(RegressionTest3)]
display-name: test1569
]]></system-out>
</testcase>
<testcase name="test2506" classname="RegressionTest5" time="0">
<system-out><![CDATA[
unique-id: [engine:junit-vintage]/[runner:RegressionTest]/[test:RegressionTest5]/[test:test2506(RegressionTest5)]
display-name: test2506
]]></system-out>
</testcase>
<testcase name="test1582" classname="RegressionTest3" time="0">
<system-out><![CDATA[
unique-id: [engine:junit-vintage]/[runner:RegressionTest]/[test:RegressionTest3]/[test:test1582(RegressionTest3)]
display-name: test1582
]]></system-out>
</testcase>
<testcase name="test2514" classname="RegressionTest5" time="0">
<system-out><![CDATA[
unique-id: [engine:junit-vintage]/[runner:RegressionTest]/[test:RegressionTest5]/[test:test2514(RegressionTest5)]
display-name: test2514
]]></system-out>
</testcase>
<testcase name="test0389" classname="RegressionTest0" time="0">
<system-out><![CDATA[
unique-id: [engine:junit-vintage]/[runner:RegressionTest]/[test:RegressionTest0]/[test:test0389(RegressionTest0)]
display-name: test0389
]]></system-out>
</testcase>
<testcase name="test1426" classname="RegressionTest2" time="0">
<system-out><![CDATA[
unique-id: [engine:junit-vintage]/[runner:RegressionTest]/[test:RegressionTest2]/[test:test1426(RegressionTest2)]
display-name: test1426
]]></system-out>
</testcase>
<testcase name="test1704" classname="RegressionTest3" time="0">
<system-out><![CDATA[
unique-id: [engine:junit-vintage]/[runner:RegressionTest]/[test:RegressionTest3]/[test:test1704(RegressionTest3)]
display-name: test1704
]]></system-out>
</testcase>
<testcase name="test1434" classname="RegressionTest2" time="0">
<system-out><![CDATA[
unique-id: [engine:junit-vintage]/[runner:RegressionTest]/[test:RegressionTest2]/[test:test1434(RegressionTest2)]
display-name: test1434
]]></system-out>
</testcase>
<testcase name="test1577" classname="RegressionTest3" time="0">
<system-out><![CDATA[
unique-id: [engine:junit-vintage]/[runner:RegressionTest]/[test:RegressionTest3]/[test:test1577(RegressionTest3)]
display-name: test1577
]]></system-out>
</testcase>
<testcase name="test2614" classname="RegressionTest5" time="0">
<system-out><![CDATA[
unique-id: [engine:junit-vintage]/[runner:RegressionTest]/[test:RegressionTest5]/[test:test2614(RegressionTest5)]
display-name: test2614
]]></system-out>
</testcase>
<testcase name="test0898" classname="RegressionTest1" time="0">
<system-out><![CDATA[
unique-id: [engine:junit-vintage]/[runner:RegressionTest]/[test:RegressionTest1]/[test:test0898(RegressionTest1)]
display-name: test0898
]]></system-out>
</testcase>
<testcase name="test1494" classname="RegressionTest2" time="0">
<system-out><![CDATA[
unique-id: [engine:junit-vintage]/[runner:RegressionTest]/[test:RegressionTest2]/[test:test1494(RegressionTest2)]
display-name: test1494
]]></system-out>
</testcase>
<testcase name="test0542" classname="RegressionTest1" time="0">
<system-out><![CDATA[
unique-id: [engine:junit-vintage]/[runner:RegressionTest]/[test:RegressionTest1]/[test:test0542(RegressionTest1)]
display-name: test0542
]]></system-out>
</testcase>
<testcase name="test0292" classname="RegressionTest0" time="0">
<system-out><![CDATA[
unique-id: [engine:junit-vintage]/[runner:RegressionTest]/[test:RegressionTest0]/[test:test0292(RegressionTest0)]
display-name: test0292
]]></system-out>
</testcase>
<testcase name="test0266" classname="RegressionTest0" time="0">
<system-out><![CDATA[
unique-id: [engine:junit-vintage]/[runner:RegressionTest]/[test:RegressionTest0]/[test:test0266(RegressionTest0)]
display-name: test0266
]]></system-out>
</testcase>
<testcase name="test0231" classname="RegressionTest0" time="0.001">
<system-out><![CDATA[
unique-id: [engine:junit-vintage]/[runner:RegressionTest]/[test:RegressionTest0]/[test:test0231(RegressionTest0)]
display-name: test0231
]]></system-out>
</testcase>
<testcase name="test0670" classname="RegressionTest1" time="0">
<system-out><![CDATA[
unique-id: [engine:junit-vintage]/[runner:RegressionTest]/[test:RegressionTest1]/[test:test0670(RegressionTest1)]
display-name: test0670
]]></system-out>
</testcase>
<testcase name="test1770" classname="RegressionTest3" time="0">
<system-out><![CDATA[
unique-id: [engine:junit-vintage]/[runner:RegressionTest]/[test:RegressionTest3]/[test:test1770(RegressionTest3)]
display-name: test1770
]]></system-out>
</testcase>
<testcase name="test0434" classname="RegressionTest0" time="0">
<system-out><![CDATA[
unique-id: [engine:junit-vintage]/[runner:RegressionTest]/[test:RegressionTest0]/[test:test0434(RegressionTest0)]
display-name: test0434
]]></system-out>
</testcase>
<testcase name="test0577" classname="RegressionTest1" time="0">
<system-out><![CDATA[
unique-id: [engine:junit-vintage]/[runner:RegressionTest]/[test:RegressionTest1]/[test:test0577(RegressionTest1)]
display-name: test0577
]]></system-out>
</testcase>
<testcase name="test0073" classname="RegressionTest0" time="0.001">
<system-out><![CDATA[
unique-id: [engine:junit-vintage]/[runner:RegressionTest]/[test:RegressionTest0]/[test:test0073(RegressionTest0)]
display-name: test0073
]]></system-out>
</testcase>
<testcase name="test1815" classname="RegressionTest3" time="0">
<system-out><![CDATA[
unique-id: [engine:junit-vintage]/[runner:RegressionTest]/[test:RegressionTest3]/[test:test1815(RegressionTest3)]
display-name: test1815
]]></system-out>
</testcase>
<testcase name="test1366" classname="RegressionTest2" time="0">
<system-out><![CDATA[
unique-id: [engine:junit-vintage]/[runner:RegressionTest]/[test:RegressionTest2]/[test:test1366(RegressionTest2)]
display-name: test1366
]]></system-out>
</testcase>
<testcase name="test0469" classname="RegressionTest0" time="0">
<system-out><![CDATA[
unique-id: [engine:junit-vintage]/[runner:RegressionTest]/[test:RegressionTest0]/[test:test0469(RegressionTest0)]
display-name: test0469
]]></system-out>
</testcase>
<testcase name="test1188" classname="RegressionTest2" time="0">
<system-out><![CDATA[
unique-id: [engine:junit-vintage]/[runner:RegressionTest]/[test:RegressionTest2]/[test:test1188(RegressionTest2)]
display-name: test1188
]]></system-out>
</testcase>
<testcase name="test0991" classname="RegressionTest1" time="0">
<system-out><![CDATA[
unique-id: [engine:junit-vintage]/[runner:RegressionTest]/[test:RegressionTest1]/[test:test0991(RegressionTest1)]
display-name: test0991
]]></system-out>
</testcase>
<testcase name="test2381" classname="RegressionTest4" time="0">
<system-out><![CDATA[
unique-id: [engine:junit-vintage]/[runner:RegressionTest]/[test:RegressionTest4]/[test:test2381(RegressionTest4)]
display-name: test2381
]]></system-out>
</testcase>
<testcase name="test0164" classname="RegressionTest0" time="0">
<system-out><![CDATA[
unique-id: [engine:junit-vintage]/[runner:RegressionTest]/[test:RegressionTest0]/[test:test0164(RegressionTest0)]
display-name: test0164
]]></system-out>
</testcase>
<testcase name="test1529" classname="RegressionTest3" time="0">
<system-out><![CDATA[
unique-id: [engine:junit-vintage]/[runner:RegressionTest]/[test:RegressionTest3]/[test:test1529(RegressionTest3)]
display-name: test1529
]]></system-out>
</testcase>
<testcase name="test1963" classname="RegressionTest3" time="0">
<system-out><![CDATA[
unique-id: [engine:junit-vintage]/[runner:RegressionTest]/[test:RegressionTest3]/[test:test1963(RegressionTest3)]
display-name: test1963
]]></system-out>
</testcase>
<testcase name="test2518" classname="RegressionTest5" time="0">
<system-out><![CDATA[
unique-id: [engine:junit-vintage]/[runner:RegressionTest]/[test:RegressionTest5]/[test:test2518(RegressionTest5)]
display-name: test2518
]]></system-out>
</testcase>
<testcase name="test0251" classname="RegressionTest0" time="0">
<system-out><![CDATA[
unique-id: [engine:junit-vintage]/[runner:RegressionTest]/[test:RegressionTest0]/[test:test0251(RegressionTest0)]
display-name: test0251
]]></system-out>
</testcase>
<testcase name="test0485" classname="RegressionTest0" time="0.001">
<system-out><![CDATA[
unique-id: [engine:junit-vintage]/[runner:RegressionTest]/[test:RegressionTest0]/[test:test0485(RegressionTest0)]
display-name: test0485
]]></system-out>
</testcase>
<testcase name="test1474" classname="RegressionTest2" time="0.023">
<system-out><![CDATA[
unique-id: [engine:junit-vintage]/[runner:RegressionTest]/[test:RegressionTest2]/[test:test1474(RegressionTest2)]
display-name: test1474
]]></system-out>
</testcase>
<testcase name="test0272" classname="RegressionTest0" time="0">
<system-out><![CDATA[
unique-id: [engine:junit-vintage]/[runner:RegressionTest]/[test:RegressionTest0]/[test:test0272(RegressionTest0)]
display-name: test0272
]]></system-out>
</testcase>
<testcase name="test0597" classname="RegressionTest1" time="0">
<system-out><![CDATA[
unique-id: [engine:junit-vintage]/[runner:RegressionTest]/[test:RegressionTest1]/[test:test0597(RegressionTest1)]
display-name: test0597
]]></system-out>
</testcase>
<testcase name="test0650" classname="RegressionTest1" time="0">
<system-out><![CDATA[
unique-id: [engine:junit-vintage]/[runner:RegressionTest]/[test:RegressionTest1]/[test:test0650(RegressionTest1)]
display-name: test0650
]]></system-out>
</testcase>
<testcase name="test0863" classname="RegressionTest1" time="0">
<system-out><![CDATA[
unique-id: [engine:junit-vintage]/[runner:RegressionTest]/[test:RegressionTest1]/[test:test0863(RegressionTest1)]
display-name: test0863
]]></system-out>
</testcase>
<testcase name="test0454" classname="RegressionTest0" time="0">
<system-out><![CDATA[
unique-id: [engine:junit-vintage]/[runner:RegressionTest]/[test:RegressionTest0]/[test:test0454(RegressionTest0)]
display-name: test0454
]]></system-out>
</testcase>
<testcase name="test0088" classname="RegressionTest0" time="0">
<system-out><![CDATA[
unique-id: [engine:junit-vintage]/[runner:RegressionTest]/[test:RegressionTest0]/[test:test0088(RegressionTest0)]
display-name: test0088
]]></system-out>
</testcase>
<testcase name="test2207" classname="RegressionTest4" time="0">
<system-out><![CDATA[
unique-id: [engine:junit-vintage]/[runner:RegressionTest]/[test:RegressionTest4]/[test:test2207(RegressionTest4)]
display-name: test2207
]]></system-out>
</testcase>
<testcase name="test0470" classname="RegressionTest0" time="0">
<system-out><![CDATA[
unique-id: [engine:junit-vintage]/[runner:RegressionTest]/[test:RegressionTest0]/[test:test0470(RegressionTest0)]
display-name: test0470
]]></system-out>
</testcase>
<testcase name="test0685" classname="RegressionTest1" time="0">
<system-out><![CDATA[
unique-id: [engine:junit-vintage]/[runner:RegressionTest]/[test:RegressionTest1]/[test:test0685(RegressionTest1)]
display-name: test0685
]]></system-out>
</testcase>
<testcase name="test2090" classname="RegressionTest4" time="0">
<system-out><![CDATA[
unique-id: [engine:junit-vintage]/[runner:RegressionTest]/[test:RegressionTest4]/[test:test2090(RegressionTest4)]
display-name: test2090
]]></system-out>
</testcase>
<testcase name="test1983" classname="RegressionTest3" time="0">
<system-out><![CDATA[
unique-id: [engine:junit-vintage]/[runner:RegressionTest]/[test:RegressionTest3]/[test:test1983(RegressionTest3)]
display-name: test1983
]]></system-out>
</testcase>
<testcase name="test0562" classname="RegressionTest1" time="0">
<system-out><![CDATA[
unique-id: [engine:junit-vintage]/[runner:RegressionTest]/[test:RegressionTest1]/[test:test0562(RegressionTest1)]
display-name: test0562
]]></system-out>
</testcase>
<testcase name="test0123" classname="RegressionTest0" time="0">
<system-out><![CDATA[
unique-id: [engine:junit-vintage]/[runner:RegressionTest]/[test:RegressionTest0]/[test:test0123(RegressionTest0)]
display-name: test0123
]]></system-out>
</testcase>
<testcase name="test1005" classname="RegressionTest2" time="0.001">
<system-out><![CDATA[
unique-id: [engine:junit-vintage]/[runner:RegressionTest]/[test:RegressionTest2]/[test:test1005(RegressionTest2)]
display-name: test1005
]]></system-out>
</testcase>
<testcase name="test0053" classname="RegressionTest0" time="0.001">
<system-out><![CDATA[
unique-id: [engine:junit-vintage]/[runner:RegressionTest]/[test:RegressionTest0]/[test:test0053(RegressionTest0)]
display-name: test0053
]]></system-out>
</testcase>
<testcase name="test1602" classname="RegressionTest3" time="0">
<system-out><![CDATA[
unique-id: [engine:junit-vintage]/[runner:RegressionTest]/[test:RegressionTest3]/[test:test1602(RegressionTest3)]
display-name: test1602
]]></system-out>
</testcase>
<testcase name="test2273" classname="RegressionTest4" time="0">
<system-out><![CDATA[
unique-id: [engine:junit-vintage]/[runner:RegressionTest]/[test:RegressionTest4]/[test:test2273(RegressionTest4)]
display-name: test2273
]]></system-out>
</testcase>
<testcase name="test1637" classname="RegressionTest3" time="0">
<system-out><![CDATA[
unique-id: [engine:junit-vintage]/[runner:RegressionTest]/[test:RegressionTest3]/[test:test1637(RegressionTest3)]
display-name: test1637
]]></system-out>
</testcase>
<testcase name="test0326" classname="RegressionTest0" time="0">
<system-out><![CDATA[
unique-id: [engine:junit-vintage]/[runner:RegressionTest]/[test:RegressionTest0]/[test:test0326(RegressionTest0)]
display-name: test0326
]]></system-out>
</testcase>
<testcase name="test0974" classname="RegressionTest1" time="0">
<system-out><![CDATA[
unique-id: [engine:junit-vintage]/[runner:RegressionTest]/[test:RegressionTest1]/[test:test0974(RegressionTest1)]
display-name: test0974
]]></system-out>
</testcase>
<testcase name="test2594" classname="RegressionTest5" time="0">
<system-out><![CDATA[
unique-id: [engine:junit-vintage]/[runner:RegressionTest]/[test:RegressionTest5]/[test:test2594(RegressionTest5)]
display-name: test2594
]]></system-out>
</testcase>
<testcase name="test0923" classname="RegressionTest1" time="0">
<system-out><![CDATA[
unique-id: [engine:junit-vintage]/[runner:RegressionTest]/[test:RegressionTest1]/[test:test0923(RegressionTest1)]
display-name: test0923
]]></system-out>
</testcase>
<testcase name="test1998" classname="RegressionTest3" time="0">
<system-out><![CDATA[
unique-id: [engine:junit-vintage]/[runner:RegressionTest]/[test:RegressionTest3]/[test:test1998(RegressionTest3)]
display-name: test1998
]]></system-out>
</testcase>
<testcase name="test0199" classname="RegressionTest0" time="0">
<system-out><![CDATA[
unique-id: [engine:junit-vintage]/[runner:RegressionTest]/[test:RegressionTest0]/[test:test0199(RegressionTest0)]
display-name: test0199
]]></system-out>
</testcase>
<testcase name="test1258" classname="RegressionTest2" time="0">
<system-out><![CDATA[
unique-id: [engine:junit-vintage]/[runner:RegressionTest]/[test:RegressionTest2]/[test:test1258(RegressionTest2)]
display-name: test1258
]]></system-out>
</testcase>
<testcase name="test2318" classname="RegressionTest4" time="0">
<system-out><![CDATA[
unique-id: [engine:junit-vintage]/[runner:RegressionTest]/[test:RegressionTest4]/[test:test2318(RegressionTest4)]
display-name: test2318
]]></system-out>
</testcase>
<testcase name="test2293" classname="RegressionTest4" time="0">
<system-out><![CDATA[
unique-id: [engine:junit-vintage]/[runner:RegressionTest]/[test:RegressionTest4]/[test:test2293(RegressionTest4)]
display-name: test2293
]]></system-out>
</testcase>
<testcase name="test0796" classname="RegressionTest1" time="0">
<system-out><![CDATA[
unique-id: [engine:junit-vintage]/[runner:RegressionTest]/[test:RegressionTest1]/[test:test0796(RegressionTest1)]
display-name: test0796
]]></system-out>
</testcase>
<testcase name="test0181" classname="RegressionTest0" time="0">
<system-out><![CDATA[
unique-id: [engine:junit-vintage]/[runner:RegressionTest]/[test:RegressionTest0]/[test:test0181(RegressionTest0)]
display-name: test0181
]]></system-out>
</testcase>
<testcase name="test2569" classname="RegressionTest5" time="0">
<system-out><![CDATA[
unique-id: [engine:junit-vintage]/[runner:RegressionTest]/[test:RegressionTest5]/[test:test2569(RegressionTest5)]
display-name: test2569
]]></system-out>
</testcase>
<testcase name="test2426" classname="RegressionTest4" time="0">
<system-out><![CDATA[
unique-id: [engine:junit-vintage]/[runner:RegressionTest]/[test:RegressionTest4]/[test:test2426(RegressionTest4)]
display-name: test2426
]]></system-out>
</testcase>
<testcase name="test0342" classname="RegressionTest0" time="0">
<system-out><![CDATA[
unique-id: [engine:junit-vintage]/[runner:RegressionTest]/[test:RegressionTest0]/[test:test0342(RegressionTest0)]
display-name: test0342
]]></system-out>
</testcase>
<testcase name="test0688" classname="RegressionTest1" time="0">
<system-out><![CDATA[
unique-id: [engine:junit-vintage]/[runner:RegressionTest]/[test:RegressionTest1]/[test:test0688(RegressionTest1)]
display-name: test0688
]]></system-out>
</testcase>
<testcase name="test1509" classname="RegressionTest3" time="0">
<system-out><![CDATA[
unique-id: [engine:junit-vintage]/[runner:RegressionTest]/[test:RegressionTest3]/[test:test1509(RegressionTest3)]
display-name: test1509
]]></system-out>
</testcase>
<testcase name="test2165" classname="RegressionTest4" time="0">
<system-out><![CDATA[
unique-id: [engine:junit-vintage]/[runner:RegressionTest]/[test:RegressionTest4]/[test:test2165(RegressionTest4)]
display-name: test2165
]]></system-out>
</testcase>
<testcase name="test1617" classname="RegressionTest3" time="0">
<system-out><![CDATA[
unique-id: [engine:junit-vintage]/[runner:RegressionTest]/[test:RegressionTest3]/[test:test1617(RegressionTest3)]
display-name: test1617
]]></system-out>
</testcase>
<testcase name="test0184" classname="RegressionTest0" time="0">
<system-out><![CDATA[
unique-id: [engine:junit-vintage]/[runner:RegressionTest]/[test:RegressionTest0]/[test:test0184(RegressionTest0)]
display-name: test0184
]]></system-out>
</testcase>
<testcase name="test0720" classname="RegressionTest1" time="0">
<system-out><![CDATA[
unique-id: [engine:junit-vintage]/[runner:RegressionTest]/[test:RegressionTest1]/[test:test0720(RegressionTest1)]
display-name: test0720
]]></system-out>
</testcase>
<testcase name="test1386" classname="RegressionTest2" time="0">
<system-out><![CDATA[
unique-id: [engine:junit-vintage]/[runner:RegressionTest]/[test:RegressionTest2]/[test:test1386(RegressionTest2)]
display-name: test1386
]]></system-out>
</testcase>
<testcase name="test0450" classname="RegressionTest0" time="0">
<system-out><![CDATA[
unique-id: [engine:junit-vintage]/[runner:RegressionTest]/[test:RegressionTest0]/[test:test0450(RegressionTest0)]
display-name: test0450
]]></system-out>
</testcase>
<testcase name="test0793" classname="RegressionTest1" time="0">
<system-out><![CDATA[
unique-id: [engine:junit-vintage]/[runner:RegressionTest]/[test:RegressionTest1]/[test:test0793(RegressionTest1)]
display-name: test0793
]]></system-out>
</testcase>
<testcase name="test0593" classname="RegressionTest1" time="0">
<system-out><![CDATA[
unique-id: [engine:junit-vintage]/[runner:RegressionTest]/[test:RegressionTest1]/[test:test0593(RegressionTest1)]
display-name: test0593
]]></system-out>
</testcase>
<testcase name="test2070" classname="RegressionTest4" time="0">
<system-out><![CDATA[
unique-id: [engine:junit-vintage]/[runner:RegressionTest]/[test:RegressionTest4]/[test:test2070(RegressionTest4)]
display-name: test2070
]]></system-out>
</testcase>
<testcase name="test0311" classname="RegressionTest0" time="0">
<system-out><![CDATA[
unique-id: [engine:junit-vintage]/[runner:RegressionTest]/[test:RegressionTest0]/[test:test0311(RegressionTest0)]
display-name: test0311
]]></system-out>
</testcase>
<testcase name="test1719" classname="RegressionTest3" time="0">
<system-out><![CDATA[
unique-id: [engine:junit-vintage]/[runner:RegressionTest]/[test:RegressionTest3]/[test:test1719(RegressionTest3)]
display-name: test1719
]]></system-out>
</testcase>
<testcase name="test0612" classname="RegressionTest1" time="0">
<system-out><![CDATA[
unique-id: [engine:junit-vintage]/[runner:RegressionTest]/[test:RegressionTest1]/[test:test0612(RegressionTest1)]
display-name: test0612
]]></system-out>
</testcase>
<testcase name="test0015" classname="RegressionTest0" time="0">
<system-out><![CDATA[
unique-id: [engine:junit-vintage]/[runner:RegressionTest]/[test:RegressionTest0]/[test:test0015(RegressionTest0)]
display-name: test0015
]]></system-out>
</testcase>
<testcase name="test2010" classname="RegressionTest4" time="0">
<system-out><![CDATA[
unique-id: [engine:junit-vintage]/[runner:RegressionTest]/[test:RegressionTest4]/[test:test2010(RegressionTest4)]
display-name: test2010
]]></system-out>
</testcase>
<testcase name="test0517" classname="RegressionTest1" time="0">
<system-out><![CDATA[
unique-id: [engine:junit-vintage]/[runner:RegressionTest]/[test:RegressionTest1]/[test:test0517(RegressionTest1)]
display-name: test0517
]]></system-out>
</testcase>
<testcase name="test0647" classname="RegressionTest1" time="0">
<system-out><![CDATA[
unique-id: [engine:junit-vintage]/[runner:RegressionTest]/[test:RegressionTest1]/[test:test0647(RegressionTest1)]
display-name: test0647
]]></system-out>
</testcase>
<testcase name="test1710" classname="RegressionTest3" time="0">
<system-out><![CDATA[
unique-id: [engine:junit-vintage]/[runner:RegressionTest]/[test:RegressionTest3]/[test:test1710(RegressionTest3)]
display-name: test1710
]]></system-out>
</testcase>
<testcase name="test2045" classname="RegressionTest4" time="0">
<system-out><![CDATA[
unique-id: [engine:junit-vintage]/[runner:RegressionTest]/[test:RegressionTest4]/[test:test2045(RegressionTest4)]
display-name: test2045
]]></system-out>
</testcase>
<testcase name="test1840" classname="RegressionTest3" time="0">
<system-out><![CDATA[
unique-id: [engine:junit-vintage]/[runner:RegressionTest]/[test:RegressionTest3]/[test:test1840(RegressionTest3)]
display-name: test1840
]]></system-out>
</testcase>
<testcase name="test0196" classname="RegressionTest0" time="0">
<system-out><![CDATA[
unique-id: [engine:junit-vintage]/[runner:RegressionTest]/[test:RegressionTest0]/[test:test0196(RegressionTest0)]
display-name: test0196
]]></system-out>
</testcase>
<testcase name="test1875" classname="RegressionTest3" time="0">
<system-out><![CDATA[
unique-id: [engine:junit-vintage]/[runner:RegressionTest]/[test:RegressionTest3]/[test:test1875(RegressionTest3)]
display-name: test1875
]]></system-out>
</testcase>
<testcase name="test2029" classname="RegressionTest4" time="0">
<system-out><![CDATA[
unique-id: [engine:junit-vintage]/[runner:RegressionTest]/[test:RegressionTest4]/[test:test2029(RegressionTest4)]
display-name: test2029
]]></system-out>
</testcase>
<testcase name="test1306" classname="RegressionTest2" time="0">
<system-out><![CDATA[
unique-id: [engine:junit-vintage]/[runner:RegressionTest]/[test:RegressionTest2]/[test:test1306(RegressionTest2)]
display-name: test1306
]]></system-out>
</testcase>
<testcase name="test2642" classname="RegressionTest5" time="0">
<system-out><![CDATA[
unique-id: [engine:junit-vintage]/[runner:RegressionTest]/[test:RegressionTest5]/[test:test2642(RegressionTest5)]
display-name: test2642
]]></system-out>
</testcase>
<testcase name="test1284" classname="RegressionTest2" time="0">
<system-out><![CDATA[
unique-id: [engine:junit-vintage]/[runner:RegressionTest]/[test:RegressionTest2]/[test:test1284(RegressionTest2)]
display-name: test1284
]]></system-out>
</testcase>
<testcase name="test2677" classname="RegressionTest5" time="0">
<system-out><![CDATA[
unique-id: [engine:junit-vintage]/[runner:RegressionTest]/[test:RegressionTest5]/[test:test2677(RegressionTest5)]
display-name: test2677
]]></system-out>
</testcase>
<testcase name="test0482" classname="RegressionTest0" time="0">
<system-out><![CDATA[
unique-id: [engine:junit-vintage]/[runner:RegressionTest]/[test:RegressionTest0]/[test:test0482(RegressionTest0)]
display-name: test0482
]]></system-out>
</testcase>
<testcase name="test0269" classname="RegressionTest0" time="0">
<system-out><![CDATA[
unique-id: [engine:junit-vintage]/[runner:RegressionTest]/[test:RegressionTest0]/[test:test0269(RegressionTest0)]
display-name: test0269
]]></system-out>
</testcase>
<testcase name="test0409" classname="RegressionTest0" time="0">
<system-out><![CDATA[
unique-id: [engine:junit-vintage]/[runner:RegressionTest]/[test:RegressionTest0]/[test:test0409(RegressionTest0)]
display-name: test0409
]]></system-out>
</testcase>
<testcase name="test2451" classname="RegressionTest4" time="0">
<system-out><![CDATA[
unique-id: [engine:junit-vintage]/[runner:RegressionTest]/[test:RegressionTest4]/[test:test2451(RegressionTest4)]
display-name: test2451
]]></system-out>
</testcase>
<testcase name="test0866" classname="RegressionTest1" time="0">
<system-out><![CDATA[
unique-id: [engine:junit-vintage]/[runner:RegressionTest]/[test:RegressionTest1]/[test:test0866(RegressionTest1)]
display-name: test0866
]]></system-out>
</testcase>
<testcase name="test1128" classname="RegressionTest2" time="0">
<system-out><![CDATA[
unique-id: [engine:junit-vintage]/[runner:RegressionTest]/[test:RegressionTest2]/[test:test1128(RegressionTest2)]
display-name: test1128
]]></system-out>
</testcase>
<testcase name="test0958" classname="RegressionTest1" time="0">
<system-out><![CDATA[
unique-id: [engine:junit-vintage]/[runner:RegressionTest]/[test:RegressionTest1]/[test:test0958(RegressionTest1)]
display-name: test0958
]]></system-out>
</testcase>
<testcase name="test1697" classname="RegressionTest3" time="0">
<system-out><![CDATA[
unique-id: [engine:junit-vintage]/[runner:RegressionTest]/[test:RegressionTest3]/[test:test1697(RegressionTest3)]
display-name: test1697
]]></system-out>
</testcase>
<testcase name="test2150" classname="RegressionTest4" time="0">
<system-out><![CDATA[
unique-id: [engine:junit-vintage]/[runner:RegressionTest]/[test:RegressionTest4]/[test:test2150(RegressionTest4)]
display-name: test2150
]]></system-out>
</testcase>
<testcase name="test0218" classname="RegressionTest0" time="0">
<system-out><![CDATA[
unique-id: [engine:junit-vintage]/[runner:RegressionTest]/[test:RegressionTest0]/[test:test0218(RegressionTest0)]
display-name: test0218
]]></system-out>
</testcase>
<testcase name="test0673" classname="RegressionTest1" time="0">
<system-out><![CDATA[
unique-id: [engine:junit-vintage]/[runner:RegressionTest]/[test:RegressionTest1]/[test:test0673(RegressionTest1)]
display-name: test0673
]]></system-out>
</testcase>
<testcase name="test0377" classname="RegressionTest0" time="0">
<system-out><![CDATA[
unique-id: [engine:junit-vintage]/[runner:RegressionTest]/[test:RegressionTest0]/[test:test0377(RegressionTest0)]
display-name: test0377
]]></system-out>
</testcase>
<testcase name="test2343" classname="RegressionTest4" time="0">
<system-out><![CDATA[
unique-id: [engine:junit-vintage]/[runner:RegressionTest]/[test:RegressionTest4]/[test:test2343(RegressionTest4)]
display-name: test2343
]]></system-out>
</testcase>
<testcase name="test1570" classname="RegressionTest3" time="0">
<system-out><![CDATA[
unique-id: [engine:junit-vintage]/[runner:RegressionTest]/[test:RegressionTest3]/[test:test1570(RegressionTest3)]
display-name: test1570
]]></system-out>
</testcase>
<testcase name="test1903" classname="RegressionTest3" time="0">
<system-out><![CDATA[
unique-id: [engine:junit-vintage]/[runner:RegressionTest]/[test:RegressionTest3]/[test:test1903(RegressionTest3)]
display-name: test1903
]]></system-out>
</testcase>
<testcase name="test2356" classname="RegressionTest4" time="0">
<system-out><![CDATA[
unique-id: [engine:junit-vintage]/[runner:RegressionTest]/[test:RegressionTest4]/[test:test2356(RegressionTest4)]
display-name: test2356
]]></system-out>
</testcase>
<testcase name="test1446" classname="RegressionTest2" time="0">
<system-out><![CDATA[
unique-id: [engine:junit-vintage]/[runner:RegressionTest]/[test:RegressionTest2]/[test:test1446(RegressionTest2)]
display-name: test1446
]]></system-out>
</testcase>
<testcase name="test2626" classname="RegressionTest5" time="0">
<system-out><![CDATA[
unique-id: [engine:junit-vintage]/[runner:RegressionTest]/[test:RegressionTest5]/[test:test2626(RegressionTest5)]
display-name: test2626
]]></system-out>
</testcase>
<testcase name="test1589" classname="RegressionTest3" time="0">
<system-out><![CDATA[
unique-id: [engine:junit-vintage]/[runner:RegressionTest]/[test:RegressionTest3]/[test:test1589(RegressionTest3)]
display-name: test1589
]]></system-out>
</testcase>
<testcase name="test1881" classname="RegressionTest3" time="0">
<system-out><![CDATA[
unique-id: [engine:junit-vintage]/[runner:RegressionTest]/[test:RegressionTest3]/[test:test1881(RegressionTest3)]
display-name: test1881
]]></system-out>
</testcase>
<testcase name="test0781" classname="RegressionTest1" time="0">
<system-out><![CDATA[
unique-id: [engine:junit-vintage]/[runner:RegressionTest]/[test:RegressionTest1]/[test:test0781(RegressionTest1)]
display-name: test0781
]]></system-out>
</testcase>
<testcase name="test0803" classname="RegressionTest1" time="0">
<system-out><![CDATA[
unique-id: [engine:junit-vintage]/[runner:RegressionTest]/[test:RegressionTest1]/[test:test0803(RegressionTest1)]
display-name: test0803
]]></system-out>
</testcase>
<testcase name="test0971" classname="RegressionTest1" time="0">
<system-out><![CDATA[
unique-id: [engine:junit-vintage]/[runner:RegressionTest]/[test:RegressionTest1]/[test:test0971(RegressionTest1)]
display-name: test0971
]]></system-out>
</testcase>
<testcase name="test2248" classname="RegressionTest4" time="0">
<system-out><![CDATA[
unique-id: [engine:junit-vintage]/[runner:RegressionTest]/[test:RegressionTest4]/[test:test2248(RegressionTest4)]
display-name: test2248
]]></system-out>
</testcase>
<testcase name="test1773" classname="RegressionTest3" time="0">
<system-out><![CDATA[
unique-id: [engine:junit-vintage]/[runner:RegressionTest]/[test:RegressionTest3]/[test:test1773(RegressionTest3)]
display-name: test1773
]]></system-out>
</testcase>
<testcase name="test1243" classname="RegressionTest2" time="0">
<system-out><![CDATA[
unique-id: [engine:junit-vintage]/[runner:RegressionTest]/[test:RegressionTest2]/[test:test1243(RegressionTest2)]
display-name: test1243
]]></system-out>
</testcase>
<testcase name="test0041" classname="RegressionTest0" time="0">
<system-out><![CDATA[
unique-id: [engine:junit-vintage]/[runner:RegressionTest]/[test:RegressionTest0]/[test:test0041(RegressionTest0)]
display-name: test0041
]]></system-out>
</testcase>
<testcase name="test1030" classname="RegressionTest2" time="0">
<system-out><![CDATA[
unique-id: [engine:junit-vintage]/[runner:RegressionTest]/[test:RegressionTest2]/[test:test1030(RegressionTest2)]
display-name: test1030
]]></system-out>
</testcase>
<testcase name="test0625" classname="RegressionTest1" time="0">
<system-out><![CDATA[
unique-id: [engine:junit-vintage]/[runner:RegressionTest]/[test:RegressionTest1]/[test:test0625(RegressionTest1)]
display-name: test0625
]]></system-out>
</testcase>
<testcase name="test0755" classname="RegressionTest1" time="0">
<system-out><![CDATA[
unique-id: [engine:junit-vintage]/[runner:RegressionTest]/[test:RegressionTest1]/[test:test0755(RegressionTest1)]
display-name: test0755
]]></system-out>
</testcase>
<testcase name="test0158" classname="RegressionTest0" time="0.001">
<system-out><![CDATA[
unique-id: [engine:junit-vintage]/[runner:RegressionTest]/[test:RegressionTest0]/[test:test0158(RegressionTest0)]
display-name: test0158
]]></system-out>
</testcase>
<testcase name="test1351" classname="RegressionTest2" time="0">
<system-out><![CDATA[
unique-id: [engine:junit-vintage]/[runner:RegressionTest]/[test:RegressionTest2]/[test:test1351(RegressionTest2)]
display-name: test1351
]]></system-out>
</testcase>
<testcase name="test1281" classname="RegressionTest2" time="0">
<system-out><![CDATA[
unique-id: [engine:junit-vintage]/[runner:RegressionTest]/[test:RegressionTest2]/[test:test1281(RegressionTest2)]
display-name: test1281
]]></system-out>
</testcase>
<testcase name="test1414" classname="RegressionTest2" time="0">
<system-out><![CDATA[
unique-id: [engine:junit-vintage]/[runner:RegressionTest]/[test:RegressionTest2]/[test:test1414(RegressionTest2)]
display-name: test1414
]]></system-out>
</testcase>
<testcase name="test1557" classname="RegressionTest3" time="0">
<system-out><![CDATA[
unique-id: [engine:junit-vintage]/[runner:RegressionTest]/[test:RegressionTest3]/[test:test1557(RegressionTest3)]
display-name: test1557
]]></system-out>
</testcase>
<testcase name="test1827" classname="RegressionTest3" time="0">
<system-out><![CDATA[
unique-id: [engine:junit-vintage]/[runner:RegressionTest]/[test:RegressionTest3]/[test:test1827(RegressionTest3)]
display-name: test1827
]]></system-out>
</testcase>
<testcase name="test2102" classname="RegressionTest4" time="0">
<system-out><![CDATA[
unique-id: [engine:junit-vintage]/[runner:RegressionTest]/[test:RegressionTest4]/[test:test2102(RegressionTest4)]
display-name: test2102
]]></system-out>
</testcase>
<testcase name="test1176" classname="RegressionTest2" time="0">
<system-out><![CDATA[
unique-id: [engine:junit-vintage]/[runner:RegressionTest]/[test:RegressionTest2]/[test:test1176(RegressionTest2)]
display-name: test1176
]]></system-out>
</testcase>
<testcase name="test0374" classname="RegressionTest0" time="0">
<system-out><![CDATA[
unique-id: [engine:junit-vintage]/[runner:RegressionTest]/[test:RegressionTest0]/[test:test0374(RegressionTest0)]
display-name: test0374
]]></system-out>
</testcase>
<testcase name="test1732" classname="RegressionTest3" time="0">
<system-out><![CDATA[
unique-id: [engine:junit-vintage]/[runner:RegressionTest]/[test:RegressionTest3]/[test:test1732(RegressionTest3)]
display-name: test1732
]]></system-out>
</testcase>
<testcase name="test1449" classname="RegressionTest2" time="0">
<system-out><![CDATA[
unique-id: [engine:junit-vintage]/[runner:RegressionTest]/[test:RegressionTest2]/[test:test1449(RegressionTest2)]
display-name: test1449
]]></system-out>
</testcase>
<testcase name="test2534" classname="RegressionTest5" time="0">
<system-out><![CDATA[
unique-id: [engine:junit-vintage]/[runner:RegressionTest]/[test:RegressionTest5]/[test:test2534(RegressionTest5)]
display-name: test2534
]]></system-out>
</testcase>
<testcase name="test1662" classname="RegressionTest3" time="0">
<system-out><![CDATA[
unique-id: [engine:junit-vintage]/[runner:RegressionTest]/[test:RegressionTest3]/[test:test1662(RegressionTest3)]
display-name: test1662
]]></system-out>
</testcase>
<testcase name="test1392" classname="RegressionTest2" time="0">
<system-out><![CDATA[
unique-id: [engine:junit-vintage]/[runner:RegressionTest]/[test:RegressionTest2]/[test:test1392(RegressionTest2)]
display-name: test1392
]]></system-out>
</testcase>
<testcase name="test2629" classname="RegressionTest5" time="0">
<system-out><![CDATA[
unique-id: [engine:junit-vintage]/[runner:RegressionTest]/[test:RegressionTest5]/[test:test2629(RegressionTest5)]
display-name: test2629
]]></system-out>
</testcase>
<testcase name="test0539" classname="RegressionTest1" time="0">
<system-out><![CDATA[
unique-id: [engine:junit-vintage]/[runner:RegressionTest]/[test:RegressionTest1]/[test:test0539(RegressionTest1)]
display-name: test0539
]]></system-out>
</testcase>
<testcase name="test1411" classname="RegressionTest2" time="0">
<system-out><![CDATA[
unique-id: [engine:junit-vintage]/[runner:RegressionTest]/[test:RegressionTest2]/[test:test1411(RegressionTest2)]
display-name: test1411
]]></system-out>
</testcase>
<testcase name="test2321" classname="RegressionTest4" time="0">
<system-out><![CDATA[
unique-id: [engine:junit-vintage]/[runner:RegressionTest]/[test:RegressionTest4]/[test:test2321(RegressionTest4)]
display-name: test2321
]]></system-out>
</testcase>
<testcase name="test1462" classname="RegressionTest2" time="0">
<system-out><![CDATA[
unique-id: [engine:junit-vintage]/[runner:RegressionTest]/[test:RegressionTest2]/[test:test1462(RegressionTest2)]
display-name: test1462
]]></system-out>
</testcase>
<testcase name="test1554" classname="RegressionTest3" time="0">
<system-out><![CDATA[
unique-id: [engine:junit-vintage]/[runner:RegressionTest]/[test:RegressionTest3]/[test:test1554(RegressionTest3)]
display-name: test1554
]]></system-out>
</testcase>
<testcase name="test1938" classname="RegressionTest3" time="0">
<system-out><![CDATA[
unique-id: [engine:junit-vintage]/[runner:RegressionTest]/[test:RegressionTest3]/[test:test1938(RegressionTest3)]
display-name: test1938
]]></system-out>
</testcase>
<testcase name="test0530" classname="RegressionTest1" time="0">
<system-out><![CDATA[
unique-id: [engine:junit-vintage]/[runner:RegressionTest]/[test:RegressionTest1]/[test:test0530(RegressionTest1)]
display-name: test0530
]]></system-out>
</testcase>
<testcase name="test2486" classname="RegressionTest4" time="0">
<system-out><![CDATA[
unique-id: [engine:junit-vintage]/[runner:RegressionTest]/[test:RegressionTest4]/[test:test2486(RegressionTest4)]
display-name: test2486
]]></system-out>
</testcase>
<testcase name="test1303" classname="RegressionTest2" time="0">
<system-out><![CDATA[
unique-id: [engine:junit-vintage]/[runner:RegressionTest]/[test:RegressionTest2]/[test:test1303(RegressionTest2)]
display-name: test1303
]]></system-out>
</testcase>
<testcase name="test2213" classname="RegressionTest4" time="0">
<system-out><![CDATA[
unique-id: [engine:junit-vintage]/[runner:RegressionTest]/[test:RegressionTest4]/[test:test2213(RegressionTest4)]
display-name: test2213
]]></system-out>
</testcase>
<testcase name="test1065" classname="RegressionTest2" time="0">
<system-out><![CDATA[
unique-id: [engine:junit-vintage]/[runner:RegressionTest]/[test:RegressionTest2]/[test:test1065(RegressionTest2)]
display-name: test1065
]]></system-out>
</testcase>
<testcase name="test1081" classname="RegressionTest2" time="0">
<system-out><![CDATA[
unique-id: [engine:junit-vintage]/[runner:RegressionTest]/[test:RegressionTest2]/[test:test1081(RegressionTest2)]
display-name: test1081
]]></system-out>
</testcase>
<testcase name="test1935" classname="RegressionTest3" time="0">
<system-out><![CDATA[
unique-id: [engine:junit-vintage]/[runner:RegressionTest]/[test:RegressionTest3]/[test:test1935(RegressionTest3)]
display-name: test1935
]]></system-out>
</testcase>
<testcase name="test1951" classname="RegressionTest3" time="0">
<system-out><![CDATA[
unique-id: [engine:junit-vintage]/[runner:RegressionTest]/[test:RegressionTest3]/[test:test1951(RegressionTest3)]
display-name: test1951
]]></system-out>
</testcase>
<testcase name="test2105" classname="RegressionTest4" time="0">
<system-out><![CDATA[
unique-id: [engine:junit-vintage]/[runner:RegressionTest]/[test:RegressionTest4]/[test:test2105(RegressionTest4)]
display-name: test2105
]]></system-out>
</testcase>
<testcase name="test2378" classname="RegressionTest4" time="0">
<system-out><![CDATA[
unique-id: [engine:junit-vintage]/[runner:RegressionTest]/[test:RegressionTest4]/[test:test2378(RegressionTest4)]
display-name: test2378
]]></system-out>
</testcase>
<testcase name="test1068" classname="RegressionTest2" time="0">
<system-out><![CDATA[
unique-id: [engine:junit-vintage]/[runner:RegressionTest]/[test:RegressionTest2]/[test:test1068(RegressionTest2)]
display-name: test1068
]]></system-out>
</testcase>
<testcase name="test1100" classname="RegressionTest2" time="0">
<system-out><![CDATA[
unique-id: [engine:junit-vintage]/[runner:RegressionTest]/[test:RegressionTest2]/[test:test1100(RegressionTest2)]
display-name: test1100
]]></system-out>
</testcase>
<testcase name="test1173" classname="RegressionTest2" time="0">
<system-out><![CDATA[
unique-id: [engine:junit-vintage]/[runner:RegressionTest]/[test:RegressionTest2]/[test:test1173(RegressionTest2)]
display-name: test1173
]]></system-out>
</testcase>
<testcase name="test1399" classname="RegressionTest2" time="0">
<system-out><![CDATA[
unique-id: [engine:junit-vintage]/[runner:RegressionTest]/[test:RegressionTest2]/[test:test1399(RegressionTest2)]
display-name: test1399
]]></system-out>
</testcase>
<testcase name="test1961" classname="RegressionTest3" time="0">
<system-out><![CDATA[
unique-id: [engine:junit-vintage]/[runner:RegressionTest]/[test:RegressionTest3]/[test:test1961(RegressionTest3)]
display-name: test1961
]]></system-out>
</testcase>
<testcase name="test0768" classname="RegressionTest1" time="0">
<system-out><![CDATA[
unique-id: [engine:junit-vintage]/[runner:RegressionTest]/[test:RegressionTest1]/[test:test0768(RegressionTest1)]
display-name: test0768
]]></system-out>
</testcase>
<testcase name="test1614" classname="RegressionTest3" time="0">
<system-out><![CDATA[
unique-id: [engine:junit-vintage]/[runner:RegressionTest]/[test:RegressionTest3]/[test:test1614(RegressionTest3)]
display-name: test1614
]]></system-out>
</testcase>
<testcase name="test1364" classname="RegressionTest2" time="0">
<system-out><![CDATA[
unique-id: [engine:junit-vintage]/[runner:RegressionTest]/[test:RegressionTest2]/[test:test1364(RegressionTest2)]
display-name: test1364
]]></system-out>
</testcase>
<testcase name="test2107" classname="RegressionTest4" time="0">
<system-out><![CDATA[
unique-id: [engine:junit-vintage]/[runner:RegressionTest]/[test:RegressionTest4]/[test:test2107(RegressionTest4)]
display-name: test2107
]]></system-out>
</testcase>
<testcase name="test0871" classname="RegressionTest1" time="0">
<system-out><![CDATA[
unique-id: [engine:junit-vintage]/[runner:RegressionTest]/[test:RegressionTest1]/[test:test0871(RegressionTest1)]
display-name: test0871
]]></system-out>
</testcase>
<testcase name="test1996" classname="RegressionTest3" time="0">
<system-out><![CDATA[
unique-id: [engine:junit-vintage]/[runner:RegressionTest]/[test:RegressionTest3]/[test:test1996(RegressionTest3)]
display-name: test1996
]]></system-out>
</testcase>
<testcase name="test0136" classname="RegressionTest0" time="0.004">
<system-out><![CDATA[
unique-id: [engine:junit-vintage]/[runner:RegressionTest]/[test:RegressionTest0]/[test:test0136(RegressionTest0)]
display-name: test0136
]]></system-out>
</testcase>
<testcase name="test0274" classname="RegressionTest0" time="0">
<system-out><![CDATA[
unique-id: [engine:junit-vintage]/[runner:RegressionTest]/[test:RegressionTest0]/[test:test0274(RegressionTest0)]
display-name: test0274
]]></system-out>
</testcase>
<testcase name="test0743" classname="RegressionTest1" time="0">
<system-out><![CDATA[
unique-id: [engine:junit-vintage]/[runner:RegressionTest]/[test:RegressionTest1]/[test:test0743(RegressionTest1)]
display-name: test0743
]]></system-out>
</testcase>
<testcase name="test1649" classname="RegressionTest3" time="0">
<system-out><![CDATA[
unique-id: [engine:junit-vintage]/[runner:RegressionTest]/[test:RegressionTest3]/[test:test1649(RegressionTest3)]
display-name: test1649
]]></system-out>
</testcase>
<testcase name="test0778" classname="RegressionTest1" time="0">
<system-out><![CDATA[
unique-id: [engine:junit-vintage]/[runner:RegressionTest]/[test:RegressionTest1]/[test:test0778(RegressionTest1)]
display-name: test0778
]]></system-out>
</testcase>
<testcase name="test1971" classname="RegressionTest3" time="0">
<system-out><![CDATA[
unique-id: [engine:junit-vintage]/[runner:RegressionTest]/[test:RegressionTest3]/[test:test1971(RegressionTest3)]
display-name: test1971
]]></system-out>
</testcase>
<testcase name="test0861" classname="RegressionTest1" time="0">
<system-out><![CDATA[
unique-id: [engine:junit-vintage]/[runner:RegressionTest]/[test:RegressionTest1]/[test:test0861(RegressionTest1)]
display-name: test0861
]]></system-out>
</testcase>
<testcase name="test0156" classname="RegressionTest0" time="0">
<system-out><![CDATA[
unique-id: [engine:junit-vintage]/[runner:RegressionTest]/[test:RegressionTest0]/[test:test0156(RegressionTest0)]
display-name: test0156
]]></system-out>
</testcase>
<testcase name="test2464" classname="RegressionTest4" time="0">
<system-out><![CDATA[
unique-id: [engine:junit-vintage]/[runner:RegressionTest]/[test:RegressionTest4]/[test:test2464(RegressionTest4)]
display-name: test2464
]]></system-out>
</testcase>
<testcase name="test1492" classname="RegressionTest2" time="0">
<system-out><![CDATA[
unique-id: [engine:junit-vintage]/[runner:RegressionTest]/[test:RegressionTest2]/[test:test1492(RegressionTest2)]
display-name: test1492
]]></system-out>
</testcase>
<testcase name="test1354" classname="RegressionTest2" time="0">
<system-out><![CDATA[
unique-id: [engine:junit-vintage]/[runner:RegressionTest]/[test:RegressionTest2]/[test:test1354(RegressionTest2)]
display-name: test1354
]]></system-out>
</testcase>
<testcase name="test0753" classname="RegressionTest1" time="0">
<system-out><![CDATA[
unique-id: [engine:junit-vintage]/[runner:RegressionTest]/[test:RegressionTest1]/[test:test0753(RegressionTest1)]
display-name: test0753
]]></system-out>
</testcase>
<testcase name="test1629" classname="RegressionTest3" time="0">
<system-out><![CDATA[
unique-id: [engine:junit-vintage]/[runner:RegressionTest]/[test:RegressionTest3]/[test:test1629(RegressionTest3)]
display-name: test1629
]]></system-out>
</testcase>
<testcase name="test1007" classname="RegressionTest2" time="0">
<system-out><![CDATA[
unique-id: [engine:junit-vintage]/[runner:RegressionTest]/[test:RegressionTest2]/[test:test1007(RegressionTest2)]
display-name: test1007
]]></system-out>
</testcase>
<testcase name="test1246" classname="RegressionTest2" time="0">
<system-out><![CDATA[
unique-id: [engine:junit-vintage]/[runner:RegressionTest]/[test:RegressionTest2]/[test:test1246(RegressionTest2)]
display-name: test1246
]]></system-out>
</testcase>
<testcase name="test2117" classname="RegressionTest4" time="0">
<system-out><![CDATA[
unique-id: [engine:junit-vintage]/[runner:RegressionTest]/[test:RegressionTest4]/[test:test2117(RegressionTest4)]
display-name: test2117
]]></system-out>
</testcase>
<testcase name="test0264" classname="RegressionTest0" time="0">
<system-out><![CDATA[
unique-id: [engine:junit-vintage]/[runner:RegressionTest]/[test:RegressionTest0]/[test:test0264(RegressionTest0)]
display-name: test0264
]]></system-out>
</testcase>
<testcase name="test1374" classname="RegressionTest2" time="0">
<system-out><![CDATA[
unique-id: [engine:junit-vintage]/[runner:RegressionTest]/[test:RegressionTest2]/[test:test1374(RegressionTest2)]
display-name: test1374
]]></system-out>
</testcase>
<testcase name="test0881" classname="RegressionTest1" time="0">
<system-out><![CDATA[
unique-id: [engine:junit-vintage]/[runner:RegressionTest]/[test:RegressionTest1]/[test:test0881(RegressionTest1)]
display-name: test0881
]]></system-out>
</testcase>
<testcase name="test1981" classname="RegressionTest3" time="0">
<system-out><![CDATA[
unique-id: [engine:junit-vintage]/[runner:RegressionTest]/[test:RegressionTest3]/[test:test1981(RegressionTest3)]
display-name: test1981
]]></system-out>
</testcase>
<testcase name="test1482" classname="RegressionTest2" time="0">
<system-out><![CDATA[
unique-id: [engine:junit-vintage]/[runner:RegressionTest]/[test:RegressionTest2]/[test:test1482(RegressionTest2)]
display-name: test1482
]]></system-out>
</testcase>
<testcase name="test2235" classname="RegressionTest4" time="0">
<system-out><![CDATA[
unique-id: [engine:junit-vintage]/[runner:RegressionTest]/[test:RegressionTest4]/[test:test2235(RegressionTest4)]
display-name: test2235
]]></system-out>
</testcase>
<testcase name="test2474" classname="RegressionTest4" time="0">
<system-out><![CDATA[
unique-id: [engine:junit-vintage]/[runner:RegressionTest]/[test:RegressionTest4]/[test:test2474(RegressionTest4)]
display-name: test2474
]]></system-out>
</testcase>
<testcase name="test0146" classname="RegressionTest0" time="0">
<system-out><![CDATA[
unique-id: [engine:junit-vintage]/[runner:RegressionTest]/[test:RegressionTest0]/[test:test0146(RegressionTest0)]
display-name: test0146
]]></system-out>
</testcase>
<testcase name="test1639" classname="RegressionTest3" time="0">
<system-out><![CDATA[
unique-id: [engine:junit-vintage]/[runner:RegressionTest]/[test:RegressionTest3]/[test:test1639(RegressionTest3)]
display-name: test1639
]]></system-out>
</testcase>
<testcase name="test1017" classname="RegressionTest2" time="0">
<system-out><![CDATA[
unique-id: [engine:junit-vintage]/[runner:RegressionTest]/[test:RegressionTest2]/[test:test1017(RegressionTest2)]
display-name: test1017
]]></system-out>
</testcase>
<testcase name="test0254" classname="RegressionTest0" time="0">
<system-out><![CDATA[
unique-id: [engine:junit-vintage]/[runner:RegressionTest]/[test:RegressionTest0]/[test:test0254(RegressionTest0)]
display-name: test0254
]]></system-out>
</testcase>
<testcase name="test0028" classname="RegressionTest0" time="0.002">
<system-out><![CDATA[
unique-id: [engine:junit-vintage]/[runner:RegressionTest]/[test:RegressionTest0]/[test:test0028(RegressionTest0)]
display-name: test0028
]]></system-out>
</testcase>
<testcase name="test2127" classname="RegressionTest4" time="0">
<system-out><![CDATA[
unique-id: [engine:junit-vintage]/[runner:RegressionTest]/[test:RegressionTest4]/[test:test2127(RegressionTest4)]
display-name: test2127
]]></system-out>
</testcase>
<testcase name="test0763" classname="RegressionTest1" time="0">
<system-out><![CDATA[
unique-id: [engine:junit-vintage]/[runner:RegressionTest]/[test:RegressionTest1]/[test:test0763(RegressionTest1)]
display-name: test0763
]]></system-out>
</testcase>
<testcase name="test1986" classname="RegressionTest3" time="0">
<system-out><![CDATA[
unique-id: [engine:junit-vintage]/[runner:RegressionTest]/[test:RegressionTest3]/[test:test1986(RegressionTest3)]
display-name: test1986
]]></system-out>
</testcase>
<testcase name="test1394" classname="RegressionTest2" time="0">
<system-out><![CDATA[
unique-id: [engine:junit-vintage]/[runner:RegressionTest]/[test:RegressionTest2]/[test:test1394(RegressionTest2)]
display-name: test1394
]]></system-out>
</testcase>
<testcase name="test2215" classname="RegressionTest4" time="0">
<system-out><![CDATA[
unique-id: [engine:junit-vintage]/[runner:RegressionTest]/[test:RegressionTest4]/[test:test2215(RegressionTest4)]
display-name: test2215
]]></system-out>
</testcase>
<testcase name="test1221" classname="RegressionTest2" time="0">
<system-out><![CDATA[
unique-id: [engine:junit-vintage]/[runner:RegressionTest]/[test:RegressionTest2]/[test:test1221(RegressionTest2)]
display-name: test1221
]]></system-out>
</testcase>
<testcase name="test1722" classname="RegressionTest3" time="0">
<system-out><![CDATA[
unique-id: [engine:junit-vintage]/[runner:RegressionTest]/[test:RegressionTest3]/[test:test1722(RegressionTest3)]
display-name: test1722
]]></system-out>
</testcase>
<testcase name="test1991" classname="RegressionTest3" time="0">
<system-out><![CDATA[
unique-id: [engine:junit-vintage]/[runner:RegressionTest]/[test:RegressionTest3]/[test:test1991(RegressionTest3)]
display-name: test1991
]]></system-out>
</testcase>
<testcase name="test0529" classname="RegressionTest1" time="0">
<system-out><![CDATA[
unique-id: [engine:junit-vintage]/[runner:RegressionTest]/[test:RegressionTest1]/[test:test0529(RegressionTest1)]
display-name: test0529
]]></system-out>
</testcase>
<testcase name="test1853" classname="RegressionTest3" time="0">
<system-out><![CDATA[
unique-id: [engine:junit-vintage]/[runner:RegressionTest]/[test:RegressionTest3]/[test:test1853(RegressionTest3)]
display-name: test1853
]]></system-out>
</testcase>
<testcase name="test0504" classname="RegressionTest1" time="0">
<system-out><![CDATA[
unique-id: [engine:junit-vintage]/[runner:RegressionTest]/[test:RegressionTest1]/[test:test0504(RegressionTest1)]
display-name: test0504
]]></system-out>
</testcase>
<testcase name="test1878" classname="RegressionTest3" time="0">
<system-out><![CDATA[
unique-id: [engine:junit-vintage]/[runner:RegressionTest]/[test:RegressionTest3]/[test:test1878(RegressionTest3)]
display-name: test1878
]]></system-out>
</testcase>
<testcase name="test0851" classname="RegressionTest1" time="0">
<system-out><![CDATA[
unique-id: [engine:junit-vintage]/[runner:RegressionTest]/[test:RegressionTest1]/[test:test0851(RegressionTest1)]
display-name: test0851
]]></system-out>
</testcase>
<testcase name="test0279" classname="RegressionTest0" time="0">
<system-out><![CDATA[
unique-id: [engine:junit-vintage]/[runner:RegressionTest]/[test:RegressionTest0]/[test:test0279(RegressionTest0)]
display-name: test0279
]]></system-out>
</testcase>
<testcase name="test2484" classname="RegressionTest4" time="0">
<system-out><![CDATA[
unique-id: [engine:junit-vintage]/[runner:RegressionTest]/[test:RegressionTest4]/[test:test2484(RegressionTest4)]
display-name: test2484
]]></system-out>
</testcase>
<testcase name="test0392" classname="RegressionTest0" time="0">
<system-out><![CDATA[
unique-id: [engine:junit-vintage]/[runner:RegressionTest]/[test:RegressionTest0]/[test:test0392(RegressionTest0)]
display-name: test0392
]]></system-out>
</testcase>
<testcase name="test1472" classname="RegressionTest2" time="0">
<system-out><![CDATA[
unique-id: [engine:junit-vintage]/[runner:RegressionTest]/[test:RegressionTest2]/[test:test1472(RegressionTest2)]
display-name: test1472
]]></system-out>
</testcase>
<testcase name="test0773" classname="RegressionTest1" time="0">
<system-out><![CDATA[
unique-id: [engine:junit-vintage]/[runner:RegressionTest]/[test:RegressionTest1]/[test:test0773(RegressionTest1)]
display-name: test0773
]]></system-out>
</testcase>
<testcase name="test0600" classname="RegressionTest1" time="0">
<system-out><![CDATA[
unique-id: [engine:junit-vintage]/[runner:RegressionTest]/[test:RegressionTest1]/[test:test0600(RegressionTest1)]
display-name: test0600
]]></system-out>
</testcase>
<testcase name="test0131" classname="RegressionTest0" time="0">
<system-out><![CDATA[
unique-id: [engine:junit-vintage]/[runner:RegressionTest]/[test:RegressionTest0]/[test:test0131(RegressionTest0)]
display-name: test0131
]]></system-out>
</testcase>
<testcase name="test1580" classname="RegressionTest3" time="0">
<system-out><![CDATA[
unique-id: [engine:junit-vintage]/[runner:RegressionTest]/[test:RegressionTest3]/[test:test1580(RegressionTest3)]
display-name: test1580
]]></system-out>
</testcase>
<testcase name="test0635" classname="RegressionTest1" time="0">
<system-out><![CDATA[
unique-id: [engine:junit-vintage]/[runner:RegressionTest]/[test:RegressionTest1]/[test:test0635(RegressionTest1)]
display-name: test0635
]]></system-out>
</testcase>
<testcase name="test1266" classname="RegressionTest2" time="0">
<system-out><![CDATA[
unique-id: [engine:junit-vintage]/[runner:RegressionTest]/[test:RegressionTest2]/[test:test1266(RegressionTest2)]
display-name: test1266
]]></system-out>
</testcase>
<testcase name="test1506" classname="RegressionTest3" time="0">
<system-out><![CDATA[
unique-id: [engine:junit-vintage]/[runner:RegressionTest]/[test:RegressionTest3]/[test:test1506(RegressionTest3)]
display-name: test1506
]]></system-out>
</testcase>
<testcase name="test2093" classname="RegressionTest4" time="0">
<system-out><![CDATA[
unique-id: [engine:junit-vintage]/[runner:RegressionTest]/[test:RegressionTest4]/[test:test2093(RegressionTest4)]
display-name: test2093
]]></system-out>
</testcase>
<testcase name="test0299" classname="RegressionTest0" time="0">
<system-out><![CDATA[
unique-id: [engine:junit-vintage]/[runner:RegressionTest]/[test:RegressionTest0]/[test:test0299(RegressionTest0)]
display-name: test0299
]]></system-out>
</testcase>
<testcase name="test1497" classname="RegressionTest2" time="0">
<system-out><![CDATA[
unique-id: [engine:junit-vintage]/[runner:RegressionTest]/[test:RegressionTest2]/[test:test1497(RegressionTest2)]
display-name: test1497
]]></system-out>
</testcase>
<testcase name="test2690" classname="RegressionTest5" time="0">
<system-out><![CDATA[
unique-id: [engine:junit-vintage]/[runner:RegressionTest]/[test:RegressionTest5]/[test:test2690(RegressionTest5)]
display-name: test2690
]]></system-out>
</testcase>
<testcase name="test2200" classname="RegressionTest4" time="0">
<system-out><![CDATA[
unique-id: [engine:junit-vintage]/[runner:RegressionTest]/[test:RegressionTest4]/[test:test2200(RegressionTest4)]
display-name: test2200
]]></system-out>
</testcase>
<testcase name="test0896" classname="RegressionTest1" time="0">
<system-out><![CDATA[
unique-id: [engine:junit-vintage]/[runner:RegressionTest]/[test:RegressionTest1]/[test:test0896(RegressionTest1)]
display-name: test0896
]]></system-out>
</testcase>
<testcase name="test1898" classname="RegressionTest3" time="0">
<system-out><![CDATA[
unique-id: [engine:junit-vintage]/[runner:RegressionTest]/[test:RegressionTest3]/[test:test1898(RegressionTest3)]
display-name: test1898
]]></system-out>
</testcase>
<testcase name="test2582" classname="RegressionTest5" time="0">
<system-out><![CDATA[
unique-id: [engine:junit-vintage]/[runner:RegressionTest]/[test:RegressionTest5]/[test:test2582(RegressionTest5)]
display-name: test2582
]]></system-out>
</testcase>
<testcase name="test2499" classname="RegressionTest4" time="0">
<system-out><![CDATA[
unique-id: [engine:junit-vintage]/[runner:RegressionTest]/[test:RegressionTest4]/[test:test2499(RegressionTest4)]
display-name: test2499
]]></system-out>
</testcase>
<testcase name="test1389" classname="RegressionTest2" time="0">
<system-out><![CDATA[
unique-id: [engine:junit-vintage]/[runner:RegressionTest]/[test:RegressionTest2]/[test:test1389(RegressionTest2)]
display-name: test1389
]]></system-out>
</testcase>
<testcase name="test0176" classname="RegressionTest0" time="0">
<system-out><![CDATA[
unique-id: [engine:junit-vintage]/[runner:RegressionTest]/[test:RegressionTest0]/[test:test0176(RegressionTest0)]
display-name: test0176
]]></system-out>
</testcase>
<testcase name="test0003" classname="RegressionTest0" time="0.061">
<system-out><![CDATA[
unique-id: [engine:junit-vintage]/[runner:RegressionTest]/[test:RegressionTest0]/[test:test0003(RegressionTest0)]
display-name: test0003
]]></system-out>
</testcase>
<testcase name="test1609" classname="RegressionTest3" time="0">
<system-out><![CDATA[
unique-id: [engine:junit-vintage]/[runner:RegressionTest]/[test:RegressionTest3]/[test:test1609(RegressionTest3)]
display-name: test1609
]]></system-out>
</testcase>
<testcase name="test0788" classname="RegressionTest1" time="0">
<system-out><![CDATA[
unique-id: [engine:junit-vintage]/[runner:RegressionTest]/[test:RegressionTest1]/[test:test0788(RegressionTest1)]
display-name: test0788
]]></system-out>
</testcase>
<testcase name="test2331" classname="RegressionTest4" time="0">
<system-out><![CDATA[
unique-id: [engine:junit-vintage]/[runner:RegressionTest]/[test:RegressionTest4]/[test:test2331(RegressionTest4)]
display-name: test2331
]]></system-out>
</testcase>
<testcase name="test0284" classname="RegressionTest0" time="0">
<system-out><![CDATA[
unique-id: [engine:junit-vintage]/[runner:RegressionTest]/[test:RegressionTest0]/[test:test0284(RegressionTest0)]
display-name: test0284
]]></system-out>
</testcase>
<testcase name="test0111" classname="RegressionTest0" time="0">
<system-out><![CDATA[
unique-id: [engine:junit-vintage]/[runner:RegressionTest]/[test:RegressionTest0]/[test:test0111(RegressionTest0)]
display-name: test0111
]]></system-out>
</testcase>
<testcase name="test0362" classname="RegressionTest0" time="0">
<system-out><![CDATA[
unique-id: [engine:junit-vintage]/[runner:RegressionTest]/[test:RegressionTest0]/[test:test0362(RegressionTest0)]
display-name: test0362
]]></system-out>
</testcase>
<testcase name="test2358" classname="RegressionTest4" time="0">
<system-out><![CDATA[
unique-id: [engine:junit-vintage]/[runner:RegressionTest]/[test:RegressionTest4]/[test:test2358(RegressionTest4)]
display-name: test2358
]]></system-out>
</testcase>
<testcase name="test0397" classname="RegressionTest0" time="0">
<system-out><![CDATA[
unique-id: [engine:junit-vintage]/[runner:RegressionTest]/[test:RegressionTest0]/[test:test0397(RegressionTest0)]
display-name: test0397
]]></system-out>
</testcase>
<testcase name="test1113" classname="RegressionTest2" time="0">
<system-out><![CDATA[
unique-id: [engine:junit-vintage]/[runner:RegressionTest]/[test:RegressionTest2]/[test:test1113(RegressionTest2)]
display-name: test1113
]]></system-out>
</testcase>
<testcase name="test0994" classname="RegressionTest1" time="0.001">
<system-out><![CDATA[
unique-id: [engine:junit-vintage]/[runner:RegressionTest]/[test:RegressionTest1]/[test:test0994(RegressionTest1)]
display-name: test0994
]]></system-out>
</testcase>
<testcase name="test2341" classname="RegressionTest4" time="0">
<system-out><![CDATA[
unique-id: [engine:junit-vintage]/[runner:RegressionTest]/[test:RegressionTest4]/[test:test2341(RegressionTest4)]
display-name: test2341
]]></system-out>
</testcase>
<testcase name="test1105" classname="RegressionTest2" time="0">
<system-out><![CDATA[
unique-id: [engine:junit-vintage]/[runner:RegressionTest]/[test:RegressionTest2]/[test:test1105(RegressionTest2)]
display-name: test1105
]]></system-out>
</testcase>
<testcase name="test1148" classname="RegressionTest2" time="0">
<system-out><![CDATA[
unique-id: [engine:junit-vintage]/[runner:RegressionTest]/[test:RegressionTest2]/[test:test1148(RegressionTest2)]
display-name: test1148
]]></system-out>
</testcase>
<testcase name="test0783" classname="RegressionTest1" time="0">
<system-out><![CDATA[
unique-id: [engine:junit-vintage]/[runner:RegressionTest]/[test:RegressionTest1]/[test:test0783(RegressionTest1)]
display-name: test0783
]]></system-out>
</testcase>
<testcase name="test1737" classname="RegressionTest3" time="0">
<system-out><![CDATA[
unique-id: [engine:junit-vintage]/[runner:RegressionTest]/[test:RegressionTest3]/[test:test1737(RegressionTest3)]
display-name: test1737
]]></system-out>
</testcase>
<testcase name="test2333" classname="RegressionTest4" time="0">
<system-out><![CDATA[
unique-id: [engine:junit-vintage]/[runner:RegressionTest]/[test:RegressionTest4]/[test:test2333(RegressionTest4)]
display-name: test2333
]]></system-out>
</testcase>
<testcase name="test2376" classname="RegressionTest4" time="0">
<system-out><![CDATA[
unique-id: [engine:junit-vintage]/[runner:RegressionTest]/[test:RegressionTest4]/[test:test2376(RegressionTest4)]
display-name: test2376
]]></system-out>
</testcase>
<testcase name="test0048" classname="RegressionTest0" time="0.001">
<system-out><![CDATA[
unique-id: [engine:junit-vintage]/[runner:RegressionTest]/[test:RegressionTest0]/[test:test0048(RegressionTest0)]
display-name: test0048
]]></system-out>
</testcase>
<testcase name="test0161" classname="RegressionTest0" time="0.003">
<system-out><![CDATA[
unique-id: [engine:junit-vintage]/[runner:RegressionTest]/[test:RegressionTest0]/[test:test0161(RegressionTest0)]
display-name: test0161
]]></system-out>
</testcase>
<testcase name="test1123" classname="RegressionTest2" time="0">
<system-out><![CDATA[
unique-id: [engine:junit-vintage]/[runner:RegressionTest]/[test:RegressionTest2]/[test:test1123(RegressionTest2)]
display-name: test1123
]]></system-out>
</testcase>
<testcase name="test0013" classname="RegressionTest0" time="0.001">
<system-out><![CDATA[
unique-id: [engine:junit-vintage]/[runner:RegressionTest]/[test:RegressionTest0]/[test:test0013(RegressionTest0)]
display-name: test0013
]]></system-out>
</testcase>
<testcase name="test2368" classname="RegressionTest4" time="0">
<system-out><![CDATA[
unique-id: [engine:junit-vintage]/[runner:RegressionTest]/[test:RegressionTest4]/[test:test2368(RegressionTest4)]
display-name: test2368
]]></system-out>
</testcase>
<testcase name="test1745" classname="RegressionTest3" time="0">
<system-out><![CDATA[
unique-id: [engine:junit-vintage]/[runner:RegressionTest]/[test:RegressionTest3]/[test:test1745(RegressionTest3)]
display-name: test1745
]]></system-out>
</testcase>
<testcase name="test0151" classname="RegressionTest0" time="0">
<system-out><![CDATA[
unique-id: [engine:junit-vintage]/[runner:RegressionTest]/[test:RegressionTest0]/[test:test0151(RegressionTest0)]
display-name: test0151
]]></system-out>
</testcase>
<testcase name="test0519" classname="RegressionTest1" time="0">
<system-out><![CDATA[
unique-id: [engine:junit-vintage]/[runner:RegressionTest]/[test:RegressionTest1]/[test:test0519(RegressionTest1)]
display-name: test0519
]]></system-out>
</testcase>
<testcase name="test1863" classname="RegressionTest3" time="0">
<system-out><![CDATA[
unique-id: [engine:junit-vintage]/[runner:RegressionTest]/[test:RegressionTest3]/[test:test1863(RegressionTest3)]
display-name: test1863
]]></system-out>
</testcase>
<testcase name="test1115" classname="RegressionTest2" time="0">
<system-out><![CDATA[
unique-id: [engine:junit-vintage]/[runner:RegressionTest]/[test:RegressionTest2]/[test:test1115(RegressionTest2)]
display-name: test1115
]]></system-out>
</testcase>
<testcase name="test0527" classname="RegressionTest1" time="0">
<system-out><![CDATA[
unique-id: [engine:junit-vintage]/[runner:RegressionTest]/[test:RegressionTest1]/[test:test0527(RegressionTest1)]
display-name: test0527
]]></system-out>
</testcase>
<testcase name="test1855" classname="RegressionTest3" time="0">
<system-out><![CDATA[
unique-id: [engine:junit-vintage]/[runner:RegressionTest]/[test:RegressionTest3]/[test:test1855(RegressionTest3)]
display-name: test1855
]]></system-out>
</testcase>
<testcase name="test0005" classname="RegressionTest0" time="0">
<system-out><![CDATA[
unique-id: [engine:junit-vintage]/[runner:RegressionTest]/[test:RegressionTest0]/[test:test0005(RegressionTest0)]
display-name: test0005
]]></system-out>
</testcase>
<testcase name="test2009" classname="RegressionTest4" time="0">
<system-out><![CDATA[
unique-id: [engine:junit-vintage]/[runner:RegressionTest]/[test:RegressionTest4]/[test:test2009(RegressionTest4)]
display-name: test2009
]]></system-out>
</testcase>
<testcase name="test1261" classname="RegressionTest2" time="0">
<system-out><![CDATA[
unique-id: [engine:junit-vintage]/[runner:RegressionTest]/[test:RegressionTest2]/[test:test1261(RegressionTest2)]
display-name: test1261
]]></system-out>
</testcase>
<testcase name="test0627" classname="RegressionTest1" time="0">
<system-out><![CDATA[
unique-id: [engine:junit-vintage]/[runner:RegressionTest]/[test:RegressionTest1]/[test:test0627(RegressionTest1)]
display-name: test0627
]]></system-out>
</testcase>
<testcase name="test1755" classname="RegressionTest3" time="0">
<system-out><![CDATA[
unique-id: [engine:junit-vintage]/[runner:RegressionTest]/[test:RegressionTest3]/[test:test1755(RegressionTest3)]
display-name: test1755
]]></system-out>
</testcase>
<testcase name="test0480" classname="RegressionTest0" time="0">
<system-out><![CDATA[
unique-id: [engine:junit-vintage]/[runner:RegressionTest]/[test:RegressionTest0]/[test:test0480(RegressionTest0)]
display-name: test0480
]]></system-out>
</testcase>
<testcase name="test0645" classname="RegressionTest1" time="0">
<system-out><![CDATA[
unique-id: [engine:junit-vintage]/[runner:RegressionTest]/[test:RegressionTest1]/[test:test0645(RegressionTest1)]
display-name: test0645
]]></system-out>
</testcase>
<testcase name="test0372" classname="RegressionTest0" time="0">
<system-out><![CDATA[
unique-id: [engine:junit-vintage]/[runner:RegressionTest]/[test:RegressionTest0]/[test:test0372(RegressionTest0)]
display-name: test0372
]]></system-out>
</testcase>
<testcase name="test1747" classname="RegressionTest3" time="0">
<system-out><![CDATA[
unique-id: [engine:junit-vintage]/[runner:RegressionTest]/[test:RegressionTest3]/[test:test1747(RegressionTest3)]
display-name: test1747
]]></system-out>
</testcase>
<testcase name="test2366" classname="RegressionTest4" time="0">
<system-out><![CDATA[
unique-id: [engine:junit-vintage]/[runner:RegressionTest]/[test:RegressionTest4]/[test:test2366(RegressionTest4)]
display-name: test2366
]]></system-out>
</testcase>
<testcase name="test0537" classname="RegressionTest1" time="0">
<system-out><![CDATA[
unique-id: [engine:junit-vintage]/[runner:RegressionTest]/[test:RegressionTest1]/[test:test0537(RegressionTest1)]
display-name: test0537
]]></system-out>
</testcase>
<testcase name="test0637" classname="RegressionTest1" time="0">
<system-out><![CDATA[
unique-id: [engine:junit-vintage]/[runner:RegressionTest]/[test:RegressionTest1]/[test:test0637(RegressionTest1)]
display-name: test0637
]]></system-out>
</testcase>
<testcase name="test2258" classname="RegressionTest4" time="0">
<system-out><![CDATA[
unique-id: [engine:junit-vintage]/[runner:RegressionTest]/[test:RegressionTest4]/[test:test2258(RegressionTest4)]
display-name: test2258
]]></system-out>
</testcase>
<testcase name="test2592" classname="RegressionTest5" time="0">
<system-out><![CDATA[
unique-id: [engine:junit-vintage]/[runner:RegressionTest]/[test:RegressionTest5]/[test:test2592(RegressionTest5)]
display-name: test2592
]]></system-out>
</testcase>
<testcase name="test1256" classname="RegressionTest2" time="0">
<system-out><![CDATA[
unique-id: [engine:junit-vintage]/[runner:RegressionTest]/[test:RegressionTest2]/[test:test1256(RegressionTest2)]
display-name: test1256
]]></system-out>
</testcase>
<testcase name="test2441" classname="RegressionTest4" time="0">
<system-out><![CDATA[
unique-id: [engine:junit-vintage]/[runner:RegressionTest]/[test:RegressionTest4]/[test:test2441(RegressionTest4)]
display-name: test2441
]]></system-out>
</testcase>
<testcase name="test1248" classname="RegressionTest2" time="0">
<system-out><![CDATA[
unique-id: [engine:junit-vintage]/[runner:RegressionTest]/[test:RegressionTest2]/[test:test1248(RegressionTest2)]
display-name: test1248
]]></system-out>
</testcase>
<testcase name="test2328" classname="RegressionTest4" time="0">
<system-out><![CDATA[
unique-id: [engine:junit-vintage]/[runner:RegressionTest]/[test:RegressionTest4]/[test:test2328(RegressionTest4)]
display-name: test2328
]]></system-out>
</testcase>
<testcase name="test2584" classname="RegressionTest5" time="0">
<system-out><![CDATA[
unique-id: [engine:junit-vintage]/[runner:RegressionTest]/[test:RegressionTest5]/[test:test2584(RegressionTest5)]
display-name: test2584
]]></system-out>
</testcase>
<testcase name="test0886" classname="RegressionTest1" time="0">
<system-out><![CDATA[
unique-id: [engine:junit-vintage]/[runner:RegressionTest]/[test:RegressionTest1]/[test:test0886(RegressionTest1)]
display-name: test0886
]]></system-out>
</testcase>
<testcase name="test0038" classname="RegressionTest0" time="0">
<system-out><![CDATA[
unique-id: [engine:junit-vintage]/[runner:RegressionTest]/[test:RegressionTest0]/[test:test0038(RegressionTest0)]
display-name: test0038
]]></system-out>
</testcase>
<testcase name="test1707" classname="RegressionTest3" time="0">
<system-out><![CDATA[
unique-id: [engine:junit-vintage]/[runner:RegressionTest]/[test:RegressionTest3]/[test:test1707(RegressionTest3)]
display-name: test1707
]]></system-out>
</testcase>
<testcase name="test0078" classname="RegressionTest0" time="0.002">
<system-out><![CDATA[
unique-id: [engine:junit-vintage]/[runner:RegressionTest]/[test:RegressionTest0]/[test:test0078(RegressionTest0)]
display-name: test0078
]]></system-out>
</testcase>
<testcase name="test2233" classname="RegressionTest4" time="0">
<system-out><![CDATA[
unique-id: [engine:junit-vintage]/[runner:RegressionTest]/[test:RegressionTest4]/[test:test2233(RegressionTest4)]
display-name: test2233
]]></system-out>
</testcase>
<testcase name="test1223" classname="RegressionTest2" time="0">
<system-out><![CDATA[
unique-id: [engine:junit-vintage]/[runner:RegressionTest]/[test:RegressionTest2]/[test:test1223(RegressionTest2)]
display-name: test1223
]]></system-out>
</testcase>
<testcase name="test0043" classname="RegressionTest0" time="0">
<system-out><![CDATA[
unique-id: [engine:junit-vintage]/[runner:RegressionTest]/[test:RegressionTest0]/[test:test0043(RegressionTest0)]
display-name: test0043
]]></system-out>
</testcase>
<testcase name="test2225" classname="RegressionTest4" time="0">
<system-out><![CDATA[
unique-id: [engine:junit-vintage]/[runner:RegressionTest]/[test:RegressionTest4]/[test:test2225(RegressionTest4)]
display-name: test2225
]]></system-out>
</testcase>
<testcase name="test1888" classname="RegressionTest3" time="0">
<system-out><![CDATA[
unique-id: [engine:junit-vintage]/[runner:RegressionTest]/[test:RegressionTest3]/[test:test1888(RegressionTest3)]
display-name: test1888
]]></system-out>
</testcase>
<testcase name="test0891" classname="RegressionTest1" time="0">
<system-out><![CDATA[
unique-id: [engine:junit-vintage]/[runner:RegressionTest]/[test:RegressionTest1]/[test:test0891(RegressionTest1)]
display-name: test0891
]]></system-out>
</testcase>
<testcase name="test0113" classname="RegressionTest0" time="0">
<system-out><![CDATA[
unique-id: [engine:junit-vintage]/[runner:RegressionTest]/[test:RegressionTest0]/[test:test0113(RegressionTest0)]
display-name: test0113
]]></system-out>
</testcase>
<testcase name="test1720" classname="RegressionTest3" time="0">
<system-out><![CDATA[
unique-id: [engine:junit-vintage]/[runner:RegressionTest]/[test:RegressionTest3]/[test:test1720(RegressionTest3)]
display-name: test1720
]]></system-out>
</testcase>
<testcase name="test1712" classname="RegressionTest3" time="0">
<system-out><![CDATA[
unique-id: [engine:junit-vintage]/[runner:RegressionTest]/[test:RegressionTest3]/[test:test1712(RegressionTest3)]
display-name: test1712
]]></system-out>
</testcase>
<testcase name="test0186" classname="RegressionTest0" time="0">
<system-out><![CDATA[
unique-id: [engine:junit-vintage]/[runner:RegressionTest]/[test:RegressionTest0]/[test:test0186(RegressionTest0)]
display-name: test0186
]]></system-out>
</testcase>
<testcase name="test1820" classname="RegressionTest3" time="0">
<system-out><![CDATA[
unique-id: [engine:junit-vintage]/[runner:RegressionTest]/[test:RegressionTest3]/[test:test1820(RegressionTest3)]
display-name: test1820
]]></system-out>
</testcase>
<testcase name="test1296" classname="RegressionTest2" time="0">
<system-out><![CDATA[
unique-id: [engine:junit-vintage]/[runner:RegressionTest]/[test:RegressionTest2]/[test:test1296(RegressionTest2)]
display-name: test1296
]]></system-out>
</testcase>
<testcase name="test1893" classname="RegressionTest3" time="0">
<system-out><![CDATA[
unique-id: [engine:junit-vintage]/[runner:RegressionTest]/[test:RegressionTest3]/[test:test1893(RegressionTest3)]
display-name: test1893
]]></system-out>
</testcase>
<testcase name="test0610" classname="RegressionTest1" time="0.001">
<system-out><![CDATA[
unique-id: [engine:junit-vintage]/[runner:RegressionTest]/[test:RegressionTest1]/[test:test0610(RegressionTest1)]
display-name: test0610
]]></system-out>
</testcase>
<testcase name="test1785" classname="RegressionTest3" time="0">
<system-out><![CDATA[
unique-id: [engine:junit-vintage]/[runner:RegressionTest]/[test:RegressionTest3]/[test:test1785(RegressionTest3)]
display-name: test1785
]]></system-out>
</testcase>
<testcase name="test0419" classname="RegressionTest0" time="0">
<system-out><![CDATA[
unique-id: [engine:junit-vintage]/[runner:RegressionTest]/[test:RegressionTest0]/[test:test0419(RegressionTest0)]
display-name: test0419
]]></system-out>
</testcase>
<testcase name="test1612" classname="RegressionTest3" time="0">
<system-out><![CDATA[
unique-id: [engine:junit-vintage]/[runner:RegressionTest]/[test:RegressionTest3]/[test:test1612(RegressionTest3)]
display-name: test1612
]]></system-out>
</testcase>
<testcase name="test0710" classname="RegressionTest1" time="0">
<system-out><![CDATA[
unique-id: [engine:junit-vintage]/[runner:RegressionTest]/[test:RegressionTest1]/[test:test0710(RegressionTest1)]
display-name: test0710
]]></system-out>
</testcase>
<testcase name="test0121" classname="RegressionTest0" time="0.002">
<system-out><![CDATA[
unique-id: [engine:junit-vintage]/[runner:RegressionTest]/[test:RegressionTest0]/[test:test0121(RegressionTest0)]
display-name: test0121
]]></system-out>
</testcase>
<testcase name="test1231" classname="RegressionTest2" time="0">
<system-out><![CDATA[
unique-id: [engine:junit-vintage]/[runner:RegressionTest]/[test:RegressionTest2]/[test:test1231(RegressionTest2)]
display-name: test1231
]]></system-out>
</testcase>
<testcase name="test0294" classname="RegressionTest0" time="0">
<system-out><![CDATA[
unique-id: [engine:junit-vintage]/[runner:RegressionTest]/[test:RegressionTest0]/[test:test0294(RegressionTest0)]
display-name: test0294
]]></system-out>
</testcase>
<testcase name="test1331" classname="RegressionTest2" time="0">
<system-out><![CDATA[
unique-id: [engine:junit-vintage]/[runner:RegressionTest]/[test:RegressionTest2]/[test:test1331(RegressionTest2)]
display-name: test1331
]]></system-out>
</testcase>
<testcase name="test0675" classname="RegressionTest1" time="0">
<system-out><![CDATA[
unique-id: [engine:junit-vintage]/[runner:RegressionTest]/[test:RegressionTest1]/[test:test0675(RegressionTest1)]
display-name: test0675
]]></system-out>
</testcase>
<testcase name="test0602" classname="RegressionTest1" time="0">
<system-out><![CDATA[
unique-id: [engine:junit-vintage]/[runner:RegressionTest]/[test:RegressionTest1]/[test:test0602(RegressionTest1)]
display-name: test0602
]]></system-out>
</testcase>
<testcase name="test0289" classname="RegressionTest0" time="0">
<system-out><![CDATA[
unique-id: [engine:junit-vintage]/[runner:RegressionTest]/[test:RegressionTest0]/[test:test0289(RegressionTest0)]
display-name: test0289
]]></system-out>
</testcase>
<testcase name="test0502" classname="RegressionTest1" time="0">
<system-out><![CDATA[
unique-id: [engine:junit-vintage]/[runner:RegressionTest]/[test:RegressionTest1]/[test:test0502(RegressionTest1)]
display-name: test0502
]]></system-out>
</testcase>
<testcase name="test0567" classname="RegressionTest1" time="0">
<system-out><![CDATA[
unique-id: [engine:junit-vintage]/[runner:RegressionTest]/[test:RegressionTest1]/[test:test0567(RegressionTest1)]
display-name: test0567
]]></system-out>
</testcase>
<testcase name="test2606" classname="RegressionTest5" time="0">
<system-out><![CDATA[
unique-id: [engine:junit-vintage]/[runner:RegressionTest]/[test:RegressionTest5]/[test:test2606(RegressionTest5)]
display-name: test2606
]]></system-out>
</testcase>
<testcase name="test1590" classname="RegressionTest3" time="0">
<system-out><![CDATA[
unique-id: [engine:junit-vintage]/[runner:RegressionTest]/[test:RegressionTest3]/[test:test1590(RegressionTest3)]
display-name: test1590
]]></system-out>
</testcase>
<testcase name="test0424" classname="RegressionTest0" time="0">
<system-out><![CDATA[
unique-id: [engine:junit-vintage]/[runner:RegressionTest]/[test:RegressionTest0]/[test:test0424(RegressionTest0)]
display-name: test0424
]]></system-out>
</testcase>
<testcase name="test1604" classname="RegressionTest3" time="0">
<system-out><![CDATA[
unique-id: [engine:junit-vintage]/[runner:RegressionTest]/[test:RegressionTest3]/[test:test1604(RegressionTest3)]
display-name: test1604
]]></system-out>
</testcase>
<testcase name="test1356" classname="RegressionTest2" time="0">
<system-out><![CDATA[
unique-id: [engine:junit-vintage]/[runner:RegressionTest]/[test:RegressionTest2]/[test:test1356(RegressionTest2)]
display-name: test1356
]]></system-out>
</testcase>
<testcase name="test2253" classname="RegressionTest4" time="0">
<system-out><![CDATA[
unique-id: [engine:junit-vintage]/[runner:RegressionTest]/[test:RegressionTest4]/[test:test2253(RegressionTest4)]
display-name: test2253
]]></system-out>
</testcase>
<testcase name="test0725" classname="RegressionTest1" time="0">
<system-out><![CDATA[
unique-id: [engine:junit-vintage]/[runner:RegressionTest]/[test:RegressionTest1]/[test:test0725(RegressionTest1)]
display-name: test0725
]]></system-out>
</testcase>
<testcase name="test1657" classname="RegressionTest3" time="0">
<system-out><![CDATA[
unique-id: [engine:junit-vintage]/[runner:RegressionTest]/[test:RegressionTest3]/[test:test1657(RegressionTest3)]
display-name: test1657
]]></system-out>
</testcase>
<testcase name="test1622" classname="RegressionTest3" time="0">
<system-out><![CDATA[
unique-id: [engine:junit-vintage]/[runner:RegressionTest]/[test:RegressionTest3]/[test:test1622(RegressionTest3)]
display-name: test1622
]]></system-out>
</testcase>
<testcase name="test1953" classname="RegressionTest3" time="0">
<system-out><![CDATA[
unique-id: [engine:junit-vintage]/[runner:RegressionTest]/[test:RegressionTest3]/[test:test1953(RegressionTest3)]
display-name: test1953
]]></system-out>
</testcase>
<testcase name="test2288" classname="RegressionTest4" time="0">
<system-out><![CDATA[
unique-id: [engine:junit-vintage]/[runner:RegressionTest]/[test:RegressionTest4]/[test:test2288(RegressionTest4)]
display-name: test2288
]]></system-out>
</testcase>
<testcase name="test1035" classname="RegressionTest2" time="0">
<system-out><![CDATA[
unique-id: [engine:junit-vintage]/[runner:RegressionTest]/[test:RegressionTest2]/[test:test1035(RegressionTest2)]
display-name: test1035
]]></system-out>
</testcase>
<testcase name="test1218" classname="RegressionTest2" time="0">
<system-out><![CDATA[
unique-id: [engine:junit-vintage]/[runner:RegressionTest]/[test:RegressionTest2]/[test:test1218(RegressionTest2)]
display-name: test1218
]]></system-out>
</testcase>
<testcase name="test2554" classname="RegressionTest5" time="0">
<system-out><![CDATA[
unique-id: [engine:junit-vintage]/[runner:RegressionTest]/[test:RegressionTest5]/[test:test2554(RegressionTest5)]
display-name: test2554
]]></system-out>
</testcase>
<testcase name="test2411" classname="RegressionTest4" time="0">
<system-out><![CDATA[
unique-id: [engine:junit-vintage]/[runner:RegressionTest]/[test:RegressionTest4]/[test:test2411(RegressionTest4)]
display-name: test2411
]]></system-out>
</testcase>
<testcase name="test0138" classname="RegressionTest0" time="0.004">
<system-out><![CDATA[
unique-id: [engine:junit-vintage]/[runner:RegressionTest]/[test:RegressionTest0]/[test:test0138(RegressionTest0)]
display-name: test0138
]]></system-out>
</testcase>
<testcase name="test2060" classname="RegressionTest4" time="0">
<system-out><![CDATA[
unique-id: [engine:junit-vintage]/[runner:RegressionTest]/[test:RegressionTest4]/[test:test2060(RegressionTest4)]
display-name: test2060
]]></system-out>
</testcase>
<testcase name="test2263" classname="RegressionTest4" time="0">
<system-out><![CDATA[
unique-id: [engine:junit-vintage]/[runner:RegressionTest]/[test:RegressionTest4]/[test:test2263(RegressionTest4)]
display-name: test2263
]]></system-out>
</testcase>
<testcase name="test2446" classname="RegressionTest4" time="0">
<system-out><![CDATA[
unique-id: [engine:junit-vintage]/[runner:RegressionTest]/[test:RegressionTest4]/[test:test2446(RegressionTest4)]
display-name: test2446
]]></system-out>
</testcase>
<testcase name="test0700" classname="RegressionTest1" time="0">
<system-out><![CDATA[
unique-id: [engine:junit-vintage]/[runner:RegressionTest]/[test:RegressionTest1]/[test:test0700(RegressionTest1)]
display-name: test0700
]]></system-out>
</testcase>
<testcase name="test1228" classname="RegressionTest2" time="0">
<system-out><![CDATA[
unique-id: [engine:junit-vintage]/[runner:RegressionTest]/[test:RegressionTest2]/[test:test1228(RegressionTest2)]
display-name: test1228
]]></system-out>
</testcase>
<testcase name="test2564" classname="RegressionTest5" time="0">
<system-out><![CDATA[
unique-id: [engine:junit-vintage]/[runner:RegressionTest]/[test:RegressionTest5]/[test:test2564(RegressionTest5)]
display-name: test2564
]]></system-out>
</testcase>
<testcase name="test2589" classname="RegressionTest5" time="0">
<system-out><![CDATA[
unique-id: [engine:junit-vintage]/[runner:RegressionTest]/[test:RegressionTest5]/[test:test2589(RegressionTest5)]
display-name: test2589
]]></system-out>
</testcase>
<testcase name="test0918" classname="RegressionTest1" time="0">
<system-out><![CDATA[
unique-id: [engine:junit-vintage]/[runner:RegressionTest]/[test:RegressionTest1]/[test:test0918(RegressionTest1)]
display-name: test0918
]]></system-out>
</testcase>
<testcase name="test2125" classname="RegressionTest4" time="0">
<system-out><![CDATA[
unique-id: [engine:junit-vintage]/[runner:RegressionTest]/[test:RegressionTest4]/[test:test2125(RegressionTest4)]
display-name: test2125
]]></system-out>
</testcase>
<testcase name="test0735" classname="RegressionTest1" time="0">
<system-out><![CDATA[
unique-id: [engine:junit-vintage]/[runner:RegressionTest]/[test:RegressionTest1]/[test:test0735(RegressionTest1)]
display-name: test0735
]]></system-out>
</testcase>
<testcase name="test1632" classname="RegressionTest3" time="0">
<system-out><![CDATA[
unique-id: [engine:junit-vintage]/[runner:RegressionTest]/[test:RegressionTest3]/[test:test1632(RegressionTest3)]
display-name: test1632
]]></system-out>
</testcase>
<testcase name="test1988" classname="RegressionTest3" time="0">
<system-out><![CDATA[
unique-id: [engine:junit-vintage]/[runner:RegressionTest]/[test:RegressionTest3]/[test:test1988(RegressionTest3)]
display-name: test1988
]]></system-out>
</testcase>
<testcase name="test2085" classname="RegressionTest4" time="0">
<system-out><![CDATA[
unique-id: [engine:junit-vintage]/[runner:RegressionTest]/[test:RegressionTest4]/[test:test2085(RegressionTest4)]
display-name: test2085
]]></system-out>
</testcase>
<testcase name="test1015" classname="RegressionTest2" time="0">
<system-out><![CDATA[
unique-id: [engine:junit-vintage]/[runner:RegressionTest]/[test:RegressionTest2]/[test:test1015(RegressionTest2)]
display-name: test1015
]]></system-out>
</testcase>
<testcase name="test2456" classname="RegressionTest4" time="0">
<system-out><![CDATA[
unique-id: [engine:junit-vintage]/[runner:RegressionTest]/[test:RegressionTest4]/[test:test2456(RegressionTest4)]
display-name: test2456
]]></system-out>
</testcase>
<testcase name="test1968" classname="RegressionTest3" time="0">
<system-out><![CDATA[
unique-id: [engine:junit-vintage]/[runner:RegressionTest]/[test:RegressionTest3]/[test:test1968(RegressionTest3)]
display-name: test1968
]]></system-out>
</testcase>
<testcase name="test1750" classname="RegressionTest3" time="0">
<system-out><![CDATA[
unique-id: [engine:junit-vintage]/[runner:RegressionTest]/[test:RegressionTest3]/[test:test1750(RegressionTest3)]
display-name: test1750
]]></system-out>
</testcase>
<testcase name="test1153" classname="RegressionTest2" time="0">
<system-out><![CDATA[
unique-id: [engine:junit-vintage]/[runner:RegressionTest]/[test:RegressionTest2]/[test:test1153(RegressionTest2)]
display-name: test1153
]]></system-out>
</testcase>
<testcase name="test2050" classname="RegressionTest4" time="0">
<system-out><![CDATA[
unique-id: [engine:junit-vintage]/[runner:RegressionTest]/[test:RegressionTest4]/[test:test2050(RegressionTest4)]
display-name: test2050
]]></system-out>
</testcase>
<testcase name="test0118" classname="RegressionTest0" time="0.002">
<system-out><![CDATA[
unique-id: [engine:junit-vintage]/[runner:RegressionTest]/[test:RegressionTest0]/[test:test0118(RegressionTest0)]
display-name: test0118
]]></system-out>
</testcase>
<testcase name="test2243" classname="RegressionTest4" time="0">
<system-out><![CDATA[
unique-id: [engine:junit-vintage]/[runner:RegressionTest]/[test:RegressionTest4]/[test:test2243(RegressionTest4)]
display-name: test2243
]]></system-out>
</testcase>
<testcase name="test0449" classname="RegressionTest0" time="0">
<system-out><![CDATA[
unique-id: [engine:junit-vintage]/[runner:RegressionTest]/[test:RegressionTest0]/[test:test0449(RegressionTest0)]
display-name: test0449
]]></system-out>
</testcase>
<testcase name="test1642" classname="RegressionTest3" time="0">
<system-out><![CDATA[
unique-id: [engine:junit-vintage]/[runner:RegressionTest]/[test:RegressionTest3]/[test:test1642(RegressionTest3)]
display-name: test1642
]]></system-out>
</testcase>
<testcase name="test2599" classname="RegressionTest5" time="0">
<system-out><![CDATA[
unique-id: [engine:junit-vintage]/[runner:RegressionTest]/[test:RegressionTest5]/[test:test2599(RegressionTest5)]
display-name: test2599
]]></system-out>
</testcase>
<testcase name="test1346" classname="RegressionTest2" time="0">
<system-out><![CDATA[
unique-id: [engine:junit-vintage]/[runner:RegressionTest]/[test:RegressionTest2]/[test:test1346(RegressionTest2)]
display-name: test1346
]]></system-out>
</testcase>
<testcase name="test0903" classname="RegressionTest1" time="0">
<system-out><![CDATA[
unique-id: [engine:junit-vintage]/[runner:RegressionTest]/[test:RegressionTest1]/[test:test0903(RegressionTest1)]
display-name: test0903
]]></system-out>
</testcase>
<testcase name="test1238" classname="RegressionTest2" time="0">
<system-out><![CDATA[
unique-id: [engine:junit-vintage]/[runner:RegressionTest]/[test:RegressionTest2]/[test:test1238(RegressionTest2)]
display-name: test1238
]]></system-out>
</testcase>
<testcase name="test1800" classname="RegressionTest3" time="0">
<system-out><![CDATA[
unique-id: [engine:junit-vintage]/[runner:RegressionTest]/[test:RegressionTest3]/[test:test1800(RegressionTest3)]
display-name: test1800
]]></system-out>
</testcase>
<testcase name="test2371" classname="RegressionTest4" time="0">
<system-out><![CDATA[
unique-id: [engine:junit-vintage]/[runner:RegressionTest]/[test:RegressionTest4]/[test:test2371(RegressionTest4)]
display-name: test2371
]]></system-out>
</testcase>
<testcase name="test0532" classname="RegressionTest1" time="0">
<system-out><![CDATA[
unique-id: [engine:junit-vintage]/[runner:RegressionTest]/[test:RegressionTest1]/[test:test0532(RegressionTest1)]
display-name: test0532
]]></system-out>
</testcase>
<testcase name="test1978" classname="RegressionTest3" time="0">
<system-out><![CDATA[
unique-id: [engine:junit-vintage]/[runner:RegressionTest]/[test:RegressionTest3]/[test:test1978(RegressionTest3)]
display-name: test1978
]]></system-out>
</testcase>
<testcase name="test1539" classname="RegressionTest3" time="0">
<system-out><![CDATA[
unique-id: [engine:junit-vintage]/[runner:RegressionTest]/[test:RegressionTest3]/[test:test1539(RegressionTest3)]
display-name: test1539
]]></system-out>
</testcase>
<testcase name="test2135" classname="RegressionTest4" time="0">
<system-out><![CDATA[
unique-id: [engine:junit-vintage]/[runner:RegressionTest]/[test:RegressionTest4]/[test:test2135(RegressionTest4)]
display-name: test2135
]]></system-out>
</testcase>
<testcase name="test0128" classname="RegressionTest0" time="0.001">
<system-out><![CDATA[
unique-id: [engine:junit-vintage]/[runner:RegressionTest]/[test:RegressionTest0]/[test:test0128(RegressionTest0)]
display-name: test0128
]]></system-out>
</testcase>
<testcase name="test0246" classname="RegressionTest0" time="0">
<system-out><![CDATA[
unique-id: [engine:junit-vintage]/[runner:RegressionTest]/[test:RegressionTest0]/[test:test0246(RegressionTest0)]
display-name: test0246
]]></system-out>
</testcase>
<testcase name="test1143" classname="RegressionTest2" time="0">
<system-out><![CDATA[
unique-id: [engine:junit-vintage]/[runner:RegressionTest]/[test:RegressionTest2]/[test:test1143(RegressionTest2)]
display-name: test1143
]]></system-out>
</testcase>
<testcase name="test2466" classname="RegressionTest4" time="0">
<system-out><![CDATA[
unique-id: [engine:junit-vintage]/[runner:RegressionTest]/[test:RegressionTest4]/[test:test2466(RegressionTest4)]
display-name: test2466
]]></system-out>
</testcase>
<testcase name="test1025" classname="RegressionTest2" time="0.001">
<system-out><![CDATA[
unique-id: [engine:junit-vintage]/[runner:RegressionTest]/[test:RegressionTest2]/[test:test1025(RegressionTest2)]
display-name: test1025
]]></system-out>
</testcase>
<testcase name="test2040" classname="RegressionTest4" time="0">
<system-out><![CDATA[
unique-id: [engine:junit-vintage]/[runner:RegressionTest]/[test:RegressionTest4]/[test:test2040(RegressionTest4)]
display-name: test2040
]]></system-out>
</testcase>
<testcase name="test1000" classname="RegressionTest1" time="0">
<system-out><![CDATA[
unique-id: [engine:junit-vintage]/[runner:RegressionTest]/[test:RegressionTest1]/[test:test1000(RegressionTest1)]
display-name: test1000
]]></system-out>
</testcase>
<testcase name="test1647" classname="RegressionTest3" time="0">
<system-out><![CDATA[
unique-id: [engine:junit-vintage]/[runner:RegressionTest]/[test:RegressionTest3]/[test:test1647(RegressionTest3)]
display-name: test1647
]]></system-out>
</testcase>
<testcase name="test1213" classname="RegressionTest2" time="0">
<system-out><![CDATA[
unique-id: [engine:junit-vintage]/[runner:RegressionTest]/[test:RegressionTest2]/[test:test1213(RegressionTest2)]
display-name: test1213
]]></system-out>
</testcase>
<testcase name="test0868" classname="RegressionTest1" time="0">
<system-out><![CDATA[
unique-id: [engine:junit-vintage]/[runner:RegressionTest]/[test:RegressionTest1]/[test:test0868(RegressionTest1)]
display-name: test0868
]]></system-out>
</testcase>
<testcase name="test1514" classname="RegressionTest3" time="0">
<system-out><![CDATA[
unique-id: [engine:junit-vintage]/[runner:RegressionTest]/[test:RegressionTest3]/[test:test1514(RegressionTest3)]
display-name: test1514
]]></system-out>
</testcase>
<testcase name="test2662" classname="RegressionTest5" time="0">
<system-out><![CDATA[
unique-id: [engine:junit-vintage]/[runner:RegressionTest]/[test:RegressionTest5]/[test:test2662(RegressionTest5)]
display-name: test2662
]]></system-out>
</testcase>
<testcase name="test0429" classname="RegressionTest0" time="0">
<system-out><![CDATA[
unique-id: [engine:junit-vintage]/[runner:RegressionTest]/[test:RegressionTest0]/[test:test0429(RegressionTest0)]
display-name: test0429
]]></system-out>
</testcase>
<testcase name="test1810" classname="RegressionTest3" time="0">
<system-out><![CDATA[
unique-id: [engine:junit-vintage]/[runner:RegressionTest]/[test:RegressionTest3]/[test:test1810(RegressionTest3)]
display-name: test1810
]]></system-out>
</testcase>
<testcase name="test0938" classname="RegressionTest1" time="0">
<system-out><![CDATA[
unique-id: [engine:junit-vintage]/[runner:RegressionTest]/[test:RegressionTest1]/[test:test0938(RegressionTest1)]
display-name: test0938
]]></system-out>
</testcase>
<testcase name="test2145" classname="RegressionTest4" time="0">
<system-out><![CDATA[
unique-id: [engine:junit-vintage]/[runner:RegressionTest]/[test:RegressionTest4]/[test:test2145(RegressionTest4)]
display-name: test2145
]]></system-out>
</testcase>
<testcase name="test0512" classname="RegressionTest1" time="0">
<system-out><![CDATA[
unique-id: [engine:junit-vintage]/[runner:RegressionTest]/[test:RegressionTest1]/[test:test0512(RegressionTest1)]
display-name: test0512
]]></system-out>
</testcase>
<testcase name="test1178" classname="RegressionTest2" time="0">
<system-out><![CDATA[
unique-id: [engine:junit-vintage]/[runner:RegressionTest]/[test:RegressionTest2]/[test:test1178(RegressionTest2)]
display-name: test1178
]]></system-out>
</testcase>
<testcase name="test1301" classname="RegressionTest2" time="0">
<system-out><![CDATA[
unique-id: [engine:junit-vintage]/[runner:RegressionTest]/[test:RegressionTest2]/[test:test1301(RegressionTest2)]
display-name: test1301
]]></system-out>
</testcase>
<testcase name="test1133" classname="RegressionTest2" time="0">
<system-out><![CDATA[
unique-id: [engine:junit-vintage]/[runner:RegressionTest]/[test:RegressionTest2]/[test:test1133(RegressionTest2)]
display-name: test1133
]]></system-out>
</testcase>
<testcase name="test1336" classname="RegressionTest2" time="0">
<system-out><![CDATA[
unique-id: [engine:junit-vintage]/[runner:RegressionTest]/[test:RegressionTest2]/[test:test1336(RegressionTest2)]
display-name: test1336
]]></system-out>
</testcase>
<testcase name="test2338" classname="RegressionTest4" time="0">
<system-out><![CDATA[
unique-id: [engine:junit-vintage]/[runner:RegressionTest]/[test:RegressionTest4]/[test:test2338(RegressionTest4)]
display-name: test2338
]]></system-out>
</testcase>
<testcase name="test0640" classname="RegressionTest1" time="0">
<system-out><![CDATA[
unique-id: [engine:junit-vintage]/[runner:RegressionTest]/[test:RegressionTest1]/[test:test0640(RegressionTest1)]
display-name: test0640
]]></system-out>
</testcase>
<testcase name="test2303" classname="RegressionTest4" time="0">
<system-out><![CDATA[
unique-id: [engine:junit-vintage]/[runner:RegressionTest]/[test:RegressionTest4]/[test:test2303(RegressionTest4)]
display-name: test2303
]]></system-out>
</testcase>
<testcase name="test0843" classname="RegressionTest1" time="0">
<system-out><![CDATA[
unique-id: [engine:junit-vintage]/[runner:RegressionTest]/[test:RegressionTest1]/[test:test0843(RegressionTest1)]
display-name: test0843
]]></system-out>
</testcase>
<testcase name="test2120" classname="RegressionTest4" time="0">
<system-out><![CDATA[
unique-id: [engine:junit-vintage]/[runner:RegressionTest]/[test:RegressionTest4]/[test:test2120(RegressionTest4)]
display-name: test2120
]]></system-out>
</testcase>
<testcase name="test2268" classname="RegressionTest4" time="0.012">
<system-out><![CDATA[
unique-id: [engine:junit-vintage]/[runner:RegressionTest]/[test:RegressionTest4]/[test:test2268(RegressionTest4)]
display-name: test2268
]]></system-out>
</testcase>
<testcase name="test1845" classname="RegressionTest3" time="0">
<system-out><![CDATA[
unique-id: [engine:junit-vintage]/[runner:RegressionTest]/[test:RegressionTest3]/[test:test1845(RegressionTest3)]
display-name: test1845
]]></system-out>
</testcase>
<testcase name="test1775" classname="RegressionTest3" time="0">
<system-out><![CDATA[
unique-id: [engine:junit-vintage]/[runner:RegressionTest]/[test:RegressionTest3]/[test:test1775(RegressionTest3)]
display-name: test1775
]]></system-out>
</testcase>
<testcase name="test0823" classname="RegressionTest1" time="0">
<system-out><![CDATA[
unique-id: [engine:junit-vintage]/[runner:RegressionTest]/[test:RegressionTest1]/[test:test0823(RegressionTest1)]
display-name: test0823
]]></system-out>
</testcase>
<testcase name="test1158" classname="RegressionTest2" time="0">
<system-out><![CDATA[
unique-id: [engine:junit-vintage]/[runner:RegressionTest]/[test:RegressionTest2]/[test:test1158(RegressionTest2)]
display-name: test1158
]]></system-out>
</testcase>
<testcase name="test1559" classname="RegressionTest3" time="0">
<system-out><![CDATA[
unique-id: [engine:junit-vintage]/[runner:RegressionTest]/[test:RegressionTest3]/[test:test1559(RegressionTest3)]
display-name: test1559
]]></system-out>
</testcase>
<testcase name="test0557" classname="RegressionTest1" time="0">
<system-out><![CDATA[
unique-id: [engine:junit-vintage]/[runner:RegressionTest]/[test:RegressionTest1]/[test:test0557(RegressionTest1)]
display-name: test0557
]]></system-out>
</testcase>
<testcase name="test1010" classname="RegressionTest2" time="0">
<system-out><![CDATA[
unique-id: [engine:junit-vintage]/[runner:RegressionTest]/[test:RegressionTest2]/[test:test1010(RegressionTest2)]
display-name: test1010
]]></system-out>
</testcase>
<testcase name="test1825" classname="RegressionTest3" time="0">
<system-out><![CDATA[
unique-id: [engine:junit-vintage]/[runner:RegressionTest]/[test:RegressionTest3]/[test:test1825(RegressionTest3)]
display-name: test1825
]]></system-out>
</testcase>
<testcase name="test0414" classname="RegressionTest0" time="0">
<system-out><![CDATA[
unique-id: [engine:junit-vintage]/[runner:RegressionTest]/[test:RegressionTest0]/[test:test0414(RegressionTest0)]
display-name: test0414
]]></system-out>
</testcase>
<testcase name="test2193" classname="RegressionTest4" time="0">
<system-out><![CDATA[
unique-id: [engine:junit-vintage]/[runner:RegressionTest]/[test:RegressionTest4]/[test:test2193(RegressionTest4)]
display-name: test2193
]]></system-out>
</testcase>
<testcase name="test0715" classname="RegressionTest1" time="0">
<system-out><![CDATA[
unique-id: [engine:junit-vintage]/[runner:RegressionTest]/[test:RegressionTest1]/[test:test0715(RegressionTest1)]
display-name: test0715
]]></system-out>
</testcase>
<testcase name="test1667" classname="RegressionTest3" time="0">
<system-out><![CDATA[
unique-id: [engine:junit-vintage]/[runner:RegressionTest]/[test:RegressionTest3]/[test:test1667(RegressionTest3)]
display-name: test1667
]]></system-out>
</testcase>
<testcase name="test1489" classname="RegressionTest2" time="0">
<system-out><![CDATA[
unique-id: [engine:junit-vintage]/[runner:RegressionTest]/[test:RegressionTest2]/[test:test1489(RegressionTest2)]
display-name: test1489
]]></system-out>
</testcase>
<testcase name="test1933" classname="RegressionTest3" time="0">
<system-out><![CDATA[
unique-id: [engine:junit-vintage]/[runner:RegressionTest]/[test:RegressionTest3]/[test:test1933(RegressionTest3)]
display-name: test1933
]]></system-out>
</testcase>
<testcase name="test0306" classname="RegressionTest0" time="0">
<system-out><![CDATA[
unique-id: [engine:junit-vintage]/[runner:RegressionTest]/[test:RegressionTest0]/[test:test0306(RegressionTest0)]
display-name: test0306
]]></system-out>
</testcase>
<testcase name="test1416" classname="RegressionTest2" time="0">
<system-out><![CDATA[
unique-id: [engine:junit-vintage]/[runner:RegressionTest]/[test:RegressionTest2]/[test:test1416(RegressionTest2)]
display-name: test1416
]]></system-out>
</testcase>
<testcase name="test2100" classname="RegressionTest4" time="0">
<system-out><![CDATA[
unique-id: [engine:junit-vintage]/[runner:RegressionTest]/[test:RegressionTest4]/[test:test2100(RegressionTest4)]
display-name: test2100
]]></system-out>
</testcase>
<testcase name="test0068" classname="RegressionTest0" time="0">
<system-out><![CDATA[
unique-id: [engine:junit-vintage]/[runner:RegressionTest]/[test:RegressionTest0]/[test:test0068(RegressionTest0)]
display-name: test0068
]]></system-out>
</testcase>
<testcase name="test2682" classname="RegressionTest5" time="0">
<system-out><![CDATA[
unique-id: [engine:junit-vintage]/[runner:RegressionTest]/[test:RegressionTest5]/[test:test2682(RegressionTest5)]
display-name: test2682
]]></system-out>
</testcase>
<testcase name="test1572" classname="RegressionTest3" time="0">
<system-out><![CDATA[
unique-id: [engine:junit-vintage]/[runner:RegressionTest]/[test:RegressionTest3]/[test:test1572(RegressionTest3)]
display-name: test1572
]]></system-out>
</testcase>
<testcase name="test2574" classname="RegressionTest5" time="0">
<system-out><![CDATA[
unique-id: [engine:junit-vintage]/[runner:RegressionTest]/[test:RegressionTest5]/[test:test2574(RegressionTest5)]
display-name: test2574
]]></system-out>
</testcase>
<testcase name="test2065" classname="RegressionTest4" time="0">
<system-out><![CDATA[
unique-id: [engine:junit-vintage]/[runner:RegressionTest]/[test:RegressionTest4]/[test:test2065(RegressionTest4)]
display-name: test2065
]]></system-out>
</testcase>
<testcase name="test2431" classname="RegressionTest4" time="0">
<system-out><![CDATA[
unique-id: [engine:junit-vintage]/[runner:RegressionTest]/[test:RegressionTest4]/[test:test2431(RegressionTest4)]
display-name: test2431
]]></system-out>
</testcase>
<testcase name="test0103" classname="RegressionTest0" time="0">
<system-out><![CDATA[
unique-id: [engine:junit-vintage]/[runner:RegressionTest]/[test:RegressionTest0]/[test:test0103(RegressionTest0)]
display-name: test0103
]]></system-out>
</testcase>
<testcase name="test1321" classname="RegressionTest2" time="0">
<system-out><![CDATA[
unique-id: [engine:junit-vintage]/[runner:RegressionTest]/[test:RegressionTest2]/[test:test1321(RegressionTest2)]
display-name: test1321
]]></system-out>
</testcase>
<testcase name="test1286" classname="RegressionTest2" time="0">
<system-out><![CDATA[
unique-id: [engine:junit-vintage]/[runner:RegressionTest]/[test:RegressionTest2]/[test:test1286(RegressionTest2)]
display-name: test1286
]]></system-out>
</testcase>
<testcase name="test2323" classname="RegressionTest4" time="0">
<system-out><![CDATA[
unique-id: [engine:junit-vintage]/[runner:RegressionTest]/[test:RegressionTest4]/[test:test2323(RegressionTest4)]
display-name: test2323
]]></system-out>
</testcase>
<testcase name="test0211" classname="RegressionTest0" time="0">
<system-out><![CDATA[
unique-id: [engine:junit-vintage]/[runner:RegressionTest]/[test:RegressionTest0]/[test:test0211(RegressionTest0)]
display-name: test0211
]]></system-out>
</testcase>
<testcase name="test0607" classname="RegressionTest1" time="0">
<system-out><![CDATA[
unique-id: [engine:junit-vintage]/[runner:RegressionTest]/[test:RegressionTest1]/[test:test0607(RegressionTest1)]
display-name: test0607
]]></system-out>
</testcase>
<testcase name="test2396" classname="RegressionTest4" time="0">
<system-out><![CDATA[
unique-id: [engine:junit-vintage]/[runner:RegressionTest]/[test:RegressionTest4]/[test:test2396(RegressionTest4)]
display-name: test2396
]]></system-out>
</testcase>
<testcase name="test1717" classname="RegressionTest3" time="0">
<system-out><![CDATA[
unique-id: [engine:junit-vintage]/[runner:RegressionTest]/[test:RegressionTest3]/[test:test1717(RegressionTest3)]
display-name: test1717
]]></system-out>
</testcase>
<testcase name="test1730" classname="RegressionTest3" time="0">
<system-out><![CDATA[
unique-id: [engine:junit-vintage]/[runner:RegressionTest]/[test:RegressionTest3]/[test:test1730(RegressionTest3)]
display-name: test1730
]]></system-out>
</testcase>
<testcase name="test0620" classname="RegressionTest1" time="0">
<system-out><![CDATA[
unique-id: [engine:junit-vintage]/[runner:RegressionTest]/[test:RegressionTest1]/[test:test0620(RegressionTest1)]
display-name: test0620
]]></system-out>
</testcase>
<testcase name="test1251" classname="RegressionTest2" time="0">
<system-out><![CDATA[
unique-id: [engine:junit-vintage]/[runner:RegressionTest]/[test:RegressionTest2]/[test:test1251(RegressionTest2)]
display-name: test1251
]]></system-out>
</testcase>
<testcase name="test0058" classname="RegressionTest0" time="0">
<system-out><![CDATA[
unique-id: [engine:junit-vintage]/[runner:RegressionTest]/[test:RegressionTest0]/[test:test0058(RegressionTest0)]
display-name: test0058
]]></system-out>
</testcase>
<testcase name="test2659" classname="RegressionTest5" time="0">
<system-out><![CDATA[
unique-id: [engine:junit-vintage]/[runner:RegressionTest]/[test:RegressionTest5]/[test:test2659(RegressionTest5)]
display-name: test2659
]]></system-out>
</testcase>
<testcase name="test0655" classname="RegressionTest1" time="0">
<system-out><![CDATA[
unique-id: [engine:junit-vintage]/[runner:RegressionTest]/[test:RegressionTest1]/[test:test0655(RegressionTest1)]
display-name: test0655
]]></system-out>
</testcase>
<testcase name="test1727" classname="RegressionTest3" time="0">
<system-out><![CDATA[
unique-id: [engine:junit-vintage]/[runner:RegressionTest]/[test:RegressionTest3]/[test:test1727(RegressionTest3)]
display-name: test1727
]]></system-out>
</testcase>
<testcase name="test0023" classname="RegressionTest0" time="0.012">
<system-out><![CDATA[
unique-id: [engine:junit-vintage]/[runner:RegressionTest]/[test:RegressionTest0]/[test:test0023(RegressionTest0)]
display-name: test0023
]]></system-out>
</testcase>
<testcase name="test1587" classname="RegressionTest3" time="0">
<system-out><![CDATA[
unique-id: [engine:junit-vintage]/[runner:RegressionTest]/[test:RegressionTest3]/[test:test1587(RegressionTest3)]
display-name: test1587
]]></system-out>
</testcase>
<testcase name="test2002" classname="RegressionTest4" time="0">
<system-out><![CDATA[
unique-id: [engine:junit-vintage]/[runner:RegressionTest]/[test:RegressionTest4]/[test:test2002(RegressionTest4)]
display-name: test2002
]]></system-out>
</testcase>
<testcase name="test1444" classname="RegressionTest2" time="0">
<system-out><![CDATA[
unique-id: [engine:junit-vintage]/[runner:RegressionTest]/[test:RegressionTest2]/[test:test1444(RegressionTest2)]
display-name: test1444
]]></system-out>
</testcase>
<testcase name="test1883" classname="RegressionTest3" time="0">
<system-out><![CDATA[
unique-id: [engine:junit-vintage]/[runner:RegressionTest]/[test:RegressionTest3]/[test:test1883(RegressionTest3)]
display-name: test1883
]]></system-out>
</testcase>
<testcase name="test2624" classname="RegressionTest5" time="0">
<system-out><![CDATA[
unique-id: [engine:junit-vintage]/[runner:RegressionTest]/[test:RegressionTest5]/[test:test2624(RegressionTest5)]
display-name: test2624
]]></system-out>
</testcase>
<testcase name="test1276" classname="RegressionTest2" time="0">
<system-out><![CDATA[
unique-id: [engine:junit-vintage]/[runner:RegressionTest]/[test:RegressionTest2]/[test:test1276(RegressionTest2)]
display-name: test1276
]]></system-out>
</testcase>
<testcase name="test1479" classname="RegressionTest2" time="0">
<system-out><![CDATA[
unique-id: [engine:junit-vintage]/[runner:RegressionTest]/[test:RegressionTest2]/[test:test1479(RegressionTest2)]
display-name: test1479
]]></system-out>
</testcase>
<testcase name="test2037" classname="RegressionTest4" time="0">
<system-out><![CDATA[
unique-id: [engine:junit-vintage]/[runner:RegressionTest]/[test:RegressionTest4]/[test:test2037(RegressionTest4)]
display-name: test2037
]]></system-out>
</testcase>
<testcase name="test0630" classname="RegressionTest1" time="0">
<system-out><![CDATA[
unique-id: [engine:junit-vintage]/[runner:RegressionTest]/[test:RegressionTest1]/[test:test0630(RegressionTest1)]
display-name: test0630
]]></system-out>
</testcase>
<testcase name="test1241" classname="RegressionTest2" time="0">
<system-out><![CDATA[
unique-id: [engine:junit-vintage]/[runner:RegressionTest]/[test:RegressionTest2]/[test:test1241(RegressionTest2)]
display-name: test1241
]]></system-out>
</testcase>
<testcase name="test2634" classname="RegressionTest5" time="0">
<system-out><![CDATA[
unique-id: [engine:junit-vintage]/[runner:RegressionTest]/[test:RegressionTest5]/[test:test2634(RegressionTest5)]
display-name: test2634
]]></system-out>
</testcase>
<testcase name="test0344" classname="RegressionTest0" time="0">
<system-out><![CDATA[
unique-id: [engine:junit-vintage]/[runner:RegressionTest]/[test:RegressionTest0]/[test:test0344(RegressionTest0)]
display-name: test0344
]]></system-out>
</testcase>
<testcase name="test1680" classname="RegressionTest3" time="0">
<system-out><![CDATA[
unique-id: [engine:junit-vintage]/[runner:RegressionTest]/[test:RegressionTest3]/[test:test1680(RegressionTest3)]
display-name: test1680
]]></system-out>
</testcase>
<testcase name="test1562" classname="RegressionTest3" time="0">
<system-out><![CDATA[
unique-id: [engine:junit-vintage]/[runner:RegressionTest]/[test:RegressionTest3]/[test:test1562(RegressionTest3)]
display-name: test1562
]]></system-out>
</testcase>
<testcase name="test0226" classname="RegressionTest0" time="0">
<system-out><![CDATA[
unique-id: [engine:junit-vintage]/[runner:RegressionTest]/[test:RegressionTest0]/[test:test0226(RegressionTest0)]
display-name: test0226
]]></system-out>
</testcase>
<testcase name="test0509" classname="RegressionTest1" time="0">
<system-out><![CDATA[
unique-id: [engine:junit-vintage]/[runner:RegressionTest]/[test:RegressionTest1]/[test:test0509(RegressionTest1)]
display-name: test0509
]]></system-out>
</testcase>
<testcase name="test0665" classname="RegressionTest1" time="0">
<system-out><![CDATA[
unique-id: [engine:junit-vintage]/[runner:RegressionTest]/[test:RegressionTest1]/[test:test0665(RegressionTest1)]
display-name: test0665
]]></system-out>
</testcase>
<testcase name="test1702" classname="RegressionTest3" time="0">
<system-out><![CDATA[
unique-id: [engine:junit-vintage]/[runner:RegressionTest]/[test:RegressionTest3]/[test:test1702(RegressionTest3)]
display-name: test1702
]]></system-out>
</testcase>
<testcase name="test1597" classname="RegressionTest3" time="0">
<system-out><![CDATA[
unique-id: [engine:junit-vintage]/[runner:RegressionTest]/[test:RegressionTest3]/[test:test1597(RegressionTest3)]
display-name: test1597
]]></system-out>
</testcase>
<testcase name="test2351" classname="RegressionTest4" time="0">
<system-out><![CDATA[
unique-id: [engine:junit-vintage]/[runner:RegressionTest]/[test:RegressionTest4]/[test:test2351(RegressionTest4)]
display-name: test2351
]]></system-out>
</testcase>
<testcase name="test0966" classname="RegressionTest1" time="0">
<system-out><![CDATA[
unique-id: [engine:junit-vintage]/[runner:RegressionTest]/[test:RegressionTest1]/[test:test0966(RegressionTest1)]
display-name: test0966
]]></system-out>
</testcase>
<testcase name="test1454" classname="RegressionTest2" time="0">
<system-out><![CDATA[
unique-id: [engine:junit-vintage]/[runner:RegressionTest]/[test:RegressionTest2]/[test:test1454(RegressionTest2)]
display-name: test1454
]]></system-out>
</testcase>
<testcase name="test0858" classname="RegressionTest1" time="0">
<system-out><![CDATA[
unique-id: [engine:junit-vintage]/[runner:RegressionTest]/[test:RegressionTest1]/[test:test0858(RegressionTest1)]
display-name: test0858
]]></system-out>
</testcase>
<testcase name="test1524" classname="RegressionTest3" time="0">
<system-out><![CDATA[
unique-id: [engine:junit-vintage]/[runner:RegressionTest]/[test:RegressionTest3]/[test:test1524(RegressionTest3)]
display-name: test1524
]]></system-out>
</testcase>
<testcase name="test1670" classname="RegressionTest3" time="0">
<system-out><![CDATA[
unique-id: [engine:junit-vintage]/[runner:RegressionTest]/[test:RegressionTest3]/[test:test1670(RegressionTest3)]
display-name: test1670
]]></system-out>
</testcase>
<testcase name="test0490" classname="RegressionTest0" time="0">
<system-out><![CDATA[
unique-id: [engine:junit-vintage]/[runner:RegressionTest]/[test:RegressionTest0]/[test:test0490(RegressionTest0)]
display-name: test0490
]]></system-out>
</testcase>
<testcase name="test0033" classname="RegressionTest0" time="0">
<system-out><![CDATA[
unique-id: [engine:junit-vintage]/[runner:RegressionTest]/[test:RegressionTest0]/[test:test0033(RegressionTest0)]
display-name: test0033
]]></system-out>
</testcase>
<testcase name="test0236" classname="RegressionTest0" time="0">
<system-out><![CDATA[
unique-id: [engine:junit-vintage]/[runner:RegressionTest]/[test:RegressionTest0]/[test:test0236(RegressionTest0)]
display-name: test0236
]]></system-out>
</testcase>
<testcase name="test1905" classname="RegressionTest3" time="0">
<system-out><![CDATA[
unique-id: [engine:junit-vintage]/[runner:RegressionTest]/[test:RegressionTest3]/[test:test1905(RegressionTest3)]
display-name: test1905
]]></system-out>
</testcase>
<testcase name="test2348" classname="RegressionTest4" time="0">
<system-out><![CDATA[
unique-id: [engine:junit-vintage]/[runner:RegressionTest]/[test:RegressionTest4]/[test:test2348(RegressionTest4)]
display-name: test2348
]]></system-out>
</testcase>
<testcase name="test2027" classname="RegressionTest4" time="0">
<system-out><![CDATA[
unique-id: [engine:junit-vintage]/[runner:RegressionTest]/[test:RegressionTest4]/[test:test2027(RegressionTest4)]
display-name: test2027
]]></system-out>
</testcase>
<testcase name="test0141" classname="RegressionTest0" time="0">
<system-out><![CDATA[
unique-id: [engine:junit-vintage]/[runner:RegressionTest]/[test:RegressionTest0]/[test:test0141(RegressionTest0)]
display-name: test0141
]]></system-out>
</testcase>
<testcase name="test0976" classname="RegressionTest1" time="0">
<system-out><![CDATA[
unique-id: [engine:junit-vintage]/[runner:RegressionTest]/[test:RegressionTest1]/[test:test0976(RegressionTest1)]
display-name: test0976
]]></system-out>
</testcase>
<testcase name="test1873" classname="RegressionTest3" time="0">
<system-out><![CDATA[
unique-id: [engine:junit-vintage]/[runner:RegressionTest]/[test:RegressionTest3]/[test:test1873(RegressionTest3)]
display-name: test1873
]]></system-out>
</testcase>
<testcase name="test2110" classname="RegressionTest4" time="0">
<system-out><![CDATA[
unique-id: [engine:junit-vintage]/[runner:RegressionTest]/[test:RegressionTest4]/[test:test2110(RegressionTest4)]
display-name: test2110
]]></system-out>
</testcase>
<testcase name="test2291" classname="RegressionTest4" time="0">
<system-out><![CDATA[
unique-id: [engine:junit-vintage]/[runner:RegressionTest]/[test:RegressionTest4]/[test:test2291(RegressionTest4)]
display-name: test2291
]]></system-out>
</testcase>
<testcase name="test0617" classname="RegressionTest1" time="0">
<system-out><![CDATA[
unique-id: [engine:junit-vintage]/[runner:RegressionTest]/[test:RegressionTest1]/[test:test0617(RegressionTest1)]
display-name: test0617
]]></system-out>
</testcase>
<testcase name="test1765" classname="RegressionTest3" time="0">
<system-out><![CDATA[
unique-id: [engine:junit-vintage]/[runner:RegressionTest]/[test:RegressionTest3]/[test:test1765(RegressionTest3)]
display-name: test1765
]]></system-out>
</testcase>
<testcase name="test0798" classname="RegressionTest1" time="0">
<system-out><![CDATA[
unique-id: [engine:junit-vintage]/[runner:RegressionTest]/[test:RegressionTest1]/[test:test0798(RegressionTest1)]
display-name: test0798
]]></system-out>
</testcase>
<testcase name="test2361" classname="RegressionTest4" time="0">
<system-out><![CDATA[
unique-id: [engine:junit-vintage]/[runner:RegressionTest]/[test:RegressionTest4]/[test:test2361(RegressionTest4)]
display-name: test2361
]]></system-out>
</testcase>
<testcase name="test0166" classname="RegressionTest0" time="0">
<system-out><![CDATA[
unique-id: [engine:junit-vintage]/[runner:RegressionTest]/[test:RegressionTest0]/[test:test0166(RegressionTest0)]
display-name: test0166
]]></system-out>
</testcase>
<testcase name="test0404" classname="RegressionTest0" time="0">
<system-out><![CDATA[
unique-id: [engine:junit-vintage]/[runner:RegressionTest]/[test:RegressionTest0]/[test:test0404(RegressionTest0)]
display-name: test0404
]]></system-out>
</testcase>
<testcase name="test2672" classname="RegressionTest5" time="0">
<system-out><![CDATA[
unique-id: [engine:junit-vintage]/[runner:RegressionTest]/[test:RegressionTest5]/[test:test2672(RegressionTest5)]
display-name: test2672
]]></system-out>
</testcase>
<testcase name="test1740" classname="RegressionTest3" time="0">
<system-out><![CDATA[
unique-id: [engine:junit-vintage]/[runner:RegressionTest]/[test:RegressionTest3]/[test:test1740(RegressionTest3)]
display-name: test1740
]]></system-out>
</testcase>
<testcase name="test0201" classname="RegressionTest0" time="0">
<system-out><![CDATA[
unique-id: [engine:junit-vintage]/[runner:RegressionTest]/[test:RegressionTest0]/[test:test0201(RegressionTest0)]
display-name: test0201
]]></system-out>
</testcase>
<testcase name="test0547" classname="RegressionTest1" time="0">
<system-out><![CDATA[
unique-id: [engine:junit-vintage]/[runner:RegressionTest]/[test:RegressionTest1]/[test:test0547(RegressionTest1)]
display-name: test0547
]]></system-out>
</testcase>
<testcase name="test1549" classname="RegressionTest3" time="0">
<system-out><![CDATA[
unique-id: [engine:junit-vintage]/[runner:RegressionTest]/[test:RegressionTest3]/[test:test1549(RegressionTest3)]
display-name: test1549
]]></system-out>
</testcase>
<testcase name="test0369" classname="RegressionTest0" time="0">
<system-out><![CDATA[
unique-id: [engine:junit-vintage]/[runner:RegressionTest]/[test:RegressionTest0]/[test:test0369(RegressionTest0)]
display-name: test0369
]]></system-out>
</testcase>
<testcase name="test1384" classname="RegressionTest2" time="0">
<system-out><![CDATA[
unique-id: [engine:junit-vintage]/[runner:RegressionTest]/[test:RegressionTest2]/[test:test1384(RegressionTest2)]
display-name: test1384
]]></system-out>
</testcase>
<testcase name="test2408" classname="RegressionTest4" time="0">
<system-out><![CDATA[
unique-id: [engine:junit-vintage]/[runner:RegressionTest]/[test:RegressionTest4]/[test:test2408(RegressionTest4)]
display-name: test2408
]]></system-out>
</testcase>
<testcase name="test0382" classname="RegressionTest0" time="0">
<system-out><![CDATA[
unique-id: [engine:junit-vintage]/[runner:RegressionTest]/[test:RegressionTest0]/[test:test0382(RegressionTest0)]
display-name: test0382
]]></system-out>
</testcase>
<testcase name="test0522" classname="RegressionTest1" time="0.001">
<system-out><![CDATA[
unique-id: [engine:junit-vintage]/[runner:RegressionTest]/[test:RegressionTest1]/[test:test0522(RegressionTest1)]
display-name: test0522
]]></system-out>
</testcase>
<testcase name="test1406" classname="RegressionTest2" time="0">
<system-out><![CDATA[
unique-id: [engine:junit-vintage]/[runner:RegressionTest]/[test:RegressionTest2]/[test:test1406(RegressionTest2)]
display-name: test1406
]]></system-out>
</testcase>
<testcase name="test0439" classname="RegressionTest0" time="0">
<system-out><![CDATA[
unique-id: [engine:junit-vintage]/[runner:RegressionTest]/[test:RegressionTest0]/[test:test0439(RegressionTest0)]
display-name: test0439
]]></system-out>
</testcase>
<testcase name="test0452" classname="RegressionTest0" time="0">
<system-out><![CDATA[
unique-id: [engine:junit-vintage]/[runner:RegressionTest]/[test:RegressionTest0]/[test:test0452(RegressionTest0)]
display-name: test0452
]]></system-out>
</testcase>
<testcase name="test0595" classname="RegressionTest1" time="0">
<system-out><![CDATA[
unique-id: [engine:junit-vintage]/[runner:RegressionTest]/[test:RegressionTest1]/[test:test0595(RegressionTest1)]
display-name: test0595
]]></system-out>
</testcase>
<testcase name="test1619" classname="RegressionTest3" time="0">
<system-out><![CDATA[
unique-id: [engine:junit-vintage]/[runner:RegressionTest]/[test:RegressionTest3]/[test:test1619(RegressionTest3)]
display-name: test1619
]]></system-out>
</testcase>
<testcase name="test2494" classname="RegressionTest4" time="0">
<system-out><![CDATA[
unique-id: [engine:junit-vintage]/[runner:RegressionTest]/[test:RegressionTest4]/[test:test2494(RegressionTest4)]
display-name: test2494
]]></system-out>
</testcase>
<testcase name="test1311" classname="RegressionTest2" time="0">
<system-out><![CDATA[
unique-id: [engine:junit-vintage]/[runner:RegressionTest]/[test:RegressionTest2]/[test:test1311(RegressionTest2)]
display-name: test1311
]]></system-out>
</testcase>
<testcase name="test2421" classname="RegressionTest4" time="0">
<system-out><![CDATA[
unique-id: [engine:junit-vintage]/[runner:RegressionTest]/[test:RegressionTest4]/[test:test2421(RegressionTest4)]
display-name: test2421
]]></system-out>
</testcase>
<testcase name="test0928" classname="RegressionTest1" time="0.001">
<system-out><![CDATA[
unique-id: [engine:junit-vintage]/[runner:RegressionTest]/[test:RegressionTest1]/[test:test0928(RegressionTest1)]
display-name: test0928
]]></system-out>
</testcase>
<testcase name="test2386" classname="RegressionTest4" time="0">
<system-out><![CDATA[
unique-id: [engine:junit-vintage]/[runner:RegressionTest]/[test:RegressionTest4]/[test:test2386(RegressionTest4)]
display-name: test2386
]]></system-out>
</testcase>
<testcase name="test1203" classname="RegressionTest2" time="0">
<system-out><![CDATA[
unique-id: [engine:junit-vintage]/[runner:RegressionTest]/[test:RegressionTest2]/[test:test1203(RegressionTest2)]
display-name: test1203
]]></system-out>
</testcase>
<testcase name="test2313" classname="RegressionTest4" time="0">
<system-out><![CDATA[
unique-id: [engine:junit-vintage]/[runner:RegressionTest]/[test:RegressionTest4]/[test:test2313(RegressionTest4)]
display-name: test2313
]]></system-out>
</testcase>
<testcase name="test0071" classname="RegressionTest0" time="0">
<system-out><![CDATA[
unique-id: [engine:junit-vintage]/[runner:RegressionTest]/[test:RegressionTest0]/[test:test0071(RegressionTest0)]
display-name: test0071
]]></system-out>
</testcase>
<testcase name="test1073" classname="RegressionTest2" time="0">
<system-out><![CDATA[
unique-id: [engine:junit-vintage]/[runner:RegressionTest]/[test:RegressionTest2]/[test:test1073(RegressionTest2)]
display-name: test1073
]]></system-out>
</testcase>
<testcase name="test2075" classname="RegressionTest4" time="0">
<system-out><![CDATA[
unique-id: [engine:junit-vintage]/[runner:RegressionTest]/[test:RegressionTest4]/[test:test2075(RegressionTest4)]
display-name: test2075
]]></system-out>
</testcase>
<testcase name="test1835" classname="RegressionTest3" time="0">
<system-out><![CDATA[
unique-id: [engine:junit-vintage]/[runner:RegressionTest]/[test:RegressionTest3]/[test:test1835(RegressionTest3)]
display-name: test1835
]]></system-out>
</testcase>
<testcase name="test1168" classname="RegressionTest2" time="0">
<system-out><![CDATA[
unique-id: [engine:junit-vintage]/[runner:RegressionTest]/[test:RegressionTest2]/[test:test1168(RegressionTest2)]
display-name: test1168
]]></system-out>
</testcase>
<testcase name="test2278" classname="RegressionTest4" time="0">
<system-out><![CDATA[
unique-id: [engine:junit-vintage]/[runner:RegressionTest]/[test:RegressionTest4]/[test:test2278(RegressionTest4)]
display-name: test2278
]]></system-out>
</testcase>
<testcase name="test0941" classname="RegressionTest1" time="0">
<system-out><![CDATA[
unique-id: [engine:junit-vintage]/[runner:RegressionTest]/[test:RegressionTest1]/[test:test0941(RegressionTest1)]
display-name: test0941
]]></system-out>
</testcase>
<testcase name="test1181" classname="RegressionTest2" time="0">
<system-out><![CDATA[
unique-id: [engine:junit-vintage]/[runner:RegressionTest]/[test:RegressionTest2]/[test:test1181(RegressionTest2)]
display-name: test1181
]]></system-out>
</testcase>
<testcase name="test0833" classname="RegressionTest1" time="0">
<system-out><![CDATA[
unique-id: [engine:junit-vintage]/[runner:RegressionTest]/[test:RegressionTest1]/[test:test0833(RegressionTest1)]
display-name: test0833
]]></system-out>
</testcase>
<testcase name="test2205" classname="RegressionTest4" time="0">
<system-out><![CDATA[
unique-id: [engine:junit-vintage]/[runner:RegressionTest]/[test:RegressionTest4]/[test:test2205(RegressionTest4)]
display-name: test2205
]]></system-out>
</testcase>
<testcase name="test2183" classname="RegressionTest4" time="0">
<system-out><![CDATA[
unique-id: [engine:junit-vintage]/[runner:RegressionTest]/[test:RegressionTest4]/[test:test2183(RegressionTest4)]
display-name: test2183
]]></system-out>
</testcase>
<testcase name="test1943" classname="RegressionTest3" time="0">
<system-out><![CDATA[
unique-id: [engine:junit-vintage]/[runner:RegressionTest]/[test:RegressionTest3]/[test:test1943(RegressionTest3)]
display-name: test1943
]]></system-out>
</testcase>
<system-out><![CDATA[
unique-id: [engine:junit-vintage]
display-name: JUnit Vintage
]]></system-out>
</testsuite>
