<!--
 Licensed to the Apache Software Foundation (ASF) under one
 or more contributor license agreements. See the NOTICE file
 distributed with this work for additional information
 regarding copyright ownership. The ASF licenses this file
 to you under the Apache License, Version 2.0 (the
 "License"); you may not use this file except in compliance
 with the License. You may obtain a copy of the License at

     http://www.apache.org/licenses/LICENSE-2.0

 Unless required by applicable law or agreed to in writing,
 software distributed under the License is distributed on an
 "AS IS" BASIS, WITHOUT WARRANTIES OR CONDITIONS OF ANY
 KIND, either express or implied. See the License for the
 specific language governing permissions and limitations
 under the License.
-->

<?xml version="1.0" encoding="UTF-8"?>
<testsuite name="JUnit Vintage" tests="877" skipped="0" failures="0" errors="0" time="0.691" hostname="johcue-VirtualBox" timestamp="2024-11-30T14:52:44">
<properties>
<property name="awt.toolkit" value="sun.awt.X11.XToolkit"/>
<property name="file.encoding" value="UTF-8"/>
<property name="file.separator" value="/"/>
<property name="java.awt.graphicsenv" value="sun.awt.X11GraphicsEnvironment"/>
<property name="java.awt.printerjob" value="sun.print.PSPrinterJob"/>
<property name="java.class.path" value="randoop-tests:/home/johcue/Documents/SwD/commons-imaging/target/classes:/home/johcue/Documents/SwD/commons-imaging/randoop-all-4.3.3.jar:/home/johcue/.m2/repository/org/junit/platform/junit-platform-console-standalone/1.9.2/junit-platform-console-standalone-1.9.2.jar"/>
<property name="java.class.version" value="55.0"/>
<property name="java.home" value="/usr/lib/jvm/java-11-openjdk-amd64"/>
<property name="java.io.tmpdir" value="/tmp"/>
<property name="java.library.path" value="/usr/java/packages/lib:/usr/lib/x86_64-linux-gnu/jni:/lib/x86_64-linux-gnu:/usr/lib/x86_64-linux-gnu:/usr/lib/jni:/lib:/usr/lib"/>
<property name="java.runtime.name" value="OpenJDK Runtime Environment"/>
<property name="java.runtime.version" value="11.0.25+9-post-Ubuntu-1ubuntu124.04"/>
<property name="java.specification.maintenance.version" value="3"/>
<property name="java.specification.name" value="Java Platform API Specification"/>
<property name="java.specification.vendor" value="Oracle Corporation"/>
<property name="java.specification.version" value="11"/>
<property name="java.vendor" value="Ubuntu"/>
<property name="java.vendor.url" value="https://ubuntu.com/"/>
<property name="java.vendor.url.bug" value="https://bugs.launchpad.net/ubuntu/+source/openjdk-lts"/>
<property name="java.version" value="11.0.25"/>
<property name="java.version.date" value="2024-10-15"/>
<property name="java.vm.compressedOopsMode" value="Zero based"/>
<property name="java.vm.info" value="mixed mode, sharing"/>
<property name="java.vm.name" value="OpenJDK 64-Bit Server VM"/>
<property name="java.vm.specification.name" value="Java Virtual Machine Specification"/>
<property name="java.vm.specification.vendor" value="Oracle Corporation"/>
<property name="java.vm.specification.version" value="11"/>
<property name="java.vm.vendor" value="Ubuntu"/>
<property name="java.vm.version" value="11.0.25+9-post-Ubuntu-1ubuntu124.04"/>
<property name="jdk.debug" value="release"/>
<property name="line.separator" value="
"/>
<property name="os.arch" value="amd64"/>
<property name="os.name" value="Linux"/>
<property name="os.version" value="6.8.0-49-generic"/>
<property name="path.separator" value=":"/>
<property name="sun.arch.data.model" value="64"/>
<property name="sun.boot.library.path" value="/usr/lib/jvm/java-11-openjdk-amd64/lib"/>
<property name="sun.cpu.endian" value="little"/>
<property name="sun.cpu.isalist" value=""/>
<property name="sun.desktop" value="gnome"/>
<property name="sun.io.unicode.encoding" value="UnicodeLittle"/>
<property name="sun.java.command" value="org.junit.platform.console.ConsoleLauncher --scan-classpath --reports-dir=./junit-reports"/>
<property name="sun.java.launcher" value="SUN_STANDARD"/>
<property name="sun.jnu.encoding" value="UTF-8"/>
<property name="sun.management.compiler" value="HotSpot 64-Bit Tiered Compilers"/>
<property name="sun.os.patch.level" value="unknown"/>
<property name="user.country" value="US"/>
<property name="user.dir" value="/home/johcue/Documents/SwD/commons-imaging"/>
<property name="user.home" value="/home/johcue"/>
<property name="user.language" value="en"/>
<property name="user.name" value="johcue"/>
<property name="user.timezone" value="Europe/Rome"/>
</properties>
<testcase name="test679" classname="RegressionTest1" time="0">
<system-out><![CDATA[
unique-id: [engine:junit-vintage]/[runner:RegressionTest]/[test:RegressionTest1]/[test:test679(RegressionTest1)]
display-name: test679
]]></system-out>
</testcase>
<testcase name="test715" classname="RegressionTest1" time="0">
<system-out><![CDATA[
unique-id: [engine:junit-vintage]/[runner:RegressionTest]/[test:RegressionTest1]/[test:test715(RegressionTest1)]
display-name: test715
]]></system-out>
</testcase>
<testcase name="test118" classname="RegressionTest0" time="0">
<system-out><![CDATA[
unique-id: [engine:junit-vintage]/[runner:RegressionTest]/[test:RegressionTest0]/[test:test118(RegressionTest0)]
display-name: test118
]]></system-out>
</testcase>
<testcase name="test160" classname="RegressionTest0" time="0">
<system-out><![CDATA[
unique-id: [engine:junit-vintage]/[runner:RegressionTest]/[test:RegressionTest0]/[test:test160(RegressionTest0)]
display-name: test160
]]></system-out>
</testcase>
<testcase name="test644" classname="RegressionTest1" time="0">
<system-out><![CDATA[
unique-id: [engine:junit-vintage]/[runner:RegressionTest]/[test:RegressionTest1]/[test:test644(RegressionTest1)]
display-name: test644
]]></system-out>
</testcase>
<testcase name="test195" classname="RegressionTest0" time="0.001">
<system-out><![CDATA[
unique-id: [engine:junit-vintage]/[runner:RegressionTest]/[test:RegressionTest0]/[test:test195(RegressionTest0)]
display-name: test195
]]></system-out>
</testcase>
<testcase name="test465" classname="RegressionTest0" time="0">
<system-out><![CDATA[
unique-id: [engine:junit-vintage]/[runner:RegressionTest]/[test:RegressionTest0]/[test:test465(RegressionTest0)]
display-name: test465
]]></system-out>
</testcase>
<testcase name="test266" classname="RegressionTest0" time="0">
<system-out><![CDATA[
unique-id: [engine:junit-vintage]/[runner:RegressionTest]/[test:RegressionTest0]/[test:test266(RegressionTest0)]
display-name: test266
]]></system-out>
</testcase>
<testcase name="test302" classname="RegressionTest0" time="0">
<system-out><![CDATA[
unique-id: [engine:junit-vintage]/[runner:RegressionTest]/[test:RegressionTest0]/[test:test302(RegressionTest0)]
display-name: test302
]]></system-out>
</testcase>
<testcase name="test792" classname="RegressionTest1" time="0">
<system-out><![CDATA[
unique-id: [engine:junit-vintage]/[runner:RegressionTest]/[test:RegressionTest1]/[test:test792(RegressionTest1)]
display-name: test792
]]></system-out>
</testcase>
<testcase name="test231" classname="RegressionTest0" time="0">
<system-out><![CDATA[
unique-id: [engine:junit-vintage]/[runner:RegressionTest]/[test:RegressionTest0]/[test:test231(RegressionTest0)]
display-name: test231
]]></system-out>
</testcase>
<testcase name="test593" classname="RegressionTest1" time="0">
<system-out><![CDATA[
unique-id: [engine:junit-vintage]/[runner:RegressionTest]/[test:RegressionTest1]/[test:test593(RegressionTest1)]
display-name: test593
]]></system-out>
</testcase>
<testcase name="test408" classname="RegressionTest0" time="0">
<system-out><![CDATA[
unique-id: [engine:junit-vintage]/[runner:RegressionTest]/[test:RegressionTest0]/[test:test408(RegressionTest0)]
display-name: test408
]]></system-out>
</testcase>
<testcase name="test103" classname="RegressionTest0" time="0">
<system-out><![CDATA[
unique-id: [engine:junit-vintage]/[runner:RegressionTest]/[test:RegressionTest0]/[test:test103(RegressionTest0)]
display-name: test103
]]></system-out>
</testcase>
<testcase name="test032" classname="RegressionTest0" time="0.004">
<system-out><![CDATA[
unique-id: [engine:junit-vintage]/[runner:RegressionTest]/[test:RegressionTest0]/[test:test032(RegressionTest0)]
display-name: test032
]]></system-out>
</testcase>
<testcase name="test772" classname="RegressionTest1" time="0">
<system-out><![CDATA[
unique-id: [engine:junit-vintage]/[runner:RegressionTest]/[test:RegressionTest1]/[test:test772(RegressionTest1)]
display-name: test772
]]></system-out>
</testcase>
<testcase name="test843" classname="RegressionTest1" time="0">
<system-out><![CDATA[
unique-id: [engine:junit-vintage]/[runner:RegressionTest]/[test:RegressionTest1]/[test:test843(RegressionTest1)]
display-name: test843
]]></system-out>
</testcase>
<testcase name="test337" classname="RegressionTest0" time="0">
<system-out><![CDATA[
unique-id: [engine:junit-vintage]/[runner:RegressionTest]/[test:RegressionTest0]/[test:test337(RegressionTest0)]
display-name: test337
]]></system-out>
</testcase>
<testcase name="test450" classname="RegressionTest0" time="0">
<system-out><![CDATA[
unique-id: [engine:junit-vintage]/[runner:RegressionTest]/[test:RegressionTest0]/[test:test450(RegressionTest0)]
display-name: test450
]]></system-out>
</testcase>
<testcase name="test211" classname="RegressionTest0" time="0">
<system-out><![CDATA[
unique-id: [engine:junit-vintage]/[runner:RegressionTest]/[test:RegressionTest0]/[test:test211(RegressionTest0)]
display-name: test211
]]></system-out>
</testcase>
<testcase name="test047" classname="RegressionTest0" time="0.001">
<system-out><![CDATA[
unique-id: [engine:junit-vintage]/[runner:RegressionTest]/[test:RegressionTest0]/[test:test047(RegressionTest0)]
display-name: test047
]]></system-out>
</testcase>
<testcase name="test659" classname="RegressionTest1" time="0">
<system-out><![CDATA[
unique-id: [engine:junit-vintage]/[runner:RegressionTest]/[test:RegressionTest1]/[test:test659(RegressionTest1)]
display-name: test659
]]></system-out>
</testcase>
<testcase name="test664" classname="RegressionTest1" time="0">
<system-out><![CDATA[
unique-id: [engine:junit-vintage]/[runner:RegressionTest]/[test:RegressionTest1]/[test:test664(RegressionTest1)]
display-name: test664
]]></system-out>
</testcase>
<testcase name="test394" classname="RegressionTest0" time="0">
<system-out><![CDATA[
unique-id: [engine:junit-vintage]/[runner:RegressionTest]/[test:RegressionTest0]/[test:test394(RegressionTest0)]
display-name: test394
]]></system-out>
</testcase>
<testcase name="test858" classname="RegressionTest1" time="0">
<system-out><![CDATA[
unique-id: [engine:junit-vintage]/[runner:RegressionTest]/[test:RegressionTest1]/[test:test858(RegressionTest1)]
display-name: test858
]]></system-out>
</testcase>
<testcase name="test357" classname="RegressionTest0" time="0">
<system-out><![CDATA[
unique-id: [engine:junit-vintage]/[runner:RegressionTest]/[test:RegressionTest0]/[test:test357(RegressionTest0)]
display-name: test357
]]></system-out>
</testcase>
<testcase name="test536" classname="RegressionTest1" time="0">
<system-out><![CDATA[
unique-id: [engine:junit-vintage]/[runner:RegressionTest]/[test:RegressionTest1]/[test:test536(RegressionTest1)]
display-name: test536
]]></system-out>
</testcase>
<testcase name="test501" classname="RegressionTest1" time="0">
<system-out><![CDATA[
unique-id: [engine:junit-vintage]/[runner:RegressionTest]/[test:RegressionTest1]/[test:test501(RegressionTest1)]
display-name: test501
]]></system-out>
</testcase>
<testcase name="test752" classname="RegressionTest1" time="0">
<system-out><![CDATA[
unique-id: [engine:junit-vintage]/[runner:RegressionTest]/[test:RegressionTest1]/[test:test752(RegressionTest1)]
display-name: test752
]]></system-out>
</testcase>
<testcase name="test624" classname="RegressionTest1" time="0">
<system-out><![CDATA[
unique-id: [engine:junit-vintage]/[runner:RegressionTest]/[test:RegressionTest1]/[test:test624(RegressionTest1)]
display-name: test624
]]></system-out>
</testcase>
<testcase name="test226" classname="RegressionTest0" time="0.001">
<system-out><![CDATA[
unique-id: [engine:junit-vintage]/[runner:RegressionTest]/[test:RegressionTest0]/[test:test226(RegressionTest0)]
display-name: test226
]]></system-out>
</testcase>
<testcase name="test470" classname="RegressionTest0" time="0">
<system-out><![CDATA[
unique-id: [engine:junit-vintage]/[runner:RegressionTest]/[test:RegressionTest0]/[test:test470(RegressionTest0)]
display-name: test470
]]></system-out>
</testcase>
<testcase name="test123" classname="RegressionTest0" time="0">
<system-out><![CDATA[
unique-id: [engine:junit-vintage]/[runner:RegressionTest]/[test:RegressionTest0]/[test:test123(RegressionTest0)]
display-name: test123
]]></system-out>
</testcase>
<testcase name="test735" classname="RegressionTest1" time="0">
<system-out><![CDATA[
unique-id: [engine:junit-vintage]/[runner:RegressionTest]/[test:RegressionTest1]/[test:test735(RegressionTest1)]
display-name: test735
]]></system-out>
</testcase>
<testcase name="test374" classname="RegressionTest0" time="0">
<system-out><![CDATA[
unique-id: [engine:junit-vintage]/[runner:RegressionTest]/[test:RegressionTest0]/[test:test374(RegressionTest0)]
display-name: test374
]]></system-out>
</testcase>
<testcase name="test027" classname="RegressionTest0" time="0">
<system-out><![CDATA[
unique-id: [engine:junit-vintage]/[runner:RegressionTest]/[test:RegressionTest0]/[test:test027(RegressionTest0)]
display-name: test027
]]></system-out>
</testcase>
<testcase name="test140" classname="RegressionTest0" time="0">
<system-out><![CDATA[
unique-id: [engine:junit-vintage]/[runner:RegressionTest]/[test:RegressionTest0]/[test:test140(RegressionTest0)]
display-name: test140
]]></system-out>
</testcase>
<testcase name="test246" classname="RegressionTest0" time="0">
<system-out><![CDATA[
unique-id: [engine:junit-vintage]/[runner:RegressionTest]/[test:RegressionTest0]/[test:test246(RegressionTest0)]
display-name: test246
]]></system-out>
</testcase>
<testcase name="test007" classname="RegressionTest0" time="0">
<system-out><![CDATA[
unique-id: [engine:junit-vintage]/[runner:RegressionTest]/[test:RegressionTest0]/[test:test007(RegressionTest0)]
display-name: test007
]]></system-out>
</testcase>
<testcase name="test120" classname="RegressionTest0" time="0">
<system-out><![CDATA[
unique-id: [engine:junit-vintage]/[runner:RegressionTest]/[test:RegressionTest0]/[test:test120(RegressionTest0)]
display-name: test120
]]></system-out>
</testcase>
<testcase name="test354" classname="RegressionTest0" time="0">
<system-out><![CDATA[
unique-id: [engine:junit-vintage]/[runner:RegressionTest]/[test:RegressionTest0]/[test:test354(RegressionTest0)]
display-name: test354
]]></system-out>
</testcase>
<testcase name="test863" classname="RegressionTest1" time="0">
<system-out><![CDATA[
unique-id: [engine:junit-vintage]/[runner:RegressionTest]/[test:RegressionTest1]/[test:test863(RegressionTest1)]
display-name: test863
]]></system-out>
</testcase>
<testcase name="test639" classname="RegressionTest1" time="0">
<system-out><![CDATA[
unique-id: [engine:junit-vintage]/[runner:RegressionTest]/[test:RegressionTest1]/[test:test639(RegressionTest1)]
display-name: test639
]]></system-out>
</testcase>
<testcase name="test012" classname="RegressionTest0" time="0">
<system-out><![CDATA[
unique-id: [engine:junit-vintage]/[runner:RegressionTest]/[test:RegressionTest0]/[test:test012(RegressionTest0)]
display-name: test012
]]></system-out>
</testcase>
<testcase name="test377" classname="RegressionTest0" time="0">
<system-out><![CDATA[
unique-id: [engine:junit-vintage]/[runner:RegressionTest]/[test:RegressionTest0]/[test:test377(RegressionTest0)]
display-name: test377
]]></system-out>
</testcase>
<testcase name="test516" classname="RegressionTest1" time="0.001">
<system-out><![CDATA[
unique-id: [engine:junit-vintage]/[runner:RegressionTest]/[test:RegressionTest1]/[test:test516(RegressionTest1)]
display-name: test516
]]></system-out>
</testcase>
<testcase name="test251" classname="RegressionTest0" time="0">
<system-out><![CDATA[
unique-id: [engine:junit-vintage]/[runner:RegressionTest]/[test:RegressionTest0]/[test:test251(RegressionTest0)]
display-name: test251
]]></system-out>
</testcase>
<testcase name="test485" classname="RegressionTest0" time="0">
<system-out><![CDATA[
unique-id: [engine:junit-vintage]/[runner:RegressionTest]/[test:RegressionTest0]/[test:test485(RegressionTest0)]
display-name: test485
]]></system-out>
</testcase>
<testcase name="test138" classname="RegressionTest0" time="0">
<system-out><![CDATA[
unique-id: [engine:junit-vintage]/[runner:RegressionTest]/[test:RegressionTest0]/[test:test138(RegressionTest0)]
display-name: test138
]]></system-out>
</testcase>
<testcase name="test521" classname="RegressionTest1" time="0">
<system-out><![CDATA[
unique-id: [engine:junit-vintage]/[runner:RegressionTest]/[test:RegressionTest1]/[test:test521(RegressionTest1)]
display-name: test521
]]></system-out>
</testcase>
<testcase name="test755" classname="RegressionTest1" time="0">
<system-out><![CDATA[
unique-id: [engine:junit-vintage]/[runner:RegressionTest]/[test:RegressionTest1]/[test:test755(RegressionTest1)]
display-name: test755
]]></system-out>
</testcase>
<testcase name="test661" classname="RegressionTest1" time="0">
<system-out><![CDATA[
unique-id: [engine:junit-vintage]/[runner:RegressionTest]/[test:RegressionTest1]/[test:test661(RegressionTest1)]
display-name: test661
]]></system-out>
</testcase>
<testcase name="test143" classname="RegressionTest0" time="0">
<system-out><![CDATA[
unique-id: [engine:junit-vintage]/[runner:RegressionTest]/[test:RegressionTest0]/[test:test143(RegressionTest0)]
display-name: test143
]]></system-out>
</testcase>
<testcase name="test064" classname="RegressionTest0" time="0.001">
<system-out><![CDATA[
unique-id: [engine:junit-vintage]/[runner:RegressionTest]/[test:RegressionTest0]/[test:test064(RegressionTest0)]
display-name: test064
]]></system-out>
</testcase>
<testcase name="test178" classname="RegressionTest0" time="0">
<system-out><![CDATA[
unique-id: [engine:junit-vintage]/[runner:RegressionTest]/[test:RegressionTest0]/[test:test178(RegressionTest0)]
display-name: test178
]]></system-out>
</testcase>
<testcase name="test135" classname="RegressionTest0" time="0">
<system-out><![CDATA[
unique-id: [engine:junit-vintage]/[runner:RegressionTest]/[test:RegressionTest0]/[test:test135(RegressionTest0)]
display-name: test135
]]></system-out>
</testcase>
<testcase name="test448" classname="RegressionTest0" time="0">
<system-out><![CDATA[
unique-id: [engine:junit-vintage]/[runner:RegressionTest]/[test:RegressionTest0]/[test:test448(RegressionTest0)]
display-name: test448
]]></system-out>
</testcase>
<testcase name="test099" classname="RegressionTest0" time="0.001">
<system-out><![CDATA[
unique-id: [engine:junit-vintage]/[runner:RegressionTest]/[test:RegressionTest0]/[test:test099(RegressionTest0)]
display-name: test099
]]></system-out>
</testcase>
<testcase name="test767" classname="RegressionTest1" time="0">
<system-out><![CDATA[
unique-id: [engine:junit-vintage]/[runner:RegressionTest]/[test:RegressionTest1]/[test:test767(RegressionTest1)]
display-name: test767
]]></system-out>
</testcase>
<testcase name="test291" classname="RegressionTest0" time="0">
<system-out><![CDATA[
unique-id: [engine:junit-vintage]/[runner:RegressionTest]/[test:RegressionTest0]/[test:test291(RegressionTest0)]
display-name: test291
]]></system-out>
</testcase>
<testcase name="test405" classname="RegressionTest0" time="0">
<system-out><![CDATA[
unique-id: [engine:junit-vintage]/[runner:RegressionTest]/[test:RegressionTest0]/[test:test405(RegressionTest0)]
display-name: test405
]]></system-out>
</testcase>
<testcase name="test548" classname="RegressionTest1" time="0">
<system-out><![CDATA[
unique-id: [engine:junit-vintage]/[runner:RegressionTest]/[test:RegressionTest1]/[test:test548(RegressionTest1)]
display-name: test548
]]></system-out>
</testcase>
<testcase name="test775" classname="RegressionTest1" time="0">
<system-out><![CDATA[
unique-id: [engine:junit-vintage]/[runner:RegressionTest]/[test:RegressionTest1]/[test:test775(RegressionTest1)]
display-name: test775
]]></system-out>
</testcase>
<testcase name="test283" classname="RegressionTest0" time="0">
<system-out><![CDATA[
unique-id: [engine:junit-vintage]/[runner:RegressionTest]/[test:RegressionTest0]/[test:test283(RegressionTest0)]
display-name: test283
]]></system-out>
</testcase>
<testcase name="test696" classname="RegressionTest1" time="0">
<system-out><![CDATA[
unique-id: [engine:junit-vintage]/[runner:RegressionTest]/[test:RegressionTest1]/[test:test696(RegressionTest1)]
display-name: test696
]]></system-out>
</testcase>
<testcase name="test604" classname="RegressionTest1" time="0">
<system-out><![CDATA[
unique-id: [engine:junit-vintage]/[runner:RegressionTest]/[test:RegressionTest1]/[test:test604(RegressionTest1)]
display-name: test604
]]></system-out>
</testcase>
<testcase name="test389" classname="RegressionTest0" time="0">
<system-out><![CDATA[
unique-id: [engine:junit-vintage]/[runner:RegressionTest]/[test:RegressionTest0]/[test:test389(RegressionTest0)]
display-name: test389
]]></system-out>
</testcase>
<testcase name="test720" classname="RegressionTest1" time="0">
<system-out><![CDATA[
unique-id: [engine:junit-vintage]/[runner:RegressionTest]/[test:RegressionTest1]/[test:test720(RegressionTest1)]
display-name: test720
]]></system-out>
</testcase>
<testcase name="test497" classname="RegressionTest0" time="0">
<system-out><![CDATA[
unique-id: [engine:junit-vintage]/[runner:RegressionTest]/[test:RegressionTest0]/[test:test497(RegressionTest0)]
display-name: test497
]]></system-out>
</testcase>
<testcase name="test397" classname="RegressionTest0" time="0.001">
<system-out><![CDATA[
unique-id: [engine:junit-vintage]/[runner:RegressionTest]/[test:RegressionTest0]/[test:test397(RegressionTest0)]
display-name: test397
]]></system-out>
</testcase>
<testcase name="test334" classname="RegressionTest0" time="0">
<system-out><![CDATA[
unique-id: [engine:junit-vintage]/[runner:RegressionTest]/[test:RegressionTest0]/[test:test334(RegressionTest0)]
display-name: test334
]]></system-out>
</testcase>
<testcase name="test556" classname="RegressionTest1" time="0">
<system-out><![CDATA[
unique-id: [engine:junit-vintage]/[runner:RegressionTest]/[test:RegressionTest1]/[test:test556(RegressionTest1)]
display-name: test556
]]></system-out>
</testcase>
<testcase name="test413" classname="RegressionTest0" time="0">
<system-out><![CDATA[
unique-id: [engine:junit-vintage]/[runner:RegressionTest]/[test:RegressionTest0]/[test:test413(RegressionTest0)]
display-name: test413
]]></system-out>
</testcase>
<testcase name="test234" classname="RegressionTest0" time="0">
<system-out><![CDATA[
unique-id: [engine:junit-vintage]/[runner:RegressionTest]/[test:RegressionTest0]/[test:test234(RegressionTest0)]
display-name: test234
]]></system-out>
</testcase>
<testcase name="test590" classname="RegressionTest1" time="0">
<system-out><![CDATA[
unique-id: [engine:junit-vintage]/[runner:RegressionTest]/[test:RegressionTest1]/[test:test590(RegressionTest1)]
display-name: test590
]]></system-out>
</testcase>
<testcase name="test712" classname="RegressionTest1" time="0">
<system-out><![CDATA[
unique-id: [engine:junit-vintage]/[runner:RegressionTest]/[test:RegressionTest1]/[test:test712(RegressionTest1)]
display-name: test712
]]></system-out>
</testcase>
<testcase name="test342" classname="RegressionTest0" time="0">
<system-out><![CDATA[
unique-id: [engine:junit-vintage]/[runner:RegressionTest]/[test:RegressionTest0]/[test:test342(RegressionTest0)]
display-name: test342
]]></system-out>
</testcase>
<testcase name="test229" classname="RegressionTest0" time="0">
<system-out><![CDATA[
unique-id: [engine:junit-vintage]/[runner:RegressionTest]/[test:RegressionTest0]/[test:test229(RegressionTest0)]
display-name: test229
]]></system-out>
</testcase>
<testcase name="test612" classname="RegressionTest1" time="0">
<system-out><![CDATA[
unique-id: [engine:junit-vintage]/[runner:RegressionTest]/[test:RegressionTest1]/[test:test612(RegressionTest1)]
display-name: test612
]]></system-out>
</testcase>
<testcase name="test278" classname="RegressionTest0" time="0">
<system-out><![CDATA[
unique-id: [engine:junit-vintage]/[runner:RegressionTest]/[test:RegressionTest0]/[test:test278(RegressionTest0)]
display-name: test278
]]></system-out>
</testcase>
<testcase name="test286" classname="RegressionTest0" time="0">
<system-out><![CDATA[
unique-id: [engine:junit-vintage]/[runner:RegressionTest]/[test:RegressionTest0]/[test:test286(RegressionTest0)]
display-name: test286
]]></system-out>
</testcase>
<testcase name="test561" classname="RegressionTest1" time="0">
<system-out><![CDATA[
unique-id: [engine:junit-vintage]/[runner:RegressionTest]/[test:RegressionTest1]/[test:test561(RegressionTest1)]
display-name: test561
]]></system-out>
</testcase>
<testcase name="test305" classname="RegressionTest0" time="0">
<system-out><![CDATA[
unique-id: [engine:junit-vintage]/[runner:RegressionTest]/[test:RegressionTest0]/[test:test305(RegressionTest0)]
display-name: test305
]]></system-out>
</testcase>
<testcase name="test607" classname="RegressionTest1" time="0">
<system-out><![CDATA[
unique-id: [engine:junit-vintage]/[runner:RegressionTest]/[test:RegressionTest1]/[test:test607(RegressionTest1)]
display-name: test607
]]></system-out>
</testcase>
<testcase name="test831" classname="RegressionTest1" time="0">
<system-out><![CDATA[
unique-id: [engine:junit-vintage]/[runner:RegressionTest]/[test:RegressionTest1]/[test:test831(RegressionTest1)]
display-name: test831
]]></system-out>
</testcase>
<testcase name="test445" classname="RegressionTest0" time="0">
<system-out><![CDATA[
unique-id: [engine:junit-vintage]/[runner:RegressionTest]/[test:RegressionTest0]/[test:test445(RegressionTest0)]
display-name: test445
]]></system-out>
</testcase>
<testcase name="test391" classname="RegressionTest0" time="0">
<system-out><![CDATA[
unique-id: [engine:junit-vintage]/[runner:RegressionTest]/[test:RegressionTest0]/[test:test391(RegressionTest0)]
display-name: test391
]]></system-out>
</testcase>
<testcase name="test588" classname="RegressionTest1" time="0">
<system-out><![CDATA[
unique-id: [engine:junit-vintage]/[runner:RegressionTest]/[test:RegressionTest1]/[test:test588(RegressionTest1)]
display-name: test588
]]></system-out>
</testcase>
<testcase name="test718" classname="RegressionTest1" time="0">
<system-out><![CDATA[
unique-id: [engine:junit-vintage]/[runner:RegressionTest]/[test:RegressionTest1]/[test:test718(RegressionTest1)]
display-name: test718
]]></system-out>
</testcase>
<testcase name="test183" classname="RegressionTest0" time="0">
<system-out><![CDATA[
unique-id: [engine:junit-vintage]/[runner:RegressionTest]/[test:RegressionTest0]/[test:test183(RegressionTest0)]
display-name: test183
]]></system-out>
</testcase>
<testcase name="test453" classname="RegressionTest0" time="0">
<system-out><![CDATA[
unique-id: [engine:junit-vintage]/[runner:RegressionTest]/[test:RegressionTest0]/[test:test453(RegressionTest0)]
display-name: test453
]]></system-out>
</testcase>
<testcase name="test410" classname="RegressionTest0" time="0">
<system-out><![CDATA[
unique-id: [engine:junit-vintage]/[runner:RegressionTest]/[test:RegressionTest0]/[test:test410(RegressionTest0)]
display-name: test410
]]></system-out>
</testcase>
<testcase name="test553" classname="RegressionTest1" time="0">
<system-out><![CDATA[
unique-id: [engine:junit-vintage]/[runner:RegressionTest]/[test:RegressionTest1]/[test:test553(RegressionTest1)]
display-name: test553
]]></system-out>
</testcase>
<testcase name="test596" classname="RegressionTest1" time="0">
<system-out><![CDATA[
unique-id: [engine:junit-vintage]/[runner:RegressionTest]/[test:RegressionTest1]/[test:test596(RegressionTest1)]
display-name: test596
]]></system-out>
</testcase>
<testcase name="test823" classname="RegressionTest1" time="0">
<system-out><![CDATA[
unique-id: [engine:junit-vintage]/[runner:RegressionTest]/[test:RegressionTest1]/[test:test823(RegressionTest1)]
display-name: test823
]]></system-out>
</testcase>
<testcase name="test550" classname="RegressionTest1" time="0">
<system-out><![CDATA[
unique-id: [engine:junit-vintage]/[runner:RegressionTest]/[test:RegressionTest1]/[test:test550(RegressionTest1)]
display-name: test550
]]></system-out>
</testcase>
<testcase name="test826" classname="RegressionTest1" time="0">
<system-out><![CDATA[
unique-id: [engine:junit-vintage]/[runner:RegressionTest]/[test:RegressionTest1]/[test:test826(RegressionTest1)]
display-name: test826
]]></system-out>
</testcase>
<testcase name="test067" classname="RegressionTest0" time="0">
<system-out><![CDATA[
unique-id: [engine:junit-vintage]/[runner:RegressionTest]/[test:RegressionTest0]/[test:test067(RegressionTest0)]
display-name: test067
]]></system-out>
</testcase>
<testcase name="test175" classname="RegressionTest0" time="0">
<system-out><![CDATA[
unique-id: [engine:junit-vintage]/[runner:RegressionTest]/[test:RegressionTest0]/[test:test175(RegressionTest0)]
display-name: test175
]]></system-out>
</testcase>
<testcase name="test818" classname="RegressionTest1" time="0">
<system-out><![CDATA[
unique-id: [engine:junit-vintage]/[runner:RegressionTest]/[test:RegressionTest1]/[test:test818(RegressionTest1)]
display-name: test818
]]></system-out>
</testcase>
<testcase name="test180" classname="RegressionTest0" time="0.001">
<system-out><![CDATA[
unique-id: [engine:junit-vintage]/[runner:RegressionTest]/[test:RegressionTest0]/[test:test180(RegressionTest0)]
display-name: test180
]]></system-out>
</testcase>
<testcase name="test699" classname="RegressionTest1" time="0">
<system-out><![CDATA[
unique-id: [engine:junit-vintage]/[runner:RegressionTest]/[test:RegressionTest1]/[test:test699(RegressionTest1)]
display-name: test699
]]></system-out>
</testcase>
<testcase name="test072" classname="RegressionTest0" time="0">
<system-out><![CDATA[
unique-id: [engine:junit-vintage]/[runner:RegressionTest]/[test:RegressionTest0]/[test:test072(RegressionTest0)]
display-name: test072
]]></system-out>
</testcase>
<testcase name="test059" classname="RegressionTest0" time="0">
<system-out><![CDATA[
unique-id: [engine:junit-vintage]/[runner:RegressionTest]/[test:RegressionTest0]/[test:test059(RegressionTest0)]
display-name: test059
]]></system-out>
</testcase>
<testcase name="test172" classname="RegressionTest0" time="0">
<system-out><![CDATA[
unique-id: [engine:junit-vintage]/[runner:RegressionTest]/[test:RegressionTest0]/[test:test172(RegressionTest0)]
display-name: test172
]]></system-out>
</testcase>
<testcase name="test081" classname="RegressionTest0" time="0.002">
<system-out><![CDATA[
unique-id: [engine:junit-vintage]/[runner:RegressionTest]/[test:RegressionTest0]/[test:test081(RegressionTest0)]
display-name: test081
]]></system-out>
</testcase>
<testcase name="test636" classname="RegressionTest1" time="0">
<system-out><![CDATA[
unique-id: [engine:junit-vintage]/[runner:RegressionTest]/[test:RegressionTest1]/[test:test636(RegressionTest1)]
display-name: test636
]]></system-out>
</testcase>
<testcase name="test687" classname="RegressionTest1" time="0">
<system-out><![CDATA[
unique-id: [engine:junit-vintage]/[runner:RegressionTest]/[test:RegressionTest1]/[test:test687(RegressionTest1)]
display-name: test687
]]></system-out>
</testcase>
<testcase name="test386" classname="RegressionTest0" time="0">
<system-out><![CDATA[
unique-id: [engine:junit-vintage]/[runner:RegressionTest]/[test:RegressionTest0]/[test:test386(RegressionTest0)]
display-name: test386
]]></system-out>
</testcase>
<testcase name="test039" classname="RegressionTest0" time="0">
<system-out><![CDATA[
unique-id: [engine:junit-vintage]/[runner:RegressionTest]/[test:RegressionTest0]/[test:test039(RegressionTest0)]
display-name: test039
]]></system-out>
</testcase>
<testcase name="test652" classname="RegressionTest1" time="0">
<system-out><![CDATA[
unique-id: [engine:junit-vintage]/[runner:RegressionTest]/[test:RegressionTest1]/[test:test652(RegressionTest1)]
display-name: test652
]]></system-out>
</testcase>
<testcase name="test223" classname="RegressionTest0" time="0">
<system-out><![CDATA[
unique-id: [engine:junit-vintage]/[runner:RegressionTest]/[test:RegressionTest0]/[test:test223(RegressionTest0)]
display-name: test223
]]></system-out>
</testcase>
<testcase name="test258" classname="RegressionTest0" time="0.001">
<system-out><![CDATA[
unique-id: [engine:junit-vintage]/[runner:RegressionTest]/[test:RegressionTest0]/[test:test258(RegressionTest0)]
display-name: test258
]]></system-out>
</testcase>
<testcase name="test309" classname="RegressionTest0" time="0">
<system-out><![CDATA[
unique-id: [engine:junit-vintage]/[runner:RegressionTest]/[test:RegressionTest0]/[test:test309(RegressionTest0)]
display-name: test309
]]></system-out>
</testcase>
<testcase name="test274" classname="RegressionTest0" time="0">
<system-out><![CDATA[
unique-id: [engine:junit-vintage]/[runner:RegressionTest]/[test:RegressionTest0]/[test:test274(RegressionTest0)]
display-name: test274
]]></system-out>
</testcase>
<testcase name="test871" classname="RegressionTest1" time="0">
<system-out><![CDATA[
unique-id: [engine:junit-vintage]/[runner:RegressionTest]/[test:RegressionTest1]/[test:test871(RegressionTest1)]
display-name: test871
]]></system-out>
</testcase>
<testcase name="test601" classname="RegressionTest1" time="0">
<system-out><![CDATA[
unique-id: [engine:junit-vintage]/[runner:RegressionTest]/[test:RegressionTest1]/[test:test601(RegressionTest1)]
display-name: test601
]]></system-out>
</testcase>
<testcase name="test040" classname="RegressionTest0" time="0">
<system-out><![CDATA[
unique-id: [engine:junit-vintage]/[runner:RegressionTest]/[test:RegressionTest0]/[test:test040(RegressionTest0)]
display-name: test040
]]></system-out>
</testcase>
<testcase name="test310" classname="RegressionTest0" time="0">
<system-out><![CDATA[
unique-id: [engine:junit-vintage]/[runner:RegressionTest]/[test:RegressionTest0]/[test:test310(RegressionTest0)]
display-name: test310
]]></system-out>
</testcase>
<testcase name="test693" classname="RegressionTest1" time="0">
<system-out><![CDATA[
unique-id: [engine:junit-vintage]/[runner:RegressionTest]/[test:RegressionTest1]/[test:test693(RegressionTest1)]
display-name: test693
]]></system-out>
</testcase>
<testcase name="test024" classname="RegressionTest0" time="0.001">
<system-out><![CDATA[
unique-id: [engine:junit-vintage]/[runner:RegressionTest]/[test:RegressionTest0]/[test:test024(RegressionTest0)]
display-name: test024
]]></system-out>
</testcase>
<testcase name="test672" classname="RegressionTest1" time="0.001">
<system-out><![CDATA[
unique-id: [engine:junit-vintage]/[runner:RegressionTest]/[test:RegressionTest1]/[test:test672(RegressionTest1)]
display-name: test672
]]></system-out>
</testcase>
<testcase name="test132" classname="RegressionTest0" time="0">
<system-out><![CDATA[
unique-id: [engine:junit-vintage]/[runner:RegressionTest]/[test:RegressionTest0]/[test:test132(RegressionTest0)]
display-name: test132
]]></system-out>
</testcase>
<testcase name="test656" classname="RegressionTest1" time="0">
<system-out><![CDATA[
unique-id: [engine:junit-vintage]/[runner:RegressionTest]/[test:RegressionTest1]/[test:test656(RegressionTest1)]
display-name: test656
]]></system-out>
</testcase>
<testcase name="test820" classname="RegressionTest1" time="0">
<system-out><![CDATA[
unique-id: [engine:junit-vintage]/[runner:RegressionTest]/[test:RegressionTest1]/[test:test820(RegressionTest1)]
display-name: test820
]]></system-out>
</testcase>
<testcase name="test780" classname="RegressionTest1" time="0">
<system-out><![CDATA[
unique-id: [engine:junit-vintage]/[runner:RegressionTest]/[test:RegressionTest1]/[test:test780(RegressionTest1)]
display-name: test780
]]></system-out>
</testcase>
<testcase name="test442" classname="RegressionTest0" time="0">
<system-out><![CDATA[
unique-id: [engine:junit-vintage]/[runner:RegressionTest]/[test:RegressionTest0]/[test:test442(RegressionTest0)]
display-name: test442
]]></system-out>
</testcase>
<testcase name="test294" classname="RegressionTest0" time="0">
<system-out><![CDATA[
unique-id: [engine:junit-vintage]/[runner:RegressionTest]/[test:RegressionTest0]/[test:test294(RegressionTest0)]
display-name: test294
]]></system-out>
</testcase>
<testcase name="test585" classname="RegressionTest1" time="0">
<system-out><![CDATA[
unique-id: [engine:junit-vintage]/[runner:RegressionTest]/[test:RegressionTest1]/[test:test585(RegressionTest1)]
display-name: test585
]]></system-out>
</testcase>
<testcase name="test764" classname="RegressionTest1" time="0">
<system-out><![CDATA[
unique-id: [engine:junit-vintage]/[runner:RegressionTest]/[test:RegressionTest1]/[test:test764(RegressionTest1)]
display-name: test764
]]></system-out>
</testcase>
<testcase name="test055" classname="RegressionTest0" time="0.001">
<system-out><![CDATA[
unique-id: [engine:junit-vintage]/[runner:RegressionTest]/[test:RegressionTest0]/[test:test055(RegressionTest0)]
display-name: test055
]]></system-out>
</testcase>
<testcase name="test738" classname="RegressionTest1" time="0">
<system-out><![CDATA[
unique-id: [engine:junit-vintage]/[runner:RegressionTest]/[test:RegressionTest1]/[test:test738(RegressionTest1)]
display-name: test738
]]></system-out>
</testcase>
<testcase name="test401" classname="RegressionTest0" time="0">
<system-out><![CDATA[
unique-id: [engine:junit-vintage]/[runner:RegressionTest]/[test:RegressionTest0]/[test:test401(RegressionTest0)]
display-name: test401
]]></system-out>
</testcase>
<testcase name="test544" classname="RegressionTest1" time="0">
<system-out><![CDATA[
unique-id: [engine:junit-vintage]/[runner:RegressionTest]/[test:RegressionTest1]/[test:test544(RegressionTest1)]
display-name: test544
]]></system-out>
</testcase>
<testcase name="test840" classname="RegressionTest1" time="0">
<system-out><![CDATA[
unique-id: [engine:junit-vintage]/[runner:RegressionTest]/[test:RegressionTest1]/[test:test840(RegressionTest1)]
display-name: test840
]]></system-out>
</testcase>
<testcase name="test331" classname="RegressionTest0" time="0">
<system-out><![CDATA[
unique-id: [engine:junit-vintage]/[runner:RegressionTest]/[test:RegressionTest0]/[test:test331(RegressionTest0)]
display-name: test331
]]></system-out>
</testcase>
<testcase name="test519" classname="RegressionTest1" time="0">
<system-out><![CDATA[
unique-id: [engine:junit-vintage]/[runner:RegressionTest]/[test:RegressionTest1]/[test:test519(RegressionTest1)]
display-name: test519
]]></system-out>
</testcase>
<testcase name="test243" classname="RegressionTest0" time="0">
<system-out><![CDATA[
unique-id: [engine:junit-vintage]/[runner:RegressionTest]/[test:RegressionTest0]/[test:test243(RegressionTest0)]
display-name: test243
]]></system-out>
</testcase>
<testcase name="test528" classname="RegressionTest1" time="0">
<system-out><![CDATA[
unique-id: [engine:junit-vintage]/[runner:RegressionTest]/[test:RegressionTest1]/[test:test528(RegressionTest1)]
display-name: test528
]]></system-out>
</testcase>
<testcase name="test382" classname="RegressionTest0" time="0">
<system-out><![CDATA[
unique-id: [engine:junit-vintage]/[runner:RegressionTest]/[test:RegressionTest0]/[test:test382(RegressionTest0)]
display-name: test382
]]></system-out>
</testcase>
<testcase name="test166" classname="RegressionTest0" time="0">
<system-out><![CDATA[
unique-id: [engine:junit-vintage]/[runner:RegressionTest]/[test:RegressionTest0]/[test:test166(RegressionTest0)]
display-name: test166
]]></system-out>
</testcase>
<testcase name="test131" classname="RegressionTest0" time="0">
<system-out><![CDATA[
unique-id: [engine:junit-vintage]/[runner:RegressionTest]/[test:RegressionTest0]/[test:test131(RegressionTest0)]
display-name: test131
]]></system-out>
</testcase>
<testcase name="test744" classname="RegressionTest1" time="0">
<system-out><![CDATA[
unique-id: [engine:junit-vintage]/[runner:RegressionTest]/[test:RegressionTest1]/[test:test744(RegressionTest1)]
display-name: test744
]]></system-out>
</testcase>
<testcase name="test096" classname="RegressionTest0" time="0">
<system-out><![CDATA[
unique-id: [engine:junit-vintage]/[runner:RegressionTest]/[test:RegressionTest0]/[test:test096(RegressionTest0)]
display-name: test096
]]></system-out>
</testcase>
<testcase name="test462" classname="RegressionTest0" time="0">
<system-out><![CDATA[
unique-id: [engine:junit-vintage]/[runner:RegressionTest]/[test:RegressionTest0]/[test:test462(RegressionTest0)]
display-name: test462
]]></system-out>
</testcase>
<testcase name="test875" classname="RegressionTest1" time="0">
<system-out><![CDATA[
unique-id: [engine:junit-vintage]/[runner:RegressionTest]/[test:RegressionTest1]/[test:test875(RegressionTest1)]
display-name: test875
]]></system-out>
</testcase>
<testcase name="test366" classname="RegressionTest0" time="0">
<system-out><![CDATA[
unique-id: [engine:junit-vintage]/[runner:RegressionTest]/[test:RegressionTest0]/[test:test366(RegressionTest0)]
display-name: test366
]]></system-out>
</testcase>
<testcase name="test510" classname="RegressionTest1" time="0">
<system-out><![CDATA[
unique-id: [engine:junit-vintage]/[runner:RegressionTest]/[test:RegressionTest1]/[test:test510(RegressionTest1)]
display-name: test510
]]></system-out>
</testcase>
<testcase name="test747" classname="RegressionTest1" time="0">
<system-out><![CDATA[
unique-id: [engine:junit-vintage]/[runner:RegressionTest]/[test:RegressionTest1]/[test:test747(RegressionTest1)]
display-name: test747
]]></system-out>
</testcase>
<testcase name="test763" classname="RegressionTest1" time="0">
<system-out><![CDATA[
unique-id: [engine:junit-vintage]/[runner:RegressionTest]/[test:RegressionTest1]/[test:test763(RegressionTest1)]
display-name: test763
]]></system-out>
</testcase>
<testcase name="test493" classname="RegressionTest0" time="0">
<system-out><![CDATA[
unique-id: [engine:junit-vintage]/[runner:RegressionTest]/[test:RegressionTest0]/[test:test493(RegressionTest0)]
display-name: test493
]]></system-out>
</testcase>
<testcase name="test115" classname="RegressionTest0" time="0.001">
<system-out><![CDATA[
unique-id: [engine:junit-vintage]/[runner:RegressionTest]/[test:RegressionTest0]/[test:test115(RegressionTest0)]
display-name: test115
]]></system-out>
</testcase>
<testcase name="test513" classname="RegressionTest1" time="0.001">
<system-out><![CDATA[
unique-id: [engine:junit-vintage]/[runner:RegressionTest]/[test:RegressionTest1]/[test:test513(RegressionTest1)]
display-name: test513
]]></system-out>
</testcase>
<testcase name="test760" classname="RegressionTest1" time="0">
<system-out><![CDATA[
unique-id: [engine:junit-vintage]/[runner:RegressionTest]/[test:RegressionTest1]/[test:test760(RegressionTest1)]
display-name: test760
]]></system-out>
</testcase>
<testcase name="test477" classname="RegressionTest0" time="0">
<system-out><![CDATA[
unique-id: [engine:junit-vintage]/[runner:RegressionTest]/[test:RegressionTest0]/[test:test477(RegressionTest0)]
display-name: test477
]]></system-out>
</testcase>
<testcase name="test385" classname="RegressionTest0" time="0.001">
<system-out><![CDATA[
unique-id: [engine:junit-vintage]/[runner:RegressionTest]/[test:RegressionTest0]/[test:test385(RegressionTest0)]
display-name: test385
]]></system-out>
</testcase>
<testcase name="test020" classname="RegressionTest0" time="0">
<system-out><![CDATA[
unique-id: [engine:junit-vintage]/[runner:RegressionTest]/[test:RegressionTest0]/[test:test020(RegressionTest0)]
display-name: test020
]]></system-out>
</testcase>
<testcase name="test004" classname="RegressionTest0" time="0.001">
<system-out><![CDATA[
unique-id: [engine:junit-vintage]/[runner:RegressionTest]/[test:RegressionTest0]/[test:test004(RegressionTest0)]
display-name: test004
]]></system-out>
</testcase>
<testcase name="test151" classname="RegressionTest0" time="0.001">
<system-out><![CDATA[
unique-id: [engine:junit-vintage]/[runner:RegressionTest]/[test:RegressionTest0]/[test:test151(RegressionTest0)]
display-name: test151
]]></system-out>
</testcase>
<testcase name="test621" classname="RegressionTest1" time="0">
<system-out><![CDATA[
unique-id: [engine:junit-vintage]/[runner:RegressionTest]/[test:RegressionTest1]/[test:test621(RegressionTest1)]
display-name: test621
]]></system-out>
</testcase>
<testcase name="test855" classname="RegressionTest1" time="0">
<system-out><![CDATA[
unique-id: [engine:junit-vintage]/[runner:RegressionTest]/[test:RegressionTest1]/[test:test855(RegressionTest1)]
display-name: test855
]]></system-out>
</testcase>
<testcase name="test351" classname="RegressionTest0" time="0">
<system-out><![CDATA[
unique-id: [engine:junit-vintage]/[runner:RegressionTest]/[test:RegressionTest0]/[test:test351(RegressionTest0)]
display-name: test351
]]></system-out>
</testcase>
<testcase name="test112" classname="RegressionTest0" time="0">
<system-out><![CDATA[
unique-id: [engine:junit-vintage]/[runner:RegressionTest]/[test:RegressionTest0]/[test:test112(RegressionTest0)]
display-name: test112
]]></system-out>
</testcase>
<testcase name="test490" classname="RegressionTest0" time="0.001">
<system-out><![CDATA[
unique-id: [engine:junit-vintage]/[runner:RegressionTest]/[test:RegressionTest0]/[test:test490(RegressionTest0)]
display-name: test490
]]></system-out>
</testcase>
<testcase name="test474" classname="RegressionTest0" time="0">
<system-out><![CDATA[
unique-id: [engine:junit-vintage]/[runner:RegressionTest]/[test:RegressionTest0]/[test:test474(RegressionTest0)]
display-name: test474
]]></system-out>
</testcase>
<testcase name="test811" classname="RegressionTest1" time="0">
<system-out><![CDATA[
unique-id: [engine:junit-vintage]/[runner:RegressionTest]/[test:RegressionTest1]/[test:test811(RegressionTest1)]
display-name: test811
]]></system-out>
</testcase>
<testcase name="test100" classname="RegressionTest0" time="0">
<system-out><![CDATA[
unique-id: [engine:junit-vintage]/[runner:RegressionTest]/[test:RegressionTest0]/[test:test100(RegressionTest0)]
display-name: test100
]]></system-out>
</testcase>
<testcase name="test369" classname="RegressionTest0" time="0">
<system-out><![CDATA[
unique-id: [engine:junit-vintage]/[runner:RegressionTest]/[test:RegressionTest0]/[test:test369(RegressionTest0)]
display-name: test369
]]></system-out>
</testcase>
<testcase name="test328" classname="RegressionTest0" time="0">
<system-out><![CDATA[
unique-id: [engine:junit-vintage]/[runner:RegressionTest]/[test:RegressionTest0]/[test:test328(RegressionTest0)]
display-name: test328
]]></system-out>
</testcase>
<testcase name="test852" classname="RegressionTest1" time="0">
<system-out><![CDATA[
unique-id: [engine:junit-vintage]/[runner:RegressionTest]/[test:RegressionTest1]/[test:test852(RegressionTest1)]
display-name: test852
]]></system-out>
</testcase>
<testcase name="test109" classname="RegressionTest0" time="0">
<system-out><![CDATA[
unique-id: [engine:junit-vintage]/[runner:RegressionTest]/[test:RegressionTest0]/[test:test109(RegressionTest0)]
display-name: test109
]]></system-out>
</testcase>
<testcase name="test249" classname="RegressionTest0" time="0">
<system-out><![CDATA[
unique-id: [engine:junit-vintage]/[runner:RegressionTest]/[test:RegressionTest0]/[test:test249(RegressionTest0)]
display-name: test249
]]></system-out>
</testcase>
<testcase name="test706" classname="RegressionTest1" time="0">
<system-out><![CDATA[
unique-id: [engine:junit-vintage]/[runner:RegressionTest]/[test:RegressionTest1]/[test:test706(RegressionTest1)]
display-name: test706
]]></system-out>
</testcase>
<testcase name="test732" classname="RegressionTest1" time="0">
<system-out><![CDATA[
unique-id: [engine:junit-vintage]/[runner:RegressionTest]/[test:RegressionTest1]/[test:test732(RegressionTest1)]
display-name: test732
]]></system-out>
</testcase>
<testcase name="test370" classname="RegressionTest0" time="0">
<system-out><![CDATA[
unique-id: [engine:junit-vintage]/[runner:RegressionTest]/[test:RegressionTest0]/[test:test370(RegressionTest0)]
display-name: test370
]]></system-out>
</testcase>
<testcase name="test214" classname="RegressionTest0" time="0">
<system-out><![CDATA[
unique-id: [engine:junit-vintage]/[runner:RegressionTest]/[test:RegressionTest0]/[test:test214(RegressionTest0)]
display-name: test214
]]></system-out>
</testcase>
<testcase name="test627" classname="RegressionTest1" time="0">
<system-out><![CDATA[
unique-id: [engine:junit-vintage]/[runner:RegressionTest]/[test:RegressionTest1]/[test:test627(RegressionTest1)]
display-name: test627
]]></system-out>
</testcase>
<testcase name="test192" classname="RegressionTest0" time="0">
<system-out><![CDATA[
unique-id: [engine:junit-vintage]/[runner:RegressionTest]/[test:RegressionTest0]/[test:test192(RegressionTest0)]
display-name: test192
]]></system-out>
</testcase>
<testcase name="test798" classname="RegressionTest1" time="0">
<system-out><![CDATA[
unique-id: [engine:junit-vintage]/[runner:RegressionTest]/[test:RegressionTest1]/[test:test798(RegressionTest1)]
display-name: test798
]]></system-out>
</testcase>
<testcase name="test084" classname="RegressionTest0" time="0">
<system-out><![CDATA[
unique-id: [engine:junit-vintage]/[runner:RegressionTest]/[test:RegressionTest0]/[test:test084(RegressionTest0)]
display-name: test084
]]></system-out>
</testcase>
<testcase name="test058" classname="RegressionTest0" time="0.002">
<system-out><![CDATA[
unique-id: [engine:junit-vintage]/[runner:RegressionTest]/[test:RegressionTest0]/[test:test058(RegressionTest0)]
display-name: test058
]]></system-out>
</testcase>
<testcase name="test633" classname="RegressionTest1" time="0">
<system-out><![CDATA[
unique-id: [engine:junit-vintage]/[runner:RegressionTest]/[test:RegressionTest1]/[test:test633(RegressionTest1)]
display-name: test633
]]></system-out>
</testcase>
<testcase name="test541" classname="RegressionTest1" time="0">
<system-out><![CDATA[
unique-id: [engine:junit-vintage]/[runner:RegressionTest]/[test:RegressionTest1]/[test:test541(RegressionTest1)]
display-name: test541
]]></system-out>
</testcase>
<testcase name="test271" classname="RegressionTest0" time="0">
<system-out><![CDATA[
unique-id: [engine:junit-vintage]/[runner:RegressionTest]/[test:RegressionTest0]/[test:test271(RegressionTest0)]
display-name: test271
]]></system-out>
</testcase>
<testcase name="test846" classname="RegressionTest1" time="0">
<system-out><![CDATA[
unique-id: [engine:junit-vintage]/[runner:RegressionTest]/[test:RegressionTest1]/[test:test846(RegressionTest1)]
display-name: test846
]]></system-out>
</testcase>
<testcase name="test163" classname="RegressionTest0" time="0">
<system-out><![CDATA[
unique-id: [engine:junit-vintage]/[runner:RegressionTest]/[test:RegressionTest0]/[test:test163(RegressionTest0)]
display-name: test163
]]></system-out>
</testcase>
<testcase name="test147" classname="RegressionTest0" time="0">
<system-out><![CDATA[
unique-id: [engine:junit-vintage]/[runner:RegressionTest]/[test:RegressionTest0]/[test:test147(RegressionTest0)]
display-name: test147
]]></system-out>
</testcase>
<testcase name="test255" classname="RegressionTest0" time="0">
<system-out><![CDATA[
unique-id: [engine:junit-vintage]/[runner:RegressionTest]/[test:RegressionTest0]/[test:test255(RegressionTest0)]
display-name: test255
]]></system-out>
</testcase>
<testcase name="test468" classname="RegressionTest0" time="0">
<system-out><![CDATA[
unique-id: [engine:junit-vintage]/[runner:RegressionTest]/[test:RegressionTest0]/[test:test468(RegressionTest0)]
display-name: test468
]]></system-out>
</testcase>
<testcase name="test525" classname="RegressionTest1" time="0">
<system-out><![CDATA[
unique-id: [engine:junit-vintage]/[runner:RegressionTest]/[test:RegressionTest1]/[test:test525(RegressionTest1)]
display-name: test525
]]></system-out>
</testcase>
<testcase name="test322" classname="RegressionTest0" time="0">
<system-out><![CDATA[
unique-id: [engine:junit-vintage]/[runner:RegressionTest]/[test:RegressionTest0]/[test:test322(RegressionTest0)]
display-name: test322
]]></system-out>
</testcase>
<testcase name="test779" classname="RegressionTest1" time="0">
<system-out><![CDATA[
unique-id: [engine:junit-vintage]/[runner:RegressionTest]/[test:RegressionTest1]/[test:test779(RegressionTest1)]
display-name: test779
]]></system-out>
</testcase>
<testcase name="test579" classname="RegressionTest1" time="0">
<system-out><![CDATA[
unique-id: [engine:junit-vintage]/[runner:RegressionTest]/[test:RegressionTest1]/[test:test579(RegressionTest1)]
display-name: test579
]]></system-out>
</testcase>
<testcase name="test306" classname="RegressionTest0" time="0">
<system-out><![CDATA[
unique-id: [engine:junit-vintage]/[runner:RegressionTest]/[test:RegressionTest0]/[test:test306(RegressionTest0)]
display-name: test306
]]></system-out>
</testcase>
<testcase name="test052" classname="RegressionTest0" time="0">
<system-out><![CDATA[
unique-id: [engine:junit-vintage]/[runner:RegressionTest]/[test:RegressionTest0]/[test:test052(RegressionTest0)]
display-name: test052
]]></system-out>
</testcase>
<testcase name="test795" classname="RegressionTest1" time="0">
<system-out><![CDATA[
unique-id: [engine:junit-vintage]/[runner:RegressionTest]/[test:RegressionTest1]/[test:test795(RegressionTest1)]
display-name: test795
]]></system-out>
</testcase>
<testcase name="test087" classname="RegressionTest0" time="0">
<system-out><![CDATA[
unique-id: [engine:junit-vintage]/[runner:RegressionTest]/[test:RegressionTest0]/[test:test087(RegressionTest0)]
display-name: test087
]]></system-out>
</testcase>
<testcase name="test814" classname="RegressionTest1" time="0">
<system-out><![CDATA[
unique-id: [engine:junit-vintage]/[runner:RegressionTest]/[test:RegressionTest1]/[test:test814(RegressionTest1)]
display-name: test814
]]></system-out>
</testcase>
<testcase name="test570" classname="RegressionTest1" time="0">
<system-out><![CDATA[
unique-id: [engine:junit-vintage]/[runner:RegressionTest]/[test:RegressionTest1]/[test:test570(RegressionTest1)]
display-name: test570
]]></system-out>
</testcase>
<testcase name="test036" classname="RegressionTest0" time="0">
<system-out><![CDATA[
unique-id: [engine:junit-vintage]/[runner:RegressionTest]/[test:RegressionTest0]/[test:test036(RegressionTest0)]
display-name: test036
]]></system-out>
</testcase>
<testcase name="test106" classname="RegressionTest0" time="0">
<system-out><![CDATA[
unique-id: [engine:junit-vintage]/[runner:RegressionTest]/[test:RegressionTest0]/[test:test106(RegressionTest0)]
display-name: test106
]]></system-out>
</testcase>
<testcase name="test436" classname="RegressionTest0" time="0">
<system-out><![CDATA[
unique-id: [engine:junit-vintage]/[runner:RegressionTest]/[test:RegressionTest0]/[test:test436(RegressionTest0)]
display-name: test436
]]></system-out>
</testcase>
<testcase name="test849" classname="RegressionTest1" time="0">
<system-out><![CDATA[
unique-id: [engine:junit-vintage]/[runner:RegressionTest]/[test:RegressionTest1]/[test:test849(RegressionTest1)]
display-name: test849
]]></system-out>
</testcase>
<testcase name="test433" classname="RegressionTest0" time="0">
<system-out><![CDATA[
unique-id: [engine:junit-vintage]/[runner:RegressionTest]/[test:RegressionTest0]/[test:test433(RegressionTest0)]
display-name: test433
]]></system-out>
</testcase>
<testcase name="test576" classname="RegressionTest1" time="0">
<system-out><![CDATA[
unique-id: [engine:junit-vintage]/[runner:RegressionTest]/[test:RegressionTest1]/[test:test576(RegressionTest1)]
display-name: test576
]]></system-out>
</testcase>
<testcase name="test417" classname="RegressionTest0" time="0.001">
<system-out><![CDATA[
unique-id: [engine:junit-vintage]/[runner:RegressionTest]/[test:RegressionTest0]/[test:test417(RegressionTest0)]
display-name: test417
]]></system-out>
</testcase>
<testcase name="test700" classname="RegressionTest1" time="0">
<system-out><![CDATA[
unique-id: [engine:junit-vintage]/[runner:RegressionTest]/[test:RegressionTest1]/[test:test700(RegressionTest1)]
display-name: test700
]]></system-out>
</testcase>
<testcase name="test776" classname="RegressionTest1" time="0">
<system-out><![CDATA[
unique-id: [engine:junit-vintage]/[runner:RegressionTest]/[test:RegressionTest1]/[test:test776(RegressionTest1)]
display-name: test776
]]></system-out>
</testcase>
<testcase name="test684" classname="RegressionTest1" time="0">
<system-out><![CDATA[
unique-id: [engine:junit-vintage]/[runner:RegressionTest]/[test:RegressionTest1]/[test:test684(RegressionTest1)]
display-name: test684
]]></system-out>
</testcase>
<testcase name="test703" classname="RegressionTest1" time="0">
<system-out><![CDATA[
unique-id: [engine:junit-vintage]/[runner:RegressionTest]/[test:RegressionTest1]/[test:test703(RegressionTest1)]
display-name: test703
]]></system-out>
</testcase>
<testcase name="test217" classname="RegressionTest0" time="0">
<system-out><![CDATA[
unique-id: [engine:junit-vintage]/[runner:RegressionTest]/[test:RegressionTest0]/[test:test217(RegressionTest0)]
display-name: test217
]]></system-out>
</testcase>
<testcase name="test573" classname="RegressionTest1" time="0">
<system-out><![CDATA[
unique-id: [engine:junit-vintage]/[runner:RegressionTest]/[test:RegressionTest1]/[test:test573(RegressionTest1)]
display-name: test573
]]></system-out>
</testcase>
<testcase name="test430" classname="RegressionTest0" time="0">
<system-out><![CDATA[
unique-id: [engine:junit-vintage]/[runner:RegressionTest]/[test:RegressionTest0]/[test:test430(RegressionTest0)]
display-name: test430
]]></system-out>
</testcase>
<testcase name="test398" classname="RegressionTest0" time="0">
<system-out><![CDATA[
unique-id: [engine:junit-vintage]/[runner:RegressionTest]/[test:RegressionTest0]/[test:test398(RegressionTest0)]
display-name: test398
]]></system-out>
</testcase>
<testcase name="test681" classname="RegressionTest1" time="0">
<system-out><![CDATA[
unique-id: [engine:junit-vintage]/[runner:RegressionTest]/[test:RegressionTest1]/[test:test681(RegressionTest1)]
display-name: test681
]]></system-out>
</testcase>
<testcase name="test198" classname="RegressionTest0" time="0">
<system-out><![CDATA[
unique-id: [engine:junit-vintage]/[runner:RegressionTest]/[test:RegressionTest0]/[test:test198(RegressionTest0)]
display-name: test198
]]></system-out>
</testcase>
<testcase name="test325" classname="RegressionTest0" time="0">
<system-out><![CDATA[
unique-id: [engine:junit-vintage]/[runner:RegressionTest]/[test:RegressionTest0]/[test:test325(RegressionTest0)]
display-name: test325
]]></system-out>
</testcase>
<testcase name="test668" classname="RegressionTest1" time="0">
<system-out><![CDATA[
unique-id: [engine:junit-vintage]/[runner:RegressionTest]/[test:RegressionTest1]/[test:test668(RegressionTest1)]
display-name: test668
]]></system-out>
</testcase>
<testcase name="test766" classname="RegressionTest1" time="0.001">
<system-out><![CDATA[
unique-id: [engine:junit-vintage]/[runner:RegressionTest]/[test:RegressionTest1]/[test:test766(RegressionTest1)]
display-name: test766
]]></system-out>
</testcase>
<testcase name="test628" classname="RegressionTest1" time="0">
<system-out><![CDATA[
unique-id: [engine:junit-vintage]/[runner:RegressionTest]/[test:RegressionTest1]/[test:test628(RegressionTest1)]
display-name: test628
]]></system-out>
</testcase>
<testcase name="test414" classname="RegressionTest0" time="0">
<system-out><![CDATA[
unique-id: [engine:junit-vintage]/[runner:RegressionTest]/[test:RegressionTest0]/[test:test414(RegressionTest0)]
display-name: test414
]]></system-out>
</testcase>
<testcase name="test449" classname="RegressionTest0" time="0">
<system-out><![CDATA[
unique-id: [engine:junit-vintage]/[runner:RegressionTest]/[test:RegressionTest0]/[test:test449(RegressionTest0)]
display-name: test449
]]></system-out>
</testcase>
<testcase name="test731" classname="RegressionTest1" time="0">
<system-out><![CDATA[
unique-id: [engine:junit-vintage]/[runner:RegressionTest]/[test:RegressionTest1]/[test:test731(RegressionTest1)]
display-name: test731
]]></system-out>
</testcase>
<testcase name="test073" classname="RegressionTest0" time="0">
<system-out><![CDATA[
unique-id: [engine:junit-vintage]/[runner:RegressionTest]/[test:RegressionTest0]/[test:test073(RegressionTest0)]
display-name: test073
]]></system-out>
</testcase>
<testcase name="test491" classname="RegressionTest0" time="0">
<system-out><![CDATA[
unique-id: [engine:junit-vintage]/[runner:RegressionTest]/[test:RegressionTest0]/[test:test491(RegressionTest0)]
display-name: test491
]]></system-out>
</testcase>
<testcase name="test169" classname="RegressionTest0" time="0">
<system-out><![CDATA[
unique-id: [engine:junit-vintage]/[runner:RegressionTest]/[test:RegressionTest0]/[test:test169(RegressionTest0)]
display-name: test169
]]></system-out>
</testcase>
<testcase name="test695" classname="RegressionTest1" time="0">
<system-out><![CDATA[
unique-id: [engine:junit-vintage]/[runner:RegressionTest]/[test:RegressionTest1]/[test:test695(RegressionTest1)]
display-name: test695
]]></system-out>
</testcase>
<testcase name="test741" classname="RegressionTest1" time="0">
<system-out><![CDATA[
unique-id: [engine:junit-vintage]/[runner:RegressionTest]/[test:RegressionTest1]/[test:test741(RegressionTest1)]
display-name: test741
]]></system-out>
</testcase>
<testcase name="test618" classname="RegressionTest1" time="0">
<system-out><![CDATA[
unique-id: [engine:junit-vintage]/[runner:RegressionTest]/[test:RegressionTest1]/[test:test618(RegressionTest1)]
display-name: test618
]]></system-out>
</testcase>
<testcase name="test006" classname="RegressionTest0" time="0.001">
<system-out><![CDATA[
unique-id: [engine:junit-vintage]/[runner:RegressionTest]/[test:RegressionTest0]/[test:test006(RegressionTest0)]
display-name: test006
]]></system-out>
</testcase>
<testcase name="test532" classname="RegressionTest1" time="0">
<system-out><![CDATA[
unique-id: [engine:junit-vintage]/[runner:RegressionTest]/[test:RegressionTest1]/[test:test532(RegressionTest1)]
display-name: test532
]]></system-out>
</testcase>
<testcase name="test670" classname="RegressionTest1" time="0">
<system-out><![CDATA[
unique-id: [engine:junit-vintage]/[runner:RegressionTest]/[test:RegressionTest1]/[test:test670(RegressionTest1)]
display-name: test670
]]></system-out>
</testcase>
<testcase name="test144" classname="RegressionTest0" time="0">
<system-out><![CDATA[
unique-id: [engine:junit-vintage]/[runner:RegressionTest]/[test:RegressionTest0]/[test:test144(RegressionTest0)]
display-name: test144
]]></system-out>
</testcase>
<testcase name="test557" classname="RegressionTest1" time="0">
<system-out><![CDATA[
unique-id: [engine:junit-vintage]/[runner:RegressionTest]/[test:RegressionTest1]/[test:test557(RegressionTest1)]
display-name: test557
]]></system-out>
</testcase>
<testcase name="test083" classname="RegressionTest0" time="0">
<system-out><![CDATA[
unique-id: [engine:junit-vintage]/[runner:RegressionTest]/[test:RegressionTest0]/[test:test083(RegressionTest0)]
display-name: test083
]]></system-out>
</testcase>
<testcase name="test709" classname="RegressionTest1" time="0">
<system-out><![CDATA[
unique-id: [engine:junit-vintage]/[runner:RegressionTest]/[test:RegressionTest1]/[test:test709(RegressionTest1)]
display-name: test709
]]></system-out>
</testcase>
<testcase name="test124" classname="RegressionTest0" time="0">
<system-out><![CDATA[
unique-id: [engine:junit-vintage]/[runner:RegressionTest]/[test:RegressionTest0]/[test:test124(RegressionTest0)]
display-name: test124
]]></system-out>
</testcase>
<testcase name="test685" classname="RegressionTest1" time="0">
<system-out><![CDATA[
unique-id: [engine:junit-vintage]/[runner:RegressionTest]/[test:RegressionTest1]/[test:test685(RegressionTest1)]
display-name: test685
]]></system-out>
</testcase>
<testcase name="test817" classname="RegressionTest1" time="0">
<system-out><![CDATA[
unique-id: [engine:junit-vintage]/[runner:RegressionTest]/[test:RegressionTest1]/[test:test817(RegressionTest1)]
display-name: test817
]]></system-out>
</testcase>
<testcase name="test756" classname="RegressionTest1" time="0">
<system-out><![CDATA[
unique-id: [engine:junit-vintage]/[runner:RegressionTest]/[test:RegressionTest1]/[test:test756(RegressionTest1)]
display-name: test756
]]></system-out>
</testcase>
<testcase name="test567" classname="RegressionTest1" time="0">
<system-out><![CDATA[
unique-id: [engine:junit-vintage]/[runner:RegressionTest]/[test:RegressionTest1]/[test:test567(RegressionTest1)]
display-name: test567
]]></system-out>
</testcase>
<testcase name="test424" classname="RegressionTest0" time="0">
<system-out><![CDATA[
unique-id: [engine:junit-vintage]/[runner:RegressionTest]/[test:RegressionTest0]/[test:test424(RegressionTest0)]
display-name: test424
]]></system-out>
</testcase>
<testcase name="test680" classname="RegressionTest1" time="0">
<system-out><![CDATA[
unique-id: [engine:junit-vintage]/[runner:RegressionTest]/[test:RegressionTest1]/[test:test680(RegressionTest1)]
display-name: test680
]]></system-out>
</testcase>
<testcase name="test134" classname="RegressionTest0" time="0">
<system-out><![CDATA[
unique-id: [engine:junit-vintage]/[runner:RegressionTest]/[test:RegressionTest0]/[test:test134(RegressionTest0)]
display-name: test134
]]></system-out>
</testcase>
<testcase name="test434" classname="RegressionTest0" time="0">
<system-out><![CDATA[
unique-id: [engine:junit-vintage]/[runner:RegressionTest]/[test:RegressionTest0]/[test:test434(RegressionTest0)]
display-name: test434
]]></system-out>
</testcase>
<testcase name="test063" classname="RegressionTest0" time="0.002">
<system-out><![CDATA[
unique-id: [engine:junit-vintage]/[runner:RegressionTest]/[test:RegressionTest0]/[test:test063(RegressionTest0)]
display-name: test063
]]></system-out>
</testcase>
<testcase name="test746" classname="RegressionTest1" time="0">
<system-out><![CDATA[
unique-id: [engine:junit-vintage]/[runner:RegressionTest]/[test:RegressionTest1]/[test:test746(RegressionTest1)]
display-name: test746
]]></system-out>
</testcase>
<testcase name="test690" classname="RegressionTest1" time="0">
<system-out><![CDATA[
unique-id: [engine:junit-vintage]/[runner:RegressionTest]/[test:RegressionTest1]/[test:test690(RegressionTest1)]
display-name: test690
]]></system-out>
</testcase>
<testcase name="test577" classname="RegressionTest1" time="0">
<system-out><![CDATA[
unique-id: [engine:junit-vintage]/[runner:RegressionTest]/[test:RegressionTest1]/[test:test577(RegressionTest1)]
display-name: test577
]]></system-out>
</testcase>
<testcase name="test638" classname="RegressionTest1" time="0">
<system-out><![CDATA[
unique-id: [engine:junit-vintage]/[runner:RegressionTest]/[test:RegressionTest1]/[test:test638(RegressionTest1)]
display-name: test638
]]></system-out>
</testcase>
<testcase name="test016" classname="RegressionTest0" time="0.002">
<system-out><![CDATA[
unique-id: [engine:junit-vintage]/[runner:RegressionTest]/[test:RegressionTest0]/[test:test016(RegressionTest0)]
display-name: test016
]]></system-out>
</testcase>
<testcase name="test481" classname="RegressionTest0" time="0">
<system-out><![CDATA[
unique-id: [engine:junit-vintage]/[runner:RegressionTest]/[test:RegressionTest0]/[test:test481(RegressionTest0)]
display-name: test481
]]></system-out>
</testcase>
<testcase name="test043" classname="RegressionTest0" time="0">
<system-out><![CDATA[
unique-id: [engine:junit-vintage]/[runner:RegressionTest]/[test:RegressionTest0]/[test:test043(RegressionTest0)]
display-name: test043
]]></system-out>
</testcase>
<testcase name="test373" classname="RegressionTest0" time="0">
<system-out><![CDATA[
unique-id: [engine:junit-vintage]/[runner:RegressionTest]/[test:RegressionTest0]/[test:test373(RegressionTest0)]
display-name: test373
]]></system-out>
</testcase>
<testcase name="test874" classname="RegressionTest1" time="0">
<system-out><![CDATA[
unique-id: [engine:junit-vintage]/[runner:RegressionTest]/[test:RegressionTest1]/[test:test874(RegressionTest1)]
display-name: test874
]]></system-out>
</testcase>
<testcase name="test658" classname="RegressionTest1" time="0">
<system-out><![CDATA[
unique-id: [engine:junit-vintage]/[runner:RegressionTest]/[test:RegressionTest1]/[test:test658(RegressionTest1)]
display-name: test658
]]></system-out>
</testcase>
<testcase name="test026" classname="RegressionTest0" time="0">
<system-out><![CDATA[
unique-id: [engine:junit-vintage]/[runner:RegressionTest]/[test:RegressionTest0]/[test:test026(RegressionTest0)]
display-name: test026
]]></system-out>
</testcase>
<testcase name="test552" classname="RegressionTest1" time="0">
<system-out><![CDATA[
unique-id: [engine:junit-vintage]/[runner:RegressionTest]/[test:RegressionTest1]/[test:test552(RegressionTest1)]
display-name: test552
]]></system-out>
</testcase>
<testcase name="test675" classname="RegressionTest1" time="0">
<system-out><![CDATA[
unique-id: [engine:junit-vintage]/[runner:RegressionTest]/[test:RegressionTest1]/[test:test675(RegressionTest1)]
display-name: test675
]]></system-out>
</testcase>
<testcase name="test701" classname="RegressionTest1" time="0">
<system-out><![CDATA[
unique-id: [engine:junit-vintage]/[runner:RegressionTest]/[test:RegressionTest1]/[test:test701(RegressionTest1)]
display-name: test701
]]></system-out>
</testcase>
<testcase name="test149" classname="RegressionTest0" time="0.001">
<system-out><![CDATA[
unique-id: [engine:junit-vintage]/[runner:RegressionTest]/[test:RegressionTest0]/[test:test149(RegressionTest0)]
display-name: test149
]]></system-out>
</testcase>
<testcase name="test640" classname="RegressionTest1" time="0">
<system-out><![CDATA[
unique-id: [engine:junit-vintage]/[runner:RegressionTest]/[test:RegressionTest1]/[test:test640(RegressionTest1)]
display-name: test640
]]></system-out>
</testcase>
<testcase name="test001" classname="RegressionTest0" time="0.018">
<system-out><![CDATA[
unique-id: [engine:junit-vintage]/[runner:RegressionTest]/[test:RegressionTest0]/[test:test001(RegressionTest0)]
display-name: test001
]]></system-out>
</testcase>
<testcase name="test736" classname="RegressionTest1" time="0">
<system-out><![CDATA[
unique-id: [engine:junit-vintage]/[runner:RegressionTest]/[test:RegressionTest1]/[test:test736(RegressionTest1)]
display-name: test736
]]></system-out>
</testcase>
<testcase name="test088" classname="RegressionTest0" time="0">
<system-out><![CDATA[
unique-id: [engine:junit-vintage]/[runner:RegressionTest]/[test:RegressionTest0]/[test:test088(RegressionTest0)]
display-name: test088
]]></system-out>
</testcase>
<testcase name="test393" classname="RegressionTest0" time="0">
<system-out><![CDATA[
unique-id: [engine:junit-vintage]/[runner:RegressionTest]/[test:RegressionTest0]/[test:test393(RegressionTest0)]
display-name: test393
]]></system-out>
</testcase>
<testcase name="test454" classname="RegressionTest0" time="0">
<system-out><![CDATA[
unique-id: [engine:junit-vintage]/[runner:RegressionTest]/[test:RegressionTest0]/[test:test454(RegressionTest0)]
display-name: test454
]]></system-out>
</testcase>
<testcase name="test613" classname="RegressionTest1" time="0">
<system-out><![CDATA[
unique-id: [engine:junit-vintage]/[runner:RegressionTest]/[test:RegressionTest1]/[test:test613(RegressionTest1)]
display-name: test613
]]></system-out>
</testcase>
<testcase name="test597" classname="RegressionTest1" time="0">
<system-out><![CDATA[
unique-id: [engine:junit-vintage]/[runner:RegressionTest]/[test:RegressionTest1]/[test:test597(RegressionTest1)]
display-name: test597
]]></system-out>
</testcase>
<testcase name="test104" classname="RegressionTest0" time="0">
<system-out><![CDATA[
unique-id: [engine:junit-vintage]/[runner:RegressionTest]/[test:RegressionTest0]/[test:test104(RegressionTest0)]
display-name: test104
]]></system-out>
</testcase>
<testcase name="test469" classname="RegressionTest0" time="0">
<system-out><![CDATA[
unique-id: [engine:junit-vintage]/[runner:RegressionTest]/[test:RegressionTest0]/[test:test469(RegressionTest0)]
display-name: test469
]]></system-out>
</testcase>
<testcase name="test093" classname="RegressionTest0" time="0.003">
<system-out><![CDATA[
unique-id: [engine:junit-vintage]/[runner:RegressionTest]/[test:RegressionTest0]/[test:test093(RegressionTest0)]
display-name: test093
]]></system-out>
</testcase>
<testcase name="test660" classname="RegressionTest1" time="0">
<system-out><![CDATA[
unique-id: [engine:junit-vintage]/[runner:RegressionTest]/[test:RegressionTest1]/[test:test660(RegressionTest1)]
display-name: test660
]]></system-out>
</testcase>
<testcase name="test277" classname="RegressionTest0" time="0">
<system-out><![CDATA[
unique-id: [engine:junit-vintage]/[runner:RegressionTest]/[test:RegressionTest0]/[test:test277(RegressionTest0)]
display-name: test277
]]></system-out>
</testcase>
<testcase name="test716" classname="RegressionTest1" time="0">
<system-out><![CDATA[
unique-id: [engine:junit-vintage]/[runner:RegressionTest]/[test:RegressionTest1]/[test:test716(RegressionTest1)]
display-name: test716
]]></system-out>
</testcase>
<testcase name="test608" classname="RegressionTest1" time="0">
<system-out><![CDATA[
unique-id: [engine:junit-vintage]/[runner:RegressionTest]/[test:RegressionTest1]/[test:test608(RegressionTest1)]
display-name: test608
]]></system-out>
</testcase>
<testcase name="test721" classname="RegressionTest1" time="0">
<system-out><![CDATA[
unique-id: [engine:junit-vintage]/[runner:RegressionTest]/[test:RegressionTest1]/[test:test721(RegressionTest1)]
display-name: test721
]]></system-out>
</testcase>
<testcase name="test186" classname="RegressionTest0" time="0">
<system-out><![CDATA[
unique-id: [engine:junit-vintage]/[runner:RegressionTest]/[test:RegressionTest0]/[test:test186(RegressionTest0)]
display-name: test186
]]></system-out>
</testcase>
<testcase name="test119" classname="RegressionTest0" time="0">
<system-out><![CDATA[
unique-id: [engine:junit-vintage]/[runner:RegressionTest]/[test:RegressionTest0]/[test:test119(RegressionTest0)]
display-name: test119
]]></system-out>
</testcase>
<testcase name="test499" classname="RegressionTest0" time="0">
<system-out><![CDATA[
unique-id: [engine:junit-vintage]/[runner:RegressionTest]/[test:RegressionTest0]/[test:test499(RegressionTest0)]
display-name: test499
]]></system-out>
</testcase>
<testcase name="test515" classname="RegressionTest1" time="0">
<system-out><![CDATA[
unique-id: [engine:junit-vintage]/[runner:RegressionTest]/[test:RegressionTest1]/[test:test515(RegressionTest1)]
display-name: test515
]]></system-out>
</testcase>
<testcase name="test326" classname="RegressionTest0" time="0">
<system-out><![CDATA[
unique-id: [engine:junit-vintage]/[runner:RegressionTest]/[test:RegressionTest0]/[test:test326(RegressionTest0)]
display-name: test326
]]></system-out>
</testcase>
<testcase name="test582" classname="RegressionTest1" time="0">
<system-out><![CDATA[
unique-id: [engine:junit-vintage]/[runner:RegressionTest]/[test:RegressionTest1]/[test:test582(RegressionTest1)]
display-name: test582
]]></system-out>
</testcase>
<testcase name="test505" classname="RegressionTest1" time="0">
<system-out><![CDATA[
unique-id: [engine:junit-vintage]/[runner:RegressionTest]/[test:RegressionTest1]/[test:test505(RegressionTest1)]
display-name: test505
]]></system-out>
</testcase>
<testcase name="test318" classname="RegressionTest0" time="0">
<system-out><![CDATA[
unique-id: [engine:junit-vintage]/[runner:RegressionTest]/[test:RegressionTest0]/[test:test318(RegressionTest0)]
display-name: test318
]]></system-out>
</testcase>
<testcase name="test161" classname="RegressionTest0" time="0">
<system-out><![CDATA[
unique-id: [engine:junit-vintage]/[runner:RegressionTest]/[test:RegressionTest0]/[test:test161(RegressionTest0)]
display-name: test161
]]></system-out>
</testcase>
<testcase name="test232" classname="RegressionTest0" time="0.001">
<system-out><![CDATA[
unique-id: [engine:junit-vintage]/[runner:RegressionTest]/[test:RegressionTest0]/[test:test232(RegressionTest0)]
display-name: test232
]]></system-out>
</testcase>
<testcase name="test783" classname="RegressionTest1" time="0">
<system-out><![CDATA[
unique-id: [engine:junit-vintage]/[runner:RegressionTest]/[test:RegressionTest1]/[test:test783(RegressionTest1)]
display-name: test783
]]></system-out>
</testcase>
<testcase name="test240" classname="RegressionTest0" time="0">
<system-out><![CDATA[
unique-id: [engine:junit-vintage]/[runner:RegressionTest]/[test:RegressionTest0]/[test:test240(RegressionTest0)]
display-name: test240
]]></system-out>
</testcase>
<testcase name="test196" classname="RegressionTest0" time="0">
<system-out><![CDATA[
unique-id: [engine:junit-vintage]/[runner:RegressionTest]/[test:RegressionTest0]/[test:test196(RegressionTest0)]
display-name: test196
]]></system-out>
</testcase>
<testcase name="test129" classname="RegressionTest0" time="0">
<system-out><![CDATA[
unique-id: [engine:junit-vintage]/[runner:RegressionTest]/[test:RegressionTest0]/[test:test129(RegressionTest0)]
display-name: test129
]]></system-out>
</testcase>
<testcase name="test208" classname="RegressionTest0" time="0">
<system-out><![CDATA[
unique-id: [engine:junit-vintage]/[runner:RegressionTest]/[test:RegressionTest0]/[test:test208(RegressionTest0)]
display-name: test208
]]></system-out>
</testcase>
<testcase name="test308" classname="RegressionTest0" time="0">
<system-out><![CDATA[
unique-id: [engine:junit-vintage]/[runner:RegressionTest]/[test:RegressionTest0]/[test:test308(RegressionTest0)]
display-name: test308
]]></system-out>
</testcase>
<testcase name="test316" classname="RegressionTest0" time="0">
<system-out><![CDATA[
unique-id: [engine:junit-vintage]/[runner:RegressionTest]/[test:RegressionTest0]/[test:test316(RegressionTest0)]
display-name: test316
]]></system-out>
</testcase>
<testcase name="test489" classname="RegressionTest0" time="0.001">
<system-out><![CDATA[
unique-id: [engine:junit-vintage]/[runner:RegressionTest]/[test:RegressionTest0]/[test:test489(RegressionTest0)]
display-name: test489
]]></system-out>
</testcase>
<testcase name="test872" classname="RegressionTest1" time="0">
<system-out><![CDATA[
unique-id: [engine:junit-vintage]/[runner:RegressionTest]/[test:RegressionTest1]/[test:test872(RegressionTest1)]
display-name: test872
]]></system-out>
</testcase>
<testcase name="test350" classname="RegressionTest0" time="0">
<system-out><![CDATA[
unique-id: [engine:junit-vintage]/[runner:RegressionTest]/[test:RegressionTest0]/[test:test350(RegressionTest0)]
display-name: test350
]]></system-out>
</testcase>
<testcase name="test250" classname="RegressionTest0" time="0">
<system-out><![CDATA[
unique-id: [engine:junit-vintage]/[runner:RegressionTest]/[test:RegressionTest0]/[test:test250(RegressionTest0)]
display-name: test250
]]></system-out>
</testcase>
<testcase name="test237" classname="RegressionTest0" time="0">
<system-out><![CDATA[
unique-id: [engine:junit-vintage]/[runner:RegressionTest]/[test:RegressionTest0]/[test:test237(RegressionTest0)]
display-name: test237
]]></system-out>
</testcase>
<testcase name="test793" classname="RegressionTest1" time="0">
<system-out><![CDATA[
unique-id: [engine:junit-vintage]/[runner:RegressionTest]/[test:RegressionTest1]/[test:test793(RegressionTest1)]
display-name: test793
]]></system-out>
</testcase>
<testcase name="test869" classname="RegressionTest1" time="0">
<system-out><![CDATA[
unique-id: [engine:junit-vintage]/[runner:RegressionTest]/[test:RegressionTest1]/[test:test869(RegressionTest1)]
display-name: test869
]]></system-out>
</testcase>
<testcase name="test242" classname="RegressionTest0" time="0">
<system-out><![CDATA[
unique-id: [engine:junit-vintage]/[runner:RegressionTest]/[test:RegressionTest0]/[test:test242(RegressionTest0)]
display-name: test242
]]></system-out>
</testcase>
<testcase name="test321" classname="RegressionTest0" time="0">
<system-out><![CDATA[
unique-id: [engine:junit-vintage]/[runner:RegressionTest]/[test:RegressionTest0]/[test:test321(RegressionTest0)]
display-name: test321
]]></system-out>
</testcase>
<testcase name="test859" classname="RegressionTest1" time="0">
<system-out><![CDATA[
unique-id: [engine:junit-vintage]/[runner:RegressionTest]/[test:RegressionTest1]/[test:test859(RegressionTest1)]
display-name: test859
]]></system-out>
</testcase>
<testcase name="test572" classname="RegressionTest1" time="0">
<system-out><![CDATA[
unique-id: [engine:junit-vintage]/[runner:RegressionTest]/[test:RegressionTest1]/[test:test572(RegressionTest1)]
display-name: test572
]]></system-out>
</testcase>
<testcase name="test864" classname="RegressionTest1" time="0">
<system-out><![CDATA[
unique-id: [engine:junit-vintage]/[runner:RegressionTest]/[test:RegressionTest1]/[test:test864(RegressionTest1)]
display-name: test864
]]></system-out>
</testcase>
<testcase name="test623" classname="RegressionTest1" time="0">
<system-out><![CDATA[
unique-id: [engine:junit-vintage]/[runner:RegressionTest]/[test:RegressionTest1]/[test:test623(RegressionTest1)]
display-name: test623
]]></system-out>
</testcase>
<testcase name="test807" classname="RegressionTest1" time="0">
<system-out><![CDATA[
unique-id: [engine:junit-vintage]/[runner:RegressionTest]/[test:RegressionTest1]/[test:test807(RegressionTest1)]
display-name: test807
]]></system-out>
</testcase>
<testcase name="test078" classname="RegressionTest0" time="0">
<system-out><![CDATA[
unique-id: [engine:junit-vintage]/[runner:RegressionTest]/[test:RegressionTest0]/[test:test078(RegressionTest0)]
display-name: test078
]]></system-out>
</testcase>
<testcase name="test815" classname="RegressionTest1" time="0">
<system-out><![CDATA[
unique-id: [engine:junit-vintage]/[runner:RegressionTest]/[test:RegressionTest1]/[test:test815(RegressionTest1)]
display-name: test815
]]></system-out>
</testcase>
<testcase name="test356" classname="RegressionTest0" time="0">
<system-out><![CDATA[
unique-id: [engine:junit-vintage]/[runner:RegressionTest]/[test:RegressionTest0]/[test:test356(RegressionTest0)]
display-name: test356
]]></system-out>
</testcase>
<testcase name="test648" classname="RegressionTest1" time="0">
<system-out><![CDATA[
unique-id: [engine:junit-vintage]/[runner:RegressionTest]/[test:RegressionTest1]/[test:test648(RegressionTest1)]
display-name: test648
]]></system-out>
</testcase>
<testcase name="test202" classname="RegressionTest0" time="0">
<system-out><![CDATA[
unique-id: [engine:junit-vintage]/[runner:RegressionTest]/[test:RegressionTest0]/[test:test202(RegressionTest0)]
display-name: test202
]]></system-out>
</testcase>
<testcase name="test191" classname="RegressionTest0" time="0">
<system-out><![CDATA[
unique-id: [engine:junit-vintage]/[runner:RegressionTest]/[test:RegressionTest0]/[test:test191(RegressionTest0)]
display-name: test191
]]></system-out>
</testcase>
<testcase name="test375" classname="RegressionTest0" time="0">
<system-out><![CDATA[
unique-id: [engine:junit-vintage]/[runner:RegressionTest]/[test:RegressionTest0]/[test:test375(RegressionTest0)]
display-name: test375
]]></system-out>
</testcase>
<testcase name="test053" classname="RegressionTest0" time="0">
<system-out><![CDATA[
unique-id: [engine:junit-vintage]/[runner:RegressionTest]/[test:RegressionTest0]/[test:test053(RegressionTest0)]
display-name: test053
]]></system-out>
</testcase>
<testcase name="test383" classname="RegressionTest0" time="0">
<system-out><![CDATA[
unique-id: [engine:junit-vintage]/[runner:RegressionTest]/[test:RegressionTest0]/[test:test383(RegressionTest0)]
display-name: test383
]]></system-out>
</testcase>
<testcase name="test167" classname="RegressionTest0" time="0">
<system-out><![CDATA[
unique-id: [engine:junit-vintage]/[runner:RegressionTest]/[test:RegressionTest0]/[test:test167(RegressionTest0)]
display-name: test167
]]></system-out>
</testcase>
<testcase name="test159" classname="RegressionTest0" time="0.001">
<system-out><![CDATA[
unique-id: [engine:junit-vintage]/[runner:RegressionTest]/[test:RegressionTest0]/[test:test159(RegressionTest0)]
display-name: test159
]]></system-out>
</testcase>
<testcase name="test834" classname="RegressionTest1" time="0">
<system-out><![CDATA[
unique-id: [engine:junit-vintage]/[runner:RegressionTest]/[test:RegressionTest1]/[test:test834(RegressionTest1)]
display-name: test834
]]></system-out>
</testcase>
<testcase name="test459" classname="RegressionTest0" time="0">
<system-out><![CDATA[
unique-id: [engine:junit-vintage]/[runner:RegressionTest]/[test:RegressionTest0]/[test:test459(RegressionTest0)]
display-name: test459
]]></system-out>
</testcase>
<testcase name="test275" classname="RegressionTest0" time="0">
<system-out><![CDATA[
unique-id: [engine:junit-vintage]/[runner:RegressionTest]/[test:RegressionTest0]/[test:test275(RegressionTest0)]
display-name: test275
]]></system-out>
</testcase>
<testcase name="test799" classname="RegressionTest1" time="0">
<system-out><![CDATA[
unique-id: [engine:junit-vintage]/[runner:RegressionTest]/[test:RegressionTest1]/[test:test799(RegressionTest1)]
display-name: test799
]]></system-out>
</testcase>
<testcase name="test267" classname="RegressionTest0" time="0">
<system-out><![CDATA[
unique-id: [engine:junit-vintage]/[runner:RegressionTest]/[test:RegressionTest0]/[test:test267(RegressionTest0)]
display-name: test267
]]></system-out>
</testcase>
<testcase name="test650" classname="RegressionTest1" time="0">
<system-out><![CDATA[
unique-id: [engine:junit-vintage]/[runner:RegressionTest]/[test:RegressionTest1]/[test:test650(RegressionTest1)]
display-name: test650
]]></system-out>
</testcase>
<testcase name="test726" classname="RegressionTest1" time="0">
<system-out><![CDATA[
unique-id: [engine:junit-vintage]/[runner:RegressionTest]/[test:RegressionTest1]/[test:test726(RegressionTest1)]
display-name: test726
]]></system-out>
</testcase>
<testcase name="test280" classname="RegressionTest0" time="0">
<system-out><![CDATA[
unique-id: [engine:junit-vintage]/[runner:RegressionTest]/[test:RegressionTest0]/[test:test280(RegressionTest0)]
display-name: test280
]]></system-out>
</testcase>
<testcase name="test464" classname="RegressionTest0" time="0">
<system-out><![CDATA[
unique-id: [engine:junit-vintage]/[runner:RegressionTest]/[test:RegressionTest0]/[test:test464(RegressionTest0)]
display-name: test464
]]></system-out>
</testcase>
<testcase name="test534" classname="RegressionTest1" time="0">
<system-out><![CDATA[
unique-id: [engine:junit-vintage]/[runner:RegressionTest]/[test:RegressionTest1]/[test:test534(RegressionTest1)]
display-name: test534
]]></system-out>
</testcase>
<testcase name="test542" classname="RegressionTest1" time="0">
<system-out><![CDATA[
unique-id: [engine:junit-vintage]/[runner:RegressionTest]/[test:RegressionTest1]/[test:test542(RegressionTest1)]
display-name: test542
]]></system-out>
</testcase>
<testcase name="test549" classname="RegressionTest1" time="0">
<system-out><![CDATA[
unique-id: [engine:junit-vintage]/[runner:RegressionTest]/[test:RegressionTest1]/[test:test549(RegressionTest1)]
display-name: test549
]]></system-out>
</testcase>
<testcase name="test406" classname="RegressionTest0" time="0">
<system-out><![CDATA[
unique-id: [engine:junit-vintage]/[runner:RegressionTest]/[test:RegressionTest0]/[test:test406(RegressionTest0)]
display-name: test406
]]></system-out>
</testcase>
<testcase name="test774" classname="RegressionTest1" time="0">
<system-out><![CDATA[
unique-id: [engine:junit-vintage]/[runner:RegressionTest]/[test:RegressionTest1]/[test:test774(RegressionTest1)]
display-name: test774
]]></system-out>
</testcase>
<testcase name="test845" classname="RegressionTest1" time="0">
<system-out><![CDATA[
unique-id: [engine:junit-vintage]/[runner:RegressionTest]/[test:RegressionTest1]/[test:test845(RegressionTest1)]
display-name: test845
]]></system-out>
</testcase>
<testcase name="test473" classname="RegressionTest0" time="0.002">
<system-out><![CDATA[
unique-id: [engine:junit-vintage]/[runner:RegressionTest]/[test:RegressionTest0]/[test:test473(RegressionTest0)]
display-name: test473
]]></system-out>
</testcase>
<testcase name="test152" classname="RegressionTest0" time="0">
<system-out><![CDATA[
unique-id: [engine:junit-vintage]/[runner:RegressionTest]/[test:RegressionTest0]/[test:test152(RegressionTest0)]
display-name: test152
]]></system-out>
</testcase>
<testcase name="test213" classname="RegressionTest0" time="0">
<system-out><![CDATA[
unique-id: [engine:junit-vintage]/[runner:RegressionTest]/[test:RegressionTest0]/[test:test213(RegressionTest0)]
display-name: test213
]]></system-out>
</testcase>
<testcase name="test591" classname="RegressionTest1" time="0">
<system-out><![CDATA[
unique-id: [engine:junit-vintage]/[runner:RegressionTest]/[test:RegressionTest1]/[test:test591(RegressionTest1)]
display-name: test591
]]></system-out>
</testcase>
<testcase name="test707" classname="RegressionTest1" time="0">
<system-out><![CDATA[
unique-id: [engine:junit-vintage]/[runner:RegressionTest]/[test:RegressionTest1]/[test:test707(RegressionTest1)]
display-name: test707
]]></system-out>
</testcase>
<testcase name="test483" classname="RegressionTest0" time="0">
<system-out><![CDATA[
unique-id: [engine:junit-vintage]/[runner:RegressionTest]/[test:RegressionTest0]/[test:test483(RegressionTest0)]
display-name: test483
]]></system-out>
</testcase>
<testcase name="test187" classname="RegressionTest0" time="0">
<system-out><![CDATA[
unique-id: [engine:junit-vintage]/[runner:RegressionTest]/[test:RegressionTest0]/[test:test187(RegressionTest0)]
display-name: test187
]]></system-out>
</testcase>
<testcase name="test784" classname="RegressionTest1" time="0">
<system-out><![CDATA[
unique-id: [engine:junit-vintage]/[runner:RegressionTest]/[test:RegressionTest1]/[test:test784(RegressionTest1)]
display-name: test784
]]></system-out>
</testcase>
<testcase name="test345" classname="RegressionTest0" time="0">
<system-out><![CDATA[
unique-id: [engine:junit-vintage]/[runner:RegressionTest]/[test:RegressionTest0]/[test:test345(RegressionTest0)]
display-name: test345
]]></system-out>
</testcase>
<testcase name="test514" classname="RegressionTest1" time="0">
<system-out><![CDATA[
unique-id: [engine:junit-vintage]/[runner:RegressionTest]/[test:RegressionTest1]/[test:test514(RegressionTest1)]
display-name: test514
]]></system-out>
</testcase>
<testcase name="test810" classname="RegressionTest1" time="0">
<system-out><![CDATA[
unique-id: [engine:junit-vintage]/[runner:RegressionTest]/[test:RegressionTest1]/[test:test810(RegressionTest1)]
display-name: test810
]]></system-out>
</testcase>
<testcase name="test203" classname="RegressionTest0" time="0">
<system-out><![CDATA[
unique-id: [engine:junit-vintage]/[runner:RegressionTest]/[test:RegressionTest0]/[test:test203(RegressionTest0)]
display-name: test203
]]></system-out>
</testcase>
<testcase name="test463" classname="RegressionTest0" time="0">
<system-out><![CDATA[
unique-id: [engine:junit-vintage]/[runner:RegressionTest]/[test:RegressionTest0]/[test:test463(RegressionTest0)]
display-name: test463
]]></system-out>
</testcase>
<testcase name="test717" classname="RegressionTest1" time="0">
<system-out><![CDATA[
unique-id: [engine:junit-vintage]/[runner:RegressionTest]/[test:RegressionTest1]/[test:test717(RegressionTest1)]
display-name: test717
]]></system-out>
</testcase>
<testcase name="test504" classname="RegressionTest1" time="0">
<system-out><![CDATA[
unique-id: [engine:junit-vintage]/[runner:RegressionTest]/[test:RegressionTest1]/[test:test504(RegressionTest1)]
display-name: test504
]]></system-out>
</testcase>
<testcase name="test197" classname="RegressionTest0" time="0">
<system-out><![CDATA[
unique-id: [engine:junit-vintage]/[runner:RegressionTest]/[test:RegressionTest0]/[test:test197(RegressionTest0)]
display-name: test197
]]></system-out>
</testcase>
<testcase name="test835" classname="RegressionTest1" time="0">
<system-out><![CDATA[
unique-id: [engine:junit-vintage]/[runner:RegressionTest]/[test:RegressionTest1]/[test:test835(RegressionTest1)]
display-name: test835
]]></system-out>
</testcase>
<testcase name="test142" classname="RegressionTest0" time="0.001">
<system-out><![CDATA[
unique-id: [engine:junit-vintage]/[runner:RegressionTest]/[test:RegressionTest0]/[test:test142(RegressionTest0)]
display-name: test142
]]></system-out>
</testcase>
<testcase name="test034" classname="RegressionTest0" time="0.003">
<system-out><![CDATA[
unique-id: [engine:junit-vintage]/[runner:RegressionTest]/[test:RegressionTest0]/[test:test034(RegressionTest0)]
display-name: test034
]]></system-out>
</testcase>
<testcase name="test355" classname="RegressionTest0" time="0">
<system-out><![CDATA[
unique-id: [engine:junit-vintage]/[runner:RegressionTest]/[test:RegressionTest0]/[test:test355(RegressionTest0)]
display-name: test355
]]></system-out>
</testcase>
<testcase name="test416" classname="RegressionTest0" time="0">
<system-out><![CDATA[
unique-id: [engine:junit-vintage]/[runner:RegressionTest]/[test:RegressionTest0]/[test:test416(RegressionTest0)]
display-name: test416
]]></system-out>
</testcase>
<testcase name="test559" classname="RegressionTest1" time="0">
<system-out><![CDATA[
unique-id: [engine:junit-vintage]/[runner:RegressionTest]/[test:RegressionTest1]/[test:test559(RegressionTest1)]
display-name: test559
]]></system-out>
</testcase>
<testcase name="test825" classname="RegressionTest1" time="0">
<system-out><![CDATA[
unique-id: [engine:junit-vintage]/[runner:RegressionTest]/[test:RegressionTest1]/[test:test825(RegressionTest1)]
display-name: test825
]]></system-out>
</testcase>
<testcase name="test365" classname="RegressionTest0" time="0">
<system-out><![CDATA[
unique-id: [engine:junit-vintage]/[runner:RegressionTest]/[test:RegressionTest0]/[test:test365(RegressionTest0)]
display-name: test365
]]></system-out>
</testcase>
<testcase name="test035" classname="RegressionTest0" time="0.001">
<system-out><![CDATA[
unique-id: [engine:junit-vintage]/[runner:RegressionTest]/[test:RegressionTest0]/[test:test035(RegressionTest0)]
display-name: test035
]]></system-out>
</testcase>
<testcase name="test702" classname="RegressionTest1" time="0">
<system-out><![CDATA[
unique-id: [engine:junit-vintage]/[runner:RegressionTest]/[test:RegressionTest1]/[test:test702(RegressionTest1)]
display-name: test702
]]></system-out>
</testcase>
<testcase name="test069" classname="RegressionTest0" time="0">
<system-out><![CDATA[
unique-id: [engine:junit-vintage]/[runner:RegressionTest]/[test:RegressionTest0]/[test:test069(RegressionTest0)]
display-name: test069
]]></system-out>
</testcase>
<testcase name="test667" classname="RegressionTest1" time="0">
<system-out><![CDATA[
unique-id: [engine:junit-vintage]/[runner:RegressionTest]/[test:RegressionTest1]/[test:test667(RegressionTest1)]
display-name: test667
]]></system-out>
</testcase>
<testcase name="test340" classname="RegressionTest0" time="0.001">
<system-out><![CDATA[
unique-id: [engine:junit-vintage]/[runner:RegressionTest]/[test:RegressionTest0]/[test:test340(RegressionTest0)]
display-name: test340
]]></system-out>
</testcase>
<testcase name="test727" classname="RegressionTest1" time="0">
<system-out><![CDATA[
unique-id: [engine:junit-vintage]/[runner:RegressionTest]/[test:RegressionTest1]/[test:test727(RegressionTest1)]
display-name: test727
]]></system-out>
</testcase>
<testcase name="test488" classname="RegressionTest0" time="0">
<system-out><![CDATA[
unique-id: [engine:junit-vintage]/[runner:RegressionTest]/[test:RegressionTest0]/[test:test488(RegressionTest0)]
display-name: test488
]]></system-out>
</testcase>
<testcase name="test632" classname="RegressionTest1" time="0">
<system-out><![CDATA[
unique-id: [engine:junit-vintage]/[runner:RegressionTest]/[test:RegressionTest1]/[test:test632(RegressionTest1)]
display-name: test632
]]></system-out>
</testcase>
<testcase name="test270" classname="RegressionTest0" time="0">
<system-out><![CDATA[
unique-id: [engine:junit-vintage]/[runner:RegressionTest]/[test:RegressionTest0]/[test:test270(RegressionTest0)]
display-name: test270
]]></system-out>
</testcase>
<testcase name="test218" classname="RegressionTest0" time="0">
<system-out><![CDATA[
unique-id: [engine:junit-vintage]/[runner:RegressionTest]/[test:RegressionTest0]/[test:test218(RegressionTest0)]
display-name: test218
]]></system-out>
</testcase>
<testcase name="test666" classname="RegressionTest1" time="0">
<system-out><![CDATA[
unique-id: [engine:junit-vintage]/[runner:RegressionTest]/[test:RegressionTest1]/[test:test666(RegressionTest1)]
display-name: test666
]]></system-out>
</testcase>
<testcase name="test346" classname="RegressionTest0" time="0">
<system-out><![CDATA[
unique-id: [engine:junit-vintage]/[runner:RegressionTest]/[test:RegressionTest0]/[test:test346(RegressionTest0)]
display-name: test346
]]></system-out>
</testcase>
<testcase name="test320" classname="RegressionTest0" time="0">
<system-out><![CDATA[
unique-id: [engine:junit-vintage]/[runner:RegressionTest]/[test:RegressionTest0]/[test:test320(RegressionTest0)]
display-name: test320
]]></system-out>
</testcase>
<testcase name="test162" classname="RegressionTest0" time="0">
<system-out><![CDATA[
unique-id: [engine:junit-vintage]/[runner:RegressionTest]/[test:RegressionTest0]/[test:test162(RegressionTest0)]
display-name: test162
]]></system-out>
</testcase>
<testcase name="test647" classname="RegressionTest1" time="0.001">
<system-out><![CDATA[
unique-id: [engine:junit-vintage]/[runner:RegressionTest]/[test:RegressionTest1]/[test:test647(RegressionTest1)]
display-name: test647
]]></system-out>
</testcase>
<testcase name="test015" classname="RegressionTest0" time="0.002">
<system-out><![CDATA[
unique-id: [engine:junit-vintage]/[runner:RegressionTest]/[test:RegressionTest0]/[test:test015(RegressionTest0)]
display-name: test015
]]></system-out>
</testcase>
<testcase name="test539" classname="RegressionTest1" time="0">
<system-out><![CDATA[
unique-id: [engine:junit-vintage]/[runner:RegressionTest]/[test:RegressionTest1]/[test:test539(RegressionTest1)]
display-name: test539
]]></system-out>
</testcase>
<testcase name="test571" classname="RegressionTest1" time="0">
<system-out><![CDATA[
unique-id: [engine:junit-vintage]/[runner:RegressionTest]/[test:RegressionTest1]/[test:test571(RegressionTest1)]
display-name: test571
]]></system-out>
</testcase>
<testcase name="test054" classname="RegressionTest0" time="0.001">
<system-out><![CDATA[
unique-id: [engine:junit-vintage]/[runner:RegressionTest]/[test:RegressionTest0]/[test:test054(RegressionTest0)]
display-name: test054
]]></system-out>
</testcase>
<testcase name="test285" classname="RegressionTest0" time="0">
<system-out><![CDATA[
unique-id: [engine:junit-vintage]/[runner:RegressionTest]/[test:RegressionTest0]/[test:test285(RegressionTest0)]
display-name: test285
]]></system-out>
</testcase>
<testcase name="test686" classname="RegressionTest1" time="0">
<system-out><![CDATA[
unique-id: [engine:junit-vintage]/[runner:RegressionTest]/[test:RegressionTest1]/[test:test686(RegressionTest1)]
display-name: test686
]]></system-out>
</testcase>
<testcase name="test524" classname="RegressionTest1" time="0">
<system-out><![CDATA[
unique-id: [engine:junit-vintage]/[runner:RegressionTest]/[test:RegressionTest1]/[test:test524(RegressionTest1)]
display-name: test524
]]></system-out>
</testcase>
<testcase name="test708" classname="RegressionTest1" time="0">
<system-out><![CDATA[
unique-id: [engine:junit-vintage]/[runner:RegressionTest]/[test:RegressionTest1]/[test:test708(RegressionTest1)]
display-name: test708
]]></system-out>
</testcase>
<testcase name="test177" classname="RegressionTest0" time="0">
<system-out><![CDATA[
unique-id: [engine:junit-vintage]/[runner:RegressionTest]/[test:RegressionTest0]/[test:test177(RegressionTest0)]
display-name: test177
]]></system-out>
</testcase>
<testcase name="test238" classname="RegressionTest0" time="0">
<system-out><![CDATA[
unique-id: [engine:junit-vintage]/[runner:RegressionTest]/[test:RegressionTest0]/[test:test238(RegressionTest0)]
display-name: test238
]]></system-out>
</testcase>
<testcase name="test212" classname="RegressionTest0" time="0">
<system-out><![CDATA[
unique-id: [engine:junit-vintage]/[runner:RegressionTest]/[test:RegressionTest0]/[test:test212(RegressionTest0)]
display-name: test212
]]></system-out>
</testcase>
<testcase name="test794" classname="RegressionTest1" time="0">
<system-out><![CDATA[
unique-id: [engine:junit-vintage]/[runner:RegressionTest]/[test:RegressionTest1]/[test:test794(RegressionTest1)]
display-name: test794
]]></system-out>
</testcase>
<testcase name="test222" classname="RegressionTest0" time="0">
<system-out><![CDATA[
unique-id: [engine:junit-vintage]/[runner:RegressionTest]/[test:RegressionTest0]/[test:test222(RegressionTest0)]
display-name: test222
]]></system-out>
</testcase>
<testcase name="test301" classname="RegressionTest0" time="0">
<system-out><![CDATA[
unique-id: [engine:junit-vintage]/[runner:RegressionTest]/[test:RegressionTest0]/[test:test301(RegressionTest0)]
display-name: test301
]]></system-out>
</testcase>
<testcase name="test619" classname="RegressionTest1" time="0">
<system-out><![CDATA[
unique-id: [engine:junit-vintage]/[runner:RegressionTest]/[test:RegressionTest1]/[test:test619(RegressionTest1)]
display-name: test619
]]></system-out>
</testcase>
<testcase name="test854" classname="RegressionTest1" time="0">
<system-out><![CDATA[
unique-id: [engine:junit-vintage]/[runner:RegressionTest]/[test:RegressionTest1]/[test:test854(RegressionTest1)]
display-name: test854
]]></system-out>
</testcase>
<testcase name="test482" classname="RegressionTest0" time="0">
<system-out><![CDATA[
unique-id: [engine:junit-vintage]/[runner:RegressionTest]/[test:RegressionTest0]/[test:test482(RegressionTest0)]
display-name: test482
]]></system-out>
</testcase>
<testcase name="test082" classname="RegressionTest0" time="0">
<system-out><![CDATA[
unique-id: [engine:junit-vintage]/[runner:RegressionTest]/[test:RegressionTest0]/[test:test082(RegressionTest0)]
display-name: test082
]]></system-out>
</testcase>
<testcase name="test765" classname="RegressionTest1" time="0">
<system-out><![CDATA[
unique-id: [engine:junit-vintage]/[runner:RegressionTest]/[test:RegressionTest1]/[test:test765(RegressionTest1)]
display-name: test765
]]></system-out>
</testcase>
<testcase name="test844" classname="RegressionTest1" time="0">
<system-out><![CDATA[
unique-id: [engine:junit-vintage]/[runner:RegressionTest]/[test:RegressionTest1]/[test:test844(RegressionTest1)]
display-name: test844
]]></system-out>
</testcase>
<testcase name="test492" classname="RegressionTest0" time="0">
<system-out><![CDATA[
unique-id: [engine:junit-vintage]/[runner:RegressionTest]/[test:RegressionTest0]/[test:test492(RegressionTest0)]
display-name: test492
]]></system-out>
</testcase>
<testcase name="test257" classname="RegressionTest0" time="0">
<system-out><![CDATA[
unique-id: [engine:junit-vintage]/[runner:RegressionTest]/[test:RegressionTest0]/[test:test257(RegressionTest0)]
display-name: test257
]]></system-out>
</testcase>
<testcase name="test336" classname="RegressionTest0" time="0">
<system-out><![CDATA[
unique-id: [engine:junit-vintage]/[runner:RegressionTest]/[test:RegressionTest0]/[test:test336(RegressionTest0)]
display-name: test336
]]></system-out>
</testcase>
<testcase name="test740" classname="RegressionTest1" time="0">
<system-out><![CDATA[
unique-id: [engine:junit-vintage]/[runner:RegressionTest]/[test:RegressionTest1]/[test:test740(RegressionTest1)]
display-name: test740
]]></system-out>
</testcase>
<testcase name="test609" classname="RegressionTest1" time="0">
<system-out><![CDATA[
unique-id: [engine:junit-vintage]/[runner:RegressionTest]/[test:RegressionTest1]/[test:test609(RegressionTest1)]
display-name: test609
]]></system-out>
</testcase>
<testcase name="test092" classname="RegressionTest0" time="0.001">
<system-out><![CDATA[
unique-id: [engine:junit-vintage]/[runner:RegressionTest]/[test:RegressionTest0]/[test:test092(RegressionTest0)]
display-name: test092
]]></system-out>
</testcase>
<testcase name="test533" classname="RegressionTest1" time="0.001">
<system-out><![CDATA[
unique-id: [engine:junit-vintage]/[runner:RegressionTest]/[test:RegressionTest1]/[test:test533(RegressionTest1)]
display-name: test533
]]></system-out>
</testcase>
<testcase name="test171" classname="RegressionTest0" time="0">
<system-out><![CDATA[
unique-id: [engine:junit-vintage]/[runner:RegressionTest]/[test:RegressionTest0]/[test:test171(RegressionTest0)]
display-name: test171
]]></system-out>
</testcase>
<testcase name="test158" classname="RegressionTest0" time="0">
<system-out><![CDATA[
unique-id: [engine:junit-vintage]/[runner:RegressionTest]/[test:RegressionTest0]/[test:test158(RegressionTest0)]
display-name: test158
]]></system-out>
</testcase>
<testcase name="test641" classname="RegressionTest1" time="0">
<system-out><![CDATA[
unique-id: [engine:junit-vintage]/[runner:RegressionTest]/[test:RegressionTest1]/[test:test641(RegressionTest1)]
display-name: test641
]]></system-out>
</testcase>
<testcase name="test311" classname="RegressionTest0" time="0">
<system-out><![CDATA[
unique-id: [engine:junit-vintage]/[runner:RegressionTest]/[test:RegressionTest0]/[test:test311(RegressionTest0)]
display-name: test311
]]></system-out>
</testcase>
<testcase name="test247" classname="RegressionTest0" time="0">
<system-out><![CDATA[
unique-id: [engine:junit-vintage]/[runner:RegressionTest]/[test:RegressionTest0]/[test:test247(RegressionTest0)]
display-name: test247
]]></system-out>
</testcase>
<testcase name="test543" classname="RegressionTest1" time="0">
<system-out><![CDATA[
unique-id: [engine:junit-vintage]/[runner:RegressionTest]/[test:RegressionTest1]/[test:test543(RegressionTest1)]
display-name: test543
]]></system-out>
</testcase>
<testcase name="test400" classname="RegressionTest0" time="0">
<system-out><![CDATA[
unique-id: [engine:junit-vintage]/[runner:RegressionTest]/[test:RegressionTest0]/[test:test400(RegressionTest0)]
display-name: test400
]]></system-out>
</testcase>
<testcase name="test730" classname="RegressionTest1" time="0">
<system-out><![CDATA[
unique-id: [engine:junit-vintage]/[runner:RegressionTest]/[test:RegressionTest1]/[test:test730(RegressionTest1)]
display-name: test730
]]></system-out>
</testcase>
<testcase name="test168" classname="RegressionTest0" time="0">
<system-out><![CDATA[
unique-id: [engine:junit-vintage]/[runner:RegressionTest]/[test:RegressionTest0]/[test:test168(RegressionTest0)]
display-name: test168
]]></system-out>
</testcase>
<testcase name="test181" classname="RegressionTest0" time="0.003">
<system-out><![CDATA[
unique-id: [engine:junit-vintage]/[runner:RegressionTest]/[test:RegressionTest0]/[test:test181(RegressionTest0)]
display-name: test181
]]></system-out>
</testcase>
<testcase name="test651" classname="RegressionTest1" time="0">
<system-out><![CDATA[
unique-id: [engine:junit-vintage]/[runner:RegressionTest]/[test:RegressionTest1]/[test:test651(RegressionTest1)]
display-name: test651
]]></system-out>
</testcase>
<testcase name="test587" classname="RegressionTest1" time="0">
<system-out><![CDATA[
unique-id: [engine:junit-vintage]/[runner:RegressionTest]/[test:RegressionTest1]/[test:test587(RegressionTest1)]
display-name: test587
]]></system-out>
</testcase>
<testcase name="test444" classname="RegressionTest0" time="0">
<system-out><![CDATA[
unique-id: [engine:junit-vintage]/[runner:RegressionTest]/[test:RegressionTest0]/[test:test444(RegressionTest0)]
display-name: test444
]]></system-out>
</testcase>
<testcase name="test330" classname="RegressionTest0" time="0">
<system-out><![CDATA[
unique-id: [engine:junit-vintage]/[runner:RegressionTest]/[test:RegressionTest0]/[test:test330(RegressionTest0)]
display-name: test330
]]></system-out>
</testcase>
<testcase name="test260" classname="RegressionTest0" time="0">
<system-out><![CDATA[
unique-id: [engine:junit-vintage]/[runner:RegressionTest]/[test:RegressionTest0]/[test:test260(RegressionTest0)]
display-name: test260
]]></system-out>
</testcase>
<testcase name="test139" classname="RegressionTest0" time="0">
<system-out><![CDATA[
unique-id: [engine:junit-vintage]/[runner:RegressionTest]/[test:RegressionTest0]/[test:test139(RegressionTest0)]
display-name: test139
]]></system-out>
</testcase>
<testcase name="test622" classname="RegressionTest1" time="0">
<system-out><![CDATA[
unique-id: [engine:junit-vintage]/[runner:RegressionTest]/[test:RegressionTest1]/[test:test622(RegressionTest1)]
display-name: test622
]]></system-out>
</testcase>
<testcase name="test711" classname="RegressionTest1" time="0">
<system-out><![CDATA[
unique-id: [engine:junit-vintage]/[runner:RegressionTest]/[test:RegressionTest1]/[test:test711(RegressionTest1)]
display-name: test711
]]></system-out>
</testcase>
<testcase name="test295" classname="RegressionTest0" time="0">
<system-out><![CDATA[
unique-id: [engine:junit-vintage]/[runner:RegressionTest]/[test:RegressionTest0]/[test:test295(RegressionTest0)]
display-name: test295
]]></system-out>
</testcase>
<testcase name="test228" classname="RegressionTest0" time="0.001">
<system-out><![CDATA[
unique-id: [engine:junit-vintage]/[runner:RegressionTest]/[test:RegressionTest0]/[test:test228(RegressionTest0)]
display-name: test228
]]></system-out>
</testcase>
<testcase name="test562" classname="RegressionTest1" time="0">
<system-out><![CDATA[
unique-id: [engine:junit-vintage]/[runner:RegressionTest]/[test:RegressionTest1]/[test:test562(RegressionTest1)]
display-name: test562
]]></system-out>
</testcase>
<testcase name="test044" classname="RegressionTest0" time="0.001">
<system-out><![CDATA[
unique-id: [engine:junit-vintage]/[runner:RegressionTest]/[test:RegressionTest0]/[test:test044(RegressionTest0)]
display-name: test044
]]></system-out>
</testcase>
<testcase name="test209" classname="RegressionTest0" time="0.001">
<system-out><![CDATA[
unique-id: [engine:junit-vintage]/[runner:RegressionTest]/[test:RegressionTest0]/[test:test209(RegressionTest0)]
display-name: test209
]]></system-out>
</testcase>
<testcase name="test079" classname="RegressionTest0" time="0">
<system-out><![CDATA[
unique-id: [engine:junit-vintage]/[runner:RegressionTest]/[test:RegressionTest0]/[test:test079(RegressionTest0)]
display-name: test079
]]></system-out>
</testcase>
<testcase name="test479" classname="RegressionTest0" time="0">
<system-out><![CDATA[
unique-id: [engine:junit-vintage]/[runner:RegressionTest]/[test:RegressionTest0]/[test:test479(RegressionTest0)]
display-name: test479
]]></system-out>
</testcase>
<testcase name="test114" classname="RegressionTest0" time="0.001">
<system-out><![CDATA[
unique-id: [engine:junit-vintage]/[runner:RegressionTest]/[test:RegressionTest0]/[test:test114(RegressionTest0)]
display-name: test114
]]></system-out>
</testcase>
<testcase name="test657" classname="RegressionTest1" time="0">
<system-out><![CDATA[
unique-id: [engine:junit-vintage]/[runner:RegressionTest]/[test:RegressionTest1]/[test:test657(RegressionTest1)]
display-name: test657
]]></system-out>
</testcase>
<testcase name="test806" classname="RegressionTest1" time="0">
<system-out><![CDATA[
unique-id: [engine:junit-vintage]/[runner:RegressionTest]/[test:RegressionTest1]/[test:test806(RegressionTest1)]
display-name: test806
]]></system-out>
</testcase>
<testcase name="test241" classname="RegressionTest0" time="0">
<system-out><![CDATA[
unique-id: [engine:junit-vintage]/[runner:RegressionTest]/[test:RegressionTest0]/[test:test241(RegressionTest0)]
display-name: test241
]]></system-out>
</testcase>
<testcase name="test800" classname="RegressionTest1" time="0">
<system-out><![CDATA[
unique-id: [engine:junit-vintage]/[runner:RegressionTest]/[test:RegressionTest1]/[test:test800(RegressionTest1)]
display-name: test800
]]></system-out>
</testcase>
<testcase name="test133" classname="RegressionTest0" time="0">
<system-out><![CDATA[
unique-id: [engine:junit-vintage]/[runner:RegressionTest]/[test:RegressionTest0]/[test:test133(RegressionTest0)]
display-name: test133
]]></system-out>
</testcase>
<testcase name="test317" classname="RegressionTest0" time="0">
<system-out><![CDATA[
unique-id: [engine:junit-vintage]/[runner:RegressionTest]/[test:RegressionTest0]/[test:test317(RegressionTest0)]
display-name: test317
]]></system-out>
</testcase>
<testcase name="test676" classname="RegressionTest1" time="0">
<system-out><![CDATA[
unique-id: [engine:junit-vintage]/[runner:RegressionTest]/[test:RegressionTest1]/[test:test676(RegressionTest1)]
display-name: test676
]]></system-out>
</testcase>
<testcase name="test025" classname="RegressionTest0" time="0.001">
<system-out><![CDATA[
unique-id: [engine:junit-vintage]/[runner:RegressionTest]/[test:RegressionTest0]/[test:test025(RegressionTest0)]
display-name: test025
]]></system-out>
</testcase>
<testcase name="test873" classname="RegressionTest1" time="0">
<system-out><![CDATA[
unique-id: [engine:junit-vintage]/[runner:RegressionTest]/[test:RegressionTest1]/[test:test873(RegressionTest1)]
display-name: test873
]]></system-out>
</testcase>
<testcase name="test603" classname="RegressionTest1" time="0">
<system-out><![CDATA[
unique-id: [engine:junit-vintage]/[runner:RegressionTest]/[test:RegressionTest1]/[test:test603(RegressionTest1)]
display-name: test603
]]></system-out>
</testcase>
<testcase name="test498" classname="RegressionTest0" time="0">
<system-out><![CDATA[
unique-id: [engine:junit-vintage]/[runner:RegressionTest]/[test:RegressionTest0]/[test:test498(RegressionTest0)]
display-name: test498
]]></system-out>
</testcase>
<testcase name="test425" classname="RegressionTest0" time="0">
<system-out><![CDATA[
unique-id: [engine:junit-vintage]/[runner:RegressionTest]/[test:RegressionTest0]/[test:test425(RegressionTest0)]
display-name: test425
]]></system-out>
</testcase>
<testcase name="test098" classname="RegressionTest0" time="0.002">
<system-out><![CDATA[
unique-id: [engine:junit-vintage]/[runner:RegressionTest]/[test:RegressionTest0]/[test:test098(RegressionTest0)]
display-name: test098
]]></system-out>
</testcase>
<testcase name="test568" classname="RegressionTest1" time="0">
<system-out><![CDATA[
unique-id: [engine:junit-vintage]/[runner:RegressionTest]/[test:RegressionTest1]/[test:test568(RegressionTest1)]
display-name: test568
]]></system-out>
</testcase>
<testcase name="test581" classname="RegressionTest1" time="0">
<system-out><![CDATA[
unique-id: [engine:junit-vintage]/[runner:RegressionTest]/[test:RegressionTest1]/[test:test581(RegressionTest1)]
display-name: test581
]]></system-out>
</testcase>
<testcase name="test327" classname="RegressionTest0" time="0">
<system-out><![CDATA[
unique-id: [engine:junit-vintage]/[runner:RegressionTest]/[test:RegressionTest0]/[test:test327(RegressionTest0)]
display-name: test327
]]></system-out>
</testcase>
<testcase name="test853" classname="RegressionTest1" time="0">
<system-out><![CDATA[
unique-id: [engine:junit-vintage]/[runner:RegressionTest]/[test:RegressionTest1]/[test:test853(RegressionTest1)]
display-name: test853
]]></system-out>
</testcase>
<testcase name="test506" classname="RegressionTest1" time="0">
<system-out><![CDATA[
unique-id: [engine:junit-vintage]/[runner:RegressionTest]/[test:RegressionTest1]/[test:test506(RegressionTest1)]
display-name: test506
]]></system-out>
</testcase>
<testcase name="test782" classname="RegressionTest1" time="0">
<system-out><![CDATA[
unique-id: [engine:junit-vintage]/[runner:RegressionTest]/[test:RegressionTest1]/[test:test782(RegressionTest1)]
display-name: test782
]]></system-out>
</testcase>
<testcase name="test256" classname="RegressionTest0" time="0">
<system-out><![CDATA[
unique-id: [engine:junit-vintage]/[runner:RegressionTest]/[test:RegressionTest0]/[test:test256(RegressionTest0)]
display-name: test256
]]></system-out>
</testcase>
<testcase name="test022" classname="RegressionTest0" time="0.001">
<system-out><![CDATA[
unique-id: [engine:junit-vintage]/[runner:RegressionTest]/[test:RegressionTest0]/[test:test022(RegressionTest0)]
display-name: test022
]]></system-out>
</testcase>
<testcase name="test440" classname="RegressionTest0" time="0">
<system-out><![CDATA[
unique-id: [engine:junit-vintage]/[runner:RegressionTest]/[test:RegressionTest0]/[test:test440(RegressionTest0)]
display-name: test440
]]></system-out>
</testcase>
<testcase name="test475" classname="RegressionTest0" time="0.001">
<system-out><![CDATA[
unique-id: [engine:junit-vintage]/[runner:RegressionTest]/[test:RegressionTest0]/[test:test475(RegressionTest0)]
display-name: test475
]]></system-out>
</testcase>
<testcase name="test705" classname="RegressionTest1" time="0">
<system-out><![CDATA[
unique-id: [engine:junit-vintage]/[runner:RegressionTest]/[test:RegressionTest1]/[test:test705(RegressionTest1)]
display-name: test705
]]></system-out>
</testcase>
<testcase name="test170" classname="RegressionTest0" time="0.001">
<system-out><![CDATA[
unique-id: [engine:junit-vintage]/[runner:RegressionTest]/[test:RegressionTest0]/[test:test170(RegressionTest0)]
display-name: test170
]]></system-out>
</testcase>
<testcase name="test057" classname="RegressionTest0" time="0.001">
<system-out><![CDATA[
unique-id: [engine:junit-vintage]/[runner:RegressionTest]/[test:RegressionTest0]/[test:test057(RegressionTest0)]
display-name: test057
]]></system-out>
</testcase>
<testcase name="test583" classname="RegressionTest1" time="0">
<system-out><![CDATA[
unique-id: [engine:junit-vintage]/[runner:RegressionTest]/[test:RegressionTest1]/[test:test583(RegressionTest1)]
display-name: test583
]]></system-out>
</testcase>
<testcase name="test384" classname="RegressionTest0" time="0.001">
<system-out><![CDATA[
unique-id: [engine:junit-vintage]/[runner:RegressionTest]/[test:RegressionTest0]/[test:test384(RegressionTest0)]
display-name: test384
]]></system-out>
</testcase>
<testcase name="test037" classname="RegressionTest0" time="0">
<system-out><![CDATA[
unique-id: [engine:junit-vintage]/[runner:RegressionTest]/[test:RegressionTest0]/[test:test037(RegressionTest0)]
display-name: test037
]]></system-out>
</testcase>
<testcase name="test108" classname="RegressionTest0" time="0">
<system-out><![CDATA[
unique-id: [engine:junit-vintage]/[runner:RegressionTest]/[test:RegressionTest0]/[test:test108(RegressionTest0)]
display-name: test108
]]></system-out>
</testcase>
<testcase name="test276" classname="RegressionTest0" time="0">
<system-out><![CDATA[
unique-id: [engine:junit-vintage]/[runner:RegressionTest]/[test:RegressionTest0]/[test:test276(RegressionTest0)]
display-name: test276
]]></system-out>
</testcase>
<testcase name="test654" classname="RegressionTest1" time="0">
<system-out><![CDATA[
unique-id: [engine:junit-vintage]/[runner:RegressionTest]/[test:RegressionTest1]/[test:test654(RegressionTest1)]
display-name: test654
]]></system-out>
</testcase>
<testcase name="test669" classname="RegressionTest1" time="0">
<system-out><![CDATA[
unique-id: [engine:junit-vintage]/[runner:RegressionTest]/[test:RegressionTest1]/[test:test669(RegressionTest1)]
display-name: test669
]]></system-out>
</testcase>
<testcase name="test150" classname="RegressionTest0" time="0.001">
<system-out><![CDATA[
unique-id: [engine:junit-vintage]/[runner:RegressionTest]/[test:RegressionTest0]/[test:test150(RegressionTest0)]
display-name: test150
]]></system-out>
</testcase>
<testcase name="test833" classname="RegressionTest1" time="0">
<system-out><![CDATA[
unique-id: [engine:junit-vintage]/[runner:RegressionTest]/[test:RegressionTest1]/[test:test833(RegressionTest1)]
display-name: test833
]]></system-out>
</testcase>
<testcase name="test221" classname="RegressionTest0" time="0">
<system-out><![CDATA[
unique-id: [engine:junit-vintage]/[runner:RegressionTest]/[test:RegressionTest0]/[test:test221(RegressionTest0)]
display-name: test221
]]></system-out>
</testcase>
<testcase name="test347" classname="RegressionTest0" time="0">
<system-out><![CDATA[
unique-id: [engine:junit-vintage]/[runner:RegressionTest]/[test:RegressionTest0]/[test:test347(RegressionTest0)]
display-name: test347
]]></system-out>
</testcase>
<testcase name="test725" classname="RegressionTest1" time="0">
<system-out><![CDATA[
unique-id: [engine:junit-vintage]/[runner:RegressionTest]/[test:RegressionTest1]/[test:test725(RegressionTest1)]
display-name: test725
]]></system-out>
</testcase>
<testcase name="test455" classname="RegressionTest0" time="0">
<system-out><![CDATA[
unique-id: [engine:junit-vintage]/[runner:RegressionTest]/[test:RegressionTest0]/[test:test455(RegressionTest0)]
display-name: test455
]]></system-out>
</testcase>
<testcase name="test042" classname="RegressionTest0" time="0">
<system-out><![CDATA[
unique-id: [engine:junit-vintage]/[runner:RegressionTest]/[test:RegressionTest0]/[test:test042(RegressionTest0)]
display-name: test042
]]></system-out>
</testcase>
<testcase name="test598" classname="RegressionTest1" time="0">
<system-out><![CDATA[
unique-id: [engine:junit-vintage]/[runner:RegressionTest]/[test:RegressionTest1]/[test:test598(RegressionTest1)]
display-name: test598
]]></system-out>
</testcase>
<testcase name="test710" classname="RegressionTest1" time="0">
<system-out><![CDATA[
unique-id: [engine:junit-vintage]/[runner:RegressionTest]/[test:RegressionTest1]/[test:test710(RegressionTest1)]
display-name: test710
]]></system-out>
</testcase>
<testcase name="test219" classname="RegressionTest0" time="0">
<system-out><![CDATA[
unique-id: [engine:junit-vintage]/[runner:RegressionTest]/[test:RegressionTest0]/[test:test219(RegressionTest0)]
display-name: test219
]]></system-out>
</testcase>
<testcase name="test077" classname="RegressionTest0" time="0">
<system-out><![CDATA[
unique-id: [engine:junit-vintage]/[runner:RegressionTest]/[test:RegressionTest0]/[test:test077(RegressionTest0)]
display-name: test077
]]></system-out>
</testcase>
<testcase name="test674" classname="RegressionTest1" time="0">
<system-out><![CDATA[
unique-id: [engine:junit-vintage]/[runner:RegressionTest]/[test:RegressionTest1]/[test:test674(RegressionTest1)]
display-name: test674
]]></system-out>
</testcase>
<testcase name="test399" classname="RegressionTest0" time="0">
<system-out><![CDATA[
unique-id: [engine:junit-vintage]/[runner:RegressionTest]/[test:RegressionTest0]/[test:test399(RegressionTest0)]
display-name: test399
]]></system-out>
</testcase>
<testcase name="test578" classname="RegressionTest1" time="0">
<system-out><![CDATA[
unique-id: [engine:junit-vintage]/[runner:RegressionTest]/[test:RegressionTest1]/[test:test578(RegressionTest1)]
display-name: test578
]]></system-out>
</testcase>
<testcase name="test165" classname="RegressionTest0" time="0">
<system-out><![CDATA[
unique-id: [engine:junit-vintage]/[runner:RegressionTest]/[test:RegressionTest0]/[test:test165(RegressionTest0)]
display-name: test165
]]></system-out>
</testcase>
<testcase name="test435" classname="RegressionTest0" time="0">
<system-out><![CDATA[
unique-id: [engine:junit-vintage]/[runner:RegressionTest]/[test:RegressionTest0]/[test:test435(RegressionTest0)]
display-name: test435
]]></system-out>
</testcase>
<testcase name="test691" classname="RegressionTest1" time="0">
<system-out><![CDATA[
unique-id: [engine:junit-vintage]/[runner:RegressionTest]/[test:RegressionTest1]/[test:test691(RegressionTest1)]
display-name: test691
]]></system-out>
</testcase>
<testcase name="test797" classname="RegressionTest1" time="0">
<system-out><![CDATA[
unique-id: [engine:junit-vintage]/[runner:RegressionTest]/[test:RegressionTest1]/[test:test797(RegressionTest1)]
display-name: test797
]]></system-out>
</testcase>
<testcase name="test332" classname="RegressionTest0" time="0">
<system-out><![CDATA[
unique-id: [engine:junit-vintage]/[runner:RegressionTest]/[test:RegressionTest0]/[test:test332(RegressionTest0)]
display-name: test332
]]></system-out>
</testcase>
<testcase name="test418" classname="RegressionTest0" time="0">
<system-out><![CDATA[
unique-id: [engine:junit-vintage]/[runner:RegressionTest]/[test:RegressionTest0]/[test:test418(RegressionTest0)]
display-name: test418
]]></system-out>
</testcase>
<testcase name="test201" classname="RegressionTest0" time="0">
<system-out><![CDATA[
unique-id: [engine:junit-vintage]/[runner:RegressionTest]/[test:RegressionTest0]/[test:test201(RegressionTest0)]
display-name: test201
]]></system-out>
</testcase>
<testcase name="test296" classname="RegressionTest0" time="0">
<system-out><![CDATA[
unique-id: [engine:junit-vintage]/[runner:RegressionTest]/[test:RegressionTest0]/[test:test296(RegressionTest0)]
display-name: test296
]]></system-out>
</testcase>
<testcase name="test438" classname="RegressionTest0" time="0">
<system-out><![CDATA[
unique-id: [engine:junit-vintage]/[runner:RegressionTest]/[test:RegressionTest0]/[test:test438(RegressionTest0)]
display-name: test438
]]></system-out>
</testcase>
<testcase name="test563" classname="RegressionTest1" time="0">
<system-out><![CDATA[
unique-id: [engine:junit-vintage]/[runner:RegressionTest]/[test:RegressionTest1]/[test:test563(RegressionTest1)]
display-name: test563
]]></system-out>
</testcase>
<testcase name="test420" classname="RegressionTest0" time="0">
<system-out><![CDATA[
unique-id: [engine:junit-vintage]/[runner:RegressionTest]/[test:RegressionTest0]/[test:test420(RegressionTest0)]
display-name: test420
]]></system-out>
</testcase>
<testcase name="test813" classname="RegressionTest1" time="0">
<system-out><![CDATA[
unique-id: [engine:junit-vintage]/[runner:RegressionTest]/[test:RegressionTest1]/[test:test813(RegressionTest1)]
display-name: test813
]]></system-out>
</testcase>
<testcase name="test062" classname="RegressionTest0" time="0.002">
<system-out><![CDATA[
unique-id: [engine:junit-vintage]/[runner:RegressionTest]/[test:RegressionTest0]/[test:test062(RegressionTest0)]
display-name: test062
]]></system-out>
</testcase>
<testcase name="test671" classname="RegressionTest1" time="0">
<system-out><![CDATA[
unique-id: [engine:junit-vintage]/[runner:RegressionTest]/[test:RegressionTest1]/[test:test671(RegressionTest1)]
display-name: test671
]]></system-out>
</testcase>
<testcase name="test293" classname="RegressionTest0" time="0">
<system-out><![CDATA[
unique-id: [engine:junit-vintage]/[runner:RegressionTest]/[test:RegressionTest0]/[test:test293(RegressionTest0)]
display-name: test293
]]></system-out>
</testcase>
<testcase name="test307" classname="RegressionTest0" time="0">
<system-out><![CDATA[
unique-id: [engine:junit-vintage]/[runner:RegressionTest]/[test:RegressionTest0]/[test:test307(RegressionTest0)]
display-name: test307
]]></system-out>
</testcase>
<testcase name="test816" classname="RegressionTest1" time="0">
<system-out><![CDATA[
unique-id: [engine:junit-vintage]/[runner:RegressionTest]/[test:RegressionTest1]/[test:test816(RegressionTest1)]
display-name: test816
]]></system-out>
</testcase>
<testcase name="test204" classname="RegressionTest0" time="0">
<system-out><![CDATA[
unique-id: [engine:junit-vintage]/[runner:RegressionTest]/[test:RegressionTest0]/[test:test204(RegressionTest0)]
display-name: test204
]]></system-out>
</testcase>
<testcase name="test689" classname="RegressionTest1" time="0">
<system-out><![CDATA[
unique-id: [engine:junit-vintage]/[runner:RegressionTest]/[test:RegressionTest1]/[test:test689(RegressionTest1)]
display-name: test689
]]></system-out>
</testcase>
<testcase name="test190" classname="RegressionTest0" time="0">
<system-out><![CDATA[
unique-id: [engine:junit-vintage]/[runner:RegressionTest]/[test:RegressionTest0]/[test:test190(RegressionTest0)]
display-name: test190
]]></system-out>
</testcase>
<testcase name="test312" classname="RegressionTest0" time="0">
<system-out><![CDATA[
unique-id: [engine:junit-vintage]/[runner:RegressionTest]/[test:RegressionTest0]/[test:test312(RegressionTest0)]
display-name: test312
]]></system-out>
</testcase>
<testcase name="test694" classname="RegressionTest1" time="0">
<system-out><![CDATA[
unique-id: [engine:junit-vintage]/[runner:RegressionTest]/[test:RegressionTest1]/[test:test694(RegressionTest1)]
display-name: test694
]]></system-out>
</testcase>
<testcase name="test185" classname="RegressionTest0" time="0.001">
<system-out><![CDATA[
unique-id: [engine:junit-vintage]/[runner:RegressionTest]/[test:RegressionTest0]/[test:test185(RegressionTest0)]
display-name: test185
]]></system-out>
</testcase>
<testcase name="test531" classname="RegressionTest1" time="0">
<system-out><![CDATA[
unique-id: [engine:junit-vintage]/[runner:RegressionTest]/[test:RegressionTest1]/[test:test531(RegressionTest1)]
display-name: test531
]]></system-out>
</testcase>
<testcase name="test005" classname="RegressionTest0" time="0.005">
<system-out><![CDATA[
unique-id: [engine:junit-vintage]/[runner:RegressionTest]/[test:RegressionTest0]/[test:test005(RegressionTest0)]
display-name: test005
]]></system-out>
</testcase>
<testcase name="test602" classname="RegressionTest1" time="0">
<system-out><![CDATA[
unique-id: [engine:junit-vintage]/[runner:RegressionTest]/[test:RegressionTest1]/[test:test602(RegressionTest1)]
display-name: test602
]]></system-out>
</testcase>
<testcase name="test558" classname="RegressionTest1" time="0">
<system-out><![CDATA[
unique-id: [engine:junit-vintage]/[runner:RegressionTest]/[test:RegressionTest1]/[test:test558(RegressionTest1)]
display-name: test558
]]></system-out>
</testcase>
<testcase name="test637" classname="RegressionTest1" time="0">
<system-out><![CDATA[
unique-id: [engine:junit-vintage]/[runner:RegressionTest]/[test:RegressionTest1]/[test:test637(RegressionTest1)]
display-name: test637
]]></system-out>
</testcase>
<testcase name="test415" classname="RegressionTest0" time="0">
<system-out><![CDATA[
unique-id: [engine:junit-vintage]/[runner:RegressionTest]/[test:RegressionTest0]/[test:test415(RegressionTest0)]
display-name: test415
]]></system-out>
</testcase>
<testcase name="test801" classname="RegressionTest1" time="0">
<system-out><![CDATA[
unique-id: [engine:junit-vintage]/[runner:RegressionTest]/[test:RegressionTest1]/[test:test801(RegressionTest1)]
display-name: test801
]]></system-out>
</testcase>
<testcase name="test423" classname="RegressionTest0" time="0">
<system-out><![CDATA[
unique-id: [engine:junit-vintage]/[runner:RegressionTest]/[test:RegressionTest0]/[test:test423(RegressionTest0)]
display-name: test423
]]></system-out>
</testcase>
<testcase name="test110" classname="RegressionTest0" time="0.001">
<system-out><![CDATA[
unique-id: [engine:junit-vintage]/[runner:RegressionTest]/[test:RegressionTest0]/[test:test110(RegressionTest0)]
display-name: test110
]]></system-out>
</testcase>
<testcase name="test153" classname="RegressionTest0" time="0">
<system-out><![CDATA[
unique-id: [engine:junit-vintage]/[runner:RegressionTest]/[test:RegressionTest0]/[test:test153(RegressionTest0)]
display-name: test153
]]></system-out>
</testcase>
<testcase name="test523" classname="RegressionTest1" time="0">
<system-out><![CDATA[
unique-id: [engine:junit-vintage]/[runner:RegressionTest]/[test:RegressionTest1]/[test:test523(RegressionTest1)]
display-name: test523
]]></system-out>
</testcase>
<testcase name="test566" classname="RegressionTest1" time="0">
<system-out><![CDATA[
unique-id: [engine:junit-vintage]/[runner:RegressionTest]/[test:RegressionTest1]/[test:test566(RegressionTest1)]
display-name: test566
]]></system-out>
</testcase>
<testcase name="test785" classname="RegressionTest1" time="0">
<system-out><![CDATA[
unique-id: [engine:junit-vintage]/[runner:RegressionTest]/[test:RegressionTest1]/[test:test785(RegressionTest1)]
display-name: test785
]]></system-out>
</testcase>
<testcase name="test216" classname="RegressionTest0" time="0">
<system-out><![CDATA[
unique-id: [engine:junit-vintage]/[runner:RegressionTest]/[test:RegressionTest0]/[test:test216(RegressionTest0)]
display-name: test216
]]></system-out>
</testcase>
<testcase name="test777" classname="RegressionTest1" time="0">
<system-out><![CDATA[
unique-id: [engine:junit-vintage]/[runner:RegressionTest]/[test:RegressionTest1]/[test:test777(RegressionTest1)]
display-name: test777
]]></system-out>
</testcase>
<testcase name="test145" classname="RegressionTest0" time="0">
<system-out><![CDATA[
unique-id: [engine:junit-vintage]/[runner:RegressionTest]/[test:RegressionTest0]/[test:test145(RegressionTest0)]
display-name: test145
]]></system-out>
</testcase>
<testcase name="test324" classname="RegressionTest0" time="0">
<system-out><![CDATA[
unique-id: [engine:junit-vintage]/[runner:RegressionTest]/[test:RegressionTest0]/[test:test324(RegressionTest0)]
display-name: test324
]]></system-out>
</testcase>
<testcase name="test848" classname="RegressionTest1" time="0">
<system-out><![CDATA[
unique-id: [engine:junit-vintage]/[runner:RegressionTest]/[test:RegressionTest1]/[test:test848(RegressionTest1)]
display-name: test848
]]></system-out>
</testcase>
<testcase name="test856" classname="RegressionTest1" time="0">
<system-out><![CDATA[
unique-id: [engine:junit-vintage]/[runner:RegressionTest]/[test:RegressionTest1]/[test:test856(RegressionTest1)]
display-name: test856
]]></system-out>
</testcase>
<testcase name="test580" classname="RegressionTest1" time="0">
<system-out><![CDATA[
unique-id: [engine:junit-vintage]/[runner:RegressionTest]/[test:RegressionTest1]/[test:test580(RegressionTest1)]
display-name: test580
]]></system-out>
</testcase>
<testcase name="test224" classname="RegressionTest0" time="0.001">
<system-out><![CDATA[
unique-id: [engine:junit-vintage]/[runner:RegressionTest]/[test:RegressionTest0]/[test:test224(RegressionTest0)]
display-name: test224
]]></system-out>
</testcase>
<testcase name="test097" classname="RegressionTest0" time="0.002">
<system-out><![CDATA[
unique-id: [engine:junit-vintage]/[runner:RegressionTest]/[test:RegressionTest0]/[test:test097(RegressionTest0)]
display-name: test097
]]></system-out>
</testcase>
<testcase name="test089" classname="RegressionTest0" time="0">
<system-out><![CDATA[
unique-id: [engine:junit-vintage]/[runner:RegressionTest]/[test:RegressionTest0]/[test:test089(RegressionTest0)]
display-name: test089
]]></system-out>
</testcase>
<testcase name="test148" classname="RegressionTest0" time="0">
<system-out><![CDATA[
unique-id: [engine:junit-vintage]/[runner:RegressionTest]/[test:RegressionTest0]/[test:test148(RegressionTest0)]
display-name: test148
]]></system-out>
</testcase>
<testcase name="test094" classname="RegressionTest0" time="0">
<system-out><![CDATA[
unique-id: [engine:junit-vintage]/[runner:RegressionTest]/[test:RegressionTest0]/[test:test094(RegressionTest0)]
display-name: test094
]]></system-out>
</testcase>
<testcase name="test105" classname="RegressionTest0" time="0">
<system-out><![CDATA[
unique-id: [engine:junit-vintage]/[runner:RegressionTest]/[test:RegressionTest0]/[test:test105(RegressionTest0)]
display-name: test105
]]></system-out>
</testcase>
<testcase name="test631" classname="RegressionTest1" time="0">
<system-out><![CDATA[
unique-id: [engine:junit-vintage]/[runner:RegressionTest]/[test:RegressionTest1]/[test:test631(RegressionTest1)]
display-name: test631
]]></system-out>
</testcase>
<testcase name="test745" classname="RegressionTest1" time="0">
<system-out><![CDATA[
unique-id: [engine:junit-vintage]/[runner:RegressionTest]/[test:RegressionTest1]/[test:test745(RegressionTest1)]
display-name: test745
]]></system-out>
</testcase>
<testcase name="test737" classname="RegressionTest1" time="0">
<system-out><![CDATA[
unique-id: [engine:junit-vintage]/[runner:RegressionTest]/[test:RegressionTest1]/[test:test737(RegressionTest1)]
display-name: test737
]]></system-out>
</testcase>
<testcase name="test478" classname="RegressionTest0" time="0">
<system-out><![CDATA[
unique-id: [engine:junit-vintage]/[runner:RegressionTest]/[test:RegressionTest0]/[test:test478(RegressionTest0)]
display-name: test478
]]></system-out>
</testcase>
<testcase name="test113" classname="RegressionTest0" time="0">
<system-out><![CDATA[
unique-id: [engine:junit-vintage]/[runner:RegressionTest]/[test:RegressionTest0]/[test:test113(RegressionTest0)]
display-name: test113
]]></system-out>
</testcase>
<testcase name="test261" classname="RegressionTest0" time="0">
<system-out><![CDATA[
unique-id: [engine:junit-vintage]/[runner:RegressionTest]/[test:RegressionTest0]/[test:test261(RegressionTest0)]
display-name: test261
]]></system-out>
</testcase>
<testcase name="test518" classname="RegressionTest1" time="0">
<system-out><![CDATA[
unique-id: [engine:junit-vintage]/[runner:RegressionTest]/[test:RegressionTest1]/[test:test518(RegressionTest1)]
display-name: test518
]]></system-out>
</testcase>
<testcase name="test010" classname="RegressionTest0" time="0">
<system-out><![CDATA[
unique-id: [engine:junit-vintage]/[runner:RegressionTest]/[test:RegressionTest0]/[test:test010(RegressionTest0)]
display-name: test010
]]></system-out>
</testcase>
<testcase name="test253" classname="RegressionTest0" time="0">
<system-out><![CDATA[
unique-id: [engine:junit-vintage]/[runner:RegressionTest]/[test:RegressionTest0]/[test:test253(RegressionTest0)]
display-name: test253
]]></system-out>
</testcase>
<testcase name="test259" classname="RegressionTest0" time="0">
<system-out><![CDATA[
unique-id: [engine:junit-vintage]/[runner:RegressionTest]/[test:RegressionTest0]/[test:test259(RegressionTest0)]
display-name: test259
]]></system-out>
</testcase>
<testcase name="test359" classname="RegressionTest0" time="0">
<system-out><![CDATA[
unique-id: [engine:junit-vintage]/[runner:RegressionTest]/[test:RegressionTest0]/[test:test359(RegressionTest0)]
display-name: test359
]]></system-out>
</testcase>
<testcase name="test742" classname="RegressionTest1" time="0">
<system-out><![CDATA[
unique-id: [engine:junit-vintage]/[runner:RegressionTest]/[test:RegressionTest1]/[test:test742(RegressionTest1)]
display-name: test742
]]></system-out>
</testcase>
<testcase name="test642" classname="RegressionTest1" time="0">
<system-out><![CDATA[
unique-id: [engine:junit-vintage]/[runner:RegressionTest]/[test:RegressionTest1]/[test:test642(RegressionTest1)]
display-name: test642
]]></system-out>
</testcase>
<testcase name="test634" classname="RegressionTest1" time="0">
<system-out><![CDATA[
unique-id: [engine:junit-vintage]/[runner:RegressionTest]/[test:RegressionTest1]/[test:test634(RegressionTest1)]
display-name: test634
]]></system-out>
</testcase>
<testcase name="test002" classname="RegressionTest0" time="0">
<system-out><![CDATA[
unique-id: [engine:junit-vintage]/[runner:RegressionTest]/[test:RegressionTest0]/[test:test002(RegressionTest0)]
display-name: test002
]]></system-out>
</testcase>
<testcase name="test367" classname="RegressionTest0" time="0">
<system-out><![CDATA[
unique-id: [engine:junit-vintage]/[runner:RegressionTest]/[test:RegressionTest0]/[test:test367(RegressionTest0)]
display-name: test367
]]></system-out>
</testcase>
<testcase name="test750" classname="RegressionTest1" time="0">
<system-out><![CDATA[
unique-id: [engine:junit-vintage]/[runner:RegressionTest]/[test:RegressionTest1]/[test:test750(RegressionTest1)]
display-name: test750
]]></system-out>
</testcase>
<testcase name="test467" classname="RegressionTest0" time="0">
<system-out><![CDATA[
unique-id: [engine:junit-vintage]/[runner:RegressionTest]/[test:RegressionTest0]/[test:test467(RegressionTest0)]
display-name: test467
]]></system-out>
</testcase>
<testcase name="test480" classname="RegressionTest0" time="0">
<system-out><![CDATA[
unique-id: [engine:junit-vintage]/[runner:RegressionTest]/[test:RegressionTest0]/[test:test480(RegressionTest0)]
display-name: test480
]]></system-out>
</testcase>
<testcase name="test526" classname="RegressionTest1" time="0">
<system-out><![CDATA[
unique-id: [engine:junit-vintage]/[runner:RegressionTest]/[test:RegressionTest1]/[test:test526(RegressionTest1)]
display-name: test526
]]></system-out>
</testcase>
<testcase name="test850" classname="RegressionTest1" time="0">
<system-out><![CDATA[
unique-id: [engine:junit-vintage]/[runner:RegressionTest]/[test:RegressionTest1]/[test:test850(RegressionTest1)]
display-name: test850
]]></system-out>
</testcase>
<testcase name="test372" classname="RegressionTest0" time="0">
<system-out><![CDATA[
unique-id: [engine:junit-vintage]/[runner:RegressionTest]/[test:RegressionTest0]/[test:test372(RegressionTest0)]
display-name: test372
]]></system-out>
</testcase>
<testcase name="test529" classname="RegressionTest1" time="0">
<system-out><![CDATA[
unique-id: [engine:junit-vintage]/[runner:RegressionTest]/[test:RegressionTest1]/[test:test529(RegressionTest1)]
display-name: test529
]]></system-out>
</testcase>
<testcase name="test364" classname="RegressionTest0" time="0">
<system-out><![CDATA[
unique-id: [engine:junit-vintage]/[runner:RegressionTest]/[test:RegressionTest0]/[test:test364(RegressionTest0)]
display-name: test364
]]></system-out>
</testcase>
<testcase name="test629" classname="RegressionTest1" time="0">
<system-out><![CDATA[
unique-id: [engine:junit-vintage]/[runner:RegressionTest]/[test:RegressionTest1]/[test:test629(RegressionTest1)]
display-name: test629
]]></system-out>
</testcase>
<testcase name="test472" classname="RegressionTest0" time="0.007">
<system-out><![CDATA[
unique-id: [engine:junit-vintage]/[runner:RegressionTest]/[test:RegressionTest0]/[test:test472(RegressionTest0)]
display-name: test472
]]></system-out>
</testcase>
<testcase name="test264" classname="RegressionTest0" time="0">
<system-out><![CDATA[
unique-id: [engine:junit-vintage]/[runner:RegressionTest]/[test:RegressionTest0]/[test:test264(RegressionTest0)]
display-name: test264
]]></system-out>
</testcase>
<testcase name="test030" classname="RegressionTest0" time="0">
<system-out><![CDATA[
unique-id: [engine:junit-vintage]/[runner:RegressionTest]/[test:RegressionTest0]/[test:test030(RegressionTest0)]
display-name: test030
]]></system-out>
</testcase>
<testcase name="test335" classname="RegressionTest0" time="0">
<system-out><![CDATA[
unique-id: [engine:junit-vintage]/[runner:RegressionTest]/[test:RegressionTest0]/[test:test335(RegressionTest0)]
display-name: test335
]]></system-out>
</testcase>
<testcase name="test290" classname="RegressionTest0" time="0">
<system-out><![CDATA[
unique-id: [engine:junit-vintage]/[runner:RegressionTest]/[test:RegressionTest0]/[test:test290(RegressionTest0)]
display-name: test290
]]></system-out>
</testcase>
<testcase name="test248" classname="RegressionTest0" time="0">
<system-out><![CDATA[
unique-id: [engine:junit-vintage]/[runner:RegressionTest]/[test:RegressionTest0]/[test:test248(RegressionTest0)]
display-name: test248
]]></system-out>
</testcase>
<testcase name="test319" classname="RegressionTest0" time="0">
<system-out><![CDATA[
unique-id: [engine:junit-vintage]/[runner:RegressionTest]/[test:RegressionTest0]/[test:test319(RegressionTest0)]
display-name: test319
]]></system-out>
</testcase>
<testcase name="test065" classname="RegressionTest0" time="0.001">
<system-out><![CDATA[
unique-id: [engine:junit-vintage]/[runner:RegressionTest]/[test:RegressionTest0]/[test:test065(RegressionTest0)]
display-name: test065
]]></system-out>
</testcase>
<testcase name="test300" classname="RegressionTest0" time="0">
<system-out><![CDATA[
unique-id: [engine:junit-vintage]/[runner:RegressionTest]/[test:RegressionTest0]/[test:test300(RegressionTest0)]
display-name: test300
]]></system-out>
</testcase>
<testcase name="test299" classname="RegressionTest0" time="0">
<system-out><![CDATA[
unique-id: [engine:junit-vintage]/[runner:RegressionTest]/[test:RegressionTest0]/[test:test299(RegressionTest0)]
display-name: test299
]]></system-out>
</testcase>
<testcase name="test049" classname="RegressionTest0" time="0.001">
<system-out><![CDATA[
unique-id: [engine:junit-vintage]/[runner:RegressionTest]/[test:RegressionTest0]/[test:test049(RegressionTest0)]
display-name: test049
]]></system-out>
</testcase>
<testcase name="test611" classname="RegressionTest1" time="0">
<system-out><![CDATA[
unique-id: [engine:junit-vintage]/[runner:RegressionTest]/[test:RegressionTest1]/[test:test611(RegressionTest1)]
display-name: test611
]]></system-out>
</testcase>
<testcase name="test662" classname="RegressionTest1" time="0">
<system-out><![CDATA[
unique-id: [engine:junit-vintage]/[runner:RegressionTest]/[test:RegressionTest1]/[test:test662(RegressionTest1)]
display-name: test662
]]></system-out>
</testcase>
<testcase name="test748" classname="RegressionTest1" time="0">
<system-out><![CDATA[
unique-id: [engine:junit-vintage]/[runner:RegressionTest]/[test:RegressionTest1]/[test:test748(RegressionTest1)]
display-name: test748
]]></system-out>
</testcase>
<testcase name="test014" classname="RegressionTest0" time="0.003">
<system-out><![CDATA[
unique-id: [engine:junit-vintage]/[runner:RegressionTest]/[test:RegressionTest0]/[test:test014(RegressionTest0)]
display-name: test014
]]></system-out>
</testcase>
<testcase name="test116" classname="RegressionTest0" time="0.001">
<system-out><![CDATA[
unique-id: [engine:junit-vintage]/[runner:RegressionTest]/[test:RegressionTest0]/[test:test116(RegressionTest0)]
display-name: test116
]]></system-out>
</testcase>
<testcase name="test376" classname="RegressionTest0" time="0">
<system-out><![CDATA[
unique-id: [engine:junit-vintage]/[runner:RegressionTest]/[test:RegressionTest0]/[test:test376(RegressionTest0)]
display-name: test376
]]></system-out>
</testcase>
<testcase name="test804" classname="RegressionTest1" time="0">
<system-out><![CDATA[
unique-id: [engine:junit-vintage]/[runner:RegressionTest]/[test:RegressionTest1]/[test:test804(RegressionTest1)]
display-name: test804
]]></system-out>
</testcase>
<testcase name="test091" classname="RegressionTest0" time="0.002">
<system-out><![CDATA[
unique-id: [engine:junit-vintage]/[runner:RegressionTest]/[test:RegressionTest0]/[test:test091(RegressionTest0)]
display-name: test091
]]></system-out>
</testcase>
<testcase name="test071" classname="RegressionTest0" time="0">
<system-out><![CDATA[
unique-id: [engine:junit-vintage]/[runner:RegressionTest]/[test:RegressionTest0]/[test:test071(RegressionTest0)]
display-name: test071
]]></system-out>
</testcase>
<testcase name="test045" classname="RegressionTest0" time="0">
<system-out><![CDATA[
unique-id: [engine:junit-vintage]/[runner:RegressionTest]/[test:RegressionTest0]/[test:test045(RegressionTest0)]
display-name: test045
]]></system-out>
</testcase>
<testcase name="test284" classname="RegressionTest0" time="0">
<system-out><![CDATA[
unique-id: [engine:junit-vintage]/[runner:RegressionTest]/[test:RegressionTest0]/[test:test284(RegressionTest0)]
display-name: test284
]]></system-out>
</testcase>
<testcase name="test569" classname="RegressionTest1" time="0.001">
<system-out><![CDATA[
unique-id: [engine:junit-vintage]/[runner:RegressionTest]/[test:RegressionTest1]/[test:test569(RegressionTest1)]
display-name: test569
]]></system-out>
</testcase>
<testcase name="test426" classname="RegressionTest0" time="0.001">
<system-out><![CDATA[
unique-id: [engine:junit-vintage]/[runner:RegressionTest]/[test:RegressionTest0]/[test:test426(RegressionTest0)]
display-name: test426
]]></system-out>
</testcase>
<testcase name="test830" classname="RegressionTest1" time="0">
<system-out><![CDATA[
unique-id: [engine:junit-vintage]/[runner:RegressionTest]/[test:RegressionTest1]/[test:test830(RegressionTest1)]
display-name: test830
]]></system-out>
</testcase>
<testcase name="test646" classname="RegressionTest1" time="0">
<system-out><![CDATA[
unique-id: [engine:junit-vintage]/[runner:RegressionTest]/[test:RegressionTest1]/[test:test646(RegressionTest1)]
display-name: test646
]]></system-out>
</testcase>
<testcase name="test008" classname="RegressionTest0" time="0">
<system-out><![CDATA[
unique-id: [engine:junit-vintage]/[runner:RegressionTest]/[test:RegressionTest0]/[test:test008(RegressionTest0)]
display-name: test008
]]></system-out>
</testcase>
<testcase name="test677" classname="RegressionTest1" time="0">
<system-out><![CDATA[
unique-id: [engine:junit-vintage]/[runner:RegressionTest]/[test:RegressionTest1]/[test:test677(RegressionTest1)]
display-name: test677
]]></system-out>
</testcase>
<testcase name="test029" classname="RegressionTest0" time="0">
<system-out><![CDATA[
unique-id: [engine:junit-vintage]/[runner:RegressionTest]/[test:RegressionTest0]/[test:test029(RegressionTest0)]
display-name: test029
]]></system-out>
</testcase>
<testcase name="test268" classname="RegressionTest0" time="0">
<system-out><![CDATA[
unique-id: [engine:junit-vintage]/[runner:RegressionTest]/[test:RegressionTest0]/[test:test268(RegressionTest0)]
display-name: test268
]]></system-out>
</testcase>
<testcase name="test173" classname="RegressionTest0" time="0">
<system-out><![CDATA[
unique-id: [engine:junit-vintage]/[runner:RegressionTest]/[test:RegressionTest0]/[test:test173(RegressionTest0)]
display-name: test173
]]></system-out>
</testcase>
<testcase name="test728" classname="RegressionTest1" time="0">
<system-out><![CDATA[
unique-id: [engine:junit-vintage]/[runner:RegressionTest]/[test:RegressionTest1]/[test:test728(RegressionTest1)]
display-name: test728
]]></system-out>
</testcase>
<testcase name="test824" classname="RegressionTest1" time="0">
<system-out><![CDATA[
unique-id: [engine:junit-vintage]/[runner:RegressionTest]/[test:RegressionTest1]/[test:test824(RegressionTest1)]
display-name: test824
]]></system-out>
</testcase>
<testcase name="test182" classname="RegressionTest0" time="0.002">
<system-out><![CDATA[
unique-id: [engine:junit-vintage]/[runner:RegressionTest]/[test:RegressionTest0]/[test:test182(RegressionTest0)]
display-name: test182
]]></system-out>
</testcase>
<testcase name="test315" classname="RegressionTest0" time="0">
<system-out><![CDATA[
unique-id: [engine:junit-vintage]/[runner:RegressionTest]/[test:RegressionTest0]/[test:test315(RegressionTest0)]
display-name: test315
]]></system-out>
</testcase>
<testcase name="test535" classname="RegressionTest1" time="0">
<system-out><![CDATA[
unique-id: [engine:junit-vintage]/[runner:RegressionTest]/[test:RegressionTest1]/[test:test535(RegressionTest1)]
display-name: test535
]]></system-out>
</testcase>
<testcase name="test605" classname="RegressionTest1" time="0">
<system-out><![CDATA[
unique-id: [engine:junit-vintage]/[runner:RegressionTest]/[test:RegressionTest1]/[test:test605(RegressionTest1)]
display-name: test605
]]></system-out>
</testcase>
<testcase name="test157" classname="RegressionTest0" time="0">
<system-out><![CDATA[
unique-id: [engine:junit-vintage]/[runner:RegressionTest]/[test:RegressionTest0]/[test:test157(RegressionTest0)]
display-name: test157
]]></system-out>
</testcase>
<testcase name="test427" classname="RegressionTest0" time="0">
<system-out><![CDATA[
unique-id: [engine:junit-vintage]/[runner:RegressionTest]/[test:RegressionTest0]/[test:test427(RegressionTest0)]
display-name: test427
]]></system-out>
</testcase>
<testcase name="test227" classname="RegressionTest0" time="0.001">
<system-out><![CDATA[
unique-id: [engine:junit-vintage]/[runner:RegressionTest]/[test:RegressionTest0]/[test:test227(RegressionTest0)]
display-name: test227
]]></system-out>
</testcase>
<testcase name="test839" classname="RegressionTest1" time="0">
<system-out><![CDATA[
unique-id: [engine:junit-vintage]/[runner:RegressionTest]/[test:RegressionTest1]/[test:test839(RegressionTest1)]
display-name: test839
]]></system-out>
</testcase>
<testcase name="test821" classname="RegressionTest1" time="0">
<system-out><![CDATA[
unique-id: [engine:junit-vintage]/[runner:RegressionTest]/[test:RegressionTest1]/[test:test821(RegressionTest1)]
display-name: test821
]]></system-out>
</testcase>
<testcase name="test589" classname="RegressionTest1" time="0">
<system-out><![CDATA[
unique-id: [engine:junit-vintage]/[runner:RegressionTest]/[test:RegressionTest1]/[test:test589(RegressionTest1)]
display-name: test589
]]></system-out>
</testcase>
<testcase name="test446" classname="RegressionTest0" time="0">
<system-out><![CDATA[
unique-id: [engine:junit-vintage]/[runner:RegressionTest]/[test:RegressionTest0]/[test:test446(RegressionTest0)]
display-name: test446
]]></system-out>
</testcase>
<testcase name="test805" classname="RegressionTest1" time="0">
<system-out><![CDATA[
unique-id: [engine:junit-vintage]/[runner:RegressionTest]/[test:RegressionTest1]/[test:test805(RegressionTest1)]
display-name: test805
]]></system-out>
</testcase>
<testcase name="test188" classname="RegressionTest0" time="0">
<system-out><![CDATA[
unique-id: [engine:junit-vintage]/[runner:RegressionTest]/[test:RegressionTest0]/[test:test188(RegressionTest0)]
display-name: test188
]]></system-out>
</testcase>
<testcase name="test713" classname="RegressionTest1" time="0">
<system-out><![CDATA[
unique-id: [engine:junit-vintage]/[runner:RegressionTest]/[test:RegressionTest1]/[test:test713(RegressionTest1)]
display-name: test713
]]></system-out>
</testcase>
<testcase name="test697" classname="RegressionTest1" time="0">
<system-out><![CDATA[
unique-id: [engine:junit-vintage]/[runner:RegressionTest]/[test:RegressionTest1]/[test:test697(RegressionTest1)]
display-name: test697
]]></system-out>
</testcase>
<testcase name="test808" classname="RegressionTest1" time="0">
<system-out><![CDATA[
unique-id: [engine:junit-vintage]/[runner:RegressionTest]/[test:RegressionTest1]/[test:test808(RegressionTest1)]
display-name: test808
]]></system-out>
</testcase>
<testcase name="test586" classname="RegressionTest1" time="0">
<system-out><![CDATA[
unique-id: [engine:junit-vintage]/[runner:RegressionTest]/[test:RegressionTest1]/[test:test586(RegressionTest1)]
display-name: test586
]]></system-out>
</testcase>
<testcase name="test407" classname="RegressionTest0" time="0">
<system-out><![CDATA[
unique-id: [engine:junit-vintage]/[runner:RegressionTest]/[test:RegressionTest0]/[test:test407(RegressionTest0)]
display-name: test407
]]></system-out>
</testcase>
<testcase name="test789" classname="RegressionTest1" time="0">
<system-out><![CDATA[
unique-id: [engine:junit-vintage]/[runner:RegressionTest]/[test:RegressionTest1]/[test:test789(RegressionTest1)]
display-name: test789
]]></system-out>
</testcase>
<testcase name="test207" classname="RegressionTest0" time="0.001">
<system-out><![CDATA[
unique-id: [engine:junit-vintage]/[runner:RegressionTest]/[test:RegressionTest0]/[test:test207(RegressionTest0)]
display-name: test207
]]></system-out>
</testcase>
<testcase name="test443" classname="RegressionTest0" time="0">
<system-out><![CDATA[
unique-id: [engine:junit-vintage]/[runner:RegressionTest]/[test:RegressionTest0]/[test:test443(RegressionTest0)]
display-name: test443
]]></system-out>
</testcase>
<testcase name="test560" classname="RegressionTest1" time="0">
<system-out><![CDATA[
unique-id: [engine:junit-vintage]/[runner:RegressionTest]/[test:RegressionTest1]/[test:test560(RegressionTest1)]
display-name: test560
]]></system-out>
</testcase>
<testcase name="test265" classname="RegressionTest0" time="0">
<system-out><![CDATA[
unique-id: [engine:junit-vintage]/[runner:RegressionTest]/[test:RegressionTest0]/[test:test265(RegressionTest0)]
display-name: test265
]]></system-out>
</testcase>
<testcase name="test230" classname="RegressionTest0" time="0">
<system-out><![CDATA[
unique-id: [engine:junit-vintage]/[runner:RegressionTest]/[test:RegressionTest0]/[test:test230(RegressionTest0)]
display-name: test230
]]></system-out>
</testcase>
<testcase name="test344" classname="RegressionTest0" time="0">
<system-out><![CDATA[
unique-id: [engine:junit-vintage]/[runner:RegressionTest]/[test:RegressionTest0]/[test:test344(RegressionTest0)]
display-name: test344
]]></system-out>
</testcase>
<testcase name="test360" classname="RegressionTest0" time="0">
<system-out><![CDATA[
unique-id: [engine:junit-vintage]/[runner:RegressionTest]/[test:RegressionTest0]/[test:test360(RegressionTest0)]
display-name: test360
]]></system-out>
</testcase>
<testcase name="test395" classname="RegressionTest0" time="0">
<system-out><![CDATA[
unique-id: [engine:junit-vintage]/[runner:RegressionTest]/[test:RegressionTest0]/[test:test395(RegressionTest0)]
display-name: test395
]]></system-out>
</testcase>
<testcase name="test239" classname="RegressionTest0" time="0">
<system-out><![CDATA[
unique-id: [engine:junit-vintage]/[runner:RegressionTest]/[test:RegressionTest0]/[test:test239(RegressionTest0)]
display-name: test239
]]></system-out>
</testcase>
<testcase name="test722" classname="RegressionTest1" time="0">
<system-out><![CDATA[
unique-id: [engine:junit-vintage]/[runner:RegressionTest]/[test:RegressionTest1]/[test:test722(RegressionTest1)]
display-name: test722
]]></system-out>
</testcase>
<testcase name="test074" classname="RegressionTest0" time="0">
<system-out><![CDATA[
unique-id: [engine:junit-vintage]/[runner:RegressionTest]/[test:RegressionTest0]/[test:test074(RegressionTest0)]
display-name: test074
]]></system-out>
</testcase>
<testcase name="test458" classname="RegressionTest0" time="0">
<system-out><![CDATA[
unique-id: [engine:junit-vintage]/[runner:RegressionTest]/[test:RegressionTest0]/[test:test458(RegressionTest0)]
display-name: test458
]]></system-out>
</testcase>
<testcase name="test862" classname="RegressionTest1" time="0">
<system-out><![CDATA[
unique-id: [engine:junit-vintage]/[runner:RegressionTest]/[test:RegressionTest1]/[test:test862(RegressionTest1)]
display-name: test862
]]></system-out>
</testcase>
<testcase name="test836" classname="RegressionTest1" time="0">
<system-out><![CDATA[
unique-id: [engine:junit-vintage]/[runner:RegressionTest]/[test:RegressionTest1]/[test:test836(RegressionTest1)]
display-name: test836
]]></system-out>
</testcase>
<testcase name="test757" classname="RegressionTest1" time="0">
<system-out><![CDATA[
unique-id: [engine:junit-vintage]/[runner:RegressionTest]/[test:RegressionTest1]/[test:test757(RegressionTest1)]
display-name: test757
]]></system-out>
</testcase>
<testcase name="test379" classname="RegressionTest0" time="0">
<system-out><![CDATA[
unique-id: [engine:junit-vintage]/[runner:RegressionTest]/[test:RegressionTest0]/[test:test379(RegressionTest0)]
display-name: test379
]]></system-out>
</testcase>
<testcase name="test592" classname="RegressionTest1" time="0">
<system-out><![CDATA[
unique-id: [engine:junit-vintage]/[runner:RegressionTest]/[test:RegressionTest1]/[test:test592(RegressionTest1)]
display-name: test592
]]></system-out>
</testcase>
<testcase name="test484" classname="RegressionTest0" time="0">
<system-out><![CDATA[
unique-id: [engine:junit-vintage]/[runner:RegressionTest]/[test:RegressionTest0]/[test:test484(RegressionTest0)]
display-name: test484
]]></system-out>
</testcase>
<testcase name="test303" classname="RegressionTest0" time="0">
<system-out><![CDATA[
unique-id: [engine:junit-vintage]/[runner:RegressionTest]/[test:RegressionTest0]/[test:test303(RegressionTest0)]
display-name: test303
]]></system-out>
</testcase>
<testcase name="test617" classname="RegressionTest1" time="0">
<system-out><![CDATA[
unique-id: [engine:junit-vintage]/[runner:RegressionTest]/[test:RegressionTest1]/[test:test617(RegressionTest1)]
display-name: test617
]]></system-out>
</testcase>
<testcase name="test411" classname="RegressionTest0" time="0">
<system-out><![CDATA[
unique-id: [engine:junit-vintage]/[runner:RegressionTest]/[test:RegressionTest0]/[test:test411(RegressionTest0)]
display-name: test411
]]></system-out>
</testcase>
<testcase name="test509" classname="RegressionTest1" time="0">
<system-out><![CDATA[
unique-id: [engine:junit-vintage]/[runner:RegressionTest]/[test:RegressionTest1]/[test:test509(RegressionTest1)]
display-name: test509
]]></system-out>
</testcase>
<testcase name="test554" classname="RegressionTest1" time="0">
<system-out><![CDATA[
unique-id: [engine:junit-vintage]/[runner:RegressionTest]/[test:RegressionTest1]/[test:test554(RegressionTest1)]
display-name: test554
]]></system-out>
</testcase>
<testcase name="test011" classname="RegressionTest0" time="0">
<system-out><![CDATA[
unique-id: [engine:junit-vintage]/[runner:RegressionTest]/[test:RegressionTest0]/[test:test011(RegressionTest0)]
display-name: test011
]]></system-out>
</testcase>
<testcase name="test068" classname="RegressionTest0" time="0">
<system-out><![CDATA[
unique-id: [engine:junit-vintage]/[runner:RegressionTest]/[test:RegressionTest0]/[test:test068(RegressionTest0)]
display-name: test068
]]></system-out>
</testcase>
<testcase name="test630" classname="RegressionTest1" time="0">
<system-out><![CDATA[
unique-id: [engine:junit-vintage]/[runner:RegressionTest]/[test:RegressionTest1]/[test:test630(RegressionTest1)]
display-name: test630
]]></system-out>
</testcase>
<testcase name="test500" classname="RegressionTest0" time="0">
<system-out><![CDATA[
unique-id: [engine:junit-vintage]/[runner:RegressionTest]/[test:RegressionTest0]/[test:test500(RegressionTest0)]
display-name: test500
]]></system-out>
</testcase>
<testcase name="test643" classname="RegressionTest1" time="0">
<system-out><![CDATA[
unique-id: [engine:junit-vintage]/[runner:RegressionTest]/[test:RegressionTest1]/[test:test643(RegressionTest1)]
display-name: test643
]]></system-out>
</testcase>
<testcase name="test176" classname="RegressionTest0" time="0">
<system-out><![CDATA[
unique-id: [engine:junit-vintage]/[runner:RegressionTest]/[test:RegressionTest0]/[test:test176(RegressionTest0)]
display-name: test176
]]></system-out>
</testcase>
<testcase name="test538" classname="RegressionTest1" time="0">
<system-out><![CDATA[
unique-id: [engine:junit-vintage]/[runner:RegressionTest]/[test:RegressionTest1]/[test:test538(RegressionTest1)]
display-name: test538
]]></system-out>
</testcase>
<testcase name="test551" classname="RegressionTest1" time="0">
<system-out><![CDATA[
unique-id: [engine:junit-vintage]/[runner:RegressionTest]/[test:RegressionTest1]/[test:test551(RegressionTest1)]
display-name: test551
]]></system-out>
</testcase>
<testcase name="test281" classname="RegressionTest0" time="0">
<system-out><![CDATA[
unique-id: [engine:junit-vintage]/[runner:RegressionTest]/[test:RegressionTest0]/[test:test281(RegressionTest0)]
display-name: test281
]]></system-out>
</testcase>
<testcase name="test122" classname="RegressionTest0" time="0">
<system-out><![CDATA[
unique-id: [engine:junit-vintage]/[runner:RegressionTest]/[test:RegressionTest0]/[test:test122(RegressionTest0)]
display-name: test122
]]></system-out>
</testcase>
<testcase name="test487" classname="RegressionTest0" time="0">
<system-out><![CDATA[
unique-id: [engine:junit-vintage]/[runner:RegressionTest]/[test:RegressionTest0]/[test:test487(RegressionTest0)]
display-name: test487
]]></system-out>
</testcase>
<testcase name="test649" classname="RegressionTest1" time="0">
<system-out><![CDATA[
unique-id: [engine:junit-vintage]/[runner:RegressionTest]/[test:RegressionTest1]/[test:test649(RegressionTest1)]
display-name: test649
]]></system-out>
</testcase>
<testcase name="test595" classname="RegressionTest1" time="0">
<system-out><![CDATA[
unique-id: [engine:junit-vintage]/[runner:RegressionTest]/[test:RegressionTest1]/[test:test595(RegressionTest1)]
display-name: test595
]]></system-out>
</testcase>
<testcase name="test252" classname="RegressionTest0" time="0">
<system-out><![CDATA[
unique-id: [engine:junit-vintage]/[runner:RegressionTest]/[test:RegressionTest0]/[test:test252(RegressionTest0)]
display-name: test252
]]></system-out>
</testcase>
<testcase name="test665" classname="RegressionTest1" time="0">
<system-out><![CDATA[
unique-id: [engine:junit-vintage]/[runner:RegressionTest]/[test:RegressionTest1]/[test:test665(RegressionTest1)]
display-name: test665
]]></system-out>
</testcase>
<testcase name="test452" classname="RegressionTest0" time="0">
<system-out><![CDATA[
unique-id: [engine:junit-vintage]/[runner:RegressionTest]/[test:RegressionTest0]/[test:test452(RegressionTest0)]
display-name: test452
]]></system-out>
</testcase>
<testcase name="test865" classname="RegressionTest1" time="0">
<system-out><![CDATA[
unique-id: [engine:junit-vintage]/[runner:RegressionTest]/[test:RegressionTest1]/[test:test865(RegressionTest1)]
display-name: test865
]]></system-out>
</testcase>
<testcase name="test754" classname="RegressionTest1" time="0">
<system-out><![CDATA[
unique-id: [engine:junit-vintage]/[runner:RegressionTest]/[test:RegressionTest1]/[test:test754(RegressionTest1)]
display-name: test754
]]></system-out>
</testcase>
<testcase name="test236" classname="RegressionTest0" time="0.001">
<system-out><![CDATA[
unique-id: [engine:junit-vintage]/[runner:RegressionTest]/[test:RegressionTest0]/[test:test236(RegressionTest0)]
display-name: test236
]]></system-out>
</testcase>
<testcase name="test770" classname="RegressionTest1" time="0">
<system-out><![CDATA[
unique-id: [engine:junit-vintage]/[runner:RegressionTest]/[test:RegressionTest1]/[test:test770(RegressionTest1)]
display-name: test770
]]></system-out>
</testcase>
<testcase name="test287" classname="RegressionTest0" time="0">
<system-out><![CDATA[
unique-id: [engine:junit-vintage]/[runner:RegressionTest]/[test:RegressionTest0]/[test:test287(RegressionTest0)]
display-name: test287
]]></system-out>
</testcase>
<testcase name="test614" classname="RegressionTest1" time="0">
<system-out><![CDATA[
unique-id: [engine:junit-vintage]/[runner:RegressionTest]/[test:RegressionTest1]/[test:test614(RegressionTest1)]
display-name: test614
]]></system-out>
</testcase>
<testcase name="test392" classname="RegressionTest0" time="0">
<system-out><![CDATA[
unique-id: [engine:junit-vintage]/[runner:RegressionTest]/[test:RegressionTest0]/[test:test392(RegressionTest0)]
display-name: test392
]]></system-out>
</testcase>
<testcase name="test341" classname="RegressionTest0" time="0">
<system-out><![CDATA[
unique-id: [engine:junit-vintage]/[runner:RegressionTest]/[test:RegressionTest0]/[test:test341(RegressionTest0)]
display-name: test341
]]></system-out>
</testcase>
<testcase name="test233" classname="RegressionTest0" time="0">
<system-out><![CDATA[
unique-id: [engine:junit-vintage]/[runner:RegressionTest]/[test:RegressionTest0]/[test:test233(RegressionTest0)]
display-name: test233
]]></system-out>
</testcase>
<testcase name="test141" classname="RegressionTest0" time="0">
<system-out><![CDATA[
unique-id: [engine:junit-vintage]/[runner:RegressionTest]/[test:RegressionTest0]/[test:test141(RegressionTest0)]
display-name: test141
]]></system-out>
</testcase>
<testcase name="test128" classname="RegressionTest0" time="0">
<system-out><![CDATA[
unique-id: [engine:junit-vintage]/[runner:RegressionTest]/[test:RegressionTest0]/[test:test128(RegressionTest0)]
display-name: test128
]]></system-out>
</testcase>
<testcase name="test017" classname="RegressionTest0" time="0.002">
<system-out><![CDATA[
unique-id: [engine:junit-vintage]/[runner:RegressionTest]/[test:RegressionTest0]/[test:test017(RegressionTest0)]
display-name: test017
]]></system-out>
</testcase>
<testcase name="test033" classname="RegressionTest0" time="0">
<system-out><![CDATA[
unique-id: [engine:junit-vintage]/[runner:RegressionTest]/[test:RegressionTest0]/[test:test033(RegressionTest0)]
display-name: test033
]]></system-out>
</testcase>
<testcase name="test503" classname="RegressionTest1" time="0">
<system-out><![CDATA[
unique-id: [engine:junit-vintage]/[runner:RegressionTest]/[test:RegressionTest1]/[test:test503(RegressionTest1)]
display-name: test503
]]></system-out>
</testcase>
<testcase name="test773" classname="RegressionTest1" time="0">
<system-out><![CDATA[
unique-id: [engine:junit-vintage]/[runner:RegressionTest]/[test:RegressionTest1]/[test:test773(RegressionTest1)]
display-name: test773
]]></system-out>
</testcase>
<testcase name="test868" classname="RegressionTest1" time="0">
<system-out><![CDATA[
unique-id: [engine:junit-vintage]/[runner:RegressionTest]/[test:RegressionTest1]/[test:test868(RegressionTest1)]
display-name: test868
]]></system-out>
</testcase>
<testcase name="test125" classname="RegressionTest0" time="0">
<system-out><![CDATA[
unique-id: [engine:junit-vintage]/[runner:RegressionTest]/[test:RegressionTest0]/[test:test125(RegressionTest0)]
display-name: test125
]]></system-out>
</testcase>
<testcase name="test378" classname="RegressionTest0" time="0">
<system-out><![CDATA[
unique-id: [engine:junit-vintage]/[runner:RegressionTest]/[test:RegressionTest0]/[test:test378(RegressionTest0)]
display-name: test378
]]></system-out>
</testcase>
<testcase name="test205" classname="RegressionTest0" time="0">
<system-out><![CDATA[
unique-id: [engine:junit-vintage]/[runner:RegressionTest]/[test:RegressionTest0]/[test:test205(RegressionTest0)]
display-name: test205
]]></system-out>
</testcase>
<testcase name="test802" classname="RegressionTest1" time="0">
<system-out><![CDATA[
unique-id: [engine:junit-vintage]/[runner:RegressionTest]/[test:RegressionTest1]/[test:test802(RegressionTest1)]
display-name: test802
]]></system-out>
</testcase>
<testcase name="test282" classname="RegressionTest0" time="0">
<system-out><![CDATA[
unique-id: [engine:junit-vintage]/[runner:RegressionTest]/[test:RegressionTest0]/[test:test282(RegressionTest0)]
display-name: test282
]]></system-out>
</testcase>
<testcase name="test343" classname="RegressionTest0" time="0">
<system-out><![CDATA[
unique-id: [engine:junit-vintage]/[runner:RegressionTest]/[test:RegressionTest0]/[test:test343(RegressionTest0)]
display-name: test343
]]></system-out>
</testcase>
<testcase name="test522" classname="RegressionTest1" time="0.001">
<system-out><![CDATA[
unique-id: [engine:junit-vintage]/[runner:RegressionTest]/[test:RegressionTest1]/[test:test522(RegressionTest1)]
display-name: test522
]]></system-out>
</testcase>
<testcase name="test837" classname="RegressionTest1" time="0">
<system-out><![CDATA[
unique-id: [engine:junit-vintage]/[runner:RegressionTest]/[test:RegressionTest1]/[test:test837(RegressionTest1)]
display-name: test837
]]></system-out>
</testcase>
<testcase name="test179" classname="RegressionTest0" time="0.001">
<system-out><![CDATA[
unique-id: [engine:junit-vintage]/[runner:RegressionTest]/[test:RegressionTest0]/[test:test179(RegressionTest0)]
display-name: test179
]]></system-out>
</testcase>
<testcase name="test215" classname="RegressionTest0" time="0">
<system-out><![CDATA[
unique-id: [engine:junit-vintage]/[runner:RegressionTest]/[test:RegressionTest0]/[test:test215(RegressionTest0)]
display-name: test215
]]></system-out>
</testcase>
<testcase name="test827" classname="RegressionTest1" time="0">
<system-out><![CDATA[
unique-id: [engine:junit-vintage]/[runner:RegressionTest]/[test:RegressionTest1]/[test:test827(RegressionTest1)]
display-name: test827
]]></system-out>
</testcase>
<testcase name="test388" classname="RegressionTest0" time="0">
<system-out><![CDATA[
unique-id: [engine:junit-vintage]/[runner:RegressionTest]/[test:RegressionTest0]/[test:test388(RegressionTest0)]
display-name: test388
]]></system-out>
</testcase>
<testcase name="test353" classname="RegressionTest0" time="0">
<system-out><![CDATA[
unique-id: [engine:junit-vintage]/[runner:RegressionTest]/[test:RegressionTest0]/[test:test353(RegressionTest0)]
display-name: test353
]]></system-out>
</testcase>
<testcase name="test512" classname="RegressionTest1" time="0.002">
<system-out><![CDATA[
unique-id: [engine:junit-vintage]/[runner:RegressionTest]/[test:RegressionTest1]/[test:test512(RegressionTest1)]
display-name: test512
]]></system-out>
</testcase>
<testcase name="test471" classname="RegressionTest0" time="0">
<system-out><![CDATA[
unique-id: [engine:junit-vintage]/[runner:RegressionTest]/[test:RegressionTest0]/[test:test471(RegressionTest0)]
display-name: test471
]]></system-out>
</testcase>
<testcase name="test292" classname="RegressionTest0" time="0">
<system-out><![CDATA[
unique-id: [engine:junit-vintage]/[runner:RegressionTest]/[test:RegressionTest0]/[test:test292(RegressionTest0)]
display-name: test292
]]></system-out>
</testcase>
<testcase name="test363" classname="RegressionTest0" time="0">
<system-out><![CDATA[
unique-id: [engine:junit-vintage]/[runner:RegressionTest]/[test:RegressionTest0]/[test:test363(RegressionTest0)]
display-name: test363
]]></system-out>
</testcase>
<testcase name="test439" classname="RegressionTest0" time="0">
<system-out><![CDATA[
unique-id: [engine:junit-vintage]/[runner:RegressionTest]/[test:RegressionTest0]/[test:test439(RegressionTest0)]
display-name: test439
]]></system-out>
</testcase>
<testcase name="test822" classname="RegressionTest1" time="0">
<system-out><![CDATA[
unique-id: [engine:junit-vintage]/[runner:RegressionTest]/[test:RegressionTest1]/[test:test822(RegressionTest1)]
display-name: test822
]]></system-out>
</testcase>
<testcase name="test297" classname="RegressionTest0" time="0">
<system-out><![CDATA[
unique-id: [engine:junit-vintage]/[runner:RegressionTest]/[test:RegressionTest0]/[test:test297(RegressionTest0)]
display-name: test297
]]></system-out>
</testcase>
<testcase name="test189" classname="RegressionTest0" time="0">
<system-out><![CDATA[
unique-id: [engine:junit-vintage]/[runner:RegressionTest]/[test:RegressionTest0]/[test:test189(RegressionTest0)]
display-name: test189
]]></system-out>
</testcase>
<testcase name="test429" classname="RegressionTest0" time="0">
<system-out><![CDATA[
unique-id: [engine:junit-vintage]/[runner:RegressionTest]/[test:RegressionTest0]/[test:test429(RegressionTest0)]
display-name: test429
]]></system-out>
</testcase>
<testcase name="test812" classname="RegressionTest1" time="0">
<system-out><![CDATA[
unique-id: [engine:junit-vintage]/[runner:RegressionTest]/[test:RegressionTest1]/[test:test812(RegressionTest1)]
display-name: test812
]]></system-out>
</testcase>
<testcase name="test368" classname="RegressionTest0" time="0">
<system-out><![CDATA[
unique-id: [engine:junit-vintage]/[runner:RegressionTest]/[test:RegressionTest0]/[test:test368(RegressionTest0)]
display-name: test368
]]></system-out>
</testcase>
<testcase name="test751" classname="RegressionTest1" time="0">
<system-out><![CDATA[
unique-id: [engine:junit-vintage]/[runner:RegressionTest]/[test:RegressionTest1]/[test:test751(RegressionTest1)]
display-name: test751
]]></system-out>
</testcase>
<testcase name="test419" classname="RegressionTest0" time="0">
<system-out><![CDATA[
unique-id: [engine:junit-vintage]/[runner:RegressionTest]/[test:RegressionTest0]/[test:test419(RegressionTest0)]
display-name: test419
]]></system-out>
</testcase>
<testcase name="test235" classname="RegressionTest0" time="0.001">
<system-out><![CDATA[
unique-id: [engine:junit-vintage]/[runner:RegressionTest]/[test:RegressionTest0]/[test:test235(RegressionTest0)]
display-name: test235
]]></system-out>
</testcase>
<testcase name="test390" classname="RegressionTest0" time="0">
<system-out><![CDATA[
unique-id: [engine:junit-vintage]/[runner:RegressionTest]/[test:RegressionTest0]/[test:test390(RegressionTest0)]
display-name: test390
]]></system-out>
</testcase>
<testcase name="test832" classname="RegressionTest1" time="0">
<system-out><![CDATA[
unique-id: [engine:junit-vintage]/[runner:RegressionTest]/[test:RegressionTest1]/[test:test832(RegressionTest1)]
display-name: test832
]]></system-out>
</testcase>
<testcase name="test502" classname="RegressionTest1" time="0">
<system-out><![CDATA[
unique-id: [engine:junit-vintage]/[runner:RegressionTest]/[test:RegressionTest1]/[test:test502(RegressionTest1)]
display-name: test502
]]></system-out>
</testcase>
<testcase name="test200" classname="RegressionTest0" time="0">
<system-out><![CDATA[
unique-id: [engine:junit-vintage]/[runner:RegressionTest]/[test:RegressionTest0]/[test:test200(RegressionTest0)]
display-name: test200
]]></system-out>
</testcase>
<testcase name="test199" classname="RegressionTest0" time="0">
<system-out><![CDATA[
unique-id: [engine:junit-vintage]/[runner:RegressionTest]/[test:RegressionTest0]/[test:test199(RegressionTest0)]
display-name: test199
]]></system-out>
</testcase>
<testcase name="test867" classname="RegressionTest1" time="0">
<system-out><![CDATA[
unique-id: [engine:junit-vintage]/[runner:RegressionTest]/[test:RegressionTest1]/[test:test867(RegressionTest1)]
display-name: test867
]]></system-out>
</testcase>
<testcase name="test174" classname="RegressionTest0" time="0">
<system-out><![CDATA[
unique-id: [engine:junit-vintage]/[runner:RegressionTest]/[test:RegressionTest0]/[test:test174(RegressionTest0)]
display-name: test174
]]></system-out>
</testcase>
<testcase name="test358" classname="RegressionTest0" time="0">
<system-out><![CDATA[
unique-id: [engine:junit-vintage]/[runner:RegressionTest]/[test:RegressionTest0]/[test:test358(RegressionTest0)]
display-name: test358
]]></system-out>
</testcase>
<testcase name="test771" classname="RegressionTest1" time="0">
<system-out><![CDATA[
unique-id: [engine:junit-vintage]/[runner:RegressionTest]/[test:RegressionTest1]/[test:test771(RegressionTest1)]
display-name: test771
]]></system-out>
</testcase>
<testcase name="test719" classname="RegressionTest1" time="0">
<system-out><![CDATA[
unique-id: [engine:junit-vintage]/[runner:RegressionTest]/[test:RegressionTest1]/[test:test719(RegressionTest1)]
display-name: test719
]]></system-out>
</testcase>
<testcase name="test527" classname="RegressionTest1" time="0">
<system-out><![CDATA[
unique-id: [engine:junit-vintage]/[runner:RegressionTest]/[test:RegressionTest1]/[test:test527(RegressionTest1)]
display-name: test527
]]></system-out>
</testcase>
<testcase name="test323" classname="RegressionTest0" time="0">
<system-out><![CDATA[
unique-id: [engine:junit-vintage]/[runner:RegressionTest]/[test:RegressionTest0]/[test:test323(RegressionTest0)]
display-name: test323
]]></system-out>
</testcase>
<testcase name="test496" classname="RegressionTest0" time="0">
<system-out><![CDATA[
unique-id: [engine:junit-vintage]/[runner:RegressionTest]/[test:RegressionTest0]/[test:test496(RegressionTest0)]
display-name: test496
]]></system-out>
</testcase>
<testcase name="test655" classname="RegressionTest1" time="0">
<system-out><![CDATA[
unique-id: [engine:junit-vintage]/[runner:RegressionTest]/[test:RegressionTest1]/[test:test655(RegressionTest1)]
display-name: test655
]]></system-out>
</testcase>
<testcase name="test262" classname="RegressionTest0" time="0">
<system-out><![CDATA[
unique-id: [engine:junit-vintage]/[runner:RegressionTest]/[test:RegressionTest0]/[test:test262(RegressionTest0)]
display-name: test262
]]></system-out>
</testcase>
<testcase name="test847" classname="RegressionTest1" time="0">
<system-out><![CDATA[
unique-id: [engine:junit-vintage]/[runner:RegressionTest]/[test:RegressionTest1]/[test:test847(RegressionTest1)]
display-name: test847
]]></system-out>
</testcase>
<testcase name="test547" classname="RegressionTest1" time="0">
<system-out><![CDATA[
unique-id: [engine:junit-vintage]/[runner:RegressionTest]/[test:RegressionTest1]/[test:test547(RegressionTest1)]
display-name: test547
]]></system-out>
</testcase>
<testcase name="test107" classname="RegressionTest0" time="0">
<system-out><![CDATA[
unique-id: [engine:junit-vintage]/[runner:RegressionTest]/[test:RegressionTest0]/[test:test107(RegressionTest0)]
display-name: test107
]]></system-out>
</testcase>
<testcase name="test220" classname="RegressionTest0" time="0.001">
<system-out><![CDATA[
unique-id: [engine:junit-vintage]/[runner:RegressionTest]/[test:RegressionTest0]/[test:test220(RegressionTest0)]
display-name: test220
]]></system-out>
</testcase>
<testcase name="test154" classname="RegressionTest0" time="0">
<system-out><![CDATA[
unique-id: [engine:junit-vintage]/[runner:RegressionTest]/[test:RegressionTest0]/[test:test154(RegressionTest0)]
display-name: test154
]]></system-out>
</testcase>
<testcase name="test739" classname="RegressionTest1" time="0">
<system-out><![CDATA[
unique-id: [engine:junit-vintage]/[runner:RegressionTest]/[test:RegressionTest1]/[test:test739(RegressionTest1)]
display-name: test739
]]></system-out>
</testcase>
<testcase name="test594" classname="RegressionTest1" time="0">
<system-out><![CDATA[
unique-id: [engine:junit-vintage]/[runner:RegressionTest]/[test:RegressionTest1]/[test:test594(RegressionTest1)]
display-name: test594
]]></system-out>
</testcase>
<testcase name="test786" classname="RegressionTest1" time="0">
<system-out><![CDATA[
unique-id: [engine:junit-vintage]/[runner:RegressionTest]/[test:RegressionTest1]/[test:test786(RegressionTest1)]
display-name: test786
]]></system-out>
</testcase>
<testcase name="test090" classname="RegressionTest0" time="0">
<system-out><![CDATA[
unique-id: [engine:junit-vintage]/[runner:RegressionTest]/[test:RegressionTest0]/[test:test090(RegressionTest0)]
display-name: test090
]]></system-out>
</testcase>
<testcase name="test046" classname="RegressionTest0" time="0">
<system-out><![CDATA[
unique-id: [engine:junit-vintage]/[runner:RegressionTest]/[test:RegressionTest0]/[test:test046(RegressionTest0)]
display-name: test046
]]></system-out>
</testcase>
<testcase name="test404" classname="RegressionTest0" time="0">
<system-out><![CDATA[
unique-id: [engine:junit-vintage]/[runner:RegressionTest]/[test:RegressionTest0]/[test:test404(RegressionTest0)]
display-name: test404
]]></system-out>
</testcase>
<testcase name="test338" classname="RegressionTest0" time="0">
<system-out><![CDATA[
unique-id: [engine:junit-vintage]/[runner:RegressionTest]/[test:RegressionTest0]/[test:test338(RegressionTest0)]
display-name: test338
]]></system-out>
</testcase>
<testcase name="test451" classname="RegressionTest0" time="0">
<system-out><![CDATA[
unique-id: [engine:junit-vintage]/[runner:RegressionTest]/[test:RegressionTest0]/[test:test451(RegressionTest0)]
display-name: test451
]]></system-out>
</testcase>
<testcase name="test791" classname="RegressionTest1" time="0">
<system-out><![CDATA[
unique-id: [engine:junit-vintage]/[runner:RegressionTest]/[test:RegressionTest1]/[test:test791(RegressionTest1)]
display-name: test791
]]></system-out>
</testcase>
<testcase name="test048" classname="RegressionTest0" time="0.001">
<system-out><![CDATA[
unique-id: [engine:junit-vintage]/[runner:RegressionTest]/[test:RegressionTest0]/[test:test048(RegressionTest0)]
display-name: test048
]]></system-out>
</testcase>
<testcase name="test574" classname="RegressionTest1" time="0">
<system-out><![CDATA[
unique-id: [engine:junit-vintage]/[runner:RegressionTest]/[test:RegressionTest1]/[test:test574(RegressionTest1)]
display-name: test574
]]></system-out>
</testcase>
<testcase name="test431" classname="RegressionTest0" time="0">
<system-out><![CDATA[
unique-id: [engine:junit-vintage]/[runner:RegressionTest]/[test:RegressionTest0]/[test:test431(RegressionTest0)]
display-name: test431
]]></system-out>
</testcase>
<testcase name="test645" classname="RegressionTest1" time="0">
<system-out><![CDATA[
unique-id: [engine:junit-vintage]/[runner:RegressionTest]/[test:RegressionTest1]/[test:test645(RegressionTest1)]
display-name: test645
]]></system-out>
</testcase>
<testcase name="test080" classname="RegressionTest0" time="0.001">
<system-out><![CDATA[
unique-id: [engine:junit-vintage]/[runner:RegressionTest]/[test:RegressionTest0]/[test:test080(RegressionTest0)]
display-name: test080
]]></system-out>
</testcase>
<testcase name="test013" classname="RegressionTest0" time="0">
<system-out><![CDATA[
unique-id: [engine:junit-vintage]/[runner:RegressionTest]/[test:RegressionTest0]/[test:test013(RegressionTest0)]
display-name: test013
]]></system-out>
</testcase>
<testcase name="test056" classname="RegressionTest0" time="0.004">
<system-out><![CDATA[
unique-id: [engine:junit-vintage]/[runner:RegressionTest]/[test:RegressionTest0]/[test:test056(RegressionTest0)]
display-name: test056
]]></system-out>
</testcase>
<testcase name="test031" classname="RegressionTest0" time="0">
<system-out><![CDATA[
unique-id: [engine:junit-vintage]/[runner:RegressionTest]/[test:RegressionTest0]/[test:test031(RegressionTest0)]
display-name: test031
]]></system-out>
</testcase>
<testcase name="test678" classname="RegressionTest1" time="0">
<system-out><![CDATA[
unique-id: [engine:junit-vintage]/[runner:RegressionTest]/[test:RegressionTest1]/[test:test678(RegressionTest1)]
display-name: test678
]]></system-out>
</testcase>
<testcase name="test023" classname="RegressionTest0" time="0.002">
<system-out><![CDATA[
unique-id: [engine:junit-vintage]/[runner:RegressionTest]/[test:RegressionTest0]/[test:test023(RegressionTest0)]
display-name: test023
]]></system-out>
</testcase>
<testcase name="test688" classname="RegressionTest1" time="0">
<system-out><![CDATA[
unique-id: [engine:junit-vintage]/[runner:RegressionTest]/[test:RegressionTest1]/[test:test688(RegressionTest1)]
display-name: test688
]]></system-out>
</testcase>
<testcase name="test653" classname="RegressionTest1" time="0">
<system-out><![CDATA[
unique-id: [engine:junit-vintage]/[runner:RegressionTest]/[test:RegressionTest1]/[test:test653(RegressionTest1)]
display-name: test653
]]></system-out>
</testcase>
<testcase name="test127" classname="RegressionTest0" time="0">
<system-out><![CDATA[
unique-id: [engine:junit-vintage]/[runner:RegressionTest]/[test:RegressionTest0]/[test:test127(RegressionTest0)]
display-name: test127
]]></system-out>
</testcase>
<testcase name="test610" classname="RegressionTest1" time="0">
<system-out><![CDATA[
unique-id: [engine:junit-vintage]/[runner:RegressionTest]/[test:RegressionTest1]/[test:test610(RegressionTest1)]
display-name: test610
]]></system-out>
</testcase>
<testcase name="test877" classname="RegressionTest1" time="0">
<system-out><![CDATA[
unique-id: [engine:junit-vintage]/[runner:RegressionTest]/[test:RegressionTest1]/[test:test877(RegressionTest1)]
display-name: test877
]]></system-out>
</testcase>
<testcase name="test137" classname="RegressionTest0" time="0">
<system-out><![CDATA[
unique-id: [engine:junit-vintage]/[runner:RegressionTest]/[test:RegressionTest0]/[test:test137(RegressionTest0)]
display-name: test137
]]></system-out>
</testcase>
<testcase name="test704" classname="RegressionTest1" time="0">
<system-out><![CDATA[
unique-id: [engine:junit-vintage]/[runner:RegressionTest]/[test:RegressionTest1]/[test:test704(RegressionTest1)]
display-name: test704
]]></system-out>
</testcase>
<testcase name="test769" classname="RegressionTest1" time="0">
<system-out><![CDATA[
unique-id: [engine:junit-vintage]/[runner:RegressionTest]/[test:RegressionTest1]/[test:test769(RegressionTest1)]
display-name: test769
]]></system-out>
</testcase>
<testcase name="test620" classname="RegressionTest1" time="0">
<system-out><![CDATA[
unique-id: [engine:junit-vintage]/[runner:RegressionTest]/[test:RegressionTest1]/[test:test620(RegressionTest1)]
display-name: test620
]]></system-out>
</testcase>
<testcase name="test759" classname="RegressionTest1" time="0">
<system-out><![CDATA[
unique-id: [engine:junit-vintage]/[runner:RegressionTest]/[test:RegressionTest1]/[test:test759(RegressionTest1)]
display-name: test759
]]></system-out>
</testcase>
<testcase name="test421" classname="RegressionTest0" time="0">
<system-out><![CDATA[
unique-id: [engine:junit-vintage]/[runner:RegressionTest]/[test:RegressionTest0]/[test:test421(RegressionTest0)]
display-name: test421
]]></system-out>
</testcase>
<testcase name="test507" classname="RegressionTest1" time="0.001">
<system-out><![CDATA[
unique-id: [engine:junit-vintage]/[runner:RegressionTest]/[test:RegressionTest1]/[test:test507(RegressionTest1)]
display-name: test507
]]></system-out>
</testcase>
<testcase name="test021" classname="RegressionTest0" time="0">
<system-out><![CDATA[
unique-id: [engine:junit-vintage]/[runner:RegressionTest]/[test:RegressionTest0]/[test:test021(RegressionTest0)]
display-name: test021
]]></system-out>
</testcase>
<testcase name="test564" classname="RegressionTest1" time="0">
<system-out><![CDATA[
unique-id: [engine:junit-vintage]/[runner:RegressionTest]/[test:RegressionTest1]/[test:test564(RegressionTest1)]
display-name: test564
]]></system-out>
</testcase>
<testcase name="test194" classname="RegressionTest0" time="0">
<system-out><![CDATA[
unique-id: [engine:junit-vintage]/[runner:RegressionTest]/[test:RegressionTest0]/[test:test194(RegressionTest0)]
display-name: test194
]]></system-out>
</testcase>
<testcase name="test494" classname="RegressionTest0" time="0">
<system-out><![CDATA[
unique-id: [engine:junit-vintage]/[runner:RegressionTest]/[test:RegressionTest0]/[test:test494(RegressionTest0)]
display-name: test494
]]></system-out>
</testcase>
<testcase name="test761" classname="RegressionTest1" time="0">
<system-out><![CDATA[
unique-id: [engine:junit-vintage]/[runner:RegressionTest]/[test:RegressionTest1]/[test:test761(RegressionTest1)]
display-name: test761
]]></system-out>
</testcase>
<testcase name="test615" classname="RegressionTest1" time="0">
<system-out><![CDATA[
unique-id: [engine:junit-vintage]/[runner:RegressionTest]/[test:RegressionTest1]/[test:test615(RegressionTest1)]
display-name: test615
]]></system-out>
</testcase>
<testcase name="test348" classname="RegressionTest0" time="0">
<system-out><![CDATA[
unique-id: [engine:junit-vintage]/[runner:RegressionTest]/[test:RegressionTest0]/[test:test348(RegressionTest0)]
display-name: test348
]]></system-out>
</testcase>
<testcase name="test788" classname="RegressionTest1" time="0">
<system-out><![CDATA[
unique-id: [engine:junit-vintage]/[runner:RegressionTest]/[test:RegressionTest1]/[test:test788(RegressionTest1)]
display-name: test788
]]></system-out>
</testcase>
<testcase name="test461" classname="RegressionTest0" time="0">
<system-out><![CDATA[
unique-id: [engine:junit-vintage]/[runner:RegressionTest]/[test:RegressionTest0]/[test:test461(RegressionTest0)]
display-name: test461
]]></system-out>
</testcase>
<testcase name="test486" classname="RegressionTest0" time="0">
<system-out><![CDATA[
unique-id: [engine:junit-vintage]/[runner:RegressionTest]/[test:RegressionTest0]/[test:test486(RegressionTest0)]
display-name: test486
]]></system-out>
</testcase>
<testcase name="test156" classname="RegressionTest0" time="0">
<system-out><![CDATA[
unique-id: [engine:junit-vintage]/[runner:RegressionTest]/[test:RegressionTest0]/[test:test156(RegressionTest0)]
display-name: test156
]]></system-out>
</testcase>
<testcase name="test313" classname="RegressionTest0" time="0">
<system-out><![CDATA[
unique-id: [engine:junit-vintage]/[runner:RegressionTest]/[test:RegressionTest0]/[test:test313(RegressionTest0)]
display-name: test313
]]></system-out>
</testcase>
<testcase name="test086" classname="RegressionTest0" time="0">
<system-out><![CDATA[
unique-id: [engine:junit-vintage]/[runner:RegressionTest]/[test:RegressionTest0]/[test:test086(RegressionTest0)]
display-name: test086
]]></system-out>
</testcase>
<testcase name="test210" classname="RegressionTest0" time="0">
<system-out><![CDATA[
unique-id: [engine:junit-vintage]/[runner:RegressionTest]/[test:RegressionTest0]/[test:test210(RegressionTest0)]
display-name: test210
]]></system-out>
</testcase>
<testcase name="test061" classname="RegressionTest0" time="0.001">
<system-out><![CDATA[
unique-id: [engine:junit-vintage]/[runner:RegressionTest]/[test:RegressionTest0]/[test:test061(RegressionTest0)]
display-name: test061
]]></system-out>
</testcase>
<testcase name="test245" classname="RegressionTest0" time="0">
<system-out><![CDATA[
unique-id: [engine:junit-vintage]/[runner:RegressionTest]/[test:RegressionTest0]/[test:test245(RegressionTest0)]
display-name: test245
]]></system-out>
</testcase>
<testcase name="test545" classname="RegressionTest1" time="0">
<system-out><![CDATA[
unique-id: [engine:junit-vintage]/[runner:RegressionTest]/[test:RegressionTest1]/[test:test545(RegressionTest1)]
display-name: test545
]]></system-out>
</testcase>
<testcase name="test402" classname="RegressionTest0" time="0">
<system-out><![CDATA[
unique-id: [engine:junit-vintage]/[runner:RegressionTest]/[test:RegressionTest0]/[test:test402(RegressionTest0)]
display-name: test402
]]></system-out>
</testcase>
<testcase name="test796" classname="RegressionTest1" time="0">
<system-out><![CDATA[
unique-id: [engine:junit-vintage]/[runner:RegressionTest]/[test:RegressionTest1]/[test:test796(RegressionTest1)]
display-name: test796
]]></system-out>
</testcase>
<testcase name="test753" classname="RegressionTest1" time="0">
<system-out><![CDATA[
unique-id: [engine:junit-vintage]/[runner:RegressionTest]/[test:RegressionTest1]/[test:test753(RegressionTest1)]
display-name: test753
]]></system-out>
</testcase>
<testcase name="test075" classname="RegressionTest0" time="0">
<system-out><![CDATA[
unique-id: [engine:junit-vintage]/[runner:RegressionTest]/[test:RegressionTest0]/[test:test075(RegressionTest0)]
display-name: test075
]]></system-out>
</testcase>
<testcase name="test734" classname="RegressionTest1" time="0">
<system-out><![CDATA[
unique-id: [engine:junit-vintage]/[runner:RegressionTest]/[test:RegressionTest1]/[test:test734(RegressionTest1)]
display-name: test734
]]></system-out>
</testcase>
<testcase name="test842" classname="RegressionTest1" time="0">
<system-out><![CDATA[
unique-id: [engine:junit-vintage]/[runner:RegressionTest]/[test:RegressionTest1]/[test:test842(RegressionTest1)]
display-name: test842
]]></system-out>
</testcase>
<testcase name="test626" classname="RegressionTest1" time="0">
<system-out><![CDATA[
unique-id: [engine:junit-vintage]/[runner:RegressionTest]/[test:RegressionTest1]/[test:test626(RegressionTest1)]
display-name: test626
]]></system-out>
</testcase>
<testcase name="test102" classname="RegressionTest0" time="0.002">
<system-out><![CDATA[
unique-id: [engine:junit-vintage]/[runner:RegressionTest]/[test:RegressionTest0]/[test:test102(RegressionTest0)]
display-name: test102
]]></system-out>
</testcase>
<testcase name="test380" classname="RegressionTest0" time="0">
<system-out><![CDATA[
unique-id: [engine:junit-vintage]/[runner:RegressionTest]/[test:RegressionTest0]/[test:test380(RegressionTest0)]
display-name: test380
]]></system-out>
</testcase>
<testcase name="test599" classname="RegressionTest1" time="0">
<system-out><![CDATA[
unique-id: [engine:junit-vintage]/[runner:RegressionTest]/[test:RegressionTest1]/[test:test599(RegressionTest1)]
display-name: test599
]]></system-out>
</testcase>
<testcase name="test272" classname="RegressionTest0" time="0">
<system-out><![CDATA[
unique-id: [engine:junit-vintage]/[runner:RegressionTest]/[test:RegressionTest0]/[test:test272(RegressionTest0)]
display-name: test272
]]></system-out>
</testcase>
<testcase name="test537" classname="RegressionTest1" time="0">
<system-out><![CDATA[
unique-id: [engine:junit-vintage]/[runner:RegressionTest]/[test:RegressionTest1]/[test:test537(RegressionTest1)]
display-name: test537
]]></system-out>
</testcase>
<testcase name="test456" classname="RegressionTest0" time="0.001">
<system-out><![CDATA[
unique-id: [engine:junit-vintage]/[runner:RegressionTest]/[test:RegressionTest0]/[test:test456(RegressionTest0)]
display-name: test456
]]></system-out>
</testcase>
<testcase name="test729" classname="RegressionTest1" time="0">
<system-out><![CDATA[
unique-id: [engine:junit-vintage]/[runner:RegressionTest]/[test:RegressionTest1]/[test:test729(RegressionTest1)]
display-name: test729
]]></system-out>
</testcase>
<testcase name="test164" classname="RegressionTest0" time="0">
<system-out><![CDATA[
unique-id: [engine:junit-vintage]/[runner:RegressionTest]/[test:RegressionTest0]/[test:test164(RegressionTest0)]
display-name: test164
]]></system-out>
</testcase>
<testcase name="test829" classname="RegressionTest1" time="0">
<system-out><![CDATA[
unique-id: [engine:junit-vintage]/[runner:RegressionTest]/[test:RegressionTest1]/[test:test829(RegressionTest1)]
display-name: test829
]]></system-out>
</testcase>
<testcase name="test457" classname="RegressionTest0" time="0">
<system-out><![CDATA[
unique-id: [engine:junit-vintage]/[runner:RegressionTest]/[test:RegressionTest0]/[test:test457(RegressionTest0)]
display-name: test457
]]></system-out>
</testcase>
<testcase name="test758" classname="RegressionTest1" time="0">
<system-out><![CDATA[
unique-id: [engine:junit-vintage]/[runner:RegressionTest]/[test:RegressionTest1]/[test:test758(RegressionTest1)]
display-name: test758
]]></system-out>
</testcase>
<testcase name="test126" classname="RegressionTest0" time="0">
<system-out><![CDATA[
unique-id: [engine:junit-vintage]/[runner:RegressionTest]/[test:RegressionTest0]/[test:test126(RegressionTest0)]
display-name: test126
]]></system-out>
</testcase>
<testcase name="test565" classname="RegressionTest1" time="0">
<system-out><![CDATA[
unique-id: [engine:junit-vintage]/[runner:RegressionTest]/[test:RegressionTest1]/[test:test565(RegressionTest1)]
display-name: test565
]]></system-out>
</testcase>
<testcase name="test861" classname="RegressionTest1" time="0">
<system-out><![CDATA[
unique-id: [engine:junit-vintage]/[runner:RegressionTest]/[test:RegressionTest1]/[test:test861(RegressionTest1)]
display-name: test861
]]></system-out>
</testcase>
<testcase name="test422" classname="RegressionTest0" time="0.001">
<system-out><![CDATA[
unique-id: [engine:junit-vintage]/[runner:RegressionTest]/[test:RegressionTest0]/[test:test422(RegressionTest0)]
display-name: test422
]]></system-out>
</testcase>
<testcase name="test136" classname="RegressionTest0" time="0">
<system-out><![CDATA[
unique-id: [engine:junit-vintage]/[runner:RegressionTest]/[test:RegressionTest0]/[test:test136(RegressionTest0)]
display-name: test136
]]></system-out>
</testcase>
<testcase name="test361" classname="RegressionTest0" time="0">
<system-out><![CDATA[
unique-id: [engine:junit-vintage]/[runner:RegressionTest]/[test:RegressionTest0]/[test:test361(RegressionTest0)]
display-name: test361
]]></system-out>
</testcase>
<testcase name="test819" classname="RegressionTest1" time="0">
<system-out><![CDATA[
unique-id: [engine:junit-vintage]/[runner:RegressionTest]/[test:RegressionTest1]/[test:test819(RegressionTest1)]
display-name: test819
]]></system-out>
</testcase>
<testcase name="test432" classname="RegressionTest0" time="0">
<system-out><![CDATA[
unique-id: [engine:junit-vintage]/[runner:RegressionTest]/[test:RegressionTest0]/[test:test432(RegressionTest0)]
display-name: test432
]]></system-out>
</testcase>
<testcase name="test575" classname="RegressionTest1" time="0">
<system-out><![CDATA[
unique-id: [engine:junit-vintage]/[runner:RegressionTest]/[test:RegressionTest1]/[test:test575(RegressionTest1)]
display-name: test575
]]></system-out>
</testcase>
<testcase name="test540" classname="RegressionTest1" time="0">
<system-out><![CDATA[
unique-id: [engine:junit-vintage]/[runner:RegressionTest]/[test:RegressionTest1]/[test:test540(RegressionTest1)]
display-name: test540
]]></system-out>
</testcase>
<testcase name="test101" classname="RegressionTest0" time="0.002">
<system-out><![CDATA[
unique-id: [engine:junit-vintage]/[runner:RegressionTest]/[test:RegressionTest0]/[test:test101(RegressionTest0)]
display-name: test101
]]></system-out>
</testcase>
<testcase name="test723" classname="RegressionTest1" time="0">
<system-out><![CDATA[
unique-id: [engine:junit-vintage]/[runner:RegressionTest]/[test:RegressionTest1]/[test:test723(RegressionTest1)]
display-name: test723
]]></system-out>
</testcase>
<testcase name="test396" classname="RegressionTest0" time="0">
<system-out><![CDATA[
unique-id: [engine:junit-vintage]/[runner:RegressionTest]/[test:RegressionTest0]/[test:test396(RegressionTest0)]
display-name: test396
]]></system-out>
</testcase>
<testcase name="test111" classname="RegressionTest0" time="0">
<system-out><![CDATA[
unique-id: [engine:junit-vintage]/[runner:RegressionTest]/[test:RegressionTest0]/[test:test111(RegressionTest0)]
display-name: test111
]]></system-out>
</testcase>
<testcase name="test371" classname="RegressionTest0" time="0.001">
<system-out><![CDATA[
unique-id: [engine:junit-vintage]/[runner:RegressionTest]/[test:RegressionTest0]/[test:test371(RegressionTest0)]
display-name: test371
]]></system-out>
</testcase>
<testcase name="test289" classname="RegressionTest0" time="0">
<system-out><![CDATA[
unique-id: [engine:junit-vintage]/[runner:RegressionTest]/[test:RegressionTest0]/[test:test289(RegressionTest0)]
display-name: test289
]]></system-out>
</testcase>
<testcase name="test520" classname="RegressionTest1" time="0">
<system-out><![CDATA[
unique-id: [engine:junit-vintage]/[runner:RegressionTest]/[test:RegressionTest1]/[test:test520(RegressionTest1)]
display-name: test520
]]></system-out>
</testcase>
<testcase name="test809" classname="RegressionTest1" time="0">
<system-out><![CDATA[
unique-id: [engine:junit-vintage]/[runner:RegressionTest]/[test:RegressionTest1]/[test:test809(RegressionTest1)]
display-name: test809
]]></system-out>
</testcase>
<testcase name="test437" classname="RegressionTest0" time="0">
<system-out><![CDATA[
unique-id: [engine:junit-vintage]/[runner:RegressionTest]/[test:RegressionTest0]/[test:test437(RegressionTest0)]
display-name: test437
]]></system-out>
</testcase>
<testcase name="test050" classname="RegressionTest0" time="0.001">
<system-out><![CDATA[
unique-id: [engine:junit-vintage]/[runner:RegressionTest]/[test:RegressionTest0]/[test:test050(RegressionTest0)]
display-name: test050
]]></system-out>
</testcase>
<testcase name="test733" classname="RegressionTest1" time="0">
<system-out><![CDATA[
unique-id: [engine:junit-vintage]/[runner:RegressionTest]/[test:RegressionTest1]/[test:test733(RegressionTest1)]
display-name: test733
]]></system-out>
</testcase>
<testcase name="test530" classname="RegressionTest1" time="0">
<system-out><![CDATA[
unique-id: [engine:junit-vintage]/[runner:RegressionTest]/[test:RegressionTest1]/[test:test530(RegressionTest1)]
display-name: test530
]]></system-out>
</testcase>
<testcase name="test743" classname="RegressionTest1" time="0">
<system-out><![CDATA[
unique-id: [engine:junit-vintage]/[runner:RegressionTest]/[test:RegressionTest1]/[test:test743(RegressionTest1)]
display-name: test743
]]></system-out>
</testcase>
<testcase name="test447" classname="RegressionTest0" time="0">
<system-out><![CDATA[
unique-id: [engine:junit-vintage]/[runner:RegressionTest]/[test:RegressionTest0]/[test:test447(RegressionTest0)]
display-name: test447
]]></system-out>
</testcase>
<testcase name="test121" classname="RegressionTest0" time="0">
<system-out><![CDATA[
unique-id: [engine:junit-vintage]/[runner:RegressionTest]/[test:RegressionTest0]/[test:test121(RegressionTest0)]
display-name: test121
]]></system-out>
</testcase>
<testcase name="test329" classname="RegressionTest0" time="0">
<system-out><![CDATA[
unique-id: [engine:junit-vintage]/[runner:RegressionTest]/[test:RegressionTest0]/[test:test329(RegressionTest0)]
display-name: test329
]]></system-out>
</testcase>
<testcase name="test790" classname="RegressionTest1" time="0">
<system-out><![CDATA[
unique-id: [engine:junit-vintage]/[runner:RegressionTest]/[test:RegressionTest1]/[test:test790(RegressionTest1)]
display-name: test790
]]></system-out>
</testcase>
<testcase name="test851" classname="RegressionTest1" time="0">
<system-out><![CDATA[
unique-id: [engine:junit-vintage]/[runner:RegressionTest]/[test:RegressionTest1]/[test:test851(RegressionTest1)]
display-name: test851
]]></system-out>
</testcase>
<testcase name="test381" classname="RegressionTest0" time="0">
<system-out><![CDATA[
unique-id: [engine:junit-vintage]/[runner:RegressionTest]/[test:RegressionTest0]/[test:test381(RegressionTest0)]
display-name: test381
]]></system-out>
</testcase>
<testcase name="test018" classname="RegressionTest0" time="0">
<system-out><![CDATA[
unique-id: [engine:junit-vintage]/[runner:RegressionTest]/[test:RegressionTest0]/[test:test018(RegressionTest0)]
display-name: test018
]]></system-out>
</testcase>
<testcase name="test051" classname="RegressionTest0" time="0">
<system-out><![CDATA[
unique-id: [engine:junit-vintage]/[runner:RegressionTest]/[test:RegressionTest0]/[test:test051(RegressionTest0)]
display-name: test051
]]></system-out>
</testcase>
<testcase name="test682" classname="RegressionTest1" time="0">
<system-out><![CDATA[
unique-id: [engine:junit-vintage]/[runner:RegressionTest]/[test:RegressionTest1]/[test:test682(RegressionTest1)]
display-name: test682
]]></system-out>
</testcase>
<testcase name="test269" classname="RegressionTest0" time="0">
<system-out><![CDATA[
unique-id: [engine:junit-vintage]/[runner:RegressionTest]/[test:RegressionTest0]/[test:test269(RegressionTest0)]
display-name: test269
]]></system-out>
</testcase>
<testcase name="test778" classname="RegressionTest1" time="0">
<system-out><![CDATA[
unique-id: [engine:junit-vintage]/[runner:RegressionTest]/[test:RegressionTest1]/[test:test778(RegressionTest1)]
display-name: test778
]]></system-out>
</testcase>
<testcase name="test841" classname="RegressionTest1" time="0">
<system-out><![CDATA[
unique-id: [engine:junit-vintage]/[runner:RegressionTest]/[test:RegressionTest1]/[test:test841(RegressionTest1)]
display-name: test841
]]></system-out>
</testcase>
<testcase name="test019" classname="RegressionTest0" time="0">
<system-out><![CDATA[
unique-id: [engine:junit-vintage]/[runner:RegressionTest]/[test:RegressionTest0]/[test:test019(RegressionTest0)]
display-name: test019
]]></system-out>
</testcase>
<testcase name="test683" classname="RegressionTest1" time="0">
<system-out><![CDATA[
unique-id: [engine:junit-vintage]/[runner:RegressionTest]/[test:RegressionTest1]/[test:test683(RegressionTest1)]
display-name: test683
]]></system-out>
</testcase>
<testcase name="test349" classname="RegressionTest0" time="0">
<system-out><![CDATA[
unique-id: [engine:junit-vintage]/[runner:RegressionTest]/[test:RegressionTest0]/[test:test349(RegressionTest0)]
display-name: test349
]]></system-out>
</testcase>
<testcase name="test070" classname="RegressionTest0" time="0">
<system-out><![CDATA[
unique-id: [engine:junit-vintage]/[runner:RegressionTest]/[test:RegressionTest0]/[test:test070(RegressionTest0)]
display-name: test070
]]></system-out>
</testcase>
<testcase name="test866" classname="RegressionTest1" time="0">
<system-out><![CDATA[
unique-id: [engine:junit-vintage]/[runner:RegressionTest]/[test:RegressionTest1]/[test:test866(RegressionTest1)]
display-name: test866
]]></system-out>
</testcase>
<testcase name="test555" classname="RegressionTest1" time="0">
<system-out><![CDATA[
unique-id: [engine:junit-vintage]/[runner:RegressionTest]/[test:RegressionTest1]/[test:test555(RegressionTest1)]
display-name: test555
]]></system-out>
</testcase>
<testcase name="test146" classname="RegressionTest0" time="0">
<system-out><![CDATA[
unique-id: [engine:junit-vintage]/[runner:RegressionTest]/[test:RegressionTest0]/[test:test146(RegressionTest0)]
display-name: test146
]]></system-out>
</testcase>
<testcase name="test288" classname="RegressionTest0" time="0">
<system-out><![CDATA[
unique-id: [engine:junit-vintage]/[runner:RegressionTest]/[test:RegressionTest0]/[test:test288(RegressionTest0)]
display-name: test288
]]></system-out>
</testcase>
<testcase name="test663" classname="RegressionTest1" time="0">
<system-out><![CDATA[
unique-id: [engine:junit-vintage]/[runner:RegressionTest]/[test:RegressionTest1]/[test:test663(RegressionTest1)]
display-name: test663
]]></system-out>
</testcase>
<testcase name="test254" classname="RegressionTest0" time="0">
<system-out><![CDATA[
unique-id: [engine:junit-vintage]/[runner:RegressionTest]/[test:RegressionTest0]/[test:test254(RegressionTest0)]
display-name: test254
]]></system-out>
</testcase>
<testcase name="test616" classname="RegressionTest1" time="0">
<system-out><![CDATA[
unique-id: [engine:junit-vintage]/[runner:RegressionTest]/[test:RegressionTest1]/[test:test616(RegressionTest1)]
display-name: test616
]]></system-out>
</testcase>
<testcase name="test860" classname="RegressionTest1" time="0">
<system-out><![CDATA[
unique-id: [engine:junit-vintage]/[runner:RegressionTest]/[test:RegressionTest1]/[test:test860(RegressionTest1)]
display-name: test860
]]></system-out>
</testcase>
<testcase name="test193" classname="RegressionTest0" time="0">
<system-out><![CDATA[
unique-id: [engine:junit-vintage]/[runner:RegressionTest]/[test:RegressionTest0]/[test:test193(RegressionTest0)]
display-name: test193
]]></system-out>
</testcase>
<testcase name="test038" classname="RegressionTest0" time="0.003">
<system-out><![CDATA[
unique-id: [engine:junit-vintage]/[runner:RegressionTest]/[test:RegressionTest0]/[test:test038(RegressionTest0)]
display-name: test038
]]></system-out>
</testcase>
<testcase name="test304" classname="RegressionTest0" time="0">
<system-out><![CDATA[
unique-id: [engine:junit-vintage]/[runner:RegressionTest]/[test:RegressionTest0]/[test:test304(RegressionTest0)]
display-name: test304
]]></system-out>
</testcase>
<testcase name="test508" classname="RegressionTest1" time="0">
<system-out><![CDATA[
unique-id: [engine:junit-vintage]/[runner:RegressionTest]/[test:RegressionTest1]/[test:test508(RegressionTest1)]
display-name: test508
]]></system-out>
</testcase>
<testcase name="test412" classname="RegressionTest0" time="0">
<system-out><![CDATA[
unique-id: [engine:junit-vintage]/[runner:RegressionTest]/[test:RegressionTest0]/[test:test412(RegressionTest0)]
display-name: test412
]]></system-out>
</testcase>
<testcase name="test085" classname="RegressionTest0" time="0">
<system-out><![CDATA[
unique-id: [engine:junit-vintage]/[runner:RegressionTest]/[test:RegressionTest0]/[test:test085(RegressionTest0)]
display-name: test085
]]></system-out>
</testcase>
<testcase name="test273" classname="RegressionTest0" time="0">
<system-out><![CDATA[
unique-id: [engine:junit-vintage]/[runner:RegressionTest]/[test:RegressionTest0]/[test:test273(RegressionTest0)]
display-name: test273
]]></system-out>
</testcase>
<testcase name="test828" classname="RegressionTest1" time="0">
<system-out><![CDATA[
unique-id: [engine:junit-vintage]/[runner:RegressionTest]/[test:RegressionTest1]/[test:test828(RegressionTest1)]
display-name: test828
]]></system-out>
</testcase>
<testcase name="test870" classname="RegressionTest1" time="0">
<system-out><![CDATA[
unique-id: [engine:junit-vintage]/[runner:RegressionTest]/[test:RegressionTest1]/[test:test870(RegressionTest1)]
display-name: test870
]]></system-out>
</testcase>
<testcase name="test352" classname="RegressionTest0" time="0">
<system-out><![CDATA[
unique-id: [engine:junit-vintage]/[runner:RegressionTest]/[test:RegressionTest0]/[test:test352(RegressionTest0)]
display-name: test352
]]></system-out>
</testcase>
<testcase name="test724" classname="RegressionTest1" time="0">
<system-out><![CDATA[
unique-id: [engine:junit-vintage]/[runner:RegressionTest]/[test:RegressionTest1]/[test:test724(RegressionTest1)]
display-name: test724
]]></system-out>
</testcase>
<testcase name="test635" classname="RegressionTest1" time="0">
<system-out><![CDATA[
unique-id: [engine:junit-vintage]/[runner:RegressionTest]/[test:RegressionTest1]/[test:test635(RegressionTest1)]
display-name: test635
]]></system-out>
</testcase>
<testcase name="test714" classname="RegressionTest1" time="0">
<system-out><![CDATA[
unique-id: [engine:junit-vintage]/[runner:RegressionTest]/[test:RegressionTest1]/[test:test714(RegressionTest1)]
display-name: test714
]]></system-out>
</testcase>
<testcase name="test206" classname="RegressionTest0" time="0">
<system-out><![CDATA[
unique-id: [engine:junit-vintage]/[runner:RegressionTest]/[test:RegressionTest0]/[test:test206(RegressionTest0)]
display-name: test206
]]></system-out>
</testcase>
<testcase name="test362" classname="RegressionTest0" time="0">
<system-out><![CDATA[
unique-id: [engine:junit-vintage]/[runner:RegressionTest]/[test:RegressionTest0]/[test:test362(RegressionTest0)]
display-name: test362
]]></system-out>
</testcase>
<testcase name="test387" classname="RegressionTest0" time="0">
<system-out><![CDATA[
unique-id: [engine:junit-vintage]/[runner:RegressionTest]/[test:RegressionTest0]/[test:test387(RegressionTest0)]
display-name: test387
]]></system-out>
</testcase>
<testcase name="test749" classname="RegressionTest1" time="0">
<system-out><![CDATA[
unique-id: [engine:junit-vintage]/[runner:RegressionTest]/[test:RegressionTest1]/[test:test749(RegressionTest1)]
display-name: test749
]]></system-out>
</testcase>
<testcase name="test066" classname="RegressionTest0" time="0.001">
<system-out><![CDATA[
unique-id: [engine:junit-vintage]/[runner:RegressionTest]/[test:RegressionTest0]/[test:test066(RegressionTest0)]
display-name: test066
]]></system-out>
</testcase>
<testcase name="test466" classname="RegressionTest0" time="0">
<system-out><![CDATA[
unique-id: [engine:junit-vintage]/[runner:RegressionTest]/[test:RegressionTest0]/[test:test466(RegressionTest0)]
display-name: test466
]]></system-out>
</testcase>
<testcase name="test698" classname="RegressionTest1" time="0">
<system-out><![CDATA[
unique-id: [engine:junit-vintage]/[runner:RegressionTest]/[test:RegressionTest1]/[test:test698(RegressionTest1)]
display-name: test698
]]></system-out>
</testcase>
<testcase name="test476" classname="RegressionTest0" time="0.001">
<system-out><![CDATA[
unique-id: [engine:junit-vintage]/[runner:RegressionTest]/[test:RegressionTest0]/[test:test476(RegressionTest0)]
display-name: test476
]]></system-out>
</testcase>
<testcase name="test517" classname="RegressionTest1" time="0">
<system-out><![CDATA[
unique-id: [engine:junit-vintage]/[runner:RegressionTest]/[test:RegressionTest1]/[test:test517(RegressionTest1)]
display-name: test517
]]></system-out>
</testcase>
<testcase name="test403" classname="RegressionTest0" time="0">
<system-out><![CDATA[
unique-id: [engine:junit-vintage]/[runner:RegressionTest]/[test:RegressionTest0]/[test:test403(RegressionTest0)]
display-name: test403
]]></system-out>
</testcase>
<testcase name="test263" classname="RegressionTest0" time="0">
<system-out><![CDATA[
unique-id: [engine:junit-vintage]/[runner:RegressionTest]/[test:RegressionTest0]/[test:test263(RegressionTest0)]
display-name: test263
]]></system-out>
</testcase>
<testcase name="test184" classname="RegressionTest0" time="0">
<system-out><![CDATA[
unique-id: [engine:junit-vintage]/[runner:RegressionTest]/[test:RegressionTest0]/[test:test184(RegressionTest0)]
display-name: test184
]]></system-out>
</testcase>
<testcase name="test076" classname="RegressionTest0" time="0">
<system-out><![CDATA[
unique-id: [engine:junit-vintage]/[runner:RegressionTest]/[test:RegressionTest0]/[test:test076(RegressionTest0)]
display-name: test076
]]></system-out>
</testcase>
<testcase name="test546" classname="RegressionTest1" time="0">
<system-out><![CDATA[
unique-id: [engine:junit-vintage]/[runner:RegressionTest]/[test:RegressionTest1]/[test:test546(RegressionTest1)]
display-name: test546
]]></system-out>
</testcase>
<testcase name="test003" classname="RegressionTest0" time="0.002">
<system-out><![CDATA[
unique-id: [engine:junit-vintage]/[runner:RegressionTest]/[test:RegressionTest0]/[test:test003(RegressionTest0)]
display-name: test003
]]></system-out>
</testcase>
<testcase name="test155" classname="RegressionTest0" time="0">
<system-out><![CDATA[
unique-id: [engine:junit-vintage]/[runner:RegressionTest]/[test:RegressionTest0]/[test:test155(RegressionTest0)]
display-name: test155
]]></system-out>
</testcase>
<testcase name="test625" classname="RegressionTest1" time="0.001">
<system-out><![CDATA[
unique-id: [engine:junit-vintage]/[runner:RegressionTest]/[test:RegressionTest1]/[test:test625(RegressionTest1)]
display-name: test625
]]></system-out>
</testcase>
<testcase name="test838" classname="RegressionTest1" time="0">
<system-out><![CDATA[
unique-id: [engine:junit-vintage]/[runner:RegressionTest]/[test:RegressionTest1]/[test:test838(RegressionTest1)]
display-name: test838
]]></system-out>
</testcase>
<testcase name="test130" classname="RegressionTest0" time="0">
<system-out><![CDATA[
unique-id: [engine:junit-vintage]/[runner:RegressionTest]/[test:RegressionTest0]/[test:test130(RegressionTest0)]
display-name: test130
]]></system-out>
</testcase>
<testcase name="test314" classname="RegressionTest0" time="0">
<system-out><![CDATA[
unique-id: [engine:junit-vintage]/[runner:RegressionTest]/[test:RegressionTest0]/[test:test314(RegressionTest0)]
display-name: test314
]]></system-out>
</testcase>
<testcase name="test460" classname="RegressionTest0" time="0">
<system-out><![CDATA[
unique-id: [engine:junit-vintage]/[runner:RegressionTest]/[test:RegressionTest0]/[test:test460(RegressionTest0)]
display-name: test460
]]></system-out>
</testcase>
<testcase name="test606" classname="RegressionTest1" time="0.001">
<system-out><![CDATA[
unique-id: [engine:junit-vintage]/[runner:RegressionTest]/[test:RegressionTest1]/[test:test606(RegressionTest1)]
display-name: test606
]]></system-out>
</testcase>
<testcase name="test787" classname="RegressionTest1" time="0">
<system-out><![CDATA[
unique-id: [engine:junit-vintage]/[runner:RegressionTest]/[test:RegressionTest1]/[test:test787(RegressionTest1)]
display-name: test787
]]></system-out>
</testcase>
<testcase name="test060" classname="RegressionTest0" time="0.001">
<system-out><![CDATA[
unique-id: [engine:junit-vintage]/[runner:RegressionTest]/[test:RegressionTest0]/[test:test060(RegressionTest0)]
display-name: test060
]]></system-out>
</testcase>
<testcase name="test428" classname="RegressionTest0" time="0.001">
<system-out><![CDATA[
unique-id: [engine:junit-vintage]/[runner:RegressionTest]/[test:RegressionTest0]/[test:test428(RegressionTest0)]
display-name: test428
]]></system-out>
</testcase>
<testcase name="test095" classname="RegressionTest0" time="0">
<system-out><![CDATA[
unique-id: [engine:junit-vintage]/[runner:RegressionTest]/[test:RegressionTest0]/[test:test095(RegressionTest0)]
display-name: test095
]]></system-out>
</testcase>
<testcase name="test495" classname="RegressionTest0" time="0.002">
<system-out><![CDATA[
unique-id: [engine:junit-vintage]/[runner:RegressionTest]/[test:RegressionTest0]/[test:test495(RegressionTest0)]
display-name: test495
]]></system-out>
</testcase>
<testcase name="test339" classname="RegressionTest0" time="0">
<system-out><![CDATA[
unique-id: [engine:junit-vintage]/[runner:RegressionTest]/[test:RegressionTest0]/[test:test339(RegressionTest0)]
display-name: test339
]]></system-out>
</testcase>
<testcase name="test279" classname="RegressionTest0" time="0">
<system-out><![CDATA[
unique-id: [engine:junit-vintage]/[runner:RegressionTest]/[test:RegressionTest0]/[test:test279(RegressionTest0)]
display-name: test279
]]></system-out>
</testcase>
<testcase name="test692" classname="RegressionTest1" time="0">
<system-out><![CDATA[
unique-id: [engine:junit-vintage]/[runner:RegressionTest]/[test:RegressionTest1]/[test:test692(RegressionTest1)]
display-name: test692
]]></system-out>
</testcase>
<testcase name="test009" classname="RegressionTest0" time="0">
<system-out><![CDATA[
unique-id: [engine:junit-vintage]/[runner:RegressionTest]/[test:RegressionTest0]/[test:test009(RegressionTest0)]
display-name: test009
]]></system-out>
</testcase>
<testcase name="test857" classname="RegressionTest1" time="0">
<system-out><![CDATA[
unique-id: [engine:junit-vintage]/[runner:RegressionTest]/[test:RegressionTest1]/[test:test857(RegressionTest1)]
display-name: test857
]]></system-out>
</testcase>
<testcase name="test244" classname="RegressionTest0" time="0">
<system-out><![CDATA[
unique-id: [engine:junit-vintage]/[runner:RegressionTest]/[test:RegressionTest0]/[test:test244(RegressionTest0)]
display-name: test244
]]></system-out>
</testcase>
<testcase name="test762" classname="RegressionTest1" time="0">
<system-out><![CDATA[
unique-id: [engine:junit-vintage]/[runner:RegressionTest]/[test:RegressionTest1]/[test:test762(RegressionTest1)]
display-name: test762
]]></system-out>
</testcase>
<testcase name="test333" classname="RegressionTest0" time="0">
<system-out><![CDATA[
unique-id: [engine:junit-vintage]/[runner:RegressionTest]/[test:RegressionTest0]/[test:test333(RegressionTest0)]
display-name: test333
]]></system-out>
</testcase>
<testcase name="test584" classname="RegressionTest1" time="0">
<system-out><![CDATA[
unique-id: [engine:junit-vintage]/[runner:RegressionTest]/[test:RegressionTest1]/[test:test584(RegressionTest1)]
display-name: test584
]]></system-out>
</testcase>
<testcase name="test409" classname="RegressionTest0" time="0">
<system-out><![CDATA[
unique-id: [engine:junit-vintage]/[runner:RegressionTest]/[test:RegressionTest0]/[test:test409(RegressionTest0)]
display-name: test409
]]></system-out>
</testcase>
<testcase name="test441" classname="RegressionTest0" time="0">
<system-out><![CDATA[
unique-id: [engine:junit-vintage]/[runner:RegressionTest]/[test:RegressionTest0]/[test:test441(RegressionTest0)]
display-name: test441
]]></system-out>
</testcase>
<testcase name="test028" classname="RegressionTest0" time="0.002">
<system-out><![CDATA[
unique-id: [engine:junit-vintage]/[runner:RegressionTest]/[test:RegressionTest0]/[test:test028(RegressionTest0)]
display-name: test028
]]></system-out>
</testcase>
<testcase name="test041" classname="RegressionTest0" time="0">
<system-out><![CDATA[
unique-id: [engine:junit-vintage]/[runner:RegressionTest]/[test:RegressionTest0]/[test:test041(RegressionTest0)]
display-name: test041
]]></system-out>
</testcase>
<testcase name="test511" classname="RegressionTest1" time="0">
<system-out><![CDATA[
unique-id: [engine:junit-vintage]/[runner:RegressionTest]/[test:RegressionTest1]/[test:test511(RegressionTest1)]
display-name: test511
]]></system-out>
</testcase>
<testcase name="test117" classname="RegressionTest0" time="0">
<system-out><![CDATA[
unique-id: [engine:junit-vintage]/[runner:RegressionTest]/[test:RegressionTest0]/[test:test117(RegressionTest0)]
display-name: test117
]]></system-out>
</testcase>
<testcase name="test876" classname="RegressionTest1" time="0">
<system-out><![CDATA[
unique-id: [engine:junit-vintage]/[runner:RegressionTest]/[test:RegressionTest1]/[test:test876(RegressionTest1)]
display-name: test876
]]></system-out>
</testcase>
<testcase name="test600" classname="RegressionTest1" time="0">
<system-out><![CDATA[
unique-id: [engine:junit-vintage]/[runner:RegressionTest]/[test:RegressionTest1]/[test:test600(RegressionTest1)]
display-name: test600
]]></system-out>
</testcase>
<testcase name="test673" classname="RegressionTest1" time="0">
<system-out><![CDATA[
unique-id: [engine:junit-vintage]/[runner:RegressionTest]/[test:RegressionTest1]/[test:test673(RegressionTest1)]
display-name: test673
]]></system-out>
</testcase>
<testcase name="test803" classname="RegressionTest1" time="0">
<system-out><![CDATA[
unique-id: [engine:junit-vintage]/[runner:RegressionTest]/[test:RegressionTest1]/[test:test803(RegressionTest1)]
display-name: test803
]]></system-out>
</testcase>
<testcase name="test225" classname="RegressionTest0" time="0.001">
<system-out><![CDATA[
unique-id: [engine:junit-vintage]/[runner:RegressionTest]/[test:RegressionTest0]/[test:test225(RegressionTest0)]
display-name: test225
]]></system-out>
</testcase>
<testcase name="test781" classname="RegressionTest1" time="0">
<system-out><![CDATA[
unique-id: [engine:junit-vintage]/[runner:RegressionTest]/[test:RegressionTest1]/[test:test781(RegressionTest1)]
display-name: test781
]]></system-out>
</testcase>
<testcase name="test298" classname="RegressionTest0" time="0">
<system-out><![CDATA[
unique-id: [engine:junit-vintage]/[runner:RegressionTest]/[test:RegressionTest0]/[test:test298(RegressionTest0)]
display-name: test298
]]></system-out>
</testcase>
<testcase name="test768" classname="RegressionTest1" time="0">
<system-out><![CDATA[
unique-id: [engine:junit-vintage]/[runner:RegressionTest]/[test:RegressionTest1]/[test:test768(RegressionTest1)]
display-name: test768
]]></system-out>
</testcase>
<system-out><![CDATA[
unique-id: [engine:junit-vintage]
display-name: JUnit Vintage
]]></system-out>
</testsuite>
